ARM,217684750.0,0.0
AHR2,217276626.0,0.21,-3.95,49.2,466.26,43.2382719,-7.6818799
AHR2,217382456.0,0.0,-3.93,50.61,466.34,43.2382728,-7.6818782
AHR2,217487432.0,-0.06,-3.88,52.18,466.51,43.238274,-7.681876
AHR2,217592025.0,-0.18,-3.75,53.68,466.91,43.2382747,-7.6818745
AHR2,217698028.0,0.53,-3.61,54.51,467.01,43.2382758,-7.6818726
AHR2,217798431.0,0.86,-4.77,55.19,466.8,43.2382765,-7.6818712
AHR2,217900063.0,1.66,-5.92,54.78,466.85,43.2382773,-7.6818695
AHR2,218000584.0,2.35,-7.0,54.06,466.75,43.2382779,-7.681868
AHR2,218101649.0,2.81,-8.12,53.23,467.09,43.238279,-7.6818664
AHR2,218201935.0,3.14,-9.01,52.39,466.7,43.2382797,-7.681865
AHR2,218302637.0,3.32,-9.42,51.55,466.76,43.2382804,-7.6818635
AHR2,218403952.0,2.97,-8.83,50.65,466.59,43.2382807,-7.6818623
AHR2,218505832.0,2.14,-7.5,49.56,466.21,43.2382817,-7.6818598
AHR2,218605942.0,0.76,-5.47,48.45,466.0,43.2382823,-7.6818583
AHR2,218706923.0,-1.1,-3.15,47.44,465.33,43.2382829,-7.6818567
AHR2,218806685.0,-2.83,-0.61,46.34,464.82,43.2382835,-7.6818552
AHR2,218907743.0,-4.28,2.2,44.93,464.26,43.2382843,-7.6818537
AHR2,219007678.0,-5.66,4.75,43.21,463.55,43.2382849,-7.6818522
AHR2,219109176.0,-13.43,15.39,40.11,462.54,43.2382857,-7.6818509
AHR2,219209144.0,-0.64,-21.06,35.02,457.76,43.2382863,-7.6818494
AHR2,219310071.0,15.65,-19.79,34.13,459.68,43.2382853,-7.6818473
AHR2,219410024.0,17.92,-7.65,39.82,459.56,43.2382852,-7.6818455
AHR2,219510241.0,1.46,3.24,40.78,459.57,43.2382885,-7.6818478
AHR2,219610648.0,-7.02,9.68,39.99,459.59,43.2382897,-7.6818478
AHR2,219710711.0,-3.62,6.61,40.26,459.7,43.238288,-7.6818504
AHR2,219810615.0,-1.95,4.77,40.36,459.64,43.2382882,-7.6818514
AHR2,219910431.0,-2.72,5.33,40.34,459.64,43.2382885,-7.6818499
AHR2,220010601.0,-2.48,4.93,40.34,459.65,43.2382886,-7.6818497
AHR2,220110460.0,-2.52,4.82,40.34,459.74,43.2382889,-7.6818512
AHR2,220210403.0,-2.52,4.65,40.34,459.73,43.238289,-7.6818514
AHR2,220311427.0,-2.51,4.49,40.34,459.56,43.2382896,-7.6818522
AHR2,220411496.0,-2.52,4.34,40.34,459.72,43.2382896,-7.6818522
AHR2,220512965.0,-2.53,4.19,40.34,459.64,43.2382902,-7.6818532
AHR2,220613075.0,-2.53,4.04,40.35,459.79,43.2382902,-7.6818532
AHR2,220714227.0,-2.54,3.9,40.35,459.66,43.2382905,-7.681854
AHR2,220814377.0,-2.54,3.75,40.36,459.69,43.2382905,-7.681854
AHR2,220915459.0,-2.54,3.61,40.37,459.6,43.2382918,-7.6818552
AHR2,221015614.0,-2.54,3.48,40.37,459.69,43.2382918,-7.6818553
AHR2,221116566.0,-2.54,3.34,40.38,459.74,43.2382926,-7.6818562
ATT,217275959.0,0.2476396,1.008396,-5.657489,-4.299558,61.02321,57.6003
ATT,217381686.0,0.3096585,0.7761851,-5.482249,-4.316166,60.99288,58.48239
ATT,217486708.0,0.4512208,0.6932576,-5.25021,-4.28572,60.97346,59.66108
ATT,217591399.0,0.753167,0.5354338,-5.014119,-4.145042,60.95452,60.87053
ATT,217697255.0,0.9483294,1.206587,-4.860194,-3.981072,61.4277,61.44574
ATT,217797728.0,0.4817442,1.407772,-2.557369,-5.114657,62.40408,62.42515
ATT,217899562.0,0.2434289,2.12922,-1.292249,-6.218439,62.54146,62.57338
ATT,217999932.0,0.1237654,2.832874,-0.6570085,-7.212304,61.84399,61.88654
ATT,218100951.0,0.06261463,3.366275,-0.3323869,-8.155732,60.64584,60.6965
ATT,218201175.0,0.03196662,3.781162,-0.1696913,-8.742753,59.37535,59.43234
ATT,218301933.0,0.01626228,4.045921,-0.0863248,-8.871626,58.12947,58.19046
ATT,218403158.0,0.008230107,3.744641,-0.04368917,-8.140471,56.87211,56.92844
ATT,218505221.0,0.004137954,2.961347,-0.02195999,-6.715622,55.49034,55.53477
ATT,218605198.0,0.002108205,1.60895,-0.01118561,-4.66404,54.08579,54.10985
ATT,218706229.0,0.001069876,-0.2421607,-0.005675568,-2.318833,52.83092,52.82732
ATT,218806111.0,0.0005466443,-1.978544,-0.002897565,0.242543,51.53896,51.50948
ATT,218907128.0,0.0002777475,-3.44093,-0.00147236,3.091059,49.97812,49.92681
ATT,219006987.0,0.0001417016,-4.853765,-0.0007519677,5.69522,48.15002,48.07742
ATT,219108590.0,7.413994e-05,-12.75905,-0.0003939437,16.4557,45.06611,44.86943
ATT,219208607.0,7.24597e-05,-0.3072673,-0.0003858679,-20.17515,39.54089,39.53602
ATT,219309569.0,7.086853e-05,15.88141,-0.0003783768,-18.65857,38.48103,38.72763
ATT,219409472.0,6.922651e-05,18.39755,-0.0003707968,-6.291262,44.20113,44.47226
ATT,219509675.0,6.764743e-05,0.7600949,-0.0003636526,6.082553,44.93355,44.94493
ATT,219609837.0,6.76474e-05,-10.02221,-0.0003636526,14.68796,43.40584,43.25219
ATT,219710141.0,6.764734e-05,-7.379331,-0.0003636526,12.70702,43.1382,43.02576
ATT,219810037.0,6.764733e-05,-5.482646,-0.0003636525,11.11144,42.95345,42.87029
ATT,219909817.0,6.764731e-05,-6.189506,-0.0003636526,11.85629,42.55099,42.45691
ATT,220009958.0,6.764734e-05,-5.992317,-0.0003636524,11.64985,42.34549,42.25446
ATT,220109816.0,6.764739e-05,-6.081707,-0.0003636525,11.69721,42.17097,42.07857
ATT,220209717.0,6.764739e-05,-6.117065,-0.0003636525,11.66316,42.12619,42.03327
ATT,220310813.0,6.651189e-05,-6.136298,-0.0003560959,11.63962,42.0106,41.91739
ATT,220410952.0,6.651189e-05,-6.212117,-0.000356096,11.5969,42.31529,42.22095
ATT,220512070.0,6.533089e-05,-6.284001,-0.0003483995,11.55704,42.62346,42.52805
ATT,220612483.0,6.415352e-05,-6.369307,-0.0003408927,11.48092,43.16055,43.06388
ATT,220713698.0,6.299077e-05,-6.440003,-0.0003336385,11.42337,43.53557,43.43785
ATT,220813746.0,6.299076e-05,-6.52637,-0.0003336385,11.3302,44.09953,44.00053
ATT,220914814.0,6.182171e-05,-6.610027,-0.0003265008,11.22614,44.68352,44.5833
ATT,221014978.0,6.182172e-05,-6.690154,-0.0003265009,11.12537,45.2335,45.13211
ATT,221115829.0,6.068222e-05,-6.765663,-0.0003196922,11.01354,45.72132,45.61884
BARO,217260803.0,0,3.646973,466.4669,96563.31
BARO,217366521.0,0,3.723267,466.5432,96562.49
BARO,217474197.0,0,3.889984,466.71,96560.67
BARO,217579023.0,0,4.294067,467.114,96556.31
BARO,217684983.0,0,4.395782,467.2158,96555.22
BARO,217785867.0,0,4.18103,467.001,96557.55
BARO,217886788.0,0,4.237549,467.0575,96556.92
BARO,217987419.0,0,4.132996,466.953,96558.05
BARO,218088456.0,0,4.474915,467.2949,96554.35
BARO,218188953.0,0,4.087799,466.9078,96558.54
BARO,218289054.0,0,4.147125,466.9671,96557.91
BARO,218390810.0,0,3.974762,466.7947,96559.78
BARO,218491653.0,0,3.593292,466.4133,96563.9
BARO,218593037.0,0,3.389832,466.2098,96566.09
BARO,218693756.0,0,2.71167,465.5316,96573.42
BARO,218793786.0,0,2.208679,465.0287,96578.84
BARO,218894441.0,0,1.6492,464.4692,96584.9
BARO,218994677.0,0,0.9371033,463.7571,96592.63
BARO,219095941.0,0,-0.07733154,462.7426,96603.57
BARO,219196036.0,0,-4.858429,457.9615,96655.3
BARO,219297238.0,0,-2.939789,459.8802,96634.56
BARO,219396960.0,0,-3.052795,459.7672,96635.76
BARO,219496978.0,0,-3.044312,459.7757,96635.69
BARO,219597398.0,0,-3.024536,459.7954,96635.46
BARO,219697490.0,0,-2.917175,459.9028,96634.3
BARO,219797249.0,0,-2.97934,459.8406,96634.97
BARO,219897815.0,0,-2.976501,459.8435,96634.95
BARO,219997437.0,0,-2.962372,459.8576,96634.78
BARO,220097666.0,0,-2.877594,459.9424,96633.88
BARO,220197421.0,0,-2.888916,459.9311,96633.99
BARO,220297362.0,0,-3.058441,459.7615,96635.82
BARO,220398041.0,0,-2.891724,459.9283,96634.04
BARO,220499578.0,0,-2.976501,459.8435,96634.95
BARO,220599975.0,0,-2.821106,459.9989,96633.27
BARO,220701144.0,0,-2.953888,459.8661,96634.71
BARO,220801203.0,0,-2.928467,459.8915,96634.43
BARO,220902448.0,0,-3.016083,459.8039,96635.38
BARO,221002610.0,0,-2.928467,459.8915,96634.43
BARO,221103252.0,0,-2.877594,459.9424,96633.87
BARO,217260803.0,1,3.983246,466.8032,96546.1
BARO,217366521.0,1,3.9776,466.7976,96546.18
BARO,217474197.0,1,4.073669,466.8936,96545.13
BARO,217579023.0,1,4.327972,467.1479,96542.38
BARO,217684983.0,1,4.661407,467.4814,96538.78
BARO,217785867.0,1,4.5625,467.3825,96539.84
BARO,217886788.0,1,4.709442,467.5294,96538.25
BARO,217987419.0,1,4.833771,467.6537,96536.91
BARO,218088456.0,1,4.737701,467.5577,96537.95
BARO,218188953.0,1,4.57663,467.3966,96539.68
BARO,218289054.0,1,4.446655,467.2666,96541.09
BARO,218390810.0,1,4.237549,467.0575,96543.34
BARO,218491653.0,1,3.960632,466.7806,96546.36
BARO,218593037.0,1,3.440704,466.2607,96551.95
BARO,218693756.0,1,3.042267,465.8622,96556.27
BARO,218793786.0,1,2.406494,465.2265,96563.15
BARO,218894441.0,1,1.575714,464.3957,96572.15
BARO,218994677.0,1,1.197083,464.0171,96576.23
BARO,219095941.0,1,-0.0123291,462.8076,96589.31
BARO,219196036.0,1,-5.4151,457.4049,96647.74
BARO,219297238.0,1,-2.852173,459.9678,96620.02
BARO,219396960.0,1,-2.91153,459.9084,96620.67
BARO,219496978.0,1,-2.968018,459.852,96621.27
BARO,219597398.0,1,-2.869141,459.9508,96620.2
BARO,219697490.0,1,-2.860657,459.9593,96620.1
BARO,219797249.0,1,-2.744812,460.0752,96618.85
BARO,219897815.0,1,-2.823914,459.9961,96619.73
BARO,219997437.0,1,-2.792847,460.0271,96619.38
BARO,220097666.0,1,-2.88327,459.9367,96620.36
BARO,220197421.0,1,-2.880432,459.9395,96620.31
BARO,220297362.0,1,-2.948242,459.8717,96621.07
BARO,220398041.0,1,-2.888916,459.9311,96620.42
BARO,220499578.0,1,-2.699585,460.1204,96618.38
BARO,220599975.0,1,-2.81543,460.0045,96619.63
BARO,220701144.0,1,-2.894562,459.9254,96620.47
BARO,220801203.0,1,-2.874786,459.9452,96620.27
BARO,220902448.0,1,-2.716553,460.1034,96618.55
BARO,221002610.0,1,-2.725006,460.095,96618.63
BARO,221103252.0,1,-2.764587,460.0554,96619.08
GPS,217291679.0,4,22,43.2382716,-7.6818811,469.66,1.353,-1.3,0.0
GPS,217460560.0,4,22,43.2382731,-7.6818781,469.92,1.41,-1.396,0.0
GPS,217655254.0,4,22,43.2382747,-7.6818749,470.16,1.432,-1.341,0.0
GPS,217858459.0,4,22,43.2382763,-7.6818718,470.35,1.408,-1.004,0.0
GPS,218060702.0,4,22,43.2382779,-7.6818687,470.28,1.43,1.404,0.0
GPS,218301747.0,4,22,43.2382794,-7.6818656,469.81,1.444,3.244,0.0
GPS,218463699.0,4,22,43.2382809,-7.6818623,468.93,1.404,5.078,0.0
GPS,218666157.0,4,22,43.2382821,-7.6818591,467.77,1.38,6.616,0.0
GPS,218866585.0,4,22,43.2382834,-7.681856,466.27,1.381,8.307,0.0
GPS,219067144.0,4,22,43.2382848,-7.6818531,464.48,1.352,9.655001,0.0
GPS,219288984.0,4,22,43.2382853,-7.6818498,462.44,1.488,10.815,0.0
GPS,219449949.0,4,21,43.2382865,-7.6818479,461.35,1.298,0.282,0.0
GPS,219650238.0,4,22,43.2382878,-7.6818488,461.33,0.7920001,0.23,0.0
GPS,219870066.0,4,21,43.2382884,-7.68185,461.39,0.14,-0.06500001,0.0
GPS,220069950.0,4,22,43.2382889,-7.6818509,461.53,0.186,-0.087,0.0
GPS,220290586.0,4,22,43.2382896,-7.6818522,461.68,0.019,-0.115,0.0
GPS,220471595.0,4,22,43.2382902,-7.6818532,461.82,0.034,-0.086,0.0
GPS,220672953.0,4,22,43.2382905,-7.681854,461.87,0.032,-0.083,0.0
GPS,220854173.0,4,22,43.2382918,-7.6818552,461.96,0.046,-0.085,0.0
IMU,217258837.0,0,0.1098069,0.0390425,0.1274052,0.07614453,1.391456,-10.86532
IMU,217299488.0,0,0.08713909,-0.009927971,0.2059225,-1.370322,0.591038,-9.503451
IMU,217344049.0,0,0.1112132,0.04830065,0.1757717,-0.7535807,-0.2550533,-10.02876
IMU,217384200.0,0,-0.01170542,0.002040583,0.1537223,-0.7128905,0.1175153,-10.38747
IMU,217427718.0,0,-0.1167084,-0.03487507,0.2790805,0.3629142,-0.09062818,-9.093625
IMU,217468417.0,0,0.07286737,0.03098663,0.2359444,0.0665384,0.5016837,-9.812468
IMU,217510174.0,0,0.07034012,0.1562035,0.2134511,-1.233712,-0.7248835,-9.134994
IMU,217553464.0,0,-0.1028268,-0.06361973,0.2070443,0.5246067,-0.02065663,-9.387693
IMU,217593976.0,0,0.006124536,-0.01422164,0.1613158,0.2695115,0.5839337,-10.06161
IMU,217640196.0,0,0.04441397,-0.02176757,0.08766002,-0.2716787,-0.2159119,-10.3049
IMU,217681934.0,0,0.07061302,-0.1108248,0.05933793,-0.6143076,0.7709047,-10.05238
IMU,217723073.0,0,0.1241286,-0.1170376,0.09528527,-1.638449,1.004614,-4.516795
IMU,217763024.0,0,0.1294137,-0.2554616,0.03251412,-0.04651792,-0.08947892,-1.916101
IMU,217802909.0,0,0.1534706,-0.1992648,0.01626504,-0.3421152,-0.2472344,-0.1019735
IMU,217843016.0,0,0.1501141,-0.1908585,-0.05866737,0.06864948,-0.03497272,-0.1445639
IMU,217884483.0,0,0.1343766,-0.1936358,-0.1018948,-0.1687525,-0.00533559,-0.1523223
IMU,217925178.0,0,0.1362221,-0.1833317,-0.1204023,-0.05001613,0.02253519,-0.02762602
IMU,217964661.0,0,0.1075756,-0.1829719,-0.1214772,-0.09940912,-0.07560356,-0.1307188
IMU,218005395.0,0,0.09030804,-0.1885295,-0.1291129,-0.1071351,-6.225302e-05,-0.1449633
IMU,218044983.0,0,0.08069859,-0.1847139,-0.1403229,-0.1299193,-0.02013595,-0.2347197
IMU,218086052.0,0,0.05901491,-0.1665076,-0.1418979,-0.1629105,-0.0188319,-0.2388859
IMU,218125941.0,0,0.05385269,-0.1368906,-0.1433092,-0.1519659,0.002578265,-0.3082524
IMU,218166203.0,0,0.05478413,-0.1135595,-0.1467144,-0.1534789,-0.005447436,-0.4116208
IMU,218206241.0,0,0.04928705,-0.08695087,-0.1481005,-0.1707651,-0.01416238,-0.5008889
IMU,218246801.0,0,0.04309875,-0.05743467,-0.1488256,-0.1897195,-0.03806921,-0.6274683
IMU,218286230.0,0,0.00991834,-0.007716943,-0.1561724,-0.2198281,-0.06607213,-0.6784737
IMU,218328605.0,0,-0.04229892,0.06752855,-0.1599141,-0.2178697,-0.08573352,-0.7686719
IMU,218367916.0,0,-0.08154341,0.1252837,-0.1646586,-0.1794243,-0.05724688,-0.906215
IMU,218408249.0,0,-0.1075501,0.1663874,-0.1821069,-0.1791789,-0.07200918,-1.005501
IMU,218448217.0,0,-0.1442896,0.2141481,-0.1999587,-0.1613383,-0.03336471,-1.135742
IMU,218489673.0,0,-0.1802919,0.2597878,-0.2058758,-0.1649786,-0.03487252,-1.279485
IMU,218531041.0,0,-0.215893,0.3074714,-0.2085955,-0.1600745,-0.04557265,-1.359024
IMU,218570238.0,0,-0.2648411,0.3544104,-0.2106189,-0.1365885,-0.06099413,-1.44639
IMU,218610228.0,0,-0.3034759,0.3976733,-0.2011223,-0.1073771,-0.03106136,-1.567537
IMU,218650663.0,0,-0.3303544,0.4151244,-0.1849408,-0.07639658,-0.01200501,-1.701401
IMU,218691596.0,0,-0.3399083,0.391473,-0.1703683,-0.06071997,0.004816069,-1.780239
IMU,218731203.0,0,-0.3418414,0.3900807,-0.1651367,-0.05744884,0.01940338,-2.018417
IMU,218771208.0,0,-0.3070327,0.4562621,-0.1786899,-0.08023347,0.1347891,-2.189887
IMU,218811635.0,0,-0.2589747,0.5128602,-0.2041705,-0.04983128,0.1049353,-2.335144
IMU,218851687.0,0,-0.2316404,0.51507,-0.2216843,-0.00353703,0.08002672,-2.420629
IMU,218891910.0,0,-0.2460686,0.489311,-0.2167623,0.03489637,-0.01927073,-2.570101
IMU,218931912.0,0,-0.2714669,0.4574311,-0.2328009,0.04968705,0.06138185,-2.892012
IMU,218972062.0,0,-0.2125472,0.4775475,-0.2766153,0.05632486,0.1371522,-2.81583
IMU,219012428.0,0,-0.1654388,0.4863552,-0.2895588,0.07658659,0.1490395,-2.990855
IMU,219051838.0,0,-0.3691763,0.9371396,-0.2995701,0.5916682,0.05478953,-4.736203
IMU,219092978.0,0,-1.920527,2.489862,-0.1625753,-1.465176,-2.150243,-9.476044
IMU,219133667.0,0,-2.423387,-7.97268,-1.189915,46.18803,54.61256,-85.00854
IMU,219173505.0,0,1.268351,-5.293989,-1.736983,-17.84796,-10.99069,-4.008446
IMU,219213560.0,0,1.878451,-3.804901,-1.145508,-5.632662,-1.803146,2.979539
IMU,219253540.0,0,2.818149,-0.4530205,-0.4262066,-4.222518,-1.289372,3.342807
IMU,219298939.0,0,2.955648,2.064216,0.04239435,-2.109685,-1.800116,0.7026649
IMU,219339432.0,0,1.936887,2.31622,0.2376025,-2.242547,-1.928459,0.03370065
IMU,219380213.0,0,0.4025759,2.29245,0.4134826,-3.896884,-4.195414,-1.738464
IMU,219419811.0,0,-1.671233,2.604092,-0.2342228,-6.213105,-8.879986,-4.573493
IMU,219459929.0,0,-3.030893,1.951865,-0.2232202,-2.82436,-3.283147,-6.683512
IMU,219499475.0,0,-3.480924,2.111785,-0.2247999,-0.7674511,-0.5386589,-13.63911
IMU,219540786.0,0,-3.329349,2.228476,-0.05681411,1.372069,3.54095,-19.89745
IMU,219579833.0,0,-1.405495,1.472167,0.01853789,-0.2264526,3.484001,-16.00249
IMU,219619870.0,0,0.2211748,0.310772,-0.1704956,1.857399,2.062572,-7.578753
IMU,219659793.0,0,0.504099,-0.3711759,-0.04930458,1.805695,2.299527,-6.589895
IMU,219700010.0,0,0.4339225,-0.5646347,0.09319724,0.2211618,0.9794903,-8.992458
IMU,219740764.0,0,0.4445288,-0.5233511,0.05862027,-0.9743138,-0.1679292,-11.40024
IMU,219779783.0,0,0.3201021,-0.2651515,-0.0294761,-1.145869,-0.1894374,-10.34677
IMU,219819948.0,0,-0.03949177,0.06329481,-0.008090432,-0.662358,0.0608915,-8.770525
IMU,219859790.0,0,-0.2065726,0.1821095,0.006331194,-0.3744835,0.4834392,-9.824169
IMU,219900426.0,0,-0.07202131,0.07387626,-0.005710902,-0.1698548,0.6470703,-10.1907
IMU,219942575.0,0,0.05587202,-0.05175772,-0.004100033,-0.1344981,0.7151114,-9.407722
IMU,219982666.0,0,0.04282074,-0.04562225,0.005915476,-0.4399133,0.3664562,-9.868051
IMU,220022798.0,0,-0.0035099,0.008018539,-0.002259095,-0.4717908,0.3455483,-9.804369
IMU,220063108.0,0,-0.02565812,0.02509871,0.004491959,-0.2684102,0.5338818,-9.673787
IMU,220102962.0,0,0.008527254,-0.006492186,-0.001188687,-0.3017663,0.4935113,-9.847751
IMU,220142438.0,0,0.015059,-0.01340023,-0.0009510407,-0.3611418,0.4681314,-9.701644
IMU,220182795.0,0,-0.006417062,0.005230356,0.001296039,-0.370528,0.4419254,-9.765661
IMU,220222466.0,0,-0.003830105,0.005508593,-0.0004933719,-0.3136741,0.4707711,-9.733661
IMU,220262820.0,0,0.003375689,-0.00366543,0.0009860499,-0.3281624,0.4808288,-9.748882
IMU,220305475.0,0,0.003149899,-0.001671091,-0.0002232546,-0.3607558,0.4451757,-9.778893
IMU,220345444.0,0,-0.002385965,0.002370663,0.001223458,-0.3662616,0.4657629,-9.753631
IMU,220385943.0,0,-0.001399218,0.001988738,-0.000313002,-0.3241879,0.4735828,-9.768568
IMU,220425975.0,0,0.002858219,-0.002792213,-0.0002092609,-0.3555781,0.4556821,-9.753662
IMU,220465820.0,0,-0.001807779,0.003451295,0.0008274431,-0.3584014,0.4578846,-9.752644
IMU,220506956.0,0,-0.001764438,0.001077762,0.0006232872,-0.3394715,0.4683514,-9.741198
IMU,220547985.0,0,0.00165909,-0.0005157063,0.0001696904,-0.3340575,0.454394,-9.747443
IMU,220587196.0,0,0.0007626193,-0.000484574,-4.83383e-05,-0.3396999,0.4621347,-9.759516
IMU,220627193.0,0,-0.0006382819,0.0007556733,-0.0004083025,-0.3372099,0.4490827,-9.757467
IMU,220667435.0,0,-0.0005865279,0.001933677,3.108057e-05,-0.3350664,0.4715087,-9.725698
IMU,220708704.0,0,0.0006812885,0.0001314677,0.001545046,-0.3534816,0.4704839,-9.736609
IMU,220749147.0,0,0.0002744004,-0.0008954894,0.0005718563,-0.3425716,0.4669949,-9.755733
IMU,220788796.0,0,-0.0002172938,0.000350755,-0.0002761701,-0.325587,0.4714882,-9.774902
IMU,220828580.0,0,0.0009620346,4.494282e-05,0.0001967329,-0.3405028,0.4529784,-9.758541
IMU,220870121.0,0,0.0001646649,0.0007936253,-0.0007394848,-0.340745,0.4540204,-9.751639
IMU,220910183.0,0,0.0009973326,-0.001556747,0.0001297224,-0.3421471,0.4753904,-9.754023
IMU,220950248.0,0,0.0002051874,0.0005809942,0.0007055939,-0.3409353,0.4579024,-9.767126
IMU,220989775.0,0,0.0008679366,0.001297942,0.0004911671,-0.3466175,0.4672407,-9.744587
IMU,221029925.0,0,0.0002085647,8.441874e-05,-0.0004950892,-0.3292259,0.4612601,-9.745511
IMU,221071193.0,0,-0.001380601,0.001457973,-0.000303828,-0.3377409,0.4636984,-9.747607
IMU,221110669.0,0,-0.0002118405,-0.0009938814,6.451629e-05,-0.3445058,0.4700843,-9.766165
IMU,221150832.0,0,0.001219334,0.0002649069,0.0001777894,-0.3319952,0.4599739,-9.743671
IMU,221190722.0,0,0.0006252249,0.0003448945,0.0003711585,-0.3505172,0.4540156,-9.758406
IMU,217258837.0,1,-0.007371092,0.01314109,0.1368289,-0.0327561,0.8439907,-11.59183
IMU,217299488.0,1,0.0294163,-0.03036448,0.1516091,-1.919886,0.524101,-10.05137
IMU,217344049.0,1,0.07285335,-0.01528588,0.1734969,-1.06783,-0.705408,-10.05513
IMU,217384200.0,1,-0.04352061,-0.03222181,0.1497812,-0.989146,0.9247599,-10.7382
IMU,217427718.0,1,-0.07698462,-0.01743898,0.2255163,1.429947,0.4122851,-9.965375
IMU,217468417.0,1,0.04115338,0.03057751,0.2137473,0.5620172,-0.04872907,-10.17107
IMU,217510174.0,1,0.04018378,0.1085789,0.1974392,-0.9673594,-0.6938001,-9.673416
IMU,217553464.0,1,-0.08238223,-0.03199965,0.1668392,0.4020046,0.632402,-9.353303
IMU,217593976.0,1,-0.01242861,0.01092838,0.1871945,0.3826795,0.7805117,-10.39502
IMU,217640196.0,1,0.00996909,-0.03362386,0.1196799,-0.6357472,-0.8885903,-9.666496
IMU,217681934.0,1,0.04969519,-0.05442788,0.1031546,-0.4746988,0.4529902,-11.19238
IMU,217723073.0,1,0.007615705,-0.137949,0.07505648,-1.40345,1.214501,-3.558177
IMU,217763024.0,1,0.1352857,-0.2105908,0.05252737,-0.309748,0.1970512,-1.576295
IMU,217802909.0,1,0.1343057,-0.1992113,0.02350154,-0.349241,-0.01882863,-0.1423116
IMU,217843016.0,1,0.1128204,-0.1919714,-0.04141331,-0.01671325,0.1019913,-0.1727193
IMU,217884483.0,1,0.09693015,-0.1950785,-0.08554141,-0.299605,0.2506921,-0.1505148
IMU,217925178.0,1,0.09878801,-0.1842094,-0.09997533,-0.1469285,0.303537,-0.03141335
IMU,217964661.0,1,0.07322754,-0.1799123,-0.1066605,-0.08849904,0.1374446,-0.2618472
IMU,218005395.0,1,0.05329633,-0.1872475,-0.114254,-0.143635,0.2286946,-0.2927099
IMU,218044983.0,1,0.04261016,-0.1863987,-0.1234206,-0.2113032,0.1523053,-0.3157376
IMU,218086052.0,1,0.02753724,-0.1665788,-0.1300087,-0.1961975,0.08658961,-0.2463012
IMU,218125941.0,1,0.02529011,-0.1399399,-0.1282565,-0.1500129,0.2292962,-0.3511792
IMU,218166203.0,1,0.02624791,-0.1176635,-0.1326203,-0.1469544,0.1819147,-0.2906174
IMU,218206241.0,1,0.02452402,-0.09205889,-0.1336907,-0.2272776,0.0733654,-0.6187803
IMU,218246801.0,1,0.02008429,-0.06758562,-0.1345441,-0.2529415,0.1834321,-0.6501815
IMU,218286230.0,1,0.002327373,-0.01138325,-0.1435372,-0.2590739,0.1487012,-0.6585001
IMU,218328605.0,1,-0.04445358,0.06798581,-0.1420833,-0.2324132,0.1287462,-0.9926664
IMU,218367916.0,1,-0.08838287,0.1181885,-0.1533204,-0.1553488,0.1100541,-0.8738523
IMU,218408249.0,1,-0.1020051,0.1509687,-0.1693282,-0.2095089,0.1152089,-1.186231
IMU,218448217.0,1,-0.1450861,0.1914093,-0.189913,-0.2369479,0.1925757,-1.218246
IMU,218489673.0,1,-0.1831685,0.2270112,-0.1934859,-0.2573,0.1059536,-1.266163
IMU,218531041.0,1,-0.2189433,0.2754916,-0.1967643,-0.2125204,0.08498289,-1.273937
IMU,218570238.0,1,-0.2629368,0.3153791,-0.1991104,-0.190066,0.003787888,-1.51774
IMU,218610228.0,1,-0.304219,0.3593631,-0.1949433,-0.1928031,0.000134951,-1.537764
IMU,218650663.0,1,-0.331342,0.3758844,-0.1772201,-0.1582441,0.07555499,-1.829214
IMU,218691596.0,1,-0.3404633,0.3596368,-0.1655551,-0.08587264,0.1636656,-1.727918
IMU,218731203.0,1,-0.3414887,0.350889,-0.161347,-0.096878,0.2600364,-2.003619
IMU,218771208.0,1,-0.309606,0.4222303,-0.1713682,-0.1761632,0.197331,-2.004585
IMU,218811635.0,1,-0.2617847,0.4661191,-0.1937787,-0.02127338,0.237849,-2.386079
IMU,218851687.0,1,-0.2327779,0.4759361,-0.2098834,-0.03419159,0.1442091,-2.403967
IMU,218891910.0,1,-0.2445776,0.4539611,-0.2023715,-0.04218102,0.153524,-2.540093
IMU,218931912.0,1,-0.2708338,0.4201956,-0.2223132,0.09114539,0.2742114,-2.946244
IMU,218972062.0,1,-0.2180846,0.4447629,-0.2598118,0.06089555,0.2292091,-2.714633
IMU,219012428.0,1,-0.1721758,0.4433483,-0.2719061,0.04794188,0.3674837,-2.905423
IMU,219051838.0,1,-0.3675778,0.8715948,-0.2797913,0.2534839,0.0214056,-4.832398
IMU,219092978.0,1,-1.80619,2.360249,-0.2130454,-1.673534,-1.896404,-10.31252
IMU,219133667.0,1,0.09444537,-13.96421,-2.322963,60.68655,45.0472,-113.7727
IMU,219173505.0,1,1.295616,-4.9226,-1.642656,-19.60106,-11.80985,-5.627757
IMU,219213560.0,1,1.718569,-3.846174,-1.04703,-5.857324,-1.648692,3.495077
IMU,219253540.0,1,2.699581,-0.6022526,-0.3091548,-4.370146,-1.204503,3.845875
IMU,219298939.0,1,2.925403,1.913932,0.1418182,-2.028823,-1.778058,0.3980899
IMU,219339432.0,1,1.950886,2.213524,0.2836172,-2.34267,-1.778116,-0.2183679
IMU,219380213.0,1,0.4592753,2.196985,0.3985887,-3.790167,-4.159251,-2.111741
IMU,219419811.0,1,-1.579126,2.534494,-0.2360505,-5.895956,-8.591154,-5.004589
IMU,219459929.0,1,-2.940517,1.927006,-0.3164754,-2.965692,-3.279179,-7.075104
IMU,219499475.0,1,-3.401193,2.077209,-0.3080333,-0.6109183,-0.4781187,-13.92093
IMU,219540786.0,1,-3.284671,2.183969,-0.1736062,1.364933,3.366619,-19.74644
IMU,219579833.0,1,-1.418207,1.454257,-0.01004512,-0.06602056,3.539761,-15.40665
IMU,219619870.0,1,0.1753969,0.2928451,-0.1504005,1.773469,2.158515,-7.449568
IMU,219659793.0,1,0.4614415,-0.3603887,-0.02676624,1.74516,2.234817,-6.655804
IMU,219700010.0,1,0.39697,-0.5391584,0.0920812,0.1388722,0.9658185,-9.17228
IMU,219740764.0,1,0.4077414,-0.5067458,0.06943192,-0.9460547,-0.07861058,-11.4379
IMU,219779783.0,1,0.2883053,-0.2640741,-0.01242583,-1.130009,-0.1711278,-10.396
IMU,219819948.0,1,-0.02961998,0.05013784,-0.007012153,-0.6903703,0.1437076,-8.80219
IMU,219859790.0,1,-0.1969496,0.1714591,0.004271655,-0.3389823,0.5630878,-9.943089
IMU,219900426.0,1,-0.07679974,0.08423056,-0.001102153,-0.154071,0.675798,-10.19081
IMU,219942575.0,1,0.028533,-0.04738702,0.001215776,-0.1323628,0.824863,-9.493211
IMU,219982666.0,1,0.02335091,-0.04933147,0.01481155,-0.4330421,0.4380034,-9.886806
IMU,220022798.0,1,-0.003096985,0.01037511,-0.004790768,-0.5269742,0.403474,-9.903225
IMU,220063108.0,1,-0.02562,0.03531333,0.005431009,-0.3467002,0.5338757,-9.730669
IMU,220102962.0,1,0.00412841,-0.004592605,0.001194222,-0.2756092,0.5626063,-9.886511
IMU,220142438.0,1,0.00840962,-0.007393195,-0.003789355,-0.3030992,0.4618267,-9.660089
IMU,220182795.0,1,-0.005683966,0.003390568,0.001412341,-0.3553701,0.484286,-9.847744
IMU,220222466.0,1,-0.007086917,0.01220898,0.000875117,-0.3064882,0.5645718,-9.775764
IMU,220262820.0,1,-0.0005055474,0.003929411,-0.0008799989,-0.3347555,0.4783004,-9.797832
IMU,220305475.0,1,0.001059369,-0.003816311,-0.0004249577,-0.3935143,0.5002848,-9.822993
IMU,220345444.0,1,-0.001570944,0.00831684,-0.001012887,-0.3666047,0.5320807,-9.776578
IMU,220385943.0,1,-7.598766e-05,0.0001985851,-0.001850908,-0.3225839,0.5704097,-9.805238
IMU,220425975.0,1,0.0005299323,0.0003217527,-0.001583793,-0.3845698,0.5099671,-9.876015
IMU,220465820.0,1,-0.001798313,0.0004430062,0.0005689632,-0.32619,0.5533217,-9.87093
IMU,220506956.0,1,-0.0007396295,0.005468449,-0.001885607,-0.3310946,0.5087513,-9.790895
IMU,220547985.0,1,0.0009965686,-0.004490518,-0.0002663023,-0.37393,0.4445985,-9.702312
IMU,220587196.0,1,-0.0003186246,-0.0002253574,-0.002786185,-0.3085203,0.5874619,-9.702143
IMU,220627193.0,1,0.0005945467,4.687114e-05,-0.001866742,-0.3061507,0.5327848,-9.704212
IMU,220667435.0,1,-0.0004525234,0.006530832,0.003197873,-0.4435079,0.5295104,-9.781084
IMU,220708704.0,1,-0.0003478545,0.000607254,-0.002109665,-0.336995,0.5447255,-9.830233
IMU,220749147.0,1,-0.001034218,0.001062066,-0.001157382,-0.395289,0.5297249,-9.778262
IMU,220788796.0,1,2.657924e-05,0.004903042,-0.003199956,-0.2947598,0.5591627,-9.972283
IMU,220828580.0,1,0.001976086,0.002677392,-0.001086322,-0.3923568,0.5182309,-9.684085
IMU,220870121.0,1,-0.001362746,0.004073106,0.001274345,-0.3779223,0.5571167,-9.865511
IMU,220910183.0,1,0.0001506165,-0.002690924,-0.001509219,-0.3822806,0.5805083,-9.712547
IMU,220950248.0,1,0.001458548,0.002594381,0.002343078,-0.3430777,0.5069941,-9.754526
IMU,220989775.0,1,-0.0005783425,0.005574407,-0.000618029,-0.3742923,0.5581977,-9.70647
IMU,221029925.0,1,-0.002116774,0.002299698,0.004075369,-0.2927699,0.5814157,-9.886761
IMU,221071193.0,1,-0.003358042,-0.001169743,0.00164852,-0.332835,0.5382833,-9.730426
IMU,221110669.0,1,-0.001365327,0.0001405902,-0.001225212,-0.314383,0.6052513,-9.782434
IMU,221150832.0,1,-0.001349283,0.001973139,-0.0009293276,-0.3360682,0.574805,-9.821824
IMU,221190722.0,1,-0.000808786,0.003800676,-0.001439174,-0.3524279,0.5235535,-9.842731
IMU,217258837.0,2,-0.04977914,0.03160023,0.1957302,-0.5103072,-0.2202074,-10.39799
IMU,217299488.0,2,0.0161049,0.01228744,0.2287589,-0.3330465,0.147264,-10.92264
IMU,217344049.0,2,0.06104564,-0.0009595254,0.192834,-0.2576903,-0.3442391,-9.915606
IMU,217384200.0,2,-0.004671359,-0.05740427,0.2129845,-1.08266,0.3974539,-11.27888
IMU,217427718.0,2,-0.001740718,-0.01476591,0.243368,-0.8649164,-0.3096424,-11.14258
IMU,217468417.0,2,0.08260138,0.01980818,0.2023405,-0.1322314,-0.1273621,-10.06635
IMU,217510174.0,2,0.05830076,0.06285091,0.209494,-0.6376298,-0.1707092,-9.262961
IMU,217553464.0,2,-0.002922627,-0.0289621,0.1918586,-0.4937931,-0.5192574,-10.5444
IMU,217593976.0,2,0.03672504,-0.001833819,0.1532375,-0.2037342,-0.04143625,-9.250498
IMU,217640196.0,2,0.04972041,0.03027406,0.1170888,-0.7776561,-0.7116479,-11.08866
IMU,217681934.0,2,0.04247868,-0.05235031,0.112257,-0.8178099,0.04508893,-9.661975
IMU,217723073.0,2,0.1582759,-0.08353015,0.09975476,0.1652035,-0.277147,-5.163074
IMU,217763024.0,2,0.1414561,-0.2346317,0.05849079,0.1290926,-0.2088663,-1.241004
IMU,217802909.0,2,0.1527381,-0.2041239,0.01273673,-0.2344612,-0.1791445,-0.361561
IMU,217843016.0,2,0.1423898,-0.1983005,-0.06064342,0.009191132,0.0588501,-0.2295588
IMU,217884483.0,2,0.1278104,-0.2010662,-0.1020482,-0.1220151,0.03832673,-0.2480631
IMU,217925178.0,2,0.1321631,-0.1911752,-0.1198423,-0.03994588,0.03230737,-0.112084
IMU,217964661.0,2,0.1023241,-0.1876864,-0.1225217,-0.071863,-0.03344726,-0.2384534
IMU,218005395.0,2,0.08453062,-0.1923034,-0.1294923,-0.08183631,0.02417535,-0.2486994
IMU,218044983.0,2,0.07547791,-0.1877901,-0.139154,-0.1021395,0.006353627,-0.3108538
IMU,218086052.0,2,0.05309855,-0.169374,-0.1425966,-0.1213739,0.006477778,-0.3629026
IMU,218125941.0,2,0.04831096,-0.1394401,-0.1444956,-0.1156971,0.02436166,-0.3764147
IMU,218166203.0,2,0.05125972,-0.1169504,-0.1458236,-0.1285532,0.014383,-0.4765361
IMU,218206241.0,2,0.04607368,-0.09021332,-0.1462418,-0.1263159,-0.004249064,-0.6213938
IMU,218246801.0,2,0.04073294,-0.05923353,-0.1493372,-0.1486997,-0.002441628,-0.7301241
IMU,218286230.0,2,0.00755681,-0.008700592,-0.1547049,-0.1847828,-0.04168845,-0.7896021
IMU,218328605.0,2,-0.04071354,0.06639727,-0.1584678,-0.2009472,-0.04996903,-0.8772459
IMU,218367916.0,2,-0.07931588,0.1262405,-0.1639547,-0.1550403,-0.03877601,-0.9955348
IMU,218408249.0,2,-0.1025902,0.1680865,-0.1783212,-0.143616,-0.04749678,-1.1149
IMU,218448217.0,2,-0.1394851,0.2173519,-0.1977486,-0.1453455,-0.03254537,-1.263425
IMU,218489673.0,2,-0.1729124,0.2625953,-0.2023547,-0.1383722,-0.01662464,-1.373522
IMU,218531041.0,2,-0.2086275,0.3167096,-0.204595,-0.1335371,-0.02294642,-1.465561
IMU,218570238.0,2,-0.2535634,0.3632904,-0.2050982,-0.1178102,-0.04906961,-1.558855
IMU,218610228.0,2,-0.2926836,0.4070851,-0.1974637,-0.1037673,-0.01917941,-1.678985
IMU,218650663.0,2,-0.3192155,0.4253268,-0.179533,-0.08135926,-0.01863538,-1.816806
IMU,218691596.0,2,-0.3289239,0.3985799,-0.1664226,-0.05553091,0.011585,-1.885929
IMU,218731203.0,2,-0.3304774,0.3994253,-0.1606162,-0.04885173,0.01845447,-2.099613
IMU,218771208.0,2,-0.2942728,0.4675884,-0.1742257,-0.04459498,0.1032625,-2.263566
IMU,218811635.0,2,-0.2453142,0.5193335,-0.2001474,-0.01825405,0.07034323,-2.402464
IMU,218851687.0,2,-0.2195971,0.5224859,-0.2170937,-0.00187925,0.0546258,-2.482774
IMU,218891910.0,2,-0.2346105,0.4969608,-0.2125752,0.05623202,0.03261635,-2.623107
IMU,218931912.0,2,-0.2585578,0.4658404,-0.2295237,0.07155982,0.03007711,-2.954354
IMU,218972062.0,2,-0.2009556,0.4847555,-0.2727562,0.07578563,0.1099724,-2.83399
IMU,219012428.0,2,-0.153444,0.491945,-0.2841383,0.09540351,0.07273188,-3.078068
IMU,219051838.0,2,-0.3496832,0.9267218,-0.2923415,0.4078245,0.6265329,-4.919065
IMU,219092978.0,2,-1.81426,2.538177,-0.1660917,-1.435947,-1.567317,-12.38222
IMU,219133667.0,2,2.347487,-11.41534,-0.4936401,17.7644,25.30719,-52.54856
IMU,219173505.0,2,1.102453,-5.866073,-1.890443,-15.89891,-3.080543,-4.164654
IMU,219213560.0,2,1.735447,-3.955576,-1.191241,-5.782741,-1.366533,2.446371
IMU,219253540.0,2,2.775608,-0.574877,-0.4419585,-3.825499,-0.9758154,2.556401
IMU,219298939.0,2,2.997144,1.967373,0.03542078,-2.000546,-1.512385,0.0790383
IMU,219339432.0,2,1.974757,2.278152,0.2413106,-2.343748,-1.559798,-0.4166168
IMU,219380213.0,2,0.4209647,2.302738,0.4192698,-3.948932,-3.855417,-2.514827
IMU,219419811.0,2,-1.632774,2.652275,-0.2367206,-6.257591,-8.624767,-5.27613
IMU,219459929.0,2,-2.966258,2.038825,-0.1983494,-3.323265,-3.012344,-6.997277
IMU,219499475.0,2,-3.420578,2.210528,-0.2027568,-0.9325073,-0.8342574,-14.1232
IMU,219540786.0,2,-3.250999,2.318547,-0.03960739,0.8815356,2.774997,-19.59331
IMU,219579833.0,2,-1.394296,1.551894,0.04167296,-0.300592,2.757503,-15.36437
IMU,219619870.0,2,0.2204155,0.3216223,-0.1709598,1.648131,1.789456,-7.290211
IMU,219659793.0,2,0.4902173,-0.3842486,-0.05403878,1.743125,2.205952,-6.574165
IMU,219700010.0,2,0.4102481,-0.5761461,0.09108301,0.2101297,0.9380973,-9.07111
IMU,219740764.0,2,0.4239078,-0.5397361,0.05742143,-0.9291574,-0.2977495,-11.47896
IMU,219779783.0,2,0.3188215,-0.2804509,-0.02980957,-1.10782,-0.2494897,-10.64806
IMU,219819948.0,2,-0.03313055,0.05933102,-0.006503442,-0.631354,0.03958827,-9.044868
IMU,219859790.0,2,-0.198997,0.1868395,0.01128015,-0.3938155,0.3762516,-9.885244
IMU,219900426.0,2,-0.07145151,0.07843975,-0.00191616,-0.2059454,0.4817458,-10.16905
IMU,219942575.0,2,0.05632406,-0.05568925,-0.002244624,-0.1535909,0.5900711,-9.504719
IMU,219982666.0,2,0.03905609,-0.04712689,0.00873387,-0.4503801,0.2604243,-9.977354
IMU,220022798.0,2,-0.002175984,0.00843778,-0.001460887,-0.4769365,0.2537014,-9.891457
IMU,220063108.0,2,-0.02486461,0.02475385,0.004252031,-0.3024009,0.4478081,-9.722147
IMU,220102962.0,2,0.00728676,-0.007453276,0.001059539,-0.3249948,0.3783,-9.928947
IMU,220142438.0,2,0.01583849,-0.01481627,0.0004187332,-0.3554376,0.3648978,-9.770438
IMU,220182795.0,2,-0.004306992,0.004970669,0.002777425,-0.3958681,0.3472835,-9.815001
IMU,220222466.0,2,-0.003535457,0.006362789,0.001097443,-0.3448157,0.3664386,-9.840867
IMU,220262820.0,2,0.002956138,-0.003577226,0.002298947,-0.3427385,0.3749561,-9.808457
IMU,220305475.0,2,0.004064379,-0.002412417,0.0003324091,-0.3741763,0.3441257,-9.8626
IMU,220345444.0,2,-0.002437645,0.003456784,0.002134842,-0.3614931,0.3609434,-9.829696
IMU,220385943.0,2,-0.0001029133,0.001355497,0.001090042,-0.3335548,0.3804136,-9.821143
IMU,220425975.0,2,0.003710296,-0.001723014,0.002005868,-0.3555923,0.3575313,-9.834497
IMU,220465820.0,2,-0.002320981,0.002098913,0.002010412,-0.3596871,0.371177,-9.830061
IMU,220506956.0,2,0.0005037214,0.000908492,0.003081711,-0.3518606,0.3694668,-9.816785
IMU,220547985.0,2,0.001206339,-0.001212508,0.002023203,-0.349498,0.3745483,-9.840617
IMU,220587196.0,2,0.001284265,-0.001170569,0.002511547,-0.3571039,0.3705709,-9.825455
IMU,220627193.0,2,0.001107085,0.0006454734,0.002083463,-0.3543369,0.374194,-9.857941
IMU,220667435.0,2,0.001436583,-0.0003553821,0.002661115,-0.351893,0.3679437,-9.815367
IMU,220708704.0,2,0.001546082,-0.0007044357,0.001584682,-0.3628946,0.3698308,-9.817788
IMU,220749147.0,2,0.002981149,-0.001351795,0.002163885,-0.3634339,0.3700325,-9.8071
IMU,220788796.0,2,0.0001669525,-0.001131938,0.001819197,-0.3578935,0.3737396,-9.83547
IMU,220828580.0,2,0.001884303,-0.0001183843,0.001915005,-0.3550667,0.3750238,-9.821502
IMU,220870121.0,2,0.002315508,0.0006703639,0.001996377,-0.3575718,0.3754171,-9.8514
IMU,220910183.0,2,0.002410612,-0.002564048,0.002245373,-0.3623686,0.3663875,-9.845094
IMU,220950248.0,2,0.0004184976,-0.001480095,0.002555585,-0.3566879,0.3546471,-9.836893
IMU,220989775.0,2,0.001005274,0.001527185,0.002146567,-0.36369,0.3719634,-9.821808
IMU,221029925.0,2,0.001000733,-0.0009880064,0.002058527,-0.3621837,0.3695462,-9.844923
IMU,221071193.0,2,0.000585282,-0.0002805796,0.002856851,-0.3598543,0.3589073,-9.841835
IMU,221110669.0,2,0.001155748,0.0001992012,0.001595626,-0.354797,0.3613181,-9.836721
IMU,221150832.0,2,0.001767247,-0.0001383157,0.001618059,-0.3540014,0.3500381,-9.825231
IMU,221190722.0,2,0.000639507,-0.0002781581,0.002023036,-0.3642201,0.3679366,-9.822851
