ARM,555984567.0,0.0
AHR2,555636992.0,0.52,-4.74,33.7,466.64,43.2382674,-7.6818849
AHR2,555742053.0,0.2,-4.58,34.7,466.78,43.2382684,-7.6818835
AHR2,555845796.0,0.17,-4.5,36.78,466.97,43.2382692,-7.6818821
AHR2,555950201.0,0.42,-4.79,39.09,466.69,43.2382698,-7.6818807
AHR2,556050237.0,1.09,-4.74,41.07,467.05,43.2382706,-7.6818793
AHR2,556151728.0,2.47,-5.44,42.03,467.02,43.2382713,-7.6818774
AHR2,556251680.0,3.6,-6.08,42.23,467.35,43.2382721,-7.6818758
AHR2,556352793.0,4.71,-6.66,42.25,467.37,43.2382723,-7.6818751
AHR2,556452937.0,5.73,-7.16,42.24,467.27,43.2382731,-7.6818736
AHR2,556554203.0,6.49,-7.62,42.22,467.21,43.2382738,-7.6818719
AHR2,556654684.0,7.09,-8.02,42.17,466.85,43.2382746,-7.6818704
AHR2,556756236.0,7.18,-8.18,42.17,467.05,43.2382752,-7.6818692
AHR2,556856819.0,6.57,-8.01,42.3,466.53,43.238276,-7.6818677
AHR2,556957646.0,5.32,-7.52,42.62,466.14,43.2382765,-7.6818661
AHR2,557060183.0,3.68,-6.59,42.96,465.66,43.2382772,-7.6818645
AHR2,557161628.0,0.94,-5.16,43.06,465.25,43.2382777,-7.6818631
AHR2,557261583.0,-1.76,-3.34,42.73,464.65,43.2382785,-7.6818616
AHR2,557362052.0,-3.15,-5.72,42.0,464.01,43.2382783,-7.6818604
AHR2,557462250.0,17.5,-21.05,36.69,463.14,43.238279,-7.6818588
AHR2,557563190.0,24.01,-27.15,32.36,460.3,43.2382787,-7.6818522
AHR2,557663523.0,15.82,-23.97,34.66,460.75,43.2382791,-7.6818491
AHR2,557763634.0,0.64,-12.0,39.69,460.65,43.2382727,-7.6818495
AHR2,557863662.0,4.9,-10.73,39.17,460.82,43.2382709,-7.6818475
AHR2,557963488.0,4.68,-10.72,39.45,460.65,43.2382743,-7.6818517
AHR2,558063640.0,4.64,-10.65,39.46,460.63,43.2382742,-7.6818516
AHR2,558163666.0,4.61,-10.61,39.51,460.71,43.2382739,-7.6818525
AHR2,558263462.0,4.58,-10.61,39.56,460.66,43.2382738,-7.6818527
AHR2,558363537.0,4.54,-10.59,39.61,460.68,43.2382736,-7.681852
AHR2,558463664.0,4.51,-10.54,39.67,460.51,43.2382736,-7.6818519
AHR2,558563690.0,4.48,-10.5,39.72,460.72,43.2382732,-7.6818522
AHR2,558665015.0,4.45,-10.46,39.77,460.71,43.2382732,-7.6818522
AHR2,558765652.0,4.42,-10.42,39.82,460.72,43.2382726,-7.6818522
AHR2,558865927.0,4.39,-10.38,39.87,460.65,43.2382725,-7.6818521
AHR2,558966633.0,4.36,-10.35,39.92,460.69,43.2382724,-7.6818526
AHR2,559066599.0,4.33,-10.31,39.96,460.71,43.2382724,-7.6818526
AHR2,559168189.0,4.3,-10.28,40.01,460.58,43.2382719,-7.6818528
AHR2,559268151.0,4.27,-10.25,40.05,460.78,43.2382719,-7.6818528
AHR2,559369683.0,4.25,-10.21,40.09,460.51,43.2382716,-7.6818531
AHR2,559469588.0,4.22,-10.18,40.13,460.74,43.2382716,-7.6818531
ATT,555636237.0,-0.8667777,1.302971,-6.246633,-4.885127,61.45148,53.38539
ATT,555741478.0,-0.7224265,0.8403707,-6.046202,-4.76706,61.22842,53.80873
ATT,555845158.0,-0.2424332,0.6632122,-5.828035,-4.735795,61.09714,55.34363
ATT,555949631.0,0.2931478,0.6544451,-5.556146,-5.027762,61.01822,57.22629
ATT,556049671.0,0.4027467,1.02567,-3.867771,-4.961739,58.98921,59.00456
ATT,556151042.0,0.2037114,2.228341,-1.956309,-5.657786,59.99408,60.02745
ATT,556251035.0,0.1037157,3.331582,-0.9960062,-6.275676,59.38427,59.43419
ATT,556352110.0,0.0526039,4.446413,-0.5051622,-6.824034,58.06698,58.13365
ATT,556452032.0,0.02685604,5.421961,-0.2579059,-7.303692,56.69446,56.77581
ATT,556553638.0,0.01358948,6.184142,-0.1305027,-7.714288,55.52895,55.62177
ATT,556654030.0,0.006909939,6.804681,-0.06636254,-8.076019,54.56942,54.67162
ATT,556755700.0,0.003499016,6.963019,-0.03360575,-8.224498,53.775,53.8796
ATT,556856194.0,0.001781616,6.423862,-0.01710813,-8.05529,53.26424,53.36073
ATT,556956982.0,0.0009000546,5.238365,-0.008646996,-7.547277,53.02397,53.10261
ATT,557059650.0,0.0004519718,3.667107,-0.004340951,-6.604248,52.85717,52.91216
ATT,557160833.0,0.00022836,0.9985262,-0.002196713,-5.183053,52.53277,52.54771
ATT,557260816.0,0.0001172606,-1.650181,-0.001121534,-3.387737,51.82364,51.799
ATT,557361572.0,6.044834e-05,-2.981201,-0.0005701068,-5.778677,50.68764,50.64299
ATT,557461661.0,4.132166e-05,17.82485,-0.0004005478,-20.96524,44.43232,44.7122
ATT,557562640.0,3.931449e-05,25.18535,-0.0003783834,-26.42939,38.15121,38.55676
ATT,557662795.0,3.881383e-05,17.49151,-0.0003714489,-23.20354,39.22308,39.50227
ATT,557763001.0,3.826989e-05,0.8613029,-0.000364052,-10.9167,44.51529,44.52837
ATT,557862975.0,3.826989e-05,3.422574,-0.0003640522,-8.942434,44.42898,44.48059
ATT,557962814.0,3.826986e-05,3.166923,-0.0003640521,-8.780979,44.5717,44.61944
ATT,558062970.0,3.82699e-05,3.256097,-0.000364052,-8.66575,44.37117,44.42024
ATT,558162955.0,3.826985e-05,3.358309,-0.0003640521,-8.501311,44.11572,44.1663
ATT,558262826.0,3.826984e-05,3.427851,-0.0003640522,-8.416822,43.86577,43.91738
ATT,558362929.0,3.826983e-05,3.472934,-0.0003640522,-8.321431,43.63815,43.69044
ATT,558462997.0,3.82698e-05,3.525972,-0.0003640523,-8.189182,43.3926,43.44567
ATT,558563001.0,3.826976e-05,3.576085,-0.0003640523,-8.012165,43.12713,43.18092
ATT,558664285.0,3.769427e-05,3.606703,-0.000356383,-7.878066,42.91218,42.96642
ATT,558765040.0,3.652184e-05,3.595312,-0.0003412534,-7.657255,42.73438,42.78841
ATT,558865393.0,3.652186e-05,3.572826,-0.0003412534,-7.498234,42.60725,42.66093
ATT,558966018.0,3.59751e-05,3.516663,-0.0003344238,-7.282146,42.54029,42.5931
ATT,559065953.0,3.597512e-05,3.478111,-0.000334424,-7.131336,42.49153,42.54374
ATT,559167463.0,3.541226e-05,3.422379,-0.0003275348,-6.964152,42.45871,42.51006
ATT,559267460.0,3.541225e-05,3.378591,-0.0003275348,-6.834995,42.41771,42.4684
ATT,559369044.0,3.479824e-05,3.329534,-0.0003201739,-6.705383,42.38073,42.43067
ATT,559468986.0,3.479823e-05,3.284556,-0.0003201739,-6.601359,42.33846,42.38771
BARO,555672945.0,0,3.697845,466.5178,96562.76
BARO,555776945.0,0,3.884338,466.7043,96560.73
BARO,555880930.0,0,3.601776,466.4218,96563.81
BARO,555984790.0,0,3.960632,466.7806,96559.91
BARO,556085711.0,0,3.932373,466.7523,96560.23
BARO,556186676.0,0,4.265808,467.0858,96556.63
BARO,556286619.0,0,4.282776,467.1028,96556.43
BARO,556387739.0,0,4.189514,467.0095,96557.44
BARO,556488653.0,0,4.121704,466.9417,96558.17
BARO,556588649.0,0,3.762848,466.5828,96562.06
BARO,556689718.0,0,3.966278,466.7863,96559.85
BARO,556791005.0,0,3.44635,466.2663,96565.47
BARO,556892682.0,0,3.053589,465.8736,96569.74
BARO,556992786.0,0,2.570374,465.3904,96574.94
BARO,557094042.0,0,2.169128,464.9891,96579.3
BARO,557193544.0,0,1.561584,464.3816,96585.85
BARO,557293744.0,0,0.9258118,463.7458,96592.73
BARO,557394065.0,0,0.05548096,462.8755,96602.13
BARO,557495042.0,0,-2.784363,460.0356,96632.88
BARO,557595090.0,0,-2.337891,460.4821,96628.05
BARO,557696012.0,0,-2.436798,460.3832,96629.11
BARO,557796025.0,0,-2.261597,460.5584,96627.2
BARO,557895914.0,0,-2.431152,460.3888,96629.03
BARO,557995930.0,0,-2.453735,460.3662,96629.28
BARO,558095443.0,0,-2.374634,460.4453,96628.44
BARO,558195474.0,0,-2.425507,460.3945,96628.98
BARO,558295450.0,0,-2.408539,460.4114,96628.8
BARO,558395836.0,0,-2.575256,460.2447,96630.6
BARO,558495993.0,0,-2.363312,460.4567,96628.31
BARO,558596002.0,0,-2.374634,460.4453,96628.42
BARO,558697943.0,0,-2.360504,460.4595,96628.28
BARO,558797664.0,0,-2.439636,460.3803,96629.15
BARO,558899147.0,0,-2.397247,460.4227,96628.66
BARO,558999007.0,0,-2.377441,460.4425,96628.48
BARO,559100169.0,0,-2.507446,460.3125,96629.88
BARO,559200022.0,0,-2.306824,460.5132,96627.7
BARO,559303965.0,0,-2.578094,460.2419,96630.63
BARO,559403972.0,0,-2.349213,460.4708,96628.16
BARO,555672945.0,1,3.618713,466.4387,96550.05
BARO,555776945.0,1,3.689362,466.5093,96549.28
BARO,555880930.0,1,3.946503,466.7665,96546.48
BARO,555984790.0,1,3.932373,466.7523,96546.66
BARO,556085711.0,1,4.206482,467.0265,96543.68
BARO,556186676.0,1,4.57663,467.3966,96539.7
BARO,556286619.0,1,4.675537,467.4955,96538.62
BARO,556387739.0,1,4.42688,467.2469,96541.3
BARO,556488653.0,1,4.41275,467.2327,96541.47
BARO,556588649.0,1,4.271454,467.0914,96542.99
BARO,556689718.0,1,4.051056,466.871,96545.36
BARO,556791005.0,1,3.723267,466.5432,96548.92
BARO,556892682.0,1,3.485901,466.3059,96551.47
BARO,556992786.0,1,2.819031,465.639,96558.7
BARO,557094042.0,1,2.392365,465.2123,96563.29
BARO,557193544.0,1,1.838531,464.6585,96569.28
BARO,557293744.0,1,1.262085,464.0821,96575.52
BARO,557394065.0,1,-3.383423,459.4366,96625.77
BARO,557495042.0,1,-2.315277,460.5047,96614.2
BARO,557595090.0,1,-1.962067,460.8579,96610.39
BARO,557696012.0,1,-2.092072,460.7279,96611.79
BARO,557796025.0,1,-2.162689,460.6573,96612.55
BARO,557895914.0,1,-2.131622,460.6884,96612.22
BARO,557995930.0,1,-2.207916,460.6121,96613.05
BARO,558095443.0,1,-2.185303,460.6347,96612.79
BARO,558195474.0,1,-2.072266,460.7477,96611.59
BARO,558295450.0,1,-2.168365,460.6516,96612.62
BARO,558395836.0,1,-2.159882,460.6601,96612.54
BARO,558495993.0,1,-2.179657,460.6403,96612.73
BARO,558596002.0,1,-1.970551,460.8494,96610.48
BARO,558697943.0,1,-2.29834,460.5216,96614.03
BARO,558797664.0,1,-2.111847,460.7081,96612.01
BARO,558899147.0,1,-2.174011,460.646,96612.68
BARO,558999007.0,1,-2.182495,460.6375,96612.78
BARO,559100169.0,1,-2.038361,460.7816,96611.21
BARO,559200022.0,1,-2.012939,460.807,96610.94
BARO,559303965.0,1,-2.196594,460.6234,96612.92
BARO,559403972.0,1,-2.137268,460.6827,96612.3
GPS,555664181.0,4,22,43.238267,-7.6818859,469.05,1.324,-1.454,0.0
GPS,555873388.0,4,22,43.2382683,-7.6818835,469.35,1.48,-1.414,0.0
GPS,556057911.0,4,22,43.2382697,-7.6818806,469.62,1.526,-1.435,0.0
GPS,556299612.0,4,22,43.238271,-7.6818778,469.75,1.564,0.412,0.0
GPS,556479715.0,4,22,43.2382724,-7.6818748,469.45,1.524,2.355,0.0
GPS,556682242.0,4,22,43.2382737,-7.6818721,468.77,1.517,4.212,0.0
GPS,556864442.0,4,21,43.2382749,-7.6818693,467.7,1.515,6.104,0.0
GPS,557065047.0,4,22,43.2382761,-7.6818663,466.3,1.511,7.577,0.0
GPS,557306619.0,4,22,43.2382772,-7.6818633,464.58,1.549,9.254001,0.0
GPS,557467162.0,4,22,43.2382781,-7.6818587,462.77,2.507,9.111,0.0
GPS,557670641.0,4,21,43.2382765,-7.6818536,461.9,2.597,-0.398,0.0
GPS,557871030.0,4,21,43.2382745,-7.6818518,461.95,0.136,0.059,0.0
GPS,558070974.0,4,22,43.238274,-7.6818521,461.96,0.18,0.085,0.0
GPS,558311065.0,4,22,43.2382736,-7.6818522,461.96,0.124,-0.121,0.0
GPS,558471357.0,4,22,43.2382732,-7.6818522,461.98,0.01,-0.042,0.0
GPS,558672066.0,4,22,43.2382727,-7.6818524,461.96,0.112,0.023,0.0
GPS,558873005.0,4,22,43.2382724,-7.6818526,461.96,0.03,0.066,0.0
GPS,559074243.0,4,22,43.238272,-7.6818528,461.97,0.061,0.071,0.0
GPS,559295399.0,4,22,43.2382716,-7.6818531,461.99,0.027,0.045,0.0
IMU,555583163.0,0,-0.08185877,0.04891828,-0.02080355,-0.2041841,0.07752764,-9.759025
IMU,555626397.0,0,0.05670816,-0.007201776,0.07253275,-0.3171605,0.6333946,-10.63413
IMU,555673048.0,0,-0.1740189,0.01686689,0.1391637,0.008106835,-0.5777159,-10.02622
IMU,555712665.0,0,-0.05021273,-0.00350268,0.21291,0.5091207,0.6324642,-10.90827
IMU,555756955.0,0,0.04765879,0.01927776,0.3423366,-0.9292758,-0.1125196,-8.964743
IMU,555796624.0,0,-0.01177907,-0.02693009,0.3494663,0.05821827,-0.4074774,-9.616537
IMU,555840570.0,0,0.2016222,-0.01890225,0.218693,0.3197127,-0.03792101,-10.42637
IMU,555881250.0,0,0.2037775,-0.02455297,0.3714757,0.3621706,0.3223182,-9.668021
IMU,555921464.0,0,0.08163615,-0.09387463,0.3809082,-1.190201,1.135829,-9.194399
IMU,555964978.0,0,0.1173454,0.02863938,0.2775239,-0.5292629,0.1374909,-9.934043
IMU,556004294.0,0,0.2165865,0.02186168,0.3546893,-0.3688543,-1.222578,-9.288054
IMU,556044298.0,0,0.3093094,-0.01293159,0.3055791,-0.8116205,-0.5251411,-2.157898
IMU,556085955.0,0,0.183859,-0.1246005,0.1979132,0.03777607,-0.4314906,-0.3428937
IMU,556126774.0,0,0.2137269,-0.1227042,0.1352172,-0.06625725,0.0006164136,-0.1652473
IMU,556166099.0,0,0.1880016,-0.1163324,0.07233822,-0.1135476,0.02413279,-0.0423461
IMU,556205983.0,0,0.1982624,-0.1112652,0.04063951,-0.0441131,-0.01918265,-0.04142916
IMU,556246463.0,0,0.1964277,-0.1118811,0.02450374,-0.06255701,-0.001303439,-0.1165306
IMU,556286788.0,0,0.1768275,-0.1040336,0.01421413,-0.07249728,-0.01552924,-0.08485752
IMU,556327135.0,0,0.1788861,-0.1002786,0.009014986,-0.06586912,-0.03547112,-0.1419715
IMU,556367023.0,0,0.1755554,-0.09557427,0.01152404,-0.08240017,-0.04919536,-0.213255
IMU,556407458.0,0,0.162394,-0.08799189,0.006784553,-0.08050548,-0.04825715,-0.2249641
IMU,556447468.0,0,0.1461349,-0.08607528,0.003325468,-0.06835807,-0.06454511,-0.299109
IMU,556489024.0,0,0.1279329,-0.07457936,0.003703992,-0.1126311,-0.05576887,-0.3513287
IMU,556528809.0,0,0.1184579,-0.07176474,0.003322423,-0.08748715,-0.04558798,-0.4225599
IMU,556568931.0,0,0.1164612,-0.07171623,-0.0012139,-0.08679955,-0.05192792,-0.5231054
IMU,556608456.0,0,0.107694,-0.06803852,0.0007475366,-0.09487093,-0.06840067,-0.5444487
IMU,556648985.0,0,0.08135613,-0.05615829,-0.004622,-0.1090449,-0.07962219,-0.6937784
IMU,556689954.0,0,0.04643692,-0.03975519,-0.005607364,-0.1290088,-0.08329399,-0.8235565
IMU,556730962.0,0,0.009796237,-0.02181686,0.00213989,-0.1514386,-0.08920714,-0.9040669
IMU,556770620.0,0,-0.03495877,0.001094625,0.003054135,-0.1515185,-0.1066352,-1.05272
IMU,556810614.0,0,-0.08764565,0.02477276,0.01306988,-0.1594175,-0.1013813,-1.202245
IMU,556850671.0,0,-0.136348,0.05297678,0.024228,-0.1837048,-0.1016864,-1.298322
IMU,556892843.0,0,-0.1783513,0.0757858,0.0319815,-0.1684841,-0.08820841,-1.400112
IMU,556931967.0,0,-0.2192135,0.09936024,0.04739347,-0.182558,-0.09888385,-1.577616
IMU,556971947.0,0,-0.250082,0.1269909,0.048404,-0.1776623,-0.04001796,-1.668149
IMU,557012041.0,0,-0.2470124,0.1572892,0.04245733,-0.1786941,-0.03662438,-1.775078
IMU,557052075.0,0,-0.2905412,0.1852726,0.02769246,-0.1415659,-0.1022335,-2.067847
IMU,557094193.0,0,-0.3851025,0.2153557,0.01032109,-0.1606806,-0.1122458,-2.245491
IMU,557133520.0,0,-0.4891717,0.2493883,-0.006417087,-0.1625242,-0.1486398,-2.342137
IMU,557173483.0,0,-0.6103085,0.3093176,-0.007307032,-0.1571804,-0.09586282,-2.388747
IMU,557213502.0,0,-0.5754602,0.3340611,-0.01722661,0.004292232,0.2521799,-2.620313
IMU,557253942.0,0,-0.2786991,0.2966739,-0.08890279,0.4099271,-0.1924554,-3.801819
IMU,557293987.0,0,-0.1258267,0.1009052,-0.1353458,-0.1173899,0.02080801,-3.557604
IMU,557334132.0,0,-0.8265164,0.07052202,-0.1860581,-4.296606,-3.374649,-46.73568
IMU,557374000.0,0,1.461391,0.3999459,-0.7418913,10.4398,-10.45266,-27.04376
IMU,557414449.0,0,3.374245,-3.736129,-0.7025003,-0.8380125,-3.971625,-5.335599
IMU,557454681.0,0,3.078815,-2.652553,-0.3561269,1.694762,-3.422366,2.369142
IMU,557495221.0,0,1.836213,-1.931563,-0.4231361,0.1671281,-0.1475377,0.9205315
IMU,557534962.0,0,0.3558453,-0.876892,-0.3226976,-0.5123791,-0.6438757,-0.4378543
IMU,557575059.0,0,-0.427686,0.03614392,-0.1889649,-0.9498083,-1.055269,0.006446572
IMU,557615463.0,0,-1.016053,0.6113371,0.009223718,-1.421124,-2.003838,-0.8526874
IMU,557655166.0,0,-1.9357,1.074348,0.3404968,-2.477365,-3.649545,-1.649752
IMU,557696163.0,0,-3.05582,1.602982,0.629585,-4.346495,-5.588281,-3.788284
IMU,557735404.0,0,-3.176995,2.49524,0.6038992,-6.784198,-2.485494,-9.840282
IMU,557775477.0,0,0.0273919,3.247329,0.7701325,-2.771007,6.376915,-23.41534
IMU,557815418.0,0,0.4941371,0.2082412,-0.1094551,5.853281,3.269223,-24.51675
IMU,557855921.0,0,0.3425449,-0.9642633,-0.1888749,-0.7167581,-2.299556,-6.587976
IMU,557896019.0,0,-0.04554825,-0.3969396,0.09216835,-3.051438,-1.914161,-5.084718
IMU,557935435.0,0,-0.1121382,0.2954633,0.07042062,-2.157445,0.4385455,-8.167402
IMU,557975425.0,0,-0.02477459,0.2863537,-0.04852464,-0.9413769,-0.1917071,-11.6868
IMU,558015705.0,0,0.01690122,-0.09328658,0.002793743,-0.8368521,-0.6662765,-10.06485
IMU,558055957.0,0,-0.02113658,0.002254114,0.001943716,-1.795591,-0.3269945,-8.957625
IMU,558095633.0,0,-0.007312766,0.01722744,0.002340523,-1.087084,-0.4548557,-10.01254
IMU,558137914.0,0,-0.001461726,0.001747542,-0.001250498,-1.50754,-0.4337475,-9.507868
IMU,558177982.0,0,0.0001639795,0.0007324182,9.850215e-05,-1.225069,-0.3629866,-9.718133
IMU,558218217.0,0,-0.002241798,-0.0002105104,0.002180298,-1.36255,-0.4623387,-9.601708
IMU,558258103.0,0,0.0002309394,-0.002215753,-0.00185326,-1.328383,-0.4292338,-9.688211
IMU,558298614.0,0,-5.984283e-05,0.002689651,0.002394419,-1.341721,-0.4096885,-9.649405
IMU,558338004.0,0,-0.000183719,0.0008254552,0.0001496711,-1.315719,-0.4256476,-9.651303
IMU,558378010.0,0,-0.001262334,0.002059991,0.0007705052,-1.32948,-0.44271,-9.649712
IMU,558418216.0,0,-0.0005738398,0.001019991,0.00153768,-1.324218,-0.4190909,-9.640418
IMU,558458601.0,0,0.001458885,0.00193131,0.0009487396,-1.305843,-0.4402122,-9.656536
IMU,558497964.0,0,0.0002962073,-0.0002039855,7.177606e-05,-1.334497,-0.4252405,-9.660279
IMU,558537995.0,0,-0.0005406524,0.001081577,0.0005686086,-1.310469,-0.416943,-9.657381
IMU,558578202.0,0,-0.0002949428,0.0002506633,-0.0001719179,-1.318088,-0.4311472,-9.670135
IMU,558617835.0,0,0.0001621223,-5.619189e-05,-0.0003588382,-1.330368,-0.4333479,-9.64422
IMU,558658763.0,0,-0.00106884,-3.424638e-05,0.001903408,-1.331174,-0.4326887,-9.659217
IMU,558700628.0,0,-0.0006308734,0.002994068,-0.0001673215,-1.331024,-0.4333113,-9.674414
IMU,558740932.0,0,0.0003619045,0.001271941,0.0005983754,-1.320687,-0.4263185,-9.653275
IMU,558780649.0,0,0.0003933118,-0.0007114933,0.0002724586,-1.324656,-0.4152151,-9.653894
IMU,558819953.0,0,-0.0006123904,-0.0009306747,-9.903205e-06,-1.318445,-0.4348675,-9.672157
IMU,558860031.0,0,-0.00047234,0.0005636665,-0.0001844263,-1.337996,-0.4272769,-9.637002
IMU,558900965.0,0,-0.0001016538,0.0007048351,0.001153178,-1.328247,-0.4256654,-9.658078
IMU,558940911.0,0,-0.00084471,-0.0008636395,0.0004809659,-1.327011,-0.4311736,-9.642197
IMU,558981001.0,0,0.0001228145,0.0002846511,-0.0003046165,-1.323754,-0.4202774,-9.65521
IMU,559021205.0,0,0.001040504,5.879995e-05,0.001270606,-1.312428,-0.4290513,-9.647106
IMU,559061723.0,0,0.0003348324,0.0008761993,-0.000510069,-1.329184,-0.4154402,-9.651217
IMU,559102674.0,0,-0.0005512535,0.0009216661,0.0004312986,-1.318358,-0.4244435,-9.666829
IMU,559142261.0,0,0.0004108181,-0.0005169155,0.0003778992,-1.31638,-0.4278471,-9.643305
IMU,559182809.0,0,-0.000315947,-0.0006648002,0.001665052,-1.317623,-0.4278539,-9.644184
IMU,559223029.0,0,-0.0006559219,0.0001237921,0.0004595477,-1.335653,-0.4369887,-9.664289
IMU,559263144.0,0,0.001162255,-0.0003079466,0.001186926,-1.329093,-0.4193606,-9.648825
IMU,559304140.0,0,-0.001002079,0.001390914,0.001405072,-1.319365,-0.4233397,-9.652455
IMU,559343763.0,0,-0.001343926,-0.0003029179,0.0003630416,-1.316138,-0.4321769,-9.65783
IMU,559384588.0,0,-0.001500312,-0.0002981602,-0.0002089774,-1.329326,-0.4326317,-9.662256
IMU,559424409.0,0,-0.001523041,0.0007585883,-0.0001837554,-1.329429,-0.4220557,-9.635889
IMU,559463948.0,0,-0.001642798,8.341501e-05,0.0001001517,-1.330765,-0.4227265,-9.642007
IMU,559505463.0,0,-0.0006505624,-0.0006060913,0.0004690909,-1.327347,-0.4262244,-9.629956
IMU,555583163.0,1,-0.1188958,0.006898734,-0.00875315,-0.7800893,-0.4903373,-9.406917
IMU,555626397.0,1,-0.004931045,0.01144543,0.09253214,-0.3880433,0.5822933,-10.99061
IMU,555673048.0,1,-0.1816496,0.03877915,0.1420182,0.1776496,0.2305925,-9.754052
IMU,555712665.0,1,-0.08656217,0.02359362,0.2138816,1.164761,0.6075357,-11.39048
IMU,555756955.0,1,0.05189878,0.01637521,0.2437782,0.3867909,0.3679832,-8.852266
IMU,555796624.0,1,0.06555566,-0.006854592,0.2675553,0.610315,0.04127578,-10.46573
IMU,555840570.0,1,0.1145414,-0.001284931,0.2269011,0.02901348,-0.1644587,-11.09145
IMU,555881250.0,1,0.1792969,-0.01179656,0.3172673,0.2269109,-1.128645,-10.12315
IMU,555921464.0,1,0.03777238,-0.07183234,0.3205081,-0.6566438,0.9876121,-8.892014
IMU,555964978.0,1,0.05963168,-0.02985513,0.2966389,-1.26456,-0.2613021,-9.78096
IMU,556004294.0,1,0.2236692,0.01837161,0.3031779,-0.8389754,-1.055505,-10.02887
IMU,556044298.0,1,0.2846593,-0.02151391,0.2757588,0.2123312,-1.702275,-2.321641
IMU,556085955.0,1,0.1730654,-0.113422,0.1845527,0.1986706,-0.1526797,-0.3767571
IMU,556126774.0,1,0.1796331,-0.1214678,0.1244717,-0.179399,0.08280908,-0.2902555
IMU,556166099.0,1,0.1540168,-0.1083683,0.07757007,-0.03423026,0.226651,-0.05559307
IMU,556205983.0,1,0.165364,-0.1075365,0.04724919,-0.06945448,0.2158602,-0.1483299
IMU,556246463.0,1,0.1634939,-0.1116092,0.03426292,-0.07254758,0.137594,-0.184472
IMU,556286788.0,1,0.1457962,-0.1023673,0.02444591,-0.1053693,0.1993244,-0.2170401
IMU,556327135.0,1,0.1449805,-0.1017891,0.02189394,-0.118776,0.1664722,-0.2184231
IMU,556367023.0,1,0.1420319,-0.08862959,0.02612253,-0.1549421,0.02686764,-0.214917
IMU,556407458.0,1,0.1296696,-0.08677419,0.01651873,-0.1267493,0.07791001,-0.2785615
IMU,556447468.0,1,0.1138978,-0.08455569,0.01301276,-0.07307525,0.04231527,-0.3463884
IMU,556489024.0,1,0.09905309,-0.0839491,0.01072891,-0.0918314,0.07882971,-0.2494384
IMU,556528809.0,1,0.09234112,-0.07278204,0.01439305,-0.1096967,0.07300073,-0.5171091
IMU,556568931.0,1,0.08437038,-0.06717883,0.009811686,-0.1292664,0.108668,-0.4373582
IMU,556608456.0,1,0.07656126,-0.06445588,0.008345392,-0.1641352,0.135789,-0.5879566
IMU,556648985.0,1,0.05030112,-0.05769729,0.002455399,-0.1304104,0.0834644,-0.7668752
IMU,556689954.0,1,0.02494051,-0.04021339,0.0001035401,-0.1285121,0.04546697,-0.7767427
IMU,556730962.0,1,0.006892786,-0.01702662,-0.0001345971,-0.1937832,0.04096301,-1.001603
IMU,556770620.0,1,-0.03226893,0.00615655,0.009753958,-0.2366719,0.01659868,-1.138243
IMU,556810614.0,1,-0.08712348,0.03614506,0.01672632,-0.1963635,0.02726661,-1.158862
IMU,556850671.0,1,-0.1304142,0.05901457,0.02108841,-0.2364012,0.142301,-1.188554
IMU,556892843.0,1,-0.173567,0.07796094,0.03025126,-0.1561833,0.0716098,-1.506279
IMU,556931967.0,1,-0.2154312,0.1028788,0.04342445,-0.1541065,0.03476032,-1.584594
IMU,556971947.0,1,-0.2454145,0.1264877,0.04026157,-0.2509097,0.09562051,-1.664859
IMU,557012041.0,1,-0.2413581,0.1495069,0.03824659,-0.23634,0.09007338,-1.788692
IMU,557052075.0,1,-0.2785688,0.176346,0.02159691,-0.2660756,-0.02152926,-2.115692
IMU,557094193.0,1,-0.373524,0.1984759,6.814949e-05,-0.1899011,-0.05304802,-2.315279
IMU,557133520.0,1,-0.48137,0.2317861,-0.02036971,-0.2552615,0.03030653,-2.454776
IMU,557173483.0,1,-0.6004865,0.2843774,-0.02345428,-0.2114607,0.02475524,-2.39413
IMU,557213502.0,1,-0.5823882,0.3118266,-0.03712858,-0.09661902,0.6914025,-2.566618
IMU,557253942.0,1,-0.2837723,0.2806371,-0.09642398,0.7477885,-0.3079928,-4.095668
IMU,557293987.0,1,-0.1343599,0.09502451,-0.1283138,-0.1392274,0.1265021,-3.822061
IMU,557334132.0,1,-0.8240417,0.08410552,-0.2063114,-4.240601,-2.89696,-49.64693
IMU,557374000.0,1,1.333601,0.4098489,-0.4240809,-1.760365,-13.71091,-52.33811
IMU,557414449.0,1,3.237519,-3.703173,-0.4957267,-1.140241,-1.8267,-5.483876
IMU,557454681.0,1,3.013709,-2.61242,-0.2458924,2.005424,-2.836388,3.180261
IMU,557495221.0,1,1.769954,-1.923635,-0.3397797,0.1618626,-0.3388185,0.2049929
IMU,557534962.0,1,0.3330892,-0.8832006,-0.2926022,-0.6574225,-0.7400588,-0.519087
IMU,557575059.0,1,-0.4142513,0.01758615,-0.1909707,-1.049114,-0.9310458,-0.07417566
IMU,557615463.0,1,-0.9796419,0.570111,-0.02751709,-1.565213,-1.945258,-0.9834444
IMU,557655166.0,1,-1.868766,1.033601,0.2227205,-2.607878,-3.680684,-1.777296
IMU,557696163.0,1,-2.947471,1.55945,0.4574358,-4.4156,-5.568985,-4.197333
IMU,557735404.0,1,-3.124989,2.421866,0.4355765,-6.859375,-2.748864,-9.872896
IMU,557775477.0,1,-0.01359146,3.145369,0.7256975,-2.295343,6.497338,-23.32256
IMU,557815418.0,1,0.4933112,0.2645724,-0.0620236,6.10408,2.898692,-24.61321
IMU,557855921.0,1,0.2987349,-0.9364859,-0.1685174,-1.034415,-2.284939,-6.448793
IMU,557896019.0,1,-0.04606728,-0.3821726,0.07471369,-3.065724,-1.723646,-5.070543
IMU,557935435.0,1,-0.1069878,0.2665855,0.06834339,-2.047387,0.5515321,-8.378058
IMU,557975425.0,1,-0.02465534,0.2665531,-0.042839,-0.9078281,-0.1390472,-11.70644
IMU,558015705.0,1,0.01014489,-0.07825913,0.002122662,-0.8809554,-0.6393999,-10.05443
IMU,558055957.0,1,-0.02044031,0.004750379,0.009154615,-1.737325,-0.2446991,-8.917072
IMU,558095633.0,1,-0.005704493,0.02524255,0.005814023,-1.022981,-0.3664369,-10.06447
IMU,558137914.0,1,-0.001165387,0.004539121,0.0004659813,-1.515463,-0.3445309,-9.668324
IMU,558177982.0,1,-0.001672758,0.001459154,-0.001824586,-1.26362,-0.2811368,-9.946619
IMU,558218217.0,1,-0.0005884658,0.005596068,-0.002811,-1.316014,-0.4931387,-9.683637
IMU,558258103.0,1,-0.001388865,-0.003278358,0.002802276,-1.344645,-0.3421354,-9.749445
IMU,558298614.0,1,-0.0004020837,0.002708532,0.001134093,-1.411736,-0.3536005,-9.758079
IMU,558338004.0,1,0.0001931829,0.008945466,-0.000789804,-1.326504,-0.3335345,-9.689683
IMU,558378010.0,1,-0.0001607706,0.008135517,0.00121339,-1.273914,-0.3901693,-9.809378
IMU,558418216.0,1,-0.0001312168,0.007440114,0.004220578,-1.329918,-0.3589926,-9.749441
IMU,558458601.0,1,0.0009434917,0.009322851,-0.0005483938,-1.349749,-0.3052558,-9.748997
IMU,558497964.0,1,0.0009926449,0.003236291,-0.001956636,-1.323312,-0.3309787,-9.575467
IMU,558537995.0,1,-0.00160112,0.00843772,0.003890581,-1.300443,-0.2974571,-9.718644
IMU,558578202.0,1,0.001453175,0.003969484,0.0003881011,-1.272099,-0.3868173,-9.706201
IMU,558617835.0,1,-0.001263083,0.005644848,-0.004212156,-1.333031,-0.4214159,-9.630946
IMU,558658763.0,1,-0.001612904,0.01122026,-0.000956844,-1.286696,-0.3360759,-9.669717
IMU,558700628.0,1,-0.0006458656,0.009041945,0.0005538014,-1.36799,-0.4102335,-9.658775
IMU,558740932.0,1,0.0006258365,0.007397254,-0.0008086658,-1.361376,-0.3634378,-9.649918
IMU,558780649.0,1,-0.0008164684,0.003347409,-0.001180738,-1.298337,-0.3766398,-9.79205
IMU,558819953.0,1,-0.002321875,0.004199697,0.003927096,-1.343706,-0.3155587,-9.789857
IMU,558860031.0,1,-0.004534816,0.008954626,-0.002312246,-1.351605,-0.4620514,-9.799903
IMU,558900965.0,1,0.000118735,0.009275632,0.002597829,-1.39736,-0.2949212,-9.756586
IMU,558940911.0,1,-0.001798266,0.006339883,-5.8596e-05,-1.387714,-0.3316235,-9.681475
IMU,558981001.0,1,-0.001078255,0.003206895,0.003937178,-1.269221,-0.4352416,-9.66532
IMU,559021205.0,1,0.0007270942,0.005989004,-0.000565518,-1.388416,-0.4881908,-9.713784
IMU,559061723.0,1,-0.002754927,0.007125618,0.003390265,-1.324071,-0.4131373,-9.599716
IMU,559102674.0,1,-0.003508588,0.007000728,0.001888838,-1.346138,-0.326839,-9.804501
IMU,559142261.0,1,-0.001311279,0.008973439,-0.001167601,-1.313491,-0.5045336,-9.845059
IMU,559182809.0,1,-0.00140678,0.003182116,-0.001089835,-1.328959,-0.3080951,-9.609547
IMU,559223029.0,1,-0.0005212076,0.006187865,0.00141529,-1.318879,-0.3068423,-9.775147
IMU,559263144.0,1,0.001432588,0.002917422,0.002026774,-1.292908,-0.3332165,-9.701905
IMU,559304140.0,1,0.0002001209,-0.001619836,0.000102423,-1.340155,-0.3446909,-9.825884
IMU,559343763.0,1,-0.001677791,0.007928879,-0.0004352939,-1.325192,-0.4054515,-9.753082
IMU,559384588.0,1,-0.0004035766,0.003473486,0.000572137,-1.234714,-0.4367579,-9.70932
IMU,559424409.0,1,-0.0004185027,0.005722782,-0.002582074,-1.307841,-0.4346872,-9.707646
IMU,559463948.0,1,-0.000151341,0.002012919,0.001143556,-1.29241,-0.4399553,-9.692662
IMU,559505463.0,1,0.0006053521,0.006060907,-0.002935859,-1.280102,-0.4168685,-9.631259
IMU,555583163.0,2,-0.06606568,0.03261821,0.01090636,-0.5840521,-0.2156587,-8.950761
IMU,555626397.0,2,-0.02457193,0.0183423,0.1186682,0.2766392,0.2446294,-10.38178
IMU,555673048.0,2,-0.08193068,0.03305299,0.139446,-0.7762968,-0.09275389,-11.21049
IMU,555712665.0,2,-0.08379038,0.01724148,0.1831688,-0.5101816,-1.243331,-9.998483
IMU,555756955.0,2,0.1265989,-0.009345106,0.2525539,-0.1151192,0.2220136,-10.21407
IMU,555796624.0,2,0.1197475,-0.06256489,0.2612625,0.03466696,0.189357,-10.32729
IMU,555840570.0,2,0.08693767,-0.009760753,0.2900994,-0.5499151,-0.1298794,-10.47205
IMU,555881250.0,2,0.1156443,-0.009551759,0.3425633,-0.08643191,-0.3829674,-9.930645
IMU,555921464.0,2,0.08080536,-0.0302716,0.3543092,-0.3417762,0.3815062,-9.586192
IMU,555964978.0,2,0.0562871,0.03278803,0.3388599,-0.6238616,0.3490606,-8.477134
IMU,556004294.0,2,0.1872352,0.01095357,0.382438,0.2402267,-0.0124517,-9.015785
IMU,556044298.0,2,0.2383548,-0.06024581,0.2829122,-0.3010475,-0.9478099,-1.659558
IMU,556085955.0,2,0.1893085,-0.1343354,0.1955107,-0.02157574,-0.2189387,-0.7419263
IMU,556126774.0,2,0.2082696,-0.1298697,0.1349566,0.02290922,-0.02860831,-0.2535168
IMU,556166099.0,2,0.186404,-0.1226819,0.07286449,-0.01890942,0.03015159,-0.06846102
IMU,556205983.0,2,0.1957004,-0.1143456,0.03948088,0.01265703,-0.01327348,-0.1471593
IMU,556246463.0,2,0.1934662,-0.1188531,0.02250309,-0.02974149,0.0002946803,-0.1979074
IMU,556286788.0,2,0.1757313,-0.1105659,0.0140008,-0.03757197,-0.01269979,-0.209796
IMU,556327135.0,2,0.175716,-0.1047178,0.008718727,-0.01930814,-0.004540913,-0.1949088
IMU,556367023.0,2,0.1736817,-0.1012282,0.01178316,-0.03308541,-0.02190871,-0.2788305
IMU,556407458.0,2,0.1613925,-0.0929864,0.005981994,-0.03983031,-0.02148774,-0.3606721
IMU,556447468.0,2,0.1455473,-0.09013479,0.003503444,-0.06746533,-0.04817439,-0.4068918
IMU,556489024.0,2,0.1262847,-0.07808352,0.004289397,-0.06130758,-0.04165312,-0.4530019
IMU,556528809.0,2,0.1177483,-0.07549265,0.002332279,-0.07398777,-0.02869055,-0.526578
IMU,556568931.0,2,0.1159285,-0.0751857,-0.0002361621,-0.06693222,-0.02724687,-0.6286666
IMU,556608456.0,2,0.1069902,-0.07099985,0.001079262,-0.05943138,-0.04548707,-0.6803577
IMU,556648985.0,2,0.0805418,-0.05901613,-0.004110425,-0.08705858,-0.05666955,-0.7852221
IMU,556689954.0,2,0.04787957,-0.0410761,-0.004743452,-0.08272839,-0.05758705,-0.9005613
IMU,556730962.0,2,0.01125549,-0.02250667,0.003878049,-0.1111224,-0.07400365,-1.000671
IMU,556770620.0,2,-0.03376756,0.002382621,0.007516252,-0.136989,-0.07152172,-1.164541
IMU,556810614.0,2,-0.08475754,0.02739366,0.01627858,-0.1442023,-0.08191798,-1.314304
IMU,556850671.0,2,-0.1313749,0.05743719,0.02689579,-0.1478847,-0.08003981,-1.413102
IMU,556892843.0,2,-0.1738265,0.08148853,0.03382127,-0.1443932,-0.08287489,-1.544133
IMU,556931967.0,2,-0.2157191,0.1068399,0.04904545,-0.1598016,-0.06392878,-1.696535
IMU,556971947.0,2,-0.2438449,0.133411,0.05250923,-0.1529561,-0.03648412,-1.761174
IMU,557012041.0,2,-0.24063,0.1661194,0.04605991,-0.1584377,-0.04366947,-1.858988
IMU,557052075.0,2,-0.2828412,0.1948469,0.02971302,-0.1114505,-0.1014712,-2.164389
IMU,557094193.0,2,-0.3773396,0.226441,0.0128269,-0.1404334,-0.09548689,-2.359032
IMU,557133520.0,2,-0.4809161,0.2658299,-0.003402859,-0.1409008,-0.1307914,-2.5206
IMU,557173483.0,2,-0.5965687,0.3271519,-0.002989117,-0.1210027,-0.1114666,-2.526363
IMU,557213502.0,2,-0.5215533,0.3543323,-0.02011864,-0.2812883,-0.05850673,-2.895304
IMU,557253942.0,2,-0.2856014,0.2650486,-0.1012234,0.01781646,0.07945015,-3.935822
IMU,557293987.0,2,-0.1305793,0.1073937,-0.1333263,-0.2257305,-0.1606011,-3.921171
IMU,557334132.0,2,-1.040188,0.1828613,-0.1630689,-8.86937,0.3211588,-43.55218
IMU,557374000.0,2,1.478269,-0.1695517,-0.7967657,-19.64479,0.9698951,-37.88565
IMU,557414449.0,2,3.182189,-3.847902,-0.590058,1.502364,-0.9258581,-6.793764
IMU,557454681.0,2,3.069894,-2.814182,-0.4580598,0.5176668,-1.962673,0.4353203
IMU,557495221.0,2,1.734073,-2.031695,-0.44276,0.06859171,-0.1625874,0.1858417
IMU,557534962.0,2,0.3229817,-0.8849242,-0.3237786,-0.3479397,-0.4977284,-0.9816877
IMU,557575059.0,2,-0.4195293,0.03598922,-0.1846419,-0.8061467,-0.8680165,-0.4843503
IMU,557615463.0,2,-0.9910948,0.6379102,0.01746914,-1.475289,-1.79749,-1.298969
IMU,557655166.0,2,-1.902248,1.131373,0.3568701,-2.626014,-3.383917,-2.248634
IMU,557696163.0,2,-3.028717,1.719177,0.6558561,-4.500302,-5.445901,-4.582719
IMU,557735404.0,2,-3.078389,2.598684,0.6342573,-6.985472,-3.45942,-10.1188
IMU,557775477.0,2,0.1850686,3.23499,0.7759276,-2.607661,5.399794,-22.5311
IMU,557815418.0,2,0.4568956,0.09130749,-0.1380952,5.350367,2.958183,-23.56105
IMU,557855921.0,2,0.3225617,-0.9532018,-0.1808878,-0.8345499,-2.252431,-6.768346
IMU,557896019.0,2,-0.05327292,-0.3817626,0.09502727,-3.045015,-1.778803,-5.461575
IMU,557935435.0,2,-0.1030043,0.3071661,0.06885681,-1.974108,0.3405691,-8.439747
IMU,557975425.0,2,-0.01509122,0.2725109,-0.04562169,-1.046126,-0.3140599,-11.67784
IMU,558015705.0,2,0.0226167,-0.0948122,0.003523169,-0.9365653,-0.739428,-10.10626
IMU,558055957.0,2,-0.0174856,0.005180378,0.002943538,-1.778948,-0.3793865,-9.106056
IMU,558095633.0,2,-0.003759261,0.01357703,0.002518929,-1.137179,-0.523149,-10.08227
IMU,558137914.0,2,-0.0009093873,0.001441242,0.0001218791,-1.534519,-0.493558,-9.591232
IMU,558177982.0,2,0.0003649017,0.0007500206,0.0003499395,-1.256747,-0.452859,-9.785301
IMU,558218217.0,2,-0.001557615,0.00144241,0.001381176,-1.41219,-0.5315558,-9.731072
IMU,558258103.0,2,0.0009538932,-0.003078157,-0.00194317,-1.36424,-0.5138449,-9.771299
IMU,558298614.0,2,0.001127804,0.0009151074,0.002554303,-1.370906,-0.4757912,-9.682144
IMU,558338004.0,2,0.001569923,-0.0003005365,0.0009920212,-1.354745,-0.4906443,-9.761338
IMU,558378010.0,2,0.001089202,0.001960969,0.0008793179,-1.365965,-0.5066468,-9.743114
IMU,558418216.0,2,0.001754671,-0.0002838534,0.001460468,-1.370544,-0.4985642,-9.744456
IMU,558458601.0,2,0.001386218,0.001791158,0.0009147522,-1.367046,-0.5024657,-9.745821
IMU,558497964.0,2,0.001000506,-0.0002351967,0.0004214553,-1.361794,-0.4957455,-9.742102
IMU,558537995.0,2,0.001486141,-6.2586e-05,0.001172928,-1.362213,-0.4887906,-9.751561
IMU,558578202.0,2,-0.0003918663,-0.000905633,0.000921991,-1.355089,-0.4960191,-9.735114
IMU,558617835.0,2,0.0009852059,0.0003400703,-9.43671e-05,-1.353986,-0.5016412,-9.737401
IMU,558658763.0,2,0.0004157168,0.001391173,0.001800188,-1.370279,-0.5110309,-9.74408
IMU,558700628.0,2,0.0007957238,0.001805521,0.001197109,-1.360409,-0.4930368,-9.737742
IMU,558740932.0,2,0.0008330856,0.001267941,0.001290309,-1.352448,-0.493948,-9.756306
IMU,558780649.0,2,0.001591554,-0.0004121033,0.001935736,-1.367049,-0.4934285,-9.748649
IMU,558819953.0,2,-0.0001940962,0.0002826538,0.0008685415,-1.35559,-0.4906057,-9.756457
IMU,558860031.0,2,0.0002942792,-0.001358043,0.0005342245,-1.368572,-0.492228,-9.742751
IMU,558900965.0,2,0.001076692,0.002227716,0.0006813077,-1.36631,-0.4984109,-9.752751
IMU,558940911.0,2,0.001200544,0.00161201,-0.00018521,-1.356144,-0.4891472,-9.746675
IMU,558981001.0,2,0.001702339,-0.000715646,0.0009970492,-1.357202,-0.5061927,-9.736135
IMU,559021205.0,2,0.0006118379,0.0001502045,0.001051084,-1.355352,-0.4882982,-9.745817
IMU,559061723.0,2,0.002018307,-0.0009070647,0.001436876,-1.377815,-0.4971183,-9.719503
IMU,559102674.0,2,0.0005526908,-0.0002531425,4.156897e-05,-1.349756,-0.5087053,-9.737657
IMU,559142261.0,2,0.001143724,-0.0006714151,0.000516888,-1.373768,-0.4926194,-9.727509
IMU,559182809.0,2,0.0004301951,-0.0006157257,0.001551969,-1.357439,-0.4973778,-9.752411
IMU,559223029.0,2,0.0006252106,0.001052062,-0.0001895292,-1.355173,-0.4892345,-9.750392
IMU,559263144.0,2,0.001017547,-0.0001627533,0.001148083,-1.351595,-0.4820916,-9.724541
IMU,559304140.0,2,0.0004972554,-0.001066576,0.001796399,-1.353316,-0.4936906,-9.749372
IMU,559343763.0,2,0.001274463,0.0004795624,0.001610585,-1.357007,-0.4892479,-9.747636
IMU,559384588.0,2,0.001962429,-0.0005213228,0.0007390798,-1.354373,-0.4960762,-9.744859
IMU,559424409.0,2,0.0006884951,-0.001117425,0.0009869394,-1.356329,-0.4996645,-9.721057
IMU,559463948.0,2,0.0005588121,0.001015753,0.002146556,-1.361374,-0.5102166,-9.738561
IMU,559505463.0,2,0.0005624651,-0.0004155421,0.0005764338,-1.353233,-0.4995052,-9.747207
