ARM,867255191.0,0.0
AHR2,866701462.0,-1.19,-4.27,51.24,465.61,43.2382645,-7.6818907
AHR2,866806733.0,-2.34,-6.86,48.15,465.59,43.2382648,-7.6818894
AHR2,866912629.0,-2.02,-7.82,44.41,465.79,43.2382657,-7.6818886
AHR2,867016998.0,-1.77,-8.36,41.41,465.96,43.2382663,-7.6818877
AHR2,867122581.0,0.12,-7.7,37.88,465.96,43.2382673,-7.681886
AHR2,867225584.0,1.63,-7.05,35.63,466.24,43.238268,-7.681885
AHR2,867325604.0,3.18,-6.75,33.8,466.37,43.2382684,-7.6818837
AHR2,867426625.0,5.02,-7.18,30.11,466.1,43.2382692,-7.6818824
AHR2,867528022.0,7.0,-7.74,25.53,466.26,43.2382706,-7.6818813
AHR2,867628414.0,9.12,-8.42,20.85,466.22,43.2382715,-7.6818802
AHR2,867729459.0,10.55,-8.91,16.11,466.16,43.2382717,-7.6818787
AHR2,867829778.0,11.29,-9.14,11.54,466.02,43.2382725,-7.6818774
AHR2,867930588.0,11.33,-8.89,7.06,465.91,43.2382733,-7.6818764
AHR2,868031170.0,10.41,-8.48,2.62,465.58,43.2382741,-7.6818753
AHR2,868132213.0,8.11,-7.58,358.23,465.09,43.238275,-7.6818743
AHR2,868232030.0,3.36,-6.19,353.89,464.98,43.2382759,-7.6818732
AHR2,868334011.0,-3.0,-4.96,349.47,464.52,43.2382763,-7.681872
AHR2,868433999.0,-9.73,-4.56,344.88,463.84,43.2382771,-7.6818708
AHR2,868536709.0,-16.82,13.29,337.7,463.07,43.2382777,-7.6818699
AHR2,868637023.0,11.56,-27.57,335.37,460.42,43.2382785,-7.6818689
AHR2,868737713.0,10.47,-41.15,331.73,459.38,43.238275,-7.6818694
AHR2,868837484.0,12.43,-38.77,329.15,459.96,43.2382743,-7.681869
AHR2,868938147.0,12.04,-19.67,332.93,460.07,43.2382754,-7.6818667
AHR2,869038148.0,3.86,-7.58,335.54,460.0,43.2382753,-7.6818657
AHR2,869139024.0,4.48,-9.18,335.92,459.92,43.2382735,-7.6818673
AHR2,869239637.0,4.25,-8.89,336.05,460.01,43.2382728,-7.6818672
AHR2,869341042.0,4.2,-8.76,336.23,460.0,43.2382736,-7.6818671
AHR2,869440840.0,4.12,-8.71,336.4,460.03,43.2382736,-7.681867
AHR2,869541960.0,4.06,-8.66,336.56,460.11,43.2382734,-7.6818671
AHR2,869642557.0,3.99,-8.6,336.72,459.86,43.2382734,-7.6818671
AHR2,869743475.0,3.93,-8.55,336.89,460.13,43.238273,-7.6818677
AHR2,869844148.0,3.87,-8.5,337.05,459.95,43.238273,-7.6818677
AHR2,869944580.0,3.81,-8.44,337.2,460.0,43.238273,-7.6818683
AHR2,870044826.0,3.75,-8.39,337.36,460.08,43.238273,-7.6818683
AHR2,870145419.0,3.7,-8.34,337.51,460.0,43.2382729,-7.6818687
AHR2,870245414.0,3.65,-8.29,337.67,460.0,43.2382729,-7.6818687
AHR2,870345993.0,3.6,-8.24,337.83,460.08,43.2382724,-7.6818691
AHR2,870446008.0,3.55,-8.19,337.98,460.07,43.2382723,-7.6818691
ATT,866700671.0,-1.604384,-0.4687793,-6.223923,-4.481427,85.61475,80.54227
ATT,866805975.0,-1.506115,-1.39489,-7.167565,-6.946105,79.29924,73.64142
ATT,866911925.0,-0.7916883,-0.9682971,-7.732196,-7.752358,72.90118,67.76039
ATT,867016406.0,0.5199355,-0.6433019,-7.900586,-8.170292,67.58717,63.85248
ATT,867121710.0,1.700036,1.195445,-7.710985,-7.439136,64.17281,59.89615
ATT,867224980.0,2.637385,2.536122,-7.376471,-6.776814,62.46187,57.25237
ATT,867324963.0,1.94647,4.009569,-5.197542,-6.460931,54.98284,55.04297
ATT,867425976.0,0.9880193,5.74601,-2.638181,-6.93461,51.08404,51.17018
ATT,867527388.0,0.4989329,7.322065,-1.332229,-7.408496,45.31135,45.4211
ATT,867627708.0,0.2548321,8.595823,-0.6804417,-7.976633,38.87487,39.00375
ATT,867728797.0,0.1288813,9.347075,-0.3441296,-8.431758,32.69574,32.83595
ATT,867828993.0,0.06579845,9.638856,-0.1756919,-8.665941,27.12684,27.27147
ATT,867930025.0,0.03328482,9.414355,-0.08887835,-8.461601,21.83794,21.97915
ATT,868030615.0,0.01699345,8.472377,-0.04537633,-8.138154,16.62828,16.75537
ATT,868131612.0,0.008581464,6.151268,-0.02291203,-7.360567,11.52196,11.61422
ATT,868231468.0,0.004381241,1.378558,-0.01169752,-6.14165,6.517271,6.537933
ATT,868333193.0,0.002210133,-4.977828,-0.005902498,-5.096141,1.52356,1.449166
ATT,868433211.0,0.001127675,-11.65988,-0.003013282,-4.868533,356.517,356.3438
ATT,868536156.0,0.000567254,-19.00748,-0.001516188,12.89384,348.3212,348.0358
ATT,868636465.0,0.0002886008,8.85276,-0.0007709643,-27.441,347.1169,347.2649
ATT,868737032.0,0.0001465126,7.192613,-0.0003911664,-40.709,343.8391,343.9802
ATT,868836921.0,0.0001441621,8.903677,-0.0003844357,-38.24866,341.062,341.2303
ATT,868937325.0,0.0001415374,8.79025,-0.0003770493,-17.62119,343.6702,343.8071
ATT,869037482.0,0.0001391551,0.5512792,-0.0003704736,-3.349221,345.544,345.5522
ATT,869138385.0,0.000133925,1.09996,-0.0003564244,-4.243813,346.0279,346.0443
ATT,869239102.0,0.0001311574,0.9205009,-0.0003492032,-4.092645,346.1726,346.1864
ATT,869340456.0,0.0001226069,0.9222772,-0.0003277963,-4.087574,346.3413,346.355
ATT,869440205.0,0.0001226069,0.917712,-0.0003277962,-4.042403,346.4245,346.4382
ATT,869541266.0,0.0001204453,0.9167292,-0.0003213124,-3.987736,346.4748,346.4885
ATT,869641827.0,0.0001204453,0.9061356,-0.0003213124,-3.934004,346.5021,346.5157
ATT,869742810.0,0.000118205,0.9021199,-0.0003147255,-3.889535,346.5207,346.5341
ATT,869843517.0,0.0001158605,0.8928015,-0.0003079736,-3.850121,346.5139,346.5273
ATT,869943943.0,0.0001158605,0.8802065,-0.0003079736,-3.807989,346.5093,346.5224
ATT,870044209.0,0.0001158605,0.871532,-0.0003079736,-3.772126,346.5016,346.5147
ATT,870144789.0,0.0001158605,0.8629608,-0.0003079736,-3.748181,346.4857,346.4986
ATT,870244782.0,0.0001158605,0.8584577,-0.0003079736,-3.724833,346.4576,346.4704
ATT,870345366.0,0.0001158605,0.8551993,-0.0003079736,-3.713089,346.434,346.4468
ATT,870445454.0,0.0001158605,0.849387,-0.0003079736,-3.699155,346.3873,346.4
BARO,866640009.0,0,2.906647,465.7266,96571.31
BARO,866745067.0,0,2.881195,465.7012,96571.59
BARO,866848921.0,0,3.084656,465.9046,96569.38
BARO,866954621.0,0,3.257019,466.077,96567.52
BARO,867058961.0,0,3.257019,466.077,96567.54
BARO,867164229.0,0,3.531128,466.3511,96564.57
BARO,867267926.0,0,3.669586,466.4896,96563.06
BARO,867368294.0,0,3.395477,466.2155,96566.02
BARO,867468620.0,0,3.559387,466.3794,96564.25
BARO,867570215.0,0,3.516998,466.337,96564.72
BARO,867670214.0,0,3.451996,466.272,96565.43
BARO,867771031.0,0,3.313538,466.1335,96566.92
BARO,867871635.0,0,3.206177,466.0262,96568.08
BARO,867972807.0,0,2.878387,465.6984,96571.62
BARO,868073204.0,0,2.386719,465.2067,96576.93
BARO,868174697.0,0,2.27652,465.0965,96578.12
BARO,868274618.0,0,1.81308,464.6331,96583.13
BARO,868376187.0,0,1.134918,463.9549,96590.46
BARO,868476209.0,0,0.3634949,463.1835,96598.8
BARO,868578839.0,0,-2.28421,460.5358,96627.46
BARO,868678603.0,0,-3.321259,459.4987,96638.69
BARO,868779616.0,0,-2.744812,460.0752,96632.44
BARO,868882490.0,0,-2.631775,460.1882,96631.23
BARO,868982758.0,0,-2.708069,460.1119,96632.05
BARO,869082995.0,0,-2.790009,460.03,96632.91
BARO,869183716.0,0,-2.691101,460.1289,96631.85
BARO,869284042.0,0,-2.708069,460.1119,96632.05
BARO,869385734.0,0,-2.676971,460.143,96631.71
BARO,869488245.0,0,-2.595032,460.2249,96630.82
BARO,869589439.0,0,-2.849365,459.9706,96633.57
BARO,869690779.0,0,-2.575256,460.2447,96630.59
BARO,869790716.0,0,-2.753265,460.0667,96632.54
BARO,869894017.0,0,-2.708069,460.1119,96632.03
BARO,869994136.0,0,-2.620453,460.1995,96631.09
BARO,870094762.0,0,-2.708069,460.1119,96632.05
BARO,870194983.0,0,-2.708069,460.1119,96632.03
BARO,870294938.0,0,-2.620453,460.1995,96631.09
BARO,870395601.0,0,-2.634583,460.1854,96631.24
BARO,870496149.0,0,-2.634583,460.1854,96631.23
BARO,866640009.0,1,3.098785,465.9188,96555.66
BARO,866745067.0,1,3.265503,466.0855,96553.86
BARO,866848921.0,1,3.714783,466.5348,96549.01
BARO,866954621.0,1,3.686554,466.5065,96549.3
BARO,867058961.0,1,3.757172,466.5771,96548.54
BARO,867164229.0,1,3.810883,466.6309,96547.95
BARO,867267926.0,1,3.632843,466.4528,96549.88
BARO,867368294.0,1,3.728912,466.5489,96548.84
BARO,867468620.0,1,3.96347,466.7834,96546.3
BARO,867570215.0,1,3.912598,466.7326,96546.88
BARO,867670214.0,1,3.810883,466.6309,96547.95
BARO,867771031.0,1,3.728912,466.5489,96548.86
BARO,867871635.0,1,3.39267,466.2126,96552.5
BARO,867972807.0,1,3.251373,466.0714,96554.0
BARO,868073204.0,1,2.703186,465.5232,96559.94
BARO,868174697.0,1,2.621246,465.4412,96560.81
BARO,868274618.0,1,2.157837,464.9778,96565.84
BARO,868376187.0,1,1.691589,464.5116,96570.89
BARO,868476209.0,1,0.7138672,463.5338,96581.46
BARO,868578839.0,1,-2.888916,459.9311,96620.43
BARO,868678603.0,1,-3.555786,459.2642,96627.63
BARO,868779616.0,1,-2.281372,460.5386,96613.86
BARO,868882490.0,1,-2.295502,460.5245,96614.0
BARO,868982758.0,1,-2.29834,460.5216,96614.04
BARO,869082995.0,1,-2.535706,460.2843,96616.59
BARO,869183716.0,1,-2.303986,460.516,96614.09
BARO,869284042.0,1,-2.530029,460.2899,96616.53
BARO,869385734.0,1,-2.329407,460.4906,96614.37
BARO,869488245.0,1,-2.479187,460.3408,96615.98
BARO,869589439.0,1,-2.490479,460.3295,96616.1
BARO,869690779.0,1,-2.346375,460.4736,96614.56
BARO,869790716.0,1,-2.301147,460.5188,96614.05
BARO,869894017.0,1,-2.58374,460.2362,96617.12
BARO,869994136.0,1,-2.504608,460.3154,96616.25
BARO,870094762.0,1,-2.337891,460.4821,96614.45
BARO,870194983.0,1,-2.484833,460.3351,96616.03
BARO,870294938.0,1,-2.332245,460.4877,96614.38
BARO,870395601.0,1,-2.346375,460.4736,96614.55
BARO,870496149.0,1,-2.405701,460.4143,96615.2
GPS,866696477.0,4,23,43.2382642,-7.6818921,466.56,1.025,-1.106,0.0
GPS,866881485.0,4,23,43.238265,-7.68189,466.86,0.974,-1.286,0.0
GPS,867071807.0,4,23,43.2382662,-7.6818877,467.14,1.129,-1.145,0.0
GPS,867320144.0,4,22,43.2382676,-7.6818852,467.39,1.325,-1.011,0.0
GPS,867481040.0,4,23,43.2382692,-7.681883,467.53,1.33,-0.191,0.0
GPS,867683075.0,4,22,43.2382706,-7.6818807,467.36,1.302,2.089,0.0
GPS,867884439.0,4,23,43.2382721,-7.6818782,466.78,1.256,4.029,0.0
GPS,868085785.0,4,23,43.2382736,-7.681876,465.85,1.309,5.695,0.0
GPS,868306938.0,4,23,43.2382751,-7.6818737,464.54,1.351,7.324,0.0
GPS,868489170.0,4,23,43.2382765,-7.6818715,462.95,1.172,8.75,0.0
GPS,868671708.0,4,22,43.2382764,-7.6818701,461.25,0.924,8.572001,0.0
GPS,868872404.0,4,22,43.2382755,-7.6818686,460.52,0.8560001,-1.003,0.0
GPS,869072999.0,4,18,43.2382746,-7.6818675,460.59,0.7220001,0.263,0.0
GPS,869314827.0,4,23,43.2382736,-7.6818671,460.64,0.057,-0.086,0.0
GPS,869475654.0,4,23,43.2382734,-7.6818671,460.72,0.03,-0.085,0.0
GPS,869677644.0,4,22,43.238273,-7.6818677,460.77,0.005,-0.047,0.0
GPS,869879183.0,4,22,43.238273,-7.6818683,460.86,0.019,-0.014,0.0
GPS,870079787.0,4,22,43.2382729,-7.6818687,460.92,0.022,0.06500001,0.0
GPS,870300223.0,4,22,43.2382724,-7.6818691,460.95,0.067,0.07600001,0.0
IMU,866655032.0,0,0.01003555,-0.2426896,-0.6543859,0.4113087,0.4124072,-11.06736
IMU,866698475.0,0,-0.4357509,-0.3601496,-0.5495725,0.5776476,-0.6820291,-10.45288
IMU,866739694.0,0,-0.2612803,-0.3064117,-0.6575223,-0.07897014,-1.906572,-10.66907
IMU,866779640.0,0,-0.1779634,-0.3743093,-0.6030821,-0.2803168,0.9447727,-10.1951
IMU,866823694.0,0,-0.1085434,-0.2310633,-0.676627,-0.754216,-0.6217164,-10.33833
IMU,866863693.0,0,-0.1191017,-0.2114606,-0.4689865,0.3838141,0.6288633,-10.09979
IMU,866909722.0,0,-0.09317873,-0.180367,-0.5265251,0.1854822,0.2710229,-10.30449
IMU,866949938.0,0,0.07531721,0.01787279,-0.628736,-0.05985259,-0.1829893,-9.9228
IMU,866989474.0,0,0.2543372,-0.0110685,-0.5801986,-0.3814719,-0.2977483,-9.845689
IMU,867034062.0,0,0.2891135,0.09917572,-0.6123714,-0.8006362,-0.6168628,-9.352401
IMU,867074063.0,0,0.04503805,0.09222504,-0.4683268,0.06056511,0.355206,-10.06544
IMU,867119201.0,0,0.2794744,0.1732378,-0.465481,-1.323012,-0.7268237,-9.570489
IMU,867159264.0,0,0.07754396,0.05964536,-0.416156,0.5032386,-0.05082193,-10.39365
IMU,867199146.0,0,0.2058093,0.156711,-0.4320368,-0.03398687,-0.5360404,-9.841391
IMU,867242910.0,0,0.3173234,0.1344772,-0.3920409,-1.252852,-1.194844,-9.775122
IMU,867282480.0,0,0.301197,0.1734786,-0.3166441,-1.269356,-1.304801,-8.749357
IMU,867322582.0,0,0.3406018,-0.07450768,-0.4473914,-0.1879499,1.171398,-2.501722
IMU,867363701.0,0,0.2390745,-0.1206898,-0.5687502,0.03225429,-0.3360196,0.1024064
IMU,867403234.0,0,0.225045,-0.1374055,-0.6806469,-0.2272694,-0.08661165,-0.1917391
IMU,867443232.0,0,0.1909892,-0.1604889,-0.7319809,-0.1168671,-0.09571944,-0.05111192
IMU,867483250.0,0,0.192547,-0.1646398,-0.7831889,-0.07275023,-0.1608082,0.04214738
IMU,867525587.0,0,0.1854742,-0.1966031,-0.7842218,-0.07538602,-0.1255056,-0.02779947
IMU,867564938.0,0,0.1448268,-0.2108623,-0.7828897,-0.09455822,-0.1300236,-0.02818415
IMU,867605204.0,0,0.1265618,-0.2152757,-0.7805258,-0.07298192,-0.1221001,-0.03553237
IMU,867645206.0,0,0.09425757,-0.2189318,-0.7834537,-0.05625259,-0.1664662,-0.1318365
IMU,867685212.0,0,0.02778261,-0.2036646,-0.7801592,-0.06866871,-0.1855344,-0.3221777
IMU,867726570.0,0,-0.01994173,-0.1923981,-0.7731454,-0.07498644,-0.1308935,-0.4314255
IMU,867766066.0,0,-0.04247649,-0.1921111,-0.7733944,-0.09817097,-0.143829,-0.4864542
IMU,867805965.0,0,-0.06721068,-0.1678008,-0.7739345,-0.1578404,-0.1296322,-0.5374044
IMU,867846435.0,0,-0.1106874,-0.1139567,-0.7704915,-0.1603666,-0.1608428,-0.6238874
IMU,867892589.0,0,-0.1476394,-0.09000662,-0.7729952,-0.1874731,-0.1377537,-0.7464711
IMU,867932559.0,0,-0.176575,-0.09170907,-0.7721019,-0.1377346,-0.130656,-0.7561681
IMU,867973039.0,0,-0.2293392,-0.0869443,-0.7775587,-0.1703271,-0.2122658,-0.7787749
IMU,868013531.0,0,-0.3009059,-0.05567771,-0.7802015,-0.1800531,-0.2228691,-0.9095746
IMU,868053015.0,0,-0.3745571,-0.02563698,-0.7799733,-0.188012,-0.2388361,-1.088367
IMU,868094101.0,0,-0.4784675,0.03454615,-0.7850193,-0.2232887,-0.3025129,-1.344391
IMU,868134038.0,0,-0.647379,0.09400813,-0.7951239,-0.2000716,-0.3410861,-1.630353
IMU,868174928.0,0,-0.8279896,0.1460231,-0.7964674,-0.1770204,-0.3013555,-1.663014
IMU,868215140.0,0,-1.004189,0.1890587,-0.7971053,-0.1723383,-0.2679331,-1.786801
IMU,868254083.0,0,-1.129832,0.2157709,-0.7930548,-0.1083031,-0.1588986,-1.864368
IMU,868294254.0,0,-1.181157,0.2135914,-0.785478,-0.08045852,-0.02131147,-2.059636
IMU,868336138.0,0,-1.157252,0.2027842,-0.789196,-0.07181476,0.04528417,-2.284266
IMU,868376422.0,0,-1.165076,0.1948291,-0.8049334,-0.05456937,0.0431,-2.404819
IMU,868415780.0,0,-1.25512,0.1373883,-0.8380679,0.06943762,-0.2639267,-2.873704
IMU,868455937.0,0,-1.410246,0.1948173,-0.7991346,-0.2494938,-0.1997766,-3.254912
IMU,868495830.0,0,-1.858178,2.581402,-0.7249933,-6.429742,-0.1853043,-17.62149
IMU,868538670.0,0,1.062454,7.503728,1.128718,17.30571,19.75108,-78.90952
IMU,868579041.0,0,5.792777,-12.25646,-0.2600179,-24.51768,-28.10528,-67.40417
IMU,868619577.0,0,2.413849,-4.318153,-0.8617059,-5.078801,0.1749027,1.343525
IMU,868658972.0,0,0.08378356,-3.010443,-0.2930022,-1.118199,-0.4400651,0.7319606
IMU,868699683.0,0,-0.839709,-2.418808,-0.06012924,-1.039339,-0.3139364,1.053057
IMU,868739784.0,0,-0.745244,-1.607466,0.07635877,-2.229582,-0.2033564,-0.5574677
IMU,868779801.0,0,-0.01434795,-0.3385567,-0.2742959,-4.166484,-0.7490593,-1.249508
IMU,868819437.0,0,0.1857768,1.019003,-0.6442116,-6.235418,-1.016112,-1.504145
IMU,868859392.0,0,0.1622579,2.410949,-0.5282764,-8.011824,-1.472768,-2.771824
IMU,868899775.0,0,0.2679175,3.796208,-0.05208775,-7.374973,-2.100134,-4.563203
IMU,868940137.0,0,-0.005642507,4.610292,0.06244305,-3.002516,-2.873211,-8.390799
IMU,868980430.0,0,-1.202409,3.763237,0.03243886,1.422427,-3.288009,-15.59318
IMU,869020176.0,0,-2.062201,1.046026,-0.0729977,4.180699,-0.6210254,-19.51975
IMU,869059955.0,0,-0.3482959,0.07651307,0.1254035,0.94886,2.172231,-10.79358
IMU,869100963.0,0,0.3758307,-0.3973629,0.100596,-1.252186,1.728737,-8.365358
IMU,869141209.0,0,0.1164785,0.01507397,-0.08531043,-1.137627,-0.9842035,-9.532146
IMU,869181187.0,0,-0.07830577,0.04321304,0.01862125,-0.5914536,-1.166793,-9.92045
IMU,869220776.0,0,-0.01801802,-0.003978247,0.005670724,-0.6979893,0.4416848,-9.596539
IMU,869261777.0,0,0.03361082,-0.01266903,-0.007324628,-0.719754,-0.4986907,-9.85492
IMU,869301973.0,0,-0.02087457,0.009902947,0.001991549,-0.7724778,-0.2829784,-9.659399
IMU,869342969.0,0,0.002853277,-0.001973471,0.002983413,-0.692406,-0.1805853,-9.790654
IMU,869383250.0,0,-0.0009663434,0.002086007,-0.00269839,-0.7511702,-0.3395274,-9.720853
IMU,869423550.0,0,-0.003331368,0.0005154027,0.001306214,-0.7163088,-0.236123,-9.71562
IMU,869463061.0,0,0.002726304,-0.004777344,-6.711378e-05,-0.7293756,-0.2715429,-9.72778
IMU,869503774.0,0,-0.003795119,0.004924185,0.003714959,-0.6962717,-0.2509036,-9.678425
IMU,869544467.0,0,0.002020436,-0.002574432,-0.001814997,-0.7550768,-0.2465675,-9.727875
IMU,869583816.0,0,-0.003218394,0.001475847,0.0006980887,-0.7165296,-0.2918394,-9.689091
IMU,869623954.0,0,-0.001188085,0.0001395243,-0.001339734,-0.7437413,-0.2355169,-9.730702
IMU,869664802.0,0,0.0007958668,-0.0001014609,-0.0001115821,-0.7322919,-0.2905613,-9.735469
IMU,869705131.0,0,-0.0008306173,3.98123e-05,0.0003586651,-0.7251318,-0.2677116,-9.711808
IMU,869745179.0,0,-2.446857e-05,0.0004012829,0.0006679516,-0.7291523,-0.2677968,-9.709666
IMU,869785249.0,0,-0.002490167,-0.001113787,-0.0001600829,-0.7356969,-0.2723722,-9.722385
IMU,869825208.0,0,0.0005009751,-0.0005965928,-0.0006115965,-0.7249334,-0.2777348,-9.737581
IMU,869866647.0,0,-0.001616222,-0.000518452,-0.00029551,-0.7338759,-0.2720642,-9.707191
IMU,869906628.0,0,-0.001803939,0.0003028493,-4.854371e-05,-0.73902,-0.2692578,-9.72939
IMU,869946479.0,0,-0.001453312,0.0003661523,-0.0003756465,-0.7301473,-0.2713679,-9.727818
IMU,869986646.0,0,-0.0006692192,-7.101749e-05,0.0005332023,-0.7274705,-0.271486,-9.730479
IMU,870027150.0,0,-0.001046153,0.0001125677,0.001760211,-0.7432716,-0.2546039,-9.716708
IMU,870067009.0,0,-0.002206749,-0.0005974176,-0.00179758,-0.7209993,-0.2755463,-9.726768
IMU,870107160.0,0,-0.002234336,0.001581668,0.0009681386,-0.7329588,-0.2626644,-9.733145
IMU,870147026.0,0,0.001354894,-0.001344979,0.0009468678,-0.7242151,-0.2704153,-9.73753
IMU,870187443.0,0,-0.0005029271,0.0006392849,0.001034708,-0.7334192,-0.2695113,-9.732838
IMU,870227413.0,0,0.0003223759,-0.0002140261,0.0003770807,-0.7183769,-0.2636614,-9.727799
IMU,870267135.0,0,-0.0008928941,-0.0006100112,0.001108202,-0.7294738,-0.2692441,-9.714516
IMU,870307654.0,0,-0.0004517711,5.809412e-05,0.001709192,-0.734129,-0.274276,-9.711656
IMU,870347675.0,0,-0.0006186385,0.000474858,0.001472664,-0.7298383,-0.2685853,-9.736537
IMU,870388167.0,0,-0.0009883605,0.0004465338,-0.001048103,-0.7340185,-0.2777063,-9.708448
IMU,870428232.0,0,-0.0002617979,0.0005602016,0.0009104966,-0.735633,-0.2529128,-9.742149
IMU,870468617.0,0,0.0003559611,0.0001885217,0.0002951765,-0.7371261,-0.2553046,-9.7045
IMU,870508626.0,0,-0.002003877,0.000777884,-0.0005971987,-0.7347606,-0.2629034,-9.709378
IMU,870549151.0,0,-6.216846e-06,-0.000710184,-3.272376e-05,-0.7313316,-0.2663597,-9.702646
IMU,866655032.0,1,-0.06576752,-0.2325149,-0.5990871,-0.3559108,-0.4275225,-11.16561
IMU,866698475.0,1,-0.4169899,-0.3219405,-0.5676807,0.7187169,-0.305452,-10.3963
IMU,866739694.0,1,-0.295176,-0.3235459,-0.5902648,0.2336399,-2.275838,-10.97383
IMU,866779640.0,1,-0.1681609,-0.3727349,-0.615252,-0.2474199,0.5062128,-10.70297
IMU,866823694.0,1,-0.1478713,-0.2509901,-0.6388514,-1.21208,-1.047111,-11.5473
IMU,866863693.0,1,-0.09047439,-0.1913023,-0.4828319,0.6023929,0.244116,-10.18949
IMU,866909722.0,1,-0.07594779,-0.1459859,-0.5334812,0.4794214,0.6494867,-9.703874
IMU,866949938.0,1,-0.03019471,-0.03317244,-0.5704213,0.0443914,-0.9266688,-10.34878
IMU,866989474.0,1,0.1988706,-0.008927139,-0.5740567,-0.13447,-0.5462778,-11.12821
IMU,867034062.0,1,0.2361196,0.06626443,-0.5786456,-1.593563,-1.232663,-9.993496
IMU,867074063.0,1,0.05258397,0.08379504,-0.4745644,0.501831,-0.01825638,-10.29681
IMU,867119201.0,1,0.2473675,0.1357104,-0.4013273,-0.09131239,-0.7168516,-10.22802
IMU,867159264.0,1,0.103396,0.044262,-0.4144791,1.180745,0.6238053,-10.36
IMU,867199146.0,1,0.1784941,0.1166999,-0.3957884,-0.4302087,-1.645499,-10.07456
IMU,867242910.0,1,0.2835267,0.1373847,-0.3718081,-1.349212,-0.9774809,-11.11825
IMU,867282480.0,1,0.2677833,0.1372246,-0.2909012,-0.5113814,-1.803222,-8.828266
IMU,867322582.0,1,0.2613634,-0.09189241,-0.4056094,-0.2341032,0.3513508,-2.018894
IMU,867363701.0,1,0.1895207,-0.1179967,-0.5207297,-0.1859706,-0.4165477,0.09181261
IMU,867403234.0,1,0.1657334,-0.1329692,-0.6258951,-0.1285916,0.01649472,-0.2391061
IMU,867443232.0,1,0.1326835,-0.1583224,-0.671922,-0.1176307,0.01367058,-0.08747791
IMU,867483250.0,1,0.1298409,-0.1612667,-0.7209067,-0.1285516,-0.04672091,0.01104484
IMU,867525587.0,1,0.1194075,-0.1984075,-0.7238196,-0.1167412,0.0002740213,0.03447779
IMU,867564938.0,1,0.08119474,-0.2081018,-0.7244468,-0.01781589,0.03050245,-0.02012073
IMU,867605204.0,1,0.06276727,-0.2146187,-0.7234797,-0.0314128,-0.01713637,0.09054796
IMU,867645206.0,1,0.03499157,-0.220716,-0.7263212,-0.09359061,-0.09049834,-0.2585628
IMU,867685212.0,1,-0.004659531,-0.1914866,-0.7306085,-0.03605396,-0.08600315,-0.3478247
IMU,867726570.0,1,-0.05292584,-0.1827599,-0.71787,-0.1609086,0.01388597,-0.4836809
IMU,867766066.0,1,-0.07159185,-0.1858525,-0.7200564,-0.103877,-0.003039818,-0.498156
IMU,867805965.0,1,-0.09731874,-0.1556684,-0.7205316,-0.1991445,-0.1145987,-0.6372205
IMU,867846435.0,1,-0.1398982,-0.1074749,-0.7192304,-0.188793,-0.009650747,-0.6246078
IMU,867892589.0,1,-0.1772556,-0.08116981,-0.7242618,-0.2197666,-0.07784037,-0.7849325
IMU,867932559.0,1,-0.2059643,-0.0857771,-0.7242845,-0.1843182,-0.05308505,-0.8176674
IMU,867973039.0,1,-0.2578046,-0.07882656,-0.7300634,-0.2118609,0.0140122,-0.7908033
IMU,868013531.0,1,-0.325279,-0.04918975,-0.7343758,-0.2029975,-0.08319022,-1.0394
IMU,868053015.0,1,-0.4005841,-0.01946152,-0.7414754,-0.2727073,-0.08554231,-1.027109
IMU,868094101.0,1,-0.4988486,0.04414308,-0.7465079,-0.2047366,-0.1673602,-1.344997
IMU,868134038.0,1,-0.6682066,0.0982658,-0.7602715,-0.3243435,-0.2087349,-1.607163
IMU,868174928.0,1,-0.8413048,0.1435312,-0.7697918,-0.2153673,-0.1378444,-1.594747
IMU,868215140.0,1,-1.01128,0.1794803,-0.7792079,-0.1613432,-0.1884564,-1.842166
IMU,868254083.0,1,-1.142597,0.2074219,-0.7784135,-0.1391907,-0.1869896,-1.8511
IMU,868294254.0,1,-1.194834,0.206614,-0.7764145,-0.1230697,0.05760606,-2.081051
IMU,868336138.0,1,-1.169142,0.1920765,-0.7724525,-0.09100071,0.1345664,-2.293549
IMU,868376422.0,1,-1.178213,0.1902175,-0.7910291,-0.03702334,0.05210027,-2.390581
IMU,868415780.0,1,-1.271247,0.142844,-0.8232925,0.02626554,-0.1786346,-3.148192
IMU,868455937.0,1,-1.410199,0.1929363,-0.7951356,-0.1898966,-0.1550446,-3.084481
IMU,868495830.0,1,-1.808784,2.471118,-0.7294934,-7.506045,-1.446105,-17.88112
IMU,868538670.0,1,0.6744685,7.310774,0.9652092,18.80066,18.18883,-79.65791
IMU,868579041.0,1,6.078362,-12.23552,0.3084309,-27.81854,-29.41827,-86.4913
IMU,868619577.0,1,2.343992,-4.33711,-0.7654405,-4.911193,0.1110584,1.393265
IMU,868658972.0,1,0.1086278,-2.971089,-0.3003214,-1.265888,-0.2431725,0.5157973
IMU,868699683.0,1,-0.8437791,-2.341024,-0.1043332,-1.157272,-0.2341851,0.9005719
IMU,868739784.0,1,-0.7640609,-1.600346,0.03653935,-2.228438,-0.08356246,-0.4787371
IMU,868779801.0,1,-0.0458815,-0.3437683,-0.2503546,-4.12705,-0.5514561,-1.062273
IMU,868819437.0,1,0.1398626,0.9480742,-0.5811051,-6.318282,-0.9031978,-1.384223
IMU,868859392.0,1,0.1300113,2.308596,-0.4672143,-8.153379,-1.38478,-2.766063
IMU,868899775.0,1,0.2654055,3.655029,-0.005601984,-7.11516,-1.920381,-4.501069
IMU,868940137.0,1,0.03623391,4.447013,0.09127694,-2.683633,-2.93363,-8.736799
IMU,868980430.0,1,-1.101663,3.701901,0.01249677,1.810289,-3.296605,-16.96678
IMU,869020176.0,1,-2.065556,1.14719,-0.1310997,4.219858,-0.665717,-19.63701
IMU,869059955.0,1,-0.3747492,0.1039619,0.08897898,0.7864085,2.146178,-10.43136
IMU,869100963.0,1,0.3333905,-0.3880631,0.1071753,-1.286468,1.660667,-8.428843
IMU,869141209.0,1,0.09041768,0.008421962,-0.06724817,-1.168563,-1.071062,-9.799518
IMU,869181187.0,1,-0.07591813,0.04606701,0.02008213,-0.6627944,-1.078382,-10.08312
IMU,869220776.0,1,-0.01721793,0.0100644,0.01035283,-0.7016746,0.4634409,-9.635468
IMU,869261777.0,1,0.01515767,-0.007045337,-0.005766336,-0.7433545,-0.577459,-9.861808
IMU,869301973.0,1,-0.01871023,0.01927515,0.00710025,-0.8387916,-0.1218111,-9.75833
IMU,869342969.0,1,-0.0005485725,0.006151017,0.002221586,-0.6871395,-0.1475056,-9.756172
IMU,869383250.0,1,-0.000681899,0.005531374,-0.003312057,-0.7666178,-0.4269727,-9.735044
IMU,869423550.0,1,-0.001524466,0.0029901,0.0009150656,-0.7645671,-0.1941505,-9.746728
IMU,869463061.0,1,0.003065655,-3.60193e-05,0.0002633485,-0.812145,-0.2852758,-9.784252
IMU,869503774.0,1,-0.008687673,0.01254683,0.00039811,-0.7256283,-0.2192098,-9.853276
IMU,869544467.0,1,0.0005598342,-0.0006322726,-0.0004987678,-0.8411682,-0.1860775,-9.745966
IMU,869583816.0,1,-0.003143223,0.01119912,0.002768981,-0.759312,-0.1918919,-9.838178
IMU,869623954.0,1,-0.001196679,0.006835816,0.000521793,-0.7715164,-0.1190995,-9.692695
IMU,869664802.0,1,0.0008264631,0.005023259,0.002611496,-0.7351835,-0.2045185,-9.798119
IMU,869705131.0,1,-0.0008524712,0.005885131,0.0004921025,-0.7284616,-0.2591553,-9.733473
IMU,869745179.0,1,-0.0006915747,0.008922528,0.001930686,-0.7848491,-0.1899871,-9.748993
IMU,869785249.0,1,-0.004830641,0.006244307,0.001512152,-0.7209427,-0.2508023,-9.832965
IMU,869825208.0,1,0.001651564,0.007759794,-0.002910513,-0.7614514,-0.2044652,-9.799104
IMU,869866647.0,1,-0.001368013,0.009600725,0.003344326,-0.7380921,-0.222784,-9.833215
IMU,869906628.0,1,0.002897086,0.0063289,0.002429449,-0.7972754,-0.1846152,-9.768542
IMU,869946479.0,1,-0.0009885804,0.008809266,0.0001769677,-0.7538728,-0.2296507,-9.80393
IMU,869986646.0,1,-0.001161563,0.005334947,-0.001499652,-0.6901591,-0.215323,-9.724483
IMU,870027150.0,1,-0.005073437,0.003706102,0.002555097,-0.758451,-0.2093332,-9.856755
IMU,870067009.0,1,-0.001985907,0.0008026912,0.0008655986,-0.7393472,-0.2368018,-9.791318
IMU,870107160.0,1,-0.005377108,0.006749725,0.001092404,-0.7706358,-0.1522042,-9.782413
IMU,870147026.0,1,9.039798e-05,0.007576768,0.001145502,-0.6671917,-0.2187129,-9.750409
IMU,870187443.0,1,-0.0009534455,0.005289756,0.003397096,-0.7308,-0.1822699,-9.605719
IMU,870227413.0,1,-0.002645097,0.004561006,-0.001632588,-0.7709367,-0.2282697,-9.72859
IMU,870267135.0,1,-0.001712186,0.003992384,0.0009608341,-0.6951498,-0.1383922,-9.800029
IMU,870307654.0,1,-5.995766e-05,0.009563406,0.004151519,-0.7997152,-0.2106736,-9.735252
IMU,870347675.0,1,0.0005177888,0.01105334,0.001049305,-0.7733889,-0.1831053,-9.823315
IMU,870388167.0,1,-0.001063057,-0.001627069,0.0005775299,-0.6701747,-0.2660218,-9.886375
IMU,870428232.0,1,-0.0008839039,0.0007093091,-0.002618477,-0.7125726,-0.2631675,-9.840879
IMU,870468617.0,1,-0.002408968,0.0009882897,0.002703299,-0.7159463,-0.1625142,-9.7826
IMU,870508626.0,1,-0.0002514028,0.002672143,-0.0006028325,-0.7009318,-0.2110495,-9.670043
IMU,870549151.0,1,-3.335221e-05,-0.0008982127,0.002526756,-0.749911,-0.1828747,-9.67909
IMU,866655032.0,2,-0.08364565,-0.2401174,-0.6067858,-0.8363739,-1.055632,-10.5711
IMU,866698475.0,2,-0.3994234,-0.3379093,-0.6078625,0.4271741,-0.0001043261,-9.300205
IMU,866739694.0,2,-0.3367678,-0.3200848,-0.6436823,0.330222,-0.1267047,-10.23599
IMU,866779640.0,2,-0.2045122,-0.4002199,-0.6056682,0.4942971,0.2995099,-10.38379
IMU,866823694.0,2,-0.1970162,-0.2749795,-0.6049381,-0.7617834,0.6079313,-10.31628
IMU,866863693.0,2,-0.02895874,-0.2117818,-0.5860282,-1.109525,-0.7709373,-10.05105
IMU,866909722.0,2,-0.05980904,-0.1619908,-0.5969112,-0.7288483,-0.6556367,-10.83031
IMU,866949938.0,2,-0.03837457,-0.008000989,-0.6162453,-0.3152496,0.7455304,-9.872028
IMU,866989474.0,2,0.1475118,-0.02963633,-0.5914803,0.215089,-0.411084,-10.43375
IMU,867034062.0,2,0.2062867,0.04297673,-0.5722517,-0.5781483,0.3605719,-9.311786
IMU,867074063.0,2,0.1241554,0.06509241,-0.5550385,-0.6015028,-0.09202529,-10.16132
IMU,867119201.0,2,0.2603424,0.1262586,-0.497079,0.2487757,-0.2451832,-9.14601
IMU,867159264.0,2,0.1767894,0.0382569,-0.4830369,-1.199159,-0.9044988,-10.5178
IMU,867199146.0,2,0.1971829,0.1170236,-0.4279805,-0.9954079,-0.827192,-9.673577
IMU,867242910.0,2,0.2602805,0.1144888,-0.3392719,-0.07050499,0.04579168,-9.925264
IMU,867282480.0,2,0.2032426,0.09261382,-0.2851793,0.2714612,0.0612129,-8.312799
IMU,867322582.0,2,0.2330744,-0.04746303,-0.4080514,0.02004178,-0.3737893,-1.785171
IMU,867363701.0,2,0.2286247,-0.1368368,-0.5790164,0.09346344,-0.2474611,-0.2287518
IMU,867403234.0,2,0.2197475,-0.1492863,-0.6793907,-0.0626545,-0.182197,-0.09831493
IMU,867443232.0,2,0.1865684,-0.1738049,-0.7318966,-0.04127523,-0.08016576,-0.1054474
IMU,867483250.0,2,0.1846501,-0.1769278,-0.7795641,-0.01691552,-0.116963,-0.1052753
IMU,867525587.0,2,0.1772152,-0.2069452,-0.7807575,-0.0566221,-0.1280089,-0.1156669
IMU,867564938.0,2,0.1355628,-0.220626,-0.7791901,-0.05825625,-0.1054875,-0.1366699
IMU,867605204.0,2,0.1185833,-0.2263288,-0.7784236,-0.04982192,-0.09148003,-0.1474948
IMU,867645206.0,2,0.08677786,-0.2282843,-0.7787955,-0.03110185,-0.1223344,-0.2407878
IMU,867685212.0,2,0.02185428,-0.2131677,-0.7748593,-0.06091021,-0.1547838,-0.4541768
IMU,867726570.0,2,-0.02651485,-0.2005205,-0.7695662,-0.04960699,-0.127117,-0.5316808
IMU,867766066.0,2,-0.04799487,-0.1975898,-0.7684925,-0.08773148,-0.1218013,-0.5746341
IMU,867805965.0,2,-0.07142372,-0.172245,-0.7691481,-0.1433487,-0.1060851,-0.624441
IMU,867846435.0,2,-0.1129853,-0.1174745,-0.7666762,-0.1419832,-0.1390211,-0.7768008
IMU,867892589.0,2,-0.1504434,-0.09199692,-0.769175,-0.1257376,-0.1273117,-0.8302946
IMU,867932559.0,2,-0.179154,-0.09480741,-0.7689701,-0.117418,-0.1348339,-0.8744612
IMU,867973039.0,2,-0.2313962,-0.08706113,-0.7714185,-0.1462474,-0.1860412,-0.8964137
IMU,868013531.0,2,-0.3019305,-0.05472067,-0.7755846,-0.1500562,-0.2098842,-1.052648
IMU,868053015.0,2,-0.3748223,-0.02094741,-0.7746319,-0.1611965,-0.2124373,-1.232453
IMU,868094101.0,2,-0.4766051,0.04053357,-0.7771597,-0.1682506,-0.2816365,-1.490587
IMU,868134038.0,2,-0.6402848,0.1050855,-0.7872624,-0.182015,-0.3178014,-1.811764
IMU,868174928.0,2,-0.8215285,0.161943,-0.7872993,-0.1449772,-0.3086911,-1.830612
IMU,868215140.0,2,-0.9925737,0.2066998,-0.7856221,-0.1162049,-0.261287,-1.957309
IMU,868254083.0,2,-1.116732,0.2397811,-0.783074,-0.08994856,-0.1762992,-1.996201
IMU,868294254.0,2,-1.169903,0.2385313,-0.7746026,-0.05414571,-0.06323206,-2.177109
IMU,868336138.0,2,-1.144738,0.2275252,-0.7776982,-0.05395626,-0.01959067,-2.356761
IMU,868376422.0,2,-1.152705,0.2190514,-0.7949401,-0.01937554,-0.02139238,-2.523838
IMU,868415780.0,2,-1.249801,0.1624745,-0.8218414,0.1248498,-0.06529358,-2.963076
IMU,868455937.0,2,-1.372682,0.2211554,-0.8036335,-0.6274454,-0.1206056,-4.112895
IMU,868495830.0,2,-1.835935,2.744539,-0.685302,-5.520936,1.626925,-18.71564
IMU,868538670.0,2,1.00594,7.528899,0.9684334,15.26068,15.10792,-75.61694
IMU,868579041.0,2,5.132409,-13.19923,-0.140601,-24.16724,-15.61084,-67.87997
IMU,868619577.0,2,2.208594,-4.416259,-0.8294535,-5.210433,-0.2009297,-1.38178
IMU,868658972.0,2,0.05435091,-3.044628,-0.3108241,-1.164739,0.06465067,-0.4894838
IMU,868699683.0,2,-0.8987928,-2.391631,-0.05046155,-1.160916,-0.1453572,0.4845987
IMU,868739784.0,2,-0.7762191,-1.590052,0.07365768,-1.883914,-0.2465723,-0.6858957
IMU,868779801.0,2,-0.002723084,-0.2775453,-0.2861334,-3.663338,-0.9017273,-1.439237
IMU,868819437.0,2,0.2039046,1.046679,-0.634092,-5.982388,-0.8791618,-2.015323
IMU,868859392.0,2,0.2117752,2.455869,-0.4997645,-7.945958,-1.213231,-3.229439
IMU,868899775.0,2,0.3596325,3.806277,-0.0372027,-7.463929,-1.861761,-4.923885
IMU,868940137.0,2,0.07722826,4.63298,0.08380929,-3.28726,-2.703,-9.153797
IMU,868980430.0,2,-1.116763,3.794734,0.05396816,0.6543795,-3.103204,-15.82339
IMU,869020176.0,2,-2.022599,1.158407,-0.05367615,3.531932,-1.326522,-18.67057
IMU,869059955.0,2,-0.3220565,0.08254812,0.1309545,0.6990527,1.884707,-10.20312
IMU,869100963.0,2,0.3651036,-0.4014267,0.09489037,-1.095219,1.522969,-8.459397
IMU,869141209.0,2,0.1141998,0.00872362,-0.0830918,-1.129462,-0.9503012,-9.833043
IMU,869181187.0,2,-0.07247017,0.04352303,0.02026778,-0.7289155,-1.221601,-9.960392
IMU,869220776.0,2,-0.01523576,-0.001394226,0.004395145,-0.6802967,0.3099573,-9.666927
IMU,869261777.0,2,0.03205879,-0.01498724,-0.006525984,-0.7672826,-0.5728323,-9.923081
IMU,869301973.0,2,-0.02028489,0.01051068,0.002703371,-0.7872307,-0.37092,-9.79313
IMU,869342969.0,2,0.004453989,-0.00345871,0.004046977,-0.718286,-0.2877996,-9.85714
IMU,869383250.0,2,0.0006914299,0.002353587,-0.001717906,-0.7790945,-0.4135498,-9.813148
IMU,869423550.0,2,-0.001943299,0.001083845,0.00356946,-0.7503148,-0.3129903,-9.802022
IMU,869463061.0,2,0.003817214,-0.002772925,0.0007722234,-0.7757719,-0.3580858,-9.809063
IMU,869503774.0,2,-0.002714557,0.002724977,0.004364875,-0.7233011,-0.3443292,-9.78205
IMU,869544467.0,2,0.003297635,-0.002413589,0.0008275229,-0.7806617,-0.346773,-9.845312
IMU,869583816.0,2,-0.00158332,0.001689504,0.0005449732,-0.7480342,-0.3759601,-9.819319
IMU,869623954.0,2,-4.632747e-05,-0.0009660153,0.0006319896,-0.7643024,-0.3403266,-9.813267
IMU,869664802.0,2,0.001757274,-0.001110723,0.0004951496,-0.7649856,-0.3763103,-9.835599
IMU,869705131.0,2,0.0005689318,-0.0008733669,0.001916233,-0.7418683,-0.3453056,-9.823273
IMU,869745179.0,2,0.000417468,0.0001190774,0.001829344,-0.7701886,-0.3686095,-9.792609
IMU,869785249.0,2,0.0005336552,-0.0002936927,0.001798447,-0.7627496,-0.3627024,-9.806061
IMU,869825208.0,2,0.0003560047,0.0002041223,0.0001460363,-0.7500302,-0.3464178,-9.839684
IMU,869866647.0,2,0.0005631862,0.0004133572,-0.000223501,-0.7582235,-0.3477906,-9.800267
IMU,869906628.0,2,0.0009821902,-0.0001486507,0.002075607,-0.7646375,-0.3608872,-9.814426
IMU,869946479.0,2,0.00030256,-0.0006181925,0.001197946,-0.7627421,-0.3648519,-9.817554
IMU,869986646.0,2,-1.38e-05,-0.001354607,0.001024715,-0.7487741,-0.3538814,-9.808541
IMU,870027150.0,2,-0.0001115288,0.001078566,0.001532456,-0.7795965,-0.3526661,-9.802404
IMU,870067009.0,2,-0.0001486351,-0.001313071,0.001292876,-0.7424698,-0.3789316,-9.791658
IMU,870107160.0,2,-0.001819116,0.002326774,0.00268727,-0.7566057,-0.3492331,-9.829822
IMU,870147026.0,2,0.002018236,-7.032623e-05,0.001018585,-0.7479674,-0.3631714,-9.817499
IMU,870187443.0,2,0.0004751605,0.001184847,0.002556397,-0.7703774,-0.3618016,-9.833497
IMU,870227413.0,2,0.0009482963,-0.0005325412,0.002017865,-0.7361956,-0.3523371,-9.818583
IMU,870267135.0,2,-2.798375e-05,-0.001861528,0.002068974,-0.7688628,-0.3577145,-9.81467
IMU,870307654.0,2,0.0008334034,-0.0008089212,0.002497975,-0.7680415,-0.3485653,-9.804134
IMU,870347675.0,2,0.0006523507,-0.0005073544,0.001535523,-0.7621595,-0.3558392,-9.816997
IMU,870388167.0,2,0.001408992,0.0001353537,0.0008949058,-0.7628423,-0.3666295,-9.831771
IMU,870428232.0,2,0.0002410073,-0.0002674857,0.0006591308,-0.7601892,-0.3609574,-9.816106
IMU,870468617.0,2,0.001143923,-0.0002073628,0.003195986,-0.7678444,-0.3521943,-9.80792
IMU,870508626.0,2,6.73658e-05,-0.000749047,0.00254574,-0.7620935,-0.3564571,-9.810509
IMU,870549151.0,2,0.001011776,-0.0007802681,0.002490648,-0.7534676,-0.3481559,-9.801247
