ARM,649762018.0,0.0
AHR2,649548604.0,0.5,-3.78,37.86,467.89,43.2382752,-7.6818708
AHR2,649652468.0,0.63,-3.89,38.97,468.14,43.2382758,-7.6818694
AHR2,649757727.0,0.29,-4.12,40.67,468.08,43.2382768,-7.6818673
AHR2,649857473.0,0.46,-4.21,42.11,468.01,43.2382775,-7.6818658
AHR2,649958947.0,0.72,-4.61,42.19,468.12,43.2382777,-7.6818637
AHR2,650058708.0,0.95,-4.87,41.84,468.21,43.2382784,-7.6818619
AHR2,650159944.0,1.04,-5.19,41.44,468.26,43.2382792,-7.6818608
AHR2,650259813.0,1.12,-5.4,40.96,467.96,43.23828,-7.6818592
AHR2,650360692.0,1.0,-5.2,40.43,468.0,43.2382799,-7.6818584
AHR2,650461487.0,0.65,-4.72,39.82,468.06,43.2382806,-7.6818568
AHR2,650562630.0,0.04,-3.86,39.11,467.85,43.2382815,-7.6818545
AHR2,650664993.0,-0.81,-2.72,38.33,467.52,43.2382823,-7.6818528
AHR2,650766033.0,-1.76,-1.15,37.38,466.91,43.2382824,-7.6818514
AHR2,650866226.0,-2.87,0.81,36.44,466.46,43.238283,-7.6818498
AHR2,650967204.0,-4.25,2.52,35.42,466.22,43.2382833,-7.681848
AHR2,651067185.0,-5.84,3.98,34.31,465.43,43.2382837,-7.681846
AHR2,651168829.0,-7.96,3.72,33.03,464.89,43.2382843,-7.6818444
AHR2,651269067.0,19.54,-17.56,26.25,464.0,43.2382848,-7.6818428
AHR2,651370683.0,37.3,-20.26,22.0,460.33,43.2382854,-7.6818424
AHR2,651471595.0,35.71,-21.09,26.26,459.63,43.2382805,-7.681836
AHR2,651573494.0,27.67,-22.68,32.42,460.75,43.2382786,-7.6818325
AHR2,651673546.0,5.01,-21.1,38.14,460.58,43.2382766,-7.6818291
AHR2,651773528.0,-1.66,-19.28,40.18,460.53,43.2382825,-7.681836
AHR2,651873538.0,4.96,-21.46,37.62,460.7,43.2382818,-7.6818359
AHR2,651973921.0,1.93,-19.14,38.19,460.78,43.2382817,-7.6818357
AHR2,652074182.0,1.63,-19.59,38.66,460.73,43.238282,-7.6818365
AHR2,652173947.0,1.64,-19.44,38.66,460.6,43.238282,-7.6818366
AHR2,652273987.0,1.57,-19.4,38.73,460.67,43.2382821,-7.6818366
AHR2,652374030.0,1.46,-19.31,38.82,460.66,43.2382822,-7.6818373
AHR2,652474465.0,1.39,-19.27,38.9,460.53,43.2382822,-7.6818376
AHR2,652574427.0,1.32,-19.2,38.96,460.81,43.2382821,-7.6818375
AHR2,652674627.0,1.23,-19.16,39.04,460.66,43.238282,-7.6818379
AHR2,652774405.0,1.19,-19.12,39.1,460.59,43.238282,-7.6818379
AHR2,652874441.0,1.12,-19.06,39.16,460.81,43.2382819,-7.6818382
AHR2,652974986.0,1.06,-19.01,39.22,460.54,43.2382819,-7.6818381
AHR2,653075588.0,1.0,-18.96,39.28,460.64,43.2382819,-7.681838
AHR2,653176698.0,0.93,-18.92,39.34,460.86,43.2382818,-7.6818385
AHR2,653276640.0,0.87,-18.88,39.4,460.88,43.2382818,-7.6818385
ATT,649547757.0,0.5819819,1.590441,-4.924584,-3.614305,60.99695,56.4929
ATT,649651781.0,0.7303454,1.664105,-4.980415,-3.796086,60.96957,56.95907
ATT,649757021.0,0.8195423,1.329203,-4.668867,-4.031228,60.95759,58.18221
ATT,649856818.0,0.4545819,1.490742,-2.634285,-4.09511,59.46909,59.49137
ATT,649958384.0,0.2304567,1.751566,-1.33548,-4.509044,59.64767,59.67386
ATT,650058045.0,0.117659,2.004703,-0.6818188,-4.767462,58.86516,58.89514
ATT,650159240.0,0.05951926,2.112861,-0.3449106,-4.972879,57.73003,57.76162
ATT,650259204.0,0.03038679,2.205309,-0.1760957,-5.025827,56.51183,56.54481
ATT,650360020.0,0.01544808,2.10848,-0.08952755,-4.680692,55.29845,55.32997
ATT,650460681.0,0.007851834,1.810133,-0.04550447,-4.065907,54.08966,54.1167
ATT,650561811.0,0.003981461,1.209155,-0.0230711,-3.146573,52.91767,52.93572
ATT,650664236.0,0.001998213,0.3468507,-0.01158237,-1.970639,51.78597,51.79115
ATT,650765478.0,0.001010246,-0.6016786,-0.005855682,-0.3623109,50.51674,50.50777
ATT,650865679.0,0.0005157495,-1.723621,-0.002989604,1.642177,49.27319,49.2475
ATT,650966649.0,0.0002609873,-3.120946,-0.00151585,3.413319,47.97778,47.93118
ATT,651066581.0,0.0001339378,-4.730798,-0.0007738606,4.92562,46.61734,46.54665
ATT,651168199.0,6.830501e-05,-6.856504,-0.000398874,4.780729,45.02882,44.92652
ATT,651268595.0,6.670793e-05,20.54187,-0.0003911011,-16.27428,37.62623,37.93831
ATT,651370147.0,6.326513e-05,38.04595,-0.0003669714,-18.53795,33.18528,33.73982
ATT,651470979.0,6.206449e-05,36.33736,-0.0003589079,-18.97006,37.62685,38.16141
ATT,651572692.0,5.98264e-05,27.25286,-0.0003443572,-20.17056,43.18953,43.60589
ATT,651672942.0,5.862475e-05,3.717248,-0.0003367837,-18.11176,48.16898,48.22723
ATT,651772966.0,5.862471e-05,-3.667111,-0.0003367839,-16.28901,49.822,49.7651
ATT,651872940.0,5.862464e-05,2.152278,-0.0003367841,-18.375,47.0797,47.11349
ATT,651973208.0,5.862469e-05,-0.5838936,-0.0003367839,-15.83357,46.99184,46.98279
ATT,652073543.0,5.862472e-05,-0.711591,-0.000336784,-16.21729,47.10585,47.0948
ATT,652173235.0,5.862469e-05,-0.5860595,-0.000336784,-16.16421,46.7149,46.7058
ATT,652273233.0,5.862472e-05,-0.5560903,-0.000336784,-16.23677,46.48067,46.47204
ATT,652373306.0,5.86248e-05,-0.5859161,-0.0003367839,-16.24002,46.2973,46.28821
ATT,652473840.0,5.752977e-05,-0.603061,-0.0003300348,-16.26868,46.13496,46.1256
ATT,652573737.0,5.752976e-05,-0.6185861,-0.0003300348,-16.28333,45.99218,45.98257
ATT,652674005.0,-0.0004080235,-0.6523735,-0.001193213,-16.31173,45.8536,45.84346
ATT,652773711.0,-0.0002083135,-0.6607695,-0.0006091864,-16.34803,45.73261,45.72235
ATT,652873778.0,-0.0001323229,-0.6775063,-0.0003869615,-16.35933,45.58434,45.57381
ATT,652974447.0,-0.0001295714,-0.7071224,-0.0003789152,-16.39514,45.48779,45.47681
ATT,653074840.0,-0.0001295715,-0.7292997,-0.0003789153,-16.42361,45.35569,45.34436
ATT,653176163.0,-0.0001218048,-0.7895476,-0.0003562027,-16.47081,45.30936,45.29708
ATT,653275997.0,-0.0001218047,-0.8339922,-0.0003562027,-16.51198,45.27066,45.25768
BARO,649449423.0,0,4.791382,467.6114,96550.92
BARO,649555192.0,0,5.04007,467.86,96548.24
BARO,649659663.0,0,4.983551,467.8035,96548.87
BARO,649764917.0,0,4.915741,467.7357,96549.59
BARO,649865379.0,0,5.02594,467.8459,96548.41
BARO,649965592.0,0,5.119171,467.9391,96547.39
BARO,650065989.0,0,5.167206,467.9872,96546.87
BARO,650166912.0,0,4.86203,467.682,96550.17
BARO,650267248.0,0,4.904419,467.7244,96549.7
BARO,650368030.0,0,4.960938,467.7809,96549.11
BARO,650468438.0,0,4.751831,467.5718,96551.35
BARO,650569778.0,0,4.42688,467.2469,96554.87
BARO,650670031.0,0,3.819336,466.6393,96561.45
BARO,650770996.0,0,3.361572,466.1815,96566.41
BARO,650871046.0,0,3.127045,465.947,96568.93
BARO,650972053.0,0,2.335846,465.1558,96577.5
BARO,651075590.0,0,1.793304,464.6133,96583.35
BARO,651175968.0,0,0.9003906,463.7204,96593.02
BARO,651275961.0,0,-2.767395,460.0526,96632.69
BARO,651378023.0,0,-3.462524,459.3575,96640.21
BARO,651484689.0,0,-2.343536,460.4764,96628.09
BARO,651585453.0,0,-2.518738,460.3012,96629.98
BARO,651685669.0,0,-2.569611,460.2504,96630.55
BARO,651785435.0,0,-2.397247,460.4227,96628.69
BARO,651885828.0,0,-2.318115,460.5019,96627.84
BARO,651985743.0,0,-2.368988,460.451,96628.38
BARO,652086722.0,0,-2.493317,460.3267,96629.72
BARO,652185828.0,0,-2.428314,460.3917,96629.02
BARO,652285946.0,0,-2.43396,460.386,96629.07
BARO,652385975.0,0,-2.569611,460.2504,96630.54
BARO,652486410.0,0,-2.289856,460.5301,96627.53
BARO,652586483.0,0,-2.436798,460.3832,96629.09
BARO,652686375.0,0,-2.501801,460.3182,96629.81
BARO,652786440.0,0,-2.281372,460.5386,96627.42
BARO,652886955.0,0,-2.552643,460.2673,96630.35
BARO,652986911.0,0,-2.459412,460.3606,96629.34
BARO,653088934.0,0,-2.23053,460.5894,96626.88
BARO,653188696.0,0,-2.213562,460.6064,96626.68
BARO,653288826.0,0,-2.436798,460.3832,96629.09
BARO,649449423.0,1,4.768799,467.5888,96537.61
BARO,649555192.0,1,5.065491,467.8855,96534.39
BARO,649659663.0,1,5.16156,467.9815,96533.38
BARO,649764917.0,1,5.186981,468.007,96533.09
BARO,649865379.0,1,5.305664,468.1256,96531.8
BARO,649965592.0,1,5.336761,468.1567,96531.47
BARO,650065989.0,1,5.466736,468.2867,96530.06
BARO,650166912.0,1,5.37915,468.1991,96531.02
BARO,650267248.0,1,5.509125,468.3291,96529.59
BARO,650368030.0,1,5.110687,467.9307,96533.92
BARO,650468438.0,1,4.952454,467.7724,96535.63
BARO,650569778.0,1,4.604889,467.4249,96539.38
BARO,650670031.0,1,4.339294,467.1593,96542.25
BARO,650770996.0,1,3.884338,466.7043,96547.17
BARO,650871046.0,1,3.262695,466.0827,96553.89
BARO,650972053.0,1,2.731445,465.5514,96559.63
BARO,651075590.0,1,1.900696,464.7207,96568.63
BARO,651175968.0,1,1.086884,463.9069,96577.41
BARO,651275961.0,1,-5.027985,457.792,96643.55
BARO,651378023.0,1,-3.075409,459.7446,96622.42
BARO,651484689.0,1,-2.109009,460.711,96611.99
BARO,651585453.0,1,-1.98468,460.8353,96610.63
BARO,651685669.0,1,-1.962067,460.8579,96610.39
BARO,651785435.0,1,-2.041199,460.7788,96611.23
BARO,651885828.0,1,-2.049683,460.7703,96611.32
BARO,651985743.0,1,-2.431152,460.3888,96615.48
BARO,652086722.0,1,-2.151398,460.6686,96612.45
BARO,652185828.0,1,-2.103363,460.7166,96611.91
BARO,652285946.0,1,-2.165527,460.6544,96612.59
BARO,652385975.0,1,-2.193787,460.6262,96612.89
BARO,652486410.0,1,-2.049683,460.7703,96611.34
BARO,652586483.0,1,-2.154236,460.6657,96612.48
BARO,652686375.0,1,-2.267242,460.5527,96613.69
BARO,652786440.0,1,-2.270081,460.5499,96613.72
BARO,652886955.0,1,-2.275726,460.5443,96613.77
BARO,652986911.0,1,-2.151398,460.6686,96612.43
BARO,653088934.0,1,-2.142914,460.6771,96612.34
BARO,653188696.0,1,-2.196594,460.6234,96612.92
BARO,653288826.0,1,-2.190948,460.629,96612.87
GPS,649482972.0,4,22,43.238274,-7.6818734,468.58,1.366,-1.422,0.0
GPS,649672069.0,4,22,43.2382753,-7.6818704,468.86,1.505,-1.463,0.0
GPS,649877729.0,4,22,43.2382765,-7.6818671,469.13,1.588,-1.299,0.0
GPS,650078836.0,4,21,43.2382777,-7.6818639,469.19,1.557,0.751,0.0
GPS,650319457.0,4,22,43.2382789,-7.6818609,468.85,1.514,2.703,0.0
GPS,650481037.0,4,22,43.2382801,-7.6818577,468.11,1.577,4.574,0.0
GPS,650682726.0,4,21,43.2382811,-7.6818545,467.05,1.476,6.181,0.0
GPS,650883185.0,4,22,43.2382821,-7.6818512,465.65,1.485,7.842,0.0
GPS,651064665.0,4,22,43.2382831,-7.6818478,463.94,1.422,9.325001,0.0
GPS,651306305.0,4,22,43.2382841,-7.6818447,462.06,1.336,10.008,0.0
GPS,651469161.0,4,22,43.2382828,-7.68184,460.81,3.496,2.471,0.0
GPS,651691049.0,4,21,43.2382815,-7.6818365,460.64,0.611,-0.307,0.0
GPS,651870583.0,4,20,43.2382818,-7.6818361,460.72,0.178,-0.566,0.0
GPS,652071462.0,4,21,43.2382819,-7.6818365,460.84,0.104,-0.298,0.0
GPS,652310949.0,4,21,43.2382822,-7.6818373,460.98,0.01,-0.424,0.0
GPS,652471920.0,4,21,43.2382822,-7.6818376,461.08,0.08400001,-0.269,0.0
GPS,652671571.0,4,21,43.238282,-7.6818379,461.18,0.037,-0.261,0.0
GPS,652871576.0,4,21,43.2382819,-7.6818383,461.25,0.102,-0.219,0.0
GPS,653074680.0,4,21,43.2382818,-7.6818385,461.36,0.014,-0.217,0.0
IMU,649451912.0,0,-0.1189687,-0.06233659,0.05990961,-0.6571117,-0.2536435,-9.55728
IMU,649501971.0,0,0.07439384,0.06161585,0.1173674,-0.6062663,1.065422,-9.641449
IMU,649542819.0,0,0.01951098,-0.04128607,0.1271208,0.2582029,0.1322932,-9.924288
IMU,649582784.0,0,0.03320092,0.0359655,0.1185637,-0.2768118,-0.9071718,-9.511771
IMU,649626714.0,0,0.05002763,-0.03924052,0.2458578,0.2609841,0.1984767,-9.24417
IMU,649667066.0,0,0.03951835,-0.1102203,0.2768627,-1.520476,0.8764064,-8.644019
IMU,649711787.0,0,0.06086496,0.07772167,0.184263,-0.727446,0.2376032,-9.498342
IMU,649751583.0,0,0.1927759,-0.01547525,0.143683,-0.4289605,0.1814316,-9.856988
IMU,649792527.0,0,0.07897591,0.03888744,0.2284238,0.2811246,0.6692306,-7.095816
IMU,649832022.0,0,-0.0193822,-0.06677819,0.1814029,-0.149059,-0.7394351,-0.8205758
IMU,649872426.0,0,0.0525105,-0.05428708,0.0851738,-0.26014,-0.01685463,-0.1885001
IMU,649913750.0,0,0.03642925,-0.06334272,0.01925947,-0.0323114,0.1245964,0.03450646
IMU,649953042.0,0,0.0438133,-0.06092632,-0.02756739,-0.1177279,-0.05010806,-0.1326285
IMU,649993065.0,0,0.04292732,-0.05478679,-0.05707006,-0.08282802,0.009963088,0.002960147
IMU,650033081.0,0,0.03061189,-0.04726223,-0.0736239,-0.05690026,0.001436251,-0.1622528
IMU,650073007.0,0,0.0317672,-0.04636065,-0.07744188,-0.07665243,0.02353602,-0.1047777
IMU,650114979.0,0,0.01214245,-0.03936647,-0.07604934,-0.07910983,-0.02005061,-0.1683019
IMU,650154461.0,0,0.003850476,-0.03219861,-0.07227363,-0.0829308,-0.003086285,-0.195786
IMU,650194942.0,0,0.01051627,-0.02465402,-0.08193564,-0.1018026,-0.003928979,-0.269491
IMU,650234606.0,0,0.01649993,-0.007575504,-0.09277569,-0.1310558,0.01262947,-0.3489754
IMU,650274323.0,0,0.004727142,0.02456737,-0.09688206,-0.1413038,-0.02215826,-0.3961109
IMU,650315175.0,0,-0.0227419,0.05536008,-0.09874345,-0.1163098,-0.02830487,-0.5353675
IMU,650355424.0,0,-0.03880904,0.07127843,-0.1042535,-0.1064367,-0.01534992,-0.6208816
IMU,650394945.0,0,-0.0502556,0.08786197,-0.112501,-0.1022703,-0.02634188,-0.711761
IMU,650435228.0,0,-0.06437699,0.1064676,-0.1138241,-0.1193191,-0.0107771,-0.8580589
IMU,650475993.0,0,-0.0833901,0.1304387,-0.1208483,-0.1189226,-0.007231382,-0.9764471
IMU,650517113.0,0,-0.1065072,0.1541269,-0.1333343,-0.1166911,-0.01250646,-1.064975
IMU,650557149.0,0,-0.1297968,0.1722284,-0.1362736,-0.1236848,-0.006833176,-1.198994
IMU,650597110.0,0,-0.1485983,0.1905554,-0.1364025,-0.0993834,0.01159059,-1.361873
IMU,650636772.0,0,-0.1524365,0.2060451,-0.1409117,-0.0945496,0.01604445,-1.448951
IMU,650676827.0,0,-0.1615962,0.2173541,-0.1488489,-0.08754066,0.007905471,-1.532642
IMU,650718798.0,0,-0.1614334,0.2563783,-0.1640783,-0.09485482,0.06752741,-1.608494
IMU,650758676.0,0,-0.16686,0.3226153,-0.1727938,-0.08642389,-0.0006639654,-1.666832
IMU,650798145.0,0,-0.1982172,0.3701249,-0.1632613,-0.05689327,0.02894695,-1.869061
IMU,650838035.0,0,-0.1905726,0.3500671,-0.1548345,-0.00865299,0.06838888,-2.009254
IMU,650878065.0,0,-0.1994992,0.3164974,-0.1575735,0.004243859,0.03850351,-2.236282
IMU,650920056.0,0,-0.2276736,0.3056305,-0.1648319,0.01358491,0.02923598,-2.427823
IMU,650959407.0,0,-0.2601571,0.310983,-0.1700282,0.0221066,0.06438304,-2.380162
IMU,650999145.0,0,-0.2347036,0.3152172,-0.1714517,0.06099314,0.08568972,-2.734016
IMU,651039131.0,0,-0.2696283,0.2546592,-0.1800511,0.07870782,0.02545652,-3.053035
IMU,651080718.0,0,-0.3245759,0.2280776,-0.1856678,0.06175936,0.1580346,-2.958169
IMU,651120191.0,0,-0.2806945,0.1843449,-0.2108845,0.09883393,0.1497139,-3.320904
IMU,651160230.0,0,-0.4043623,-0.06211441,-0.2695514,2.122719,-0.9344549,-8.451193
IMU,651201007.0,0,-1.223745,-5.403651,-1.526502,-7.366326,-0.2068218,-46.97742
IMU,651240739.0,0,7.068049,-4.958127,-0.8246503,-77.07968,28.79135,-96.66714
IMU,651281211.0,0,7.330809,-1.526209,-1.334198,-0.1367461,-11.53403,-0.1980824
IMU,651323306.0,0,2.737702,-0.7519283,-0.3767779,-1.300968,-6.762043,-0.50959
IMU,651362653.0,0,0.7199897,0.07757357,-0.04963662,-0.5349461,-3.052879,0.9461356
IMU,651403043.0,0,-0.005722891,0.2576634,0.2833985,-1.022107,-2.226534,1.734492
IMU,651443168.0,0,-0.1077406,0.4441021,0.728061,-1.849101,-2.745487,1.926199
IMU,651485149.0,0,-0.2419707,0.5567075,1.018633,-0.3585057,-2.850291,-0.03121878
IMU,651525139.0,0,-1.016686,0.3530631,1.017128,-1.063439,-3.501028,-0.7585481
IMU,651565026.0,0,-1.922057,0.4025263,0.9426667,-1.673142,-3.695384,-1.809532
IMU,651605374.0,0,-2.979113,0.5102718,0.867901,-2.47457,-3.845476,-3.118625
IMU,651645249.0,0,-4.255969,0.6977798,0.7460853,-3.057066,-2.391054,-6.288253
IMU,651685948.0,0,-4.430513,1.064265,0.741322,-3.229877,2.489451,-15.23189
IMU,651725375.0,0,-1.780313,1.166833,0.7686451,-2.559336,7.965529,-23.47411
IMU,651765612.0,0,1.030382,-1.011011,-0.2358764,-8.109654,4.52375,-18.37534
IMU,651805625.0,0,1.417258,-0.7658582,-0.4157185,-4.293248,-0.5019358,-10.45564
IMU,651845423.0,0,0.758743,-0.2752522,-0.3967499,-2.645797,-1.429269,-7.048724
IMU,651886042.0,0,-0.05728605,0.1939334,-0.2090821,-1.952127,-1.538344,-5.649871
IMU,651925729.0,0,-0.5294571,0.482177,0.04425874,-1.150962,-0.448303,-6.986519
IMU,651966210.0,0,-0.6141248,0.4235657,0.1567543,-1.613344,0.5696452,-8.699159
IMU,652006059.0,0,-0.286554,0.08600942,0.137409,-2.468381,1.294374,-10.46333
IMU,652046167.0,0,0.1725001,-0.2119744,0.03536562,-3.215276,0.9925874,-10.76957
IMU,652088432.0,0,0.2527275,-0.1821986,-0.02653062,-3.133919,-0.2586272,-9.555633
IMU,652129196.0,0,0.007493394,0.02578385,-0.02514772,-2.669596,-0.409175,-8.939872
IMU,652168692.0,0,-0.1197425,0.09870519,0.0007957573,-2.492941,0.2491369,-9.370529
IMU,652208235.0,0,-0.02047245,0.002960975,0.001901654,-2.592771,0.5047928,-9.610574
IMU,652248573.0,0,0.04139879,-0.03784034,-8.580372e-05,-2.64655,0.1665635,-9.265667
IMU,652288441.0,0,-0.002607446,0.01157815,0.002525144,-2.630721,0.09204454,-9.270023
IMU,652329221.0,0,-0.0108024,0.01016698,0.002554899,-2.657686,0.2406171,-9.51092
IMU,652368692.0,0,0.005644036,-0.01239959,0.0003233126,-2.64875,0.1912267,-9.421735
IMU,652408407.0,0,-0.005927266,0.003564085,0.0007708156,-2.622961,0.1753416,-9.293593
IMU,652448587.0,0,-0.00233561,-0.002178366,0.005630772,-2.623088,0.2441709,-9.452742
IMU,652488939.0,0,0.008005324,-0.00697701,0.0008061944,-2.667966,0.1626418,-9.403533
IMU,652532208.0,0,-0.00211884,0.006840249,-0.002219418,-2.637398,0.183322,-9.395044
IMU,652571280.0,0,-0.00343525,0.0009667595,0.001029449,-2.607811,0.2090096,-9.402793
IMU,652611218.0,0,-0.002645211,-0.007784237,0.004549632,-2.637824,0.1811595,-9.402507
IMU,652651514.0,0,-0.005786922,0.001681586,0.002153858,-2.666239,0.2161474,-9.392861
IMU,652691814.0,0,-9.445787e-05,0.003222511,-0.0006679331,-2.617232,0.2213154,-9.395835
IMU,652732064.0,0,0.003609839,-0.002759052,0.000314955,-2.600563,0.207973,-9.382181
IMU,652771199.0,0,-9.230524e-05,-0.001976851,3.05993e-05,-2.669306,0.1871725,-9.369891
IMU,652811251.0,0,0.0003049391,0.003709812,-0.000551978,-2.659481,0.201076,-9.403666
IMU,652851208.0,0,-0.001356,0.002005443,6.563067e-05,-2.624156,0.2078269,-9.384297
IMU,652892255.0,0,-0.0004575488,-0.00338413,0.002395626,-2.628091,0.1973535,-9.386353
IMU,652932798.0,0,-0.0004396719,-0.0003029842,0.0007386296,-2.661485,0.2105504,-9.39747
IMU,652971752.0,0,0.0017717,0.001971987,-0.001597452,-2.647999,0.1953118,-9.378137
IMU,653011975.0,0,-0.0004249836,0.0005616612,0.00050398,-2.621291,0.2029754,-9.390341
IMU,653051950.0,0,0.000443401,-0.001329432,0.001990052,-2.643013,0.1965486,-9.387691
IMU,653093624.0,0,-0.0002047855,-0.001418217,0.000966412,-2.643981,0.1946071,-9.383302
IMU,653134571.0,0,-0.002230302,0.001359278,9.59813e-05,-2.639957,0.1825989,-9.399309
IMU,653173657.0,0,-0.003680159,-0.0009421023,0.001487855,-2.639379,0.1927603,-9.392692
IMU,653213755.0,0,-0.0008689266,-0.003725214,0.001820443,-2.638109,0.2220616,-9.388491
IMU,653254102.0,0,-0.001562117,-0.0006717822,0.001293835,-2.635351,0.2003409,-9.389017
IMU,653294078.0,0,-0.001011076,-6.004633e-05,-0.0003363513,-2.643353,0.2030093,-9.374377
IMU,653334762.0,0,-0.001662578,-0.0005265222,0.00220864,-2.623837,0.2034776,-9.377997
IMU,653374965.0,0,-0.001171084,-0.0002289485,0.0003498815,-2.628118,0.21405,-9.374834
IMU,649451912.0,1,-0.1162479,-0.06785313,0.07686906,-0.7457005,0.244613,-9.426206
IMU,649501971.0,1,0.03432919,-0.02129999,0.1220925,0.2561957,1.189232,-9.992893
IMU,649542819.0,1,0.02120864,-0.0281661,0.1500736,0.3202749,0.03508562,-9.99624
IMU,649582784.0,1,-0.006547369,0.0006925331,0.1379289,0.005672175,-0.7714589,-9.663341
IMU,649626714.0,1,0.05532494,-0.02351874,0.2012381,0.3279194,-0.3138869,-9.44719
IMU,649667066.0,1,0.02560847,-0.09190704,0.2243018,-2.486224,1.304012,-8.172944
IMU,649711787.0,1,-0.014853,-0.02252612,0.1896923,-0.919916,0.1908363,-8.996708
IMU,649751583.0,1,0.08785899,-0.01628932,0.1535999,-0.8167444,0.5835927,-10.17898
IMU,649792527.0,1,0.03841179,0.06196666,0.2281617,-0.2193292,-0.02634338,-6.2622
IMU,649832022.0,1,0.01162914,-0.0629361,0.1572386,-0.01917489,-0.07157066,-0.5974318
IMU,649872426.0,1,0.03778569,-0.04859656,0.08132276,-0.1898226,0.1036066,-0.1593059
IMU,649913750.0,1,0.0185596,-0.05341031,0.02727524,-0.03492153,0.2739654,0.04187905
IMU,649953042.0,1,0.02386763,-0.05994947,-0.01684363,-0.2337106,0.2023231,-0.1510436
IMU,649993065.0,1,0.0225686,-0.04621317,-0.04736033,-0.1127988,0.142866,-0.172133
IMU,650033081.0,1,0.01538806,-0.04326439,-0.06712576,-0.1085228,0.189057,-0.247882
IMU,650073007.0,1,0.01409273,-0.04443151,-0.0652288,-0.1868763,0.1191105,-0.1520175
IMU,650114979.0,1,0.004157214,-0.03315206,-0.07304209,-0.1098433,0.09297597,-0.1828442
IMU,650154461.0,1,-0.001307529,-0.03251389,-0.0659461,-0.1700174,0.1215706,-0.2614618
IMU,650194942.0,1,0.003895949,-0.02124275,-0.07370438,-0.060294,0.1079772,-0.4119584
IMU,650234606.0,1,0.008983237,-0.007735926,-0.08839881,-0.1998737,0.08824272,-0.3021547
IMU,650274323.0,1,0.00158499,0.02371223,-0.09424406,-0.1313534,0.1873613,-0.4735022
IMU,650315175.0,1,-0.02209131,0.06277896,-0.08886914,-0.2198582,0.09139615,-0.520183
IMU,650355424.0,1,-0.04211657,0.08101119,-0.09217262,-0.1417015,0.09522391,-0.5488386
IMU,650394945.0,1,-0.05547342,0.09190472,-0.1008307,-0.1747789,0.02911832,-0.678379
IMU,650435228.0,1,-0.07427824,0.1061793,-0.1031292,-0.191348,0.1389073,-0.8792616
IMU,650475993.0,1,-0.08508144,0.1261088,-0.1109139,-0.1625181,0.2746208,-0.8932514
IMU,650517113.0,1,-0.10376,0.1452869,-0.1210777,-0.1455644,8.576307e-05,-0.9404948
IMU,650557149.0,1,-0.128197,0.1626917,-0.1255083,-0.1357801,0.1354759,-1.1868
IMU,650597110.0,1,-0.1462477,0.1815404,-0.1248706,-0.2021405,0.08796942,-1.295588
IMU,650636772.0,1,-0.1518872,0.1913469,-0.1338037,-0.09807756,0.1367487,-1.420701
IMU,650676827.0,1,-0.1587074,0.198883,-0.1401362,-0.09477669,0.1230279,-1.561151
IMU,650718798.0,1,-0.1678081,0.2313543,-0.155031,-0.1004599,0.1847232,-1.684179
IMU,650758676.0,1,-0.1675044,0.2913186,-0.1602473,-0.2171873,0.1687103,-1.64504
IMU,650798145.0,1,-0.2025473,0.3399668,-0.1534593,-0.1246125,0.1426269,-1.848746
IMU,650838035.0,1,-0.1875861,0.3175003,-0.1450813,-0.06101499,0.2151789,-2.074422
IMU,650878065.0,1,-0.2031283,0.2889926,-0.1450312,-0.09175504,0.02436919,-2.315973
IMU,650920056.0,1,-0.2323037,0.2809484,-0.156214,-0.1492487,0.1221267,-2.341526
IMU,650959407.0,1,-0.2604378,0.2796448,-0.1608467,0.01085356,0.193664,-2.274796
IMU,650999145.0,1,-0.2395153,0.2857763,-0.1642212,0.09659319,0.2723102,-2.667938
IMU,651039131.0,1,-0.2683733,0.2304488,-0.1729895,-0.01163851,0.1226283,-3.115498
IMU,651080718.0,1,-0.3274374,0.2101072,-0.1816319,0.0519324,0.2815946,-2.986316
IMU,651120191.0,1,-0.2840577,0.1699321,-0.2026579,0.03126205,0.2628437,-3.401065
IMU,651160230.0,1,-0.3786693,0.0002939111,-0.253588,2.233591,-0.5179849,-9.196934
IMU,651201007.0,1,-1.012085,-5.227859,-1.446666,-7.434958,-0.89785,-51.26427
IMU,651240739.0,1,6.873172,-5.043435,-0.573266,-76.02412,36.58126,-132.013
IMU,651281211.0,1,7.38085,-1.591927,-1.040388,-1.5735,-12.49695,0.5125584
IMU,651323306.0,1,2.784324,-0.8273896,-0.2543542,-1.392797,-6.720905,-1.22793
IMU,651362653.0,1,0.7212008,0.0521286,-0.01872813,-0.6019554,-2.90215,0.6751851
IMU,651403043.0,1,0.0003211676,0.2356236,0.2296216,-1.133501,-2.039499,1.617992
IMU,651443168.0,1,-0.08093906,0.4083443,0.6459902,-1.951034,-2.538477,1.828861
IMU,651485149.0,1,-0.1925572,0.5582601,0.9242346,-0.2734857,-2.705225,-0.2460113
IMU,651525139.0,1,-0.9162307,0.3334997,0.8986782,-1.146979,-3.358179,-0.9908469
IMU,651565026.0,1,-1.825189,0.3853484,0.7960587,-1.6329,-3.605342,-2.180998
IMU,651605374.0,1,-2.878996,0.5096851,0.6767179,-2.520874,-3.664842,-3.417907
IMU,651645249.0,1,-4.152523,0.6967728,0.517872,-3.036962,-2.159533,-6.672152
IMU,651685948.0,1,-4.345943,1.051804,0.5102847,-3.172475,2.554459,-15.40192
IMU,651725375.0,1,-1.755433,1.152667,0.6395988,-2.596448,8.097868,-23.21097
IMU,651765612.0,1,0.9525645,-0.9740354,-0.1773785,-7.837224,4.310816,-18.10871
IMU,651805625.0,1,1.352428,-0.7625957,-0.3388183,-4.159963,-0.5168468,-10.3789
IMU,651845423.0,1,0.7073682,-0.2736212,-0.3398079,-2.58861,-1.441142,-7.202062
IMU,651886042.0,1,-0.04908104,0.1727753,-0.2016125,-1.999293,-1.450721,-5.755506
IMU,651925729.0,1,-0.4971177,0.4435646,0.01789558,-1.240189,-0.384733,-7.097316
IMU,651966210.0,1,-0.6010922,0.4109388,0.1153816,-1.548737,0.7229898,-8.721586
IMU,652006059.0,1,-0.2894636,0.102324,0.1115946,-2.432574,1.328994,-10.51579
IMU,652046167.0,1,0.1195199,-0.1953484,0.04693402,-3.229499,1.052405,-10.81738
IMU,652088432.0,1,0.2187567,-0.1779788,-0.007993729,-3.084081,-0.2004313,-9.481057
IMU,652129196.0,1,0.0009930171,0.02912921,-0.01977425,-2.665146,-0.3444347,-8.938161
IMU,652168692.0,1,-0.1206166,0.1047326,0.00226592,-2.50427,0.3266987,-9.613958
IMU,652208235.0,1,-0.02263221,0.01041919,0.005477012,-2.638453,0.559791,-9.833624
IMU,652248573.0,1,0.02243188,-0.03512445,0.007984728,-2.68558,0.2358763,-9.26246
IMU,652288441.0,1,-0.003713265,0.01135339,0.0008341938,-2.745426,0.2030406,-9.345172
IMU,652329221.0,1,-0.01271485,0.01895159,0.003096144,-2.712795,0.2787726,-9.533141
IMU,652368692.0,1,0.004579803,-0.01329859,-8.564088e-06,-2.654052,0.1550854,-9.522453
IMU,652408407.0,1,-0.005643754,0.008203048,-0.0005764964,-2.706934,0.2647929,-9.406777
IMU,652448587.0,1,-0.006384949,0.007123278,0.01022416,-2.594594,0.3865684,-9.540997
IMU,652488939.0,1,0.004093104,-0.002903514,-0.004105953,-2.704358,0.3106341,-9.506948
IMU,652532208.0,1,-0.004852284,0.01273936,0.001390122,-2.668123,0.2315019,-9.469732
IMU,652571280.0,1,-0.003253877,0.007208545,-0.001949398,-2.559348,0.2744399,-9.576762
IMU,652611218.0,1,-0.002953342,-0.002241009,0.002767145,-2.629944,0.3330439,-9.460782
IMU,652651514.0,1,-0.008942947,0.001785849,0.00463237,-2.583223,0.3359272,-9.463776
IMU,652691814.0,1,-0.001088236,0.008584065,-0.001136169,-2.626675,0.256431,-9.567504
IMU,652732064.0,1,0.001689712,0.002730421,-0.0004820511,-2.630221,0.3464549,-9.244555
IMU,652771199.0,1,0.0007273133,0.003754168,-0.0004519478,-2.709489,0.2138683,-9.531565
IMU,652811251.0,1,-0.00199474,0.01349179,-0.0002432143,-2.6621,0.1998685,-9.483131
IMU,652851208.0,1,-0.001614851,0.00560519,0.004277794,-2.609777,0.2359151,-9.56843
IMU,652892255.0,1,-0.001992544,0.004084846,0.0008860967,-2.636564,0.2301333,-9.52368
IMU,652932798.0,1,-0.002463622,0.00526639,0.004168432,-2.584757,0.2132106,-9.404362
IMU,652971752.0,1,-0.002481855,0.006277432,-0.001942353,-2.522556,0.3284687,-9.571382
IMU,653011975.0,1,-0.001280999,0.007977476,0.0005089372,-2.595761,0.3085928,-9.575479
IMU,653051950.0,1,-0.0005634603,0.0001513239,0.002625579,-2.652856,0.2686935,-9.384759
IMU,653093624.0,1,0.0005082622,0.006884607,-0.0008278104,-2.677726,0.2355442,-9.553782
IMU,653134571.0,1,0.001255063,0.003329347,-0.0001738725,-2.704598,0.3326769,-9.408249
IMU,653173657.0,1,-0.004270598,0.00809955,-0.000525923,-2.662342,0.2183519,-9.56748
IMU,653213755.0,1,-0.002398773,0.007689639,-0.0001666735,-2.677151,0.240012,-9.519774
IMU,653254102.0,1,-0.0005689755,0.001485346,6.137677e-05,-2.642622,0.2494813,-9.552059
IMU,653294078.0,1,0.0001669764,0.004117833,0.000304751,-2.587683,0.2566153,-9.510519
IMU,653334762.0,1,-0.001558597,0.005659601,-0.001363234,-2.614496,0.2616298,-9.444174
IMU,653374965.0,1,-0.002046586,-0.0001395803,0.0001461038,-2.590351,0.2819861,-9.460826
IMU,649451912.0,2,-0.06047661,-0.05702908,0.09182089,-0.254151,0.07362848,-9.387306
IMU,649501971.0,2,0.05629317,-0.01388461,0.120878,0.3015522,0.1572047,-9.193971
IMU,649542819.0,2,0.0317428,-0.04396632,0.1496531,-0.3887481,-0.1540368,-9.444295
IMU,649582784.0,2,-0.01900121,0.007651476,0.1605793,-0.8182578,-0.5633925,-10.12503
IMU,649626714.0,2,0.01761989,-0.05297152,0.2322694,-0.02907005,-0.003396969,-8.789746
IMU,649667066.0,2,0.06310499,-0.05607083,0.2471171,0.242911,0.1660968,-9.242602
IMU,649711787.0,2,-0.04732731,0.03050986,0.2175218,-0.7675333,-0.5816353,-9.956291
IMU,649751583.0,2,0.07016571,0.005344665,0.2260269,-0.4482758,0.1766868,-10.41431
IMU,649792527.0,2,0.08069036,0.06711642,0.2474427,-0.3749384,-0.1904802,-7.913744
IMU,649832022.0,2,0.04084652,-0.05456986,0.1697795,-0.01020198,-0.2733457,-0.750214
IMU,649872426.0,2,0.05703082,-0.06027292,0.08012819,-0.161558,-0.0521191,-0.4949863
IMU,649913750.0,2,0.03732942,-0.06280049,0.01814587,0.0344411,0.1152605,-0.1390226
IMU,649953042.0,2,0.04410178,-0.06439929,-0.02766082,-0.07518417,-0.03544955,-0.2248538
IMU,649993065.0,2,0.04222717,-0.05583484,-0.05595106,-0.05657699,0.007592212,-0.1422386
IMU,650033081.0,2,0.02998524,-0.04614985,-0.07420832,-0.03477744,0.01198752,-0.2339727
IMU,650073007.0,2,0.03264647,-0.04594145,-0.07623714,-0.04329871,0.01031841,-0.2245635
IMU,650114979.0,2,0.01084925,-0.03959386,-0.07443154,-0.05580363,-0.003763431,-0.2721315
IMU,650154461.0,2,0.005740793,-0.03242533,-0.07119241,-0.05945032,0.01810863,-0.3283118
IMU,650194942.0,2,0.01300044,-0.02621728,-0.08027053,-0.06948964,0.02610076,-0.3767209
IMU,650234606.0,2,0.01710125,-0.007392622,-0.09062667,-0.07258733,0.0142898,-0.4395356
IMU,650274323.0,2,0.006602789,0.02533139,-0.09693176,-0.08502496,0.005851357,-0.5453366
IMU,650315175.0,2,-0.02051732,0.05547099,-0.09774234,-0.08540363,-0.01787728,-0.6365528
IMU,650355424.0,2,-0.03532641,0.07266311,-0.1023225,-0.07657425,0.001188121,-0.7247099
IMU,650394945.0,2,-0.04947835,0.08810385,-0.1100046,-0.0798593,0.003631814,-0.8169661
IMU,650435228.0,2,-0.06153872,0.1082647,-0.1121861,-0.09462916,-0.01065529,-0.9303874
IMU,650475993.0,2,-0.07717156,0.1334092,-0.1192752,-0.08506333,-0.006928345,-1.05497
IMU,650517113.0,2,-0.1022808,0.1572557,-0.1292379,-0.08534466,-0.009279444,-1.181188
IMU,650557149.0,2,-0.1239741,0.1745593,-0.1323172,-0.08874942,-0.009087384,-1.299038
IMU,650597110.0,2,-0.1426935,0.1954308,-0.133035,-0.07571463,0.002208887,-1.428909
IMU,650636772.0,2,-0.1456786,0.2118693,-0.1386021,-0.05733638,0.0184627,-1.591153
IMU,650676827.0,2,-0.1553357,0.2206158,-0.1466367,-0.07455809,0.01688894,-1.624475
IMU,650718798.0,2,-0.152913,0.2627952,-0.1587612,-0.04500785,0.05183206,-1.692368
IMU,650758676.0,2,-0.1562042,0.3256475,-0.168568,-0.0564281,0.02642273,-1.787103
IMU,650798145.0,2,-0.1876562,0.3750898,-0.1587679,-0.02601644,0.03794558,-1.973926
IMU,650838035.0,2,-0.1776748,0.3557402,-0.1509772,0.007752231,0.06898798,-2.075005
IMU,650878065.0,2,-0.1907459,0.3239898,-0.1550473,0.01457122,0.01106742,-2.332983
IMU,650920056.0,2,-0.2173717,0.3137929,-0.1602934,0.03695643,0.05032578,-2.511788
IMU,650959407.0,2,-0.2486764,0.3194495,-0.1654846,0.03386387,0.05241812,-2.507883
IMU,650999145.0,2,-0.2248536,0.3230542,-0.1670801,0.05843861,0.05979761,-2.80287
IMU,651039131.0,2,-0.2603742,0.2637849,-0.1760119,0.08185592,0.024042,-3.201075
IMU,651080718.0,2,-0.3131401,0.2368965,-0.1819591,0.1108482,0.09643227,-3.040821
IMU,651120191.0,2,-0.2717483,0.1911756,-0.2075787,0.1223095,0.06214427,-3.437316
IMU,651160230.0,2,-0.4570514,-0.1283905,-0.2746156,1.788671,0.08708555,-9.31161
IMU,651201007.0,2,-1.792122,-5.133894,-1.45025,-6.349889,0.1793026,-46.85403
IMU,651240739.0,2,8.53,-3.521572,-1.125803,-66.72372,37.67248,-105.9309
IMU,651281211.0,2,7.474053,-2.311796,-1.391128,-3.351098,-13.19018,-5.521951
IMU,651323306.0,2,2.668392,-0.8054681,-0.3869505,-1.173921,-6.330412,-2.144186
IMU,651362653.0,2,0.7367731,0.04924819,-0.05733352,-0.4699574,-3.001759,0.4061305
IMU,651403043.0,2,0.008228847,0.2586744,0.280536,-1.222538,-2.045797,1.420383
IMU,651443168.0,2,-0.09200273,0.4534898,0.7254533,-1.986578,-2.606497,1.715915
IMU,651485149.0,2,-0.2304913,0.5733765,1.014286,-0.9070352,-2.736944,0.08714677
IMU,651525139.0,2,-0.9899447,0.3867024,1.021962,-1.138783,-3.245032,-1.211983
IMU,651565026.0,2,-1.898956,0.4590255,0.952971,-1.704244,-3.579522,-2.244517
IMU,651605374.0,2,-2.977895,0.6018038,0.8817521,-2.602583,-3.711836,-3.743785
IMU,651645249.0,2,-4.219902,0.8122265,0.7686064,-3.23805,-2.542621,-6.92756
IMU,651685948.0,2,-4.340099,1.207449,0.7734385,-3.191411,1.772648,-15.37997
IMU,651725375.0,2,-1.636106,1.183547,0.7851207,-2.896545,6.941274,-22.03893
IMU,651765612.0,2,1.038923,-1.069922,-0.2676525,-7.951975,4.026147,-17.64848
IMU,651805625.0,2,1.386687,-0.8068956,-0.4298624,-4.233245,-0.4687252,-10.84322
IMU,651845423.0,2,0.7331434,-0.2870291,-0.3993661,-2.628595,-1.264028,-7.524407
IMU,651886042.0,2,-0.05048886,0.1952786,-0.2058153,-2.008028,-1.349631,-6.072545
IMU,651925729.0,2,-0.516091,0.4990041,0.0512272,-1.213919,-0.4112622,-7.202672
IMU,651966210.0,2,-0.5979506,0.44717,0.1605999,-1.671065,0.479135,-8.684128
IMU,652006059.0,2,-0.284355,0.09833336,0.1408279,-2.516113,1.133212,-10.29369
IMU,652046167.0,2,0.1672646,-0.2150358,0.03430125,-3.214603,0.8549449,-10.70021
IMU,652088432.0,2,0.2461476,-0.1877622,-0.03043749,-3.128692,-0.2587425,-9.700388
IMU,652129196.0,2,0.00645672,0.0283064,-0.02253662,-2.68829,-0.4045123,-9.173621
IMU,652168692.0,2,-0.1134178,0.1009874,0.003083403,-2.536647,0.2039877,-9.413599
IMU,652208235.0,2,-0.0155003,0.0007081476,0.00413429,-2.63207,0.4534547,-9.622522
IMU,652248573.0,2,0.04111873,-0.03758072,-0.001561786,-2.663303,0.1425733,-9.378264
IMU,652288441.0,2,-0.003751405,0.01137101,0.003450983,-2.638399,0.06968658,-9.393044
IMU,652329221.0,2,-0.008635248,0.008613637,0.003176998,-2.679482,0.1986874,-9.584538
IMU,652368692.0,2,0.008159327,-0.01041809,-0.000785611,-2.674065,0.1670352,-9.510887
IMU,652408407.0,2,-0.004375754,0.003099048,0.002008668,-2.638008,0.1536094,-9.394702
IMU,652448587.0,2,9.937983e-05,-0.002104668,0.005432156,-2.649757,0.2090034,-9.493971
IMU,652488939.0,2,0.01062961,-0.005765076,-4.179722e-05,-2.693607,0.1434223,-9.474627
IMU,652532208.0,2,-0.001766036,0.007074917,-0.0007588763,-2.670918,0.1422354,-9.469826
IMU,652571280.0,2,-0.001764901,0.002100285,0.001236773,-2.627451,0.1847093,-9.499429
IMU,652611218.0,2,-0.002067606,-0.00610776,0.004858045,-2.649436,0.1440342,-9.478957
IMU,652651514.0,2,-0.004831694,0.002183256,0.001727424,-2.670925,0.1820947,-9.491192
IMU,652691814.0,2,0.002956963,0.002358889,-0.001334175,-2.638078,0.1922633,-9.502115
IMU,652732064.0,2,0.005009998,-0.003967426,0.0005421235,-2.639442,0.1696127,-9.457112
IMU,652771199.0,2,0.001858347,-0.001398718,0.001656144,-2.6802,0.1422579,-9.497483
IMU,652811251.0,2,0.0004395448,0.003619151,-0.0002449088,-2.684041,0.1610947,-9.472188
IMU,652851208.0,2,0.0008915132,0.001902814,0.002159837,-2.657955,0.1570439,-9.468173
IMU,652892255.0,2,-0.000209589,-0.003653707,0.002730744,-2.644537,0.1687198,-9.474422
IMU,652932798.0,2,0.0003268845,-0.0007725786,0.0012343,-2.670059,0.1641716,-9.499523
IMU,652971752.0,2,0.001620611,0.001838744,-0.0003134778,-2.6628,0.1767615,-9.480192
IMU,653011975.0,2,0.0003902428,-0.0003317831,0.001989657,-2.655685,0.1625001,-9.469699
IMU,653051950.0,2,0.002427381,-0.002036352,0.001632263,-2.66285,0.1663121,-9.47257
IMU,653093624.0,2,0.002606656,0.0007500862,0.000301655,-2.656753,0.1489938,-9.48261
IMU,653134571.0,2,-0.0006913278,0.002076176,0.001946218,-2.657287,0.1561002,-9.467963
IMU,653173657.0,2,-0.001979431,-0.0005543792,0.001386274,-2.662311,0.1586404,-9.477032
IMU,653213755.0,2,-0.001314736,-0.001524528,0.001657763,-2.648043,0.172769,-9.496987
IMU,653254102.0,2,0.0008632152,-0.00182629,0.001870792,-2.661648,0.175965,-9.474538
IMU,653294078.0,2,0.001573936,-0.0005309022,0.0006732977,-2.657063,0.1742454,-9.469794
IMU,653334762.0,2,-8.237951e-05,0.000364101,0.0006700549,-2.656978,0.1636749,-9.462502
IMU,653374965.0,2,0.00211981,-0.0005065667,0.001502222,-2.656516,0.1632561,-9.462336
