ARM,759118017.0,0.0
AHR2,757304209.0,-7.65,0.43,118.25,464.28,43.2382593,-7.6819006
AHR2,757405836.0,-7.21,-1.11,112.05,464.62,43.2382597,-7.6818999
AHR2,757507455.0,-6.63,-1.75,105.85,464.5,43.23826,-7.6818982
AHR2,757607480.0,-6.0,-2.32,99.41,464.69,43.2382601,-7.6818972
AHR2,757709690.0,-5.42,-3.77,92.91,464.85,43.2382608,-7.6818958
AHR2,757810171.0,-4.9,-4.3,86.74,465.1,43.2382611,-7.6818947
AHR2,757911403.0,-3.43,-4.7,80.29,465.17,43.2382616,-7.6818935
AHR2,758011564.0,-2.52,-4.96,73.4,465.46,43.2382619,-7.6818924
AHR2,758113635.0,-1.94,-5.35,67.07,465.42,43.2382629,-7.6818914
AHR2,758213620.0,-0.9,-5.27,61.4,465.38,43.2382633,-7.6818903
AHR2,758317686.0,-0.6,-4.62,56.71,466.08,43.2382637,-7.6818891
AHR2,758421684.0,-2.31,-4.57,53.39,466.17,43.238264,-7.6818879
AHR2,758526913.0,-3.25,-5.8,49.96,466.14,43.2382648,-7.6818864
AHR2,758630793.0,-2.97,-7.22,46.3,466.02,43.2382652,-7.6818852
AHR2,758735947.0,-2.08,-8.47,42.53,466.47,43.2382659,-7.6818842
AHR2,758839624.0,-1.01,-8.73,38.56,466.69,43.2382664,-7.6818831
AHR2,758944044.0,0.04,-7.96,34.64,467.18,43.2382679,-7.6818817
AHR2,759047692.0,1.13,-7.36,32.02,467.1,43.2382687,-7.6818806
AHR2,759153166.0,2.34,-6.48,30.17,467.18,43.2382699,-7.6818787
AHR2,759253178.0,3.55,-6.58,27.35,467.12,43.2382706,-7.6818775
AHR2,759354979.0,4.38,-7.06,23.17,466.88,43.2382715,-7.6818766
AHR2,759454958.0,5.08,-7.53,18.78,466.93,43.2382723,-7.6818754
AHR2,759556657.0,5.76,-8.21,14.3,466.93,43.2382736,-7.6818739
AHR2,759656598.0,6.25,-8.82,9.88,466.72,43.2382745,-7.6818728
AHR2,759759023.0,5.94,-9.08,5.43,466.41,43.2382752,-7.6818715
AHR2,759859027.0,4.89,-9.13,1.05,466.06,43.2382761,-7.6818703
AHR2,759960820.0,2.7,-8.88,356.63,465.88,43.2382768,-7.6818696
AHR2,760060761.0,-0.15,-8.38,352.27,465.15,43.2382777,-7.6818685
AHR2,760162474.0,-3.86,-7.85,347.76,464.86,43.2382786,-7.6818681
AHR2,760262459.0,-8.75,-6.96,343.25,464.31,43.2382796,-7.6818672
AHR2,760363925.0,-11.88,-4.97,338.34,463.86,43.2382801,-7.6818668
AHR2,760464612.0,-18.14,-5.73,330.62,462.8,43.238281,-7.6818659
AHR2,760565711.0,30.61,-27.2,320.17,459.94,43.2382815,-7.6818645
AHR2,760666058.0,26.39,-26.84,316.34,459.31,43.2382822,-7.6818636
AHR2,760768002.0,24.44,-24.33,317.08,459.84,43.2382871,-7.6818617
AHR2,760867946.0,27.58,-25.09,316.56,460.06,43.2382892,-7.6818604
AHR2,760969970.0,27.55,-25.26,316.19,460.01,43.2382844,-7.6818637
AHR2,761070246.0,27.35,-25.17,316.29,459.97,43.2382842,-7.6818639
AHR2,761171414.0,27.61,-25.3,316.18,459.89,43.2382851,-7.6818634
ATT,757303646.0,-6.033456,-7.07927,-0.3310307,0.3528672,113.8955,121.8859
ATT,757405198.0,-5.672944,-6.642519,-1.46137,-1.215894,107.8709,115.5183
ATT,757506776.0,-5.314775,-6.075383,-2.48473,-1.862089,101.8466,109.1231
ATT,757606915.0,-4.781639,-5.465744,-3.275255,-2.393476,95.88547,102.5534
ATT,757709024.0,-4.083097,-4.89788,-4.109748,-3.794237,89.81557,95.81834
ATT,757809618.0,-3.229134,-4.365419,-4.610613,-4.270639,83.78237,89.3787
ATT,757910759.0,-2.286912,-2.890124,-5.166637,-4.62839,77.67237,82.63677
ATT,758010787.0,-1.354394,-1.993871,-5.50019,-4.887452,71.65981,75.47324
ATT,758112917.0,-0.5081799,-1.408717,-5.899586,-5.26281,66.61977,68.77288
ATT,758212967.0,0.03660803,-0.322484,-6.204635,-5.14498,63.46737,62.80447
ATT,758316986.0,-1.166853,0.02461287,-6.378739,-4.727349,98.18947,95.30727
ATT,758420983.0,-2.460378,-1.578475,-6.580359,-4.599876,93.76305,88.50498
ATT,758526166.0,-2.723298,-2.23603,-7.453946,-5.773138,87.6274,80.64114
ATT,758630069.0,-2.115369,-1.740469,-8.287151,-7.04351,81.36218,74.12584
ATT,758735364.0,-1.02498,-0.8138406,-8.746378,-8.130715,74.96789,69.07871
ATT,758838979.0,0.158618,0.23542,-8.641918,-8.253874,69.1327,64.55781
ATT,758943394.0,1.083674,1.168168,-8.265547,-7.399547,65.10824,60.16734
ATT,759046947.0,1.912133,2.098949,-7.71897,-6.782408,62.9477,57.00342
ATT,759152619.0,2.022946,3.121319,-6.723319,-5.961948,54.21781,54.26459
ATT,759252650.0,1.03284,4.175829,-3.43649,-6.119189,50.75634,50.81888
ATT,759354447.0,0.5210853,4.923646,-1.733747,-6.603527,45.73268,45.80645
ATT,759454419.0,0.2660355,5.59188,-0.8851475,-7.060242,39.90089,39.98475
ATT,759555869.0,0.1342379,5.935858,-0.4466312,-7.565177,33.98632,34.07541
ATT,759655982.0,0.0685334,6.000629,-0.2280234,-7.996422,28.36894,28.45909
ATT,759758459.0,0.03448951,5.324519,-0.1147535,-8.190162,22.98501,23.06506
ATT,759858468.0,0.01760871,3.94264,-0.05858611,-8.231275,17.86125,17.92059
ATT,759960198.0,0.008863022,1.632377,-0.02948794,-8.021147,12.76051,12.78508
ATT,760060142.0,0.004525578,-1.271552,-0.01505478,-7.575661,7.797332,7.778214
ATT,760161728.0,0.002288566,-5.045111,-0.007611532,-7.17387,2.708224,2.632533
ATT,760261719.0,0.001168764,-9.979889,-0.003885963,-6.466813,357.6489,357.4999
ATT,760363206.0,0.0005901054,-13.22681,-0.001962681,-4.675863,352.1953,351.9992
ATT,760463778.0,0.0003013903,-19.68168,-0.001002008,-5.706823,344.0179,343.7289
ATT,760565048.0,0.0001516901,28.8007,-0.0005051073,-27.36413,333.5976,334.0604
ATT,760665486.0,0.0001179982,24.61992,-0.0003925606,-27.04305,329.091,329.4902
ATT,760767370.0,0.0001090895,22.98782,-0.0003615178,-24.95776,329.716,330.0837
ATT,760867164.0,0.0001090895,26.45387,-0.0003615178,-26.1574,329.1655,329.5891
ATT,760969418.0,0.0001043488,26.39322,-0.000346005,-26.32275,328.3436,328.7668
ATT,761069672.0,0.0001020836,25.98631,-0.0003388333,-26.03494,327.9026,328.3188
ATT,761170710.0,9.730068e-05,26.10367,-0.0003241658,-25.95937,327.2496,327.6672
BARO,757385785.0,0,1.81308,464.6331,96583.13
BARO,757489933.0,0,1.691589,464.5116,96584.47
BARO,757589463.0,0,1.883728,464.7037,96582.38
BARO,757691166.0,0,2.041962,464.8619,96580.67
BARO,757791707.0,0,2.293457,465.1134,96577.94
BARO,757893661.0,0,2.366913,465.1869,96577.15
BARO,757993621.0,0,2.655151,465.4751,96574.02
BARO,758095214.0,0,2.615601,465.4356,96574.45
BARO,758195652.0,0,2.578857,465.3988,96574.84
BARO,758296764.0,0,3.271149,466.0911,96567.36
BARO,758400711.0,0,3.36441,466.1844,96566.35
BARO,758506195.0,0,3.338989,466.159,96566.64
BARO,758610196.0,0,3.217468,466.0374,96567.94
BARO,758715835.0,0,3.661102,466.4811,96563.15
BARO,758819105.0,0,3.884338,466.7043,96560.76
BARO,758924017.0,0,4.376007,467.196,96555.44
BARO,759027050.0,0,4.291229,467.1112,96556.35
BARO,759133027.0,0,4.378845,467.1988,96555.39
BARO,759233034.0,0,4.311035,467.131,96556.13
BARO,759333663.0,0,4.079315,466.8993,96558.64
BARO,759434790.0,0,4.121704,466.9417,96558.18
BARO,759536018.0,0,4.121704,466.9417,96558.18
BARO,759635971.0,0,3.915436,466.7354,96560.39
BARO,759738181.0,0,3.601776,466.4218,96563.8
BARO,759838201.0,0,3.257019,466.077,96567.54
BARO,759940568.0,0,3.076172,465.8961,96569.47
BARO,760040775.0,0,2.347137,465.1671,96577.38
BARO,760142221.0,0,2.058929,464.8789,96580.47
BARO,760242012.0,0,1.505096,464.3251,96586.46
BARO,760343183.0,0,1.058624,463.8786,96591.3
BARO,760443245.0,0,-0.00668335,462.8133,96602.82
BARO,760545146.0,0,-2.866302,459.9537,96633.76
BARO,760645176.0,0,-3.490784,459.3292,96640.5
BARO,760747239.0,0,-2.962372,459.8576,96634.8
BARO,760847705.0,0,-2.744812,460.0752,96632.44
BARO,760948997.0,0,-2.795654,460.0243,96632.98
BARO,761049786.0,0,-2.838043,459.9819,96633.45
BARO,761150955.0,0,-2.91153,459.9084,96634.23
BARO,757385785.0,1,2.236938,465.0569,96564.98
BARO,757489933.0,1,1.934601,464.7546,96568.26
BARO,757589463.0,1,2.140869,464.9608,96566.03
BARO,757691166.0,1,2.508209,465.3282,96562.05
BARO,757791707.0,1,2.005249,464.8252,96567.48
BARO,757893661.0,1,2.369751,465.1897,96563.55
BARO,757993621.0,1,2.909454,465.7294,96557.73
BARO,758095214.0,1,3.13269,465.9527,96555.29
BARO,758195652.0,1,3.002716,465.8227,96556.71
BARO,758296764.0,1,3.805206,466.6252,96548.03
BARO,758400711.0,1,4.076477,466.8965,96545.09
BARO,758506195.0,1,3.420929,466.2409,96552.19
BARO,758610196.0,1,3.590454,466.4104,96550.35
BARO,758715835.0,1,3.717621,466.5376,96548.96
BARO,758819105.0,1,3.994537,466.8145,96545.98
BARO,758924017.0,1,4.135834,466.9558,96544.45
BARO,759027050.0,1,4.014313,466.8343,96545.77
BARO,759133027.0,1,4.438171,467.2581,96541.19
BARO,759233034.0,1,4.545563,467.3655,96540.03
BARO,759333663.0,1,4.446655,467.2666,96541.1
BARO,759434790.0,1,4.347748,467.1677,96542.17
BARO,759536018.0,1,4.18103,467.001,96543.98
BARO,759635971.0,1,4.11322,466.9332,96544.7
BARO,759738181.0,1,3.740234,466.5602,96548.72
BARO,759838201.0,1,3.740234,466.5602,96548.74
BARO,759940568.0,1,3.225952,466.0459,96554.3
BARO,760040775.0,1,2.884033,465.704,96557.99
BARO,760142221.0,1,2.386719,465.2067,96563.37
BARO,760242012.0,1,1.815918,464.6359,96569.52
BARO,760343183.0,1,1.411835,464.2318,96573.89
BARO,760443245.0,1,-0.04623413,462.7737,96589.68
BARO,760545146.0,1,-3.906158,458.9138,96631.41
BARO,760645176.0,1,-3.004761,459.8152,96621.67
BARO,760747239.0,1,-2.758942,460.061,96619.0
BARO,760847705.0,1,-2.391571,460.4284,96615.02
BARO,760948997.0,1,-2.612,460.208,96617.42
BARO,761049786.0,1,-2.465057,460.3549,96615.84
BARO,761150955.0,1,-2.402893,460.4171,96615.17
GPS,757314238.0,4,22,43.2382599,-7.6819019,464.61,0.7970001,-0.296,0.0
GPS,757475587.0,4,22,43.23826,-7.6818997,464.7,0.8200001,-0.418,0.0
GPS,757677184.0,4,22,43.2382605,-7.6818974,464.81,0.9450001,-0.567,0.0
GPS,757882457.0,4,22,43.2382612,-7.681895,464.98,0.946,-0.8150001,0.0
GPS,758084027.0,4,22,43.2382623,-7.6818928,465.2,0.96,-0.9590001,0.0
GPS,758306064.0,4,22,43.2382633,-7.6818905,465.42,0.9850001,-1.015,0.0
GPS,758474789.0,4,22,43.2382642,-7.6818881,465.65,0.9710001,-1.22,0.0
GPS,758689200.0,4,22,43.2382652,-7.6818859,465.92,1.002,-1.252,0.0
GPS,758880233.0,4,22,43.2382666,-7.6818836,466.18,1.21,-1.293,0.0
GPS,759064755.0,4,22,43.2382683,-7.6818811,466.42,1.296,-1.129,0.0
GPS,759310642.0,4,22,43.2382701,-7.6818785,466.65,1.362,-1.09,0.0
GPS,759474813.0,4,22,43.2382719,-7.6818761,466.63,1.332,1.347,0.0
GPS,759676160.0,4,22,43.2382736,-7.6818738,466.17,1.335,3.291,0.0
GPS,759881160.0,4,21,43.2382752,-7.6818717,465.34,1.305,5.065,0.0
GPS,760085620.0,4,22,43.2382769,-7.6818699,464.17,1.288,6.712,0.0
GPS,760306916.0,4,22,43.2382786,-7.6818682,462.71,1.217,8.273001,0.0
GPS,760469465.0,4,22,43.2382801,-7.6818664,460.98,1.07,9.394,0.0
GPS,760671074.0,4,22,43.2382828,-7.6818643,459.92,2.48,1.222,0.0
GPS,760873042.0,4,22,43.2382846,-7.6818633,459.76,0.228,0.224,0.0
GPS,761074951.0,4,22,43.2382847,-7.6818634,459.74,0.254,-0.025,0.0
IMU,757327778.0,0,-0.07083916,-0.08188595,-1.104664,-0.8189005,0.8300167,-10.00209
IMU,757368013.0,0,0.1858774,-0.008525915,-1.227015,-0.4532209,0.02090367,-10.65822
IMU,757407715.0,0,0.1168476,-0.09641395,-1.179409,-0.7402608,1.350319,-10.62576
IMU,757448402.0,0,-0.07900291,-0.09696203,-1.064129,-0.6576175,1.049712,-10.05407
IMU,757490044.0,0,0.04715189,0.05284047,-1.110041,-0.5016729,-0.1137506,-10.42011
IMU,757529579.0,0,0.1859238,0.02423777,-1.211245,-0.8389058,0.2337643,-10.99339
IMU,757569402.0,0,0.03725617,-0.1204028,-1.099877,-0.6310928,2.091162,-10.0245
IMU,757609950.0,0,0.06702385,0.08688879,-1.143424,-0.537049,-0.08223677,-10.31447
IMU,757649796.0,0,0.07878184,-0.004483823,-1.14933,-0.229393,0.3278532,-11.17017
IMU,757691401.0,0,0.1112263,-0.09803509,-1.166295,-0.3241195,0.1855496,-10.85454
IMU,757734031.0,0,0.2357912,-0.1088088,-1.212886,0.1472699,0.6919225,-10.75584
IMU,757774472.0,0,0.09959664,-0.1271582,-1.095828,-0.3535449,1.771537,-9.937952
IMU,757814778.0,0,0.1165093,0.1560735,-1.271588,-1.365262,0.2398537,-9.829109
IMU,757855053.0,0,-0.005061471,0.06734263,-1.164223,-0.3484489,-0.144158,-10.6509
IMU,757896432.0,0,0.02606402,0.02609565,-1.127333,-0.2759392,0.2503357,-10.01086
IMU,757935806.0,0,0.1579077,0.05436362,-1.329353,-1.25726,-0.5637248,-10.64237
IMU,757976197.0,0,0.06674639,-0.09148373,-1.212522,-0.4266101,-0.565527,-10.87131
IMU,758016426.0,0,0.2008918,0.01144188,-1.237519,-0.4473032,0.07217652,-10.47065
IMU,758056229.0,0,0.04919775,-0.04497273,-1.224163,-0.6975844,0.6067481,-10.47956
IMU,758097690.0,0,0.05277613,-0.09709751,-1.100124,-0.1066565,0.8636538,-10.16091
IMU,758138204.0,0,0.1875928,-0.0123089,-1.192364,-0.1044164,0.4898631,-10.61756
IMU,758178472.0,0,-0.0810642,-0.01149791,-1.005105,-0.06936686,-0.3762255,-10.29127
IMU,758218001.0,0,0.05582528,0.06353288,-0.9834145,-0.4029513,-0.2155342,-10.39296
IMU,758258948.0,0,0.257728,0.09784275,-0.8477002,-0.4481836,0.704239,-11.06222
IMU,758298623.0,0,-0.1224951,0.1618392,-0.8188041,-0.9188637,-0.4040006,-10.46006
IMU,758341701.0,0,-0.5319271,0.1858834,-0.6629456,-0.913163,-0.3493853,-10.34986
IMU,758383230.0,0,-0.2432999,-0.1202893,-0.5946578,0.1401974,0.7592477,-10.50203
IMU,758423534.0,0,-0.3174408,-0.1498551,-0.6106254,-0.4203911,-0.8571916,-10.24814
IMU,758467419.0,0,-0.2570423,-0.1280328,-0.6299945,-1.352689,-0.3030738,-9.468734
IMU,758508358.0,0,-0.2824919,-0.3748973,-0.5797915,-0.4274098,0.715856,-9.633834
IMU,758549026.0,0,-0.1192858,-0.2925093,-0.731436,-0.9637917,-0.5901502,-9.905174
IMU,758592574.0,0,-0.1899604,-0.3023042,-0.6152064,-0.809828,-0.9308897,-9.660621
IMU,758633155.0,0,0.03022176,-0.1587362,-0.6718737,0.5091657,-1.291615,-10.68429
IMU,758676410.0,0,0.01538437,-0.167083,-0.5831822,-0.4122742,-0.976092,-9.535359
IMU,758718250.0,0,0.1135419,-0.0914068,-0.7302094,-0.4506883,-0.9835001,-9.476492
IMU,758759589.0,0,0.02388606,-0.1530746,-0.6175085,-0.8010105,1.605755,-9.493041
IMU,758801246.0,0,0.1081976,-0.005339148,-0.7701627,-1.037866,0.6511966,-9.660541
IMU,758841947.0,0,0.1652584,0.0669929,-0.7552837,0.186474,0.4300177,-10.062
IMU,758884775.0,0,0.07419504,0.07345984,-0.6640627,-0.1960173,-0.4784534,-9.867948
IMU,758926409.0,0,0.2471781,0.2468878,-0.6910427,-0.6595528,-0.5411177,-9.826994
IMU,758969997.0,0,0.1185829,0.02757923,-0.5447392,-0.07494916,0.7872786,-9.464618
IMU,759011960.0,0,0.2120572,0.1015153,-0.546017,-0.5381372,0.4654628,-9.901288
IMU,759051996.0,0,0.0837511,0.1812574,-0.4473105,0.2921726,-0.5972548,-10.49319
IMU,759097686.0,0,0.3729098,0.1523021,-0.3219358,-0.9139624,-1.015337,-9.894102
IMU,759137682.0,0,0.2824219,0.1236583,-0.318449,-1.017177,-0.4479583,-10.02296
IMU,759177623.0,0,0.1840471,0.0007699928,-0.3515196,-1.066523,0.7939202,-1.935774
IMU,759218107.0,0,0.0960741,-0.09663931,-0.491212,-0.4061485,-0.4798406,0.09663278
IMU,759257996.0,0,0.07444427,-0.1144798,-0.6250443,-0.247206,-0.2438417,-0.1337916
IMU,759298025.0,0,0.07300651,-0.1377241,-0.6956162,-0.01206942,-0.1611077,0.02980737
IMU,759338674.0,0,0.05887527,-0.1379235,-0.7370936,-0.150644,-0.05392227,-0.2213749
IMU,759379183.0,0,0.04961287,-0.1466275,-0.7617587,-0.1060876,-0.09497866,-0.03417731
IMU,759419304.0,0,0.03443766,-0.1471587,-0.7674406,-0.06441934,-0.08883712,-0.1763915
IMU,759459667.0,0,0.008135435,-0.1688523,-0.7636322,-0.07606129,-0.1698051,-0.1248588
IMU,759501423.0,0,-0.02456349,-0.1584732,-0.757632,-0.1043103,-0.1784467,-0.2456848
IMU,759541033.0,0,-0.04012651,-0.1615868,-0.7546536,-0.09354133,-0.1409321,-0.2464904
IMU,759581035.0,0,-0.05008982,-0.1683583,-0.7599208,-0.1083632,-0.1641938,-0.2601096
IMU,759620966.0,0,-0.08112707,-0.1564515,-0.7551053,-0.1135119,-0.1745037,-0.3148192
IMU,759660964.0,0,-0.1321763,-0.1332348,-0.7562191,-0.1090136,-0.2106662,-0.4137723
IMU,759703552.0,0,-0.1982043,-0.1103248,-0.7565973,-0.1066777,-0.1919283,-0.5728107
IMU,759743213.0,0,-0.2418949,-0.09967984,-0.7545886,-0.1155485,-0.1870296,-0.6979863
IMU,759783187.0,0,-0.2895408,-0.08885391,-0.762212,-0.1144039,-0.1739952,-0.8074387
IMU,759823698.0,0,-0.345537,-0.06661286,-0.764625,-0.1049763,-0.1978526,-0.9204816
IMU,759863692.0,0,-0.4053958,-0.04549934,-0.7665031,-0.1174899,-0.2059431,-1.043587
IMU,759905184.0,0,-0.4771503,-0.01754186,-0.7678767,-0.1072619,-0.2284168,-1.155606
IMU,759945651.0,0,-0.5273986,0.01937336,-0.7694039,-0.1059196,-0.1675621,-1.303513
IMU,759985069.0,0,-0.5581841,0.05354952,-0.7739899,-0.06857205,-0.1440961,-1.44182
IMU,760025840.0,0,-0.6036358,0.07948016,-0.779291,-0.07456303,-0.1589582,-1.498003
IMU,760066013.0,0,-0.6536043,0.09259642,-0.7828843,-0.08540875,-0.1315046,-1.612393
IMU,760106720.0,0,-0.7085013,0.1129397,-0.7871247,-0.08943515,-0.1259179,-1.85118
IMU,760146780.0,0,-0.7674749,0.1162531,-0.786212,-0.109731,-0.1358601,-1.985371
IMU,760186627.0,0,-0.8619841,0.1531729,-0.7871833,-0.1776219,-0.137371,-2.055221
IMU,760227027.0,0,-0.9713877,0.2476285,-0.7879856,-0.2043298,-0.1152134,-2.228722
IMU,760266985.0,0,-0.9948155,0.2997967,-0.7806914,-0.1720679,0.0470684,-2.485658
IMU,760307027.0,0,-0.944552,0.3232136,-0.7952895,-0.1044839,0.1293933,-2.617223
IMU,760347762.0,0,-0.368161,0.5811653,-0.7626032,-0.4078256,1.675278,-5.819323
IMU,760388654.0,0,0.5679858,1.278343,-0.8765388,-0.698931,0.7716905,-9.755408
IMU,760428787.0,0,-2.565222,1.360534,-1.150217,-3.452678,1.709145,-36.7611
IMU,760469671.0,0,1.014903,-3.506789,-2.671356,8.268348,35.7466,-72.10037
IMU,760510382.0,0,16.2219,-8.633395,-3.634417,-8.045965,-1.367722,-56.0655
IMU,760550598.0,0,-0.4011617,3.507654,-0.4058324,-88.04396,-40.97577,-52.25853
IMU,760589999.0,0,0.1309303,-0.648917,0.9342909,0.973232,-1.137845,-5.767841
IMU,760630220.0,0,-1.400822,-0.5796961,-1.27161,-3.30047,-1.166699,-6.318653
IMU,760671208.0,0,-1.488852,0.3873447,-1.11679,-2.801444,-2.423428,-3.970026
IMU,760712451.0,0,-0.460266,0.7217126,-0.2275591,-3.029472,-3.389843,-4.663824
IMU,760752827.0,0,0.1306389,0.2655663,0.3202275,-3.63805,-3.409539,-4.199812
IMU,760792422.0,0,0.472324,-0.2321804,0.140436,-3.426978,-3.475471,-6.824309
IMU,760832947.0,0,0.570441,-0.1017757,-0.06355749,-3.433775,-4.011981,-8.558864
IMU,760873164.0,0,0.3818562,-0.06752863,-0.1508989,-4.31937,-3.9372,-9.223664
IMU,760913691.0,0,-0.02186779,-0.1055681,-0.05516199,-5.021997,-4.384011,-8.942589
IMU,760954026.0,0,-0.1779146,0.0170062,0.01937288,-5.052518,-3.850916,-8.359869
IMU,760995212.0,0,-0.1082852,0.07419223,0.009223434,-4.054753,-3.730129,-7.628147
IMU,761034639.0,0,-0.01751208,0.03567632,0.009837593,-3.564795,-3.835848,-7.470068
IMU,761075025.0,0,0.03772657,-0.04980791,-0.01220888,-3.899424,-3.765111,-7.630568
IMU,761115837.0,0,0.06486937,-0.03015723,-0.01846835,-4.37925,-3.827861,-8.051759
IMU,761156467.0,0,0.01938447,-0.009441536,0.0006808604,-4.310306,-4.028549,-8.212794
IMU,761196003.0,0,-0.0347454,0.008888839,-0.004225813,-4.196294,-3.922585,-7.954138
IMU,761236435.0,0,-0.02678719,0.0005846529,0.003714851,-4.08806,-3.907577,-7.756878
IMU,757327778.0,1,-0.0407112,-0.0471753,-1.094029,-0.9457071,1.22301,-9.904011
IMU,757368013.0,1,0.1483695,-0.07014477,-1.129136,-0.6662952,-0.9452772,-12.05021
IMU,757407715.0,1,-0.07226829,-0.1439321,-1.050917,-0.5514016,1.195025,-9.729705
IMU,757448402.0,1,-0.05784306,-0.02298372,-0.9692795,0.35682,1.620104,-9.337093
IMU,757490044.0,1,0.09568144,0.03569838,-1.116539,0.1640083,-0.4672237,-10.07224
IMU,757529579.0,1,0.04818532,-0.06534521,-1.077612,-0.3833561,-0.7371257,-11.94044
IMU,757569402.0,1,-0.05684532,-0.07204741,-1.075787,-0.1313848,1.522516,-9.96467
IMU,757609950.0,1,0.08889794,0.06983005,-1.120497,-0.2646183,0.2096514,-10.68409
IMU,757649796.0,1,-0.0121107,-0.08714992,-1.038798,-0.2379367,-0.5481952,-12.04396
IMU,757691401.0,1,0.000306423,-0.1134715,-1.084224,-0.0372634,-0.8502126,-11.2876
IMU,757734031.0,1,0.1293951,-0.1429036,-1.087638,-0.07442994,-0.4860097,-10.79368
IMU,757774472.0,1,0.01891376,-0.07226479,-1.067058,0.2084631,1.495285,-10.17838
IMU,757814778.0,1,0.01692658,0.124965,-1.158551,-1.28557,0.8841634,-10.09513
IMU,757855053.0,1,-0.007424135,0.04619846,-1.10164,-0.5328739,-0.07463284,-10.7089
IMU,757896432.0,1,0.03355982,0.01516012,-1.105766,-0.01068477,-0.2519611,-9.836525
IMU,757935806.0,1,0.1271975,0.08444766,-1.293689,-1.633129,-0.9270398,-10.57271
IMU,757976197.0,1,0.02183762,-0.1130296,-1.04877,0.4164935,-0.4767278,-11.0932
IMU,758016426.0,1,0.09426752,-0.006437128,-1.226806,-0.6260703,-0.09986938,-10.64552
IMU,758056229.0,1,-0.06438272,-0.08173223,-1.039916,0.1936812,0.464217,-10.20741
IMU,758097690.0,1,-0.05929963,-0.05833123,-1.067583,0.217834,0.6687594,-10.18147
IMU,758138204.0,1,0.09428667,-0.03681975,-1.084708,-0.2185898,0.3224702,-10.9632
IMU,758178472.0,1,-0.08107404,0.01690717,-0.9697329,0.09014878,0.2085554,-10.37131
IMU,758218001.0,1,0.03059345,0.06394142,-0.9130902,-0.4969265,-0.8263729,-10.44369
IMU,758258948.0,1,0.1764352,0.07712559,-0.7647685,-0.01718925,0.2966498,-11.55142
IMU,758298623.0,1,-0.1903623,0.1436188,-0.7521964,-0.8772281,-0.6001037,-11.27249
IMU,758341701.0,1,-0.5509221,0.1821498,-0.6412679,-1.420953,-0.4050423,-10.32369
IMU,758383230.0,1,-0.2502397,-0.04944594,-0.5866831,0.5945206,1.092753,-10.42129
IMU,758423534.0,1,-0.3212238,-0.1262274,-0.5838684,0.1361215,-0.638678,-9.722394
IMU,758467419.0,1,-0.3402404,-0.1506211,-0.6290253,-1.367583,-0.1292362,-9.431461
IMU,758508358.0,1,-0.2620998,-0.3023016,-0.5792004,-0.2748428,0.7855409,-8.815582
IMU,758549026.0,1,-0.2084139,-0.2719218,-0.6266224,-0.9967607,0.07046481,-9.030502
IMU,758592574.0,1,-0.1827917,-0.263034,-0.6345826,-0.791301,-0.6449117,-8.98328
IMU,758633155.0,1,0.05463461,-0.1815082,-0.4809011,0.7862722,-1.221017,-10.8738
IMU,758676410.0,1,0.04931914,-0.1534643,-0.5779176,-0.4271288,-1.186219,-11.24007
IMU,758718250.0,1,0.05570852,-0.1566147,-0.6454518,-0.7778645,-1.09998,-9.617275
IMU,758759589.0,1,-0.00107815,-0.1672266,-0.6069619,-1.087946,1.755203,-9.725311
IMU,758801246.0,1,0.01842574,-0.03334695,-0.6969838,-0.6590413,0.5414037,-8.419526
IMU,758841947.0,1,0.09518725,0.0767801,-0.6870546,0.01545067,0.008394494,-9.865761
IMU,758884775.0,1,0.06168208,0.1378502,-0.6678776,1.368029,0.2020361,-10.19019
IMU,758926409.0,1,0.1614416,0.1868645,-0.6202109,-0.8897218,-1.056345,-10.33152
IMU,758969997.0,1,0.1056239,0.04965516,-0.5243111,-0.03723674,0.1457499,-9.293214
IMU,759011960.0,1,0.104973,0.05797845,-0.4838976,-0.2513809,0.2318974,-10.00967
IMU,759051996.0,1,0.07403655,0.153459,-0.4002109,0.7229261,-0.143591,-10.73747
IMU,759097686.0,1,0.3213083,0.1434444,-0.3257869,-0.6711987,-1.335812,-10.26348
IMU,759137682.0,1,0.2174531,0.1037691,-0.2454897,-1.229232,-1.358391,-9.9405
IMU,759177623.0,1,0.1080359,-0.0400697,-0.3404582,-0.689159,0.4380574,-1.356146
IMU,759218107.0,1,0.05585734,-0.09508388,-0.4534619,-0.4084494,-0.5822966,-0.03858863
IMU,759257996.0,1,0.03617628,-0.1098061,-0.5760372,-0.3619146,-0.04032468,-0.2490178
IMU,759298025.0,1,0.0276267,-0.133893,-0.6425415,-0.03151367,-0.02965648,-0.05788033
IMU,759338674.0,1,0.01472728,-0.136591,-0.6811992,-0.1803733,0.1202114,-0.2470438
IMU,759379183.0,1,0.01114534,-0.1425804,-0.7087631,-0.1487914,0.006961445,-0.1219898
IMU,759419304.0,1,0.003454203,-0.1470929,-0.7185327,-0.1045089,0.1100257,-0.1102424
IMU,759459667.0,1,-0.01752554,-0.1592403,-0.711404,-0.1205181,0.03539202,-0.1956856
IMU,759501423.0,1,-0.05224732,-0.1481766,-0.7083021,-0.08666538,0.01570939,-0.2189341
IMU,759541033.0,1,-0.06873224,-0.1583374,-0.7032177,-0.1247148,0.03359052,-0.280607
IMU,759581035.0,1,-0.08033404,-0.1593656,-0.7072536,-0.1557494,-0.08486808,-0.3436034
IMU,759620966.0,1,-0.1074895,-0.1509881,-0.7048771,-0.222675,-0.0007186301,-0.2783773
IMU,759660964.0,1,-0.1578387,-0.1228877,-0.7072241,-0.1660039,-0.1254764,-0.5326974
IMU,759703552.0,1,-0.2243217,-0.1069193,-0.7096082,-0.1679458,0.02928788,-0.5658182
IMU,759743213.0,1,-0.2696305,-0.09548002,-0.7101117,-0.2189691,-0.1129793,-0.7520585
IMU,759783187.0,1,-0.3130378,-0.08512357,-0.7194821,-0.182542,-0.1805355,-0.8982401
IMU,759823698.0,1,-0.3705105,-0.05896576,-0.7229433,-0.1101322,-0.09561946,-0.9131801
IMU,759863692.0,1,-0.4290771,-0.04004787,-0.7269095,-0.1323859,-0.04312368,-1.198502
IMU,759905184.0,1,-0.5017515,-0.007788676,-0.7317119,-0.1981185,-0.01802398,-1.229014
IMU,759945651.0,1,-0.5486874,0.02471097,-0.7358642,-0.200213,-0.06646928,-1.246054
IMU,759985069.0,1,-0.5809559,0.05710381,-0.7368522,-0.1064123,-0.0978836,-1.51431
IMU,760025840.0,1,-0.6293942,0.08010226,-0.7480558,-0.1509932,-0.01206148,-1.587912
IMU,760066013.0,1,-0.6690032,0.09934373,-0.748493,-0.07743021,-0.141504,-1.560347
IMU,760106720.0,1,-0.7252907,0.1180611,-0.7631066,-0.1164571,0.009114721,-1.912575
IMU,760146780.0,1,-0.7828599,0.1180074,-0.7556049,-0.0343145,-0.03524462,-2.037625
IMU,760186627.0,1,-0.8719056,0.1447312,-0.7613205,-0.2009371,0.04522652,-2.128003
IMU,760227027.0,1,-0.9821662,0.2189938,-0.7716165,-0.207984,-0.1071223,-2.263274
IMU,760266985.0,1,-1.015561,0.2782167,-0.7583932,-0.2136653,0.2389135,-2.640699
IMU,760307027.0,1,-0.9627407,0.2940986,-0.7715648,-0.1582717,0.1852613,-2.708243
IMU,760347762.0,1,-0.4514392,0.5285337,-0.7058469,-0.1451398,1.867563,-5.504381
IMU,760388654.0,1,0.509038,1.208078,-0.7813395,-1.329703,0.2533238,-9.926635
IMU,760428787.0,1,-2.381373,1.33891,-1.156436,-2.925305,1.397443,-41.95338
IMU,760469671.0,1,0.5495408,-3.316462,-2.492332,8.410611,31.23956,-69.29903
IMU,760510382.0,1,15.53858,-8.501982,-2.816515,-10.13058,-7.50755,-51.84726
IMU,760550598.0,1,-0.2032656,3.234085,-0.6137459,-98.70565,-56.91265,-61.02844
IMU,760589999.0,1,0.1178747,-0.6193861,0.9304479,2.984321,-0.9828148,-8.02466
IMU,760630220.0,1,-1.42414,-0.555112,-1.234943,-3.167038,-1.40137,-6.176893
IMU,760671208.0,1,-1.540389,0.3465635,-1.118916,-3.027704,-2.500271,-3.844618
IMU,760712451.0,1,-0.4804159,0.68353,-0.2461399,-3.24604,-3.340851,-4.609919
IMU,760752827.0,1,0.1086813,0.2523856,0.2778319,-3.628572,-3.173161,-4.437501
IMU,760792422.0,1,0.4245057,-0.2261872,0.1431094,-3.365928,-3.358848,-6.893118
IMU,760832947.0,1,0.5331542,-0.1066339,-0.02989342,-3.436043,-3.976196,-8.810679
IMU,760873164.0,1,0.3461896,-0.06475926,-0.1206299,-4.290629,-3.860448,-9.359932
IMU,760913691.0,1,-0.02903941,-0.09644044,-0.05066869,-5.072062,-4.313415,-9.099549
IMU,760954026.0,1,-0.1749063,0.02098799,0.01521821,-4.989017,-3.879632,-8.266701
IMU,760995212.0,1,-0.107465,0.08431828,0.01264165,-4.017398,-3.650462,-7.579101
IMU,761034639.0,1,-0.01363891,0.03802857,0.008886951,-3.568087,-3.792055,-7.578974
IMU,761075025.0,1,0.01762829,-0.05031445,-0.007536781,-3.96112,-3.666454,-7.659384
IMU,761115837.0,1,0.03674215,-0.02962175,-0.01170567,-4.407304,-3.755297,-8.130749
IMU,761156467.0,1,0.01046754,-0.003661549,0.007027424,-4.338597,-3.902423,-8.427055
IMU,761196003.0,1,-0.03287628,0.01007481,-0.0007546502,-4.186049,-3.955103,-8.083148
IMU,761236435.0,1,-0.02494306,0.005169166,0.009428015,-4.027243,-3.831707,-7.933666
IMU,757327778.0,2,0.1006537,-0.05280194,-1.168162,-0.9512199,-0.9318982,-12.24909
IMU,757368013.0,2,0.04520572,-0.1246886,-1.136631,0.07936884,0.8688565,-11.77555
IMU,757407715.0,2,0.07148343,-0.06863865,-1.15612,-1.39093,-0.6019519,-10.41154
IMU,757448402.0,2,0.1187466,-0.02954732,-1.133957,-1.101787,-1.215385,-11.79427
IMU,757490044.0,2,0.05830272,-0.02041232,-1.105405,-0.2971174,1.711591,-10.76558
IMU,757529579.0,2,0.02821548,-0.006209909,-1.143157,-0.7467687,-0.04160205,-10.07664
IMU,757569402.0,2,0.1285735,-0.02445548,-1.146511,-1.048478,0.09618481,-8.966999
IMU,757609950.0,2,0.1089064,-0.04984561,-1.13779,0.0260334,2.066063,-9.239462
IMU,757649796.0,2,-0.01428068,-0.05469208,-1.172117,-0.608857,-1.100276,-12.9677
IMU,757691401.0,2,0.004075671,-0.06460796,-1.18012,-0.8320445,-1.065595,-10.85027
IMU,757734031.0,2,0.1368559,-0.05954843,-1.197404,-0.4524882,0.6368436,-10.84689
IMU,757774472.0,2,0.1275327,-0.07922938,-1.155535,-1.627487,-0.4246222,-9.451122
IMU,757814778.0,2,0.1159263,0.06560928,-1.190469,-0.5914904,1.040096,-8.306817
IMU,757855053.0,2,0.05145463,0.07829969,-1.207981,-1.077414,0.1220769,-11.36394
IMU,757896432.0,2,0.1075135,0.0288921,-1.187937,0.08878186,0.7973722,-10.59613
IMU,757935806.0,2,0.06805983,0.02413267,-1.225371,-0.9145427,1.279094,-11.27477
IMU,757976197.0,2,0.07163247,-0.01429169,-1.208628,-1.131393,-0.2711829,-11.90226
IMU,758016426.0,2,0.09133697,-0.03212221,-1.198141,-0.4992884,0.2943145,-11.28997
IMU,758056229.0,2,0.04274541,-0.02060165,-1.223588,-0.9138292,-1.361176,-11.40262
IMU,758097690.0,2,0.09405538,-0.07396509,-1.167601,-0.06673446,-0.5343006,-11.65283
IMU,758138204.0,2,0.1625306,-0.05235446,-1.145067,-0.9375983,-0.390966,-11.89521
IMU,758178472.0,2,0.01779818,-0.0173865,-1.03564,-0.4480954,1.007739,-9.076043
IMU,758218001.0,2,0.08068039,0.08159231,-0.9514713,-1.05168,-0.9482109,-10.72345
IMU,758258948.0,2,0.1724642,0.08203091,-0.8364642,-0.9497732,-0.9048631,-10.5559
IMU,758298623.0,2,-0.2155253,0.1762908,-0.7579949,-0.7016864,-0.1827386,-10.11236
IMU,758341701.0,2,-0.4564445,0.1859466,-0.6457114,-0.5754946,-0.1859783,-11.33832
IMU,758383230.0,2,-0.109824,-0.01155762,-0.6412916,-0.3537132,0.1771765,-11.36052
IMU,758423534.0,2,-0.2480632,-0.09720054,-0.6509144,-0.7417207,-0.2064705,-10.99028
IMU,758467419.0,2,-0.2893494,-0.1174446,-0.6154138,-1.561547,0.1391649,-8.575562
IMU,758508358.0,2,-0.07897876,-0.283731,-0.6426086,-0.7449751,0.130219,-9.487504
IMU,758549026.0,2,-0.08127254,-0.2724102,-0.668829,-1.138286,-0.3298295,-10.71293
IMU,758592574.0,2,-0.1378355,-0.2238342,-0.6375315,0.001941103,-0.4357857,-10.30381
IMU,758633155.0,2,-0.006654936,-0.1936681,-0.6628534,-0.5743681,-0.8397376,-11.18603
IMU,758676410.0,2,-0.008570407,-0.2098902,-0.6306068,-0.659853,-0.06107959,-9.013218
IMU,758718250.0,2,0.06478688,-0.1547808,-0.6679403,-0.8136862,-0.3333671,-9.833315
IMU,758759589.0,2,0.08109132,-0.1271317,-0.6542211,-0.1460256,-0.4772494,-10.31004
IMU,758801246.0,2,0.1235446,0.03578112,-0.7172528,-1.302083,-1.138954,-10.26315
IMU,758841947.0,2,0.1322205,0.04787418,-0.711471,0.1644205,0.08967491,-9.149185
IMU,758884775.0,2,0.1193474,0.1025476,-0.7213911,-0.4632446,-0.3002054,-10.13982
IMU,758926409.0,2,0.1529502,0.1780509,-0.6677894,-0.4074786,-0.6535859,-9.790155
IMU,758969997.0,2,0.1929282,0.08735262,-0.5722879,-0.8705308,-0.6912882,-10.03544
IMU,759011960.0,2,0.1962488,0.09423932,-0.5267098,-0.2282263,-0.5692174,-10.73048
IMU,759051996.0,2,0.1050426,0.1395793,-0.4592809,-0.6966091,-0.3555253,-9.100914
IMU,759097686.0,2,0.2636517,0.1243103,-0.3191274,0.2501211,-0.1818014,-10.81134
IMU,759137682.0,2,0.1885311,0.1238774,-0.2822187,-0.4318999,-0.03942404,-8.895805
IMU,759177623.0,2,0.1944663,0.009487562,-0.3617715,-0.3438136,-0.176477,-2.302963
IMU,759218107.0,2,0.09455105,-0.08831525,-0.4906591,-0.3444564,-0.3966818,-0.5082886
IMU,759257996.0,2,0.06768415,-0.1164126,-0.6279173,-0.2459281,-0.07593217,-0.3446126
IMU,759298025.0,2,0.07010536,-0.1444507,-0.6932742,-0.03036343,-0.151171,-0.07589163
IMU,759338674.0,2,0.05381378,-0.1440013,-0.7323846,-0.09176046,-0.09698729,-0.3010192
IMU,759379183.0,2,0.0437713,-0.1530523,-0.7580944,-0.06533969,-0.09010617,-0.17436
IMU,759419304.0,2,0.03047987,-0.1535414,-0.7629998,-0.04518328,-0.09766965,-0.2654099
IMU,759459667.0,2,0.001779936,-0.1740337,-0.7598701,-0.07335763,-0.1422588,-0.2011797
IMU,759501423.0,2,-0.02971713,-0.1656224,-0.7534737,-0.08674579,-0.136555,-0.3357344
IMU,759541033.0,2,-0.04554899,-0.1665378,-0.7504703,-0.0766101,-0.1269097,-0.3400723
IMU,759581035.0,2,-0.05599613,-0.1730021,-0.7545402,-0.08617103,-0.1370288,-0.3707659
IMU,759620966.0,2,-0.08592533,-0.1600592,-0.7520167,-0.0963642,-0.1614268,-0.4071802
IMU,759660964.0,2,-0.1362358,-0.1351278,-0.7524706,-0.09860339,-0.1898356,-0.5631968
IMU,759703552.0,2,-0.199496,-0.1109399,-0.7498388,-0.08600865,-0.1834417,-0.689896
IMU,759743213.0,2,-0.2449008,-0.09996064,-0.7498798,-0.09884976,-0.1536144,-0.8103719
IMU,759783187.0,2,-0.2917943,-0.08818097,-0.7569453,-0.1073447,-0.1638448,-0.9226423
IMU,759823698.0,2,-0.3453972,-0.06341051,-0.7580133,-0.1025683,-0.1892606,-1.049583
IMU,759863692.0,2,-0.4067259,-0.04055698,-0.7604245,-0.1084562,-0.2115874,-1.13953
IMU,759905184.0,2,-0.4768942,-0.009671672,-0.7625675,-0.08698653,-0.2135888,-1.296713
IMU,759945651.0,2,-0.5244798,0.02860207,-0.7629399,-0.06860495,-0.1760268,-1.429114
IMU,759985069.0,2,-0.5558403,0.06528399,-0.7659886,-0.04791099,-0.1756696,-1.553827
IMU,760025840.0,2,-0.597953,0.09162852,-0.771067,-0.06159809,-0.17198,-1.630837
IMU,760066013.0,2,-0.6470424,0.105937,-0.7744281,-0.07529426,-0.1483281,-1.710191
IMU,760106720.0,2,-0.7018856,0.1268567,-0.7793725,-0.08209812,-0.1420594,-2.003438
IMU,760146780.0,2,-0.7606402,0.1303266,-0.7788641,-0.09058187,-0.1470388,-2.087158
IMU,760186627.0,2,-0.8511422,0.1694792,-0.7773629,-0.141291,-0.1588457,-2.191825
IMU,760227027.0,2,-0.9594048,0.2666269,-0.7789785,-0.1941424,-0.1339987,-2.373698
IMU,760266985.0,2,-0.981243,0.3215542,-0.7687647,-0.1307917,-0.01616896,-2.58436
IMU,760307027.0,2,-0.9323403,0.3450354,-0.7824159,-0.06539173,0.06096031,-2.686491
IMU,760347762.0,2,-0.3313233,0.5739291,-0.7662441,-0.5037221,1.518557,-5.469955
IMU,760388654.0,2,0.5807454,1.291174,-0.8548604,-1.346453,0.9001577,-9.4459
IMU,760428787.0,2,-2.964499,1.368148,-1.140692,-1.882633,1.047143,-43.05156
IMU,760469671.0,2,0.6285855,-3.624801,-2.66664,7.740555,31.31439,-67.28689
IMU,760510382.0,2,15.57222,-9.081746,-3.77488,-11.57216,-8.72576,-57.28224
IMU,760550598.0,2,0.625621,3.781199,-0.2617922,-91.50791,-57.79423,-52.85526
IMU,760589999.0,2,0.01917065,-0.867272,0.8956184,2.411448,-1.857658,-6.725911
IMU,760630220.0,2,-1.387301,-0.5518714,-1.255351,-2.947856,-2.118258,-6.339809
IMU,760671208.0,2,-1.46576,0.4182897,-1.103925,-2.958359,-2.493326,-4.052657
IMU,760712451.0,2,-0.4123943,0.7306109,-0.1911016,-3.480364,-3.326519,-4.347752
IMU,760752827.0,2,0.1399097,0.2558929,0.3203621,-3.864657,-3.32964,-4.087704
IMU,760792422.0,2,0.4686502,-0.2445838,0.1316404,-3.447482,-3.568594,-6.806224
IMU,760832947.0,2,0.5594096,-0.1134567,-0.06797343,-3.471307,-4.012895,-8.735868
IMU,760873164.0,2,0.3677675,-0.07953926,-0.1516655,-4.482231,-3.893035,-9.379752
IMU,760913691.0,2,-0.01780222,-0.1049296,-0.05669432,-5.190012,-4.233218,-9.144534
IMU,760954026.0,2,-0.1725132,0.01891143,0.02010267,-5.147974,-3.803797,-8.473895
IMU,760995212.0,2,-0.09909563,0.07583915,0.01068121,-4.14343,-3.722957,-7.651524
IMU,761034639.0,2,-0.0128412,0.03166682,0.009544056,-3.679763,-3.839897,-7.496847
IMU,761075025.0,2,0.03890962,-0.05121411,-0.01016343,-4.028893,-3.762326,-7.678936
IMU,761115837.0,2,0.06302387,-0.03380326,-0.01756119,-4.494705,-3.796295,-8.155172
IMU,761156467.0,2,0.01951776,-0.009638394,0.002695814,-4.444381,-3.976727,-8.311067
IMU,761196003.0,2,-0.03257317,0.00778078,-0.004159184,-4.322022,-3.915931,-8.085274
IMU,761236435.0,2,-0.02549266,0.001455656,0.006558307,-4.212496,-3.887451,-7.811367
