ARM,416310470.0,0.0
AHR2,415924152.0,0.09,-5.79,38.41,466.93,43.2382688,-7.6818828
AHR2,416028036.0,0.45,-5.12,38.21,466.83,43.2382695,-7.6818815
AHR2,416134437.0,0.64,-4.58,38.39,467.48,43.2382706,-7.6818802
AHR2,416238802.0,1.49,-4.17,39.04,467.03,43.2382714,-7.6818789
AHR2,416344149.0,1.17,-3.93,40.34,466.92,43.2382716,-7.6818778
AHR2,416444798.0,0.35,-3.91,40.58,467.5,43.2382723,-7.6818764
AHR2,416548143.0,-0.48,-3.91,39.77,467.37,43.2382733,-7.6818741
AHR2,416648571.0,-1.38,-3.87,38.74,467.3,43.2382741,-7.6818725
AHR2,416749060.0,-2.33,-3.98,37.66,467.42,43.2382747,-7.681871
AHR2,416849038.0,-3.4,-4.09,36.52,467.32,43.2382754,-7.6818695
AHR2,416950002.0,-4.66,-3.75,35.27,467.06,43.2382762,-7.6818683
AHR2,417050307.0,-6.04,-3.18,33.87,467.1,43.238277,-7.6818668
AHR2,417151716.0,-7.71,-2.42,32.28,466.67,43.2382777,-7.6818651
AHR2,417251653.0,-9.76,-1.57,30.63,466.31,43.2382784,-7.6818636
AHR2,417353529.0,-12.52,-0.55,28.89,465.75,43.238279,-7.6818624
AHR2,417453678.0,-14.66,0.62,26.94,465.37,43.2382797,-7.681861
AHR2,417554671.0,-16.27,1.37,24.83,464.83,43.2382807,-7.6818595
AHR2,417655194.0,-15.8,6.83,21.64,464.16,43.2382814,-7.6818582
AHR2,417756128.0,-36.75,-5.92,13.57,462.38,43.2382824,-7.6818571
AHR2,417856011.0,-10.45,4.21,5.2,459.66,43.2382777,-7.6818569
AHR2,417958462.0,-16.92,0.76,6.57,459.75,43.2382759,-7.6818562
AHR2,418058433.0,-15.74,1.23,6.35,460.28,43.2382769,-7.6818561
AHR2,418161039.0,-16.1,1.31,6.41,460.14,43.2382764,-7.6818557
AHR2,418262072.0,-16.34,1.44,6.47,460.15,43.2382759,-7.6818553
AHR2,418363132.0,-16.43,1.51,6.53,460.38,43.2382766,-7.6818558
AHR2,418463475.0,-16.43,1.56,6.59,460.26,43.2382767,-7.6818557
AHR2,418564693.0,-16.43,1.6,6.66,460.25,43.2382767,-7.6818557
AHR2,418664628.0,-16.44,1.64,6.72,460.12,43.2382767,-7.6818553
AHR2,418767001.0,-16.44,1.68,6.78,460.32,43.2382767,-7.6818552
AHR2,418872832.0,-16.45,1.72,6.84,460.18,43.2382767,-7.6818549
AHR2,418972949.0,-16.45,1.76,6.9,460.18,43.2382767,-7.6818549
AHR2,419074560.0,-16.46,1.8,6.96,460.15,43.2382769,-7.6818546
AHR2,419174460.0,-16.47,1.83,7.01,460.18,43.2382769,-7.6818546
AHR2,419280369.0,-16.48,1.87,7.07,460.37,43.2382769,-7.6818546
AHR2,419381655.0,-16.49,1.9,7.12,460.34,43.238277,-7.6818542
AHR2,419483706.0,-16.5,1.94,7.18,460.36,43.2382771,-7.6818536
AHR2,419583720.0,-16.51,1.98,7.23,460.27,43.2382771,-7.6818535
AHR2,419685492.0,-16.52,2.01,7.28,460.26,43.2382771,-7.6818532
ATT,415923493.0,0.02331677,1.178869,-6.559536,-5.706506,62.29209,58.39902
ATT,416027222.0,0.352353,1.377264,-6.175048,-5.061528,61.61595,57.5713
ATT,416133719.0,0.4599226,1.469584,-5.811831,-4.563942,61.2777,57.04087
ATT,416238164.0,0.7167208,2.267069,-5.481583,-4.222389,61.10501,57.00843
ATT,416343516.0,0.6495837,1.886836,-4.735233,-4.028729,57.64058,57.66877
ATT,416444025.0,0.3301783,0.9551193,-2.406828,-4.047742,57.79942,57.8137
ATT,416547429.0,0.1640847,0.1310641,-1.196081,-4.039191,56.5265,56.52846
ATT,416647745.0,0.08377221,-0.6999503,-0.610644,-3.987088,54.53853,54.52808
ATT,416748577.0,0.04252779,-1.611023,-0.3100016,-3.868737,52.45566,52.4316
ATT,416848566.0,0.02171117,-2.63916,-0.1582609,-3.700723,50.4505,50.41109
ATT,416949254.0,0.01102051,-3.968443,-0.08033098,-3.198838,48.51442,48.45522
ATT,417049671.0,0.005625547,-5.436552,-0.04101212,-2.502471,46.55939,46.47841
ATT,417151047.0,0.002840068,-7.212399,-0.02070513,-1.671926,44.51118,44.40392
ATT,417251065.0,0.001444047,-9.375796,-0.01054197,-0.7796813,42.47882,42.33968
ATT,417352923.0,0.0007320788,-12.24182,-0.005344471,0.3230212,40.36045,40.17939
ATT,417452981.0,0.0003721114,-14.47915,-0.00271736,1.591178,38.03584,37.82223
ATT,417554022.0,0.0001888465,-16.21372,-0.001378351,2.423358,35.59491,35.35624
ATT,417654638.0,9.595592e-05,-15.91383,-0.000703704,7.961623,32.12135,31.8849
ATT,417755570.0,5.529918e-05,-37.64571,-0.0003995526,-4.733318,23.95089,23.42763
ATT,417855448.0,5.437243e-05,-12.37529,-0.000392776,5.823802,15.20617,15.0222
ATT,417957802.0,5.174749e-05,-18.88136,-0.0003741333,3.233205,13.8661,13.58929
ATT,418057815.0,5.174747e-05,-17.64339,-0.0003741332,4.312727,11.25661,10.99702
ATT,418160406.0,4.922521e-05,-17.56512,-0.0003570622,4.645751,10.1465,9.887912
ATT,418261586.0,4.674267e-05,-17.47326,-0.0003410239,4.757792,9.935581,9.678261
ATT,418362618.0,4.555949e-05,-17.38526,-0.0003336396,4.713928,10.21799,9.961945
ATT,418462778.0,4.55595e-05,-17.28096,-0.0003336396,4.637362,10.65081,10.39628
ATT,418564055.0,4.425832e-05,-17.1277,-0.0003256946,4.528469,11.27985,11.02755
ATT,418663980.0,4.425832e-05,-17.03594,-0.0003256947,4.462699,11.65886,11.4079
ATT,418766441.0,4.183949e-05,-16.88624,-0.0003114369,4.37803,12.12891,11.88011
ATT,418872198.0,4.183949e-05,-16.78364,-0.0003114368,4.321453,12.42441,12.17709
ATT,418972254.0,4.183948e-05,-16.63922,-0.0003114367,4.232919,12.85392,12.60871
ATT,419073819.0,4.06501e-05,-16.54679,-0.0003046578,4.172024,13.12257,12.87869
ATT,419173827.0,4.065011e-05,-16.41041,-0.0003046578,4.087271,13.4485,13.20662
ATT,419279651.0,3.99924e-05,-16.33096,-0.0002973237,4.038165,13.61849,13.37775
ATT,419380814.0,3.999243e-05,-16.21499,-0.0002973237,3.959052,13.83889,13.59984
ATT,419483008.0,3.934021e-05,-16.12719,-0.0002902255,3.90395,13.98945,13.75167
ATT,419583076.0,3.934022e-05,-16.01121,-0.0002902254,3.82202,14.18063,13.94454
ATT,419684938.0,3.934022e-05,-15.92186,-0.0002902254,3.759712,14.29945,14.06466
BARO,415888958.0,0,4.000183,466.8202,96559.48
BARO,415992582.0,0,3.904114,466.7241,96560.54
BARO,416098145.0,0,4.551208,467.3712,96553.53
BARO,416202929.0,0,4.107574,466.9276,96558.32
BARO,416310713.0,0,3.994537,466.8145,96559.55
BARO,416411439.0,0,4.573822,467.3938,96553.27
BARO,416512609.0,0,4.44101,467.261,96554.72
BARO,416612817.0,0,4.378845,467.1988,96555.38
BARO,416713512.0,0,4.491882,467.3119,96554.18
BARO,416813543.0,0,4.398621,467.2186,96555.18
BARO,416914394.0,0,4.130188,466.9502,96558.07
BARO,417014605.0,0,4.178223,466.9982,96557.58
BARO,417116433.0,0,3.743042,466.563,96562.28
BARO,417216635.0,0,3.387024,466.207,96566.13
BARO,417317676.0,0,2.824707,465.6447,96572.2
BARO,417418439.0,0,2.446045,465.266,96576.3
BARO,417519619.0,0,1.900696,464.7207,96582.19
BARO,417619117.0,0,1.239471,464.0594,96589.34
BARO,417720683.0,0,-0.540741,462.2792,96608.6
BARO,417820782.0,0,-3.261902,459.5581,96638.02
BARO,417923381.0,0,-3.179962,459.64,96637.16
BARO,418023253.0,0,-2.640259,460.1797,96631.31
BARO,418125199.0,0,-2.784363,460.0356,96632.85
BARO,418226702.0,0,-2.773071,460.0469,96632.74
BARO,418327203.0,0,-2.546997,460.273,96630.31
BARO,418427199.0,0,-2.668518,460.1515,96631.6
BARO,418529479.0,0,-2.67981,460.1402,96631.73
BARO,418629471.0,0,-2.806976,460.013,96633.13
BARO,418730605.0,0,-2.600677,460.2193,96630.88
BARO,418831929.0,0,-2.741974,460.078,96632.41
BARO,418932442.0,0,-2.74762,460.0724,96632.47
BARO,419032477.0,0,-2.778717,460.0413,96632.81
BARO,419133688.0,0,-2.741974,460.078,96632.41
BARO,419234744.0,0,-2.552643,460.2673,96630.35
BARO,419336074.0,0,-2.580902,460.2391,96630.66
BARO,419436157.0,0,-2.561127,460.2589,96630.44
BARO,419538626.0,0,-2.657196,460.1628,96631.48
BARO,419638208.0,0,-2.66568,460.1543,96631.58
BARO,419739838.0,0,-2.552643,460.2673,96630.38
BARO,415888958.0,1,4.520111,467.3401,96540.3
BARO,415992582.0,1,3.918243,466.7382,96546.81
BARO,416098145.0,1,4.246033,467.066,96543.26
BARO,416202929.0,1,4.387329,467.2073,96541.72
BARO,416310713.0,1,4.587952,467.4079,96539.55
BARO,416411439.0,1,4.610535,467.4305,96539.33
BARO,416512609.0,1,4.893127,467.7131,96536.27
BARO,416612817.0,1,4.980713,467.8007,96535.32
BARO,416713512.0,1,4.819641,467.6396,96537.07
BARO,416813543.0,1,4.684021,467.504,96538.54
BARO,416914394.0,1,4.723572,467.5435,96538.11
BARO,417014605.0,1,4.463623,467.2836,96540.9
BARO,417116433.0,1,3.96347,466.7834,96546.33
BARO,417216635.0,1,3.680878,466.5009,96549.38
BARO,417317676.0,1,3.251373,466.0714,96554.02
BARO,417418439.0,1,2.615601,465.4356,96560.88
BARO,417519619.0,1,2.106964,464.9269,96566.4
BARO,417619117.0,1,1.482483,464.3025,96573.13
BARO,417720683.0,1,-0.3796692,462.4403,96593.27
BARO,417820782.0,1,-3.903351,458.9166,96631.38
BARO,417923381.0,1,-2.922821,459.8972,96620.78
BARO,418023253.0,1,-2.402893,460.4171,96615.14
BARO,418125199.0,1,-2.832397,459.9876,96619.79
BARO,418226702.0,1,-2.287018,460.533,96613.91
BARO,418327203.0,1,-2.51593,460.304,96616.37
BARO,418427199.0,1,-2.306824,460.5132,96614.11
BARO,418529479.0,1,-2.368988,460.451,96614.78
BARO,418629471.0,1,-2.397247,460.4227,96615.09
BARO,418730605.0,1,-2.287018,460.533,96613.9
BARO,418831929.0,1,-2.428314,460.3917,96615.45
BARO,418932442.0,1,-2.606354,460.2136,96617.38
BARO,419032477.0,1,-2.580902,460.2391,96617.09
BARO,419133688.0,1,-2.320953,460.499,96614.27
BARO,419234744.0,1,-2.453735,460.3662,96615.71
BARO,419336074.0,1,-2.578094,460.2419,96617.06
BARO,419436157.0,1,-2.411377,460.4086,96615.26
BARO,419538626.0,1,-2.318115,460.5019,96614.23
BARO,419638208.0,1,-2.383118,460.4369,96614.95
BARO,419739838.0,1,-2.507446,460.3125,96616.27
GPS,415860412.0,4,21,43.2382677,-7.681885,467.69,1.252,-1.34,0.0
GPS,416069140.0,4,21,43.2382691,-7.6818825,467.97,1.392,-1.375,0.0
GPS,416299255.0,4,21,43.2382705,-7.6818799,468.27,1.35,-1.326,0.0
GPS,416462913.0,4,21,43.2382719,-7.6818771,468.53,1.478,-1.187,0.0
GPS,416663162.0,4,21,43.2382733,-7.6818741,468.53,1.469,1.252,0.0
GPS,416863908.0,4,21,43.2382747,-7.6818711,468.12,1.429,3.044,0.0
GPS,417065051.0,4,21,43.2382762,-7.6818681,467.31,1.462,4.903,0.0
GPS,417286618.0,4,21,43.2382777,-7.681865,466.15,1.415,6.61,0.0
GPS,417469194.0,4,21,43.2382792,-7.6818621,464.67,1.356,8.233001,0.0
GPS,417669726.0,4,21,43.2382808,-7.6818595,462.88,1.33,9.645,0.0
GPS,417851171.0,4,21,43.2382798,-7.6818576,461.28,2.044,6.409,0.0
GPS,418053137.0,4,21,43.2382775,-7.6818565,460.71,0.664,-0.554,0.0
GPS,418297171.0,4,21,43.2382768,-7.681856,460.8,0.171,-0.28,0.0
GPS,418458190.0,4,21,43.2382767,-7.6818557,460.85,0.04,-0.184,0.0
GPS,418659628.0,4,21,43.2382767,-7.6818554,460.85,0.11,-0.182,0.0
GPS,418861689.0,4,21,43.2382767,-7.6818549,460.89,0.037,-0.179,0.0
GPS,419062791.0,4,21,43.2382769,-7.6818546,460.92,0.028,-0.142,0.0
GPS,419285206.0,4,21,43.238277,-7.6818542,460.96,0.038,-0.1,0.0
GPS,419466018.0,4,21,43.2382771,-7.6818536,460.95,0.046,0.011,0.0
IMU,415849651.0,0,0.2192006,0.2250617,-0.393556,-0.9220555,-0.3170044,-10.20742
IMU,415890951.0,0,-0.03586397,0.1264302,-0.2372879,-0.5046412,0.2653039,-9.47394
IMU,415930706.0,0,0.0426228,0.1061223,-0.1476393,0.1419155,-0.911084,-9.129128
IMU,415974790.0,0,0.2330475,0.01877848,-0.1746272,0.2827761,-0.003694483,-10.70391
IMU,416014608.0,0,0.2489429,0.112798,-0.1694971,-1.224511,-0.007291995,-9.855269
IMU,416059407.0,0,-0.05435365,0.1180747,0.006070158,-0.1936981,0.9132965,-9.364942
IMU,416100688.0,0,0.005318827,0.08710955,0.001551323,-0.1868028,0.3814083,-9.66475
IMU,416143175.0,0,0.006940914,0.115678,0.04432696,-0.6551264,-0.9250642,-9.661489
IMU,416185241.0,0,-0.06247681,0.08061367,0.1695317,-0.4698286,-0.7349971,-9.260416
IMU,416225564.0,0,-0.07734579,0.1203502,0.1568544,-0.7148103,-0.1988453,-8.945403
IMU,416269077.0,0,0.1904064,0.0516824,0.07984997,0.08444268,0.9470742,-10.07226
IMU,416310971.0,0,0.1975988,0.009327923,0.1203412,-1.587557,0.4305379,-9.378213
IMU,416351805.0,0,-0.2053297,0.01598836,0.1326969,-1.33512,1.031185,-4.022243
IMU,416391573.0,0,-0.1495909,-0.04106095,0.09439951,0.2999815,0.2622436,-1.233914
IMU,416431251.0,0,-0.1657093,-0.008060636,-0.02739946,-0.08803093,-0.1667128,-0.1440774
IMU,416474975.0,0,-0.1403002,-0.01024637,-0.1036479,-0.1548783,0.03887171,-0.01598813
IMU,416515402.0,0,-0.1460925,0.006919426,-0.1554977,-0.1075771,-0.006099274,-0.05444618
IMU,416555976.0,0,-0.1463932,-0.003465496,-0.1836922,-0.04026357,-0.06986557,-0.05635458
IMU,416595392.0,0,-0.1573841,0.01099494,-0.1874157,-0.08526257,-0.02375186,-0.04755596
IMU,416635054.0,0,-0.1509068,0.01446584,-0.1921201,-0.0778306,-0.005363787,-0.1281734
IMU,416675824.0,0,-0.1653029,0.01609466,-0.1977771,-0.07386789,-0.03362224,-0.159359
IMU,416715676.0,0,-0.176592,0.02570285,-0.1972901,-0.09059339,-0.01164446,-0.2061594
IMU,416756615.0,0,-0.1813986,0.02642296,-0.2037669,-0.102934,-0.03101338,-0.2750268
IMU,416796173.0,0,-0.1892072,0.02853972,-0.2085929,-0.1122355,-0.01783661,-0.3631186
IMU,416835985.0,0,-0.2045211,0.04107901,-0.2130342,-0.1120728,-0.03940342,-0.4289044
IMU,416876699.0,0,-0.2299885,0.07591084,-0.2167939,-0.1245725,-0.04780342,-0.5079645
IMU,416917150.0,0,-0.247024,0.1033837,-0.2242594,-0.09710898,-0.02305725,-0.6227316
IMU,416957668.0,0,-0.2503059,0.1195569,-0.2302422,-0.09455138,-0.01192891,-0.6994152
IMU,416997144.0,0,-0.258319,0.1352927,-0.2405187,-0.103471,0.0008772116,-0.8034064
IMU,417036782.0,0,-0.275896,0.1499463,-0.2503075,-0.1055437,-0.006457911,-0.9322305
IMU,417078778.0,0,-0.2934109,0.1638892,-0.2619188,-0.1086722,0.004838755,-1.052921
IMU,417118797.0,0,-0.3134984,0.1718886,-0.2664798,-0.09956419,0.01451454,-1.151268
IMU,417158405.0,0,-0.3340002,0.1820127,-0.269003,-0.09045491,0.005395736,-1.278059
IMU,417198838.0,0,-0.3595367,0.1900166,-0.2744643,-0.0753375,0.005324887,-1.379379
IMU,417238687.0,0,-0.4118504,0.2027112,-0.2779839,-0.09681053,-0.03271494,-1.42367
IMU,417279049.0,0,-0.4750341,0.2289908,-0.2749194,-0.09811822,0.03246418,-1.550086
IMU,417319664.0,0,-0.5057451,0.2484405,-0.2710881,-0.1087774,0.05901177,-1.76556
IMU,417360489.0,0,-0.4941682,0.2690996,-0.2742321,-0.09046592,0.2143867,-1.86351
IMU,417400833.0,0,-0.4060304,0.3047965,-0.2847659,-0.06164233,0.2617501,-2.006975
IMU,417440712.0,0,-0.3175973,0.28888,-0.2986819,-0.05007781,0.2277162,-2.3186
IMU,417484017.0,0,-0.2863231,0.2529664,-0.3237827,-0.02685548,0.1998866,-2.524037
IMU,417524429.0,0,-0.3014676,0.2399963,-0.3270668,-0.04799731,0.1989029,-2.685102
IMU,417564785.0,0,-0.2115729,0.1842348,-0.3388495,-0.03203236,0.369751,-2.69895
IMU,417604217.0,0,0.07751155,0.3627733,-0.3602597,0.0516323,1.118255,-6.646032
IMU,417644070.0,0,0.2635321,2.144108,-0.1645324,-1.308926,1.292443,-14.14522
IMU,417685824.0,0,-4.458096,4.198667,-0.4555869,5.587813,1.561889,-45.63367
IMU,417725484.0,0,-10.172,1.765684,-2.249968,16.8298,24.25777,-30.55156
IMU,417765629.0,0,14.95321,-7.031613,-6.832154,-25.32249,57.27396,-55.10775
IMU,417805455.0,0,2.922173,7.257089,-0.5884012,-7.04649,-29.93425,-47.03555
IMU,417845705.0,0,-0.2084527,1.025849,-0.01263109,7.62372,-5.951034,-2.180138
IMU,417888408.0,0,-1.733924,-1.188492,-0.1315415,2.486616,1.193599,-2.607529
IMU,417927736.0,0,-1.282906,-0.6398557,0.2418418,0.906303,7.572167,-9.534945
IMU,417967714.0,0,0.1349609,0.3139063,-0.09109823,-0.9440694,10.97912,-8.791603
IMU,418007993.0,0,0.1775978,0.03314901,0.104033,1.306935,2.514745,-8.117573
IMU,418048478.0,0,0.1722227,0.05739087,-0.0352165,0.1980884,1.071968,-10.00155
IMU,418090125.0,0,-0.0549501,-0.02406811,-0.003930498,0.6849467,3.468501,-10.2452
IMU,418129926.0,0,-0.01964905,-0.0008405875,0.003652247,0.6157725,2.700133,-8.647832
IMU,418171207.0,0,0.02596929,0.006750498,0.002208357,0.600872,3.080927,-9.514622
IMU,418211786.0,0,-0.01251984,-0.01288002,0.001376953,0.6499196,2.708961,-9.339813
IMU,418251579.0,0,-0.0003127533,0.004996705,-0.001367856,0.5876622,3.008899,-9.232464
IMU,418291394.0,0,0.003461447,0.0001482796,-0.0004443808,0.6200182,2.824588,-9.402246
IMU,418332617.0,0,-0.00224065,-0.004264129,0.0001444856,0.61845,2.90395,-9.275661
IMU,418373175.0,0,0.002615565,0.0007570302,-0.0008438561,0.6183832,2.916358,-9.333063
IMU,418412649.0,0,-0.001536626,-0.001083745,0.001095975,0.6196348,2.844488,-9.300785
IMU,418452412.0,0,0.004546233,0.002647623,0.0007286172,0.6213288,2.896787,-9.324993
IMU,418493931.0,0,0.0001298619,-0.00292463,0.001581587,0.6517573,2.893485,-9.314214
IMU,418534004.0,0,0.003880135,0.003338296,0.001651129,0.6402466,2.857983,-9.299434
IMU,418573954.0,0,-0.0002413401,-0.001521509,0.001352027,0.6125104,2.894968,-9.320395
IMU,418614060.0,0,-0.0006242126,2.025325e-05,0.0002289806,0.6279182,2.855156,-9.317466
IMU,418654444.0,0,0.001867066,-0.001648411,0.001219693,0.630349,2.868326,-9.290359
IMU,418695959.0,0,0.001693631,-0.0004749605,-0.0001163641,0.6231146,2.87262,-9.324938
IMU,418735577.0,0,0.001816808,-0.0004567229,0.0009614538,0.6223338,2.877495,-9.325622
IMU,418776179.0,0,0.0003717234,-0.0007477928,0.0001919598,0.6340927,2.875916,-9.315903
IMU,418816718.0,0,0.0005522289,-5.659784e-05,0.000600138,0.6260791,2.883783,-9.315945
IMU,418856705.0,0,0.0004943827,0.001544081,-5.077662e-06,0.6269605,2.868184,-9.307619
IMU,418897174.0,0,0.001063216,0.000363966,0.001506543,0.6134344,2.883261,-9.321638
IMU,418937152.0,0,0.0006177521,-8.51904e-05,0.000787698,0.6352906,2.874107,-9.308938
IMU,418978059.0,0,0.001244015,-0.0001604517,-0.000271905,0.6284965,2.880688,-9.335583
IMU,419018011.0,0,-0.0005152237,-0.0002726891,0.002021115,0.6263381,2.863932,-9.316277
IMU,419057252.0,0,0.001266393,-0.0007369896,0.0007117133,0.6373061,2.879145,-9.331098
IMU,419098665.0,0,0.00137087,0.001346905,-0.0001118038,0.6333887,2.869498,-9.314655
IMU,419139062.0,0,0.001649238,-0.0002016478,-0.001165497,0.6325872,2.861594,-9.311879
IMU,419179559.0,0,-0.0006876226,-0.0006794872,0.0004695244,0.6224074,2.868657,-9.327305
IMU,419219661.0,0,0.0009157468,-8.356669e-05,9.367413e-08,0.6185969,2.86955,-9.32225
IMU,419259722.0,0,-0.0005743118,5.436037e-05,0.001686124,0.6348834,2.866378,-9.319709
IMU,419300652.0,0,-4.806188e-06,-0.0009482516,0.0006467562,0.6381588,2.884082,-9.329173
IMU,419341024.0,0,-0.00088017,-0.0006921608,6.467725e-05,0.6258616,2.864605,-9.332072
IMU,419383514.0,0,0.001294093,-0.001321332,7.058596e-05,0.6180288,2.878389,-9.315647
IMU,419423721.0,0,-0.0001647844,0.0009127879,0.002162416,0.6293108,2.87233,-9.344343
IMU,419463769.0,0,-0.0004263296,0.001698311,0.0002618269,0.6262548,2.880723,-9.30265
IMU,419505611.0,0,0.0002751791,0.0001470697,-0.0002457584,0.628644,2.870542,-9.332401
IMU,419545594.0,0,-0.0002491754,3.620411e-05,-0.001239993,0.628097,2.872471,-9.330619
IMU,419586198.0,0,3.224288e-05,0.0007754635,0.0009639864,0.629606,2.878679,-9.331997
IMU,419625689.0,0,0.001525745,0.000257602,0.000533268,0.6230401,2.866817,-9.313985
IMU,419666797.0,0,0.001166104,0.0006417407,0.000397109,0.6290134,2.862608,-9.297063
IMU,419707640.0,0,0.0007516358,0.0002910203,0.0001297122,0.619716,2.864445,-9.323053
IMU,419747205.0,0,0.0003714878,-0.000108064,-0.000204569,0.6329867,2.871901,-9.321365
IMU,419788034.0,0,0.0009779548,-0.0005337387,0.0005258181,0.6218551,2.865803,-9.329744
IMU,415849651.0,1,0.1836894,0.1167151,-0.3495247,-0.7346445,-0.5312783,-10.66344
IMU,415890951.0,1,0.04186664,0.1263316,-0.2708541,0.1704353,0.4795031,-9.437873
IMU,415930706.0,1,0.1323691,0.09661146,-0.1788746,0.6448444,-1.376132,-9.06111
IMU,415974790.0,1,0.156297,0.03274936,-0.08095682,-0.001653846,-0.08962157,-10.56946
IMU,416014608.0,1,0.1182712,0.07944093,-0.1421459,-2.050019,-0.6016812,-9.736343
IMU,416059407.0,1,-0.04072714,0.08896382,-0.03310455,0.7427511,1.217476,-8.409452
IMU,416100688.0,1,-0.04731006,0.07172631,0.01837869,-0.2734421,0.5899816,-9.498175
IMU,416143175.0,1,0.02652217,0.08818433,0.05062597,-1.020208,-0.6808755,-9.261333
IMU,416185241.0,1,-0.004358717,0.07552282,0.112951,-0.3186722,-0.885886,-9.445349
IMU,416225564.0,1,-0.02699132,0.09561489,0.1079276,-0.3762063,0.06052916,-8.97723
IMU,416269077.0,1,0.1133802,0.05359497,0.08691918,0.04026917,1.062332,-10.08725
IMU,416310971.0,1,0.07615139,0.01152033,0.08805533,-1.872814,0.3136546,-9.016467
IMU,416351805.0,1,-0.2351898,-0.003729006,0.1336931,-1.295795,1.715304,-3.611343
IMU,416391573.0,1,-0.1635143,-0.0373221,0.06270823,0.2528711,0.5942471,-1.214529
IMU,416431251.0,1,-0.1567907,-0.008565837,-0.02452889,-0.06397468,0.1182624,-0.1347308
IMU,416474975.0,1,-0.1465174,-0.01016494,-0.09552705,-0.202773,0.195621,0.0231416
IMU,416515402.0,1,-0.1534415,0.01042872,-0.1457816,-0.1084797,0.09197639,-0.03470895
IMU,416555976.0,1,-0.1530828,0.001592163,-0.1669309,-0.04434861,0.09640647,-0.03997022
IMU,416595392.0,1,-0.1587325,0.0142938,-0.1756594,-0.1615505,0.1999311,-0.005236042
IMU,416635054.0,1,-0.1560392,0.0233408,-0.1773585,-0.072578,0.1029983,-0.2336063
IMU,416675824.0,1,-0.1666536,0.02102105,-0.1858193,-0.1096124,0.2045919,-0.1170496
IMU,416715676.0,1,-0.1799756,0.03243102,-0.1854133,-0.161165,0.1690567,-0.34114
IMU,416756615.0,1,-0.1835694,0.03128155,-0.1934227,-0.2055131,0.1604288,-0.3037455
IMU,416796173.0,1,-0.1935564,0.02849696,-0.1978699,-0.16395,0.1203844,-0.5322092
IMU,416835985.0,1,-0.2080493,0.04742998,-0.2011484,-0.06109463,0.05084836,-0.3917207
IMU,416876699.0,1,-0.2348295,0.07703734,-0.2054803,-0.2260593,0.1283264,-0.5676334
IMU,416917150.0,1,-0.2568756,0.1067049,-0.2119866,-0.06807505,0.1701597,-0.5708276
IMU,416957668.0,1,-0.2566417,0.122276,-0.2200814,-0.1027799,0.2023862,-0.7377999
IMU,416997144.0,1,-0.2626486,0.130584,-0.230775,-0.2377314,0.1818864,-0.9573841
IMU,417036782.0,1,-0.2744743,0.1393452,-0.2388377,-0.1461272,0.06147821,-0.9614536
IMU,417078778.0,1,-0.2983405,0.1539836,-0.253451,-0.2121594,0.08267606,-1.216487
IMU,417118797.0,1,-0.3124301,0.1599506,-0.2565351,-0.09638508,0.05781439,-1.170476
IMU,417158405.0,1,-0.3385109,0.1754455,-0.2615437,-0.1206502,0.1787802,-1.231097
IMU,417198838.0,1,-0.3634008,0.1721299,-0.2684277,-0.1224459,0.1160019,-1.431771
IMU,417238687.0,1,-0.4108018,0.1875236,-0.2705239,-0.1293619,0.1691924,-1.461585
IMU,417279049.0,1,-0.4724905,0.2068649,-0.2705894,-0.1750664,0.09311921,-1.577328
IMU,417319664.0,1,-0.507314,0.2294073,-0.2721174,-0.1909878,0.194494,-1.737954
IMU,417360489.0,1,-0.4983771,0.2383989,-0.267051,-0.0777103,0.4018983,-1.765535
IMU,417400833.0,1,-0.416053,0.2776661,-0.2764744,-0.1720411,0.3418458,-1.98517
IMU,417440712.0,1,-0.3247054,0.2676224,-0.2878835,-0.04484016,0.3069773,-2.311909
IMU,417484017.0,1,-0.2937431,0.2268637,-0.3055173,-0.02502693,0.4056081,-2.625695
IMU,417524429.0,1,-0.3107679,0.215571,-0.3133693,-0.07011554,0.3430618,-2.536873
IMU,417564785.0,1,-0.2190483,0.1692085,-0.3186092,-0.1082507,0.4622721,-2.600815
IMU,417604217.0,1,0.02617494,0.3021593,-0.32959,0.1691877,1.28013,-6.927711
IMU,417644070.0,1,0.2588955,2.003212,-0.1232778,-1.526093,2.072531,-14.22584
IMU,417685824.0,1,-3.836453,3.928153,-0.5146534,5.72783,0.8002154,-48.26646
IMU,417725484.0,1,-9.915059,2.111747,-2.363399,18.15866,24.6568,-32.05462
IMU,417765629.0,1,13.94809,-7.812974,-6.573658,-31.73703,49.9489,-49.26271
IMU,417805455.0,1,2.80745,7.297189,-0.590382,-11.38709,-32.82432,-45.63257
IMU,417845705.0,1,-0.1352751,1.03208,0.004899747,8.084517,-4.865779,-1.942003
IMU,417888408.0,1,-1.701901,-1.121164,-0.2002129,2.463006,1.060903,-2.833312
IMU,417927736.0,1,-1.373448,-0.6928551,0.1248773,0.8382181,7.571273,-8.779909
IMU,417967714.0,1,0.0909183,0.2730466,-0.05671717,-0.6860247,10.96504,-8.514833
IMU,418007993.0,1,0.1523331,0.04780846,0.09388728,1.303788,2.395725,-8.106237
IMU,418048478.0,1,0.1532495,0.04208229,-0.007151912,0.2153789,1.071898,-10.21465
IMU,418090125.0,1,-0.04890615,-0.007961141,-0.006324814,0.6116281,3.419698,-10.36197
IMU,418129926.0,1,-0.02451962,-0.004813752,0.01099266,0.56018,2.838557,-8.687452
IMU,418171207.0,1,0.01348747,0.004838963,0.003026962,0.5392426,3.127141,-9.672074
IMU,418211786.0,1,-0.01335759,-0.008329037,0.005650947,0.7036715,2.669976,-9.394548
IMU,418251579.0,1,-0.001973298,0.008652575,-0.002398003,0.5807444,3.003067,-9.321922
IMU,418291394.0,1,-0.001700646,-0.001896114,-0.0003990035,0.5436637,2.891436,-9.30654
IMU,418332617.0,1,-0.003221721,-0.001934226,-0.0005279548,0.6255673,2.945764,-9.361214
IMU,418373175.0,1,0.001654767,0.003199473,-0.001666241,0.5827787,2.845314,-9.364622
IMU,418412649.0,1,-0.002450832,0.0014335,-0.0008497673,0.6581354,2.857285,-9.398659
IMU,418452412.0,1,0.001808669,0.001911637,-0.001525027,0.6210919,2.872944,-9.34515
IMU,418493931.0,1,7.202873e-05,0.0007254449,9.220922e-05,0.5163781,2.944132,-9.375939
IMU,418534004.0,1,0.001909234,0.006090979,0.005525786,0.6018459,2.932883,-9.457305
IMU,418573954.0,1,-0.00110944,0.006846488,-0.0006610282,0.6244365,2.932965,-9.231691
IMU,418614060.0,1,-0.001584737,0.001189841,-0.00288771,0.6213474,2.939218,-9.345326
IMU,418654444.0,1,0.0006821618,0.002702016,-0.00127068,0.5961043,2.946411,-9.398971
IMU,418695959.0,1,0.0004133326,0.006436855,0.0001012499,0.562658,2.826064,-9.437603
IMU,418735577.0,1,-0.0001034719,0.002499766,-0.002295317,0.5293099,2.891029,-9.384566
IMU,418776179.0,1,-0.0005910706,-0.003675246,-0.001864115,0.6306737,2.892486,-9.38614
IMU,418816718.0,1,0.000505692,0.0008753475,-0.003493662,0.6339895,2.845706,-9.259371
IMU,418856705.0,1,-0.0002392191,0.003475311,-0.002284081,0.6639466,2.857812,-9.306276
IMU,418897174.0,1,-0.0004153939,0.001312009,0.001658261,0.6125239,2.954503,-9.364895
IMU,418937152.0,1,0.000934369,-0.00151786,-0.002810132,0.6365869,2.848327,-9.21873
IMU,418978059.0,1,0.001810224,-0.0001003066,-0.002585687,0.631683,2.824316,-9.366075
IMU,419018011.0,1,0.0009497761,0.001554025,0.001110426,0.5667371,2.968068,-9.504055
IMU,419057252.0,1,0.000569454,0.004834966,-0.003322669,0.5194066,2.91324,-9.352293
IMU,419098665.0,1,5.359916e-05,0.000659995,0.001589188,0.6477889,2.878351,-9.322068
IMU,419139062.0,1,0.0003379922,0.005688624,-0.001427876,0.5908561,2.914145,-9.322978
IMU,419179559.0,1,-0.001516939,0.001837328,-0.003344419,0.6430378,2.936575,-9.26587
IMU,419219661.0,1,5.611285e-05,-0.0009043558,0.002493517,0.5557802,2.874733,-9.452054
IMU,419259722.0,1,-0.0005048219,0.007673353,-0.001038409,0.5907688,2.915246,-9.389431
IMU,419300652.0,1,0.0007229449,0.007175596,0.0004271829,0.5870999,2.879892,-9.350142
IMU,419341024.0,1,-0.002977731,0.01345258,-0.00289051,0.67053,3.005637,-9.322767
IMU,419383514.0,1,-0.0008124913,0.001713703,-0.0001278276,0.6303025,2.984377,-9.43321
IMU,419423721.0,1,-0.003725874,0.009191383,0.00175743,0.534229,2.928031,-9.332919
IMU,419463769.0,1,0.0004217895,0.003427824,0.001100167,0.5600272,2.96771,-9.411435
IMU,419505611.0,1,-0.002403367,-0.0004680725,-0.0005175605,0.5839961,2.92241,-9.348886
IMU,419545594.0,1,-0.0005412373,0.002044261,-0.006439539,0.6651348,2.872,-9.230125
IMU,419586198.0,1,-0.001062417,0.009797662,-0.001381619,0.5848225,2.978584,-9.344987
IMU,419625689.0,1,-0.0004956019,0.0002499619,-0.006409946,0.6120308,2.916318,-9.365684
IMU,419666797.0,1,0.000572541,-0.004373855,-0.001399906,0.6592447,2.859806,-9.205831
IMU,419707640.0,1,-0.001914337,0.003461327,-0.001668045,0.559921,2.932798,-9.324399
IMU,419747205.0,1,0.001832282,0.003919655,-0.000202308,0.5912729,2.913166,-9.358493
IMU,419788034.0,1,0.0004565457,0.002109619,0.002373282,0.5821528,2.95832,-9.368665
IMU,415849651.0,2,0.133188,0.1390886,-0.348386,-0.714457,0.1921399,-9.14283
IMU,415890951.0,2,0.1209145,0.1225342,-0.2786979,-0.4743637,0.7033558,-10.07077
IMU,415930706.0,2,0.1334707,0.07414311,-0.2101498,0.5275236,0.6291616,-9.019707
IMU,415974790.0,2,0.160353,0.06011165,-0.1438814,-0.7109416,-0.8746315,-10.02774
IMU,416014608.0,2,0.1383537,0.1421267,-0.0748868,-0.4059126,-0.2181542,-9.507833
IMU,416059407.0,2,0.01951057,0.0904298,-0.01485645,-0.195309,0.09640292,-9.857818
IMU,416100688.0,2,0.01282498,0.1090694,0.01065459,-1.321858,-0.3363907,-10.45839
IMU,416143175.0,2,0.004150087,0.1272935,0.07750285,-1.232698,0.005206476,-10.02411
IMU,416185241.0,2,0.04174345,0.06141852,0.09915892,0.7860696,1.333046,-8.50039
IMU,416225564.0,2,0.03847072,0.08762918,0.1281689,-0.02999934,0.2094895,-9.436011
IMU,416269077.0,2,0.126411,0.04719071,0.1136615,-0.4799774,-0.1712357,-10.00123
IMU,416310971.0,2,0.1347503,0.04420061,0.1650957,-0.6617175,-0.6159925,-8.681857
IMU,416351805.0,2,-0.1593961,0.05911246,0.1569804,-0.4238539,0.6937975,-5.113682
IMU,416391573.0,2,-0.1236317,-0.03737403,0.07622904,0.2468515,0.2261695,-0.9795253
IMU,416431251.0,2,-0.1526689,-0.005715476,-0.02617919,-0.07787617,-0.1623971,-0.2180987
IMU,416474975.0,2,-0.139684,-0.009953005,-0.1011903,-0.09868471,0.01396823,-0.1230966
IMU,416515402.0,2,-0.1445486,0.009238023,-0.1534556,-0.04424403,0.03575273,-0.176981
IMU,416555976.0,2,-0.1434676,0.0004489291,-0.1803289,-0.01808117,-0.03822798,-0.1649576
IMU,416595392.0,2,-0.1550668,0.01320886,-0.1848349,-0.04101676,0.007032274,-0.1585532
IMU,416635054.0,2,-0.1504506,0.01731024,-0.1882408,-0.05901875,0.00697907,-0.2283975
IMU,416675824.0,2,-0.1627439,0.02053718,-0.195706,-0.05006164,-0.01057872,-0.2711572
IMU,416715676.0,2,-0.1727626,0.03047737,-0.1943355,-0.05431131,0.005639556,-0.3176702
IMU,416756615.0,2,-0.1777852,0.03055124,-0.1998103,-0.06554122,-0.003681779,-0.3626295
IMU,416796173.0,2,-0.18595,0.03218295,-0.2057124,-0.06654148,-0.01536718,-0.447785
IMU,416835985.0,2,-0.2000176,0.04457155,-0.2087885,-0.05795497,0.003507719,-0.5551362
IMU,416876699.0,2,-0.2256371,0.08033538,-0.2131978,-0.07732686,-0.01128409,-0.5921091
IMU,416917150.0,2,-0.2423622,0.1093049,-0.2204484,-0.0704745,0.005355414,-0.7006304
IMU,416957668.0,2,-0.2456072,0.1260754,-0.2258774,-0.07205702,0.01242011,-0.790053
IMU,416997144.0,2,-0.2531979,0.1385537,-0.2370044,-0.06844488,0.00642953,-0.8855269
IMU,417036782.0,2,-0.2693871,0.1551151,-0.2456877,-0.06550884,0.006449972,-1.006281
IMU,417078778.0,2,-0.2857027,0.1702213,-0.2571609,-0.07224434,0.02517224,-1.157217
IMU,417118797.0,2,-0.3073032,0.181306,-0.2621484,-0.07376407,0.01071431,-1.275069
IMU,417158405.0,2,-0.3270143,0.1908537,-0.2647643,-0.0720635,0.01251557,-1.38022
IMU,417198838.0,2,-0.3518557,0.196728,-0.2695701,-0.05567133,0.01014636,-1.474912
IMU,417238687.0,2,-0.4030687,0.2117631,-0.2726749,-0.05670293,-0.01498317,-1.58598
IMU,417279049.0,2,-0.4643515,0.2394837,-0.2683515,-0.08206157,0.036828,-1.674483
IMU,417319664.0,2,-0.4968007,0.2606512,-0.2657569,-0.08121125,0.06376043,-1.857659
IMU,417360489.0,2,-0.484175,0.282208,-0.2674032,-0.05507302,0.1877399,-1.935068
IMU,417400833.0,2,-0.3946055,0.3166396,-0.2776405,-0.05325148,0.2276163,-2.074138
IMU,417440712.0,2,-0.3067994,0.2949075,-0.2918544,-0.02109155,0.2041391,-2.379044
IMU,417484017.0,2,-0.2779121,0.2590179,-0.3188508,0.002971831,0.1841867,-2.58404
IMU,417524429.0,2,-0.2920916,0.2467563,-0.3212453,-0.01885592,0.1786246,-2.73895
IMU,417564785.0,2,-0.2045885,0.1895217,-0.3340757,0.02984056,0.3156584,-2.733889
IMU,417604217.0,2,0.06328274,0.3463761,-0.3512966,0.07606135,0.7784249,-6.521776
IMU,417644070.0,2,0.3200476,2.14024,-0.1294379,-0.8966846,2.144813,-15.19468
IMU,417685824.0,2,-4.221544,4.31793,-0.34008,4.696974,3.166277,-49.94006
IMU,417725484.0,2,-9.881545,2.040224,-2.128245,17.11027,23.83815,-29.36408
IMU,417765629.0,2,13.65611,-9.538573,-6.988146,-25.84873,60.16059,-53.62006
IMU,417805455.0,2,3.136605,6.85563,-0.8180505,-17.76372,-30.99927,-44.66197
IMU,417845705.0,2,0.1098311,0.9903359,-0.09443071,6.843187,-5.401884,-3.314849
IMU,417888408.0,2,-1.729483,-1.134407,-0.1314527,2.44159,1.21119,-2.888715
IMU,417927736.0,2,-1.316591,-0.624881,0.2387868,1.3863,6.995465,-9.323286
IMU,417967714.0,2,0.1311577,0.3013181,-0.08103566,-0.3620038,10.4746,-8.726529
IMU,418007993.0,2,0.167052,0.03022124,0.1023732,1.227394,2.512044,-8.130124
IMU,418048478.0,2,0.1704682,0.05278381,-0.0331139,0.2786819,0.9391024,-10.1519
IMU,418090125.0,2,-0.04911689,-0.02088491,-0.004391131,0.6986182,3.334064,-10.35703
IMU,418129926.0,2,-0.01686473,-0.0006356171,0.00525008,0.6855836,2.597861,-8.767623
IMU,418171207.0,2,0.02642895,0.005463565,0.003850756,0.6563144,2.965773,-9.595085
IMU,418211786.0,2,-0.009905435,-0.0131406,0.003795993,0.6976556,2.606436,-9.467781
IMU,418251579.0,2,0.001823527,0.005355764,-0.001540445,0.6452708,2.866662,-9.334014
IMU,418291394.0,2,0.002944318,0.0009114736,1.612909e-05,0.666,2.725784,-9.494857
IMU,418332617.0,2,0.0001652195,-0.003387046,0.0004195151,0.681565,2.7808,-9.375062
IMU,418373175.0,2,0.004390432,0.001429383,0.0008516047,0.6850505,2.791593,-9.4328
IMU,418412649.0,2,0.0002607218,-0.002292791,0.003320966,0.6792302,2.727292,-9.375964
IMU,418452412.0,2,0.005894015,0.002156799,0.001626915,0.6726379,2.775479,-9.421968
IMU,418493931.0,2,0.001486331,-0.001045756,0.002367558,0.6928006,2.784206,-9.414579
IMU,418534004.0,2,0.005351667,0.002271651,0.003506819,0.6809131,2.746139,-9.402555
IMU,418573954.0,2,0.002936828,-0.001377139,0.002041294,0.6773161,2.771443,-9.433541
IMU,418614060.0,2,0.001877679,0.0005091497,0.0007474581,0.6855714,2.753746,-9.41055
IMU,418654444.0,2,0.004219912,-0.0003782987,0.0009385655,0.6673812,2.757409,-9.395369
IMU,418695959.0,2,0.003792251,-0.001030852,0.001980283,0.671191,2.77135,-9.442634
IMU,418735577.0,2,0.003576006,-0.0005396807,0.001720755,0.6721998,2.755084,-9.44343
IMU,418776179.0,2,0.003635208,-0.0005674096,0.002222477,0.6878294,2.737542,-9.400339
IMU,418816718.0,2,0.002365271,-0.0004206409,0.002210726,0.6697082,2.764387,-9.413057
IMU,418856705.0,2,0.004742827,0.001282176,0.001392633,0.698119,2.750237,-9.394938
IMU,418897174.0,2,0.001593022,-0.001823481,0.001623507,0.6809418,2.763029,-9.434526
IMU,418937152.0,2,0.003738458,0.0010558,0.002110819,0.6786964,2.750017,-9.417298
IMU,418978059.0,2,0.002043771,-0.002462738,0.00243005,0.6768829,2.75529,-9.422769
IMU,419018011.0,2,0.002562573,-0.0003941128,0.001634223,0.683452,2.760111,-9.41696
IMU,419057252.0,2,0.003014683,-0.00103087,0.001130304,0.6798716,2.749485,-9.433872
IMU,419098665.0,2,0.001661371,-0.0001473046,0.002107965,0.6690263,2.764155,-9.410047
IMU,419139062.0,2,0.001113575,0.0001638392,0.002214531,0.6817486,2.75565,-9.409009
IMU,419179559.0,2,0.00199179,0.0002537074,0.0007739856,0.676587,2.751303,-9.427201
IMU,419219661.0,2,0.002394741,0.0004246443,0.001496034,0.6637321,2.755833,-9.432834
IMU,419259722.0,2,0.001989385,0.0009011242,0.00192508,0.6906319,2.757011,-9.419282
IMU,419300652.0,2,0.002149129,-0.002070393,0.002255711,0.6839793,2.762434,-9.425097
IMU,419341024.0,2,0.002077921,-0.0003028084,0.002162576,0.68417,2.748654,-9.422087
IMU,419383514.0,2,0.0009119634,-0.0004238684,0.001263913,0.6708946,2.765717,-9.432991
IMU,419423721.0,2,0.001531514,-0.000501774,0.002029809,0.6737615,2.758444,-9.40004
IMU,419463769.0,2,0.00167924,-8.706613e-06,0.001373436,0.6826039,2.751808,-9.435445
IMU,419505611.0,2,0.003115322,0.0005934353,0.0008341058,0.6733664,2.765193,-9.418474
IMU,419545594.0,2,0.0003720392,0.0001728361,0.000776982,0.6833263,2.756613,-9.421802
IMU,419586198.0,2,0.002393581,0.0003699788,0.0008364012,0.6809386,2.759025,-9.43078
IMU,419625689.0,2,0.001854368,0.0004673847,0.002313176,0.6779618,2.761082,-9.433514
IMU,419666797.0,2,0.000868488,-0.0007691348,0.001569786,0.6864305,2.75981,-9.415514
IMU,419707640.0,2,0.002812576,0.0007925365,0.002529801,0.6804758,2.76472,-9.431726
IMU,419747205.0,2,0.001756375,-9.540896e-05,0.001181751,0.6824233,2.751829,-9.41622
IMU,419788034.0,2,0.001767148,9.502466e-05,0.002958764,0.6905485,2.745837,-9.410336
