ARM,316591998.0,0.0
AHR2,316180076.0,-0.78,-7.76,42.59,466.07,43.2382682,-7.6818868
AHR2,316284066.0,0.57,-7.96,39.3,466.21,43.2382689,-7.6818858
AHR2,316389595.0,1.67,-7.44,36.65,466.58,43.2382697,-7.6818848
AHR2,316494082.0,2.79,-6.81,34.91,466.6,43.2382708,-7.6818831
AHR2,316597905.0,3.19,-6.25,34.83,467.0,43.2382716,-7.681882
AHR2,316698952.0,4.02,-5.93,34.11,466.64,43.2382725,-7.68188
AHR2,316799054.0,5.04,-5.8,31.93,466.82,43.2382732,-7.6818787
AHR2,316899778.0,5.88,-5.81,29.26,466.6,43.2382741,-7.6818774
AHR2,316999817.0,6.59,-6.24,26.55,466.63,43.2382748,-7.6818762
AHR2,317100868.0,7.15,-6.54,23.89,466.5,43.2382755,-7.6818744
AHR2,317201644.0,7.57,-6.36,21.33,466.08,43.2382763,-7.681873
AHR2,317303144.0,7.52,-5.77,18.79,465.71,43.2382768,-7.6818723
AHR2,317403649.0,6.65,-4.57,16.36,465.46,43.2382775,-7.6818711
AHR2,317504776.0,4.9,-3.14,14.03,465.04,43.2382783,-7.6818697
AHR2,317604913.0,2.11,-1.75,11.65,464.41,43.2382789,-7.6818686
AHR2,317705950.0,-1.82,-0.15,9.03,464.21,43.2382796,-7.6818673
AHR2,317806001.0,-6.44,0.92,6.39,463.42,43.2382802,-7.6818662
AHR2,317907431.0,-8.13,-2.25,4.54,462.65,43.2382808,-7.6818649
AHR2,318008059.0,-9.8,2.13,5.2,457.85,43.2382814,-7.6818638
AHR2,318109824.0,-17.61,0.11,7.21,459.37,43.2382837,-7.6818655
AHR2,318209764.0,-15.98,-4.53,10.99,459.88,43.2382849,-7.6818655
AHR2,318309681.0,-2.68,5.52,13.41,459.94,43.2383027,-7.6818563
AHR2,318410235.0,-4.53,10.67,12.55,459.87,43.2383112,-7.6818523
AHR2,318510455.0,-5.17,9.3,12.76,459.79,43.2383163,-7.6818549
AHR2,318610247.0,-5.06,9.56,12.85,459.75,43.2383226,-7.6818537
AHR2,318710458.0,-4.98,9.66,12.97,459.77,43.2383218,-7.6818561
AHR2,318810450.0,-4.96,9.68,13.06,459.71,43.2383258,-7.6818559
AHR2,318910489.0,-4.94,9.71,13.17,459.68,43.2383214,-7.6818567
AHR2,319010253.0,-4.92,9.75,13.28,459.81,43.2383226,-7.6818566
AHR2,319110248.0,-4.91,9.79,13.39,459.79,43.23832,-7.6818571
AHR2,319210442.0,-4.9,9.81,13.49,459.76,43.2383202,-7.681857
AHR2,319310253.0,-4.89,9.84,13.59,459.97,43.2383178,-7.6818572
AHR2,319411137.0,-4.89,9.87,13.7,459.95,43.2383179,-7.681857
AHR2,319512422.0,-4.88,9.9,13.8,459.91,43.2383155,-7.6818577
AHR2,319614969.0,-4.87,9.93,13.9,459.69,43.2383155,-7.6818576
AHR2,319716233.0,-4.86,9.95,14.01,459.84,43.2383132,-7.6818582
AHR2,319816224.0,-4.85,9.98,14.1,459.6,43.2383132,-7.6818583
AHR2,319918051.0,-4.84,10.01,14.2,459.75,43.2383117,-7.6818596
ATT,316179422.0,0.2251874,0.7048381,-8.970013,-7.489323,70.10659,65.33768
ATT,316283187.0,1.376346,1.949106,-8.823922,-7.742039,65.70523,61.44255
ATT,316388933.0,2.159864,2.860946,-8.498426,-7.244243,63.18857,58.04143
ATT,316493466.0,2.571731,3.860339,-8.153622,-6.610487,61.96789,55.53131
ATT,316597064.0,2.945488,4.062717,-7.76055,-6.065377,54.47722,54.53806
ATT,316698305.0,1.581579,4.760882,-4.390136,-5.742733,53.30943,53.38067
ATT,316798567.0,0.8073964,5.717685,-2.241129,-5.587365,50.92444,51.00993
ATT,316899135.0,0.4098393,6.531718,-1.137608,-5.328492,47.52786,47.62541
ATT,316999179.0,0.2092513,7.153094,-0.5808267,-5.045199,43.84278,43.94953
ATT,317100222.0,0.1062165,7.556404,-0.2948295,-4.743657,40.20733,40.32002
ATT,317200957.0,0.05407977,7.742429,-0.1501115,-4.177126,36.80781,36.92316
ATT,317302404.0,0.02728778,7.449284,-0.07574495,-3.21715,33.53045,33.64134
ATT,317402975.0,0.01384186,6.406366,-0.03842146,-1.820139,30.47544,30.57078
ATT,317504095.0,0.007019532,4.479783,-0.01948257,-0.2160381,27.56998,27.63669
ATT,317604209.0,0.003582979,1.534027,-0.009946649,1.270577,24.66152,24.68439
ATT,317705310.0,0.001816423,-2.592294,-0.00504706,2.931483,21.55388,21.5152
ATT,317805442.0,0.0009274839,-7.412588,-0.002576713,4.021919,18.4482,18.33776
ATT,317906809.0,0.0004688806,-9.260637,-0.001302369,0.8645956,16.26742,16.12998
ATT,318007247.0,0.0002389003,-11.013,-0.0006628838,5.308687,16.37365,16.20981
ATT,318109196.0,0.0001382136,-19.0813,-0.0003822208,3.401188,20.12164,19.84196
ATT,318209136.0,0.0001332048,-18.12866,-0.0003683344,-1.376931,27.66915,27.40335
ATT,318309142.0,0.0001307322,-5.066651,-0.0003616678,8.127734,31.32601,31.24982
ATT,318409752.0,0.0001278726,-5.731339,-0.0003540968,12.71453,30.35974,30.27231
ATT,318509798.0,0.0001278727,-5.827842,-0.0003540969,11.13684,30.43003,30.34165
ATT,318609707.0,0.0001278727,-5.884746,-0.0003540968,11.15964,30.25529,30.16604
ATT,318709813.0,0.0001278726,-5.951355,-0.0003540969,11.03716,30.23341,30.14319
ATT,318809930.0,0.0001278726,-6.054042,-0.0003540969,10.83442,30.35641,30.2647
ATT,318909927.0,0.0001278725,-6.142459,-0.0003540971,10.62539,30.53972,30.44674
ATT,319009653.0,0.0001278725,-6.247374,-0.000354097,10.39472,30.79776,30.70328
ATT,319109677.0,0.0001278725,-6.343672,-0.000354097,10.19633,31.02186,30.92599
ATT,319209828.0,0.0001278724,-6.448572,-0.000354097,9.980567,31.26488,31.16748
ATT,319309771.0,0.0001278724,-6.515486,-0.000354097,9.841978,31.3339,31.23556
ATT,319410598.0,0.0001248744,-6.607789,-0.0003463258,9.659169,31.52055,31.42086
ATT,319511653.0,0.0001221296,-6.69075,-0.000339367,9.514481,31.60504,31.50415
ATT,319614256.0,0.0001197668,-6.754667,-0.0003320299,9.402768,31.60221,31.50039
ATT,319715740.0,0.0001150108,-6.788633,-0.000317737,9.354606,31.49835,31.39603
ATT,319815688.0,0.0001150108,-6.81019,-0.0003177369,9.33853,31.33443,31.2318
ATT,319917433.0,0.0001125366,-6.819409,-0.0003105433,9.354261,31.11477,31.01199
BARO,316171446.0,0,3.403961,466.2239,96565.95
BARO,316275430.0,0,3.545258,466.3652,96564.42
BARO,316381483.0,0,3.912598,466.7326,96560.45
BARO,316488472.0,0,3.938019,466.758,96560.17
BARO,316592388.0,0,4.333618,467.1536,96555.88
BARO,316693548.0,0,3.974762,466.7947,96559.77
BARO,316793973.0,0,4.155609,466.9756,96557.8
BARO,316894165.0,0,3.938019,466.758,96560.17
BARO,316994428.0,0,3.966278,466.7863,96559.86
BARO,317095147.0,0,3.830658,466.6506,96561.31
BARO,317195426.0,0,3.412445,466.2324,96565.84
BARO,317299657.0,0,3.042267,465.8622,96569.86
BARO,317401066.0,0,2.799255,465.6192,96572.46
BARO,317501749.0,0,2.372589,465.1926,96577.1
BARO,317601801.0,0,1.74527,464.5652,96583.87
BARO,317702696.0,0,1.541809,464.3618,96586.08
BARO,317802676.0,0,0.7562561,463.5762,96594.57
BARO,317904487.0,0,-0.0123291,462.8076,96602.88
BARO,318004836.0,0,-4.813232,458.0067,96654.8
BARO,318106360.0,0,-3.290161,459.5298,96638.34
BARO,318207050.0,0,-2.784363,460.0356,96632.86
BARO,318306698.0,0,-2.725006,460.095,96632.22
BARO,318407196.0,0,-2.795654,460.0243,96633.0
BARO,318507452.0,0,-2.874786,459.9452,96633.84
BARO,318607380.0,0,-2.919983,459.9,96634.34
BARO,318707470.0,0,-2.891724,459.9283,96634.03
BARO,318807226.0,0,-2.95108,459.8689,96634.68
BARO,318907178.0,0,-2.984985,459.835,96635.05
BARO,319007438.0,0,-2.852173,459.9678,96633.59
BARO,319107219.0,0,-2.871948,459.948,96633.82
BARO,319207192.0,0,-2.900208,459.9198,96634.13
BARO,319307181.0,0,-2.691101,460.1289,96631.87
BARO,319408215.0,0,-2.710876,460.1091,96632.06
BARO,319508719.0,0,-2.750458,460.0695,96632.49
BARO,319609817.0,0,-2.973694,459.8463,96634.91
BARO,319711439.0,0,-2.823914,459.9961,96633.29
BARO,319811481.0,0,-3.061279,459.7587,96635.88
BARO,319912635.0,0,-2.914337,459.9056,96634.28
BARO,316171446.0,1,3.709137,466.5291,96549.05
BARO,316275430.0,1,4.121704,466.9417,96544.61
BARO,316381483.0,1,3.966278,466.7863,96546.29
BARO,316488472.0,1,4.175385,466.9954,96544.02
BARO,316592388.0,1,3.997375,466.8174,96545.96
BARO,316693548.0,1,4.336456,467.1564,96542.27
BARO,316793973.0,1,4.44101,467.261,96541.14
BARO,316894165.0,1,4.381653,467.2016,96541.79
BARO,316994428.0,1,4.008667,466.8286,96545.81
BARO,317095147.0,1,4.082153,466.9021,96545.03
BARO,317195426.0,1,3.420929,466.2409,96552.19
BARO,317299657.0,1,3.361572,466.1815,96552.82
BARO,317401066.0,1,3.144012,465.964,96555.16
BARO,317501749.0,1,2.446045,465.266,96562.73
BARO,317601801.0,1,2.355621,465.1756,96563.7
BARO,317702696.0,1,1.603973,464.424,96571.81
BARO,317802676.0,1,0.9258118,463.7458,96579.17
BARO,317904487.0,1,-0.2327271,462.5872,96591.7
BARO,318004836.0,1,-6.32782,456.4922,96657.62
BARO,318106360.0,1,-2.88327,459.9367,96620.35
BARO,318207050.0,1,-2.558289,460.2617,96616.84
BARO,318306698.0,1,-2.660034,460.1599,96617.94
BARO,318407196.0,1,-2.532867,460.2871,96616.57
BARO,318507452.0,1,-2.606354,460.2136,96617.34
BARO,318607380.0,1,-2.59787,460.2221,96617.27
BARO,318707470.0,1,-2.592224,460.2278,96617.21
BARO,318807226.0,1,-2.442444,460.3775,96615.58
BARO,318907178.0,1,-2.595032,460.2249,96617.23
BARO,319007438.0,1,-2.699585,460.1204,96618.37
BARO,319107219.0,1,-2.671326,460.1487,96618.05
BARO,319207192.0,1,-2.476349,460.3436,96615.96
BARO,319307181.0,1,-2.552643,460.2673,96616.77
BARO,319408215.0,1,-2.603516,460.2165,96617.33
BARO,319508719.0,1,-2.450928,460.369,96615.67
BARO,319609817.0,1,-2.744812,460.0752,96618.86
BARO,319711439.0,1,-2.662842,460.1571,96617.95
BARO,319811481.0,1,-2.623291,460.1967,96617.54
BARO,319912635.0,1,-2.74762,460.0724,96618.9
GPS,316289185.0,4,21,43.2382682,-7.6818869,467.26,1.111,-1.086,0.0
GPS,316477146.0,4,21,43.2382698,-7.6818846,467.56,1.257,-1.293,0.0
GPS,316662965.0,4,21,43.2382714,-7.681882,467.82,1.353,-1.141,0.0
GPS,316863729.0,4,21,43.238273,-7.6818792,467.88,1.265,0.463,0.0
GPS,317065039.0,4,21,43.2382745,-7.6818765,467.59,1.387,2.495,0.0
GPS,317286611.0,4,21,43.2382759,-7.6818738,466.93,1.249,4.436,0.0
GPS,317468648.0,4,21,43.2382773,-7.6818714,465.88,1.179,6.225,0.0
GPS,317669773.0,4,21,43.2382787,-7.6818691,464.52,1.187,7.841001,0.0
GPS,317870822.0,4,21,43.2382799,-7.6818667,462.85,1.169,9.347,0.0
GPS,318053506.0,4,21,43.2382817,-7.6818655,461.07,1.316,8.904,0.0
GPS,318294450.0,4,20,43.2382914,-7.6818615,459.7,10.0,5.139,0.0
GPS,318455179.0,4,21,43.2383057,-7.6818569,458.96,6.992,3.169,0.0
GPS,318655074.0,4,21,43.2383151,-7.6818563,458.73,4.388,1.021,0.0
GPS,318855017.0,4,19,43.2383193,-7.6818568,458.8,1.368,-0.363,0.0
GPS,319054981.0,4,18,43.2383196,-7.6818573,458.99,0.292,-0.54,0.0
GPS,319275432.0,4,19,43.2383178,-7.6818573,459.15,0.108,-0.482,0.0
GPS,319456024.0,4,19,43.2383155,-7.6818579,459.33,0.107,-0.353,0.0
GPS,319657405.0,4,20,43.2383132,-7.6818582,459.55,0.048,-0.351,0.0
GPS,319859677.0,4,20,43.2383118,-7.6818596,459.65,0.116,-0.268,0.0
IMU,316131663.0,0,0.1324292,-0.2006353,-0.6365014,0.6430351,0.0065726,-10.38083
IMU,316171633.0,0,0.3500797,0.04635708,-0.7327252,-0.8712733,-0.6189488,-10.07134
IMU,316211954.0,0,0.1394256,0.03021355,-0.6313996,-0.6341395,0.611969,-9.471507
IMU,316255436.0,0,0.3332782,0.07063541,-0.64882,0.01667252,0.815341,-10.32451
IMU,316296947.0,0,0.3345077,-0.02325048,-0.4857987,-0.6270228,0.3428825,-9.648968
IMU,316340829.0,0,0.1838935,0.1496425,-0.5255036,-0.4473979,-0.7535039,-9.867354
IMU,316381654.0,0,0.1413751,0.09751956,-0.3260412,-0.1117728,1.107904,-9.797564
IMU,316421627.0,0,0.1502099,0.06513715,-0.2981192,-1.222071,-0.02316453,-9.193502
IMU,316464639.0,0,0.0744632,0.1144684,-0.3347058,-1.34344,0.6137376,-9.923477
IMU,316505830.0,0,0.1270231,0.04077551,-0.244127,-1.072191,0.5298931,-10.17981
IMU,316549432.0,0,0.004150117,0.07353817,-0.06623501,-0.3211647,-0.1592058,-9.139252
IMU,316589777.0,0,0.01390599,0.02755854,0.04157186,0.4240909,0.2288988,-10.32147
IMU,316632249.0,0,0.129952,-0.01398855,-0.05207589,0.8967202,-1.051449,-3.706059
IMU,316673499.0,0,0.2207682,0.05328888,-0.2226578,-0.1640708,-0.2662151,-0.6906987
IMU,316713443.0,0,0.1466096,0.008785934,-0.284539,-0.3260493,-0.6220744,0.3824909
IMU,316753929.0,0,0.1495579,-0.01651519,-0.3882972,-0.1109752,-0.1551705,0.259836
IMU,316794072.0,0,0.1238405,-0.007556129,-0.4294837,-0.1672721,-0.02859373,-0.1374332
IMU,316833430.0,0,0.1135159,-0.001634973,-0.4616733,-0.08133493,-0.02319593,0.1127569
IMU,316874064.0,0,0.104104,-0.02030539,-0.4734231,-0.1205145,-0.1188636,-0.07532998
IMU,316914613.0,0,0.07634991,-0.0157413,-0.4783856,-0.1102994,-0.07300209,-0.02822871
IMU,316954647.0,0,0.08163062,-0.02019756,-0.4817764,-0.1102974,-0.05013182,-0.1027615
IMU,316994616.0,0,0.0690183,-0.0189054,-0.4773865,-0.1178086,-0.1248709,-0.1417114
IMU,317034101.0,0,0.04142457,-0.01933927,-0.4722979,-0.1449561,-0.1122704,-0.2028965
IMU,317077821.0,0,0.03112612,-0.01385389,-0.4667247,-0.1419192,-0.1122559,-0.2457705
IMU,317117905.0,0,0.02203955,0.01141809,-0.461197,-0.1860686,-0.1460628,-0.27673
IMU,317158016.0,0,0.001962121,0.04029413,-0.4596949,-0.1910013,-0.1088945,-0.3808922
IMU,317198003.0,0,-0.02353349,0.0662093,-0.4622518,-0.1677721,-0.1494823,-0.4812986
IMU,317238423.0,0,-0.05338559,0.0882642,-0.4588521,-0.1771754,-0.1416251,-0.5897454
IMU,317278640.0,0,-0.08933415,0.1169253,-0.4570956,-0.1964909,-0.170525,-0.6719951
IMU,317320836.0,0,-0.1423676,0.1525459,-0.4566449,-0.1929521,-0.1716565,-0.7609293
IMU,317360571.0,0,-0.1861213,0.1841094,-0.4585293,-0.1885066,-0.1630087,-0.8742307
IMU,317401251.0,0,-0.2397746,0.2141789,-0.4547673,-0.1774489,-0.1762556,-1.032297
IMU,317440432.0,0,-0.2946571,0.2325936,-0.4463108,-0.1605629,-0.2015365,-1.158451
IMU,317482073.0,0,-0.3562324,0.2356019,-0.4408909,-0.1460513,-0.2337987,-1.24442
IMU,317521967.0,0,-0.4287024,0.2294682,-0.4410472,-0.1188834,-0.1955275,-1.41002
IMU,317562010.0,0,-0.5028157,0.2227075,-0.4417802,-0.0967386,-0.205761,-1.55438
IMU,317601984.0,0,-0.5529437,0.2459422,-0.4623908,-0.1312475,-0.1581419,-1.696681
IMU,317641596.0,0,-0.6182966,0.2749702,-0.4746342,-0.1181133,-0.1847483,-1.865815
IMU,317683028.0,0,-0.7394807,0.3031487,-0.4724061,-0.06325375,-0.1624596,-1.98084
IMU,317722638.0,0,-0.8089089,0.2864135,-0.4707236,-0.036452,-0.07548369,-2.246463
IMU,317762714.0,0,-0.820963,0.2409605,-0.4646218,0.02221757,0.00710402,-2.329555
IMU,317802869.0,0,-0.7841791,0.170691,-0.4661731,-0.0144258,0.04853039,-2.662246
IMU,317843732.0,0,-0.8358635,0.02408047,-0.4814916,0.7062249,0.04291247,-5.168613
IMU,317886571.0,0,-0.1662471,-0.993518,-0.4033491,1.247568,3.528236,-17.42147
IMU,317926915.0,0,2.828969,0.4800363,0.6430067,-12.50067,4.971362,-80.054
IMU,317967462.0,0,-2.781187,1.311403,-0.6889043,-8.426652,-8.934262,6.926272
IMU,318009786.0,0,-2.331515,0.3553979,0.3444994,-0.8070377,-3.911249,-2.54371
IMU,318049930.0,0,-1.617757,-0.1229653,0.2185201,0.1267835,0.5514256,-1.707808
IMU,318091590.0,0,-1.146968,-0.8026183,0.1726143,1.007908,0.5440477,1.284513
IMU,318132047.0,0,-0.5265126,-1.100005,0.2698527,1.263556,1.073831,-0.8266563
IMU,318171909.0,0,0.2409022,-1.078857,0.3632677,0.6050327,2.426047,-2.415131
IMU,318212055.0,0,1.255059,-0.49367,0.5208385,-0.2256647,3.734243,-4.198255
IMU,318252390.0,0,2.602445,1.00274,0.749385,-2.336899,4.891845,-9.480837
IMU,318291815.0,0,2.529767,2.637118,0.6530432,-1.93864,3.25107,-14.21445
IMU,318332116.0,0,0.3999498,2.812768,-0.0910034,2.889865,-1.343362,-16.28618
IMU,318372463.0,0,-0.4422365,0.4457578,-0.3008487,8.258548,-1.042229,-13.0768
IMU,318412652.0,0,0.01243191,-0.5114564,0.06932621,4.361014,0.7242858,-10.03123
IMU,318453060.0,0,-0.05001459,-0.4624878,0.009661302,0.6604326,0.9061907,-8.640384
IMU,318492068.0,0,-0.03936049,-0.09247234,0.007826137,0.8501511,1.347715,-8.761103
IMU,318532426.0,0,0.03777308,0.1046643,-0.0002827516,2.031478,0.7432914,-9.559912
IMU,318572594.0,0,-0.01116914,0.003859926,-0.000951597,2.496917,0.8382089,-9.897334
IMU,318612785.0,0,-0.008001315,-0.03000746,0.003159952,1.727605,0.8824743,-9.319586
IMU,318653228.0,0,0.008585096,0.02437553,0.001296291,1.991654,0.8180394,-9.499628
IMU,318692237.0,0,-0.0009522146,-0.007344791,0.001512494,2.098406,0.893945,-9.642514
IMU,318732571.0,0,0.0002028504,0.004758148,-0.0004821465,1.931926,0.8311088,-9.447662
IMU,318772595.0,0,0.004150834,0.003014781,0.0005064151,2.083099,0.855507,-9.558743
IMU,318812668.0,0,-0.004330914,-0.004756897,-0.003969016,2.0221,0.8770002,-9.514421
IMU,318853255.0,0,0.002433258,0.005068325,8.715433e-05,2.004082,0.8347847,-9.504484
IMU,318892224.0,0,0.0005170866,-0.000850371,0.001118892,2.035555,0.8922421,-9.552056
IMU,318932402.0,0,-0.0007265107,0.002584846,0.0002691652,1.990823,0.8661318,-9.506965
IMU,318972464.0,0,0.0008737705,0.000765441,0.002672675,2.027639,0.8649828,-9.536949
IMU,319012703.0,0,0.0005977368,0.0008989625,-0.0003903333,2.036014,0.8453299,-9.531452
IMU,319053232.0,0,0.001535429,0.001010311,0.001520271,2.011452,0.869944,-9.521231
IMU,319092487.0,0,-0.0005921209,0.002703692,0.0005088781,2.019238,0.871934,-9.518883
IMU,319132419.0,0,0.001059271,-0.0004212555,-0.0004464628,2.019751,0.8681468,-9.526691
IMU,319172436.0,0,-0.0005133401,0.0004736877,0.000650354,2.029484,0.8930598,-9.524769
IMU,319212622.0,0,0.0004418722,-0.0002567043,-0.0007559796,2.02249,0.8460043,-9.517244
IMU,319253064.0,0,0.001300205,-4.111073e-05,0.000224192,2.026085,0.8683299,-9.524318
IMU,319292439.0,0,0.000709934,0.0003754503,0.0004273088,2.013947,0.8757737,-9.507392
IMU,319333029.0,0,0.0006539096,0.001079822,0.0005534995,2.022762,0.8631058,-9.52133
IMU,319373139.0,0,0.000497862,0.001066222,0.0006347338,2.026959,0.8542548,-9.503094
IMU,319413698.0,0,0.0009233492,-0.0008391083,0.0007419628,2.026188,0.8597197,-9.504817
IMU,319456199.0,0,-0.002527093,-0.0003989575,0.0003130688,2.025074,0.8718957,-9.521537
IMU,319496182.0,0,-0.0003088747,0.0001841725,-0.000832945,2.021785,0.8649854,-9.517201
IMU,319536982.0,0,0.0003223872,-6.901152e-05,0.001446522,2.015265,0.8619488,-9.517257
IMU,319576803.0,0,5.940592e-05,-0.001373997,-9.950333e-05,2.029407,0.8712689,-9.518805
IMU,319616912.0,0,-3.454896e-05,0.001463078,0.001055075,2.019384,0.8622329,-9.532914
IMU,319657492.0,0,0.00129712,0.0003812516,0.001083785,2.018731,0.869374,-9.514206
IMU,319699043.0,0,-0.0006191242,0.000558822,-0.0004490099,2.01107,0.872312,-9.512398
IMU,319738484.0,0,0.0005319838,0.0004867231,8.24516e-05,2.019064,0.8539495,-9.525203
IMU,319778446.0,0,-0.0005297266,0.0002560323,0.0005657029,2.023894,0.8644482,-9.525969
IMU,319818445.0,0,0.0006915611,-6.223388e-05,-0.001845137,2.016252,0.8601379,-9.50707
IMU,319864693.0,0,8.187956e-05,8.656135e-05,0.0006120121,2.023669,0.8689548,-9.515316
IMU,319904997.0,0,-0.0003194656,0.00209096,-0.0006861978,2.021593,0.8625342,-9.516464
IMU,319945479.0,0,-0.0002018447,-0.0004281052,-2.146354e-05,2.019373,0.874894,-9.533647
IMU,319985468.0,0,0.0007125789,0.0002314287,-1.665974e-05,2.019733,0.8674776,-9.494831
IMU,320025574.0,0,-0.0001862333,0.0007402431,0.001410226,2.031115,0.8757531,-9.524464
IMU,316131663.0,1,0.1046889,-0.1670362,-0.5903323,1.434703,0.4192241,-10.11843
IMU,316171633.0,1,0.2467867,-0.009351102,-0.6182298,-0.6287842,-1.269284,-10.07294
IMU,316211954.0,1,0.1367726,0.02805546,-0.6232947,-0.5538074,0.2091844,-9.415716
IMU,316255436.0,1,0.1853885,0.04580119,-0.6188441,0.08653335,0.8116106,-10.63034
IMU,316296947.0,1,0.2683533,-0.042879,-0.5300113,1.236541,0.6652521,-9.846931
IMU,316340829.0,1,0.130382,0.1120174,-0.4916973,-0.2194132,-1.014117,-11.21182
IMU,316381654.0,1,0.1378956,0.1290337,-0.3738827,0.06212239,0.3204181,-10.35112
IMU,316421627.0,1,0.1329129,0.03154308,-0.3342365,-1.380526,0.1270543,-8.806517
IMU,316464639.0,1,0.007882423,0.07845389,-0.2835512,-1.974892,0.09756143,-9.203961
IMU,316505830.0,1,0.02916214,0.08740435,-0.2200988,-1.234475,-0.1684031,-10.0857
IMU,316549432.0,1,0.008625287,0.06775529,-0.08538897,0.1333199,0.5139902,-9.05644
IMU,316589777.0,1,0.04069825,0.05541845,-0.0008329268,0.926824,0.1186316,-10.28629
IMU,316632249.0,1,0.1211,-0.001254059,-0.04025597,0.246307,-1.015534,-3.037281
IMU,316673499.0,1,0.1682785,0.01816284,-0.1721994,-0.2821755,-0.2340467,-1.09597
IMU,316713443.0,1,0.1322837,-0.000547371,-0.2521057,-0.2270517,-0.3797869,0.3565289
IMU,316753929.0,1,0.1132011,-0.01852209,-0.3509053,-0.2253838,-0.002965593,0.09395145
IMU,316794072.0,1,0.07595231,-0.01008617,-0.3894031,-0.1809703,0.1242983,-0.1891726
IMU,316833430.0,1,0.06702279,-0.004069666,-0.4238644,-0.2351855,0.1191194,-0.01413368
IMU,316874064.0,1,0.06206846,-0.02245851,-0.4352145,-0.150686,-0.006166333,-0.05737239
IMU,316914613.0,1,0.03287442,-0.02021881,-0.4397498,-0.1321499,0.1140201,-0.03155701
IMU,316954647.0,1,0.03559228,-0.02496095,-0.4441658,-0.1142392,0.1245909,-0.3178703
IMU,316994616.0,1,0.02643696,-0.02557334,-0.4376615,-0.1912688,-0.09946339,-0.1497211
IMU,317034101.0,1,0.01100712,-0.0232907,-0.4427569,-0.1925906,-0.02983901,-0.2840762
IMU,317077821.0,1,0.00629257,-0.01597538,-0.4399837,-0.1631256,0.03652334,-0.4054626
IMU,317117905.0,1,0.002977343,0.003980157,-0.4310186,-0.2039672,-0.1379592,-0.3168957
IMU,317158016.0,1,-0.01508812,0.04740344,-0.4260283,-0.1940686,0.080123,-0.4397722
IMU,317198003.0,1,-0.04165595,0.06734923,-0.4295458,-0.2177177,0.0009989429,-0.4328434
IMU,317238423.0,1,-0.07075751,0.09000725,-0.4288003,-0.2589604,0.05827596,-0.5140225
IMU,317278640.0,1,-0.107042,0.1158225,-0.4254434,-0.1988966,-0.04892316,-0.6123177
IMU,317320836.0,1,-0.1509092,0.1390089,-0.4280286,-0.2185179,-0.004302322,-0.7802217
IMU,317360571.0,1,-0.1961712,0.1630873,-0.4298354,-0.230463,-0.008656627,-0.8185726
IMU,317401251.0,1,-0.2457591,0.1979708,-0.4329441,-0.2294739,0.04773878,-1.097922
IMU,317440432.0,1,-0.3045213,0.201276,-0.4242328,-0.2846586,-0.09620847,-1.316317
IMU,317482073.0,1,-0.3641885,0.2196618,-0.4229722,-0.1633911,0.05594233,-1.374532
IMU,317521967.0,1,-0.4347534,0.2118071,-0.422231,-0.1367573,-0.02156768,-1.252367
IMU,317562010.0,1,-0.5074915,0.2033008,-0.4261263,-0.1322557,-0.1547478,-1.61595
IMU,317601984.0,1,-0.56122,0.2248592,-0.4452888,-0.1477569,-0.007350321,-1.667361
IMU,317641596.0,1,-0.6230961,0.2458319,-0.4607812,-0.1161234,-0.1060185,-1.830481
IMU,317683028.0,1,-0.7440206,0.2731131,-0.4676296,-0.1401335,-0.0422185,-2.053365
IMU,317722638.0,1,-0.8148031,0.2636077,-0.4672826,-0.08572463,0.02614456,-2.278118
IMU,317762714.0,1,-0.8326296,0.2267206,-0.4645599,-0.04356589,0.1197473,-2.230053
IMU,317802869.0,1,-0.7888481,0.1667425,-0.4610254,-0.03306745,0.2058137,-2.612374
IMU,317843732.0,1,-0.8289896,0.04965049,-0.4685286,0.8418114,0.1675367,-5.824719
IMU,317886571.0,1,-0.2998703,-0.9588207,-0.4007131,0.9736501,3.087971,-17.33585
IMU,317926915.0,1,2.705477,0.2555291,0.6151257,-12.87349,5.036967,-83.64671
IMU,317967462.0,1,-2.718933,0.6619729,-0.7180795,-17.33427,-12.94382,-1.233985
IMU,318009786.0,1,-2.192629,0.4540374,0.22805,-0.9752373,-3.681401,-3.677868
IMU,318049930.0,1,-1.612312,-0.1092736,0.1268195,0.2383313,0.1768429,-1.432375
IMU,318091590.0,1,-1.146086,-0.7448534,0.1018735,0.8903797,0.9952163,1.454098
IMU,318132047.0,1,-0.5478055,-1.047747,0.1923474,1.250722,1.128297,-0.841934
IMU,318171909.0,1,0.1621767,-1.061596,0.3094559,0.4090394,2.471758,-2.10345
IMU,318212055.0,1,1.160413,-0.5289547,0.4930672,-0.2932633,3.740372,-3.820969
IMU,318252390.0,1,2.514458,0.8179813,0.7737352,-2.263481,4.862432,-9.121105
IMU,318291815.0,1,2.587389,2.444772,0.7274251,-1.724717,3.286573,-14.42148
IMU,318332116.0,1,0.4401033,2.740515,-0.02455622,3.280964,-1.403729,-17.22773
IMU,318372463.0,1,-0.4443315,0.468909,-0.2990468,8.119738,-1.024857,-13.18222
IMU,318412652.0,1,-0.001624545,-0.4990718,0.06132398,4.078394,0.7684554,-9.904914
IMU,318453060.0,1,-0.05068783,-0.4491162,0.006978178,0.5858511,1.009205,-8.730203
IMU,318492068.0,1,-0.04524526,-0.09135373,0.01061752,0.7952731,1.345355,-8.796124
IMU,318532426.0,1,0.01954128,0.09629299,0.000641438,2.003241,0.6722885,-9.610593
IMU,318572594.0,1,-0.008952487,0.01593685,8.380249e-05,2.452747,0.9292243,-9.901979
IMU,318612785.0,1,-0.006136062,-0.02509423,0.005340707,1.646744,1.087438,-9.338528
IMU,318653228.0,1,0.003935875,0.02677877,-0.002843934,2.050958,0.758102,-9.446844
IMU,318692237.0,1,-3.773973e-05,-0.004695417,0.004888881,2.005789,0.8175846,-9.702839
IMU,318732571.0,1,-0.001531595,0.003109215,-0.002826699,1.951189,0.8045561,-9.441195
IMU,318772595.0,1,0.003015987,0.005023902,0.001164487,2.075433,0.840593,-9.467038
IMU,318812668.0,1,4.251971e-05,0.003123869,-0.005234236,1.998186,0.878422,-9.61814
IMU,318853255.0,1,-0.001805827,0.006730236,-5.620767e-05,1.967742,0.8786417,-9.504163
IMU,318892224.0,1,-0.0047736,0.004273808,0.002824304,1.946947,0.9166456,-9.522159
IMU,318932402.0,1,-0.0007060441,0.00903149,-0.002893205,2.027564,0.8807456,-9.541242
IMU,318972464.0,1,0.001606704,0.00332288,0.0007286358,2.056352,0.9077023,-9.450956
IMU,319012703.0,1,-0.0006520351,0.008358685,0.0009472048,1.997472,0.9231112,-9.48497
IMU,319053232.0,1,0.00107126,0.005619646,0.00265505,1.960992,0.9519622,-9.644056
IMU,319092487.0,1,-0.0002953724,0.0002114267,-0.004048752,1.974047,0.9599581,-9.552094
IMU,319132419.0,1,-0.00111961,0.002993448,0.0003776017,2.067091,0.8888155,-9.365089
IMU,319172436.0,1,-0.0009694975,-0.0004880262,0.0008867874,1.946512,0.924544,-9.619918
IMU,319212622.0,1,-0.001213047,0.003370525,2.908809e-05,2.007854,0.8455468,-9.428861
IMU,319253064.0,1,0.0002593495,-0.001622934,0.001236792,2.012182,0.8783922,-9.509357
IMU,319292439.0,1,-0.000483555,0.005956536,2.199499e-05,2.032028,0.9830103,-9.526152
IMU,319333029.0,1,0.001525929,0.005660691,-0.003841873,1.958989,0.9111034,-9.514703
IMU,319373139.0,1,-0.0004760725,0.003961958,0.004232826,2.032439,0.9155726,-9.492697
IMU,319413698.0,1,0.00251625,0.002402026,-0.001302049,2.041209,0.8630508,-9.514176
IMU,319456199.0,1,0.0003456887,0.00171476,-0.0004180528,1.966815,0.9559211,-9.569083
IMU,319496182.0,1,0.0005326695,-0.0001808249,-0.002779145,1.945282,0.9297559,-9.519848
IMU,319536982.0,1,0.0009478378,-0.006659379,-0.00553049,2.049463,0.8934617,-9.457628
IMU,319576803.0,1,-2.754659e-05,0.005646053,0.001737389,2.013284,0.9010738,-9.463981
IMU,319616912.0,1,8.738544e-05,0.002171363,-0.002893415,2.002796,0.9962716,-9.541192
IMU,319657492.0,1,0.0001230252,0.00140306,0.003048492,2.020252,0.9226543,-9.500459
IMU,319699043.0,1,-0.0009627406,0.004916041,-0.0001561558,1.985412,0.8878896,-9.45402
IMU,319738484.0,1,-0.0007705105,0.0008158665,0.001274149,2.043104,1.001583,-9.602047
IMU,319778446.0,1,-0.002166202,0.001057743,-0.0008524766,2.065616,0.9905792,-9.587482
IMU,319818445.0,1,-0.0009580418,0.004728717,-0.00101251,1.968236,0.9185817,-9.412213
IMU,319864693.0,1,0.0008585306,0.005723978,-0.004172178,1.982069,0.8880997,-9.528532
IMU,319904997.0,1,0.0004156317,0.004531413,-0.0004718561,1.887509,0.9262758,-9.65877
IMU,319945479.0,1,-0.0001240399,0.003932282,-0.001564714,2.00853,0.9599118,-9.655061
IMU,319985468.0,1,-0.001085966,0.008460906,-0.0005142181,2.032045,0.8716636,-9.41419
IMU,320025574.0,1,0.000601697,0.00648337,0.003072864,1.94628,0.9445813,-9.545124
IMU,316131663.0,2,0.1707097,-0.1244975,-0.7047455,-0.2983209,-0.3826433,-11.18587
IMU,316171633.0,2,0.2195221,-0.01419896,-0.7040755,-0.8131412,-0.492567,-11.01328
IMU,316211954.0,2,0.2006036,0.03493744,-0.6425603,0.2295251,0.5044448,-8.908909
IMU,316255436.0,2,0.2613099,-0.0002017466,-0.6094338,-0.5137659,0.4701747,-8.470412
IMU,316296947.0,2,0.3261355,-0.03901524,-0.5564936,-0.4324936,-0.9171337,-10.74384
IMU,316340829.0,2,0.1090755,0.08687671,-0.4911301,-1.11335,0.7486756,-10.90192
IMU,316381654.0,2,0.1687289,0.09002239,-0.3860454,-1.246554,0.152733,-11.27537
IMU,316421627.0,2,0.1985739,0.09323549,-0.3388108,-0.2502567,-0.1612725,-10.68003
IMU,316464639.0,2,0.08473383,0.1002955,-0.2764827,-1.31772,-0.834991,-9.550961
IMU,316505830.0,2,0.1032822,0.1088459,-0.1796069,-0.3157482,0.7113478,-8.889564
IMU,316549432.0,2,0.1118404,0.07977065,-0.117102,-0.6979887,0.0643255,-9.669918
IMU,316589777.0,2,0.05125775,0.05774202,-0.06573801,-0.1684228,-0.6573499,-9.777933
IMU,316632249.0,2,0.09838127,0.02642795,-0.04289093,-0.7010941,-0.1754784,-3.625955
IMU,316673499.0,2,0.1736298,0.02033006,-0.1926301,-0.2926349,-0.08186532,-0.8943098
IMU,316713443.0,2,0.1527366,-0.004068072,-0.2859895,-0.3193069,-0.1653828,0.1607815
IMU,316753929.0,2,0.1466727,-0.02015135,-0.3830959,-0.1119868,-0.1460795,0.05452206
IMU,316794072.0,2,0.1235907,-0.01367742,-0.4291177,-0.09752301,-0.001088401,-0.1837344
IMU,316833430.0,2,0.1125459,-0.008809069,-0.4589255,-0.08702313,-0.03153311,-0.0142702
IMU,316874064.0,2,0.1048629,-0.02708649,-0.4699596,-0.0976807,-0.06358171,-0.1968141
IMU,316914613.0,2,0.07764474,-0.02072822,-0.474776,-0.09018499,-0.03844099,-0.1335254
IMU,316954647.0,2,0.08106887,-0.02746998,-0.4768132,-0.07868312,-0.04179839,-0.1710714
IMU,316994616.0,2,0.06683696,-0.02465275,-0.4733003,-0.123083,-0.07339359,-0.2342086
IMU,317034101.0,2,0.04116604,-0.02225862,-0.4678919,-0.1258912,-0.08359236,-0.2973367
IMU,317077821.0,2,0.03136478,-0.01819917,-0.4613157,-0.128684,-0.07903512,-0.3299669
IMU,317117905.0,2,0.02141566,0.008707477,-0.4570842,-0.1557224,-0.08757553,-0.3579924
IMU,317158016.0,2,0.003259009,0.03567041,-0.4557226,-0.1378465,-0.09403876,-0.4874376
IMU,317198003.0,2,-0.02216147,0.06280931,-0.4567799,-0.1295466,-0.1156365,-0.5975162
IMU,317238423.0,2,-0.05120036,0.08796232,-0.4548509,-0.156624,-0.1171975,-0.6979594
IMU,317278640.0,2,-0.0873589,0.1164878,-0.4519598,-0.1588738,-0.1218086,-0.7593018
IMU,317320836.0,2,-0.1367607,0.1537701,-0.4505755,-0.1680445,-0.1259375,-0.8828135
IMU,317360571.0,2,-0.1809705,0.1875274,-0.4530225,-0.1634107,-0.1378898,-1.012826
IMU,317401251.0,2,-0.2319905,0.218341,-0.4476579,-0.1549733,-0.1439452,-1.155287
IMU,317440432.0,2,-0.2856506,0.2365645,-0.4401931,-0.1507925,-0.168423,-1.247789
IMU,317482073.0,2,-0.347115,0.2427686,-0.4343313,-0.1211754,-0.1856456,-1.352479
IMU,317521967.0,2,-0.418329,0.2394466,-0.4327886,-0.1060201,-0.1659324,-1.504023
IMU,317562010.0,2,-0.4939993,0.2333884,-0.4353155,-0.08209272,-0.1777307,-1.666128
IMU,317601984.0,2,-0.5419849,0.257779,-0.4544522,-0.08569591,-0.1652722,-1.77782
IMU,317641596.0,2,-0.6050372,0.287629,-0.4667768,-0.09259654,-0.1815983,-1.965558
IMU,317683028.0,2,-0.7295164,0.3209981,-0.4645869,-0.06336888,-0.1645705,-2.114407
IMU,317722638.0,2,-0.7957137,0.3040572,-0.4629852,-0.01346625,-0.1035211,-2.318678
IMU,317762714.0,2,-0.8086209,0.2582515,-0.4578898,0.01071563,-0.008162508,-2.388754
IMU,317802869.0,2,-0.7768341,0.1877067,-0.4569786,-0.006382292,0.03280685,-2.728683
IMU,317843732.0,2,-0.8559808,0.02959641,-0.4679479,0.5918648,0.1602115,-5.113604
IMU,317886571.0,2,-0.2495008,-0.9580235,-0.4033112,-0.4932848,2.028771,-14.72471
IMU,317926915.0,2,2.453269,0.7569384,0.6928366,-12.82027,9.586126,-69.19444
IMU,317967462.0,2,-2.781976,-1.131025,-0.8175988,-10.82332,-8.934772,-11.90774
IMU,318009786.0,2,-2.293092,0.5461328,0.3859065,-1.112803,-1.4516,-0.2008457
IMU,318049930.0,2,-1.632712,-0.1008537,0.2124422,0.09277249,0.09640615,-0.9814745
IMU,318091590.0,2,-1.114955,-0.7681887,0.1737608,0.9694262,0.5003335,1.189654
IMU,318132047.0,2,-0.5679367,-1.087494,0.2621979,1.165241,1.212445,-0.6106788
IMU,318171909.0,2,0.1977429,-1.086868,0.3555573,0.7146251,2.163656,-2.207966
IMU,318212055.0,2,1.225196,-0.5266199,0.5118626,-0.013959,3.422224,-4.111683
IMU,318252390.0,2,2.59497,0.9377248,0.7451484,-1.826921,4.611883,-9.621651
IMU,318291815.0,2,2.608321,2.551115,0.6651118,-1.57875,3.445038,-15.05649
IMU,318332116.0,2,0.4549842,2.798074,-0.0836041,2.685088,-1.022849,-16.79506
IMU,318372463.0,2,-0.4160156,0.4243479,-0.2901777,7.506171,-1.245085,-12.53272
IMU,318412652.0,2,0.007303225,-0.5034169,0.07211906,4.267543,0.465329,-10.02128
IMU,318453060.0,2,-0.05701501,-0.459203,0.009011778,0.7360553,0.8420242,-8.846406
IMU,318492068.0,2,-0.03980907,-0.08821109,0.008662344,0.9721656,1.20291,-8.892499
IMU,318532426.0,2,0.0382374,0.101805,-0.0005172036,2.043549,0.5767888,-9.698388
IMU,318572594.0,2,-0.008661564,0.0002196451,0.0001100749,2.460793,0.6645861,-9.941254
IMU,318612785.0,2,-0.006439373,-0.02750023,0.004593315,1.759402,0.7483876,-9.454756
IMU,318653228.0,2,0.01015974,0.02413879,0.002244039,1.979824,0.6913493,-9.61088
IMU,318692237.0,2,0.000657246,-0.008105113,0.0018219,2.088625,0.7357039,-9.69631
IMU,318732571.0,2,-0.0005766219,0.005884938,0.0005581115,1.933409,0.7120715,-9.547033
IMU,318772595.0,2,0.005273511,0.003364307,0.00146408,2.064218,0.7071992,-9.642897
IMU,318812668.0,2,-0.002899873,-0.004088292,-0.001528239,2.020717,0.7339635,-9.616998
IMU,318853255.0,2,0.003595399,0.004818277,0.0007684415,2.016924,0.6971343,-9.596542
IMU,318892224.0,2,0.002645873,-0.001264544,0.002852988,2.035768,0.7559424,-9.639098
IMU,318932402.0,2,0.001810272,0.002027947,0.001579202,1.993868,0.7108268,-9.605522
IMU,318972464.0,2,0.001802332,-0.0003820632,0.001303409,2.025465,0.7283922,-9.602787
IMU,319012703.0,2,0.001785185,0.00161682,0.002500301,2.019912,0.7058862,-9.636287
IMU,319053232.0,2,0.002881953,0.0008375357,0.002092974,2.022909,0.7200413,-9.611636
IMU,319092487.0,2,0.0009284703,0.001619855,0.001857624,2.012913,0.7184956,-9.618738
IMU,319132419.0,2,0.002416469,0.0003218873,0.0004012363,2.02575,0.7112564,-9.622399
IMU,319172436.0,2,0.001955109,-0.0007956926,0.0003922034,2.039644,0.7513878,-9.636682
IMU,319212622.0,2,0.0005433237,-0.001172697,0.000140568,2.016167,0.7121273,-9.608059
IMU,319253064.0,2,0.001673274,0.0007591959,0.001373524,2.030078,0.728958,-9.608983
IMU,319292439.0,2,0.001316253,0.001601954,0.0005544685,2.01271,0.7203901,-9.627209
IMU,319333029.0,2,0.002477136,0.000588028,0.002559586,2.030363,0.7250257,-9.635044
IMU,319373139.0,2,0.001140979,0.001240755,0.001136824,2.023954,0.7286494,-9.613794
IMU,319413698.0,2,0.001756405,2.158165e-05,0.001748653,2.021654,0.7056819,-9.631124
IMU,319456199.0,2,0.001685461,-0.0005890553,0.001491228,2.019289,0.7248309,-9.624575
IMU,319496182.0,2,-0.0001519628,-0.0007779173,0.001039825,2.023915,0.7157463,-9.628566
IMU,319536982.0,2,0.001882467,4.002422e-06,0.001537293,2.018854,0.7205322,-9.605838
IMU,319576803.0,2,0.002320385,-0.0001667925,0.0004099145,2.023251,0.7228872,-9.617758
IMU,319616912.0,2,0.002624959,-0.0006984363,0.0003530968,2.014756,0.7246529,-9.63353
IMU,319657492.0,2,0.001143542,0.001346014,0.001046839,2.019175,0.7133862,-9.593871
IMU,319699043.0,2,0.001126946,-0.0003836488,0.0001151765,2.020887,0.7333966,-9.615767
IMU,319738484.0,2,0.00141178,0.001508441,0.001551663,2.022983,0.7131416,-9.632524
IMU,319778446.0,2,0.001976477,-4.148138e-05,0.0003930996,2.016409,0.7183682,-9.624339
IMU,319818445.0,2,0.002354079,0.0004378115,0.001482333,2.018298,0.7125639,-9.624229
IMU,319864693.0,2,0.002053323,0.0016934,0.0005733637,2.016945,0.7263497,-9.621604
IMU,319904997.0,2,0.002828609,0.0003585894,0.00106477,2.012809,0.7098826,-9.624637
IMU,319945479.0,2,0.000147448,0.0005831636,0.002429835,2.022974,0.7154923,-9.615672
IMU,319985468.0,2,0.001870504,0.00093417,0.0002965456,2.019396,0.7072574,-9.608386
IMU,320025574.0,2,0.002020334,-0.0008084218,0.0007408857,2.019006,0.7232016,-9.609379
