ARM,1655945886.0,0.0
AHR2,1655335717.0,-2.67,-2.11,91.95,470.61,43.2382574,-7.681934
AHR2,1655446484.0,-2.36,-1.74,91.98,471.13,43.2382569,-7.6819301
AHR2,1655550748.0,-2.17,-0.94,92.13,470.98,43.2382564,-7.6819253
AHR2,1655656062.0,-2.13,-0.66,92.07,471.34,43.2382559,-7.6819187
AHR2,1655759775.0,-1.87,0.35,92.14,471.3,43.2382555,-7.6819139
AHR2,1655865714.0,-1.69,1.17,92.2,471.28,43.2382554,-7.6819098
AHR2,1655968868.0,-1.59,1.55,92.86,471.37,43.2382551,-7.6819052
AHR2,1656070221.0,-0.01,3.09,93.01,471.04,43.2382546,-7.6819008
AHR2,1656170261.0,2.38,5.64,92.16,470.58,43.2382542,-7.6818966
AHR2,1656271665.0,4.89,8.21,91.15,470.65,43.2382535,-7.6818925
AHR2,1656372047.0,7.24,10.99,90.22,470.57,43.238253,-7.6818883
AHR2,1656473236.0,9.54,14.28,89.29,470.63,43.2382529,-7.6818861
AHR2,1656573721.0,12.04,17.51,88.24,470.4,43.2382525,-7.681882
AHR2,1656675212.0,14.72,20.46,87.01,469.84,43.2382519,-7.6818766
AHR2,1656775509.0,17.31,22.32,85.42,469.7,43.2382515,-7.6818726
AHR2,1656876210.0,18.68,22.99,83.27,469.25,43.238251,-7.6818688
AHR2,1656976446.0,17.48,22.78,80.39,468.88,43.2382505,-7.6818648
AHR2,1657077526.0,17.05,16.91,76.65,468.28,43.2382498,-7.6818616
AHR2,1657177891.0,1.7,-2.02,79.39,467.45,43.2382493,-7.681858
AHR2,1657279059.0,-14.47,-2.74,73.79,464.61,43.2382483,-7.6818533
AHR2,1657379219.0,-24.05,-9.02,69.66,463.79,43.2382476,-7.6818496
AHR2,1657479717.0,-19.35,-12.45,68.23,464.3,43.2382479,-7.6818406
AHR2,1657580227.0,-3.11,-11.06,67.3,464.38,43.2382475,-7.6818348
AHR2,1657681249.0,-0.92,-8.61,68.2,464.35,43.2382512,-7.6818389
AHR2,1657781829.0,-5.22,-10.59,68.83,464.46,43.2382521,-7.6818366
AHR2,1657882308.0,-4.27,-9.93,68.82,464.39,43.2382503,-7.6818411
AHR2,1657983051.0,-4.68,-9.94,68.96,464.42,43.2382503,-7.6818408
AHR2,1658083441.0,-4.76,-9.74,69.06,464.52,43.2382503,-7.6818422
AHR2,1658183250.0,-4.96,-9.6,69.18,464.51,43.2382503,-7.6818422
AHR2,1658283215.0,-5.16,-9.48,69.31,464.52,43.2382508,-7.6818434
AHR2,1658383278.0,-5.35,-9.34,69.43,464.56,43.2382508,-7.6818434
AHR2,1658483696.0,-5.53,-9.21,69.56,464.43,43.2382513,-7.6818444
AHR2,1658583689.0,-5.71,-9.08,69.68,464.57,43.2382513,-7.6818444
AHR2,1658683827.0,-5.88,-8.95,69.79,464.36,43.2382517,-7.6818453
AHR2,1658784060.0,-6.05,-8.83,69.91,464.26,43.2382517,-7.6818453
AHR2,1658884012.0,-6.22,-8.71,70.03,464.41,43.2382521,-7.6818462
AHR2,1658984120.0,-6.38,-8.58,70.14,464.24,43.2382521,-7.6818461
AHR2,1659084649.0,-6.54,-8.47,70.25,464.48,43.2382524,-7.6818466
AHR2,1659184708.0,-6.7,-8.35,70.37,464.53,43.2382524,-7.6818467
ATT,1655335055.0,-2.867033,-2.826279,-3.297946,-2.533906,98.75435,99.1282
ATT,1655445773.0,-2.477212,-2.573533,-2.560972,-2.177082,98.72713,98.88258
ATT,1655550104.0,-2.275839,-2.384667,-1.975875,-1.415723,98.71104,98.74198
ATT,1655655255.0,-2.102117,-2.343513,-1.264759,-1.128835,98.69499,98.4001
ATT,1655759200.0,-1.916591,-2.09131,-0.3954343,-0.07128337,98.67836,98.22459
ATT,1655864991.0,-1.802024,-1.921326,0.4315747,0.7774972,98.66498,97.99223
ATT,1655968194.0,-1.50648,-1.829399,1.01801,1.160423,98.36842,98.34115
ATT,1656069610.0,-0.763317,-0.2583756,0.5158142,2.778176,98.31368,98.3098
ATT,1656169608.0,-0.3897278,2.148139,0.263359,5.437251,97.33583,97.36797
ATT,1656271034.0,-0.1975256,4.66657,0.1334781,8.438185,96.19016,96.26041
ATT,1656371498.0,-0.1005434,7.014839,0.06794317,11.76133,95.13705,95.24361
ATT,1656472684.0,-0.0507629,9.334175,0.03430346,15.55552,94.0985,94.24228
ATT,1656573089.0,-0.02582413,11.87611,0.01745057,19.19666,92.93015,93.11626
ATT,1656674616.0,-0.01310307,14.65475,0.008854205,22.51819,91.60041,91.83435
ATT,1656774866.0,-0.006665116,17.35699,0.00450327,24.74249,89.9329,90.2135
ATT,1656875653.0,-0.003381467,18.7837,0.00228489,25.78601,87.69421,87.99973
ATT,1656975789.0,-0.001726399,17.5545,0.001166566,25.97179,84.69415,84.98076
ATT,1657076992.0,-0.0008741645,16.93636,0.0005910466,20.50537,80.78699,81.05267
ATT,1657177130.0,-0.0004462991,1.632308,0.0003018808,2.040898,83.31008,83.33443
ATT,1657278484.0,-0.0003378363,-16.43694,0.0002281592,3.862319,76.8475,76.60531
ATT,1657378652.0,-0.00033162,-27.91924,0.0002241376,-0.05229785,71.71501,71.31515
ATT,1657479049.0,-0.0003250719,-23.26976,0.0002198216,-3.368695,70.02223,69.68429
ATT,1657579630.0,-0.0003129107,-6.451687,0.0002115671,-2.634075,68.73328,68.63721
ATT,1657680676.0,-0.0003001226,-2.796469,0.0002025417,-0.2974502,68.94802,68.90637
ATT,1657781222.0,-0.0002943223,-5.624352,0.0001988456,-2.378406,69.20606,69.12229
ATT,1657881715.0,-0.0002943222,-4.49253,0.0001988456,-1.848826,69.12849,69.06157
ATT,1657982288.0,-0.0002881631,-4.805632,0.0001948435,-1.999515,69.1526,69.08099
ATT,1658082752.0,-0.0002822038,-4.710822,0.0001908885,-1.946756,69.16538,69.0952
ATT,1658182702.0,-0.0002822038,-4.723511,0.0001908885,-1.949631,69.17522,69.10486
ATT,1658282666.0,-0.0002822039,-4.762218,0.0001908886,-1.960583,69.2188,69.14785
ATT,1658382741.0,-0.0002822039,-4.783442,0.0001908886,-1.956573,69.25115,69.17989
ATT,1658482986.0,-0.000282204,-4.810771,0.0001908886,-1.946789,69.29646,69.2248
ATT,1658583030.0,-0.0002822042,-4.854931,0.0001908887,-1.933837,69.36697,69.29465
ATT,1658683005.0,-0.0002822042,-4.927933,0.0001908887,-1.901839,69.48287,69.40948
ATT,1658783517.0,-0.0002822042,-4.980895,0.0001908886,-1.882385,69.57445,69.50027
ATT,1658883439.0,-0.0002822042,-5.06271,0.0001908886,-1.842847,69.7124,69.63701
ATT,1658983614.0,-0.0002822041,-5.130684,0.0001908885,-1.809306,69.82296,69.74655
ATT,1659084004.0,-0.0002759278,-5.26406,0.0001866352,-1.75202,70.05326,69.97488
ATT,1659184047.0,-0.0002759279,-5.374309,0.0001866352,-1.6993,70.24432,70.16431
BARO,1655350697.0,0,5.533356,470.7733,96719.3
BARO,1655455890.0,0,5.386414,470.6264,96720.86
BARO,1655560634.0,0,5.7453,470.9853,96716.98
BARO,1655665698.0,0,5.705719,470.9457,96717.41
BARO,1655769732.0,0,5.688782,470.9288,96717.6
BARO,1655875293.0,0,5.77356,471.0135,96716.69
BARO,1655978737.0,0,5.440125,470.6801,96720.28
BARO,1656079507.0,0,4.988007,470.228,96725.18
BARO,1656180042.0,0,5.050171,470.2902,96724.52
BARO,1656281094.0,0,4.971039,470.211,96725.36
BARO,1656381869.0,0,5.030396,470.2704,96724.73
BARO,1656483508.0,0,4.809967,470.05,96727.11
BARO,1656584031.0,0,4.242004,469.482,96733.28
BARO,1656684818.0,0,4.100708,469.3407,96734.81
BARO,1656785395.0,0,3.659912,468.8999,96739.58
BARO,1656885832.0,0,3.289734,468.5297,96743.58
BARO,1656985719.0,0,2.685028,467.925,96750.13
BARO,1657086982.0,0,1.859924,467.0999,96759.05
BARO,1657187414.0,0,-0.9884033,464.2516,96789.93
BARO,1657288199.0,0,-1.802216,463.4378,96798.75
BARO,1657389040.0,0,-1.299225,463.9408,96793.29
BARO,1657489197.0,0,-1.214447,464.0255,96792.39
BARO,1657591836.0,0,-1.245544,463.9944,96792.71
BARO,1657693671.0,0,-1.135345,464.1046,96791.52
BARO,1657793625.0,0,-1.208801,464.0312,96792.34
BARO,1657894488.0,0,-1.172058,464.0679,96791.94
BARO,1657994860.0,0,-1.075989,464.164,96790.9
BARO,1658094771.0,0,-1.087311,464.1527,96791.02
BARO,1658194893.0,0,-1.070343,464.1696,96790.84
BARO,1658294731.0,0,-1.036438,464.2036,96790.45
BARO,1658395023.0,0,-1.16925,464.0707,96791.89
BARO,1658495144.0,0,-1.022308,464.2177,96790.3
BARO,1658595244.0,0,-1.231415,464.0086,96792.58
BARO,1658695718.0,0,-1.330322,463.9097,96793.64
BARO,1658795702.0,0,-1.18338,464.0566,96792.04
BARO,1658895723.0,0,-1.355743,463.8842,96793.92
BARO,1658995808.0,0,-1.11557,464.1244,96791.31
BARO,1659096697.0,0,-1.061859,464.1781,96790.74
BARO,1659196499.0,0,-1.200317,464.0397,96792.22
BARO,1655350697.0,1,5.380768,470.6208,96701.11
BARO,1655455890.0,1,5.669006,470.909,96697.99
BARO,1655560634.0,1,5.37796,470.618,96701.14
BARO,1655665698.0,1,5.697266,470.9373,96697.68
BARO,1655769732.0,1,5.106689,470.3467,96704.07
BARO,1655875293.0,1,5.733978,470.974,96697.29
BARO,1655978737.0,1,5.400543,470.6405,96700.89
BARO,1656079507.0,1,5.007782,470.2478,96705.14
BARO,1656180042.0,1,4.982361,470.2224,96705.43
BARO,1656281094.0,1,5.098206,470.3382,96704.18
BARO,1656381869.0,1,5.07843,470.3184,96704.39
BARO,1656483508.0,1,4.787384,470.0274,96707.52
BARO,1656584031.0,1,4.516113,469.7561,96710.48
BARO,1656684818.0,1,4.208099,469.4481,96713.8
BARO,1656785395.0,1,3.577972,468.818,96720.63
BARO,1656885832.0,1,3.035431,468.2754,96726.51
BARO,1656985719.0,1,2.71048,467.9505,96730.04
BARO,1657086982.0,1,1.910797,467.1508,96738.68
BARO,1657187414.0,1,-1.075989,464.164,96771.06
BARO,1657288199.0,1,-2.627319,462.6127,96787.87
BARO,1657389040.0,1,-1.208801,464.0312,96772.48
BARO,1657489197.0,1,-1.155121,464.0849,96771.91
BARO,1657591836.0,1,-1.19751,464.0425,96772.36
BARO,1657693671.0,1,-1.248352,463.9916,96772.91
BARO,1657793625.0,1,-1.256836,463.9832,96773.02
BARO,1657894488.0,1,-1.056213,464.1838,96770.83
BARO,1657994860.0,1,-1.0336,464.2064,96770.59
BARO,1658094771.0,1,-1.022308,464.2177,96770.47
BARO,1658194893.0,1,-1.282288,463.9577,96773.28
BARO,1658294731.0,1,-1.053375,464.1866,96770.81
BARO,1658395023.0,1,-1.095764,464.1442,96771.27
BARO,1658495144.0,1,-1.237061,464.0029,96772.78
BARO,1658595244.0,1,-0.9799194,464.2601,96770.02
BARO,1658695718.0,1,-1.276611,463.9634,96773.23
BARO,1658795702.0,1,-1.355743,463.8842,96774.07
BARO,1658895723.0,1,-1.189026,464.051,96772.27
BARO,1658995808.0,1,-1.358582,463.8814,96774.11
BARO,1659096697.0,1,-1.11557,464.1244,96771.47
BARO,1659196499.0,1,-1.1297,464.1103,96771.63
GPS,1655430064.0,4,25,43.2382576,-7.6819362,467.29,3.778,-0.297,0.0
GPS,1655595702.0,4,25,43.2382567,-7.6819268,467.35,3.768,-0.335,0.0
GPS,1655805011.0,4,25,43.238256,-7.6819177,467.39,3.632,-0.281,0.0
GPS,1655993751.0,4,25,43.2382553,-7.681909,467.44,3.47,-0.221,0.0
GPS,1656194814.0,4,25,43.2382544,-7.6819006,467.31,3.454,1.198,0.0
GPS,1656436867.0,4,25,43.2382535,-7.6818924,466.89,3.351,3.054,0.0
GPS,1656598963.0,4,25,43.2382527,-7.6818844,466.09,3.295,4.913,0.0
GPS,1656800090.0,4,25,43.2382518,-7.6818764,464.96,3.257,6.476,0.0
GPS,1657001042.0,4,25,43.2382508,-7.6818687,463.51,3.032,8.115001,0.0
GPS,1657183271.0,4,25,43.2382496,-7.6818611,461.77,3.062,9.441,0.0
GPS,1657404692.0,4,25,43.2382486,-7.6818516,460.09,4.693,7.397,0.0
GPS,1657585254.0,4,24,43.2382493,-7.6818438,459.21,2.148,2.016,0.0
GPS,1657786536.0,4,23,43.2382503,-7.6818417,459.08,0.239,-0.146,0.0
GPS,1657987986.0,4,25,43.2382505,-7.6818423,459.22,0.115,-0.07,0.0
GPS,1658187991.0,4,25,43.2382508,-7.6818434,459.37,0.026,-0.213,0.0
GPS,1658427710.0,4,24,43.2382513,-7.6818444,459.56,0.017,-0.146,0.0
GPS,1658588637.0,4,24,43.2382517,-7.6818453,459.72,0.023,-0.089,0.0
GPS,1658789032.0,4,24,43.2382521,-7.6818462,459.83,0.048,-0.062,0.0
GPS,1658988993.0,4,25,43.2382524,-7.6818466,459.97,0.05,-0.003,0.0
IMU,1655344969.0,0,0.1177254,0.07436926,-0.08569527,-0.6762139,0.6800514,-9.857652
IMU,1655385081.0,0,0.1429636,0.09805268,-0.01438187,-1.209555,0.5924366,-9.921535
IMU,1655431676.0,0,-0.04115422,0.1811657,-0.07623713,-1.572499,0.2444287,-9.503581
IMU,1655473436.0,0,-0.02469285,0.07984193,-0.1109554,-0.2779914,-0.32395,-10.44212
IMU,1655519644.0,0,-0.0207307,0.009013701,-0.05407904,0.3441973,0.1509234,-10.26567
IMU,1655560754.0,0,0.04525286,0.1960869,0.003558847,-0.8744029,0.4487158,-9.37679
IMU,1655605111.0,0,0.03433413,0.06108906,-0.09073262,-0.4844117,1.497478,-10.53049
IMU,1655648461.0,0,0.06293886,-0.03817159,-0.09336623,-0.7019338,0.495106,-9.695466
IMU,1655687872.0,0,0.1080144,-0.006400314,-0.09381259,0.1265933,0.7373678,-10.6261
IMU,1655731728.0,0,0.1198687,0.1592279,0.003986486,-0.8689334,0.1981375,-9.55626
IMU,1655771655.0,0,0.1320295,0.1160102,-0.0641434,-0.6239121,0.7751329,-10.35064
IMU,1655812459.0,0,0.09518923,0.140039,0.01741733,0.02231468,1.74636,-10.04018
IMU,1655857391.0,0,0.1080694,0.1028585,-0.02069121,-0.8339679,0.05867415,-10.36708
IMU,1655897536.0,0,0.002739007,-0.03780127,0.0546772,-0.2997661,0.62502,-10.07185
IMU,1655941693.0,0,0.1090135,-0.02107732,0.01665702,-0.3080017,-0.4549421,-9.978488
IMU,1655981234.0,0,0.03311871,0.02379606,0.0943072,0.8363146,0.2901903,-6.115285
IMU,1656025198.0,0,0.3322723,0.2125208,0.02894356,-0.7309901,0.7714507,-1.14849
IMU,1656064786.0,0,0.389545,0.3751169,-0.06596881,-0.05643462,0.5583941,-0.980507
IMU,1656104532.0,0,0.4302548,0.4613201,-0.1521935,-0.05872421,-0.0343676,-0.5243862
IMU,1656144508.0,0,0.437743,0.4689313,-0.1914044,-0.2336134,0.04554589,-0.4942346
IMU,1656185245.0,0,0.4511997,0.4875925,-0.1997121,-0.1591927,0.01527954,-0.4897113
IMU,1656225520.0,0,0.4544891,0.4932599,-0.2176075,-0.164153,0.03454483,-0.3704497
IMU,1656266059.0,0,0.4481929,0.5233868,-0.2202943,-0.1274007,-0.02236157,-0.4958986
IMU,1656306003.0,0,0.454418,0.5433609,-0.2243362,-0.09878851,-0.01536972,-0.6644627
IMU,1656346453.0,0,0.4357478,0.5663452,-0.2310739,-0.1007146,-0.02378952,-0.76732
IMU,1656386481.0,0,0.4211664,0.5934877,-0.2420719,-0.08858847,-0.02363901,-0.8298993
IMU,1656427412.0,0,0.4265911,0.6239616,-0.2505175,-0.06105145,-0.01405199,-0.978877
IMU,1656467607.0,0,0.4618748,0.6225605,-0.2624345,-0.0460102,-0.006889514,-1.016855
IMU,1656508009.0,0,0.4892199,0.6027085,-0.2816968,-0.02138078,0.003274103,-1.053948
IMU,1656548680.0,0,0.5132313,0.5803621,-0.3064406,0.00150165,-0.02234325,-1.108057
IMU,1656588700.0,0,0.5308276,0.5592284,-0.3174533,0.001909274,-0.05615103,-1.192676
IMU,1656629010.0,0,0.5589066,0.5269665,-0.3272314,0.04645784,-0.05310491,-1.346843
IMU,1656669478.0,0,0.5821569,0.4567788,-0.3346764,0.09612099,-0.08867145,-1.596142
IMU,1656710087.0,0,0.5908226,0.3555613,-0.3394617,0.108174,-0.1306227,-1.679384
IMU,1656749767.0,0,0.5843059,0.2643056,-0.3508195,0.1498084,-0.1803648,-1.677544
IMU,1656789882.0,0,0.5409619,0.169602,-0.3615153,0.1995136,-0.2772943,-1.826158
IMU,1656831484.0,0,0.4505599,0.06539281,-0.3771251,0.2005488,-0.3686171,-2.070523
IMU,1656871130.0,0,0.3115076,-0.002155432,-0.4020684,0.1929729,-0.4366291,-2.080073
IMU,1656910712.0,0,0.1171102,-0.04964443,-0.4319798,0.1967531,-0.4319216,-2.238833
IMU,1656950844.0,0,-0.03397253,-0.1476794,-0.4684632,0.2477655,-0.4666204,-2.460782
IMU,1656990615.0,0,-0.1548832,-0.2728627,-0.482408,0.2240845,-0.405439,-2.499853
IMU,1657032420.0,0,-0.1497301,-0.5977242,-0.4965152,1.613309,0.2180968,-4.434555
IMU,1657071702.0,0,0.7448314,-1.99578,-0.03928097,1.233194,-1.256382,-4.42539
IMU,1657111862.0,0,1.246814,-4.108828,0.7995575,5.193536,-3.577395,-15.60236
IMU,1657151722.0,0,2.394027,-7.028925,2.488046,-7.513596,-35.51666,-44.54829
IMU,1657198126.0,0,-7.69512,3.300728,-0.7208686,7.169571,5.400055,-27.25788
IMU,1657238047.0,0,-3.187065,0.3654119,-1.286059,2.95003,11.59497,-2.447266
IMU,1657281214.0,0,-2.647866,-0.1089555,-1.773017,1.991168,4.84831,-2.706301
IMU,1657320746.0,0,-2.225494,-0.3488294,-1.190054,0.812233,3.828682,-0.4438348
IMU,1657361030.0,0,-1.725247,-0.3261662,-0.9107267,0.483758,3.703714,-0.8543074
IMU,1657401354.0,0,-0.5084472,-0.4123473,-0.7977577,-0.1389613,4.627566,-2.280821
IMU,1657442010.0,0,0.8840098,-0.4628003,-0.4343309,-0.7712483,5.272013,-2.690012
IMU,1657481467.0,0,2.104772,-0.1676207,-0.3418951,-1.517749,5.924395,-3.824561
IMU,1657521639.0,0,3.01063,0.01683499,-0.280921,-1.378599,5.414534,-6.829043
IMU,1657561748.0,0,3.139719,0.3121381,-0.05004775,-1.292479,3.676785,-9.852207
IMU,1657603221.0,0,1.968849,0.734681,0.163637,-0.6965067,0.7599086,-14.55906
IMU,1657643231.0,0,0.2871809,0.6687497,0.08335478,-0.2387815,-1.296762,-16.86894
IMU,1657683247.0,0,-0.3822758,-0.4410951,-0.03994652,-0.7303428,-0.2280966,-13.05071
IMU,1657723433.0,0,-0.6471036,-0.5592594,0.01312033,-0.5590029,2.223989,-9.130315
IMU,1657763522.0,0,-0.4524934,-0.187686,0.03310124,-0.3094801,3.505427,-7.54869
IMU,1657803896.0,0,0.04796163,0.03928044,0.0009234756,-0.1261224,3.702257,-7.411969
IMU,1657844433.0,0,0.302623,0.1337155,-0.005137765,-0.3957205,2.668996,-9.367914
IMU,1657884097.0,0,0.1616962,0.0918737,-0.001528944,-0.5049246,1.755563,-10.67438
IMU,1657924879.0,0,-0.06964223,-0.04736081,-0.004294591,-0.493397,1.847649,-10.30987
IMU,1657964437.0,0,-0.0926578,-0.03993398,0.006017589,-0.3730189,2.575589,-9.19269
IMU,1658005503.0,0,0.02755716,0.01333603,0.0002491965,-0.3300615,2.709235,-9.193183
IMU,1658045021.0,0,0.03938572,0.02152125,0.001163909,-0.4296483,2.19721,-9.816008
IMU,1658085510.0,0,-0.02964719,-0.01819977,0.003741874,-0.4125673,2.262506,-9.761301
IMU,1658125004.0,0,-0.01130015,-0.01087262,0.002152714,-0.382741,2.523841,-9.367229
IMU,1658165428.0,0,0.01781552,0.01014047,0.0002003826,-0.3968966,2.3535,-9.568754
IMU,1658204852.0,0,0.003091378,-0.001875577,0.00248384,-0.4014584,2.335723,-9.73208
IMU,1658244843.0,0,-0.01030914,-0.009646215,0.002610423,-0.3963162,2.372607,-9.538987
IMU,1658285415.0,0,0.003151199,0.0009467208,0.005617472,-0.3967857,2.397952,-9.523808
IMU,1658324852.0,0,-0.000995573,-0.002332412,0.002325969,-0.3998781,2.363775,-9.633117
IMU,1658365232.0,0,-0.004658818,-0.003299933,0.002418669,-0.4074861,2.393163,-9.569633
IMU,1658404994.0,0,0.0009398001,0.0006723386,0.002590559,-0.3810737,2.373325,-9.579911
IMU,1658445239.0,0,-0.001532026,-0.003469906,0.002069407,-0.4001099,2.365223,-9.605968
IMU,1658486014.0,0,-0.002708913,-0.002668278,0.002673416,-0.3977342,2.356275,-9.584307
IMU,1658525854.0,0,-0.002734949,-0.001577928,0.003006977,-0.407766,2.382025,-9.597336
IMU,1658565135.0,0,-0.0005882643,-0.002359859,0.003347552,-0.401813,2.382314,-9.577494
IMU,1658605229.0,0,-0.002029577,-0.001661399,0.002822899,-0.3970711,2.366618,-9.582058
IMU,1658645243.0,0,-0.00212419,-0.002381413,0.002660159,-0.393697,2.379601,-9.585197
IMU,1658685983.0,0,-0.0004035662,-0.0004682326,0.001548942,-0.3902472,2.364716,-9.598321
IMU,1658726204.0,0,-0.00309285,-0.003540425,0.003687134,-0.4092777,2.368827,-9.569829
IMU,1658766139.0,0,-0.0004447231,-0.001324527,0.003562127,-0.3843992,2.383641,-9.60623
IMU,1658805897.0,0,-0.00248889,-0.001712237,0.00248123,-0.4006363,2.371225,-9.586967
IMU,1658845978.0,0,-0.001017369,-0.001185999,0.001746587,-0.4012137,2.371583,-9.595244
IMU,1658885779.0,0,-0.001464449,-0.001720257,0.001967803,-0.4180453,2.363593,-9.586053
IMU,1658926366.0,0,-0.00148668,-0.001699792,0.002304691,-0.3951196,2.381091,-9.562694
IMU,1658966195.0,0,-0.001682797,-0.001572414,0.001041246,-0.3876165,2.36024,-9.568573
IMU,1659006736.0,0,-0.002555156,-0.002194028,0.001722015,-0.3984431,2.365267,-9.575693
IMU,1659046769.0,0,-0.002049248,-0.001503991,0.002569637,-0.3998726,2.369507,-9.589366
IMU,1659086894.0,0,-0.0009179175,-0.002477681,0.004878695,-0.3936496,2.371396,-9.581292
IMU,1659126894.0,0,-0.001379757,-0.00246141,0.001585413,-0.3909294,2.363002,-9.574311
IMU,1659166694.0,0,-0.001157071,-0.001080615,0.002968769,-0.401854,2.357545,-9.58999
IMU,1659207228.0,0,-0.001732364,-0.002093804,0.002074576,-0.3896858,2.374288,-9.567303
IMU,1659247527.0,0,-0.0006083145,-0.002078095,0.002097498,-0.3962107,2.360304,-9.575968
IMU,1655344969.0,1,0.07826941,0.07809572,-0.07213264,-0.7377823,0.6591489,-9.078217
IMU,1655385081.0,1,0.04336928,0.0833067,-0.03493765,-0.9455983,0.6476715,-10.33674
IMU,1655431676.0,1,-0.05899332,0.1061561,-0.04344705,-1.495932,0.3566737,-10.17015
IMU,1655473436.0,1,-0.01228237,0.07570323,-0.0705717,-0.3844695,0.4136204,-9.943841
IMU,1655519644.0,1,-0.02086302,0.06846867,-0.02890843,0.441544,0.4297301,-10.88335
IMU,1655560754.0,1,-0.002233949,0.1557919,-0.04003335,-0.6683409,-0.0931899,-9.712748
IMU,1655605111.0,1,-0.03263601,0.05274055,-0.07922768,-1.133867,1.627457,-9.383785
IMU,1655648461.0,1,0.02512893,-0.03941425,-0.04130075,-0.3976229,0.1869773,-8.390528
IMU,1655687872.0,1,0.02571644,0.03598077,-0.05454478,0.5604371,1.05302,-10.70842
IMU,1655731728.0,1,0.05460642,0.1491438,0.01704928,-0.7486829,0.4453727,-10.0423
IMU,1655771655.0,1,0.07170288,0.1634706,-0.004930525,-0.09082796,0.8689987,-10.47176
IMU,1655812459.0,1,0.05256429,0.1481089,-0.0001103714,-0.4473751,1.086753,-10.25671
IMU,1655857391.0,1,0.1556811,0.06648414,-0.008695904,-0.4367038,0.5188864,-10.50227
IMU,1655897536.0,1,-0.0245079,-0.02649071,0.04255919,-0.5533864,-0.06505611,-9.5937
IMU,1655941693.0,1,0.08120244,-0.006907686,0.03635992,-0.1779378,-0.4273389,-10.69187
IMU,1655981234.0,1,0.00317131,0.05907455,0.0967841,1.875702,1.143787,-7.311115
IMU,1656025198.0,1,0.2929442,0.1658103,0.02456738,-0.7847862,0.5817532,-0.3144276
IMU,1656064786.0,1,0.3447041,0.3447426,-0.03854986,0.1097677,0.9955674,-1.052809
IMU,1656104532.0,1,0.3949627,0.4170425,-0.1156544,0.05494046,0.3546693,-0.4024343
IMU,1656144508.0,1,0.4013742,0.4207036,-0.1532951,-0.1378595,0.3060699,-0.3979575
IMU,1656185245.0,1,0.4141348,0.4421872,-0.1628903,-0.1670449,0.3706628,-0.3479672
IMU,1656225520.0,1,0.416462,0.4497184,-0.178321,-0.1523639,0.4618878,-0.2033682
IMU,1656266059.0,1,0.4136966,0.4821005,-0.1799822,-0.03028748,0.3782372,-0.3719729
IMU,1656306003.0,1,0.4168534,0.4947626,-0.1807952,-0.1039576,0.4099463,-0.6527922
IMU,1656346453.0,1,0.3985774,0.5157447,-0.1926226,-0.08733101,0.3311192,-0.6191636
IMU,1656386481.0,1,0.3821641,0.5422085,-0.1994534,-0.1285779,0.4485289,-0.771018
IMU,1656427412.0,1,0.3899549,0.5771223,-0.2091883,-0.05228914,0.3305047,-0.698428
IMU,1656467607.0,1,0.4232475,0.5778694,-0.2136717,0.003305226,0.3528448,-0.9262179
IMU,1656508009.0,1,0.4482164,0.5520439,-0.2321918,-0.001973739,0.4024987,-0.9445435
IMU,1656548680.0,1,0.4689425,0.5354005,-0.2552233,-0.1124237,0.3131321,-1.057565
IMU,1656588700.0,1,0.486681,0.5186408,-0.2664665,-0.04255094,0.1843963,-1.067718
IMU,1656629010.0,1,0.5159168,0.4887548,-0.2749107,0.02533244,0.3140958,-1.212557
IMU,1656669478.0,1,0.5403475,0.4179,-0.2816259,0.102095,0.3342514,-1.441171
IMU,1656710087.0,1,0.5479384,0.3200551,-0.2899733,0.08672998,0.2324619,-1.529655
IMU,1656749767.0,1,0.5366361,0.2329527,-0.2990568,0.2290558,0.1841668,-1.67814
IMU,1656789882.0,1,0.4975763,0.1572057,-0.3126362,0.1840164,0.03749691,-1.710398
IMU,1656831484.0,1,0.4020073,0.05877633,-0.3281655,0.2166142,-0.032143,-1.94401
IMU,1656871130.0,1,0.268285,-0.001523003,-0.3571411,0.1047867,-0.1397739,-1.939527
IMU,1656910712.0,1,0.0729103,-0.04286721,-0.3927535,0.1877254,-0.06088408,-2.301997
IMU,1656950844.0,1,-0.04961832,-0.1337022,-0.4341057,0.2815603,-0.101798,-2.291959
IMU,1656990615.0,1,-0.1689322,-0.2492281,-0.4522734,0.2919918,-0.000235913,-2.358914
IMU,1657032420.0,1,-0.2367758,-0.4820062,-0.474593,1.558235,0.5932524,-4.046156
IMU,1657071702.0,1,0.6725593,-1.909401,-0.02011612,0.9192308,-1.655969,-4.330202
IMU,1657111862.0,1,1.121385,-3.858735,0.6722797,4.907644,-3.581821,-15.56529
IMU,1657151722.0,1,2.74295,-6.649909,2.168764,-7.660938,-36.25964,-45.9025
IMU,1657198126.0,1,-9.515482,4.013214,-0.9875033,16.52139,10.16497,-39.6054
IMU,1657238047.0,1,-3.192646,0.4069083,-1.254015,3.022305,9.919291,-2.944093
IMU,1657281214.0,1,-2.682034,-0.0592279,-1.757633,1.839172,5.290749,-2.324703
IMU,1657320746.0,1,-2.273969,-0.3268697,-1.227733,0.7407635,4.070961,-0.3108861
IMU,1657361030.0,1,-1.767376,-0.2789354,-0.9153807,0.3692196,4.088232,-0.706144
IMU,1657401354.0,1,-0.57574,-0.3863344,-0.7722105,-0.3308703,5.070448,-1.831586
IMU,1657442010.0,1,0.7880819,-0.4577754,-0.3793704,-0.8202892,5.603526,-2.392192
IMU,1657481467.0,1,1.984787,-0.2004305,-0.2384525,-1.491365,6.261602,-3.479635
IMU,1657521639.0,1,2.896561,-0.0142759,-0.1510555,-1.368809,5.474767,-6.553113
IMU,1657561748.0,1,3.095918,0.2240531,0.06165523,-1.325217,3.667713,-9.917338
IMU,1657603221.0,1,1.987188,0.6575443,0.2080203,-0.6020833,0.9598544,-14.89361
IMU,1657643231.0,1,0.3260895,0.6366574,0.09731924,-0.1293473,-1.112085,-17.34869
IMU,1657683247.0,1,-0.3719574,-0.3769385,-0.04790191,-0.7092758,0.2205495,-12.97811
IMU,1657723433.0,1,-0.6385241,-0.5378656,-0.01649551,-0.5672374,2.624842,-8.981245
IMU,1657763522.0,1,-0.4616203,-0.1853412,0.01935213,-0.2024079,3.837213,-7.172551
IMU,1657803896.0,1,0.01032506,0.03698221,0.009642663,-0.102266,4.104271,-7.320629
IMU,1657844433.0,1,0.2631017,0.1246675,0.01090022,-0.4647941,2.944829,-9.256057
IMU,1657884097.0,1,0.1330182,0.09499894,0.01046828,-0.474971,2.09059,-10.78464
IMU,1657924879.0,1,-0.06423074,-0.03040286,0.001007322,-0.4929259,2.042371,-10.17163
IMU,1657964437.0,1,-0.09620911,-0.03129517,0.005923745,-0.3547342,2.832453,-9.117278
IMU,1658005503.0,1,0.01239112,0.01948848,0.0003285459,-0.2295921,2.938401,-9.260691
IMU,1658045021.0,1,0.02221708,0.02424964,0.008999219,-0.4516448,2.404259,-9.588247
IMU,1658085510.0,1,-0.02601892,-0.01162374,0.003935588,-0.333675,2.536808,-9.561962
IMU,1658125004.0,1,-0.009272701,-0.006460174,0.005139633,-0.3589717,2.837748,-9.420414
IMU,1658165428.0,1,0.008949188,0.0150073,0.001956758,-0.4106978,2.496206,-9.639278
IMU,1658204852.0,1,0.0008617061,-5.840405e-05,-0.0006699464,-0.4306225,2.538395,-9.606327
IMU,1658244843.0,1,-0.00644666,-0.003141017,0.006347698,-0.3493705,2.677477,-9.416022
IMU,1658285415.0,1,0.002283766,0.003516845,0.002375488,-0.3440965,2.716884,-9.537695
IMU,1658324852.0,1,0.0002950655,0.004452519,0.000402755,-0.3297301,2.660122,-9.602982
IMU,1658365232.0,1,-0.002143043,0.001255603,0.0003399814,-0.3182937,2.722296,-9.432649
IMU,1658404994.0,1,0.0006310921,0.001661856,0.003464973,-0.2650147,2.745914,-9.55066
IMU,1658445239.0,1,-0.002449846,0.0002176892,0.0007372592,-0.4235615,2.68371,-9.576215
IMU,1658486014.0,1,-0.003739455,0.002374262,0.003174544,-0.3065459,2.709504,-9.387075
IMU,1658525854.0,1,-0.001493515,0.004455004,0.001529111,-0.3443514,2.707503,-9.560236
IMU,1658565135.0,1,0.0001938434,0.006493906,0.004604555,-0.3002302,2.580203,-9.421713
IMU,1658605229.0,1,-0.00232855,0.005283786,0.002708726,-0.3287615,2.62771,-9.509625
IMU,1658645243.0,1,-0.001918435,0.002261473,0.003655722,-0.3691353,2.739961,-9.668765
IMU,1658685983.0,1,-0.0001709252,-0.0007524706,0.00393274,-0.3534338,2.522365,-9.5769
IMU,1658726204.0,1,-0.001747795,0.002174839,0.001578227,-0.3667997,2.584322,-9.455976
IMU,1658766139.0,1,-0.0005430893,0.006516055,0.004352485,-0.4202538,2.719126,-9.559408
IMU,1658805897.0,1,-0.0008084803,2.515216e-05,0.002533851,-0.3744701,2.660436,-9.604936
IMU,1658845978.0,1,-0.0004990007,0.0020182,-2.639455e-05,-0.2859351,2.652632,-9.690701
IMU,1658885779.0,1,-0.000996346,0.01049373,0.004468786,-0.4043245,2.667805,-9.604049
IMU,1658926366.0,1,-0.001553337,0.0002444619,0.002605205,-0.380234,2.664449,-9.534945
IMU,1658966195.0,1,-0.0004088575,0.008587797,0.002316278,-0.3319185,2.682361,-9.413974
IMU,1659006736.0,1,-0.001868018,0.005447131,0.001227466,-0.2945745,2.533337,-9.433737
IMU,1659046769.0,1,-0.001371596,0.0003731689,0.002911586,-0.3899372,2.639197,-9.482505
IMU,1659086894.0,1,-0.002199268,-0.0034861,0.003584691,-0.3891069,2.637921,-9.517619
IMU,1659126894.0,1,-0.003322326,0.005553751,0.003773365,-0.3128163,2.715821,-9.51502
IMU,1659166694.0,1,0.0006242815,-0.001218908,0.002333544,-0.4181241,2.703549,-9.437593
IMU,1659207228.0,1,-0.000276274,0.001655317,0.00225618,-0.3358049,2.612852,-9.499794
IMU,1659247527.0,1,-0.002954462,0.001278703,0.0009846138,-0.3957207,2.708074,-9.381316
IMU,1655344969.0,2,0.123416,0.1444149,-0.05073841,-1.199925,-0.07366958,-8.569868
IMU,1655385081.0,2,0.07063241,0.07284094,-0.05200817,-0.5902711,0.2015211,-10.61922
IMU,1655431676.0,2,-0.05800688,0.1107282,-0.06679471,-0.7208489,1.221754,-10.38656
IMU,1655473436.0,2,0.04504384,0.1514069,-0.05623346,-0.8652106,0.1155629,-9.180559
IMU,1655519644.0,2,0.07257272,0.09218736,-0.0214973,-1.035496,-0.2494393,-10.41399
IMU,1655560754.0,2,0.008510896,0.1253073,-0.02492934,-0.5333964,0.2942781,-11.3926
IMU,1655605111.0,2,0.02009238,0.1751621,-0.0203388,-1.11222,-0.2760914,-8.761882
IMU,1655648461.0,2,-0.03078684,0.06034165,-0.04852889,-0.3184877,-0.03725362,-10.09692
IMU,1655687872.0,2,0.0372074,0.1074766,-0.03357304,-0.9900473,0.11313,-9.40444
IMU,1655731728.0,2,0.06241957,0.1920653,-0.02141433,-0.1201147,-0.3626322,-10.17887
IMU,1655771655.0,2,0.0798951,0.1971889,-0.02135011,-1.077646,0.3855982,-10.11187
IMU,1655812459.0,2,0.03506304,0.2041531,0.02732956,-1.233033,-0.629954,-9.942125
IMU,1655857391.0,2,0.04934382,0.1038645,0.01526359,-0.7548624,-0.09819327,-8.917198
IMU,1655897536.0,2,0.006813036,0.1202647,0.06677294,-0.4625919,-0.3237119,-9.675014
IMU,1655941693.0,2,-0.0121761,0.0135873,0.0314908,-0.5840018,0.5962325,-10.56365
IMU,1655981234.0,2,0.02053839,0.01993427,0.106165,-0.8510065,1.230771,-6.329986
IMU,1656025198.0,2,0.3540885,0.2089164,0.00543503,-0.451956,0.9769514,-0.8792173
IMU,1656064786.0,2,0.403439,0.3599248,-0.07191583,-0.1085701,0.2535448,-0.5229071
IMU,1656104532.0,2,0.4371851,0.442057,-0.1587352,-0.222058,0.08737326,-0.3505896
IMU,1656144508.0,2,0.4481298,0.4612423,-0.192937,-0.1548021,0.04471647,-0.4169125
IMU,1656185245.0,2,0.4638788,0.4803137,-0.2034944,-0.1733402,0.08655793,-0.2953323
IMU,1656225520.0,2,0.4653605,0.4833378,-0.2188012,-0.17233,0.05624476,-0.2513769
IMU,1656266059.0,2,0.4588744,0.5166128,-0.2212774,-0.1583854,0.05032453,-0.3598115
IMU,1656306003.0,2,0.4658963,0.5376098,-0.2251669,-0.1238967,0.02670495,-0.5253397
IMU,1656346453.0,2,0.4475285,0.5609339,-0.2303259,-0.1223058,0.005870223,-0.5741938
IMU,1656386481.0,2,0.4329755,0.5872561,-0.2424371,-0.1138154,0.007571294,-0.6965228
IMU,1656427412.0,2,0.4391744,0.6161159,-0.2533174,-0.07861952,0.02048441,-0.7977919
IMU,1656467607.0,2,0.4762144,0.6150229,-0.2623101,-0.08066317,0.03258149,-0.8404419
IMU,1656508009.0,2,0.5014779,0.5944281,-0.2825876,-0.04933035,0.02901863,-0.8977966
IMU,1656548680.0,2,0.5233013,0.5719216,-0.308435,-0.04604114,0.0119602,-0.9468507
IMU,1656588700.0,2,0.5404184,0.5506458,-0.3188743,-0.03618713,-0.02456854,-1.031111
IMU,1656629010.0,2,0.5686982,0.5173292,-0.3296971,0.0007758602,-0.02970156,-1.168703
IMU,1656669478.0,2,0.5891221,0.4493847,-0.3351731,0.05410583,-0.05386698,-1.407544
IMU,1656710087.0,2,0.5985626,0.3457257,-0.3415616,0.0574451,-0.1093704,-1.527421
IMU,1656749767.0,2,0.5880224,0.2546881,-0.3524043,0.1000168,-0.1594554,-1.530209
IMU,1656789882.0,2,0.5450158,0.1608273,-0.3642579,0.1486797,-0.2319833,-1.671278
IMU,1656831484.0,2,0.4508953,0.05498609,-0.3805248,0.1480609,-0.3284402,-1.937184
IMU,1656871130.0,2,0.3100531,-0.01267823,-0.4044352,0.1467328,-0.3945804,-2.00105
IMU,1656910712.0,2,0.116317,-0.05562177,-0.4340462,0.1740696,-0.401924,-2.156708
IMU,1656950844.0,2,-0.03505657,-0.149596,-0.4691487,0.2041856,-0.4133687,-2.310554
IMU,1656990615.0,2,-0.1564221,-0.2745982,-0.4840361,0.1740144,-0.3478478,-2.325695
IMU,1657032420.0,2,-0.1674886,-0.5988392,-0.4975467,1.098817,-0.1784519,-3.670761
IMU,1657071702.0,2,0.7030609,-2.030647,-0.06294402,0.4834023,-2.289358,-4.387978
IMU,1657111862.0,2,1.105005,-4.046663,0.7375122,3.83033,-5.056157,-13.16414
IMU,1657151722.0,2,1.629236,-6.923886,2.26464,-8.726383,-30.23278,-46.46883
IMU,1657198126.0,2,-8.082817,3.841253,0.4105058,1.571574,27.45027,-51.58574
IMU,1657238047.0,2,-3.361371,0.5428647,-1.164068,3.602327,10.9028,-0.831279
IMU,1657281214.0,2,-2.635304,-0.02827823,-1.750448,2.031641,4.880402,-1.761263
IMU,1657320746.0,2,-2.213941,-0.3042774,-1.191149,0.6920487,3.830531,-0.4130596
IMU,1657361030.0,2,-1.728162,-0.2795907,-0.9046252,0.4627182,3.778379,-0.5458964
IMU,1657401354.0,2,-0.5335817,-0.3831606,-0.7974305,0.09420296,4.379994,-1.415903
IMU,1657442010.0,2,0.8530095,-0.4847812,-0.4455176,-0.6410851,5.203389,-2.169944
IMU,1657481467.0,2,2.048347,-0.2301802,-0.350181,-1.3994,5.695184,-3.402527
IMU,1657521639.0,2,2.969062,-0.05283353,-0.2941058,-1.371223,5.234296,-6.490754
IMU,1657561748.0,2,3.118273,0.2303914,-0.06588795,-1.287892,3.666745,-10.06476
IMU,1657603221.0,2,1.984876,0.6872078,0.1530296,-0.7705941,0.9129702,-15.01207
IMU,1657643231.0,2,0.3478036,0.6800684,0.08655563,-0.3887637,-1.07831,-17.00036
IMU,1657683247.0,2,-0.3739805,-0.4263861,-0.04523539,-0.9881604,-0.1743334,-12.70329
IMU,1657723433.0,2,-0.6431353,-0.5369377,0.007483169,-0.5378475,2.271154,-9.065765
IMU,1657763522.0,2,-0.4393217,-0.1698008,0.02851969,-0.2112386,3.355417,-7.368367
IMU,1657803896.0,2,0.03931457,0.03715055,-0.002723697,-0.07729804,3.567971,-7.104208
IMU,1657844433.0,2,0.3000679,0.1290376,-0.007679488,-0.3731752,2.593242,-9.18507
IMU,1657884097.0,2,0.1580381,0.08981583,-0.004090202,-0.5549387,1.725706,-10.58766
IMU,1657924879.0,2,-0.06424313,-0.04167947,-0.008296597,-0.5429703,1.805983,-10.14174
IMU,1657964437.0,2,-0.08710714,-0.03543437,0.002192825,-0.3673849,2.500493,-9.006357
IMU,1658005503.0,2,0.02903993,0.01467576,-0.003344708,-0.3272117,2.621616,-9.011401
IMU,1658045021.0,2,0.04282506,0.02374019,-0.001582963,-0.4492474,2.133775,-9.677609
IMU,1658085510.0,2,-0.02554225,-0.01398955,-0.001852419,-0.4347046,2.222745,-9.609613
IMU,1658125004.0,2,-0.006079544,-0.006089724,-0.001793456,-0.3724211,2.461695,-9.212966
IMU,1658165428.0,2,0.02129667,0.01286636,-0.00409745,-0.4195607,2.305159,-9.430481
IMU,1658204852.0,2,0.00750768,0.001663586,-0.00125542,-0.4136057,2.267015,-9.577729
IMU,1658244843.0,2,-0.008352838,-0.00690576,-0.001564929,-0.4165396,2.317253,-9.423523
IMU,1658285415.0,2,0.006874104,0.004376273,-0.0007995735,-0.4004214,2.337563,-9.383524
IMU,1658324852.0,2,0.003596063,0.001481256,-0.002243079,-0.416792,2.290972,-9.482007
IMU,1658365232.0,2,-0.0007850119,0.001501516,-0.002002327,-0.4190103,2.333731,-9.41617
IMU,1658404994.0,2,0.004132726,0.004063317,-0.001685519,-0.4015273,2.310735,-9.421803
IMU,1658445239.0,2,0.00202298,0.0007548439,-0.002118693,-0.4128902,2.301304,-9.44743
IMU,1658486014.0,2,0.001912426,-4.972818e-07,0.0005952296,-0.4004664,2.302876,-9.418631
IMU,1658525854.0,2,0.0006351657,0.002323015,-0.001697692,-0.4311242,2.313657,-9.405045
IMU,1658565135.0,2,0.002538454,0.001808514,-0.001537085,-0.4091437,2.309309,-9.477505
IMU,1658605229.0,2,0.001817036,0.001396532,-0.001339453,-0.4114561,2.29995,-9.427496
IMU,1658645243.0,2,0.002124758,0.001029406,-0.002628543,-0.4122464,2.319334,-9.429614
IMU,1658685983.0,2,0.003810244,-5.067888e-05,-0.002573637,-0.4195459,2.319396,-9.437505
IMU,1658726204.0,2,0.001153711,0.001803543,-0.0008229701,-0.4184829,2.309724,-9.4134
IMU,1658766139.0,2,0.002312347,0.00284379,-0.0005767355,-0.4027701,2.309306,-9.443752
IMU,1658805897.0,2,0.001104893,0.0009842603,-0.001286493,-0.4157705,2.298234,-9.425346
IMU,1658845978.0,2,0.002254905,0.0009933294,-0.001610956,-0.4047478,2.320312,-9.425684
IMU,1658885779.0,2,0.002583748,0.002123483,-0.00218235,-0.4202184,2.288337,-9.444346
IMU,1658926366.0,2,0.001883832,0.001217569,-0.002240173,-0.4117061,2.314653,-9.439125
IMU,1658966195.0,2,0.003008788,0.0007139365,-0.002235026,-0.4061852,2.30074,-9.421614
IMU,1659006736.0,2,0.003091009,0.001966491,0.0001193805,-0.4160733,2.299115,-9.449181
IMU,1659046769.0,2,0.002691563,0.001653348,-0.00323104,-0.4027803,2.307208,-9.434307
IMU,1659086894.0,2,0.001884935,0.0009847378,-0.002614231,-0.4217764,2.305995,-9.438075
IMU,1659126894.0,2,0.001248967,0.0009496692,-0.001236747,-0.4095981,2.313165,-9.428764
IMU,1659166694.0,2,0.00171533,0.001533147,-0.000857724,-0.4099388,2.313248,-9.432833
IMU,1659207228.0,2,0.002045388,0.00126652,-0.000880786,-0.4110365,2.314017,-9.410507
IMU,1659247527.0,2,0.00282856,0.001637692,-0.00271046,-0.4086533,2.311693,-9.429614
