ARM,2290540875.0,0.0
AHR2,2289926466.0,-0.76,-2.68,88.0,464.95,43.2382589,-7.6819418
AHR2,2290031534.0,-0.81,-2.64,88.1,464.97,43.2382579,-7.6819365
AHR2,2290136063.0,-0.97,-2.24,88.15,465.21,43.2382573,-7.6819317
AHR2,2290241121.0,-1.18,-1.47,88.03,465.2,43.2382566,-7.6819265
AHR2,2290345047.0,-1.34,-1.32,87.68,465.22,43.238256,-7.6819218
AHR2,2290448478.0,-1.36,-0.55,87.39,465.45,43.2382554,-7.681917
AHR2,2290553878.0,-1.59,0.54,87.31,465.22,43.2382554,-7.6819154
AHR2,2290656470.0,-0.2,2.18,87.04,465.1,43.2382546,-7.6819098
AHR2,2290756689.0,2.13,5.96,85.78,464.57,43.2382541,-7.6819056
AHR2,2290857456.0,4.57,9.64,84.27,464.23,43.2382536,-7.6819006
AHR2,2290958203.0,7.03,13.09,82.88,464.13,43.2382531,-7.6818964
AHR2,2291059189.0,9.25,16.32,81.58,463.86,43.2382524,-7.6818925
AHR2,2291159235.0,10.67,19.24,80.17,463.63,43.2382519,-7.6818884
AHR2,2291260810.0,11.08,21.35,78.45,463.3,43.2382515,-7.6818844
AHR2,2291361221.0,10.43,22.18,76.38,463.09,43.2382511,-7.6818802
AHR2,2291462999.0,8.29,21.46,73.91,462.57,43.2382504,-7.6818785
AHR2,2291563201.0,1.77,18.33,70.81,462.23,43.2382499,-7.6818746
AHR2,2291664051.0,-2.52,-0.13,68.39,461.63,43.2382491,-7.6818699
AHR2,2291764195.0,-2.88,-15.06,70.44,460.09,43.2382486,-7.6818663
AHR2,2291864977.0,1.11,-27.62,70.01,456.88,43.2382513,-7.6818631
AHR2,2291965026.0,4.83,-26.13,69.96,458.18,43.2382521,-7.6818596
AHR2,2292064971.0,3.96,-22.2,70.92,458.36,43.2382512,-7.6818665
AHR2,2292164808.0,3.16,-23.18,71.28,458.45,43.2382514,-7.6818668
AHR2,2292264818.0,3.69,-23.08,71.26,458.65,43.2382513,-7.6818662
AHR2,2292364849.0,3.21,-22.99,71.61,458.48,43.2382514,-7.6818662
AHR2,2292464991.0,3.11,-22.79,71.8,458.46,43.238251,-7.6818665
AHR2,2292564868.0,2.88,-22.67,72.04,458.71,43.238251,-7.6818666
AHR2,2292664980.0,2.73,-22.52,72.26,458.74,43.238251,-7.6818669
AHR2,2292764796.0,2.55,-22.39,72.48,458.69,43.2382511,-7.681867
AHR2,2292864964.0,2.37,-22.26,72.71,458.48,43.2382509,-7.681867
AHR2,2292965223.0,2.2,-22.13,72.94,458.7,43.2382509,-7.681867
AHR2,2293065393.0,2.04,-22.01,73.17,458.72,43.2382506,-7.6818672
AHR2,2293165701.0,1.87,-21.88,73.39,458.71,43.2382505,-7.6818672
AHR2,2293265874.0,1.71,-21.75,73.61,458.69,43.2382502,-7.6818676
AHR2,2293365972.0,1.56,-21.63,73.82,458.96,43.2382502,-7.6818676
AHR2,2293465975.0,1.41,-21.51,74.04,458.65,43.23825,-7.6818678
AHR2,2293566041.0,1.27,-21.39,74.26,458.5,43.23825,-7.6818678
AHR2,2293666028.0,1.12,-21.28,74.48,458.7,43.23825,-7.6818681
ATT,2289925735.0,-1.163386,-0.9619621,-3.216159,-2.796728,98.70445,100.1492
ATT,2290030982.0,-1.260804,-1.029572,-2.941175,-2.754871,98.70415,99.93407
ATT,2290135257.0,-1.416291,-1.216261,-2.539219,-2.37605,98.70315,99.67
ATT,2290240617.0,-1.502887,-1.429136,-2.11697,-1.609706,98.69954,99.25283
ATT,2290344470.0,-1.450142,-1.531321,-1.475986,-1.428687,98.69047,98.54854
ATT,2290447839.0,-1.318054,-1.495071,-0.7571624,-0.6353036,98.6805,97.8819
ATT,2290553239.0,-1.078692,-1.726893,-0.1356113,0.4849144,97.51223,97.4865
ATT,2290655803.0,-0.5419756,-0.3584366,-0.06813649,2.131677,96.95345,96.9481
ATT,2290756094.0,-0.2757178,1.939877,-0.03466269,5.955122,95.49163,95.52071
ATT,2290856743.0,-0.1397804,4.268687,-0.01757296,9.877904,93.79832,93.86283
ATT,2290957647.0,-0.07096148,6.538887,-0.008921172,13.75526,92.21318,92.31329
ATT,2291058616.0,-0.03598063,8.60225,-0.004523442,17.39857,90.70293,90.83678
ATT,2291158667.0,-0.01836883,9.881166,-0.002309308,20.72395,89.07235,89.22904
ATT,2291260116.0,-0.00931437,10.17138,-0.001170991,23.23141,87.13592,87.30004
ATT,2291360670.0,-0.004741017,9.398947,-0.0005960363,24.43448,84.86072,85.01392
ATT,2291462239.0,-0.00238995,7.095443,-0.0003004626,24.10371,82.18089,82.29646
ATT,2291562629.0,-0.001215559,0.3663802,-0.0001528188,21.32905,78.88347,78.88933
ATT,2291663479.0,-0.0006171674,-4.162524,-7.758955e-05,3.219455,76.31551,76.25342
ATT,2291763644.0,-0.0003985837,-4.558736,-5.010948e-05,-11.06176,78.29115,78.22199
ATT,2291864221.0,-0.0003761265,-0.7302065,-4.728613e-05,-23.2216,78.03522,78.02338
ATT,2291964460.0,-0.0003691004,3.021572,-4.640289e-05,-21.45829,77.93237,77.98074
ATT,2292064392.0,-0.0003691004,2.425501,-4.640285e-05,-17.25724,78.61172,78.64956
ATT,2292164187.0,-0.0003691006,1.84124,-4.640294e-05,-18.03476,78.80637,78.83522
ATT,2292264213.0,-0.0003691004,2.516063,-4.640297e-05,-17.90211,78.6109,78.65029
ATT,2292364226.0,-0.0003691005,2.217403,-4.640301e-05,-17.94408,78.74671,78.78143
ATT,2292464427.0,-0.0003691005,2.29448,-4.6403e-05,-17.88664,78.7214,78.75732
ATT,2292564230.0,-0.0003691005,2.223661,-4.640306e-05,-17.86988,78.78503,78.81984
ATT,2292664431.0,-0.0003691005,2.216509,-4.6403e-05,-17.81056,78.83643,78.87112
ATT,2292764243.0,-0.0003691004,2.183805,-4.640302e-05,-17.75889,78.90293,78.9371
ATT,2292864406.0,-0.0003691004,2.141583,-4.6403e-05,-17.70601,78.9883,79.02181
ATT,2292964517.0,-0.0003621097,2.102552,-4.552413e-05,-17.6403,79.08559,79.11846
ATT,2293064758.0,-0.0003621096,2.056368,-4.55241e-05,-17.56901,79.19546,79.2276
ATT,2293164974.0,-0.0003621097,1.996877,-4.552406e-05,-17.48714,79.32756,79.35876
ATT,2293265196.0,-0.0003551233,1.938869,-4.464572e-05,-17.39375,79.4749,79.50519
ATT,2293365227.0,-0.0003551233,1.883186,-4.464588e-05,-17.29612,79.62587,79.65527
ATT,2293465204.0,-0.0003551234,1.852527,-4.464587e-05,-17.24315,79.70885,79.73774
ATT,2293565419.0,-0.0003551234,1.774714,-4.464585e-05,-17.11818,79.91312,79.94077
ATT,2293665244.0,-0.0003551234,1.685833,-4.464589e-05,-16.98333,80.14239,80.16865
BARO,2289854986.0,0,2.215973,467.456,96755.22
BARO,2289958871.0,0,2.230103,467.4701,96755.05
BARO,2290064214.0,0,2.470276,467.7103,96752.47
BARO,2290168387.0,0,2.46463,467.7046,96752.53
BARO,2290273241.0,0,2.484406,467.7244,96752.3
BARO,2290376867.0,0,2.716125,467.9561,96749.81
BARO,2290481977.0,0,2.481598,467.7216,96752.34
BARO,2290585453.0,0,2.368561,467.6086,96753.57
BARO,2290688309.0,0,1.834503,467.0745,96759.36
BARO,2290788235.0,0,1.49823,466.7382,96762.98
BARO,2290889764.0,0,1.390869,466.6309,96764.16
BARO,2290990441.0,0,1.128052,466.368,96766.99
BARO,2291091227.0,0,0.8907166,466.1307,96769.59
BARO,2291191453.0,0,0.568573,465.8086,96773.08
BARO,2291292618.0,0,0.3538208,465.5938,96775.38
BARO,2291393196.0,0,-0.1689453,465.071,96781.05
BARO,2291495401.0,0,-0.505188,464.7348,96784.7
BARO,2291595335.0,0,-1.10144,464.1385,96791.16
BARO,2291696328.0,0,-2.644257,462.5957,96807.87
BARO,2291796529.0,0,-5.857117,459.3829,96842.7
BARO,2291897390.0,0,-4.557281,460.6827,96828.62
BARO,2291997094.0,0,-4.379272,460.8607,96826.68
BARO,2292097056.0,0,-4.288849,460.9511,96825.72
BARO,2292196863.0,0,-4.08255,461.1574,96823.47
BARO,2292296806.0,0,-4.254944,460.985,96825.34
BARO,2292396847.0,0,-4.274719,460.9653,96825.55
BARO,2292496837.0,0,-4.020386,461.2196,96822.8
BARO,2292597173.0,0,-3.994965,461.245,96822.51
BARO,2292696862.0,0,-4.040161,461.1998,96823.0
BARO,2292797073.0,0,-4.257751,460.9822,96825.36
BARO,2292896881.0,0,-4.031708,461.2083,96822.93
BARO,2292997239.0,0,-4.01474,461.2253,96822.72
BARO,2293097120.0,0,-4.020386,461.2196,96822.8
BARO,2293197682.0,0,-4.042999,461.197,96823.05
BARO,2293297526.0,0,-3.771729,461.4683,96820.11
BARO,2293398180.0,0,-4.085388,461.1546,96823.52
BARO,2293498470.0,0,-4.235138,461.0049,96825.13
BARO,2293598246.0,0,-4.037354,461.2026,96822.99
BARO,2293698245.0,0,-4.009094,461.2309,96822.69
BARO,2289854986.0,1,2.354431,467.5944,96733.9
BARO,2289958871.0,1,2.1651,467.4051,96735.92
BARO,2290064214.0,1,2.244232,467.4842,96735.08
BARO,2290168387.0,1,2.337463,467.5775,96734.05
BARO,2290273241.0,1,2.15097,467.391,96736.09
BARO,2290376867.0,1,2.436371,467.6764,96732.98
BARO,2290481977.0,1,2.224457,467.4644,96735.3
BARO,2290585453.0,1,1.698853,466.9388,96741.0
BARO,2290688309.0,1,1.74408,466.9841,96740.51
BARO,2290788235.0,1,1.78363,467.0236,96740.08
BARO,2290889764.0,1,1.328705,466.5687,96744.99
BARO,2290990441.0,1,1.272186,466.5122,96745.6
BARO,2291091227.0,1,0.8398438,466.0798,96750.29
BARO,2291191453.0,1,0.834198,466.0742,96750.36
BARO,2291292618.0,1,0.4894409,465.7294,96754.09
BARO,2291393196.0,1,-0.1774292,465.0626,96761.3
BARO,2291495401.0,1,-0.3836975,464.8563,96763.55
BARO,2291595335.0,1,-1.160767,464.0792,96771.97
BARO,2291696328.0,1,-2.785553,462.4544,96789.57
BARO,2291796529.0,1,-6.795258,458.4447,96833.02
BARO,2291897390.0,1,-4.331238,460.9088,96806.33
BARO,2291997094.0,1,-4.362305,460.8777,96806.65
BARO,2292097056.0,1,-4.36795,460.872,96806.73
BARO,2292196863.0,1,-4.266235,460.9738,96805.61
BARO,2292296806.0,1,-4.288849,460.9511,96805.87
BARO,2292396847.0,1,-4.407532,460.8325,96807.16
BARO,2292496837.0,1,-4.093872,461.1461,96803.74
BARO,2292597173.0,1,-4.221008,461.019,96805.13
BARO,2292696862.0,1,-4.269073,460.9709,96805.64
BARO,2292797073.0,1,-4.390564,460.8494,96806.96
BARO,2292896881.0,1,-4.141907,461.0981,96804.27
BARO,2292997239.0,1,-4.297302,460.9427,96805.96
BARO,2293097120.0,1,-4.108002,461.132,96803.89
BARO,2293197682.0,1,-4.243622,460.9964,96805.38
BARO,2293297526.0,1,-4.00061,461.2394,96802.73
BARO,2293398180.0,1,-4.08255,461.1574,96803.63
BARO,2293498470.0,1,-4.215363,461.0246,96805.07
BARO,2293598246.0,1,-4.24646,460.9935,96805.41
BARO,2293698245.0,1,-4.356659,460.8833,96806.59
GPS,2290013032.0,4,25,43.2382588,-7.6819426,465.97,3.769,-0.051,0.0
GPS,2290201459.0,4,25,43.2382575,-7.6819336,465.98,3.749,0.027,0.0
GPS,2290453526.0,4,25,43.2382564,-7.6819248,465.97,3.583,0.056,0.0
GPS,2290618671.0,4,25,43.2382553,-7.6819162,465.95,3.439,0.079,0.0
GPS,2290801095.0,4,25,43.2382543,-7.6819078,465.72,3.419,1.796,0.0
GPS,2291003098.0,4,25,43.2382532,-7.6818996,465.19,3.379,3.628,0.0
GPS,2291204459.0,4,25,43.2382522,-7.6818914,464.28,3.338,5.381,0.0
GPS,2291446486.0,4,25,43.2382511,-7.6818836,463.03,3.178,7.078001,0.0
GPS,2291608216.0,4,25,43.23825,-7.6818762,461.45,3.002,8.631001,0.0
GPS,2291809100.0,4,25,43.2382501,-7.6818691,459.93,2.955,6.721,0.0
GPS,2292009659.0,4,25,43.2382509,-7.681866,459.35,0.333,-0.499,0.0
GPS,2292209565.0,4,25,43.2382511,-7.6818663,459.39,0.139,0.139,0.0
GPS,2292449269.0,4,25,43.2382511,-7.6818665,459.39,0.097,0.026,0.0
GPS,2292609531.0,4,25,43.238251,-7.6818668,459.45,0.09,-0.055,0.0
GPS,2292809507.0,4,25,43.2382509,-7.681867,459.46,0.018,0.022,0.0
GPS,2293010077.0,4,25,43.2382506,-7.6818672,459.49,0.052,-0.033,0.0
GPS,2293210254.0,4,25,43.2382503,-7.6818676,459.55,0.074,0.096,0.0
GPS,2293451200.0,4,25,43.23825,-7.6818678,459.61,0.047,0.02,0.0
GPS,2293611123.0,4,25,43.2382498,-7.681868,459.61,0.192,0.138,0.0
IMU,2289869672.0,0,-0.06609202,-0.01666434,-0.08063476,-1.289919,0.03425109,-9.377394
IMU,2289913236.0,0,-0.06211917,-0.03259539,-0.07926483,-0.9778786,-0.371493,-9.686313
IMU,2289953472.0,0,0.0002776493,0.01797804,0.0048965,0.09177868,0.9870291,-9.62778
IMU,2289993728.0,0,-0.06952703,0.07520046,0.03967368,-0.4461384,-0.4838281,-8.278924
IMU,2290039453.0,0,0.06916337,0.06468013,0.02233036,-0.001222814,0.1449208,-9.149409
IMU,2290079534.0,0,-0.1254135,0.1886515,-0.0206141,-0.5399984,0.256741,-9.562221
IMU,2290122991.0,0,-0.02306513,0.2977848,-0.07545133,-1.273106,0.0686723,-9.2109
IMU,2290163623.0,0,-0.09766185,0.07976186,-0.08506186,-1.467787,-1.05898,-9.843697
IMU,2290203089.0,0,-0.01118766,0.04132773,-0.1443184,-0.6894444,-0.4037828,-9.413768
IMU,2290247869.0,0,-0.1076586,0.02387654,-0.1708422,-0.4918306,-0.6502523,-10.02842
IMU,2290287867.0,0,-0.1289271,0.02055291,-0.1129387,-1.213771,-0.3879301,-9.32871
IMU,2290332000.0,0,-0.1005851,0.1978166,-0.1026379,-0.9306402,-0.2611291,-9.852345
IMU,2290371843.0,0,0.03430491,0.1936849,-0.2225232,-1.4036,-0.298488,-10.15695
IMU,2290412383.0,0,-0.03515567,0.1728511,-0.06431387,-0.8302869,-0.5331903,-9.518994
IMU,2290458650.0,0,0.05240469,0.1272592,-0.03151611,-0.01490784,0.8752047,-10.89532
IMU,2290499632.0,0,0.1251515,0.1300385,0.001431679,0.1832489,0.1121073,-9.949074
IMU,2290543826.0,0,-0.132002,0.1343639,-0.1064681,-1.115573,-0.2815469,-9.808986
IMU,2290583038.0,0,0.1484425,0.05872915,-0.03350397,0.7476839,0.07914189,-4.751868
IMU,2290623208.0,0,0.1775921,0.3582218,-0.04512493,-1.050694,-0.559467,-2.358742
IMU,2290666153.0,0,0.3930796,0.571743,-0.1914292,-0.4546978,0.1878881,-0.7791865
IMU,2290706217.0,0,0.3973573,0.6634368,-0.2227624,-0.3731768,0.1111528,-0.2323603
IMU,2290745981.0,0,0.4375816,0.6895208,-0.2884313,-0.07514616,-0.225958,-0.5416825
IMU,2290785779.0,0,0.4297781,0.6771119,-0.3134472,-0.1896113,-0.07588071,-0.5675928
IMU,2290827796.0,0,0.4457835,0.6561186,-0.3205475,-0.09683898,-0.07812619,-0.5273071
IMU,2290867088.0,0,0.4592365,0.6382999,-0.3218349,-0.1151395,-0.09546275,-0.6178563
IMU,2290906849.0,0,0.4487177,0.651058,-0.3214019,-0.128232,-0.08106098,-0.7480728
IMU,2290947668.0,0,0.4485059,0.6302177,-0.322486,-0.08398817,-0.1193701,-0.7292739
IMU,2290987972.0,0,0.4505585,0.598785,-0.3187195,-0.06748683,-0.1223457,-0.8329994
IMU,2291031099.0,0,0.424684,0.5832902,-0.3237175,-0.08406608,-0.1425245,-0.896558
IMU,2291071100.0,0,0.3748924,0.5789663,-0.3321591,-0.05974767,-0.1509331,-1.020639
IMU,2291111636.0,0,0.3304687,0.5431765,-0.3482989,-0.007509468,-0.1645631,-1.180936
IMU,2291151281.0,0,0.2803351,0.4877512,-0.363512,-0.003702881,-0.154298,-1.296162
IMU,2291191683.0,0,0.2253808,0.4286688,-0.3695926,0.01927858,-0.1602802,-1.419368
IMU,2291232085.0,0,0.1619899,0.3513723,-0.3797749,0.04458083,-0.1794033,-1.5657
IMU,2291272879.0,0,0.09634928,0.2608206,-0.3811141,0.05930987,-0.1661461,-1.687566
IMU,2291312665.0,0,0.0426444,0.162273,-0.3889663,0.07107933,-0.174283,-1.792064
IMU,2291352852.0,0,-0.009335264,0.06536349,-0.3976023,0.06874946,-0.1443573,-1.79243
IMU,2291393476.0,0,-0.08582476,-0.03316235,-0.397427,0.0962808,-0.2540548,-1.879282
IMU,2291433988.0,0,-0.2310123,-0.1454149,-0.4079325,0.1032615,-0.2723605,-2.132971
IMU,2291474869.0,0,-0.3962375,-0.2932404,-0.4273927,0.1581087,-0.299279,-2.322703
IMU,2291515008.0,0,-0.6335022,-0.3105229,-0.4531895,-0.5259114,-1.008501,-4.469693
IMU,2291554884.0,0,-1.652924,-0.8394743,-0.5916874,5.630047,-2.177479,-13.70802
IMU,2291595673.0,0,-2.4961,-2.690287,-0.5881851,2.024663,-1.368306,-13.75435
IMU,2291636720.0,0,-0.8585351,-2.975619,-0.7610614,3.757243,2.751238,-16.68388
IMU,2291675888.0,0,4.556442,-6.165207,-0.8018019,1.956842,8.818128,-53.30077
IMU,2291715861.0,0,-0.1770753,1.398463,1.950786,-34.30205,0.2501344,-80.11893
IMU,2291756217.0,0,-1.831025,-2.095625,0.02422808,12.13161,16.40933,-9.381968
IMU,2291796716.0,0,0.6175327,-2.908808,0.00101109,0.07921314,3.392285,-3.540919
IMU,2291836882.0,0,0.6688788,-1.964973,-0.1776292,-1.626763,1.978903,-2.773928
IMU,2291876980.0,0,0.9039108,-1.035904,-0.06438644,-3.159409,0.6346433,-2.986002
IMU,2291917441.0,0,0.808741,0.1766804,-0.0576553,-4.076517,-0.0158634,-3.173335
IMU,2291957087.0,0,0.3169531,1.134065,-0.06361315,-4.467266,-0.5720244,-4.615032
IMU,2291997308.0,0,-0.03343281,1.273456,0.04021395,-2.397609,0.05164615,-8.041808
IMU,2292036887.0,0,-0.1322446,0.5777662,0.08541705,-1.207223,0.9814362,-11.58011
IMU,2292076819.0,0,-0.07525837,-0.2001181,0.02846176,-1.482636,0.6819992,-13.78621
IMU,2292117227.0,0,-0.2212886,-0.2155139,0.03481861,-4.474363,-0.7571923,-11.90158
IMU,2292157094.0,0,0.003751596,0.02895652,0.03260008,-3.657544,0.413066,-10.05393
IMU,2292197067.0,0,0.1573788,0.02022356,-0.04589294,-2.018502,1.11603,-9.328003
IMU,2292237095.0,0,0.09766436,0.01550692,-0.03423717,-1.832351,0.5578462,-8.635487
IMU,2292276724.0,0,-0.001078254,0.002148319,0.002052626,-2.233366,-0.1256189,-8.885222
IMU,2292317412.0,0,-0.07740569,-0.0119481,0.03828876,-2.310574,0.2405808,-9.909901
IMU,2292357086.0,0,-0.02658204,-0.02638034,0.01685308,-2.814175,0.5661896,-9.909116
IMU,2292397043.0,0,0.01759648,0.01289265,-0.006246319,-2.589208,0.5559834,-9.576818
IMU,2292437019.0,0,0.01308436,0.004626781,-0.003352726,-2.228611,0.3126764,-9.485299
IMU,2292476839.0,0,-0.008178893,-0.007205701,0.002276631,-2.359194,0.2826277,-9.441181
IMU,2292517245.0,0,-0.01892668,-0.01193837,0.01287151,-2.488082,0.4733304,-9.655943
IMU,2292557231.0,0,0.00155014,-0.0003004424,-0.002841779,-2.549241,0.4198214,-9.636712
IMU,2292597403.0,0,0.005119668,0.003682899,-0.0009526676,-2.4057,0.3640322,-9.598819
IMU,2292636834.0,0,0.0008361074,-0.00394572,0.00225786,-2.386495,0.3808058,-9.479912
IMU,2292676857.0,0,-0.006766743,-0.004923851,0.003130599,-2.456466,0.4127479,-9.554749
IMU,2292717213.0,0,-0.002076775,-0.002124624,0.001660396,-2.458024,0.3910635,-9.623857
IMU,2292757342.0,0,-0.0009785009,-0.0008500449,0.0003613581,-2.426874,0.3925613,-9.555456
IMU,2292797264.0,0,-0.003339822,-0.002740431,0.004609218,-2.412817,0.3948674,-9.533025
IMU,2292836725.0,0,-0.004586867,-0.002002163,0.003930441,-2.439519,0.3966352,-9.590039
IMU,2292876844.0,0,-0.001744556,-0.002278176,0.002808688,-2.451229,0.3979045,-9.591138
IMU,2292917440.0,0,-0.0008854343,-0.001546714,0.002394395,-2.409898,0.4038736,-9.562465
IMU,2292957538.0,0,-0.003433031,-0.003859262,0.002361536,-2.42801,0.3845601,-9.572556
IMU,2292997653.0,0,-0.003160181,-0.002270684,0.002746365,-2.445885,0.4087876,-9.600974
IMU,2293037017.0,0,-0.002040017,-0.001406488,0.003010257,-2.438027,0.380679,-9.585384
IMU,2293077081.0,0,-0.004437141,-0.001358048,0.002878415,-2.428694,0.3919609,-9.579263
IMU,2293117494.0,0,-0.003815573,-0.003306941,0.003150196,-2.441639,0.4020224,-9.557105
IMU,2293157030.0,0,-0.003578172,-0.002106742,0.003093668,-2.444545,0.403912,-9.583387
IMU,2293197889.0,0,-0.001334369,-0.0006276884,0.002167992,-2.43737,0.3993311,-9.558308
IMU,2293238271.0,0,-0.002838277,-0.0024514,0.004391576,-2.427582,0.3877145,-9.560927
IMU,2293277747.0,0,-0.002772747,-0.00187763,0.003043541,-2.431059,0.3867585,-9.570951
IMU,2293317638.0,0,-0.001797637,-0.001946844,0.00204927,-2.438162,0.3906983,-9.598164
IMU,2293357655.0,0,-0.00145069,-0.002573367,0.00158729,-2.448457,0.3855546,-9.57609
IMU,2293398427.0,0,-0.002260682,-0.002678466,0.002608011,-2.433078,0.403089,-9.556171
IMU,2293440728.0,0,-0.003435152,-0.0007407371,0.003062854,-2.443737,0.3956204,-9.562125
IMU,2293480486.0,0,-0.003345209,-0.002384927,0.002842886,-2.441985,0.3796992,-9.568076
IMU,2293520743.0,0,-0.001316067,-0.001151085,0.002772371,-2.435446,0.3883269,-9.5734
IMU,2293560682.0,0,-0.002816733,-0.002824809,0.003085899,-2.450891,0.3965563,-9.549688
IMU,2293600971.0,0,-0.00259288,-0.001756998,0.004277745,-2.445782,0.4066734,-9.59303
IMU,2293640402.0,0,-0.001946163,-0.002430663,0.003540544,-2.427582,0.3762409,-9.579221
IMU,2293680382.0,0,-0.002917038,-0.002691561,0.004290109,-2.436012,0.3985424,-9.544972
IMU,2293720660.0,0,-0.00234795,-0.002798928,0.003048556,-2.443936,0.3911467,-9.562707
IMU,2293760823.0,0,-0.002330885,-0.002641705,0.003351692,-2.444541,0.4130781,-9.588083
IMU,2289869672.0,1,-0.05488057,-0.06642285,-0.05199308,-1.201888,-0.2744505,-7.593167
IMU,2289913236.0,1,-0.04973917,-0.03910243,-0.01889611,-0.8988671,-0.1245749,-9.298042
IMU,2289953472.0,1,-0.06949779,0.03553371,-0.01458979,-0.6675727,1.214647,-9.841346
IMU,2289993728.0,1,-0.09205806,0.06897248,0.01154365,0.2390767,0.5499524,-9.013727
IMU,2290039453.0,1,0.01122787,0.06863841,0.01301503,0.6858612,0.4947032,-9.768534
IMU,2290079534.0,1,-0.1210074,0.1884916,-0.04516768,-0.00630309,0.5550916,-9.740142
IMU,2290122991.0,1,-0.05574432,0.2033567,-0.1154814,-0.590304,0.1227773,-9.569778
IMU,2290163623.0,1,-0.05678499,0.05767771,-0.05948031,-1.106278,-0.9763753,-10.3195
IMU,2290203089.0,1,-0.02063336,0.01938033,-0.1344878,-1.047592,-0.6419075,-8.164353
IMU,2290247869.0,1,-0.1101992,0.02083704,-0.1123125,-0.6375129,-0.4708967,-10.19658
IMU,2290287867.0,1,-0.1008472,0.0007493276,-0.117608,-1.037984,-0.1300683,-8.28578
IMU,2290332000.0,1,-0.1123544,0.3566394,-0.09579156,-0.4423001,-0.01322224,-10.02402
IMU,2290371843.0,1,0.02497666,0.1309837,-0.186127,-1.528781,-0.3454112,-9.970366
IMU,2290412383.0,1,-0.02747859,0.1308932,-0.07176612,-0.9071348,-0.1687064,-9.501656
IMU,2290458650.0,1,0.0211275,0.1328427,-0.0603203,-0.3174698,1.429496,-10.59592
IMU,2290499632.0,1,0.04806391,0.1358157,-0.009637031,0.399315,1.134692,-10.49902
IMU,2290543826.0,1,-0.02761145,0.08550522,-0.03043137,-1.540283,-0.6732338,-9.535408
IMU,2290583038.0,1,0.1035969,0.09926056,-0.01326058,0.7575231,0.09527341,-5.46512
IMU,2290623208.0,1,0.1789792,0.3228112,-0.04860255,-1.005302,0.435835,-2.240329
IMU,2290666153.0,1,0.3468332,0.5217876,-0.1527122,-0.500438,0.6504632,-0.8359704
IMU,2290706217.0,1,0.3583756,0.6018052,-0.1813656,-0.2328141,0.4517257,-0.197609
IMU,2290745981.0,1,0.4101835,0.6491355,-0.239649,-0.07552136,0.1788864,-0.4599706
IMU,2290785779.0,1,0.3918908,0.6284683,-0.2639412,-0.230046,0.2272057,-0.39876
IMU,2290827796.0,1,0.4054939,0.6138178,-0.2765915,-0.1080045,0.2910663,-0.4184631
IMU,2290867088.0,1,0.4195236,0.5927369,-0.274389,-0.1715641,0.2945477,-0.428992
IMU,2290906849.0,1,0.4062079,0.5981578,-0.2729656,-0.1128102,0.2988622,-0.7841879
IMU,2290947668.0,1,0.4096772,0.5914341,-0.2747048,-0.08952861,0.3577094,-0.5202061
IMU,2290987972.0,1,0.4101845,0.5576395,-0.2719373,-0.08462263,0.2520992,-0.6501893
IMU,2291031099.0,1,0.3878169,0.5393433,-0.2777629,-0.06381015,0.2624852,-0.935027
IMU,2291071100.0,1,0.3318869,0.5322562,-0.2826284,-0.06719197,0.2251095,-0.9803663
IMU,2291111636.0,1,0.2865428,0.4974386,-0.302257,-0.01896332,0.3876204,-0.9217207
IMU,2291151281.0,1,0.2411088,0.4440054,-0.3203055,0.004030062,0.1907752,-1.231071
IMU,2291191683.0,1,0.1843948,0.388331,-0.3311068,0.09427702,0.307175,-1.413062
IMU,2291232085.0,1,0.1221769,0.3140065,-0.3424844,0.03361014,0.1796122,-1.413215
IMU,2291272879.0,1,0.05721047,0.2347072,-0.3460563,0.1002281,0.2192475,-1.503748
IMU,2291312665.0,1,0.018581,0.1534887,-0.3557973,0.07377932,0.2281828,-1.56618
IMU,2291352852.0,1,-0.02393982,0.0738629,-0.3698738,0.07944306,0.1997163,-1.769343
IMU,2291393476.0,1,-0.09846334,-0.01624132,-0.3675646,0.041493,0.1442139,-1.854598
IMU,2291433988.0,1,-0.2429444,-0.129062,-0.382476,0.0849519,0.04526159,-2.036536
IMU,2291474869.0,1,-0.4039676,-0.2672817,-0.4090953,0.1175438,0.1466522,-2.146513
IMU,2291515008.0,1,-0.6101897,-0.3269618,-0.4491787,-0.3922596,-0.5075366,-4.419712
IMU,2291554884.0,1,-1.596786,-0.7066848,-0.6003669,5.776472,-1.720946,-14.38192
IMU,2291595673.0,1,-2.456918,-2.529808,-0.6572832,2.032519,-0.8025751,-13.93539
IMU,2291636720.0,1,-0.9539678,-2.8424,-0.7601483,4.218426,2.733669,-16.37789
IMU,2291675888.0,1,4.175998,-5.845199,-0.6322004,1.857563,8.31249,-54.54164
IMU,2291715861.0,1,-3.420364,3.479293,1.883516,-57.35374,-28.36621,-129.4966
IMU,2291756217.0,1,-2.096206,-1.947514,-0.1016308,12.38983,18.22085,-4.631239
IMU,2291796716.0,1,0.524953,-2.798686,-0.008356707,0.1945985,3.53682,-3.599962
IMU,2291836882.0,1,0.6136889,-1.928266,-0.1445695,-1.647245,2.379584,-2.598443
IMU,2291876980.0,1,0.8529747,-1.05206,-0.02741783,-3.038406,0.9501462,-2.950527
IMU,2291917441.0,1,0.7750281,0.1037371,-0.01435216,-3.975461,0.3442905,-2.984553
IMU,2291957087.0,1,0.3119622,1.037257,-0.0341224,-4.407265,-0.3097087,-4.491053
IMU,2291997308.0,1,-0.0241474,1.238641,0.04586626,-2.289311,0.4124802,-8.105012
IMU,2292036887.0,1,-0.1334722,0.6090927,0.08293387,-1.139454,1.306662,-11.52486
IMU,2292076819.0,1,-0.07386649,-0.1515279,0.03275077,-1.359869,0.9952307,-13.67967
IMU,2292117227.0,1,-0.2116986,-0.2272254,0.02486282,-4.368822,-0.4247828,-11.79667
IMU,2292157094.0,1,-0.02810747,0.03213992,0.03951048,-3.600623,0.7625086,-9.870663
IMU,2292197067.0,1,0.1246802,0.02454099,-0.03053698,-1.875245,1.448237,-9.372411
IMU,2292237095.0,1,0.06814512,0.02258874,-0.02618973,-1.803608,0.91075,-8.528896
IMU,2292276724.0,1,0.0008846158,0.003313677,0.003817028,-2.196557,0.2234257,-8.775974
IMU,2292317412.0,1,-0.07774118,0.002701643,0.03535451,-2.319326,0.5715275,-9.84731
IMU,2292357086.0,1,-0.02819399,-0.01583503,0.02320642,-2.772734,0.9650499,-9.902556
IMU,2292397043.0,1,0.006936584,0.01201237,-0.002266198,-2.555539,0.801915,-9.427899
IMU,2292437019.0,1,0.008366528,0.01063252,-0.003564762,-2.214091,0.5750555,-9.556534
IMU,2292476839.0,1,-0.008315341,0.0021901,-0.0004271731,-2.371856,0.5189079,-9.388473
IMU,2292517245.0,1,-0.01985246,0.002947785,0.01529885,-2.522118,0.8100125,-9.494542
IMU,2292557231.0,1,-0.001260573,0.004749821,-0.002752517,-2.487078,0.7621492,-9.498054
IMU,2292597403.0,1,0.003550356,0.01028473,-0.004222427,-2.391321,0.736185,-9.518912
IMU,2292636834.0,1,0.001216444,0.008782708,0.00325658,-2.320935,0.6504058,-9.494285
IMU,2292676857.0,1,-0.0007474035,-0.0009078333,0.001444806,-2.376938,0.6914607,-9.497434
IMU,2292717213.0,1,-0.0008163365,0.001731178,0.004551444,-2.328127,0.6743197,-9.532813
IMU,2292757342.0,1,-0.002388644,0.002296919,0.006324781,-2.399746,0.7335202,-9.317794
IMU,2292797264.0,1,-0.004433203,0.006400011,0.007794151,-2.386231,0.6093705,-9.474082
IMU,2292836725.0,1,-0.003258812,0.00626165,0.003033665,-2.418418,0.7000985,-9.416649
IMU,2292876844.0,1,-0.001035327,0.00638075,0.004681943,-2.492422,0.6859222,-9.480166
IMU,2292917440.0,1,-0.001417174,0.01001068,-0.0004143985,-2.336861,0.8032594,-9.516361
IMU,2292957538.0,1,-0.003444044,0.009371253,0.002770565,-2.406954,0.720543,-9.459477
IMU,2292997653.0,1,-0.001804124,0.003536751,0.00198132,-2.457077,0.7457082,-9.444049
IMU,2293037017.0,1,-0.000466998,-0.0005992288,0.003527453,-2.370256,0.7189201,-9.559401
IMU,2293077081.0,1,-0.003446917,0.01338777,0.004887425,-2.417018,0.758523,-9.56763
IMU,2293117494.0,1,-0.002493377,0.0101375,0.002281914,-2.395203,0.800433,-9.398223
IMU,2293157030.0,1,-0.001423978,0.005477226,0.001799232,-2.283515,0.7562556,-9.651424
IMU,2293197889.0,1,-0.004439526,0.006131113,0.0002671196,-2.350051,0.618617,-9.571996
IMU,2293238271.0,1,-0.0005290745,0.003347718,0.001084505,-2.388371,0.7299406,-9.590652
IMU,2293277747.0,1,-0.001987178,0.007920411,0.00292332,-2.430205,0.7428873,-9.563992
IMU,2293317638.0,1,-0.001771488,0.00311609,0.002332003,-2.399211,0.628594,-9.604634
IMU,2293357655.0,1,-0.0003469911,0.004962601,0.00370067,-2.381392,0.620012,-9.5066
IMU,2293398427.0,1,-0.0003246612,0.00415893,-0.001664695,-2.355652,0.7433969,-9.576107
IMU,2293440728.0,1,-0.0008363207,0.008901934,0.003194909,-2.403607,0.6619866,-9.346926
IMU,2293480486.0,1,-0.0008892286,0.006295951,-0.0007219769,-2.383172,0.7068959,-9.520685
IMU,2293520743.0,1,0.0002745848,0.006816559,0.004464264,-2.387534,0.7092212,-9.468802
IMU,2293560682.0,1,-0.001657735,0.004220614,0.003229552,-2.379776,0.7629272,-9.597315
IMU,2293600971.0,1,-0.002883194,0.00849378,0.01000967,-2.447685,0.6664127,-9.381994
IMU,2293640402.0,1,-0.0005574604,0.005226564,0.005044594,-2.381804,0.6633775,-9.464059
IMU,2293680382.0,1,-0.002176741,-0.00155807,0.001444949,-2.362823,0.695971,-9.47915
IMU,2293720660.0,1,-0.001207645,0.00356265,0.003065012,-2.36402,0.7150556,-9.544249
IMU,2293760823.0,1,-0.002039556,0.002163182,0.00544851,-2.435142,0.7279453,-9.408237
IMU,2289869672.0,2,-0.0198616,0.06755815,0.02104742,-1.004217,-0.8114363,-8.853122
IMU,2289913236.0,2,-0.08412866,0.05185921,-0.01515715,-0.6446983,0.02311843,-9.337489
IMU,2289953472.0,2,0.006844435,0.04729706,0.02157952,-1.057242,0.1107131,-8.985008
IMU,2289993728.0,2,-0.0117463,0.02279003,-0.02708405,-0.3140355,-0.3223237,-8.778184
IMU,2290039453.0,2,0.04926388,0.05591817,-0.02454821,-1.457407,-0.65679,-9.810007
IMU,2290079534.0,2,-0.05442135,0.08800047,-0.06385482,0.06559014,1.069346,-8.807407
IMU,2290122991.0,2,0.007442747,0.06272198,-0.06541803,-0.1133038,0.564773,-10.2188
IMU,2290163623.0,2,-0.07079146,0.1201748,-0.07913281,-0.8861384,0.6721649,-8.814284
IMU,2290203089.0,2,-0.01786152,0.1121114,-0.0906863,-0.622887,-0.5056139,-8.806024
IMU,2290247869.0,2,-0.06641218,0.04363964,-0.1228736,-0.4451197,0.1876948,-9.341873
IMU,2290287867.0,2,-0.01723762,0.06124538,-0.08919435,-0.6370859,-0.05165882,-9.152642
IMU,2290332000.0,2,-0.02435874,0.07041965,-0.1236952,-0.07534477,0.85626,-8.43877
IMU,2290371843.0,2,0.04348198,0.194102,-0.1131323,-0.3863003,-0.2528094,-8.405124
IMU,2290412383.0,2,0.05445331,0.1720912,-0.06436382,-0.6740383,0.3744324,-9.421858
IMU,2290458650.0,2,0.05222206,0.1489352,-0.05238712,-1.088239,-0.2446545,-9.687473
IMU,2290499632.0,2,-0.007049551,0.1179408,-0.07023108,-0.5750491,-0.2061427,-10.62184
IMU,2290543826.0,2,-0.05290692,0.2097821,-0.04663705,-0.6841339,0.383571,-10.08054
IMU,2290583038.0,2,0.08120301,0.09545683,-0.03005926,-0.5327834,-0.762936,-4.194781
IMU,2290623208.0,2,0.2330555,0.368655,-0.06492434,-0.2853948,-0.2161058,-1.955632
IMU,2290666153.0,2,0.3945834,0.5538796,-0.19315,-0.4230887,0.06746282,-0.4858811
IMU,2290706217.0,2,0.4178687,0.6532128,-0.2269073,-0.3162245,0.00422141,-0.179297
IMU,2290745981.0,2,0.4550938,0.6838635,-0.289055,-0.1191173,-0.03761049,-0.4149248
IMU,2290785779.0,2,0.4474432,0.6724387,-0.3119034,-0.1833312,-0.02271845,-0.4124814
IMU,2290827796.0,2,0.4619948,0.6485411,-0.3235351,-0.1704824,-0.0140564,-0.3858497
IMU,2290867088.0,2,0.4716672,0.6311054,-0.3231491,-0.1764902,-0.05624109,-0.4843091
IMU,2290906849.0,2,0.4631037,0.6432954,-0.3225443,-0.1527681,-0.04421878,-0.5960295
IMU,2290947668.0,2,0.4623759,0.6232176,-0.3233987,-0.1216139,-0.06112055,-0.5858693
IMU,2290987972.0,2,0.4623699,0.5922548,-0.3199218,-0.1086474,-0.08235744,-0.6778821
IMU,2291031099.0,2,0.4394702,0.5769786,-0.3279191,-0.1056444,-0.07221484,-0.7666394
IMU,2291071100.0,2,0.3901913,0.5731269,-0.3345258,-0.09410217,-0.09982789,-0.8769813
IMU,2291111636.0,2,0.3438538,0.5395699,-0.3467646,-0.06237214,-0.1135802,-1.01764
IMU,2291151281.0,2,0.2933452,0.4860292,-0.3651834,-0.05225127,-0.1098881,-1.151354
IMU,2291191683.0,2,0.2364282,0.424011,-0.3714462,-0.01365293,-0.1175651,-1.260394
IMU,2291232085.0,2,0.1744829,0.3492545,-0.3808077,-0.02339707,-0.1345407,-1.427469
IMU,2291272879.0,2,0.1072132,0.2605856,-0.3811678,0.02184622,-0.1269539,-1.520579
IMU,2291312665.0,2,0.04875271,0.1625234,-0.389352,0.02054576,-0.1300024,-1.620079
IMU,2291352852.0,2,-0.003298518,0.06765167,-0.3989092,0.03807807,-0.106292,-1.631354
IMU,2291393476.0,2,-0.08019456,-0.0291666,-0.3983505,0.03426075,-0.1946279,-1.760464
IMU,2291433988.0,2,-0.2281565,-0.1395924,-0.4082254,0.06103844,-0.2211816,-2.006391
IMU,2291474869.0,2,-0.3963384,-0.2876525,-0.4272347,0.07698795,-0.2409691,-2.221995
IMU,2291515008.0,2,-0.6230039,-0.3261561,-0.4494539,0.01742606,-0.3767543,-4.167455
IMU,2291554884.0,2,-1.631054,-0.7651726,-0.5841323,4.722558,-2.090843,-13.36351
IMU,2291595673.0,2,-2.466311,-2.62336,-0.5844457,1.722529,-1.432947,-13.90015
IMU,2291636720.0,2,-0.9596525,-2.954133,-0.7694094,3.06444,2.623205,-16.67157
IMU,2291675888.0,2,4.036958,-6.071309,-0.7805566,2.109203,4.772266,-48.97336
IMU,2291715861.0,2,-4.200695,3.514331,0.8520336,-66.22288,-31.0559,-79.97192
IMU,2291756217.0,2,-1.276007,-2.156508,0.4864377,14.05437,11.63167,-10.114
IMU,2291796716.0,2,0.5307124,-2.862392,0.02438786,-0.1780161,3.430481,-3.445543
IMU,2291836882.0,2,0.6601549,-1.965842,-0.1824,-1.567593,1.833194,-2.779214
IMU,2291876980.0,2,0.8697719,-1.055403,-0.06971645,-3.010939,1.042096,-3.270303
IMU,2291917441.0,2,0.8085381,0.1560586,-0.06229075,-3.88899,0.08668446,-3.390958
IMU,2291957087.0,2,0.3536318,1.114465,-0.06590012,-4.37417,-0.4736584,-4.789872
IMU,2291997308.0,2,-0.003479965,1.283734,0.03535946,-2.707538,0.06787898,-7.737763
IMU,2292036887.0,2,-0.1179789,0.5938871,0.08291109,-1.436732,0.7202334,-11.12336
IMU,2292076819.0,2,-0.07802056,-0.178468,0.02713713,-1.627052,0.5894527,-13.42459
IMU,2292117227.0,2,-0.2165015,-0.2108983,0.03184365,-4.434125,-0.7758268,-11.95921
IMU,2292157094.0,2,0.006683258,0.02790612,0.02857726,-3.722788,0.2726633,-9.818686
IMU,2292197067.0,2,0.1633362,0.01682044,-0.05136675,-2.05598,1.091487,-9.184196
IMU,2292237095.0,2,0.1022734,0.01620578,-0.04015956,-1.886683,0.5632207,-8.485211
IMU,2292276724.0,2,0.004881927,0.005794336,-0.001256282,-2.301881,-0.09900761,-8.754559
IMU,2292317412.0,2,-0.07170589,-0.005133137,0.03240095,-2.375199,0.2060268,-9.735544
IMU,2292357086.0,2,-0.02478341,-0.02334899,0.0127322,-2.814348,0.4999619,-9.748816
IMU,2292397043.0,2,0.02192198,0.01239681,-0.01059148,-2.671268,0.5260623,-9.41123
IMU,2292437019.0,2,0.01722444,0.007025579,-0.007505341,-2.302217,0.2725239,-9.322855
IMU,2292476839.0,2,-0.003750659,-0.004632519,-0.0007606434,-2.421247,0.2365412,-9.290878
IMU,2292517245.0,2,-0.01526609,-0.00834003,0.00893932,-2.537691,0.4219326,-9.465737
IMU,2292557231.0,2,0.005895336,0.003815541,-0.006264594,-2.604727,0.3798836,-9.466738
IMU,2292597403.0,2,0.01041606,0.007119258,-0.00504107,-2.46632,0.3320673,-9.423635
IMU,2292636834.0,2,0.00305854,-0.001679762,-0.001394422,-2.454966,0.3491295,-9.319782
IMU,2292676857.0,2,-0.003059767,-0.002184302,-0.00149483,-2.493972,0.3724484,-9.408705
IMU,2292717213.0,2,0.002176154,0.001997249,-0.001973842,-2.517588,0.3524888,-9.44556
IMU,2292757342.0,2,0.002359482,0.002515257,-0.00272545,-2.485084,0.3555107,-9.408538
IMU,2292797264.0,2,0.001280285,0.001175554,-0.001403031,-2.476121,0.3642575,-9.379359
IMU,2292836725.0,2,0.0005468731,0.0004446875,-0.0002995303,-2.491282,0.3530893,-9.420911
IMU,2292876844.0,2,0.001338459,-0.0004312856,-0.001980701,-2.505325,0.3589283,-9.430457
IMU,2292917440.0,2,0.004701199,0.002000465,-0.001416437,-2.48656,0.3538709,-9.369224
IMU,2292957538.0,2,0.0005348154,-0.001800773,-0.001268231,-2.487279,0.3364475,-9.404534
IMU,2292997653.0,2,0.001060908,-0.000558791,-0.001329034,-2.504676,0.366715,-9.420403
IMU,2293037017.0,2,0.000657357,-0.0001322131,-0.001775662,-2.485838,0.358017,-9.422915
IMU,2293077081.0,2,0.001092266,0.001279847,-0.001723769,-2.494463,0.3511155,-9.419197
IMU,2293117494.0,2,0.0004936855,0.001310421,-0.0006573253,-2.498448,0.352069,-9.425196
IMU,2293157030.0,2,0.0004621886,-0.0001289363,-0.001181818,-2.489637,0.3599212,-9.414887
IMU,2293197889.0,2,0.00124212,0.002043528,-0.0008779527,-2.49158,0.3599842,-9.406725
IMU,2293238271.0,2,0.001412168,0.0007148152,-0.002259587,-2.49403,0.3512885,-9.390903
IMU,2293277747.0,2,0.0007344968,8.129593e-05,-0.001845474,-2.491613,0.3495533,-9.414273
IMU,2293317638.0,2,0.002407343,0.0008452503,-0.001324226,-2.511554,0.3613098,-9.426506
IMU,2293357655.0,2,0.002774759,0.001486929,-0.002536866,-2.483535,0.3566917,-9.41328
IMU,2293398427.0,2,0.001114577,5.086018e-05,-0.002985609,-2.485954,0.3548432,-9.393913
IMU,2293440728.0,2,0.0009137876,0.002178876,-0.001868969,-2.494215,0.3801725,-9.407439
IMU,2293480486.0,2,0.002035992,0.0006262142,-0.0008850601,-2.497947,0.3551957,-9.396305
IMU,2293520743.0,2,0.002254806,-0.0001242907,-0.00316161,-2.494151,0.3596828,-9.425162
IMU,2293560682.0,2,0.002575988,9.958358e-05,-0.001568891,-2.502902,0.3534527,-9.408849
IMU,2293600971.0,2,0.0009829637,-0.0003722182,-0.0007818181,-2.489975,0.3644756,-9.408593
IMU,2293640402.0,2,0.003667288,0.0006924273,-0.002784006,-2.496833,0.35679,-9.408004
IMU,2293680382.0,2,0.00227253,-0.000167617,-0.0009057937,-2.493539,0.3603153,-9.406044
IMU,2293720660.0,2,0.002101847,0.0006036697,-0.001118048,-2.486898,0.3545118,-9.396173
IMU,2293760823.0,2,0.001362747,-0.0004340586,-0.00223329,-2.497597,0.3554551,-9.410294
