ARM,320380047.0,0.0
AHR2,319755992.0,-1.67,2.46,86.67,470.1,43.2382645,-7.6819206
AHR2,319860890.0,-1.7,3.33,87.04,469.65,43.2382643,-7.6819154
AHR2,319964468.0,-1.3,3.73,86.7,469.7,43.2382643,-7.6819105
AHR2,320069470.0,-1.44,4.91,86.72,469.56,43.2382643,-7.6819091
AHR2,320174696.0,-2.08,6.3,86.91,469.68,43.2382642,-7.681903
AHR2,320277964.0,-1.76,7.18,86.65,469.7,43.2382642,-7.6818988
AHR2,320383417.0,-1.29,7.84,86.68,469.66,43.2382642,-7.6818962
AHR2,320483398.0,-0.77,9.54,86.48,469.21,43.2382643,-7.6818926
AHR2,320585016.0,1.21,12.98,85.29,468.88,43.2382639,-7.68189
AHR2,320685349.0,3.44,16.67,83.85,468.82,43.2382637,-7.6818868
AHR2,320786889.0,5.86,20.22,82.37,468.8,43.2382638,-7.6818834
AHR2,320887352.0,8.12,23.16,80.95,468.31,43.2382639,-7.6818801
AHR2,320987713.0,10.33,25.36,79.43,468.17,43.238264,-7.6818768
AHR2,321089107.0,12.07,26.54,77.66,467.81,43.2382634,-7.6818745
AHR2,321192610.0,13.14,26.31,75.38,467.37,43.2382633,-7.681871
AHR2,321292870.0,13.49,24.59,72.71,467.11,43.2382633,-7.6818679
AHR2,321394022.0,12.71,20.87,69.59,466.35,43.2382626,-7.6818643
AHR2,321493932.0,8.79,11.35,66.12,465.9,43.2382623,-7.6818612
AHR2,321594505.0,-3.18,4.11,66.05,464.46,43.238262,-7.6818589
AHR2,321694498.0,-9.13,1.82,66.56,461.73,43.2382617,-7.6818561
AHR2,321795421.0,-7.23,12.68,60.39,462.81,43.2382608,-7.6818575
AHR2,321895400.0,-0.39,14.37,63.25,462.89,43.2382603,-7.6818563
AHR2,321995631.0,1.31,5.16,65.54,462.83,43.2382598,-7.6818552
AHR2,322095441.0,0.15,7.22,65.58,462.74,43.2382573,-7.6818558
AHR2,322195396.0,0.37,7.21,65.61,462.8,43.2382569,-7.6818566
AHR2,322295493.0,0.24,7.39,65.7,462.66,43.2382561,-7.6818564
AHR2,322395377.0,0.16,7.46,65.76,462.83,43.2382575,-7.6818578
AHR2,322495401.0,0.09,7.54,65.83,462.92,43.2382575,-7.6818578
AHR2,322595369.0,0.02,7.62,65.9,462.83,43.2382575,-7.6818592
AHR2,322695189.0,-0.04,7.73,65.97,462.81,43.2382575,-7.6818593
AHR2,322795396.0,-0.1,7.82,66.04,462.91,43.2382574,-7.68186
AHR2,322895198.0,-0.17,7.91,66.11,462.98,43.2382574,-7.68186
AHR2,322995725.0,-0.23,8.01,66.18,462.67,43.2382574,-7.68186
AHR2,323096015.0,-0.3,8.09,66.24,462.98,43.2382571,-7.6818613
AHR2,323197375.0,-0.36,8.18,66.3,462.77,43.2382577,-7.6818629
AHR2,323297610.0,-0.42,8.27,66.36,462.78,43.2382577,-7.6818629
AHR2,323398958.0,-0.48,8.35,66.42,462.93,43.2382573,-7.6818634
AHR2,323499524.0,-0.54,8.43,66.48,462.93,43.2382573,-7.6818634
ATT,319755162.0,-1.747572,-1.710307,2.255207,2.220686,91.17535,91.67888
ATT,319860317.0,-1.744352,-1.720213,3.189053,3.151742,91.16118,91.81225
ATT,319963745.0,-1.744496,-1.292553,4.250356,3.619072,91.14503,91.31335
ATT,320068877.0,-1.794989,-1.403673,5.304129,4.841339,91.12663,91.10593
ATT,320174137.0,-1.809403,-2.01891,6.291032,6.204432,91.11036,91.16029
ATT,320277354.0,-1.712403,-1.763591,7.208831,7.047713,91.10192,90.79474
ATT,320382673.0,-1.607647,-1.356372,8.118231,7.657795,90.61006,90.58967
ATT,320482697.0,-0.8315403,-0.7874005,5.014444,9.330887,90.30346,90.29158
ATT,320584465.0,-0.4213123,1.260023,2.540587,12.79301,89.05922,89.07848
ATT,320684717.0,-0.2138388,3.478307,1.289478,16.76899,87.50928,87.56339
ATT,320786158.0,-0.1085107,5.875769,0.6543332,20.62393,85.94613,86.03956
ATT,320886665.0,-0.05522262,8.085502,0.3329996,24.02398,84.43609,84.5676
ATT,320987135.0,-0.02810777,10.24057,0.1694932,26.68527,82.84428,83.01421
ATT,321088493.0,-0.01420169,11.93851,0.08563747,28.31118,80.94724,81.14794
ATT,321191879.0,-0.007076311,12.9267,0.0426704,28.53139,78.53049,78.748
ATT,321292078.0,-0.00361257,13.20129,0.02178381,27.22573,75.73331,75.95268
ATT,321393472.0,-0.001824227,12.28456,0.01100065,23.91077,72.46524,72.66404
ATT,321493244.0,-0.0009313445,8.176749,0.005616135,14.78468,68.84699,68.97263
ATT,321593967.0,-0.0004736575,-4.0898,0.002855864,8.176755,68.10696,68.04543
ATT,321693922.0,-0.0002418299,-10.57121,0.001458896,6.912085,68.28514,68.12732
ATT,321794676.0,-0.000122716,-9.920985,0.0007406066,18.28911,61.30032,61.14533
ATT,321894713.0,-6.478979e-05,-3.246368,0.0003904201,20.25724,63.86248,63.81093
ATT,321994789.0,-6.47897e-05,-1.547059,0.0003904202,11.32103,66.59216,66.56865
ATT,322094775.0,-6.478976e-05,-2.668974,0.0003904202,13.15487,66.42414,66.3833
ATT,322194880.0,-6.478975e-05,-2.349976,0.0003904203,12.95396,66.40543,66.36949
ATT,322294789.0,-6.47897e-05,-2.389785,0.0003904202,13.06081,66.42193,66.38535
ATT,322394697.0,-6.478975e-05,-2.390822,0.0003904203,13.05297,66.41605,66.37948
ATT,322494732.0,-6.478975e-05,-2.383685,0.0003904203,13.05737,66.41685,66.38038
ATT,322594680.0,-6.47896e-05,-2.388497,0.0003904203,13.06357,66.42418,66.38764
ATT,322694638.0,-6.478964e-05,-2.393412,0.0003904203,13.08471,66.43778,66.40115
ATT,322794677.0,-6.478967e-05,-2.402768,0.0003904203,13.09773,66.45589,66.41913
ATT,322894630.0,-6.478979e-05,-2.419188,0.0003904204,13.12062,66.48347,66.44646
ATT,322995013.0,-6.478975e-05,-2.424886,0.0003904205,13.13596,66.49835,66.46124
ATT,323095360.0,-6.232438e-05,-2.454005,0.0003757252,13.16938,66.5462,66.50864
ATT,323196682.0,-5.975537e-05,-2.4888,0.0003603825,13.20977,66.60192,66.56383
ATT,323296973.0,-5.975538e-05,-2.537526,0.0003603825,13.26163,66.67835,66.6395
ATT,323398404.0,-5.72779e-05,-2.578225,0.0003455008,13.30314,66.73835,66.69888
ATT,323498739.0,-5.613047e-05,-2.63228,0.0003383856,13.35722,66.81664,66.77632
BARO,319753171.0,0,4.252991,470.423,96759.18
BARO,319857490.0,0,3.806519,469.9765,96764.03
BARO,319961974.0,0,3.851715,470.0217,96763.54
BARO,320066994.0,0,3.710449,469.8804,96765.06
BARO,320171456.0,0,3.837585,470.0076,96763.7
BARO,320274906.0,0,3.854553,470.0245,96763.52
BARO,320380405.0,0,3.815002,469.985,96763.92
BARO,320480457.0,0,3.360046,469.53,96768.85
BARO,320581487.0,0,3.035095,469.2051,96772.38
BARO,320682887.0,0,2.978577,469.1486,96772.98
BARO,320783613.0,0,2.950317,469.1203,96773.31
BARO,320883677.0,0,2.467133,468.6371,96778.52
BARO,320984309.0,0,2.323029,468.493,96780.09
BARO,321086109.0,0,1.961334,468.1313,96784.01
BARO,321186378.0,0,1.528992,467.699,96788.7
BARO,321286823.0,0,1.263367,467.4333,96791.59
BARO,321388729.0,0,0.5089111,466.6789,96799.75
BARO,321488394.0,0,0.05114746,466.2211,96804.71
BARO,321589116.0,0,-1.3815,464.7885,96820.26
BARO,321689001.0,0,-4.119629,462.0504,96849.94
BARO,321789876.0,0,-3.031738,463.1382,96838.14
BARO,321890318.0,0,-2.958252,463.2117,96837.33
BARO,321989719.0,0,-3.014771,463.1552,96837.97
BARO,322089893.0,0,-3.105194,463.0648,96838.95
BARO,322189729.0,0,-3.045868,463.1241,96838.3
BARO,322289733.0,0,-3.184326,462.9857,96839.79
BARO,322389730.0,0,-3.017609,463.1524,96838.0
BARO,322489735.0,0,-2.929993,463.24,96837.03
BARO,322589737.0,0,-3.017609,463.1524,96838.0
BARO,322689913.0,0,-3.031738,463.1382,96838.15
BARO,322789942.0,0,-2.935638,463.2343,96837.09
BARO,322889938.0,0,-2.862183,463.3078,96836.3
BARO,322990114.0,0,-3.175842,462.9941,96839.71
BARO,323090446.0,0,-2.862183,463.3078,96836.31
BARO,323191592.0,0,-3.079773,463.0902,96838.65
BARO,323291653.0,0,-3.062805,463.1072,96838.48
BARO,323393129.0,0,-2.910217,463.2598,96836.83
BARO,323493950.0,0,-2.913055,463.2569,96836.84
BARO,319753171.0,1,3.823456,469.9934,96747.95
BARO,319857490.0,1,3.976074,470.1461,96746.3
BARO,319961974.0,1,3.786743,469.9567,96748.35
BARO,320066994.0,1,3.583282,469.7533,96750.55
BARO,320171456.0,1,3.916718,470.0867,96746.95
BARO,320274906.0,1,3.772614,469.9426,96748.51
BARO,320380405.0,1,3.61438,469.7844,96750.22
BARO,320480457.0,1,3.608704,469.7787,96750.27
BARO,320581487.0,1,3.331787,469.5018,96753.28
BARO,320682887.0,1,3.238556,469.4085,96754.3
BARO,320783613.0,1,3.167908,469.3379,96755.06
BARO,320883677.0,1,2.794922,468.9649,96759.09
BARO,320984309.0,1,2.260834,468.4308,96764.89
BARO,321086109.0,1,1.964142,468.1341,96768.11
BARO,321186378.0,1,1.630707,467.8007,96771.73
BARO,321286823.0,1,1.294464,467.4644,96775.34
BARO,321388729.0,1,0.7519226,466.9219,96781.23
BARO,321488394.0,1,0.09634399,466.2663,96788.34
BARO,321589116.0,1,-2.808502,463.3615,96819.81
BARO,321689001.0,1,-4.554779,461.6152,96838.75
BARO,321789876.0,1,-2.955444,463.2145,96821.41
BARO,321890318.0,1,-2.848053,463.3219,96820.26
BARO,321989719.0,1,-3.198456,462.9715,96824.05
BARO,322089893.0,1,-3.150391,463.0196,96823.52
BARO,322189729.0,1,-3.300171,462.8698,96825.16
BARO,322289733.0,1,-2.89328,463.2767,96820.73
BARO,322389730.0,1,-3.006287,463.1637,96821.98
BARO,322489735.0,1,-2.935638,463.2343,96821.19
BARO,322589737.0,1,-2.963898,463.2061,96821.51
BARO,322689913.0,1,-3.085419,463.0846,96822.81
BARO,322789942.0,1,-3.051514,463.1185,96822.47
BARO,322889938.0,1,-3.153229,463.0168,96823.55
BARO,322990114.0,1,-3.034546,463.1354,96822.29
BARO,323090446.0,1,-2.972382,463.1976,96821.61
BARO,323191592.0,1,-2.831085,463.3389,96820.08
BARO,323291653.0,1,-2.887604,463.2824,96820.69
BARO,323393129.0,1,-3.09671,463.0733,96822.93
BARO,323493950.0,1,-2.839569,463.3304,96820.16
GPS,319763145.0,4,25,43.2382644,-7.6819255,467.64,3.817,0.09,0.0
GPS,320015990.0,4,25,43.2382643,-7.6819165,467.62,3.533,0.046,0.0
GPS,320160678.0,4,25,43.2382642,-7.6819082,467.61,3.263,0.001,0.0
GPS,320369324.0,4,24,43.2382642,-7.6819008,467.59,2.879,0.062,0.0
GPS,320570596.0,4,25,43.238264,-7.6818941,467.51,2.589,0.414,0.0
GPS,320772502.0,4,26,43.2382638,-7.6818877,467.18,2.666,2.802,0.0
GPS,320995103.0,4,26,43.2382636,-7.6818812,466.41,2.614,4.696,0.0
GPS,321176394.0,4,26,43.2382633,-7.681875,465.31,2.49,6.267,0.0
GPS,321357739.0,4,26,43.238263,-7.6818689,463.9,2.485,7.966001,0.0
GPS,321558891.0,4,25,43.2382624,-7.6818631,462.17,2.294,9.407001,0.0
GPS,321759720.0,4,26,43.2382616,-7.6818592,460.25,1.102,9.375,0.0
GPS,322000451.0,4,25,43.2382598,-7.6818574,459.05,1.458,2.785,0.0
GPS,322160734.0,4,22,43.238258,-7.6818568,458.75,0.8890001,0.702,0.0
GPS,322360935.0,4,26,43.2382575,-7.6818578,458.86,0.037,0.219,0.0
GPS,322560642.0,4,25,43.2382576,-7.681859,459.1,0.14,0.101,0.0
GPS,322760661.0,4,25,43.2382574,-7.68186,459.32,0.025,0.09500001,0.0
GPS,323000643.0,4,25,43.2382572,-7.6818613,459.6,0.059,0.035,0.0
GPS,323161112.0,4,25,43.2382577,-7.6818629,459.9,0.046,0.057,0.0
GPS,323362619.0,4,25,43.2382573,-7.6818634,460.13,0.013,-0.014,0.0
IMU,319679919.0,0,0.1317735,0.09800451,-0.01539142,-0.8058928,-0.2003354,-10.11945
IMU,319723143.0,0,-0.05078777,0.1204169,0.02937547,-0.3630468,0.2424013,-9.050959
IMU,319763306.0,0,-0.1466807,0.1552625,0.007968458,-0.267016,-0.6156121,-9.761398
IMU,319807888.0,0,0.02864569,0.09963939,0.04656348,-0.4136102,0.1946558,-8.930504
IMU,319847661.0,0,0.08245626,0.06685136,-0.09441355,-0.5083416,-0.279797,-10.42415
IMU,319888366.0,0,0.04919283,0.1180167,0.0006941627,-0.4856466,0.7080032,-10.13266
IMU,319931475.0,0,0.1229378,0.08026908,0.009757728,-0.3416061,0.5973131,-10.4686
IMU,319971623.0,0,0.04319558,0.306975,0.002241495,-1.099205,0.4910972,-9.380838
IMU,320017527.0,0,0.09428836,0.07731073,0.05405553,0.2260349,1.151946,-9.652621
IMU,320059174.0,0,-0.01822226,0.1266035,-0.05473566,0.41203,0.7173349,-10.29913
IMU,320098921.0,0,-0.1858405,0.2762552,-0.05532331,-1.041644,-0.5758521,-9.537307
IMU,320142968.0,0,-0.1070049,0.2514436,-0.0430106,-0.4699622,-0.1660167,-10.15665
IMU,320183675.0,0,-0.1598931,0.3102604,-0.1242611,-1.248188,-0.5561821,-9.582223
IMU,320230336.0,0,-0.06073619,0.201384,-0.002492443,-0.3766427,-0.3168094,-9.112282
IMU,320270598.0,0,-0.08238184,0.2634728,-0.02491792,-0.8111762,-0.4910962,-9.73808
IMU,320310489.0,0,0.09326086,0.09253693,-0.02751094,-0.2526479,0.5510182,-10.78535
IMU,320354095.0,0,0.1686893,0.1653534,-0.0337733,-0.9493338,0.4324226,-10.20255
IMU,320395310.0,0,0.1049242,0.04313313,-0.04593777,-0.3827996,0.4638113,-10.6787
IMU,320435633.0,0,-0.08850109,0.08297421,-0.06568146,-0.5706037,1.886536,-4.985271
IMU,320475746.0,0,0.4294194,0.5283632,-0.1037,-0.7593808,-0.5090489,-1.775902
IMU,320515244.0,0,0.35086,0.5143196,-0.1824116,-0.2643923,-0.4443764,-0.6208376
IMU,320555446.0,0,0.4159122,0.6368377,-0.2237968,-0.1165967,0.1866831,-0.3872939
IMU,320597439.0,0,0.4239155,0.6714176,-0.250181,-0.1342239,-0.06986234,-0.5036178
IMU,320637461.0,0,0.4492546,0.6758028,-0.2762797,-0.09535331,-0.03028039,-0.5130054
IMU,320677380.0,0,0.4758293,0.6681291,-0.2922975,-0.08759853,-0.03693748,-0.5636257
IMU,320717948.0,0,0.49354,0.6678924,-0.2959449,-0.04951494,-0.07623657,-0.5959134
IMU,320757290.0,0,0.5084,0.6358111,-0.2996388,-0.01957653,-0.08229328,-0.7253273
IMU,320798999.0,0,0.4997622,0.5964158,-0.3049908,-0.02101723,-0.1086244,-0.7670702
IMU,320838631.0,0,0.4865365,0.5714003,-0.3076549,0.01393848,-0.1088934,-0.8237805
IMU,320878553.0,0,0.484486,0.5290937,-0.3068006,0.01552404,-0.09293626,-0.9112242
IMU,320919178.0,0,0.4974879,0.4653569,-0.3093623,0.04447171,-0.08840389,-0.9625609
IMU,320959138.0,0,0.4958189,0.3944066,-0.312438,0.06587575,-0.0835271,-1.058328
IMU,321006027.0,0,0.4779066,0.3119494,-0.3191095,0.1009582,-0.1259073,-1.134752
IMU,321045614.0,0,0.4517375,0.2294054,-0.3292709,0.1234588,-0.1538404,-1.240262
IMU,321086360.0,0,0.4138065,0.1348518,-0.3393512,0.1351111,-0.1485932,-1.363596
IMU,321128002.0,0,0.381552,0.02811033,-0.3448585,0.1720063,-0.1590134,-1.499692
IMU,321168355.0,0,0.3501977,-0.09006086,-0.3500151,0.2009293,-0.1799057,-1.631501
IMU,321209192.0,0,0.3226133,-0.2034552,-0.3599868,0.1919681,-0.1658465,-1.690001
IMU,321249101.0,0,0.2998379,-0.3070671,-0.3684102,0.2225739,-0.2331847,-1.878197
IMU,321289157.0,0,0.2445757,-0.4265521,-0.3720784,0.2314533,-0.2863568,-2.020133
IMU,321329515.0,0,0.1507793,-0.5767443,-0.3686792,0.2360047,-0.3428675,-2.231184
IMU,321371422.0,0,0.05653759,-0.7415389,-0.3663134,0.239198,-0.2956556,-2.457712
IMU,321411386.0,0,-0.03265577,-0.9027243,-0.3692625,0.2610348,-0.3352518,-2.615734
IMU,321450915.0,0,-0.4006471,-1.75085,-0.2610559,2.333668,-2.4112,-3.99601
IMU,321491021.0,0,-0.9358838,-2.365076,-0.2810609,0.03486666,-1.093527,-5.217527
IMU,321530915.0,0,-0.03977652,-2.498356,-0.4832087,-2.260239,-4.934314,-8.691099
IMU,321574349.0,0,-9.124074,-4.94962,-0.7284111,31.75603,-41.69724,-139.7765
IMU,321613966.0,0,-0.6994637,0.1191805,0.7573926,-10.35703,3.607703,-5.862344
IMU,321653997.0,0,-1.642303,-0.4717535,0.1876309,-1.256165,3.898295,2.155859
IMU,321696720.0,0,-0.5628554,0.9572375,-0.7639178,-1.395906,3.785057,1.265074
IMU,321736479.0,0,0.3546186,2.409465,-0.9901682,-0.5668459,2.602219,1.190282
IMU,321777384.0,0,0.5703466,2.281264,-0.682534,1.649551,1.500038,-1.584806
IMU,321817949.0,0,0.5643992,1.353414,-0.1265018,3.449705,2.129293,-2.924213
IMU,321857359.0,0,1.023136,0.3533612,0.6024862,5.221878,2.741786,-6.129833
IMU,321897657.0,0,1.321694,-0.9152669,0.9587088,6.425065,3.167522,-9.476224
IMU,321937891.0,0,0.4196435,-2.080365,0.6578686,6.588314,1.773685,-14.6455
IMU,321977502.0,0,-0.3042079,-1.495874,0.1549871,3.632265,-1.108508,-16.88075
IMU,322017190.0,0,-0.3364739,0.04146001,-0.09663381,-0.05744546,-0.1361405,-14.0507
IMU,322057174.0,0,-0.2034312,0.4823713,-0.01935122,1.092895,1.429629,-8.852157
IMU,322097604.0,0,0.008877292,0.2847126,0.06606593,2.212871,0.7093843,-7.345792
IMU,322137884.0,0,0.1093436,0.004360338,0.01076736,2.76921,0.2339105,-8.404894
IMU,322177306.0,0,0.02536115,-0.1417867,-0.03179337,2.34945,0.7816495,-10.217
IMU,322217224.0,0,-0.02232941,-0.0231102,-0.001707213,1.821294,1.045516,-10.38907
IMU,322257238.0,0,-0.009603946,0.06537932,0.01617504,2.295641,0.7147036,-9.375946
IMU,322297501.0,0,0.008708731,-0.0272581,-0.003449841,2.314665,0.6408078,-9.31642
IMU,322338020.0,0,0.003560072,-0.0118261,-0.002030945,2.042496,0.873172,-9.88223
IMU,322377341.0,0,-0.007779961,0.01495902,0.004908865,2.230885,0.7831556,-9.645303
IMU,322417346.0,0,0.007565327,-0.00903769,-0.001997736,2.176763,0.6896034,-9.484542
IMU,322457371.0,0,0.002289655,-0.002379636,0.001487801,2.180583,0.8070641,-9.742663
IMU,322497478.0,0,-0.004775107,0.002127042,0.0007607199,2.200458,0.7326247,-9.590677
IMU,322537913.0,0,0.003658115,-0.005563464,-0.0001448803,2.183261,0.7574003,-9.583401
IMU,322577168.0,0,-0.0004984734,0.0005334763,0.002274671,2.184028,0.7607476,-9.679234
IMU,322617177.0,0,0.0007758674,0.0001112924,0.002721835,2.196868,0.7719857,-9.603604
IMU,322657194.0,0,0.0007210518,-0.001711322,0.0001459122,2.194032,0.7549548,-9.636141
IMU,322697668.0,0,0.0007789154,0.0007338113,6.25682e-07,2.192932,0.7568303,-9.61694
IMU,322737909.0,0,-0.0004138721,-0.001606483,0.002166984,2.205734,0.7564756,-9.627508
IMU,322777221.0,0,0.001162721,-0.002027166,0.001530972,2.196959,0.7721666,-9.63889
IMU,322817495.0,0,-0.000944945,-0.000411697,0.001054558,2.205997,0.7647253,-9.632921
IMU,322857377.0,0,0.001723946,-0.001309798,0.0006968842,2.191375,0.7734885,-9.599964
IMU,322897705.0,0,-0.0005746747,-0.002095017,0.0007628351,2.199812,0.7753212,-9.638098
IMU,322938021.0,0,0.003708351,-0.000516955,0.000904083,2.202606,0.7691351,-9.617131
IMU,322977172.0,0,-0.0002615324,-0.001168485,0.0004860419,2.180427,0.7745181,-9.633945
IMU,323017878.0,0,-0.0009541778,-0.001178366,0.002308138,2.19371,0.7615475,-9.6285
IMU,323057872.0,0,0.001176339,0.0004906396,0.002131894,2.199469,0.7622056,-9.630795
IMU,323098141.0,0,-0.0005649012,-0.001860596,-0.0003670903,2.194592,0.7409527,-9.642097
IMU,323137666.0,0,0.000521331,-0.00110941,0.0009921935,2.197701,0.7641834,-9.638611
IMU,323179052.0,0,0.0004561254,-0.002173263,0.0004065491,2.191479,0.7641103,-9.642744
IMU,323219424.0,0,0.001401311,-0.001486718,0.000752167,2.196171,0.7518986,-9.611906
IMU,323259681.0,0,0.0004093033,-0.002286591,0.001356836,2.186203,0.7707587,-9.636715
IMU,323299892.0,0,0.0007325123,-0.001128604,0.0004587639,2.193482,0.765035,-9.644503
IMU,323339181.0,0,-4.218416e-05,0.0005501889,0.001186077,2.185369,0.7658699,-9.636637
IMU,323380589.0,0,0.0003840284,-0.003125267,0.001410823,2.195241,0.756319,-9.604166
IMU,323421004.0,0,-0.0002729634,-0.001174686,0.001339588,2.180827,0.7506456,-9.630088
IMU,323461374.0,0,0.0007502339,-0.002320256,0.001937971,2.201424,0.7637308,-9.616949
IMU,323501227.0,0,-0.00043081,-0.0009635361,0.001405638,2.190489,0.7627692,-9.614531
IMU,323541414.0,0,0.0007685815,-0.001578533,0.002110015,2.208515,0.7556472,-9.626082
IMU,323582885.0,0,0.0007522082,-0.001685436,0.002820577,2.184329,0.7568705,-9.617654
IMU,319679919.0,1,0.05666253,0.09919342,-0.01845465,-0.4967262,0.5059112,-11.09477
IMU,319723143.0,1,-0.1640013,0.07917955,0.001885858,-0.07466952,0.2215471,-7.252885
IMU,319763306.0,1,-0.08750747,0.1821756,-0.062983,-0.6253428,-0.463791,-9.908218
IMU,319807888.0,1,0.008165949,0.09138811,-0.001468515,-0.02963047,0.5468591,-9.549813
IMU,319847661.0,1,0.06721836,0.06910869,-0.05187326,-0.3722573,-0.2621424,-10.18133
IMU,319888366.0,1,-0.02809241,0.1350865,-0.007970834,-0.4725755,0.9589122,-9.883518
IMU,319931475.0,1,0.08975691,0.1107627,0.01372113,0.1781865,1.166432,-10.62296
IMU,319971623.0,1,0.01585961,0.2248507,-0.05029521,-1.608106,0.2219919,-9.201651
IMU,320017527.0,1,-0.1001364,0.1651468,-0.01819572,0.08712198,1.68307,-8.895804
IMU,320059174.0,1,-0.09008946,0.1494124,-0.06105695,1.271757,1.344227,-10.40289
IMU,320098921.0,1,-0.1004877,0.2169024,-0.07390574,-1.466848,-0.5465255,-8.780132
IMU,320142968.0,1,-0.0263214,0.2239768,-0.04366872,0.4396718,0.3904125,-10.62822
IMU,320183675.0,1,-0.1313318,0.2216775,-0.1151379,-1.669559,-1.190537,-10.27902
IMU,320230336.0,1,-0.03889707,0.1784489,-0.05527411,-0.6690112,-0.3770304,-8.808521
IMU,320270598.0,1,-0.03881763,0.2010739,-0.04404831,-0.2324184,-0.591464,-9.329089
IMU,320310489.0,1,0.06518347,0.1006561,-0.01792389,0.3595028,0.6120278,-11.2909
IMU,320354095.0,1,0.1207749,0.1022956,-0.06032176,-1.273908,-0.1999355,-10.78785
IMU,320395310.0,1,0.05515192,0.03813294,-0.01514104,-0.4746668,0.5172556,-9.813657
IMU,320435633.0,1,-0.07078382,0.1114239,-0.06900517,-0.5029949,3.227824,-4.744816
IMU,320475746.0,1,0.384943,0.472423,-0.08833884,-0.641686,-0.1836482,-2.078157
IMU,320515244.0,1,0.3278697,0.4578943,-0.1566914,-0.2077474,0.1800514,-0.2340683
IMU,320555446.0,1,0.3700215,0.5806414,-0.1856981,-0.1724168,0.564101,-0.01140682
IMU,320597439.0,1,0.3857165,0.6140978,-0.2115862,-0.1483053,0.3372168,-0.4132405
IMU,320637461.0,1,0.4075753,0.624395,-0.2337583,-0.07033629,0.4361202,-0.3842251
IMU,320677380.0,1,0.4331537,0.6174893,-0.2470698,-0.04790941,0.4819019,-0.4288774
IMU,320717948.0,1,0.4502515,0.611095,-0.2495484,0.0001002264,0.4034727,-0.3125388
IMU,320757290.0,1,0.4641153,0.579562,-0.2523788,0.03419429,0.3675395,-0.495356
IMU,320798999.0,1,0.4589932,0.5439494,-0.2588007,-0.04762037,0.2757262,-0.6313325
IMU,320838631.0,1,0.4416588,0.5168399,-0.2652563,-0.006892167,0.4610437,-0.6023144
IMU,320878553.0,1,0.4430689,0.4792683,-0.2630303,0.1139982,0.501182,-0.8262078
IMU,320919178.0,1,0.4561589,0.4176256,-0.2623799,0.1186631,0.3381384,-0.951406
IMU,320959138.0,1,0.4505733,0.3508685,-0.2688599,0.06208545,0.34878,-0.9201621
IMU,321006027.0,1,0.4328437,0.2687013,-0.277313,0.1024781,0.3314196,-0.8706488
IMU,321045614.0,1,0.4098717,0.2064482,-0.2909846,0.1506678,0.2449326,-1.017973
IMU,321086360.0,1,0.3710354,0.1252348,-0.2969058,0.1497817,0.2357509,-1.192441
IMU,321128002.0,1,0.3343435,0.02594768,-0.3026941,0.2111519,0.2777697,-1.331597
IMU,321168355.0,1,0.3054547,-0.0903209,-0.3105484,0.1906929,0.2910358,-1.446548
IMU,321209192.0,1,0.2755861,-0.2036318,-0.3221483,0.2479134,0.1951656,-1.541976
IMU,321249101.0,1,0.2440913,-0.301616,-0.3334198,0.2306982,0.1590645,-1.675236
IMU,321289157.0,1,0.1919468,-0.4166192,-0.3391454,0.195984,0.2044903,-1.732766
IMU,321329515.0,1,0.1004267,-0.5557973,-0.3401059,0.2680312,0.1628691,-2.118755
IMU,321371422.0,1,0.01588164,-0.7174074,-0.3469212,0.306253,0.1174411,-2.322536
IMU,321411386.0,1,-0.05297431,-0.8699834,-0.3504814,0.3431205,0.01159095,-2.589966
IMU,321450915.0,1,-0.4039955,-1.66656,-0.2709464,2.206112,-2.172866,-4.125319
IMU,321491021.0,1,-0.9332034,-2.264896,-0.3110599,-0.1199692,-0.5401137,-4.89036
IMU,321530915.0,1,-0.08082396,-2.443365,-0.4940081,-3.070984,-5.59305,-7.836847
IMU,321574349.0,1,-9.89795,-4.137994,-1.047372,43.50666,-51.79836,-191.562
IMU,321613966.0,1,-0.4429199,0.1192622,0.6272878,-7.63921,3.767589,-4.639322
IMU,321653997.0,1,-1.648646,-0.4535173,0.1210453,-0.8524705,4.746168,2.253216
IMU,321696720.0,1,-0.5781978,0.8867469,-0.7181509,-1.210645,4.329077,1.795884
IMU,321736479.0,1,0.299145,2.291434,-0.8890917,-0.4931748,2.873216,1.525007
IMU,321777384.0,1,0.5263062,2.208469,-0.6003268,1.598799,1.750265,-1.62331
IMU,321817949.0,1,0.5239533,1.301274,-0.1027338,3.405684,2.31545,-2.881377
IMU,321857359.0,1,0.9828387,0.3477651,0.5590602,5.142353,2.957976,-5.887925
IMU,321897657.0,1,1.308641,-0.8391324,0.9093068,6.467044,3.367523,-9.598509
IMU,321937891.0,1,0.4140652,-2.00602,0.6010851,6.657527,2.078205,-15.02258
IMU,321977502.0,1,-0.3032993,-1.483989,0.1198445,3.658866,-0.8417448,-16.65924
IMU,322017190.0,1,-0.3373452,0.007904641,-0.09715201,-0.05475922,0.3394035,-13.50214
IMU,322057174.0,1,-0.2021344,0.4459196,-0.02323445,1.190587,1.741329,-8.59654
IMU,322097604.0,1,0.009233966,0.2516686,0.06271733,2.296145,1.098915,-7.172536
IMU,322137884.0,1,0.07936408,0.004848725,0.02125593,2.791247,0.6797057,-8.437629
IMU,322177306.0,1,0.01293731,-0.1412957,-0.0289136,2.272257,1.16097,-10.04991
IMU,322217224.0,1,-0.02244458,-0.02795624,-0.004801134,1.837875,1.41485,-10.28479
IMU,322257238.0,1,-0.006918609,0.06264891,0.01653776,2.346295,1.143407,-9.122514
IMU,322297501.0,1,0.00393032,-0.02337779,-0.006268681,2.2332,1.069292,-9.230755
IMU,322338020.0,1,-0.0003556064,-0.01341768,-0.001073458,2.042773,1.145989,-9.711645
IMU,322377341.0,1,-0.008963954,0.01384981,0.005983934,2.241554,1.183926,-9.437031
IMU,322417346.0,1,0.002937133,-0.007661249,-0.003109519,2.126987,1.030613,-9.39692
IMU,322457371.0,1,-0.001931114,0.003143696,-0.001449116,2.252253,1.192009,-9.566908
IMU,322497478.0,1,-0.005441232,0.003556889,0.0003376975,2.156179,1.0968,-9.440051
IMU,322537913.0,1,0.002355506,0.000992886,-0.002707425,2.207429,1.195814,-9.389922
IMU,322577168.0,1,-0.0005765103,-0.0004885637,-0.0006233462,2.1593,1.173617,-9.574201
IMU,322617177.0,1,-6.098089e-05,-0.005191319,0.001928073,2.143181,1.064753,-9.481402
IMU,322657194.0,1,0.001757888,0.004127508,-0.002166069,2.163152,1.052503,-9.490149
IMU,322697668.0,1,-0.0005266977,0.001492759,-0.00167888,2.111058,1.166347,-9.455622
IMU,322737909.0,1,-0.001082037,-0.00124327,0.002589565,2.226654,1.127753,-9.427231
IMU,322777221.0,1,-0.001612155,-0.0003256013,0.002297231,2.264804,1.000791,-9.278301
IMU,322817495.0,1,0.001072019,-0.004703026,0.002775817,2.227404,1.226619,-9.468218
IMU,322857377.0,1,0.001273192,-0.002772984,0.0005962669,2.243073,1.217839,-9.358701
IMU,322897705.0,1,-4.358275e-05,-0.002941082,8.675551e-05,2.307311,1.113994,-9.422109
IMU,322938021.0,1,0.00224403,0.001691044,-0.002322664,2.218353,1.165019,-9.497353
IMU,322977172.0,1,-0.002221029,0.003114107,0.003096277,2.083871,1.056948,-9.368261
IMU,323017878.0,1,-0.0007192629,-0.001747791,-0.004351389,2.171659,1.132375,-9.436005
IMU,323057872.0,1,0.0004087708,-0.002939608,-2.554611e-05,2.235403,1.236811,-9.498239
IMU,323098141.0,1,0.0008715328,5.265062e-05,-0.004509126,2.211055,1.042319,-9.293032
IMU,323137666.0,1,-0.0006755645,0.001511039,-0.001442131,2.208496,1.110217,-9.372442
IMU,323179052.0,1,-4.891368e-05,0.004801361,-0.002379376,2.189888,1.043028,-9.452471
IMU,323219424.0,1,-0.0004255088,0.004517034,-0.003450006,2.214252,1.040547,-9.487638
IMU,323259681.0,1,-0.0002555757,-0.001394504,-0.00124652,2.230244,1.102731,-9.496113
IMU,323299892.0,1,-0.001614384,0.004222314,-0.001443247,2.193052,1.087357,-9.554007
IMU,323339181.0,1,0.001081413,0.0009431614,-0.002320481,2.256244,1.131508,-9.42674
IMU,323380589.0,1,0.0006218698,-0.002124453,0.0002165393,2.242562,1.132946,-9.447789
IMU,323421004.0,1,-0.002886312,0.002725598,-8.629599e-05,2.140608,1.130654,-9.434521
IMU,323461374.0,1,-0.000876646,0.002832364,-0.004190049,2.249897,1.142113,-9.394314
IMU,323501227.0,1,-0.003461988,0.0009304363,-0.002628034,2.110206,1.087434,-9.358295
IMU,323541414.0,1,0.0009821577,0.001016757,0.001294023,2.261009,1.139265,-9.617488
IMU,323582885.0,1,0.0002922956,-0.003775732,0.001201172,2.18193,1.082137,-9.476918
IMU,319679919.0,2,0.06372002,0.08662293,-0.03073585,-0.6882917,0.6316525,-10.56663
IMU,319723143.0,2,-0.01012117,0.1108877,-0.01217509,-0.8468651,0.003896052,-10.51564
IMU,319763306.0,2,-0.09317476,0.1025623,-0.03543767,-0.1432899,1.357964,-9.483033
IMU,319807888.0,2,0.1002031,0.04984722,-0.02008589,-0.6689112,0.9298875,-10.08083
IMU,319847661.0,2,0.01629217,0.134942,-0.04427834,-0.3981797,-0.0124627,-8.058548
IMU,319888366.0,2,0.04157921,0.1406789,0.002585281,-0.9342443,-0.7453476,-9.269645
IMU,319931475.0,2,0.08816067,0.165365,-0.0245402,-1.390125,-0.3317813,-8.966273
IMU,319971623.0,2,0.05626056,0.1751547,-0.0065274,-0.415922,-0.003449067,-10.27341
IMU,320017527.0,2,0.03765618,0.09744109,0.01063411,-0.9252778,-0.2056731,-11.08924
IMU,320059174.0,2,-0.007574037,0.1081685,-0.08121276,-0.00121349,1.469323,-9.938481
IMU,320098921.0,2,-0.06271818,0.2710701,-0.03885829,-0.5361789,-0.1019104,-8.563562
IMU,320142968.0,2,-0.07482281,0.1653406,-0.04076651,-0.002708599,0.2793263,-8.417859
IMU,320183675.0,2,-0.09466317,0.2798737,-0.02726003,-0.1148111,0.02140646,-10.38904
IMU,320230336.0,2,0.02688063,0.2067421,-0.02802094,-0.5192738,1.199964,-9.096228
IMU,320270598.0,2,-0.008969248,0.1715751,-0.03920059,-0.2654506,0.1908267,-9.74418
IMU,320310489.0,2,-0.0261467,0.104566,-0.04007766,-0.1584316,-0.4834102,-9.846139
IMU,320354095.0,2,0.05568285,0.1153765,0.004476984,0.1418181,-0.1932501,-9.567503
IMU,320395310.0,2,0.01987508,0.1316845,0.003666352,-0.6316098,0.9836663,-8.575828
IMU,320435633.0,2,0.06096898,0.1994234,-0.04731778,-0.5453314,1.413392,-4.32714
IMU,320475746.0,2,0.342653,0.4441599,-0.1132462,-0.6617857,-0.2268616,-1.347143
IMU,320515244.0,2,0.3817829,0.5281044,-0.1840072,-0.1783333,-0.1177,-0.5404628
IMU,320555446.0,2,0.4235272,0.6290412,-0.2178354,-0.1757709,0.08531255,-0.2704466
IMU,320597439.0,2,0.4351834,0.6649112,-0.2454391,-0.121572,-0.03438417,-0.3102596
IMU,320637461.0,2,0.4617482,0.6693905,-0.2714372,-0.1147881,-0.002372142,-0.3444818
IMU,320677380.0,2,0.4885105,0.6615738,-0.2890635,-0.06947817,0.01678561,-0.3774496
IMU,320717948.0,2,0.5042046,0.6606939,-0.2916505,-0.07074998,0.003227201,-0.4091398
IMU,320757290.0,2,0.5190527,0.6279689,-0.2948219,-0.04411677,-0.01623293,-0.5584006
IMU,320798999.0,2,0.5092489,0.5881618,-0.2989352,-0.05349547,-0.03567523,-0.6261078
IMU,320838631.0,2,0.4955659,0.5634393,-0.303623,-0.02964724,-0.05711137,-0.6224636
IMU,320878553.0,2,0.494181,0.5208864,-0.3034789,0.00999114,-0.03823756,-0.7457992
IMU,320919178.0,2,0.5055251,0.4556996,-0.3060912,0.00781153,-0.03568989,-0.7808399
IMU,320959138.0,2,0.5006956,0.3853954,-0.3087789,0.02963999,-0.03947515,-0.8913187
IMU,321006027.0,2,0.4816215,0.3030538,-0.3176571,0.06361151,-0.07141424,-0.965334
IMU,321045614.0,2,0.4547226,0.220454,-0.3278624,0.09365781,-0.1002898,-1.0378
IMU,321086360.0,2,0.4138811,0.1259314,-0.3375949,0.1165191,-0.1162743,-1.161112
IMU,321128002.0,2,0.3791338,0.02020159,-0.3433467,0.1179561,-0.123914,-1.271767
IMU,321168355.0,2,0.3470168,-0.09527381,-0.3490551,0.1410339,-0.1381038,-1.441247
IMU,321209192.0,2,0.3165612,-0.2135396,-0.3585948,0.1424357,-0.1444009,-1.495011
IMU,321249101.0,2,0.2899151,-0.3185064,-0.367808,0.1599471,-0.1765984,-1.684676
IMU,321289157.0,2,0.2301961,-0.4386578,-0.3721116,0.1805912,-0.2522688,-1.830563
IMU,321329515.0,2,0.1369787,-0.5844289,-0.3700435,0.1820075,-0.2710828,-2.029681
IMU,321371422.0,2,0.03887786,-0.7489663,-0.3683991,0.2030016,-0.2699239,-2.247735
IMU,321411386.0,2,-0.05146066,-0.9062405,-0.3727069,0.1955982,-0.2895677,-2.421356
IMU,321450915.0,2,-0.4475206,-1.761302,-0.2680618,1.285584,-1.538875,-4.010586
IMU,321491021.0,2,-0.9582172,-2.319367,-0.2920394,0.02052728,-0.5775298,-5.235493
IMU,321530915.0,2,-0.1464252,-2.453412,-0.4754718,-2.294997,-2.68364,-10.07938
IMU,321574349.0,2,-9.182628,-3.911713,-0.4139285,43.37165,-54.88074,-138.3672
IMU,321613966.0,2,-0.8043001,-0.4408881,0.6869048,-7.040711,4.032537,-1.610379
IMU,321653997.0,2,-1.565353,-0.3655776,0.1572627,-0.8543831,3.347522,1.386648
IMU,321696720.0,2,-0.5161164,0.9977916,-0.7631631,-0.9084311,3.389199,1.505205
IMU,321736479.0,2,0.4138384,2.428027,-0.9761001,-0.3039319,2.506729,1.149908
IMU,321777384.0,2,0.6112328,2.239538,-0.6582582,1.392611,1.601887,-1.174027
IMU,321817949.0,2,0.5965263,1.326644,-0.1138734,2.911957,1.841737,-2.572844
IMU,321857359.0,2,1.039696,0.2934197,0.6058148,4.637986,2.41724,-5.375076
IMU,321897657.0,2,1.269134,-0.9814625,0.9442745,6.24757,2.771583,-9.121749
IMU,321937891.0,2,0.3149838,-2.103868,0.6330082,6.601212,1.559439,-14.75116
IMU,321977502.0,2,-0.3470101,-1.464927,0.1463876,3.858078,-1.470255,-17.10812
IMU,322017190.0,2,-0.3166666,0.08766277,-0.09708606,0.1618365,-0.2641957,-14.0366
IMU,322057174.0,2,-0.1769802,0.485521,-0.01384435,1.041865,1.306457,-8.550027
IMU,322097604.0,2,0.01869269,0.2840368,0.06697862,2.131404,0.6026488,-7.067382
IMU,322137884.0,2,0.1086009,-0.003383578,0.00949428,2.686845,0.1147862,-8.172343
IMU,322177306.0,2,0.01733165,-0.1375633,-0.03224684,2.286819,0.6804152,-10.07902
IMU,322217224.0,2,-0.02190011,-0.01328652,-0.003155716,1.799638,0.8909759,-10.24234
IMU,322257238.0,2,-0.005952894,0.06617571,0.01656573,2.243661,0.5769711,-9.182893
IMU,322297501.0,2,0.009550778,-0.02711034,-0.003436034,2.254198,0.5203434,-9.164583
IMU,322338020.0,2,0.002947022,-0.008321522,-0.002221704,2.012203,0.7331369,-9.69345
IMU,322377341.0,2,-0.006321302,0.01654461,0.002958478,2.186809,0.6356804,-9.477304
IMU,322417346.0,2,0.006858926,-0.005938014,-0.0004413843,2.138439,0.5719207,-9.324371
IMU,322457371.0,2,0.003440421,0.001676863,0.001472547,2.13695,0.6593502,-9.574769
IMU,322497478.0,2,-0.003562145,0.006863285,0.001352967,2.166152,0.6029842,-9.388866
IMU,322537913.0,2,0.004118643,-0.005447184,-0.0009358531,2.153274,0.6303738,-9.401964
IMU,322577168.0,2,-0.0004299656,0.002240238,0.002318425,2.138652,0.6438587,-9.496516
IMU,322617177.0,2,0.0006508419,0.002310957,0.0005348953,2.146142,0.6457093,-9.438879
IMU,322657194.0,2,0.0006065915,0.001670993,0.001373751,2.153199,0.6206859,-9.468041
IMU,322697668.0,2,0.001905824,0.001590691,0.0003470118,2.149983,0.6352784,-9.474848
IMU,322737909.0,2,9.09572e-05,0.0009149787,0.0008955852,2.155597,0.6334876,-9.434319
IMU,322777221.0,2,0.001186734,0.0006923669,0.0005360213,2.144823,0.6290938,-9.443293
IMU,322817495.0,2,0.0001608492,0.002509637,0.0002997945,2.152802,0.6352134,-9.454237
IMU,322857377.0,2,0.003112277,0.0006424809,0.0004619706,2.156116,0.6316931,-9.44575
IMU,322897705.0,2,-0.0003330123,0.002004836,0.0009339762,2.147551,0.6304559,-9.466092
IMU,322938021.0,2,0.003218335,0.0008503505,0.0004243333,2.156087,0.6292471,-9.422385
IMU,322977172.0,2,-0.0006949776,0.0009555552,0.000902952,2.14763,0.6366575,-9.44722
IMU,323017878.0,2,0.0001463041,0.0007310534,0.0002300087,2.146798,0.6288058,-9.476797
IMU,323057872.0,2,0.0009178654,0.001118299,0.001540442,2.150726,0.6419281,-9.457716
IMU,323098141.0,2,-0.0001005598,0.000196525,-5.509563e-05,2.151093,0.625177,-9.464577
IMU,323137666.0,2,0.001085064,0.001347157,0.0007431427,2.15032,0.638526,-9.4307
IMU,323179052.0,2,-0.0003688055,0.0001535536,0.0007224643,2.147607,0.6260905,-9.453245
IMU,323219424.0,2,0.001238759,0.0009419732,-0.0002349185,2.151494,0.6347384,-9.441366
IMU,323259681.0,2,0.0003562077,0.00110917,4.923408e-05,2.143736,0.6305032,-9.442401
IMU,323299892.0,2,0.0004003126,0.001492921,0.0009067277,2.168197,0.6220373,-9.483748
IMU,323339181.0,2,-0.0004091855,0.002669587,0.0008997981,2.146419,0.636257,-9.450978
IMU,323380589.0,2,0.0009069787,-0.00101264,0.001129811,2.153858,0.6285042,-9.436059
IMU,323421004.0,2,0.0007801832,4.117624e-05,0.0001229861,2.142878,0.6340296,-9.437392
IMU,323461374.0,2,0.001013069,0.0007672968,0.001280559,2.152571,0.6282732,-9.449614
IMU,323501227.0,2,0.0006863719,0.0007078635,0.0001040288,2.161981,0.629361,-9.445763
IMU,323541414.0,2,0.001884968,0.0005799616,0.000597543,2.160326,0.6213741,-9.455564
IMU,323582885.0,2,0.0003606494,0.001509896,0.0008043741,2.151276,0.630483,-9.445141
