ARM,2397184618.0,0.0
AHR2,2396454667.0,-1.15,-3.58,92.3,464.59,43.2382589,-7.6819458
AHR2,2396558199.0,-1.43,-3.17,92.38,464.79,43.2382583,-7.6819411
AHR2,2396663728.0,-1.3,-3.06,92.76,464.78,43.2382575,-7.6819347
AHR2,2396767712.0,-1.39,-2.43,92.79,465.05,43.2382569,-7.68193
AHR2,2396873028.0,-1.53,-1.84,93.03,465.04,43.2382563,-7.681926
AHR2,2396976520.0,-1.53,-1.6,93.07,465.2,43.2382557,-7.6819214
AHR2,2397081758.0,-1.95,-0.71,93.33,465.25,43.2382553,-7.6819164
AHR2,2397185736.0,-1.94,0.06,93.29,464.96,43.2382548,-7.6819118
AHR2,2397286836.0,-0.68,1.51,93.36,464.95,43.238254,-7.681908
AHR2,2397386969.0,2.08,4.78,92.52,464.24,43.2382535,-7.6819037
AHR2,2397488499.0,5.24,8.51,91.48,464.13,43.2382531,-7.6819005
AHR2,2397588496.0,8.49,12.31,90.6,464.02,43.2382525,-7.6818963
AHR2,2397689448.0,11.61,16.14,89.79,463.99,43.238252,-7.6818905
AHR2,2397789437.0,14.43,19.99,88.89,463.87,43.2382516,-7.6818863
AHR2,2397890748.0,16.64,23.74,87.83,463.63,43.2382508,-7.6818823
AHR2,2397990772.0,18.01,27.13,86.46,463.02,43.2382502,-7.6818782
AHR2,2398092217.0,18.39,29.85,84.6,462.52,43.23825,-7.6818741
AHR2,2398192836.0,17.55,31.56,82.07,462.3,43.2382495,-7.68187
AHR2,2398293993.0,14.38,26.69,77.38,461.59,43.2382488,-7.681867
AHR2,2398394045.0,-7.16,5.97,77.56,460.81,43.2382482,-7.6818633
AHR2,2398495191.0,7.6,5.1,74.27,457.16,43.2382482,-7.681862
AHR2,2398595271.0,10.91,5.0,70.76,457.77,43.2382478,-7.6818589
AHR2,2398695244.0,-4.76,6.25,69.86,458.16,43.2382514,-7.681855
AHR2,2398795482.0,-17.1,6.17,71.2,458.38,43.2382525,-7.6818518
AHR2,2398895742.0,-13.95,6.31,71.5,458.25,43.2382519,-7.6818585
AHR2,2398996127.0,-14.56,6.76,71.4,458.13,43.2382524,-7.6818586
AHR2,2399096343.0,-14.39,6.78,71.5,458.27,43.2382519,-7.6818572
AHR2,2399196703.0,-14.22,6.82,71.57,458.35,43.238252,-7.6818567
AHR2,2399296730.0,-14.1,6.87,71.63,458.4,43.2382515,-7.6818573
AHR2,2399396856.0,-14.0,6.92,71.7,458.39,43.2382514,-7.6818571
AHR2,2399498084.0,-13.9,6.95,71.77,458.36,43.2382511,-7.6818575
AHR2,2399599013.0,-13.8,7.0,71.83,458.3,43.2382509,-7.6818573
AHR2,2399700459.0,-13.71,7.03,71.89,458.35,43.2382506,-7.6818579
AHR2,2399803012.0,-13.61,7.06,71.96,458.28,43.2382506,-7.6818579
AHR2,2399904435.0,-13.52,7.09,72.02,458.22,43.2382501,-7.6818583
AHR2,2400004682.0,-13.43,7.12,72.08,458.33,43.2382501,-7.6818582
AHR2,2400106422.0,-13.34,7.16,72.15,458.24,43.2382499,-7.6818586
AHR2,2400209411.0,-13.26,7.2,72.21,458.02,43.2382496,-7.681859
ATT,2396454005.0,-1.579828,-1.480529,-3.753534,-3.880196,98.72355,100.626
ATT,2396557626.0,-1.633265,-1.743119,-3.675667,-3.440883,98.72418,100.4024
ATT,2396662994.0,-1.669797,-1.604989,-3.399613,-3.314504,98.72136,100.533
ATT,2396767089.0,-1.703025,-1.664252,-3.024174,-2.68812,98.71674,100.3253
ATT,2396872487.0,-1.870585,-1.800123,-2.408427,-2.099108,98.71112,100.2995
ATT,2396975875.0,-2.151487,-1.790043,-1.660767,-1.863651,98.70298,100.107
ATT,2397081174.0,-2.399448,-2.210796,-0.8210484,-0.9403344,98.68896,100.1037
ATT,2397184884.0,-2.46131,-2.19674,0.06724101,-0.135337,98.67031,99.85504
ATT,2397286200.0,-1.307936,-0.9387794,0.05832786,1.367518,99.79065,99.77666
ATT,2397386311.0,-0.6677543,1.829516,0.02977896,4.693532,98.83325,98.8606
ATT,2397487972.0,-0.3369984,4.874856,0.01502881,8.505075,97.64316,97.71653
ATT,2397587877.0,-0.1720572,7.861743,0.007673556,12.39435,96.58135,96.70097
ATT,2397688805.0,-0.0873481,10.99352,0.003895733,16.60595,95.61036,95.78031
ATT,2397788729.0,-0.04459446,13.88884,0.001987797,20.90928,94.59389,94.81337
ATT,2397890198.0,-0.02263088,16.22088,0.001009201,25.10455,93.43707,93.70059
ATT,2397990189.0,-0.01151466,17.72062,0.0005135838,28.9305,91.99679,92.2939
ATT,2398091533.0,-0.005841564,18.22594,0.0002604855,32.10844,90.09176,90.40724
ATT,2398192185.0,-0.002969818,17.44071,0.0001327698,34.28946,87.48553,87.79545
ATT,2398293295.0,-0.001498122,14.08839,6.62661e-05,29.93089,82.67836,82.91828
ATT,2398393496.0,-0.0007648522,-7.468027,3.530205e-05,9.183962,82.50871,82.39629
ATT,2398494653.0,-0.0004075944,7.01317,1.825189e-05,9.47867,79.07248,79.17819
ATT,2398594695.0,-0.0004002386,9.808578,1.775889e-05,11.0883,75.82838,75.97665
ATT,2398694688.0,-0.0003926714,-6.669045,1.724247e-05,11.51797,75.04847,74.94724
ATT,2398794742.0,-0.0003856058,-19.64071,1.675114e-05,9.939834,76.91815,76.62669
ATT,2398895061.0,-0.0003777882,-16.69641,1.619726e-05,9.714961,77.27834,77.0294
ATT,2398995457.0,-0.0003777883,-17.39673,1.61973e-05,10.09778,77.07894,76.81956
ATT,2399095751.0,-0.0003700788,-17.37279,1.563983e-05,10.05463,77.10417,76.84517
ATT,2399195997.0,-0.0003700789,-17.36949,1.563993e-05,10.03719,77.09994,76.841
ATT,2399296101.0,-0.0003627735,-17.38167,1.510063e-05,10.05138,77.08507,76.82596
ATT,2399396223.0,-0.0003627735,-17.40289,1.510068e-05,10.06928,77.06689,76.80744
ATT,2399497527.0,-0.0003543305,-17.40902,1.446483e-05,10.07886,77.04702,76.78748
ATT,2399598229.0,-0.0003472935,-17.41947,1.392222e-05,10.10004,77.01465,76.75492
ATT,2399699686.0,-0.0003321554,-17.41032,1.329573e-05,10.13729,76.92151,76.6619
ATT,2399802480.0,-0.0003252621,-17.39287,1.329579e-05,10.17552,76.81969,76.5603
ATT,2399903757.0,-0.000325262,-17.35643,1.329579e-05,10.22963,76.68105,76.42213
ATT,2400004088.0,-0.0003252619,-17.33139,1.329585e-05,10.26758,76.56628,76.30772
ATT,2400105763.0,-0.0003182125,-17.29752,1.32959e-05,10.31356,76.44568,76.18756
ATT,2400208680.0,-0.0003182125,-17.27316,1.329591e-05,10.35354,76.34255,76.08474
BARO,2396486802.0,0,2.23291,467.4729,96755.02
BARO,2396590242.0,0,2.227264,467.4673,96755.08
BARO,2396695782.0,0,2.492889,467.7329,96752.23
BARO,2396799685.0,0,2.487244,467.7272,96752.27
BARO,2396905054.0,0,2.642639,467.8826,96750.6
BARO,2397008453.0,0,2.690674,467.9307,96750.07
BARO,2397113485.0,0,2.408112,467.6481,96753.13
BARO,2397217621.0,0,2.393982,467.634,96753.3
BARO,2397318996.0,0,1.684723,466.9247,96760.98
BARO,2397419488.0,0,1.571716,466.8117,96762.19
BARO,2397521018.0,0,1.464325,466.7043,96763.36
BARO,2397621418.0,0,1.438904,466.6789,96763.63
BARO,2397721681.0,0,1.317383,466.5574,96764.96
BARO,2397821980.0,0,1.077209,466.3172,96767.56
BARO,2397923066.0,0,0.4611816,465.7012,96774.22
BARO,2398023634.0,0,-0.03897095,465.201,96779.63
BARO,2398124202.0,0,-0.2565308,464.9835,96782.01
BARO,2398225894.0,0,-0.9657898,464.2742,96789.7
BARO,2398326066.0,0,-1.742859,463.4971,96798.1
BARO,2398425848.0,0,-5.396515,459.8435,96837.72
BARO,2398527080.0,0,-4.789001,460.451,96831.13
BARO,2398627033.0,0,-4.390564,460.8494,96826.82
BARO,2398727070.0,0,-4.17865,461.0613,96824.52
BARO,2398827612.0,0,-4.302979,460.937,96825.88
BARO,2398927692.0,0,-4.421661,460.8183,96827.15
BARO,2399028117.0,0,-4.280365,460.9596,96825.63
BARO,2399128097.0,0,-4.209717,461.0303,96824.84
BARO,2399228662.0,0,-4.150391,461.0896,96824.22
BARO,2399328714.0,0,-4.16452,461.0755,96824.36
BARO,2399429840.0,0,-4.19278,461.0472,96824.66
BARO,2399530230.0,0,-4.254944,460.985,96825.34
BARO,2399631660.0,0,-4.206879,461.0331,96824.8
BARO,2399732415.0,0,-4.274719,460.9653,96825.56
BARO,2399833998.0,0,-4.331238,460.9088,96826.16
BARO,2399934036.0,0,-4.223846,461.0161,96824.99
BARO,2400035193.0,0,-4.311432,460.9286,96825.95
BARO,2400136221.0,0,-4.534668,460.7053,96828.36
BARO,2400237057.0,0,-4.269073,460.9709,96825.49
BARO,2396486802.0,1,2.117065,467.3571,96736.46
BARO,2396590242.0,1,2.207489,467.4475,96735.47
BARO,2396695782.0,1,2.201843,467.4418,96735.54
BARO,2396799685.0,1,2.244232,467.4842,96735.07
BARO,2396905054.0,1,2.580475,467.8205,96731.44
BARO,2397008453.0,1,2.297913,467.5379,96734.51
BARO,2397113485.0,1,2.312042,467.552,96734.34
BARO,2397217621.0,1,2.521149,467.7611,96732.06
BARO,2397318996.0,1,1.478455,466.7184,96743.37
BARO,2397419488.0,1,1.574524,466.8145,96742.33
BARO,2397521018.0,1,1.509552,466.7495,96743.02
BARO,2397621418.0,1,1.557587,466.7976,96742.52
BARO,2397721681.0,1,1.218475,466.4585,96746.18
BARO,2397821980.0,1,0.8257141,466.0657,96750.45
BARO,2397923066.0,1,0.4442444,465.6842,96754.57
BARO,2398023634.0,1,-0.08981323,465.1502,96760.36
BARO,2398124202.0,1,-0.4317322,464.8083,96764.05
BARO,2398225894.0,1,-0.9714355,464.2686,96769.9
BARO,2398326066.0,1,-1.556366,463.6836,96776.25
BARO,2398425848.0,1,-5.910797,459.3292,96823.45
BARO,2398527080.0,1,-4.777679,460.4623,96811.16
BARO,2398627033.0,1,-4.257751,460.9822,96805.52
BARO,2398727070.0,1,-4.514893,460.7251,96808.32
BARO,2398827612.0,1,-4.619446,460.6205,96809.44
BARO,2398927692.0,1,-4.44989,460.7901,96807.6
BARO,2399028117.0,1,-4.46402,460.776,96807.77
BARO,2399128097.0,1,-4.424469,460.8155,96807.33
BARO,2399228662.0,1,-4.616608,460.6234,96809.41
BARO,2399328714.0,1,-4.430115,460.8099,96807.38
BARO,2399429840.0,1,-4.254944,460.985,96805.49
BARO,2399530230.0,1,-4.319916,460.9201,96806.2
BARO,2399631660.0,1,-4.356659,460.8833,96806.59
BARO,2399732415.0,1,-4.317108,460.9229,96806.16
BARO,2399833998.0,1,-4.39621,460.8438,96807.04
BARO,2399934036.0,1,-4.404694,460.8353,96807.11
BARO,2400035193.0,1,-4.407532,460.8325,96807.15
BARO,2400136221.0,1,-4.483826,460.7562,96807.98
BARO,2400237057.0,1,-4.410339,460.8297,96807.18
GPS,2396443041.0,4,25,43.2382595,-7.6819516,466.11,3.738,-0.477,0.0
GPS,2396607978.0,4,25,43.2382584,-7.6819425,466.18,3.738,-0.295,0.0
GPS,2396822259.0,4,25,43.2382572,-7.6819335,466.24,3.677,-0.278,0.0
GPS,2397011692.0,4,25,43.2382561,-7.6819246,466.29,3.627,-0.24,0.0
GPS,2397222884.0,4,25,43.238255,-7.6819158,466.32,3.548,-0.072,0.0
GPS,2397444840.0,4,25,43.2382539,-7.6819072,466.22,3.455,1.004,0.0
GPS,2397606201.0,4,25,43.2382529,-7.6818988,465.85,3.423,3.016,0.0
GPS,2397808985.0,4,25,43.2382519,-7.6818904,465.04,3.401,4.905,0.0
GPS,2398010486.0,4,23,43.2382509,-7.6818821,463.93,3.347,6.456,0.0
GPS,2398213021.0,4,25,43.2382498,-7.6818743,462.49,3.065,8.041,0.0
GPS,2398434027.0,4,25,43.2382488,-7.6818675,460.85,2.557,8.979,0.0
GPS,2398614846.0,4,25,43.2382494,-7.6818613,459.83,2.863,1.625,0.0
GPS,2398815142.0,4,25,43.238251,-7.6818583,459.75,0.555,-0.518,0.0
GPS,2399016133.0,4,25,43.2382517,-7.681858,459.88,0.372,-0.73,0.0
GPS,2399216441.0,4,25,43.2382517,-7.6818576,460.0,0.193,-0.545,0.0
GPS,2399437726.0,4,25,43.2382513,-7.6818577,460.06,0.204,-0.388,0.0
GPS,2399618755.0,4,25,43.2382506,-7.681858,460.11,0.044,-0.233,0.0
GPS,2399820094.0,4,25,43.2382502,-7.6818584,460.17,0.08800001,-0.109,0.0
GPS,2400021872.0,4,25,43.2382499,-7.6818586,460.23,0.054,-0.087,0.0
IMU,2396440044.0,0,-0.01172522,0.0247552,-0.03653762,-0.2953134,-0.5670488,-10.19915
IMU,2396481894.0,0,0.06350304,0.03570271,0.04061553,-1.622687,0.9184352,-9.256267
IMU,2396521847.0,0,-0.01395934,-0.005383443,-0.0008396137,0.5013427,-0.2176551,-10.13065
IMU,2396565108.0,0,0.008656256,-0.03203588,0.0203855,-0.232838,-0.449614,-10.48744
IMU,2396605664.0,0,-0.1515895,-0.02023712,-0.03773579,-0.5803673,0.4912532,-9.699384
IMU,2396650192.0,0,-0.04320769,-0.01859477,-0.05034911,-0.2171804,0.4323092,-10.21739
IMU,2396691051.0,0,-0.04880957,0.258779,0.02828981,-1.283072,-0.5296769,-8.725851
IMU,2396731240.0,0,0.06259491,0.003228821,-0.04800741,0.06354982,0.4260414,-9.226137
IMU,2396774618.0,0,-0.003180971,0.03883484,0.000339311,-1.199058,-0.6193046,-8.675718
IMU,2396814977.0,0,0.1161677,-0.02460814,-0.05543247,-0.09895337,0.5018433,-10.31658
IMU,2396860089.0,0,0.01744479,0.006052847,-0.09713858,0.1520068,-0.5718471,-10.26299
IMU,2396900268.0,0,-0.1157823,-0.01856797,0.06097521,-0.2457529,1.617936,-9.483334
IMU,2396940474.0,0,-0.04542853,0.1905137,0.00506606,-0.8403552,-0.7298604,-8.448931
IMU,2396983484.0,0,0.01252219,0.2182877,0.04087922,-0.6511067,0.5390105,-8.99163
IMU,2397027771.0,0,-0.1782247,0.1289447,0.008689864,-0.5843757,-0.0630033,-9.658566
IMU,2397071040.0,0,-0.1399106,0.07303861,-0.03925334,-0.475982,0.05030394,-10.02216
IMU,2397111239.0,0,-0.05228876,0.1936616,-0.03677535,-1.267835,0.2311022,-9.562168
IMU,2397151279.0,0,0.112651,0.01776187,-0.002540013,0.5904545,0.814642,-8.968758
IMU,2397195265.0,0,0.09535595,0.1169874,0.01325995,-0.3314411,1.00468,-9.060684
IMU,2397236688.0,0,0.03382608,0.1668248,0.01495843,2.30447,-3.225637,-3.32408
IMU,2397276196.0,0,0.3325416,0.4246455,-0.02771075,-1.200867,0.7402667,-1.711844
IMU,2397316026.0,0,0.4679424,0.5405988,-0.1312099,-0.2515738,0.3104658,-0.969671
IMU,2397356739.0,0,0.5063383,0.6200952,-0.1820683,-0.105513,-0.1796729,-0.5256928
IMU,2397396531.0,0,0.4982051,0.6230755,-0.2036291,-0.1602378,-0.01530357,-0.5186755
IMU,2397436986.0,0,0.5471573,0.6364269,-0.2263778,-0.130365,0.0485993,-0.4971305
IMU,2397477834.0,0,0.5551343,0.643675,-0.2382122,-0.1280042,-0.03095576,-0.5821042
IMU,2397518413.0,0,0.5425116,0.6467683,-0.241453,-0.1272582,-0.05506306,-0.6517352
IMU,2397558277.0,0,0.5535748,0.6497772,-0.245076,-0.1061748,-0.02197164,-0.6595095
IMU,2397597976.0,0,0.5720428,0.6780762,-0.2483117,-0.1130641,-0.008727255,-0.7684478
IMU,2397638695.0,0,0.5861667,0.6882799,-0.2653337,-0.07426885,-0.03221232,-0.9070438
IMU,2397678972.0,0,0.580902,0.6948577,-0.2750581,-0.06420244,-0.07044756,-1.010172
IMU,2397718974.0,0,0.5720095,0.6988119,-0.2951745,-0.04330541,-0.07721537,-1.081634
IMU,2397758641.0,0,0.5619,0.6992341,-0.3219428,-0.01562134,-0.0782543,-1.195964
IMU,2397798974.0,0,0.5370592,0.6834596,-0.3385283,0.00098741,-0.1203665,-1.340205
IMU,2397840214.0,0,0.5002668,0.6675673,-0.355094,0.006479976,-0.1192404,-1.415229
IMU,2397879857.0,0,0.4508029,0.6393623,-0.3705376,0.03949937,-0.1419058,-1.523334
IMU,2397920210.0,0,0.4038467,0.6029745,-0.3825532,0.06036439,-0.1432182,-1.609594
IMU,2397962661.0,0,0.3591346,0.5543892,-0.3994704,0.1015009,-0.1651658,-1.672608
IMU,2398002714.0,0,0.3130873,0.5018742,-0.4144286,0.1099041,-0.1764107,-1.693896
IMU,2398043712.0,0,0.2706369,0.4480904,-0.4280635,0.1339702,-0.1992115,-1.757027
IMU,2398084041.0,0,0.2205036,0.3881337,-0.4416541,0.178116,-0.2381986,-1.935943
IMU,2398124471.0,0,0.1557733,0.3140551,-0.4484023,0.2240305,-0.2512902,-2.045644
IMU,2398165024.0,0,0.1107663,0.2146251,-0.4736561,0.2621082,-0.3010299,-2.306325
IMU,2398205007.0,0,0.02647457,0.1040346,-0.499837,0.3190863,-0.3263153,-2.428815
IMU,2398245985.0,0,0.2886313,-0.6479369,-0.4056316,1.522173,0.02761848,-3.565931
IMU,2398286210.0,0,0.3077454,-0.9624045,-0.2992197,3.636312,-2.109367,-3.913688
IMU,2398326415.0,0,-5.646508,-7.693651,-0.8687559,2.309909,-10.79132,-4.972222
IMU,2398368191.0,0,-10.99067,-0.9205078,0.4046666,-35.89445,6.446959,-89.66701
IMU,2398408258.0,0,1.89001,0.9517356,0.4636503,-4.620527,-6.828747,2.61096
IMU,2398449523.0,0,3.590544,0.4660015,-0.5515839,1.049364,-5.88117,-2.388279
IMU,2398489837.0,0,2.911667,-0.09911322,-0.5756102,1.140377,-1.246929,-0.571947
IMU,2398529471.0,0,1.665062,-0.06768629,-0.6081299,3.043283,-2.003587,-1.824886
IMU,2398569453.0,0,-0.03592085,0.3838873,-0.6269602,3.823432,-1.6778,-2.152617
IMU,2398610069.0,0,-1.351028,0.400329,-0.4588191,4.315062,-2.692518,-3.557906
IMU,2398649801.0,0,-2.804557,0.1246799,-0.2561982,3.842803,-3.273563,-4.460348
IMU,2398689447.0,0,-3.745486,-0.2857469,0.01481645,3.458982,-2.298112,-6.782592
IMU,2398729497.0,0,-4.056993,-0.3894026,0.2491553,1.870652,0.8574972,-10.75522
IMU,2398769500.0,0,-1.853779,-0.2681664,0.2976514,0.6865709,7.180055,-21.70852
IMU,2398810453.0,0,0.8105478,-0.2048803,0.03471556,-0.1429152,4.86286,-13.02562
IMU,2398850429.0,0,0.6741906,-0.0761159,0.1390795,1.536883,-0.2892799,-7.201202
IMU,2398889860.0,0,0.1221535,0.02217534,-0.0437066,1.361584,-0.5607474,-6.814139
IMU,2398930220.0,0,-0.3185571,0.1114347,-0.03532303,1.173091,1.215135,-9.751549
IMU,2398970043.0,0,-0.02705812,0.1013058,0.01546804,1.953047,2.398898,-11.20926
IMU,2399011103.0,0,0.09719023,-0.09131746,0.01224574,1.94196,0.9597052,-9.600172
IMU,2399050981.0,0,-0.03277011,-0.01886166,0.01206063,1.014511,1.087905,-9.14303
IMU,2399090534.0,0,-0.01104076,0.05792142,-0.007300803,1.445825,1.40925,-9.985835
IMU,2399130619.0,0,0.001071603,-0.01982267,0.002858509,1.909595,1.196135,-9.769882
IMU,2399170807.0,0,-0.00135294,-0.006968475,0.006412324,1.282505,1.313658,-9.600236
IMU,2399211273.0,0,-0.00432644,0.01330133,0.0005091809,1.585211,1.222292,-9.694263
IMU,2399251445.0,0,-0.003562508,-0.004637249,0.002237611,1.601024,1.338817,-9.755907
IMU,2399291063.0,0,0.001132388,-0.005338044,0.003622984,1.488741,1.228227,-9.661221
IMU,2399331121.0,0,-0.005567033,0.005308412,0.003584524,1.509761,1.269312,-9.66597
IMU,2399371018.0,0,-0.004550268,-0.003168782,0.001472137,1.596805,1.2788,-9.721578
IMU,2399411847.0,0,-0.003234546,-0.004365174,0.002190483,1.505872,1.260025,-9.670221
IMU,2399452117.0,0,-0.003092444,-6.387309e-05,0.002630568,1.544226,1.272731,-9.703406
IMU,2399492031.0,0,-0.00015892,-0.006401074,0.003329452,1.529913,1.267124,-9.691203
IMU,2399532844.0,0,-0.004738132,-0.0009331617,0.002592292,1.500853,1.275987,-9.655834
IMU,2399573470.0,0,-0.002650025,-0.0004558263,0.002184162,1.551685,1.283743,-9.673362
IMU,2399613817.0,0,-0.003216625,-0.004144797,0.002302718,1.518829,1.267383,-9.674509
IMU,2399654203.0,0,-0.003125013,-0.002610757,0.002445423,1.533069,1.269715,-9.699265
IMU,2399694260.0,0,-0.002575856,-0.004133403,0.002982736,1.530157,1.270769,-9.700354
IMU,2399735236.0,0,-0.003702467,-0.003605703,0.002577995,1.541354,1.252779,-9.685746
IMU,2399774651.0,0,-0.00272457,-0.004556326,0.0009787586,1.535103,1.28064,-9.684288
IMU,2399814689.0,0,-0.001731765,-0.0006690642,0.001672826,1.525827,1.270041,-9.682939
IMU,2399855998.0,0,-0.003107936,-0.002157971,0.00233704,1.540095,1.280207,-9.668095
IMU,2399896322.0,0,-0.00187813,-0.003590017,0.003258541,1.535022,1.271973,-9.708709
IMU,2399936078.0,0,-0.002756794,-0.002062618,0.00298647,1.540142,1.270914,-9.680095
IMU,2399976000.0,0,-0.002793326,-0.004252463,0.001857904,1.54353,1.28817,-9.689778
IMU,2400016642.0,0,-0.00282097,-0.002310153,0.001920213,1.535134,1.263667,-9.672255
IMU,2400057729.0,0,-0.002565924,-0.001880742,0.003209299,1.543016,1.274433,-9.69021
IMU,2400097722.0,0,-0.00223187,-0.001777768,0.002121117,1.533927,1.276161,-9.700051
IMU,2400138111.0,0,-0.002779347,-0.001155739,0.00227874,1.54982,1.277476,-9.722995
IMU,2400178988.0,0,-0.002855999,-0.001986787,0.003242832,1.532663,1.277774,-9.681952
IMU,2400219424.0,0,-0.002576713,-0.001153439,0.003024823,1.535491,1.271342,-9.687864
IMU,2400259222.0,0,-0.003782792,-0.0008624769,0.002290865,1.544824,1.266928,-9.678078
IMU,2400299249.0,0,-0.002873118,0.0001480344,0.00290174,1.522639,1.265231,-9.670321
IMU,2400339680.0,0,-0.00483287,0.003199104,0.00169891,1.533206,1.298718,-9.704245
IMU,2396440044.0,1,-0.005268566,-0.002323661,0.01551584,-0.2650133,-0.1328428,-10.75676
IMU,2396481894.0,1,-0.003833671,0.006490577,0.01087312,-1.670546,0.1929448,-8.882424
IMU,2396521847.0,1,-0.03170853,0.08043648,0.01218811,0.4843552,0.4432538,-9.745364
IMU,2396565108.0,1,-0.01961918,0.03051097,0.0278432,0.1773198,-0.15586,-10.96937
IMU,2396605664.0,1,-0.1180323,-0.02659115,-0.05226287,-0.7474495,0.8285276,-9.548111
IMU,2396650192.0,1,-0.05765917,0.04223743,-0.03255378,0.4334217,1.191525,-9.821156
IMU,2396691051.0,1,-0.01715897,0.1786503,-0.01563518,-0.9164094,-0.821053,-8.588861
IMU,2396731240.0,1,0.01465288,0.05024388,0.0002657829,-0.3677432,0.412244,-9.529438
IMU,2396774618.0,1,0.0074594,0.0397552,0.00149053,-0.9370689,-0.8141785,-9.054451
IMU,2396814977.0,1,0.07084969,-0.01029358,-0.05156659,-0.220274,0.6723508,-10.39344
IMU,2396860089.0,1,0.004931935,-0.002736371,-0.01184517,0.4890112,-0.5764447,-10.36322
IMU,2396900268.0,1,-0.05463993,-0.02842073,0.02751018,-0.7255998,2.050468,-8.354541
IMU,2396940474.0,1,-0.05624757,0.2815918,0.01106222,-1.562326,-0.2962866,-7.817006
IMU,2396983484.0,1,-0.002393196,0.1653633,-0.003827592,-0.4656683,0.4849491,-9.05059
IMU,2397027771.0,1,-0.1559345,0.100267,-0.02217792,-0.7742616,0.8598383,-8.909691
IMU,2397071040.0,1,-0.1321837,0.1294992,-0.02706896,-0.4958947,0.8532145,-9.890895
IMU,2397111239.0,1,-0.01537769,0.03953266,-0.07098366,-1.610772,0.1685529,-9.254428
IMU,2397151279.0,1,-0.03825866,0.1314009,0.04322506,1.190737,1.012751,-8.620811
IMU,2397195265.0,1,0.03897277,0.1255605,0.006429356,-0.7207942,0.7048485,-8.238039
IMU,2397236688.0,1,0.1053149,0.2118724,0.04306015,3.08089,-2.440469,-4.034983
IMU,2397276196.0,1,0.322813,0.3846734,-0.03244689,-0.9016251,1.690419,-1.016225
IMU,2397316026.0,1,0.4208397,0.4908866,-0.09532146,-0.2414834,0.7487137,-0.8748139
IMU,2397356739.0,1,0.4715822,0.5654572,-0.1423137,-0.08865768,0.1416587,-0.484119
IMU,2397396531.0,1,0.4638962,0.5708576,-0.1652926,-0.2120268,0.4581684,-0.4759021
IMU,2397436986.0,1,0.5088508,0.5928349,-0.1782485,-0.07137152,0.4675926,-0.5374004
IMU,2397477834.0,1,0.5172583,0.5900469,-0.1926398,-0.07562181,0.3633502,-0.4601664
IMU,2397518413.0,1,0.5032836,0.6010675,-0.1916358,-0.0745163,0.4428522,-0.6024748
IMU,2397558277.0,1,0.5141684,0.5984716,-0.197699,-0.09758712,0.3934307,-0.6393393
IMU,2397597976.0,1,0.5335099,0.6269506,-0.2036277,-0.003508539,0.3698972,-0.4901443
IMU,2397638695.0,1,0.546972,0.6410971,-0.2127386,-0.03592309,0.3872894,-0.7913551
IMU,2397678972.0,1,0.5445601,0.6393731,-0.2242082,0.0798951,0.2766407,-0.9605094
IMU,2397718974.0,1,0.5324386,0.6438931,-0.2435556,-0.05493058,0.2164264,-0.9424552
IMU,2397758641.0,1,0.5206994,0.6476808,-0.2680728,-0.05001058,0.2419339,-1.122954
IMU,2397798974.0,1,0.4978177,0.6304271,-0.2864199,0.05280909,0.2364354,-1.245112
IMU,2397840214.0,1,0.4564391,0.6188851,-0.3025509,0.08393111,0.2180744,-1.341639
IMU,2397879857.0,1,0.4096116,0.5853162,-0.3235325,0.05824156,0.3145123,-1.293974
IMU,2397920210.0,1,0.3599145,0.5540585,-0.3362001,0.08401805,0.2133269,-1.464211
IMU,2397962661.0,1,0.3156973,0.5149071,-0.3491535,0.1328245,0.2279777,-1.548749
IMU,2398002714.0,1,0.2726184,0.4556792,-0.3660911,0.1324073,0.268795,-1.751165
IMU,2398043712.0,1,0.2251307,0.4069799,-0.3821148,0.1373988,0.04269243,-1.657938
IMU,2398084041.0,1,0.1794748,0.3432207,-0.3998136,0.1845732,0.1364672,-1.6956
IMU,2398124471.0,1,0.11322,0.2782357,-0.4077645,0.1966418,0.229649,-1.799464
IMU,2398165024.0,1,0.0699662,0.1899436,-0.4312362,0.2345167,0.06863537,-2.241027
IMU,2398205007.0,1,0.002916631,0.1053298,-0.4684232,0.378005,0.1394222,-2.279561
IMU,2398245985.0,1,0.2252987,-0.594277,-0.3765073,1.476582,0.2596261,-3.346574
IMU,2398286210.0,1,0.2827568,-0.8833952,-0.2867547,5.156092,-3.863912,-7.481364
IMU,2398326415.0,1,-5.54253,-7.297198,-1.102694,4.526238,-10.49423,-9.686692
IMU,2398368191.0,1,-9.99449,-1.469589,-0.05718525,-32.91957,16.16515,-110.5444
IMU,2398408258.0,1,2.53669,0.9944543,0.1900558,-2.657533,-26.70602,1.366547
IMU,2398449523.0,1,3.539706,0.4267792,-0.4139655,1.570555,-5.303351,-3.674637
IMU,2398489837.0,1,2.843085,-0.1371922,-0.4220707,1.301219,-0.8960117,-0.6152873
IMU,2398529471.0,1,1.648403,-0.08328914,-0.5019786,3.039971,-1.58834,-2.133238
IMU,2398569453.0,1,-0.01638356,0.3400482,-0.5798414,3.69941,-1.260653,-2.316815
IMU,2398610069.0,1,-1.303156,0.3837979,-0.47682,4.288127,-2.411871,-3.838255
IMU,2398649801.0,1,-2.732238,0.1640287,-0.3487252,3.71934,-2.94274,-4.531604
IMU,2398689447.0,1,-3.674661,-0.2181764,-0.1304448,3.30764,-1.983299,-6.880588
IMU,2398729497.0,1,-4.014276,-0.3166752,0.06999931,1.705096,0.9400682,-10.7095
IMU,2398769500.0,1,-1.914579,-0.2306558,0.1913719,0.7505673,7.601012,-21.20143
IMU,2398810453.0,1,0.7740663,-0.2082514,0.06285853,-0.1116809,4.812817,-12.49965
IMU,2398850429.0,1,0.6405383,-0.07287032,0.1379429,1.484302,0.09139786,-6.936849
IMU,2398889860.0,1,0.109983,0.02653084,-0.02770193,1.358567,-0.2930342,-6.914484
IMU,2398930220.0,1,-0.3185491,0.1181508,-0.04006582,1.224091,1.526742,-9.663598
IMU,2398970043.0,1,-0.03121634,0.105207,0.01350243,1.970934,2.680096,-11.1278
IMU,2399011103.0,1,0.06840324,-0.08196241,0.02031842,1.890171,1.192593,-9.569286
IMU,2399050981.0,1,-0.02539138,-0.01670713,0.01385152,1.016631,1.44161,-9.049304
IMU,2399090534.0,1,-0.01219107,0.06180789,-0.001573154,1.539005,1.637497,-9.92417
IMU,2399130619.0,1,-0.002496634,-0.009590364,0.006342806,1.982057,1.483156,-9.507701
IMU,2399170807.0,1,-0.001357667,-0.003632972,0.00508698,1.343647,1.523984,-9.5043
IMU,2399211273.0,1,-0.005166884,0.02365744,0.001254236,1.538501,1.397169,-9.54631
IMU,2399251445.0,1,-0.003276801,0.005826157,0.003297927,1.571336,1.633405,-9.502493
IMU,2399291063.0,1,-0.003464888,-0.003365502,0.005995229,1.517942,1.448336,-9.556361
IMU,2399331121.0,1,-0.004187319,0.01518913,-0.0003580522,1.526769,1.566912,-9.513453
IMU,2399371018.0,1,-0.005810172,0.009625509,-0.0004034681,1.641041,1.554983,-9.371704
IMU,2399411847.0,1,-0.006785438,-0.001101108,0.003664359,1.53722,1.52966,-9.582947
IMU,2399452117.0,1,-0.002235176,-0.0002668404,0.0004274735,1.521381,1.584502,-9.683754
IMU,2399492031.0,1,-0.002093381,0.004244196,-0.001125076,1.512563,1.512694,-9.535061
IMU,2399532844.0,1,-0.0053505,0.005888063,0.001720128,1.544101,1.475492,-9.441318
IMU,2399573470.0,1,-0.0002933116,0.003173078,0.002509997,1.520555,1.584563,-9.532797
IMU,2399613817.0,1,-0.002425638,0.006423065,0.001887144,1.480179,1.574962,-9.510825
IMU,2399654203.0,1,-0.001848674,0.0005457099,-0.0007905378,1.534821,1.528011,-9.619228
IMU,2399694260.0,1,-0.001341441,0.002274368,0.002089533,1.600671,1.591449,-9.493182
IMU,2399735236.0,1,-0.003527904,0.01066624,0.002806345,1.489657,1.611338,-9.621324
IMU,2399774651.0,1,-0.004334553,-0.0002969722,0.001356535,1.581207,1.544338,-9.461527
IMU,2399814689.0,1,-0.003262025,0.004234929,0.001619787,1.525138,1.610521,-9.630266
IMU,2399855998.0,1,-0.002093044,0.004690848,0.001834602,1.634175,1.560559,-9.352563
IMU,2399896322.0,1,-0.001205994,-0.0002253137,-0.0007774317,1.452568,1.599239,-9.515061
IMU,2399936078.0,1,-0.003936905,0.004264484,0.00518169,1.516245,1.62807,-9.485293
IMU,2399976000.0,1,-0.001947743,-0.0002842471,4.366347e-05,1.520548,1.606197,-9.555292
IMU,2400016642.0,1,-0.001500381,0.001284733,0.002862008,1.532516,1.652049,-9.608891
IMU,2400057729.0,1,-0.003700893,0.003921652,0.003173554,1.53464,1.540736,-9.640237
IMU,2400097722.0,1,-0.000898246,0.007112691,0.001574509,1.643484,1.630499,-9.595896
IMU,2400138111.0,1,-0.0001964338,0.003886685,0.001471646,1.592711,1.651086,-9.474544
IMU,2400178988.0,1,-0.003201079,0.006803468,0.001922303,1.54307,1.503306,-9.503127
IMU,2400219424.0,1,-0.002321959,-0.00638934,0.001334077,1.624833,1.566757,-9.555907
IMU,2400259222.0,1,-0.001147302,-0.00262342,0.002045361,1.643269,1.567523,-9.51019
IMU,2400299249.0,1,-0.00292241,0.002933475,0.0004514234,1.454841,1.601381,-9.610825
IMU,2400339680.0,1,-0.004473227,0.01163365,0.001743454,1.615217,1.618135,-9.57067
IMU,2396440044.0,2,-0.05659773,0.0505388,0.01982524,-0.8209011,0.1211617,-9.530583
IMU,2396481894.0,2,-0.009489115,0.0530507,0.03530877,-0.9415367,0.9017927,-10.61604
IMU,2396521847.0,2,0.047188,0.01793289,-0.004008454,-1.206254,-0.3536816,-8.395361
IMU,2396565108.0,2,-0.05549878,-0.0380504,-0.00733561,-0.719508,-0.5779497,-10.2229
IMU,2396605664.0,2,-0.03464106,0.01039679,-0.02762296,-1.113567,0.5854503,-8.638597
IMU,2396650192.0,2,0.01479255,0.04169641,-0.01917472,-1.057305,0.2920869,-9.233067
IMU,2396691051.0,2,-0.02319451,0.1818115,-0.006413803,0.1638023,-0.2075499,-8.983344
IMU,2396731240.0,2,-0.03157318,0.104585,-0.03315057,-0.3314799,0.9410266,-9.466475
IMU,2396774618.0,2,0.01434795,0.0006227999,-0.03976778,-0.7200014,1.67484,-9.599874
IMU,2396814977.0,2,0.04358421,0.05449275,-0.01467169,-0.581295,-0.1237288,-8.38669
IMU,2396860089.0,2,-0.06611831,0.08657978,-0.01694283,-0.001406875,-0.2869023,-10.67468
IMU,2396900268.0,2,-0.04481843,0.01441157,0.01227315,-1.404274,0.3794613,-10.24932
IMU,2396940474.0,2,-0.0220336,0.1643746,-0.01672612,0.3795315,0.05253924,-8.777489
IMU,2396983484.0,2,0.04823641,0.1850802,0.005577805,-0.09537138,-0.007743172,-10.15114
IMU,2397027771.0,2,-0.09444093,0.1123402,0.01651153,-0.4845681,0.8828012,-7.773747
IMU,2397071040.0,2,-0.08203476,0.07272542,-0.02872332,-1.209048,0.4145705,-8.903955
IMU,2397111239.0,2,-0.03103357,0.1923378,0.007216322,-0.128981,0.5199459,-9.415754
IMU,2397151279.0,2,0.01916762,0.06405177,-0.03387905,-0.9004503,0.09713017,-9.327078
IMU,2397195265.0,2,0.1080076,0.1490848,0.004397906,-1.36646,-0.8759124,-9.894266
IMU,2397236688.0,2,0.08581707,0.1508696,-0.006781297,0.2451291,0.02409315,-3.039615
IMU,2397276196.0,2,0.3722937,0.4260997,-0.05104786,-0.547533,-0.09889424,-0.7550204
IMU,2397316026.0,2,0.4773428,0.5394323,-0.1294034,-0.329497,0.1802923,-0.8291558
IMU,2397356739.0,2,0.5215147,0.6095684,-0.1840163,-0.1151494,-0.09793459,-0.3862176
IMU,2397396531.0,2,0.5206398,0.615538,-0.2094678,-0.1924387,0.1023762,-0.3763908
IMU,2397436986.0,2,0.5634899,0.6272939,-0.2290091,-0.150955,0.1029031,-0.3550425
IMU,2397477834.0,2,0.5702273,0.6341441,-0.2409785,-0.1427145,0.03414374,-0.4532443
IMU,2397518413.0,2,0.556181,0.6359628,-0.2442084,-0.1389068,0.01117233,-0.4850534
IMU,2397558277.0,2,0.5705531,0.6391739,-0.2480602,-0.1367983,0.01974819,-0.5282556
IMU,2397597976.0,2,0.5866463,0.6675792,-0.2515217,-0.1215939,0.03554505,-0.6018365
IMU,2397638695.0,2,0.6019678,0.6806242,-0.2686837,-0.1146978,-0.01315388,-0.7945558
IMU,2397678972.0,2,0.5963939,0.6837569,-0.2799149,-0.102312,-0.0335767,-0.874718
IMU,2397718974.0,2,0.5880897,0.6881592,-0.2974747,-0.07272743,-0.03930425,-0.9446082
IMU,2397758641.0,2,0.5774788,0.6906956,-0.3232624,-0.05617465,-0.05166192,-1.065459
IMU,2397798974.0,2,0.5521303,0.6749184,-0.3408001,-0.03177345,-0.09049316,-1.181853
IMU,2397840214.0,2,0.5133494,0.6582512,-0.357655,-0.01671176,-0.0919492,-1.285732
IMU,2397879857.0,2,0.4648665,0.6304944,-0.3733568,0.02148683,-0.1165923,-1.402174
IMU,2397920210.0,2,0.4169812,0.5959142,-0.3861744,0.0276691,-0.1025693,-1.46015
IMU,2397962661.0,2,0.3722893,0.5476153,-0.4005759,0.06129864,-0.1170547,-1.535547
IMU,2398002714.0,2,0.3276156,0.496347,-0.4157171,0.0659137,-0.1495306,-1.580656
IMU,2398043712.0,2,0.2817845,0.4434885,-0.4305406,0.09408221,-0.1796837,-1.636436
IMU,2398084041.0,2,0.2268687,0.3805587,-0.4441281,0.1195776,-0.2051357,-1.784142
IMU,2398124471.0,2,0.1651072,0.3103853,-0.4504212,0.1467998,-0.2243415,-1.881639
IMU,2398165024.0,2,0.1167491,0.20973,-0.4753617,0.2086008,-0.2598806,-2.144345
IMU,2398205007.0,2,0.03179006,0.1020045,-0.5028241,0.252472,-0.2989612,-2.265001
IMU,2398245985.0,2,0.2776485,-0.6515745,-0.4054973,1.095719,-0.2009477,-3.221731
IMU,2398286210.0,2,0.04626548,-1.171633,-0.3641383,3.700454,-3.683445,-5.327263
IMU,2398326415.0,2,-5.872976,-7.646978,-0.8562986,0.1610429,-5.539287,-6.125238
IMU,2398368191.0,2,-9.303254,0.09865672,0.2795471,-27.71737,25.68108,-99.67216
IMU,2398408258.0,2,4.584951,0.1492389,-1.186075,-7.209483,-12.84611,-4.399934
IMU,2398449523.0,2,3.39808,0.2954379,-0.5816053,0.418894,-4.932068,-1.264912
IMU,2398489837.0,2,2.88295,-0.1694972,-0.5939037,1.5744,-1.498876,-0.6764154
IMU,2398529471.0,2,1.609477,-0.1076589,-0.617053,2.914882,-1.509314,-2.276109
IMU,2398569453.0,2,-0.06786156,0.3955637,-0.6235343,3.696093,-1.459652,-2.623432
IMU,2398610069.0,2,-1.354895,0.4322071,-0.4483396,4.129305,-2.427563,-3.851095
IMU,2398649801.0,2,-2.798824,0.1913535,-0.2356735,3.515105,-3.137748,-4.684881
IMU,2398689447.0,2,-3.736277,-0.1946266,0.03692501,3.174196,-2.371967,-6.958474
IMU,2398729497.0,2,-4.030787,-0.2742294,0.2719604,1.643925,0.258578,-10.47482
IMU,2398769500.0,2,-1.782143,-0.2081793,0.3126503,0.9079704,6.288354,-20.49825
IMU,2398810453.0,2,0.8025524,-0.2267642,0.01914141,-0.07790806,5.121551,-13.58876
IMU,2398850429.0,2,0.6683884,-0.0895357,0.129435,1.511089,-0.3055042,-7.162912
IMU,2398889860.0,2,0.1389435,0.02145934,-0.04698332,1.323071,-0.5316585,-6.924984
IMU,2398930220.0,2,-0.309742,0.1212675,-0.03624633,1.150301,1.029729,-9.523101
IMU,2398970043.0,2,-0.02173967,0.1013249,0.01071203,1.870914,2.199903,-10.93732
IMU,2399011103.0,2,0.09725191,-0.08856658,0.009122285,1.839122,0.8360667,-9.438309
IMU,2399050981.0,2,-0.02837878,-0.01676216,0.01072959,1.005689,0.9818425,-9.033037
IMU,2399090534.0,2,-0.004391088,0.05644238,-0.01094454,1.407403,1.282653,-9.771984
IMU,2399130619.0,2,0.003239036,-0.01600225,0.0006090055,1.824253,1.071186,-9.599791
IMU,2399170807.0,2,0.001671797,-0.005248439,0.002256519,1.24556,1.181451,-9.477339
IMU,2399211273.0,2,0.0002327358,0.01551881,-0.002842189,1.527491,1.119896,-9.548785
IMU,2399251445.0,2,0.0009623428,-0.002088248,-0.001337642,1.558958,1.196775,-9.591837
IMU,2399291063.0,2,0.005412468,-0.002228307,0.0006947903,1.438391,1.103036,-9.532765
IMU,2399331121.0,2,-0.002434859,0.008617952,-0.0009773974,1.46471,1.164233,-9.513684
IMU,2399371018.0,2,5.983833e-05,0.001387822,-0.001346838,1.543561,1.160548,-9.57517
IMU,2399411847.0,2,0.002472494,-0.002123269,-0.0004994281,1.460048,1.145932,-9.540357
IMU,2399452117.0,2,0.003030467,0.0019112,-0.0006470098,1.497003,1.155239,-9.536943
IMU,2399492031.0,2,0.004455951,-0.001379216,-0.0002960413,1.503005,1.134238,-9.539422
IMU,2399532844.0,2,0.001152406,0.002202273,9.563131e-05,1.448966,1.152176,-9.519339
IMU,2399573470.0,2,0.001622262,0.002855163,-0.001060639,1.51653,1.148088,-9.537541
IMU,2399613817.0,2,0.0002372115,-0.002203441,-0.0007644488,1.483139,1.15191,-9.529157
IMU,2399654203.0,2,0.001023074,0.0008629292,-0.00154914,1.481189,1.150129,-9.542971
IMU,2399694260.0,2,0.003126464,0.0004150914,-0.0005471187,1.491242,1.151056,-9.555122
IMU,2399735236.0,2,0.001166918,0.0006905713,-0.001665949,1.488845,1.131033,-9.531148
IMU,2399774651.0,2,0.002020016,0.0006012488,-0.00146827,1.481287,1.154388,-9.545689
IMU,2399814689.0,2,0.002563007,0.0006080634,-0.0009837521,1.479012,1.139916,-9.516846
IMU,2399855998.0,2,0.002017413,0.001674569,-0.0001199988,1.493068,1.141323,-9.547894
IMU,2399896322.0,2,0.002824839,-0.0004053968,-0.0009416118,1.485971,1.147823,-9.512832
IMU,2399936078.0,2,0.001736755,0.0008228539,-0.0004711373,1.502262,1.144172,-9.537052
IMU,2399976000.0,2,0.001815625,-0.001162964,-0.0005826836,1.482134,1.156368,-9.547002
IMU,2400016642.0,2,0.00118451,0.0006057172,-0.001008998,1.483399,1.151089,-9.516772
IMU,2400057729.0,2,0.001904504,0.001328756,-0.0005271629,1.49001,1.149388,-9.550572
IMU,2400097722.0,2,0.001563448,0.0009090354,-0.0008669227,1.489707,1.157389,-9.515574
IMU,2400138111.0,2,0.002452452,0.002140485,-0.002014147,1.4925,1.162529,-9.538014
IMU,2400178988.0,2,-9.742874e-05,0.001497635,-0.001828003,1.48439,1.139415,-9.510057
IMU,2400219424.0,2,0.00342021,0.001123389,-0.0003649374,1.485714,1.148739,-9.529244
IMU,2400259222.0,2,0.0005914089,0.002973517,-0.001173754,1.493226,1.151235,-9.531241
IMU,2400299249.0,2,-0.0005596565,0.003631932,-0.000792997,1.474577,1.133297,-9.498199
IMU,2400339680.0,2,-0.00121072,0.006448558,-0.001816422,1.500783,1.173223,-9.564287
