ARM,2128436696.0,0.0
AHR2,2127806439.0,0.03,-4.21,90.2,466.4,43.2382576,-7.6819462
AHR2,2127911608.0,-0.53,-3.72,90.78,465.98,43.2382569,-7.6819417
AHR2,2128016408.0,-0.9,-2.58,91.35,466.18,43.2382561,-7.6819361
AHR2,2128121214.0,-1.28,-1.64,91.67,465.89,43.2382554,-7.6819312
AHR2,2128228470.0,-1.55,-0.69,91.91,466.59,43.2382549,-7.6819264
AHR2,2128333211.0,-1.46,0.19,92.08,466.44,43.2382543,-7.6819214
AHR2,2128437819.0,-1.21,0.97,92.24,466.88,43.2382537,-7.6819164
AHR2,2128539281.0,0.04,1.79,92.34,466.55,43.2382535,-7.6819135
AHR2,2128640703.0,2.25,3.99,91.36,466.17,43.2382525,-7.6819077
AHR2,2128740673.0,4.31,6.49,90.07,465.97,43.2382519,-7.6819034
AHR2,2128842628.0,6.36,9.01,88.82,465.83,43.2382516,-7.6818988
AHR2,2128942666.0,8.37,11.41,87.66,465.71,43.2382512,-7.6818943
AHR2,2129044753.0,9.97,13.79,86.48,465.67,43.2382505,-7.6818902
AHR2,2129144635.0,10.81,15.81,85.21,465.15,43.23825,-7.6818859
AHR2,2129246499.0,10.85,17.16,83.88,464.65,43.2382496,-7.6818816
AHR2,2129346718.0,10.16,17.65,82.37,464.36,43.2382492,-7.6818774
AHR2,2129450072.0,8.2,17.18,80.39,463.84,43.2382487,-7.6818741
AHR2,2129550223.0,3.83,14.12,78.02,463.23,43.2382481,-7.68187
AHR2,2129652080.0,10.71,-5.53,78.11,462.69,43.2382475,-7.6818661
AHR2,2129752112.0,4.64,3.77,87.91,459.2,43.2382469,-7.6818624
AHR2,2129852059.0,6.64,9.54,88.17,459.56,43.2382523,-7.6818516
AHR2,2129952103.0,13.22,-2.59,86.69,460.03,43.238254,-7.6818455
AHR2,2130053646.0,13.62,-3.38,86.09,460.09,43.2382495,-7.6818402
AHR2,2130154034.0,13.74,-3.45,85.91,460.0,43.2382489,-7.6818345
AHR2,2130254489.0,13.44,-3.32,86.04,460.07,43.2382491,-7.6818397
AHR2,2130354692.0,13.27,-3.19,86.11,459.9,43.2382487,-7.6818378
AHR2,2130454410.0,13.1,-3.07,86.2,460.03,43.2382491,-7.6818408
AHR2,2130554282.0,12.91,-2.92,86.28,460.11,43.238249,-7.6818405
AHR2,2130654460.0,12.73,-2.77,86.37,460.09,43.2382488,-7.6818417
AHR2,2130754973.0,12.54,-2.63,86.46,460.18,43.2382487,-7.6818418
AHR2,2130855474.0,12.36,-2.48,86.55,460.15,43.2382485,-7.6818426
AHR2,2130955479.0,12.18,-2.35,86.64,460.2,43.2382484,-7.6818426
AHR2,2131055665.0,12.01,-2.21,86.73,460.03,43.2382483,-7.6818441
AHR2,2131155676.0,11.85,-2.08,86.82,460.09,43.2382482,-7.6818441
AHR2,2131255718.0,11.68,-1.95,86.91,459.98,43.2382483,-7.6818451
AHR2,2131355461.0,11.52,-1.82,87.0,460.16,43.2382483,-7.681845
AHR2,2131457446.0,11.36,-1.69,87.09,460.2,43.2382482,-7.6818464
AHR2,2131557238.0,11.21,-1.57,87.18,460.13,43.2382481,-7.6818464
AHR2,2131657510.0,11.06,-1.45,87.27,460.03,43.2382483,-7.6818479
ATT,2127805740.0,-0.9060823,-0.1284076,-2.128327,-3.987498,98.68848,98.35262
ATT,2127911006.0,-1.212611,-0.6837105,-1.50811,-3.52165,98.68772,98.69491
ATT,2128015690.0,-1.483031,-1.045507,-0.8467147,-2.39964,98.68272,99.03178
ATT,2128120656.0,-1.727453,-1.411405,-0.1798115,-1.479378,98.6745,99.12349
ATT,2128227711.0,-1.793352,-1.668058,0.4320864,-0.5523733,98.66504,99.1441
ATT,2128332620.0,-1.74143,-1.589229,1.074889,0.3402705,98.65543,99.1073
ATT,2128437038.0,-1.667573,-1.354786,1.676577,1.122446,98.64739,99.0504
ATT,2128538720.0,-0.8653973,-0.0908284,0.9213617,1.98608,99.03629,99.03492
ATT,2128640078.0,-0.4366189,2.186864,0.4648557,4.251686,97.99883,98.03152
ATT,2128739890.0,-0.2229133,4.467281,0.2373297,6.863115,96.67155,96.73856
ATT,2128841853.0,-0.1127631,6.636145,0.1200545,9.585055,95.36599,95.46608
ATT,2128941987.0,-0.05735553,8.451107,0.06106399,12.4281,94.14532,94.27383
ATT,2129044185.0,-0.02889746,9.872188,0.03076603,15.23311,92.89011,93.04187
ATT,2129144013.0,-0.01475319,10.60389,0.01570704,17.60989,91.52282,91.68771
ATT,2129245779.0,-0.00745289,10.53887,0.00793465,19.32425,90.09279,90.25832
ATT,2129346070.0,-0.003796027,9.78795,0.004041649,20.15278,88.48692,88.64158
ATT,2129449237.0,-0.00189259,7.721904,0.002015197,20.03401,86.39993,86.52208
ATT,2129549606.0,-0.0009662086,3.252054,0.001029648,17.27466,83.91795,83.96869
ATT,2129651519.0,-0.0004859795,9.835341,0.0005182551,-1.933223,84.05466,84.20063
ATT,2129751538.0,-0.0002742702,3.692842,0.000292674,8.578602,93.49126,93.54689
ATT,2129851507.0,-0.000265017,5.557661,0.0002824479,15.13149,93.54768,93.63335
ATT,2129951524.0,-0.0002650169,12.466,0.0002824479,3.368062,92.30708,92.49175
ATT,2130052876.0,-0.0002543385,13.13194,0.0002713264,2.694794,91.70197,91.89619
ATT,2130153235.0,-0.0002495637,13.43751,0.0002661973,2.434294,91.46497,91.66361
ATT,2130253824.0,-0.0002446673,13.3184,0.0002608371,2.395603,91.52529,91.72221
ATT,2130354069.0,-0.0002399241,13.28191,0.0002555405,2.372355,91.53178,91.72815
ATT,2130453744.0,-0.000239924,13.25774,0.0002555403,2.357966,91.53988,91.73589
ATT,2130553730.0,-0.0002399239,13.21171,0.0002555402,2.361369,91.57211,91.76746
ATT,2130653871.0,-0.0002399239,13.16329,0.0002555401,2.376344,91.61716,91.81182
ATT,2130754229.0,-0.0002399239,13.10601,0.0002555401,2.396468,91.67571,91.86954
ATT,2130854852.0,-0.0002350694,13.05656,0.000250565,2.431049,91.73883,91.93195
ATT,2130954805.0,-0.0002302645,12.9933,0.0002455389,2.475092,91.8251,92.0173
ATT,2131054890.0,-0.0002302645,12.93276,0.0002455389,2.525651,91.92445,92.11577
ATT,2131154994.0,-0.0002302645,12.8629,0.0002455389,2.593271,92.0573,92.2476
ATT,2131255033.0,-0.0002302645,12.78775,0.0002455388,2.669633,92.20295,92.39218
ATT,2131354825.0,-0.0002302645,12.69875,0.0002455388,2.763139,92.38692,92.57487
ATT,2131456804.0,-0.0002201027,12.62781,0.0002345658,2.838007,92.53835,92.72529
ATT,2131556665.0,-0.0002201028,12.49743,0.0002345658,2.981138,92.82915,93.01421
ATT,2131656886.0,-0.0002201028,12.35254,0.0002345658,3.135969,93.14397,93.32693
BARO,2127852203.0,0,2.317688,467.5577,96754.12
BARO,2127955770.0,0,2.515503,467.7555,96751.96
BARO,2128061499.0,0,2.227264,467.4673,96755.08
BARO,2128165755.0,0,2.925232,468.1652,96747.55
BARO,2128271433.0,0,2.772644,468.0126,96749.17
BARO,2128375628.0,0,3.219086,468.4591,96744.34
BARO,2128481018.0,0,2.885651,468.1256,96747.97
BARO,2128581809.0,0,2.509857,467.7498,96752.04
BARO,2128683120.0,0,2.306396,467.5464,96754.23
BARO,2128783018.0,0,2.1651,467.4051,96755.77
BARO,2128884756.0,0,2.040771,467.2808,96757.1
BARO,2128984530.0,0,2.009705,467.2497,96757.44
BARO,2129086887.0,0,1.481293,466.7213,96763.17
BARO,2129186876.0,0,0.9867859,466.2268,96768.52
BARO,2129288241.0,0,0.6900635,465.9301,96771.73
BARO,2129388361.0,0,0.1786194,465.4186,96777.28
BARO,2129489485.0,0,-0.4317322,464.8083,96783.9
BARO,2129589424.0,0,-0.9770813,464.2629,96789.82
BARO,2129692046.0,0,-4.469696,460.7703,96827.66
BARO,2129792128.0,0,-4.108002,461.132,96823.76
BARO,2129891871.0,0,-3.636108,461.6039,96818.63
BARO,2129991873.0,0,-3.576752,461.6632,96818.0
BARO,2130093250.0,0,-3.670013,461.57,96819.01
BARO,2130193723.0,0,-3.599365,461.6406,96818.23
BARO,2130294442.0,0,-3.766083,461.4739,96820.03
BARO,2130393748.0,0,-3.63327,461.6067,96818.61
BARO,2130493897.0,0,-3.554138,461.6859,96817.76
BARO,2130594076.0,0,-3.573944,461.666,96817.97
BARO,2130694395.0,0,-3.483521,461.7565,96816.97
BARO,2130794644.0,0,-3.51178,461.7282,96817.29
BARO,2130894858.0,0,-3.466553,461.7734,96816.8
BARO,2130994858.0,0,-3.638916,461.6011,96818.67
BARO,2131094972.0,0,-3.573944,461.666,96817.95
BARO,2131195066.0,0,-3.689789,461.5502,96819.22
BARO,2131294883.0,0,-3.506104,461.7339,96817.23
BARO,2131395050.0,0,-3.466553,461.7734,96816.8
BARO,2131496996.0,0,-3.531555,461.7084,96817.51
BARO,2131597026.0,0,-3.638916,461.6011,96818.66
BARO,2127852203.0,1,2.880005,468.12,96728.2
BARO,2127955770.0,1,2.278137,467.5181,96734.72
BARO,2128061499.0,1,2.896973,468.137,96728.02
BARO,2128165755.0,1,2.535278,467.7753,96731.93
BARO,2128271433.0,1,3.114532,468.3545,96725.66
BARO,2128375628.0,1,2.634186,467.8742,96730.85
BARO,2128481018.0,1,3.19931,468.4393,96724.73
BARO,2128581809.0,1,2.362915,467.6029,96733.79
BARO,2128683120.0,1,2.215973,467.456,96735.38
BARO,2128783018.0,1,2.278137,467.5181,96734.72
BARO,2128884756.0,1,1.989899,467.2299,96737.82
BARO,2128984530.0,1,1.845795,467.0858,96739.41
BARO,2129086887.0,1,1.421936,466.6619,96743.99
BARO,2129186876.0,1,1.142181,466.3822,96747.0
BARO,2129288241.0,1,0.602478,465.8425,96752.88
BARO,2129388361.0,1,0.2718811,465.5119,96756.44
BARO,2129489485.0,1,-0.2424011,464.9976,96762.02
BARO,2129589424.0,1,-0.9544983,464.2855,96769.73
BARO,2129692046.0,1,-6.125549,459.1144,96825.78
BARO,2129792128.0,1,-3.814117,461.4259,96800.72
BARO,2129891871.0,1,-3.525909,461.7141,96797.59
BARO,2129991873.0,1,-3.814117,461.4259,96800.73
BARO,2130093250.0,1,-3.811279,461.4287,96800.69
BARO,2130193723.0,1,-3.627625,461.6124,96798.71
BARO,2130294442.0,1,-3.514587,461.7254,96797.48
BARO,2130393748.0,1,-3.785858,461.4541,96800.41
BARO,2130493897.0,1,-3.302673,461.9373,96795.16
BARO,2130594076.0,1,-3.777374,461.4626,96800.31
BARO,2130694395.0,1,-3.718048,461.5219,96799.69
BARO,2130794644.0,1,-3.486328,461.7537,96797.16
BARO,2130894858.0,1,-3.641754,461.5982,96798.86
BARO,2130994858.0,1,-3.822601,461.4174,96800.81
BARO,2131094972.0,1,-3.771729,461.4683,96800.26
BARO,2131195066.0,1,-3.503296,461.7367,96797.34
BARO,2131294883.0,1,-3.514587,461.7254,96797.48
BARO,2131395050.0,1,-3.636108,461.6039,96798.78
BARO,2131496996.0,1,-3.616333,461.6237,96798.57
BARO,2131597026.0,1,-3.678497,461.5615,96799.24
GPS,2127820842.0,4,26,43.2382581,-7.6819515,468.32,3.906,-0.735,0.0
GPS,2128010254.0,4,26,43.2382568,-7.6819419,468.42,3.905,-0.538,0.0
GPS,2128220216.0,4,26,43.2382556,-7.6819323,468.5,3.91,-0.469,0.0
GPS,2128450320.0,4,26,43.2382545,-7.6819229,468.55,3.756,-0.226,0.0
GPS,2128611679.0,4,26,43.2382533,-7.681914,468.56,3.577,0.06,0.0
GPS,2128813006.0,4,26,43.2382522,-7.6819052,468.29,3.615,2.399,0.0
GPS,2129015211.0,4,25,43.2382512,-7.6818964,467.61,3.509,4.225,0.0
GPS,2129216747.0,4,25,43.2382502,-7.6818878,466.58,3.48,5.936,0.0
GPS,2129438691.0,4,26,43.2382493,-7.6818794,465.23,3.389,7.575,0.0
GPS,2129620070.0,4,26,43.2382482,-7.6818716,463.59,3.061,8.923,0.0
GPS,2129801827.0,4,26,43.2382494,-7.6818618,461.84,5.317,8.713,0.0
GPS,2130001875.0,4,26,43.2382505,-7.6818499,460.42,4.713,5.659,0.0
GPS,2130204250.0,4,25,43.2382496,-7.6818429,459.81,1.607,1.467,0.0
GPS,2130444000.0,4,26,43.2382491,-7.6818411,459.71,0.231,0.08400001,0.0
GPS,2130604227.0,4,26,43.2382489,-7.6818417,459.79,0.101,-0.097,0.0
GPS,2130805026.0,4,25,43.2382485,-7.6818426,459.9,0.051,0.011,0.0
GPS,2131005207.0,4,25,43.2382483,-7.6818441,460.1,0.056,-0.012,0.0
GPS,2131205116.0,4,25,43.2382483,-7.6818452,460.25,0.082,0.019,0.0
GPS,2131425700.0,4,26,43.2382482,-7.6818464,460.39,0.07,-0.02,0.0
IMU,2127811249.0,0,-0.1134266,0.07756775,0.05746712,-0.966962,0.1499837,-9.82186
IMU,2127852476.0,0,-0.1761339,0.1932627,0.06162907,-1.083986,0.03030818,-8.671671
IMU,2127892122.0,0,-0.007970409,0.09157204,0.08872403,-1.059202,-0.4781455,-8.01443
IMU,2127936236.0,0,-0.07280968,0.1220301,0.03590684,-0.372612,-0.1854091,-9.410237
IMU,2127976522.0,0,-0.1994014,0.2313776,0.06609005,-1.668861,-0.3098286,-8.418855
IMU,2128021715.0,0,-0.1729405,0.2084353,0.05531094,-0.5873863,0.7092312,-9.307504
IMU,2128061715.0,0,-0.05293321,0.2068385,-0.04095332,-0.5973182,0.7823905,-9.152946
IMU,2128101441.0,0,-0.08094852,0.1483829,0.03071414,-1.28983,-0.7281558,-8.388638
IMU,2128146039.0,0,-0.1103765,0.1712986,-0.02603217,-0.5229996,-0.1050585,-9.259224
IMU,2128186055.0,0,-0.03744396,0.2095196,0.00125165,-1.233357,-0.007756761,-8.66381
IMU,2128233819.0,0,-0.03846864,0.1606831,0.05979975,-0.447422,0.8633966,-9.062573
IMU,2128274066.0,0,0.09054956,0.1844037,0.02548069,-0.6344464,0.3412325,-9.11304
IMU,2128322472.0,0,-0.006613754,0.244076,0.009697434,-1.467853,0.3947576,-9.253796
IMU,2128363216.0,0,0.08768043,0.05885102,-0.05091331,-0.1082669,-0.02733828,-9.332088
IMU,2128402694.0,0,0.08787401,0.07526688,-0.0296022,-0.004247467,-0.252413,-10.17965
IMU,2128447751.0,0,0.08058681,0.1351669,-0.002301164,-0.9334221,-0.4633059,-9.991354
IMU,2128488250.0,0,0.01225869,-0.05813071,-0.08998225,-0.2860071,1.419212,-2.459429
IMU,2128528167.0,0,0.355581,0.2680056,-0.02762351,0.501831,0.7940716,-1.097856
IMU,2128569041.0,0,0.381843,0.3321287,-0.154296,-0.5989754,0.01865676,-0.8700995
IMU,2128608686.0,0,0.4082464,0.3973481,-0.1897271,-0.1118299,-0.03317548,-0.3788952
IMU,2128649885.0,0,0.4265105,0.4391959,-0.2271028,-0.1808104,-0.04158898,-0.3201308
IMU,2128689816.0,0,0.4218805,0.4430808,-0.2480705,-0.1604116,-0.07936657,-0.3936802
IMU,2128730865.0,0,0.4121354,0.4365249,-0.2584237,-0.1446683,-0.1035804,-0.5007628
IMU,2128770431.0,0,0.4147727,0.4403732,-0.2581049,-0.162221,-0.133801,-0.5263008
IMU,2128809897.0,0,0.4079846,0.4475002,-0.2603702,-0.1233267,-0.1297993,-0.6065928
IMU,2128852225.0,0,0.3844154,0.4501891,-0.2607242,-0.102829,-0.1643465,-0.6659829
IMU,2128891870.0,0,0.3630354,0.4569719,-0.2646684,-0.1079504,-0.1710548,-0.6835378
IMU,2128932991.0,0,0.3356961,0.46792,-0.262581,-0.07848554,-0.1358297,-0.7722654
IMU,2128971890.0,0,0.3179467,0.4585208,-0.2685252,-0.0713615,-0.140351,-0.9143219
IMU,2129012041.0,0,0.2923678,0.4351617,-0.2764304,-0.07027613,-0.155543,-1.036757
IMU,2129054016.0,0,0.254761,0.4082108,-0.2892518,-0.04891289,-0.1720488,-1.139997
IMU,2129093859.0,0,0.2096695,0.3773541,-0.2946194,-0.03023689,-0.1841099,-1.249849
IMU,2129134525.0,0,0.1610544,0.3400815,-0.2939197,-0.005385533,-0.1861794,-1.35079
IMU,2129174227.0,0,0.1099549,0.2933033,-0.2884017,0.005505101,-0.1887721,-1.450435
IMU,2129214002.0,0,0.05670072,0.2370298,-0.2800084,0.01961249,-0.2020304,-1.613183
IMU,2129256108.0,0,0.01007189,0.1634008,-0.2655561,0.03307368,-0.1698424,-1.762525
IMU,2129295738.0,0,-0.01952749,0.1013618,-0.2738407,0.07775763,-0.1493361,-1.914583
IMU,2129335746.0,0,-0.05667178,0.06015759,-0.2967519,0.08695967,-0.1918861,-2.082919
IMU,2129375750.0,0,-0.1466163,-0.007019415,-0.3082428,0.08967452,-0.2062097,-2.295894
IMU,2129416089.0,0,-0.2471678,-0.08373848,-0.3286471,0.1166456,-0.2395307,-2.415206
IMU,2129456737.0,0,-0.3541371,-0.189014,-0.3486186,0.75783,-0.9992104,-3.641246
IMU,2129497123.0,0,-0.7295635,-0.4517897,-0.3634241,1.396996,-0.4183665,-4.757713
IMU,2129536969.0,0,-0.9259756,-0.3994426,-0.4040318,2.5954,0.7298196,-6.488618
IMU,2129576889.0,0,1.075763,-2.953648,-0.2527435,8.700336,0.942555,-17.53298
IMU,2129617421.0,0,5.575825,-6.409455,0.3446231,-9.78494,-19.34001,-45.31875
IMU,2129658988.0,0,-3.290276,1.100692,4.250344,-8.914326,5.224817,-24.64026
IMU,2129698713.0,0,-0.1321133,0.7120152,1.39997,4.346704,2.918683,0.3826309
IMU,2129738762.0,0,-0.3842784,1.64173,0.6036235,5.764432,5.298671,0.1056597
IMU,2129779214.0,0,-0.04465506,2.251244,-0.1726003,4.399389,3.882001,0.4549071
IMU,2129819605.0,0,0.3762254,1.05668,-0.1118276,5.328096,1.955014,-1.678123
IMU,2129858765.0,0,0.9176818,-0.6560985,0.2242427,4.433407,1.748593,-2.797107
IMU,2129898967.0,0,1.27439,-2.06681,0.2031668,2.613854,1.328226,-3.792044
IMU,2129939021.0,0,1.333683,-2.542519,0.0511232,1.340803,0.002420338,-8.259179
IMU,2129979616.0,0,0.571206,-1.611587,-0.08833342,-2.146081,-2.467687,-14.84951
IMU,2130020853.0,0,-0.3716393,1.040365,-0.106621,-4.173053,-3.968643,-23.10854
IMU,2130060510.0,0,0.1625654,0.1054957,-0.04236129,1.865396,-0.6818817,-10.71857
IMU,2130100422.0,0,0.09682915,-0.1318327,-0.07502208,2.273596,-0.408627,-6.685733
IMU,2130141209.0,0,-0.001508286,0.02625343,0.0307617,2.105728,-0.7653983,-8.204724
IMU,2130181440.0,0,-0.08990317,-0.04266234,0.03724271,0.6052956,-0.6509107,-11.06715
IMU,2130220996.0,0,0.01997503,0.01596738,-0.008657429,0.5610086,-0.241614,-9.942575
IMU,2130261393.0,0,0.006659954,0.003264738,0.005687811,1.539874,-0.8550619,-9.527381
IMU,2130302094.0,0,-0.006706255,-0.01167352,-0.005612525,0.830449,-0.4409178,-10.00378
IMU,2130342065.0,0,0.007559402,0.005345472,0.006440155,1.186038,-0.6172292,-9.699993
IMU,2130381486.0,0,-0.01029086,-0.01015238,0.001575974,0.9998072,-0.5155324,-9.825931
IMU,2130421854.0,0,-0.001940283,0.001959653,0.005419423,1.084617,-0.5682959,-9.785454
IMU,2130461463.0,0,-0.005296818,-0.006896701,0.001989071,1.063843,-0.5838654,-9.836128
IMU,2130501834.0,0,0.0003565843,5.268905e-05,0.002288064,1.042764,-0.5621825,-9.804362
IMU,2130541493.0,0,-0.00407252,-0.003865732,0.00167233,1.063325,-0.57546,-9.8263
IMU,2130581487.0,0,-0.0004233015,-0.0004513059,0.004649036,1.046739,-0.5715774,-9.824217
IMU,2130621752.0,0,-0.004630452,-0.0009893406,0.003114195,1.055987,-0.5578576,-9.786288
IMU,2130661436.0,0,-0.0008894901,-0.001645635,0.001847433,1.063591,-0.5663045,-9.810408
IMU,2130701721.0,0,-0.00263861,-0.002073853,0.003558184,1.051669,-0.5438703,-9.817418
IMU,2130742085.0,0,-0.004590367,-0.003606629,0.004456838,1.055145,-0.5740311,-9.796336
IMU,2130781985.0,0,-0.002626594,-0.001783012,0.002425086,1.045189,-0.5667244,-9.816376
IMU,2130821815.0,0,-0.00106727,-0.001507669,0.003272527,1.053136,-0.5528556,-9.82452
IMU,2130862227.0,0,-0.002419711,0.0005340095,0.002697737,1.054654,-0.5569904,-9.812282
IMU,2130902534.0,0,-0.003734063,-0.00252889,0.002418466,1.047912,-0.5694234,-9.828932
IMU,2130942363.0,0,-0.003608291,-0.002254794,0.002049083,1.034141,-0.5695173,-9.796998
IMU,2130982235.0,0,-0.002275984,-0.002237451,0.002602921,1.061095,-0.5731917,-9.830701
IMU,2131023008.0,0,-0.003286279,-0.002963124,0.002253209,1.053498,-0.5708534,-9.819428
IMU,2131062853.0,0,-0.001196615,-0.001065349,0.00245929,1.050264,-0.5585622,-9.818735
IMU,2131102372.0,0,-0.002580724,-0.0009391512,0.003316829,1.054539,-0.5529789,-9.81066
IMU,2131142255.0,0,-0.001116242,-0.003128398,0.003329104,1.060762,-0.5573457,-9.809934
IMU,2131182251.0,0,-0.003235606,-0.001725898,0.003026157,1.051851,-0.5601077,-9.819385
IMU,2131222840.0,0,-0.001629299,-0.001891707,0.003015409,1.047492,-0.5663838,-9.838229
IMU,2131262973.0,0,-0.00269797,-0.002968913,0.002194143,1.054801,-0.5634446,-9.804558
IMU,2131302253.0,0,-0.002081502,-0.002037749,0.00269821,1.058201,-0.5706346,-9.796485
IMU,2131342307.0,0,-0.002530466,-0.003660287,0.002326229,1.054622,-0.5665678,-9.808187
IMU,2131382255.0,0,-0.0009343126,-0.001378747,0.003091377,1.057208,-0.5611646,-9.802892
IMU,2131423275.0,0,-0.003455191,-0.001935571,0.003673885,1.047164,-0.5492799,-9.817442
IMU,2131464366.0,0,-0.001591027,-0.002054709,0.002936935,1.047305,-0.5694351,-9.802314
IMU,2131504233.0,0,-0.001129115,-0.003442423,0.002771001,1.05343,-0.5616984,-9.810859
IMU,2131544033.0,0,-0.001921735,-0.002626989,0.002257265,1.050628,-0.5593285,-9.836613
IMU,2131584416.0,0,-0.001545285,-0.003237891,0.002700612,1.064743,-0.5631235,-9.805402
IMU,2131625078.0,0,-0.003128038,-0.002715455,0.003248924,1.050393,-0.5558141,-9.809542
IMU,2131665078.0,0,-0.002324893,-0.002926496,0.002266613,1.060607,-0.5635304,-9.828986
IMU,2131704604.0,0,-0.002513514,-0.001961824,0.003588403,1.053109,-0.5701523,-9.819352
IMU,2127811249.0,1,-0.093589,0.06655797,0.06048696,-1.0311,1.407575,-8.696308
IMU,2127852476.0,1,-0.179591,0.1363017,0.03479728,-0.7884411,0.4099607,-9.477045
IMU,2127892122.0,1,-0.01995036,0.06858115,0.06236694,-0.6913258,-0.6509939,-8.420346
IMU,2127936236.0,1,-0.01869405,0.09273364,0.02280783,-0.4521767,0.1941751,-9.197321
IMU,2127976522.0,1,-0.1510272,0.1524109,0.02658224,-1.291623,-0.09551334,-8.352333
IMU,2128021715.0,1,-0.1431451,0.203989,0.0338194,-0.2475583,1.521011,-8.415363
IMU,2128061715.0,1,-0.04679668,0.170888,-0.03281419,-1.056573,0.9422203,-8.253273
IMU,2128101441.0,1,-0.08741067,0.1370637,0.01070525,-0.6959025,-1.220329,-8.130349
IMU,2128146039.0,1,-0.09226967,0.1452569,-0.04140092,-0.8785682,0.01155185,-9.04803
IMU,2128186055.0,1,-0.02286828,0.1382093,-0.01069469,-1.583678,0.2467253,-9.065014
IMU,2128233819.0,1,-0.05011381,0.1512628,0.02231026,-0.3810436,1.333096,-8.694297
IMU,2128274066.0,1,0.03724895,0.1729875,-0.02358747,-1.119586,0.6751716,-8.916143
IMU,2128322472.0,1,-0.02478099,0.1876714,-0.00712699,-1.68869,0.9981701,-9.257452
IMU,2128363216.0,1,0.06918219,0.05103986,-0.01071453,0.2447958,0.2152585,-9.366912
IMU,2128402694.0,1,0.04931019,0.1073641,-0.0494621,0.1298251,0.08865933,-10.27432
IMU,2128447751.0,1,0.05815534,0.1233369,0.00249392,-0.3085132,-0.03490295,-10.59491
IMU,2128488250.0,1,-0.002360588,-0.03184401,-0.05639786,-1.011338,1.94971,-0.8609774
IMU,2128528167.0,1,0.3050043,0.2478654,-0.01205413,0.8124312,0.2753768,-1.435653
IMU,2128569041.0,1,0.357159,0.2988786,-0.1139652,-0.6416965,0.4122598,-0.7212617
IMU,2128608686.0,1,0.3657455,0.3536814,-0.1526206,-0.0137451,0.3847395,-0.2760186
IMU,2128649885.0,1,0.3908102,0.3909135,-0.1889933,-0.149684,0.326961,-0.2656298
IMU,2128689816.0,1,0.3805068,0.3977184,-0.2102785,-0.1640173,0.3728019,-0.4335162
IMU,2128730865.0,1,0.3707551,0.3900258,-0.2170895,-0.1016014,0.2345639,-0.325798
IMU,2128770431.0,1,0.3767729,0.3954404,-0.2190415,-0.1696988,0.3102249,-0.4978013
IMU,2128809897.0,1,0.3710525,0.4078571,-0.2214098,-0.05959969,0.3037032,-0.4894714
IMU,2128852225.0,1,0.3481881,0.4024593,-0.2258318,-0.09940951,0.2318042,-0.5037253
IMU,2128891870.0,1,0.3269715,0.4120492,-0.2249408,-0.09399005,0.2041532,-0.6116204
IMU,2128932991.0,1,0.2987223,0.4232668,-0.2258166,-0.1265765,0.3011101,-0.7273881
IMU,2128971890.0,1,0.2819245,0.4147515,-0.2307494,-0.08787838,0.3330204,-0.6813647
IMU,2129012041.0,1,0.2540644,0.3942106,-0.2398548,-0.09086582,0.1975064,-0.9059607
IMU,2129054016.0,1,0.2151359,0.3676282,-0.2571357,-0.03784221,0.3132135,-1.080872
IMU,2129093859.0,1,0.1753298,0.3402148,-0.2593489,0.00602714,0.2255662,-1.067384
IMU,2129134525.0,1,0.1261638,0.3059976,-0.2607462,-0.0193659,0.2034708,-1.182234
IMU,2129174227.0,1,0.07168486,0.259852,-0.2593505,-0.01606774,0.128327,-1.536487
IMU,2129214002.0,1,0.0290988,0.2116072,-0.2523692,-0.008929265,0.2783694,-1.613474
IMU,2129256108.0,1,0.003213006,0.1546941,-0.2521255,0.05443867,0.2475328,-1.607411
IMU,2129295738.0,1,-0.03086345,0.09908725,-0.2509151,0.1405622,0.2397947,-1.81104
IMU,2129335746.0,1,-0.06369128,0.06589551,-0.2774784,0.03516169,0.2526155,-1.931021
IMU,2129375750.0,1,-0.1546566,-0.003969643,-0.2886809,0.1261664,0.2087775,-2.22909
IMU,2129416089.0,1,-0.2544248,-0.06991383,-0.3142644,0.133315,0.1741819,-2.343112
IMU,2129456737.0,1,-0.3667681,-0.1564545,-0.3353626,0.7531413,-0.7141613,-3.619004
IMU,2129497123.0,1,-0.7242347,-0.4212354,-0.3592002,1.328944,-0.1350437,-4.673171
IMU,2129536969.0,1,-0.9507086,-0.3868836,-0.4044324,2.730152,1.088926,-6.251603
IMU,2129576889.0,1,0.9236906,-2.67195,-0.264235,8.065658,0.4884609,-17.20695
IMU,2129617421.0,1,5.451689,-6.311393,0.4324889,-10.39031,-20.35601,-46.95127
IMU,2129658988.0,1,-4.500672,0.9836963,3.555161,-15.86958,1.132869,-36.28671
IMU,2129698713.0,1,-0.09674174,0.6835729,1.299708,3.842294,3.238933,1.016213
IMU,2129738762.0,1,-0.3528825,1.578273,0.5416279,5.711181,6.309403,0.8194696
IMU,2129779214.0,1,-0.04714588,2.162127,-0.1384522,4.650864,4.204922,0.5335243
IMU,2129819605.0,1,0.3246941,1.055319,-0.09250394,5.207998,2.242257,-1.749059
IMU,2129858765.0,1,0.8512051,-0.5722879,0.2100569,4.326905,2.087533,-2.91252
IMU,2129898967.0,1,1.207189,-1.984726,0.204527,2.495057,1.448336,-4.009427
IMU,2129939021.0,1,1.27231,-2.468548,0.07880507,1.284333,0.2018725,-8.316163
IMU,2129979616.0,1,0.5625427,-1.640165,-0.0655803,-2.155317,-2.157125,-14.91691
IMU,2130020853.0,1,-0.3515504,0.9491346,-0.09960199,-3.872774,-3.69007,-22.8377
IMU,2130060510.0,1,0.1256583,0.1255598,-0.02599987,1.898306,-0.356445,-10.44773
IMU,2130100422.0,1,0.06252124,-0.1254313,-0.06340876,2.152449,0.006996952,-6.549934
IMU,2130141209.0,1,-0.0003210959,0.02838368,0.0266133,2.026628,-0.5269561,-8.197604
IMU,2130181440.0,1,-0.08612677,-0.03482602,0.040884,0.6255128,-0.3022605,-11.08988
IMU,2130220996.0,1,0.005727619,0.01849467,-0.005726595,0.6719761,-0.005287802,-9.805138
IMU,2130261393.0,1,0.004658764,0.01213733,0.008976613,1.612621,-0.4840418,-9.536189
IMU,2130302094.0,1,-0.007193483,-0.001126586,-0.003044457,0.8605642,-0.1313442,-9.897196
IMU,2130342065.0,1,0.002035486,0.01166018,0.004721864,1.267311,-0.3458472,-9.609474
IMU,2130381486.0,1,-0.01047384,-0.006800838,0.001227611,1.026133,-0.1679817,-9.758017
IMU,2130421854.0,1,-0.001464816,0.005275096,0.005153501,1.118954,-0.2643817,-9.485902
IMU,2130461463.0,1,-0.001579064,0.002924512,0.002536386,1.155977,-0.2905134,-9.741011
IMU,2130501834.0,1,0.00193007,0.001987814,-0.0004242064,1.077965,-0.1432627,-9.787988
IMU,2130541493.0,1,0.00152742,0.001695048,-0.001199643,1.052398,-0.285304,-9.736588
IMU,2130581487.0,1,-0.0008937803,0.005861155,0.002170232,1.05075,-0.2480951,-9.653296
IMU,2130621752.0,1,-0.00298437,0.007904897,0.0008903745,1.091798,-0.2539896,-9.680853
IMU,2130661436.0,1,-0.002013795,0.001868324,0.003813089,1.081685,-0.2917555,-9.675591
IMU,2130701721.0,1,-0.002732385,0.001435015,0.002936856,1.050356,-0.187659,-9.733383
IMU,2130742085.0,1,-0.002947404,0.003705797,0.0009404336,1.019926,-0.2203213,-9.670574
IMU,2130781985.0,1,-0.004490169,0.008270998,0.003555156,1.127227,-0.2335211,-9.720351
IMU,2130821815.0,1,-0.001420716,0.005363966,0.002193835,1.204969,-0.2115155,-9.592959
IMU,2130862227.0,1,-0.0002696426,0.00875623,0.001870967,1.137876,-0.2944027,-9.578687
IMU,2130902534.0,1,-0.003454254,0.004065055,0.004017304,1.015573,-0.3108406,-9.619487
IMU,2130942363.0,1,-0.001923266,0.00501099,0.004962578,1.039598,-0.2498661,-9.659294
IMU,2130982235.0,1,-0.0004659115,0.003417306,0.002410908,1.065975,-0.2017743,-9.763762
IMU,2131023008.0,1,-0.002291411,0.008257682,0.001090274,1.074363,-0.2409776,-9.717801
IMU,2131062853.0,1,-0.005127793,-0.003718227,0.005279334,1.088352,-0.2568848,-9.650595
IMU,2131102372.0,1,-0.000455749,0.002679425,0.001503755,1.127598,-0.2529841,-9.757362
IMU,2131142255.0,1,-0.00196272,0.0006016266,0.005823738,1.096031,-0.1942852,-9.658401
IMU,2131182251.0,1,-0.002469791,0.006051754,0.006030707,1.086924,-0.209234,-9.716594
IMU,2131222840.0,1,-0.002257691,0.007574333,0.007592176,1.124026,-0.2998855,-9.591391
IMU,2131262973.0,1,-0.001719524,0.002856408,0.001050502,1.030789,-0.2140414,-9.609335
IMU,2131302253.0,1,-0.0008069069,0.0001081563,0.00269912,1.018859,-0.3139143,-9.79325
IMU,2131342307.0,1,-0.00249214,0.00173827,0.0034431,1.123677,-0.3261932,-9.684992
IMU,2131382255.0,1,-0.003618706,0.005036143,0.004376983,1.095307,-0.2049891,-9.742012
IMU,2131423275.0,1,-0.00377776,0.01118555,0.004852709,1.158055,-0.2209202,-9.741409
IMU,2131464366.0,1,-0.0008578639,0.004748897,-0.0006882863,1.145207,-0.2461955,-9.666121
IMU,2131504233.0,1,-0.00104944,0.006986102,0.00222214,1.085853,-0.3375643,-9.675249
IMU,2131544033.0,1,-0.002879105,0.006954999,0.002901087,1.040247,-0.3173432,-9.732909
IMU,2131584416.0,1,-0.002989386,-0.001841547,-0.001133557,1.169459,-0.2607074,-9.679291
IMU,2131625078.0,1,-0.002191585,0.007778174,0.003980353,1.05377,-0.2532969,-9.742842
IMU,2131665078.0,1,-0.0008886045,0.009407508,0.00382418,1.062819,-0.209357,-9.758674
IMU,2131704604.0,1,-0.000644461,0.007839005,0.001469454,1.041083,-0.208746,-9.775311
IMU,2127811249.0,2,0.005114146,0.07852047,0.08547439,-0.08730143,1.039691,-7.560406
IMU,2127852476.0,2,-0.1281691,0.128612,0.07270456,-0.08366115,-0.08451562,-8.91701
IMU,2127892122.0,2,-0.01331436,0.07534967,0.07062729,-0.4992736,0.1806716,-8.604474
IMU,2127936236.0,2,0.004128718,0.1388842,0.07113928,-0.9008004,-0.2712863,-9.000804
IMU,2127976522.0,2,-0.1091756,0.2373226,0.06731758,-0.5097174,-0.05561074,-9.114376
IMU,2128021715.0,2,-0.0227327,0.1785894,0.04915648,-0.1023426,0.8092305,-9.030287
IMU,2128061715.0,2,0.03460054,0.2083367,0.03439125,-1.037324,-0.4617297,-9.255446
IMU,2128101441.0,2,-0.09008124,0.1429236,0.01743728,-0.5330878,-0.1182486,-8.971533
IMU,2128146039.0,2,-0.02421845,0.1975215,0.007234331,-0.8653567,0.2837284,-7.034796
IMU,2128186055.0,2,0.0367509,0.2118579,0.01740751,-0.07033594,-0.3274112,-9.051092
IMU,2128233819.0,2,0.01693029,0.1465699,0.007219937,-0.2453456,-0.9419405,-8.78648
IMU,2128274066.0,2,0.09112043,0.1239262,0.007801059,-1.156873,-0.4552226,-10.29526
IMU,2128322472.0,2,-0.003804203,0.1931846,0.003347074,-0.3113343,-0.08231237,-10.5411
IMU,2128363216.0,2,-0.006799361,0.1476951,-0.01057673,-0.6514374,-0.2968363,-9.551475
IMU,2128402694.0,2,0.0604924,0.1652347,-0.006166371,-0.643971,-0.5684757,-9.174562
IMU,2128447751.0,2,0.006337051,0.09418406,-0.02514965,-1.146225,-0.2080972,-9.502629
IMU,2128488250.0,2,0.1970548,0.1060553,0.004000119,-0.6831599,0.7899051,-1.584315
IMU,2128528167.0,2,0.3270518,0.2267695,-0.05440573,0.1364439,0.1094558,-0.9276632
IMU,2128569041.0,2,0.3944622,0.3274046,-0.1562947,-0.4673439,0.05527763,-0.601411
IMU,2128608686.0,2,0.4141578,0.3883277,-0.192376,-0.1560528,0.01228308,-0.255533
IMU,2128649885.0,2,0.4369889,0.4332082,-0.2289565,-0.1877537,-0.008963441,-0.1904821
IMU,2128689816.0,2,0.432193,0.437301,-0.2492932,-0.1834959,-0.03582887,-0.3028408
IMU,2128730865.0,2,0.4219211,0.4320112,-0.2587331,-0.1864408,-0.05615036,-0.3593604
IMU,2128770431.0,2,0.4258413,0.435623,-0.2589647,-0.1559303,-0.04358054,-0.3594448
IMU,2128809897.0,2,0.4192951,0.4430099,-0.259847,-0.1337656,-0.08200036,-0.4649359
IMU,2128852225.0,2,0.3949116,0.4434283,-0.2622211,-0.1257864,-0.08237714,-0.5371494
IMU,2128891870.0,2,0.3744473,0.4506895,-0.2658541,-0.1261005,-0.07964726,-0.5430029
IMU,2128932991.0,2,0.3461861,0.4638641,-0.2632408,-0.1277356,-0.08238315,-0.6451543
IMU,2128971890.0,2,0.329906,0.4544747,-0.269901,-0.1123807,-0.08934635,-0.7859622
IMU,2129012041.0,2,0.3033566,0.4337902,-0.2748415,-0.08740389,-0.1048545,-0.9001415
IMU,2129054016.0,2,0.265633,0.4054687,-0.2889796,-0.08122906,-0.1248772,-0.9949835
IMU,2129093859.0,2,0.2195507,0.3750033,-0.2948757,-0.06267068,-0.1163481,-1.112784
IMU,2129134525.0,2,0.1717836,0.3378792,-0.2939119,-0.04614737,-0.1287358,-1.233326
IMU,2129174227.0,2,0.1192885,0.2926728,-0.2886489,-0.0252606,-0.1342614,-1.338494
IMU,2129214002.0,2,0.06554703,0.236998,-0.2826869,-0.0292197,-0.1577579,-1.46432
IMU,2129256108.0,2,0.0188588,0.1666119,-0.2669345,-0.01398141,-0.1292983,-1.615109
IMU,2129295738.0,2,-0.01180848,0.1034212,-0.2736224,0.03680173,-0.1370206,-1.751611
IMU,2129335746.0,2,-0.05085937,0.06286743,-0.2971139,0.03189339,-0.1491778,-1.939836
IMU,2129375750.0,2,-0.1406473,-0.003234764,-0.3083619,0.04850406,-0.1587339,-2.152764
IMU,2129416089.0,2,-0.2426424,-0.0783131,-0.3292926,0.07173954,-0.2068418,-2.323136
IMU,2129456737.0,2,-0.3531942,-0.202364,-0.3517537,0.5761217,-0.3731313,-3.562649
IMU,2129497123.0,2,-0.7076569,-0.4511826,-0.3727905,0.6539501,-0.3280031,-4.576364
IMU,2129536969.0,2,-0.8920157,-0.3989532,-0.4009334,1.772425,-0.3031331,-6.368683
IMU,2129576889.0,2,1.079341,-3.062083,-0.2770573,7.050966,1.406597,-11.63832
IMU,2129617421.0,2,4.856015,-6.389611,0.2600386,-10.3689,-20.86529,-45.09641
IMU,2129658988.0,2,-5.091466,1.206467,3.813729,-24.51301,-6.274985,-65.78076
IMU,2129698713.0,2,-0.10061,0.7688166,1.478893,6.265291,4.910878,1.186507
IMU,2129738762.0,2,-0.3163324,1.680645,0.5935164,5.606627,4.787856,0.02186211
IMU,2129779214.0,2,0.001004949,2.253906,-0.1680792,4.568253,3.606477,0.7042826
IMU,2129819605.0,2,0.3976464,1.052158,-0.1152721,4.832452,1.817619,-1.018885
IMU,2129858765.0,2,0.8993903,-0.6836055,0.216685,4.047204,1.588122,-2.03554
IMU,2129898967.0,2,1.19486,-2.083854,0.1949846,2.607151,0.9700086,-3.547111
IMU,2129939021.0,2,1.247835,-2.578198,0.04201323,1.118191,-0.2359968,-8.094117
IMU,2129979616.0,2,0.5150061,-1.625057,-0.08839072,-1.919341,-2.529472,-15.60082
IMU,2130020853.0,2,-0.3408625,1.00515,-0.1075165,-4.236253,-3.960441,-23.26091
IMU,2130060510.0,2,0.191313,0.0934693,-0.05695074,1.583794,-0.8912587,-10.25895
IMU,2130100422.0,2,0.1010136,-0.1326784,-0.0793091,2.172746,-0.4594364,-6.578562
IMU,2130141209.0,2,-0.005394089,0.02837661,0.03201415,1.990893,-0.8343078,-8.070584
IMU,2130181440.0,2,-0.08549315,-0.03237615,0.03574169,0.5621958,-0.7925601,-10.8675
IMU,2130220996.0,2,0.02550379,0.01401451,-0.01499864,0.4563768,-0.348396,-9.827737
IMU,2130261393.0,2,0.008288106,0.003583517,0.002189898,1.426617,-0.9351233,-9.387212
IMU,2130302094.0,2,-0.001775813,-0.006153439,-0.006089988,0.7583366,-0.534179,-9.855979
IMU,2130342065.0,2,0.01349357,0.00686661,0.002531829,1.086422,-0.7328118,-9.571177
IMU,2130381486.0,2,-0.00543524,-0.005597624,-0.001490423,0.9122509,-0.6526532,-9.674129
IMU,2130421854.0,2,0.003797495,0.006735774,0.002236072,0.9980127,-0.6811752,-9.641035
IMU,2130461463.0,2,-0.001167119,-0.003168309,-0.0009199991,0.9806107,-0.6908633,-9.690927
IMU,2130501834.0,2,0.004855611,0.002114229,0.0004355746,0.957746,-0.6729053,-9.66223
IMU,2130541493.0,2,0.001676189,-0.001157878,-0.001583649,0.9864523,-0.6981273,-9.647482
IMU,2130581487.0,2,0.00311129,0.001713243,0.001476039,0.9611577,-0.6702003,-9.674896
IMU,2130621752.0,2,0.002039656,-0.0006985368,-0.0002032749,0.9782355,-0.6679714,-9.644586
IMU,2130661436.0,2,0.003184529,0.001291176,-0.001127616,0.9749364,-0.6918948,-9.673736
IMU,2130701721.0,2,0.002358116,0.001333633,0.0004126069,0.977347,-0.6645691,-9.679829
IMU,2130742085.0,2,0.00278077,0.0002946308,0.0004020842,0.9621032,-0.6836677,-9.640071
IMU,2130781985.0,2,0.003314435,-0.0003427719,-0.001969826,0.9849575,-0.6931474,-9.679353
IMU,2130821815.0,2,0.002896237,0.001181041,-0.0006881779,0.9696126,-0.6620421,-9.671356
IMU,2130862227.0,2,0.003229658,-5.750854e-05,0.0008386854,0.9682633,-0.6669719,-9.649193
IMU,2130902534.0,2,0.00218651,0.0004675556,-0.0005500429,0.9862569,-0.6693054,-9.679434
IMU,2130942363.0,2,0.002186951,0.00014479,-0.0009062837,0.9547005,-0.6791787,-9.663141
IMU,2130982235.0,2,0.002761821,0.0003656195,-0.001030205,0.9740039,-0.6692484,-9.669495
IMU,2131023008.0,2,0.002245018,0.0004100131,-0.001303559,0.9583711,-0.6735715,-9.665844
IMU,2131062853.0,2,0.001717625,0.0001693781,-0.0002245187,0.9796934,-0.6757146,-9.663999
IMU,2131102372.0,2,0.003122729,0.001442374,-0.000560581,0.9737622,-0.6664489,-9.687449
IMU,2131142255.0,2,0.002280264,-0.0004269342,-0.0001738423,0.9648589,-0.6685519,-9.666627
IMU,2131182251.0,2,0.001545017,0.0001363216,-0.0006227609,0.9764287,-0.6691085,-9.668065
IMU,2131222840.0,2,0.002292616,0.000711361,-0.0006327404,0.9747139,-0.665912,-9.680024
IMU,2131262973.0,2,0.002536034,0.0001056015,-0.0009068277,0.9809356,-0.670129,-9.66374
IMU,2131302253.0,2,0.002545583,-0.0004183949,0.0002409862,0.9731107,-0.6732928,-9.63615
IMU,2131342307.0,2,0.002076455,0.0003897388,0.000551809,0.9619583,-0.6700777,-9.647312
IMU,2131382255.0,2,0.002480928,0.00172654,-0.0006449487,0.9781507,-0.6605464,-9.697213
IMU,2131423275.0,2,0.004645089,0.001440692,5.086596e-05,0.9651689,-0.6677966,-9.642465
IMU,2131464366.0,2,0.003206594,0.0001726627,-0.0007058468,0.9677413,-0.6761537,-9.665492
IMU,2131504233.0,2,0.002102677,-0.0002919408,-0.0002546169,0.9826734,-0.6696547,-9.642176
IMU,2131544033.0,2,0.003267859,0.0001104054,-0.001548673,0.9734913,-0.6749418,-9.683792
IMU,2131584416.0,2,0.003283486,-0.0001717072,-0.0008934955,0.9654198,-0.6703607,-9.656393
IMU,2131625078.0,2,0.001990462,0.0004693937,-0.0007482117,0.9603494,-0.6725281,-9.685885
IMU,2131665078.0,2,0.002718204,0.0002417363,-3.627994e-05,0.9724469,-0.6634239,-9.665227
IMU,2131704604.0,2,0.001450735,0.0007372471,-0.0007589826,0.9783558,-0.6819597,-9.661295
