ARM,2041623698.0,0.0
AHR2,2040890258.0,0.12,-2.75,88.0,467.67,43.2382569,-7.6819365
AHR2,2040993865.0,0.14,-2.01,88.46,468.15,43.2382564,-7.6819318
AHR2,2041098629.0,0.26,-1.8,88.9,467.74,43.2382558,-7.6819266
AHR2,2041202964.0,-0.28,-1.01,89.35,467.93,43.2382552,-7.6819219
AHR2,2041307879.0,-0.5,-0.37,89.54,467.75,43.2382547,-7.6819187
AHR2,2041411018.0,-0.69,0.43,89.55,467.88,43.2382541,-7.6819141
AHR2,2041516668.0,-0.41,1.06,89.95,467.59,43.2382537,-7.6819102
AHR2,2041624863.0,-0.81,1.31,89.71,467.77,43.2382531,-7.6819046
AHR2,2041725080.0,-0.28,3.48,89.55,468.03,43.2382526,-7.6819005
AHR2,2041826897.0,1.45,7.29,88.41,467.05,43.2382521,-7.6818966
AHR2,2041926860.0,3.31,11.51,86.99,466.97,43.2382517,-7.6818927
AHR2,2042028081.0,5.13,15.65,85.59,466.89,43.2382515,-7.6818884
AHR2,2042128471.0,6.73,19.17,84.27,466.55,43.2382511,-7.6818845
AHR2,2042230279.0,7.84,22.28,82.82,466.4,43.2382509,-7.6818797
AHR2,2042330503.0,8.16,24.58,81.32,466.1,43.2382506,-7.6818759
AHR2,2042430697.0,7.94,25.71,79.73,465.73,43.2382504,-7.681872
AHR2,2042532217.0,6.74,25.48,77.85,465.25,43.2382501,-7.68187
AHR2,2042634498.0,4.61,23.77,75.77,464.75,43.2382492,-7.6818649
AHR2,2042734980.0,-3.07,17.41,74.63,464.5,43.2382488,-7.6818613
AHR2,2042837189.0,-1.0,-4.8,74.2,463.65,43.2382487,-7.6818586
AHR2,2042937055.0,6.38,-11.9,80.28,459.48,43.2382485,-7.6818554
AHR2,2043038529.0,8.07,-6.2,80.35,460.87,43.238247,-7.6818508
AHR2,2043138501.0,0.45,-9.72,77.11,461.21,43.2382463,-7.681847
AHR2,2043239284.0,-1.01,-13.86,76.68,461.13,43.2382481,-7.6818539
AHR2,2043339519.0,-0.94,-13.03,76.34,461.36,43.2382484,-7.6818543
AHR2,2043442045.0,-1.06,-12.56,76.78,461.28,43.2382478,-7.681854
AHR2,2043542063.0,-0.83,-12.82,76.89,461.04,43.2382477,-7.6818541
AHR2,2043641869.0,-0.96,-12.74,77.1,461.17,43.2382478,-7.6818542
AHR2,2043742064.0,-0.99,-12.69,77.31,461.26,43.2382479,-7.6818541
AHR2,2043842094.0,-1.03,-12.6,77.52,461.12,43.2382479,-7.6818543
AHR2,2043942023.0,-1.06,-12.51,77.73,461.23,43.2382481,-7.6818543
AHR2,2044042009.0,-1.1,-12.42,77.94,461.13,43.2382482,-7.6818543
AHR2,2044142254.0,-1.13,-12.35,78.14,461.26,43.2382483,-7.6818543
AHR2,2044242735.0,-1.16,-12.27,78.34,461.16,43.2382485,-7.6818544
AHR2,2044342947.0,-1.18,-12.19,78.54,461.21,43.2382486,-7.6818544
AHR2,2044443248.0,-1.21,-12.12,78.73,461.23,43.2382491,-7.6818546
AHR2,2044543055.0,-1.24,-12.05,78.92,461.24,43.2382492,-7.6818545
AHR2,2044643702.0,-1.26,-11.97,79.12,461.3,43.2382484,-7.6818547
AHR2,2044743536.0,-1.29,-11.9,79.31,461.27,43.2382483,-7.6818547
ATT,2040889616.0,-0.6917346,-0.3913255,-2.845902,-2.805685,98.68895,99.20902
ATT,2040993070.0,-0.7090899,-0.3546632,-2.441368,-2.039368,98.68687,99.37624
ATT,2041098000.0,-0.8688222,-0.1960799,-1.956048,-1.801214,98.68662,99.51858
ATT,2041202224.0,-1.123871,-0.7024354,-1.388721,-0.9917156,98.68542,99.62294
ATT,2041307191.0,-1.42087,-0.9304281,-0.7593911,-0.3558319,98.68121,99.49206
ATT,2041410456.0,-1.665489,-1.148121,-0.0817373,0.4352715,98.673,99.18666
ATT,2041515971.0,-1.732591,-0.8662768,0.5663271,1.055933,98.66325,99.29623
ATT,2041624210.0,-1.791703,-1.251633,1.318237,1.289611,98.65119,98.79773
ATT,2041724461.0,-0.9567309,-0.7313024,0.7405221,3.450595,98.47646,98.46555
ATT,2041826237.0,-0.4822289,0.9822729,0.3732522,7.263465,97.14299,97.15775
ATT,2041926249.0,-0.2462019,2.747776,0.1905637,11.65056,95.51558,95.55739
ATT,2042027521.0,-0.1248208,4.435058,0.09661193,15.98579,93.90276,93.97144
ATT,2042127893.0,-0.06357107,5.797408,0.04920393,19.88522,92.33408,92.42581
ATT,2042229659.0,-0.03199677,6.675641,0.02476562,23.37949,90.63724,90.74541
ATT,2042329620.0,-0.01633564,6.802214,0.0126435,26.05231,88.89222,89.00481
ATT,2042430050.0,-0.008339995,6.368151,0.006454974,27.55248,87.06258,87.16943
ATT,2042531656.0,-0.004211109,5.00199,0.003259072,27.71032,84.98643,85.07054
ATT,2042633845.0,-0.002120131,2.706576,0.001641307,26.38622,82.7374,82.78242
ATT,2042734407.0,-0.001078795,-5.042632,0.0008349441,20.40147,81.60997,81.52988
ATT,2042836619.0,-0.0005414084,-2.898026,0.0004190403,-1.498009,81.32495,81.28175
ATT,2042936483.0,-0.000327008,4.123546,0.0002528506,-7.593724,87.00115,87.0631
ATT,2043037891.0,-0.0003071704,5.014279,0.0002376236,-1.496829,86.75932,86.83398
ATT,2043137859.0,-0.0003071704,-3.589416,0.0002376235,-5.64176,83.59547,83.54174
ATT,2043238723.0,-0.0002960568,-5.591816,0.0002286452,-10.1982,83.30991,83.22536
ATT,2043338753.0,-0.0002960568,-5.433164,0.0002286452,-9.625956,82.75399,82.67197
ATT,2043441515.0,-0.0002900862,-5.434886,0.0002242374,-9.33881,82.96825,82.88628
ATT,2043541501.0,-0.0002900862,-5.164461,0.0002242374,-9.604118,82.88977,82.81181
ATT,2043641266.0,-0.0002900862,-5.233325,0.0002242375,-9.544355,82.86285,82.78387
ATT,2043741494.0,-0.0002900862,-5.208755,0.0002242375,-9.55032,82.85241,82.77379
ATT,2043841503.0,-0.0002900861,-5.20029,0.0002242375,-9.520745,82.83312,82.75464
ATT,2043941456.0,-0.000290086,-5.185368,0.0002242374,-9.491793,82.81083,82.73258
ATT,2044041451.0,-0.0002900861,-5.171347,0.0002242374,-9.460366,82.79224,82.71421
ATT,2044141693.0,-0.0002900863,-5.145367,0.0002242373,-9.423387,82.75851,82.68086
ATT,2044242018.0,-0.0002845922,-5.128246,0.0002200976,-9.390033,82.73247,82.65509
ATT,2044342050.0,-0.0002845922,-5.096921,0.0002200976,-9.340015,82.69192,82.61504
ATT,2044442695.0,-0.0002845922,-5.080646,0.0002200976,-9.309372,82.67062,82.59399
ATT,2044542323.0,-0.0002845922,-5.045489,0.0002200976,-9.244804,82.61539,82.53931
ATT,2044643014.0,-0.0002790483,-5.014416,0.0002158399,-9.190016,82.57238,82.49677
ATT,2044742926.0,-0.0002790483,-4.971257,0.0002158399,-9.109795,82.50397,82.42902
BARO,2040927509.0,0,3.998993,469.239,96735.91
BARO,2041032123.0,0,3.58078,468.8208,96740.45
BARO,2041135756.0,0,3.772949,469.0129,96738.35
BARO,2041243845.0,0,3.592102,468.8321,96740.32
BARO,2041347476.0,0,3.722076,468.9621,96738.91
BARO,2041452084.0,0,3.439514,468.6795,96741.95
BARO,2041556538.0,0,3.614685,468.8547,96740.05
BARO,2041661712.0,0,3.874664,469.1147,96737.24
BARO,2041762132.0,0,2.894135,468.1341,96747.88
BARO,2041863766.0,0,2.815033,468.055,96748.73
BARO,2041964064.0,0,2.730255,467.9702,96749.63
BARO,2042065427.0,0,2.39682,467.6368,96753.27
BARO,2042165672.0,0,2.244232,467.4842,96754.91
BARO,2042267077.0,0,1.944702,467.1847,96758.15
BARO,2042367246.0,0,1.577362,466.8174,96762.13
BARO,2042469134.0,0,1.096985,466.337,96767.34
BARO,2042569246.0,0,0.5968323,465.8368,96772.74
BARO,2042671607.0,0,0.3453369,465.5853,96775.48
BARO,2042771966.0,0,-0.5023804,464.7376,96784.67
BARO,2042873862.0,0,-4.670319,460.5697,96829.84
BARO,2042973866.0,0,-3.282898,461.9571,96814.8
BARO,2043075451.0,0,-2.946625,462.2934,96811.16
BARO,2043175439.0,0,-3.022919,462.2171,96812.0
BARO,2043276511.0,0,-2.791199,462.4488,96809.47
BARO,2043376412.0,0,-2.870331,462.3697,96810.34
BARO,2043476867.0,0,-3.110504,462.1295,96812.95
BARO,2043576523.0,0,-2.983368,462.2566,96811.56
BARO,2043676991.0,0,-2.892944,462.347,96810.58
BARO,2043776858.0,0,-3.03421,462.2058,96812.12
BARO,2043876863.0,0,-2.924011,462.316,96810.93
BARO,2043976860.0,0,-3.022919,462.2171,96811.98
BARO,2044076446.0,0,-2.895752,462.3442,96810.6
BARO,2044176867.0,0,-2.991821,462.2482,96811.64
BARO,2044277217.0,0,-2.949463,462.2905,96811.19
BARO,2044377206.0,0,-2.921204,462.3188,96810.88
BARO,2044477421.0,0,-2.918365,462.3216,96810.85
BARO,2044577688.0,0,-2.850555,462.3894,96810.1
BARO,2044677852.0,0,-2.881622,462.3584,96810.47
BARO,2044778007.0,0,-2.740356,462.4996,96808.92
BARO,2040927509.0,1,3.654266,468.8943,96719.8
BARO,2041032123.0,1,3.693817,468.9338,96719.39
BARO,2041135756.0,1,3.219086,468.4591,96724.52
BARO,2041243845.0,1,3.784241,469.0242,96718.4
BARO,2041347476.0,1,3.066498,468.3065,96726.17
BARO,2041452084.0,1,3.51297,468.753,96721.34
BARO,2041556538.0,1,2.936523,468.1765,96727.59
BARO,2041661712.0,1,3.659912,468.8999,96719.75
BARO,2041762132.0,1,3.114532,468.3545,96725.66
BARO,2041863766.0,1,2.752869,467.9929,96729.55
BARO,2041964064.0,1,2.577667,467.8177,96731.47
BARO,2042065427.0,1,2.405304,467.6453,96733.34
BARO,2042165672.0,1,2.221619,467.4616,96735.33
BARO,2042267077.0,1,1.995575,467.2356,96737.77
BARO,2042367246.0,1,1.571716,466.8117,96742.35
BARO,2042469134.0,1,1.060242,466.3002,96747.91
BARO,2042569246.0,1,0.7211609,465.9612,96751.57
BARO,2042671607.0,1,0.2888184,465.5288,96756.26
BARO,2042771966.0,1,-1.545074,463.6949,96776.13
BARO,2042873862.0,1,-5.272186,459.9678,96816.51
BARO,2042973866.0,1,-2.994659,462.2453,96791.84
BARO,2043075451.0,1,-3.003143,462.2368,96791.94
BARO,2043175439.0,1,-3.093567,462.1464,96792.91
BARO,2043276511.0,1,-3.011627,462.2284,96792.01
BARO,2043376412.0,1,-2.91272,462.3273,96790.95
BARO,2043476867.0,1,-3.118988,462.121,96793.19
BARO,2043576523.0,1,-2.909882,462.3301,96790.93
BARO,2043676991.0,1,-2.83078,462.4092,96790.05
BARO,2043776858.0,1,-2.901398,462.3386,96790.81
BARO,2043876863.0,1,-2.918365,462.3216,96791.02
BARO,2043976860.0,1,-2.861847,462.3781,96790.4
BARO,2044076446.0,1,-3.099213,462.1408,96792.96
BARO,2044176867.0,1,-3.028564,462.2114,96792.22
BARO,2044277217.0,1,-3.014435,462.2256,96792.05
BARO,2044377206.0,1,-2.909882,462.3301,96790.92
BARO,2044477421.0,1,-3.04834,462.1917,96792.41
BARO,2044577688.0,1,-3.195282,462.0447,96794.02
BARO,2044677852.0,1,-3.022919,462.2171,96792.14
BARO,2044778007.0,1,-3.056824,462.1832,96792.51
GPS,2041001486.0,4,25,43.2382568,-7.681936,467.41,3.625,-0.167,0.0
GPS,2041230703.0,4,26,43.2382556,-7.6819271,467.43,3.586,-0.022,0.0
GPS,2041440848.0,4,26,43.2382546,-7.6819183,467.41,3.446,0.0,0.0
GPS,2041610860.0,4,26,43.2382536,-7.6819099,467.41,3.341,0.035,0.0
GPS,2041813097.0,4,26,43.2382527,-7.6819017,467.34,3.224,0.422,0.0
GPS,2042013980.0,4,26,43.2382519,-7.6818936,467.01,3.251,2.79,0.0
GPS,2042195652.0,4,26,43.2382512,-7.6818855,466.25,3.13,4.634,0.0
GPS,2042437800.0,4,26,43.2382507,-7.6818778,465.15,3.032,6.352,0.0
GPS,2042599879.0,4,26,43.2382499,-7.6818703,463.71,2.953,8.018001,0.0
GPS,2042802043.0,4,26,43.2382491,-7.6818633,462.01,2.569,9.238001,0.0
GPS,2043004649.0,4,26,43.2382481,-7.6818564,460.82,3.17,2.718,0.0
GPS,2043206068.0,4,26,43.2382477,-7.6818533,460.66,0.482,-0.754,0.0
GPS,2043427228.0,4,25,43.2382478,-7.681854,460.81,0.09100001,-0.582,0.0
GPS,2043606971.0,4,26,43.2382477,-7.6818543,460.9,0.134,-0.162,0.0
GPS,2043806655.0,4,25,43.2382478,-7.6818544,460.94,0.15,-0.236,0.0
GPS,2044006831.0,4,26,43.2382481,-7.6818543,460.99,0.09200001,-0.243,0.0
GPS,2044207176.0,4,26,43.2382484,-7.6818544,461.06,0.119,-0.18,0.0
GPS,2044427808.0,4,26,43.238249,-7.6818546,461.1,0.128,-0.129,0.0
GPS,2044608203.0,4,26,43.2382486,-7.6818547,461.15,0.148,-0.148,0.0
IMU,2040915459.0,0,0.02449648,0.06135333,0.01074883,-0.3538294,1.376682,-10.01421
IMU,2040955220.0,0,-0.005562,0.05177468,0.06566542,-0.4561515,0.5542545,-9.043942
IMU,2040998432.0,0,0.089854,0.03752462,0.04279529,-0.02832807,0.2058696,-10.76997
IMU,2041040055.0,0,0.07961331,0.1364363,0.06276837,-0.3330325,0.6399335,-9.895864
IMU,2041081848.0,0,0.1269071,0.002773599,0.09573503,-0.1725983,0.2078592,-10.52344
IMU,2041123104.0,0,0.004625799,-0.0003218124,0.02028055,-0.6351277,1.154594,-9.93547
IMU,2041163666.0,0,-0.1280741,0.1356198,0.1152874,-0.01598304,-0.5368083,-8.957968
IMU,2041207210.0,0,-0.01924097,0.1042622,0.06274437,0.3725826,1.159606,-9.74271
IMU,2041248906.0,0,0.03105325,0.08031907,0.09034609,0.0160486,0.3107333,-9.715926
IMU,2041294615.0,0,-0.05796563,0.1077927,-0.006162421,-0.9472663,0.2643845,-9.656981
IMU,2041335064.0,0,0.08731642,0.06536951,-0.01812133,-0.1980527,0.4908332,-10.62761
IMU,2041375028.0,0,-0.04640268,0.01608524,-0.009159141,0.3305927,0.7917927,-10.10292
IMU,2041418209.0,0,-0.03221139,0.01241507,0.02191641,0.1769715,-0.8875479,-10.22966
IMU,2041459650.0,0,-0.0440176,0.08753685,-0.06982197,-0.6712244,0.7934368,-9.825398
IMU,2041503201.0,0,0.09533378,0.05652636,-0.1073752,-0.671299,-0.6243165,-9.990382
IMU,2041544037.0,0,0.02440411,0.0898294,-0.07480659,-0.3598272,-0.3156365,-10.10864
IMU,2041584102.0,0,0.04933655,0.08434865,0.0250601,-0.0682008,0.1901855,-9.530666
IMU,2041629659.0,0,-0.1544553,0.2275478,-0.04952203,-1.30406,-0.3214139,-8.728172
IMU,2041669236.0,0,-0.08823675,0.0288557,-0.06421813,0.006675154,1.206618,-5.694366
IMU,2041710189.0,0,0.2275443,0.4207716,-0.06681944,-0.4917857,1.390927,-2.368313
IMU,2041749528.0,0,0.2908947,0.6066408,-0.1436133,-0.2444222,0.159781,-0.5988068
IMU,2041789680.0,0,0.3323003,0.6893801,-0.234683,-0.3380158,0.05256991,-0.5001201
IMU,2041831614.0,0,0.3467084,0.7513438,-0.2853213,-0.1558173,-0.06270564,-0.5008074
IMU,2041871622.0,0,0.3609746,0.7510569,-0.2944218,-0.1359468,-0.1181385,-0.474127
IMU,2041911430.0,0,0.3501658,0.7563999,-0.3020089,-0.101542,-0.1006934,-0.571939
IMU,2041951246.0,0,0.3638201,0.7386429,-0.3080369,-0.07297228,-0.05096321,-0.6114919
IMU,2041991624.0,0,0.3652319,0.7331708,-0.3102412,-0.06117485,-0.12793,-0.6271778
IMU,2042032563.0,0,0.3405447,0.709748,-0.3109406,-0.05498876,-0.1297356,-0.7740489
IMU,2042072466.0,0,0.3337523,0.668398,-0.3112303,-0.02698075,-0.1231724,-0.8372534
IMU,2042112454.0,0,0.3124899,0.6310125,-0.3142006,-0.006691594,-0.1490638,-0.931374
IMU,2042152778.0,0,0.2960807,0.5875723,-0.3190383,0.009438924,-0.112755,-0.9809569
IMU,2042192876.0,0,0.2588093,0.555648,-0.3247124,-0.004318599,-0.1559247,-1.060466
IMU,2042234745.0,0,0.2047807,0.5176184,-0.3302009,0.04277594,-0.1541481,-1.215347
IMU,2042275033.0,0,0.1680881,0.4600326,-0.3291375,0.05506881,-0.153184,-1.297257
IMU,2042315241.0,0,0.1358441,0.3870732,-0.3209548,0.06396386,-0.1644074,-1.389504
IMU,2042354529.0,0,0.1072614,0.308964,-0.312112,0.09904042,-0.1584672,-1.488838
IMU,2042394538.0,0,0.07240625,0.2164188,-0.3085362,0.1104757,-0.1695765,-1.613202
IMU,2042434890.0,0,0.02742025,0.1238164,-0.308876,0.1416313,-0.1727211,-1.746888
IMU,2042476770.0,0,-0.03472574,0.03015609,-0.3158371,0.1581448,-0.1626092,-1.992681
IMU,2042516239.0,0,-0.1020352,-0.06374057,-0.3213747,0.1772812,-0.1525549,-2.17634
IMU,2042557062.0,0,-0.161278,-0.1655502,-0.3232467,0.1662971,-0.184358,-2.272816
IMU,2042596737.0,0,-0.2252602,-0.2568454,-0.3299658,0.1906843,-0.1760709,-2.350134
IMU,2042638706.0,0,-0.1944252,-0.4186113,-0.3235583,0.5852427,0.1027912,-2.98539
IMU,2042678633.0,0,-0.3586677,-0.6043465,-0.3041752,-0.2091623,-0.5422551,-2.793073
IMU,2042719520.0,0,-1.192842,-0.6208369,-0.2542746,3.087784,-4.454675,-11.75253
IMU,2042759744.0,0,-8.117419,-12.95653,-1.298095,20.32176,11.47244,-79.11406
IMU,2042799271.0,0,6.201394,8.226565,-1.552157,-39.6077,1.900424,-88.63596
IMU,2042841835.0,0,0.5793043,-4.458573,0.4665655,4.987464,-0.7715526,-3.277611
IMU,2042881394.0,0,0.123527,-3.434385,0.4740066,-2.525053,-3.09626,0.656072
IMU,2042921811.0,0,3.010766,1.915239,1.283978,-1.313873,-1.127326,0.2619347
IMU,2042961463.0,0,1.43695,2.143215,0.5730921,3.257535,-2.497245,-2.636679
IMU,2043001724.0,0,-0.1101289,0.8091909,-0.3034784,3.054913,-1.310255,-3.670487
IMU,2043043612.0,0,-1.019954,0.01700177,-0.7557968,1.15147,-1.009222,-3.522606
IMU,2043083064.0,0,-1.539765,-0.6075513,-0.7039984,1.234787,-0.8096307,-4.766752
IMU,2043123047.0,0,-1.680517,-1.035326,-0.4394975,0.2080628,0.5131074,-6.358388
IMU,2043162897.0,0,-1.036166,-1.063342,-0.09907193,-0.3747149,1.479515,-10.29242
IMU,2043203618.0,0,-0.272772,-0.8499006,-0.03773173,-1.399697,1.450292,-14.06537
IMU,2043243622.0,0,0.3300727,-0.2243783,-0.3281201,-4.597703,1.346835,-16.86507
IMU,2043283536.0,0,0.07787475,0.4363647,-0.2159621,-5.591792,0.002824253,-15.58762
IMU,2043323674.0,0,-0.160459,-0.1472035,0.1022576,-2.714745,-0.662927,-11.09528
IMU,2043364060.0,0,-0.03361551,-0.05653867,0.1222337,-1.086335,-0.01245707,-8.526105
IMU,2043404202.0,0,0.02173561,0.1244576,0.02808913,0.1096378,0.3108713,-7.834807
IMU,2043444021.0,0,0.01273485,0.02221326,-0.0291237,0.2592622,0.3791724,-7.930495
IMU,2043484019.0,0,0.02911988,-0.08368066,0.005725454,-0.9746422,0.2144468,-8.955769
IMU,2043524734.0,0,0.06786124,-0.0364053,-0.0232982,-1.709161,0.02956487,-10.41491
IMU,2043564034.0,0,-0.007959791,0.0123237,-0.02701712,-2.002168,-0.01794238,-11.02425
IMU,2043604065.0,0,-0.02445185,0.0002721646,0.0153369,-1.808404,0.1365896,-10.29795
IMU,2043643923.0,0,-0.005537671,0.002979937,0.003295452,-1.023066,0.1443647,-9.437472
IMU,2043684177.0,0,-0.005619162,0.001578926,0.002922335,-1.013367,0.1153047,-9.271759
IMU,2043724675.0,0,0.00546763,-0.01421004,0.002907921,-1.343528,0.1197477,-9.817382
IMU,2043764470.0,0,-0.002032133,-0.001089792,0.0008068366,-1.512101,0.1240051,-10.14134
IMU,2043804100.0,0,-0.003887997,-0.0005992907,0.003088274,-1.399546,0.1113616,-9.849387
IMU,2043844029.0,0,-0.00346146,-0.002410799,0.001333158,-1.199429,0.1355104,-9.611747
IMU,2043883847.0,0,-0.002029921,-0.0004036982,0.00282772,-1.324416,0.09281498,-9.787917
IMU,2043924651.0,0,-0.002428952,-0.003521961,0.002956193,-1.406891,0.1207449,-9.922573
IMU,2043964367.0,0,-0.004803588,-0.0001077767,0.003937273,-1.323332,0.1229511,-9.799953
IMU,2044004046.0,0,-0.001029379,-0.002455865,0.002254558,-1.285522,0.1248531,-9.735288
IMU,2044043867.0,0,-0.003750056,-0.002540829,0.002977347,-1.339037,0.105952,-9.798719
IMU,2044084036.0,0,-0.002223293,-0.002765707,0.002543509,-1.355863,0.1251243,-9.857766
IMU,2044124835.0,0,-0.00033263,-0.002029967,0.002194992,-1.314885,0.1233876,-9.785666
IMU,2044164221.0,0,-0.003481172,-0.003799209,0.002976699,-1.315907,0.1103093,-9.760845
IMU,2044204447.0,0,-0.003802265,-0.001023219,0.001658948,-1.342526,0.1146039,-9.835871
IMU,2044244991.0,0,-0.001939572,-0.002604108,0.003518122,-1.336117,0.1182307,-9.819376
IMU,2044285089.0,0,-0.001952789,-0.002795167,0.001882903,-1.309471,0.1211146,-9.787175
IMU,2044324769.0,0,-0.001073722,-0.002081732,0.002340298,-1.342006,0.1127282,-9.788779
IMU,2044364675.0,0,-0.002987415,-0.001872802,0.00308697,-1.338104,0.1239395,-9.832223
IMU,2044404838.0,0,-0.001842429,-0.002868123,0.003751254,-1.322418,0.1148339,-9.79762
IMU,2044445504.0,0,-0.003743376,-0.00176179,0.002421144,-1.333717,0.1181619,-9.796111
IMU,2044485479.0,0,-0.002021943,-0.001726213,0.00200218,-1.349017,0.1186449,-9.813334
IMU,2044525187.0,0,-0.002864128,-0.003082894,0.001501739,-1.320909,0.1060934,-9.791932
IMU,2044564971.0,0,-0.002231393,-0.002301529,0.001857564,-1.331322,0.1224881,-9.80812
IMU,2044605008.0,0,-0.002359616,-0.002703146,0.003287785,-1.337953,0.1182456,-9.80508
IMU,2044645863.0,0,-0.002545525,-0.002548055,0.003561791,-1.340701,0.1164267,-9.801576
IMU,2044685700.0,0,-0.003309637,-0.001731575,0.003091425,-1.348747,0.1109279,-9.797964
IMU,2044725388.0,0,-0.003177552,-0.001664207,0.002353539,-1.329774,0.117176,-9.791444
IMU,2044765207.0,0,-0.001544572,-0.001910634,0.003466285,-1.326432,0.1235095,-9.808095
IMU,2044805454.0,0,-0.00195174,-0.002611374,0.00244079,-1.335664,0.1040453,-9.792073
IMU,2040915459.0,1,-0.05073458,0.05874608,0.01094351,-1.048168,1.006804,-9.43231
IMU,2040955220.0,1,-0.04587982,0.05475008,0.03497215,-0.1949322,0.8964161,-8.161159
IMU,2040998432.0,1,0.04973388,0.08272132,0.06449205,-0.1843392,0.4184735,-10.38853
IMU,2041040055.0,1,0.05280898,0.1275155,0.04549508,-0.1974389,0.388972,-9.984186
IMU,2041081848.0,1,0.09470271,0.007832301,0.0692971,0.2173933,-0.4153127,-11.04801
IMU,2041123104.0,1,-0.06306168,-0.009985737,0.01664506,-0.9963736,1.428503,-9.706882
IMU,2041163666.0,1,-0.1180208,0.1517395,0.04556511,1.002495,0.04911084,-9.04403
IMU,2041207210.0,1,-0.05031772,0.1293074,0.04163123,0.4546994,1.161392,-8.61617
IMU,2041248906.0,1,0.0006703676,0.07651398,0.05157555,0.6476796,0.1001086,-10.11989
IMU,2041294615.0,1,-0.09276439,0.09702571,-0.01495804,-0.6688451,0.1573565,-10.39637
IMU,2041335064.0,1,0.02710648,0.09931406,-0.0249379,-0.5318846,0.1858474,-11.47093
IMU,2041375028.0,1,-0.07651106,0.06027853,-0.01663923,0.5007411,1.4258,-9.595434
IMU,2041418209.0,1,-0.01431386,0.08237176,0.02668535,0.8242158,-0.7036769,-11.20481
IMU,2041459650.0,1,-0.1011652,0.03360817,-0.06529545,-1.046185,0.2103985,-8.831647
IMU,2041503201.0,1,0.08907775,0.04854808,-0.06088971,-0.6396155,-0.464219,-9.522858
IMU,2041544037.0,1,0.02749969,0.06269033,-0.06586069,-0.9436077,-0.6513562,-9.351051
IMU,2041584102.0,1,-0.02408912,0.08647569,0.0006555724,0.3221225,-0.3650072,-9.591063
IMU,2041629659.0,1,-0.1338337,0.1693946,-0.05847486,-1.052536,-0.1778115,-8.704138
IMU,2041669236.0,1,-0.08473011,0.07103895,-0.04213766,-0.7604579,1.947934,-4.861016
IMU,2041710189.0,1,0.1868675,0.3786605,-0.05066919,-0.1559476,1.082082,-1.688152
IMU,2041749528.0,1,0.2658724,0.5512873,-0.1221911,-0.3675789,0.5379029,-0.5363699
IMU,2041789680.0,1,0.2920517,0.6377692,-0.1927322,-0.352664,0.443214,-0.2775095
IMU,2041831614.0,1,0.3136544,0.7025046,-0.2436619,-0.08349409,0.36843,-0.4136299
IMU,2041871622.0,1,0.3238595,0.7017086,-0.2495857,-0.1146709,0.2516523,-0.296457
IMU,2041911430.0,1,0.3119301,0.705682,-0.2631705,-0.1018648,0.3957952,-0.3885427
IMU,2041951246.0,1,0.3258025,0.6874645,-0.265297,-0.0413131,0.3326511,-0.5270179
IMU,2041991624.0,1,0.3306018,0.6805614,-0.2671388,-0.03113561,0.2283863,-0.4452014
IMU,2042032563.0,1,0.3005424,0.6621217,-0.2707349,0.00350535,0.2366965,-0.7040945
IMU,2042072466.0,1,0.2950153,0.6217302,-0.266923,-0.05214696,0.3604086,-0.7084568
IMU,2042112454.0,1,0.2744916,0.5870314,-0.2734677,0.01642804,0.2453033,-0.8708684
IMU,2042152778.0,1,0.2553977,0.5438173,-0.2770755,0.0755244,0.2656031,-0.7986117
IMU,2042192876.0,1,0.223354,0.5096256,-0.2855843,-0.04149546,0.2208743,-0.8906782
IMU,2042234745.0,1,0.1694287,0.4730872,-0.2940571,0.002059308,0.1859421,-1.04485
IMU,2042275033.0,1,0.1275128,0.4172852,-0.292269,0.06854033,0.2664939,-1.202021
IMU,2042315241.0,1,0.09775633,0.3468104,-0.2881329,0.06725974,0.1712608,-1.379062
IMU,2042354529.0,1,0.06925738,0.2808441,-0.2799377,0.08808136,0.3116435,-1.412419
IMU,2042394538.0,1,0.03884096,0.1993102,-0.284743,0.1921713,0.2345226,-1.531144
IMU,2042434890.0,1,0.008497449,0.1216241,-0.2849085,0.08520422,0.05394726,-1.653622
IMU,2042476770.0,1,-0.03908996,0.03515176,-0.2907128,0.2220179,0.2629369,-1.827662
IMU,2042516239.0,1,-0.1096148,-0.0481587,-0.3020055,0.1586727,0.1065381,-1.969198
IMU,2042557062.0,1,-0.169781,-0.1484733,-0.3024096,0.2033196,0.1998418,-2.125333
IMU,2042596737.0,1,-0.2300025,-0.2366223,-0.3098837,0.230412,0.2321879,-2.236327
IMU,2042638706.0,1,-0.2164276,-0.3775501,-0.3122935,0.5644106,0.3899443,-2.811561
IMU,2042678633.0,1,-0.353494,-0.5814703,-0.2944171,-0.1329092,-0.3563294,-2.809793
IMU,2042719520.0,1,-1.030027,-0.4924138,-0.2914654,3.031778,-4.244257,-12.57795
IMU,2042759744.0,1,-8.085238,-11.87133,-1.553452,21.50991,10.65371,-82.4726
IMU,2042799271.0,1,8.01576,9.366709,-2.548178,-17.88832,-9.765855,-104.4022
IMU,2042841835.0,1,0.4267063,-4.342697,0.4951662,3.902288,-0.5567008,-3.427903
IMU,2042881394.0,1,0.08287326,-3.368882,0.4028099,-2.891881,-2.280727,1.625706
IMU,2042921811.0,1,2.978884,1.748039,1.309693,-0.7810338,-1.038437,0.2089947
IMU,2042961463.0,1,1.461407,2.060672,0.5994041,3.500789,-2.274288,-2.847415
IMU,2043001724.0,1,-0.1040231,0.782843,-0.264687,3.209286,-0.8895813,-3.958043
IMU,2043043612.0,1,-1.013926,0.04218333,-0.7345399,1.157937,-0.5593648,-3.550843
IMU,2043083064.0,1,-1.54136,-0.540364,-0.7209202,1.17029,-0.5727224,-4.83362
IMU,2043123047.0,1,-1.699633,-0.9734677,-0.4899037,0.1618152,0.8779047,-6.276142
IMU,2043162897.0,1,-1.059064,-1.01511,-0.1426696,-0.3991766,1.657053,-9.997695
IMU,2043203618.0,1,-0.2922086,-0.8291426,-0.04253648,-1.366629,1.652359,-13.74572
IMU,2043243622.0,1,0.2781991,-0.2383292,-0.2817055,-4.579458,1.660357,-16.81399
IMU,2043283536.0,1,0.06107564,0.3946438,-0.2007944,-5.479929,0.154578,-15.61762
IMU,2043323674.0,1,-0.1560696,-0.1207115,0.08714896,-2.68315,-0.3326363,-11.00201
IMU,2043364060.0,1,-0.0308182,-0.03750407,0.1054943,-1.049197,0.3091014,-8.449482
IMU,2043404202.0,1,0.009585073,0.1210532,0.03684524,0.1204495,0.6804374,-7.863914
IMU,2043444021.0,1,0.005116835,0.03605352,-0.02713385,0.233222,0.7451891,-7.753646
IMU,2043484019.0,1,0.01281924,-0.07680741,0.0088188,-0.9188858,0.5002612,-8.924434
IMU,2043524734.0,1,0.03885707,-0.03329913,-0.009679306,-1.718827,0.325317,-10.35589
IMU,2043564034.0,1,-0.003269587,0.01484576,-0.02325498,-1.919821,0.2904711,-11.00146
IMU,2043604065.0,1,-0.02248172,0.009462406,0.01598258,-1.733977,0.453526,-10.20681
IMU,2043643923.0,1,-0.002177304,0.01220934,0.002818347,-0.9408074,0.4387104,-9.291028
IMU,2043684177.0,1,-0.003413357,0.002853902,0.004806623,-1.037264,0.370222,-9.246537
IMU,2043724675.0,1,0.004859122,-0.007254004,0.002754807,-1.298551,0.4507454,-9.669411
IMU,2043764470.0,1,2.467546e-05,0.003109917,0.0004654643,-1.456414,0.3997162,-10.00739
IMU,2043804100.0,1,-0.002647775,0.004026934,0.00565187,-1.360775,0.4367805,-9.774994
IMU,2043844029.0,1,-0.002588468,0.0005682223,0.003134626,-1.099502,0.5139683,-9.504913
IMU,2043883847.0,1,-0.001668765,0.006783288,0.0009152124,-1.232689,0.3245004,-9.639079
IMU,2043924651.0,1,0.0007416586,0.007208881,0.003732212,-1.357554,0.3636607,-9.88457
IMU,2043964367.0,1,-0.001912574,0.005636998,0.005732113,-1.20044,0.5297015,-9.842324
IMU,2044004046.0,1,0.0005747565,0.003874917,-0.0003225897,-1.158146,0.499485,-9.690603
IMU,2044043867.0,1,-0.0004131717,0.001114229,0.003299883,-1.317517,0.4026238,-9.749234
IMU,2044084036.0,1,-0.0002051794,0.001266616,0.001544556,-1.332293,0.4752141,-9.715429
IMU,2044124835.0,1,0.0002947213,0.001298723,0.003641149,-1.253726,0.3741941,-9.665342
IMU,2044164221.0,1,-0.002745129,0.003962441,0.002691667,-1.165689,0.4551645,-9.556775
IMU,2044204447.0,1,-0.002562134,0.007424095,0.001302268,-1.355103,0.4627875,-9.643771
IMU,2044244991.0,1,0.0007411431,0.004284955,-0.001629582,-1.312581,0.5279471,-9.80431
IMU,2044285089.0,1,-0.003311548,0.007203935,0.001092904,-1.241167,0.354524,-9.706222
IMU,2044324769.0,1,-0.001021335,0.008749236,0.002082536,-1.246382,0.5211169,-9.580826
IMU,2044364675.0,1,-0.001936787,0.003864484,0.002250522,-1.363583,0.4527861,-9.69921
IMU,2044404838.0,1,-0.0005785623,0.002402967,0.003765683,-1.276637,0.3673444,-9.713853
IMU,2044445504.0,1,-0.001594256,0.01067899,0.002387376,-1.28098,0.4196696,-9.783317
IMU,2044485479.0,1,-0.002204957,-0.002356648,0.003464873,-1.241791,0.4211907,-9.767093
IMU,2044525187.0,1,-0.002810505,0.005241768,0.001365302,-1.288636,0.3341386,-9.660723
IMU,2044564971.0,1,-0.003059349,-0.001316599,0.0004440697,-1.235402,0.4937559,-9.692847
IMU,2044605008.0,1,3.082855e-05,0.003190738,0.001395357,-1.26357,0.4011166,-9.515987
IMU,2044645863.0,1,-0.00391001,0.006433736,0.001649144,-1.27969,0.37481,-9.596556
IMU,2044685700.0,1,-0.0007803092,0.002885392,0.003373375,-1.25407,0.4043701,-9.694116
IMU,2044725388.0,1,-0.001225641,0.003518156,0.002766433,-1.245392,0.4625057,-9.890264
IMU,2044765207.0,1,-0.0006879628,0.004029187,0.003097393,-1.339738,0.4816663,-9.829531
IMU,2044805454.0,1,-0.001757959,0.0091236,0.002597448,-1.336358,0.3770987,-9.740494
IMU,2040915459.0,2,0.01764601,0.1517603,0.04131503,-1.051553,-1.331497,-9.073204
IMU,2040955220.0,2,0.05148336,0.06567197,0.03275894,-1.377275,-1.109035,-10.36498
IMU,2040998432.0,2,0.05889563,0.1101516,0.01795715,-0.8790925,-0.4237294,-9.545756
IMU,2041040055.0,2,0.02011726,0.1184138,0.03611995,-0.9248642,-0.5709996,-10.46942
IMU,2041081848.0,2,0.03864204,0.05564247,0.04925733,-1.207032,0.9014384,-10.19433
IMU,2041123104.0,2,0.02215057,0.04281573,0.04602363,-1.127514,-0.5711758,-9.126813
IMU,2041163666.0,2,-0.05807281,0.03378113,0.03098354,-0.2140589,-0.3155391,-9.880517
IMU,2041207210.0,2,0.035,0.1071689,0.04053546,-0.6978081,-0.2836815,-9.460009
IMU,2041248906.0,2,-0.04747828,0.0318097,5.645838e-05,-0.6671905,-0.1907146,-10.13885
IMU,2041294615.0,2,-0.1633868,0.1059116,-0.03734865,-0.5144612,0.5967844,-8.990637
IMU,2041335064.0,2,-0.05543233,0.1749255,-0.02481478,-1.076566,-0.240575,-9.540626
IMU,2041375028.0,2,0.03800724,0.1226883,-0.01912059,-0.7210408,-0.5710146,-10.10237
IMU,2041418209.0,2,-0.06760321,0.05491074,-0.02592628,0.02759165,0.3428188,-9.357758
IMU,2041459650.0,2,-0.0231864,0.1509079,-0.02499606,-0.4262606,-0.6020199,-9.592584
IMU,2041503201.0,2,0.04899069,0.08921143,-0.05701362,-1.447551,0.2005847,-9.065466
IMU,2041544037.0,2,-0.007742384,0.1762408,-0.01459936,0.1229718,-0.3383452,-8.973291
IMU,2041584102.0,2,-0.1050112,0.1032972,-0.03969179,-0.1960519,0.0667837,-10.39561
IMU,2041629659.0,2,-0.06655796,0.1771826,-0.04690359,-0.3454769,-0.4167502,-9.483305
IMU,2041669236.0,2,0.002185291,0.2205729,-0.02852107,-0.7249225,0.1728988,-3.384998
IMU,2041710189.0,2,0.2298461,0.4044113,-0.06969181,-0.1222397,0.2425186,-1.747885
IMU,2041749528.0,2,0.3117726,0.5920178,-0.1529419,-0.251043,0.1977623,-0.3957759
IMU,2041789680.0,2,0.3469214,0.6825355,-0.2350038,-0.3029365,0.01120749,-0.3517866
IMU,2041831614.0,2,0.3677312,0.7507698,-0.2871943,-0.1486913,0.01578479,-0.3684133
IMU,2041871622.0,2,0.3809556,0.7472039,-0.2947387,-0.1335917,-0.05851625,-0.3332714
IMU,2041911430.0,2,0.3704354,0.7532856,-0.3032608,-0.1334342,-0.03886169,-0.410183
IMU,2041951246.0,2,0.3799288,0.7347398,-0.306787,-0.110029,-0.03334198,-0.4425348
IMU,2041991624.0,2,0.3810738,0.7262736,-0.3096609,-0.09061044,-0.07682049,-0.4785163
IMU,2042032563.0,2,0.3567992,0.7060227,-0.3107569,-0.08843081,-0.07548911,-0.6308717
IMU,2042072466.0,2,0.3492589,0.6630424,-0.3128868,-0.07439474,-0.09718697,-0.7022008
IMU,2042112454.0,2,0.3285734,0.6255184,-0.3154043,-0.05197438,-0.08976489,-0.7745643
IMU,2042152778.0,2,0.3104319,0.5836998,-0.3197676,-0.03961849,-0.08487682,-0.8447309
IMU,2042192876.0,2,0.2747819,0.5530363,-0.3258251,-0.03391396,-0.1151089,-0.9507189
IMU,2042234745.0,2,0.2177306,0.5162929,-0.3314891,-0.0186393,-0.0984695,-1.051186
IMU,2042275033.0,2,0.1800243,0.4572714,-0.3300037,-0.001289289,-0.1115548,-1.162359
IMU,2042315241.0,2,0.1482359,0.3850777,-0.3230246,0.02950461,-0.1069793,-1.244051
IMU,2042354529.0,2,0.1168547,0.3086502,-0.313893,0.0346911,-0.1306853,-1.331595
IMU,2042394538.0,2,0.08002421,0.2176892,-0.3097799,0.0657011,-0.1336874,-1.444959
IMU,2042434890.0,2,0.03301766,0.1237756,-0.3118964,0.08770309,-0.1390124,-1.624724
IMU,2042476770.0,2,-0.03057907,0.02973707,-0.3175492,0.1102477,-0.1254615,-1.83794
IMU,2042516239.0,2,-0.0999108,-0.06263444,-0.3238753,0.1140892,-0.1236733,-2.012855
IMU,2042557062.0,2,-0.1611159,-0.1623192,-0.3234974,0.1118058,-0.1495123,-2.123302
IMU,2042596737.0,2,-0.224151,-0.2527187,-0.3313363,0.1245457,-0.1425952,-2.176077
IMU,2042638706.0,2,-0.2006756,-0.4072215,-0.3257486,0.3873795,-0.03010297,-2.623507
IMU,2042678633.0,2,-0.3727291,-0.6046307,-0.3047272,-0.120328,-0.315635,-2.765876
IMU,2042719520.0,2,-1.268493,-0.6364673,-0.2544065,2.98298,-4.14414,-12.38338
IMU,2042759744.0,2,-8.251565,-12.71286,-1.305631,14.68742,8.447659,-74.53437
IMU,2042799271.0,2,7.737628,7.521214,-1.305745,-30.61102,-0.3831643,-73.51821
IMU,2042841835.0,2,0.3990202,-4.216459,0.5513906,4.335575,-3.85489,-4.575034
IMU,2042881394.0,2,0.1197364,-3.375454,0.4598647,-2.209344,-2.399394,0.4356545
IMU,2042921811.0,2,2.959754,1.832402,1.258913,-0.6243002,-0.8678726,-0.09839883
IMU,2042961463.0,2,1.448705,2.093195,0.5526731,3.281634,-2.305524,-3.144386
IMU,2043001724.0,2,-0.1093021,0.7932723,-0.3196076,2.835913,-1.430279,-3.590129
IMU,2043043612.0,2,-0.9870892,0.04860577,-0.7487007,1.038612,-0.9783877,-3.426331
IMU,2043083064.0,2,-1.534264,-0.5751581,-0.7034665,0.8958605,-0.6527851,-4.548037
IMU,2043123047.0,2,-1.691259,-0.9991366,-0.4387105,0.003354586,0.3797096,-6.045576
IMU,2043162897.0,2,-1.048797,-1.040659,-0.102776,-0.3996544,1.306231,-9.709694
IMU,2043203618.0,2,-0.2979502,-0.8541051,-0.04140503,-1.298152,1.283292,-13.81043
IMU,2043243622.0,2,0.3189828,-0.2036435,-0.3255026,-4.404222,1.214699,-16.89966
IMU,2043283536.0,2,0.08017988,0.4248529,-0.2089282,-5.849967,0.1750462,-15.5579
IMU,2043323674.0,2,-0.1498756,-0.1422491,0.09377468,-2.916719,-0.657774,-10.86508
IMU,2043364060.0,2,-0.02769049,-0.05797892,0.1149147,-1.147639,-0.1319631,-8.427594
IMU,2043404202.0,2,0.03139167,0.1236111,0.02606195,0.05508054,0.2190398,-7.693022
IMU,2043444021.0,2,0.01852037,0.0316488,-0.03287151,0.1720486,0.3130268,-7.718429
IMU,2043484019.0,2,0.0284673,-0.07830248,0.004573314,-0.9994425,0.1801029,-8.717129
IMU,2043524734.0,2,0.06941913,-0.03642131,-0.0247299,-1.737252,-0.04667057,-10.23554
IMU,2043564034.0,2,-0.001354759,0.01616214,-0.02833853,-2.085415,-0.03563743,-10.87948
IMU,2043604065.0,2,-0.01798075,0.001804332,0.01079342,-1.886761,0.08793133,-10.19686
IMU,2043643923.0,2,0.001128013,0.003394564,-0.0004300634,-1.113845,0.09199583,-9.280679
IMU,2043684177.0,2,-0.001624333,0.003480956,0.001185643,-1.08107,0.08983187,-9.116381
IMU,2043724675.0,2,0.008344447,-0.01381438,8.829308e-06,-1.407116,0.06521297,-9.638865
IMU,2043764470.0,2,0.003675134,-0.0007168871,-0.003178723,-1.583674,0.08360831,-9.9901
IMU,2043804100.0,2,-0.0001407568,0.002522833,5.708249e-05,-1.474482,0.06057374,-9.71401
IMU,2043844029.0,2,0.001692058,-0.00204008,-0.00128157,-1.274803,0.09629541,-9.44538
IMU,2043883847.0,2,0.001912692,0.0008143482,-0.0001781479,-1.392135,0.04991601,-9.6344
IMU,2043924651.0,2,0.003315388,-0.0001435843,6.096498e-07,-1.474219,0.07016528,-9.745087
IMU,2043964367.0,2,0.001213747,0.002181962,0.0009693613,-1.402133,0.06856851,-9.633476
IMU,2044004046.0,2,0.004068608,0.0008056655,-0.0004722591,-1.362495,0.07420561,-9.563366
IMU,2044043867.0,2,0.001498457,-0.0001718149,-2.541164e-05,-1.405387,0.07123097,-9.665034
IMU,2044084036.0,2,0.002375902,0.0007866989,-0.0004996681,-1.425506,0.07635669,-9.646954
IMU,2044124835.0,2,0.004785063,0.0004097701,-0.001153529,-1.393106,0.07982466,-9.621316
IMU,2044164221.0,2,0.002513201,-0.00143896,-4.117076e-05,-1.381856,0.06182075,-9.609111
IMU,2044204447.0,2,0.003050412,0.0001939957,-0.0003599472,-1.416397,0.0778897,-9.67248
IMU,2044244991.0,2,0.002737933,0.0002741755,-0.0003040824,-1.404664,0.07996339,-9.652131
IMU,2044285089.0,2,0.001360576,-0.0006643709,-0.001619969,-1.393563,0.08068951,-9.629333
IMU,2044324769.0,2,0.003247716,-8.768609e-05,0.0005862024,-1.413335,0.07006587,-9.648923
IMU,2044364675.0,2,0.00199434,-0.0003296197,-0.0006480382,-1.411647,0.06358725,-9.658007
IMU,2044404838.0,2,0.004866915,0.001372381,-0.000802888,-1.386803,0.07221062,-9.636242
IMU,2044445504.0,2,0.0009921627,-0.0001740189,6.915029e-05,-1.404097,0.07266784,-9.629263
IMU,2044485479.0,2,0.003343379,-0.0005743697,-0.001694728,-1.397937,0.07809512,-9.660151
IMU,2044525187.0,2,0.001824353,0.0006733314,0.0003298756,-1.413493,0.05809978,-9.622265
IMU,2044564971.0,2,0.003484319,-0.0001081926,-0.001494409,-1.418827,0.0777448,-9.641763
IMU,2044605008.0,2,0.001820871,0.0007596983,4.462336e-05,-1.408739,0.05805345,-9.643049
IMU,2044645863.0,2,0.002873689,-0.0004168704,8.887957e-05,-1.40882,0.06247202,-9.641641
IMU,2044685700.0,2,0.002495879,-1.319156e-06,0.0001698119,-1.389996,0.07567212,-9.627295
IMU,2044725388.0,2,0.001523852,0.001056346,-0.001233884,-1.411167,0.08249008,-9.624937
IMU,2044765207.0,2,0.001532387,-0.0003168167,-0.0001081503,-1.410119,0.08219276,-9.642321
IMU,2044805454.0,2,0.002194167,-0.0001798573,0.0005928772,-1.401661,0.05575567,-9.643005
