ARM,218186989.0,0.0
AHR2,217564139.0,-0.98,-0.54,83.58,470.81,43.2382651,-7.6819343
AHR2,217669002.0,-1.43,0.4,83.6,470.9,43.238265,-7.68193
AHR2,217776738.0,-1.56,1.13,84.17,470.75,43.2382646,-7.6819249
AHR2,217880671.0,-1.24,2.05,84.72,470.4,43.2382644,-7.68192
AHR2,217984238.0,-1.5,2.91,84.77,470.55,43.2382643,-7.681915
AHR2,218089943.0,-1.45,3.72,85.02,470.61,43.238264,-7.6819122
AHR2,218195550.0,-1.78,4.94,85.31,470.36,43.2382636,-7.6819068
AHR2,218295596.0,-0.16,7.42,84.89,469.85,43.2382634,-7.6819026
AHR2,218397410.0,2.91,12.2,83.81,469.54,43.2382634,-7.6818995
AHR2,218497458.0,6.26,16.87,82.54,469.56,43.2382634,-7.6818957
AHR2,218598381.0,9.65,21.2,81.41,469.31,43.2382631,-7.6818918
AHR2,218698944.0,12.97,24.9,80.36,469.26,43.238263,-7.6818879
AHR2,218799216.0,16.09,28.15,79.2,468.82,43.2382628,-7.6818845
AHR2,218899906.0,18.1,30.85,77.82,468.34,43.2382628,-7.6818808
AHR2,219000696.0,18.72,32.73,76.0,467.99,43.2382622,-7.6818779
AHR2,219100937.0,17.95,33.12,73.61,467.46,43.2382619,-7.6818741
AHR2,219202015.0,15.25,31.75,70.4,466.92,43.2382618,-7.6818707
AHR2,219301942.0,7.33,21.03,65.66,466.27,43.2382616,-7.6818673
AHR2,219403038.0,0.32,-3.13,60.95,465.56,43.2382614,-7.6818648
AHR2,219503166.0,0.04,-10.55,63.18,462.61,43.2382612,-7.6818617
AHR2,219604471.0,-3.7,-10.18,64.86,463.24,43.2382656,-7.6818611
AHR2,219705002.0,-0.42,-7.92,64.43,463.19,43.2382671,-7.6818591
AHR2,219805687.0,-1.27,-8.13,65.15,463.13,43.238265,-7.6818635
AHR2,219906004.0,-1.7,-7.62,65.55,463.12,43.2382653,-7.6818638
AHR2,220006177.0,-1.83,-7.48,65.71,463.11,43.2382641,-7.6818629
AHR2,220106035.0,-1.99,-7.31,65.89,463.34,43.2382638,-7.6818626
AHR2,220206637.0,-2.13,-7.18,66.1,463.33,43.2382638,-7.681863
AHR2,220306618.0,-2.29,-7.03,66.31,463.38,43.2382636,-7.681863
AHR2,220407106.0,-2.44,-6.87,66.52,463.37,43.2382632,-7.6818631
AHR2,220507294.0,-2.58,-6.71,66.74,463.31,43.2382631,-7.6818631
AHR2,220607701.0,-2.72,-6.56,66.95,463.29,43.2382626,-7.6818629
AHR2,220707730.0,-2.85,-6.41,67.17,463.4,43.2382626,-7.6818629
AHR2,220808369.0,-2.98,-6.26,67.38,463.19,43.2382622,-7.6818628
AHR2,220908105.0,-3.12,-6.12,67.59,463.37,43.2382622,-7.6818628
AHR2,221007998.0,-3.24,-5.98,67.8,463.38,43.2382622,-7.6818628
AHR2,221108641.0,-3.36,-5.85,68.0,463.28,43.2382619,-7.6818629
AHR2,221211013.0,-3.49,-5.71,68.21,463.38,43.2382616,-7.6818626
AHR2,221313919.0,-3.61,-5.57,68.42,463.38,43.2382616,-7.6818626
AHR2,221415193.0,-3.72,-5.44,68.63,463.48,43.238261,-7.6818623
ATT,217563510.0,-2.07269,-1.65726,-1.011041,-0.7620038,91.22809,91.67368
ATT,217668373.0,-2.117112,-2.061346,-0.09679338,0.1645627,91.2116,91.47171
ATT,217776109.0,-2.172056,-2.154501,0.766293,0.8774975,91.19526,91.74761
ATT,217879916.0,-2.276998,-1.815315,1.612319,1.729925,91.17772,92.10631
ATT,217983515.0,-2.37419,-2.061954,2.461914,2.504585,91.15874,91.89766
ATT,218089262.0,-2.479752,-2.030829,3.346719,3.276678,91.13731,91.93764
ATT,218194865.0,-2.617352,-2.373549,4.314424,4.469273,92.0195,91.98403
ATT,218294911.0,-1.364404,-0.7473126,2.437356,6.919323,91.38926,91.37806
ATT,218396709.0,-0.6899772,2.301945,1.23256,11.77152,90.11445,90.14949
ATT,218496893.0,-0.3509699,5.539636,0.626965,16.7399,88.64433,88.73041
ATT,218597704.0,-0.1779089,8.853573,0.3178121,21.44737,87.31413,87.45536
ATT,218698358.0,-0.09082176,12.19224,0.1622412,25.70921,86.10698,86.30717
ATT,218798630.0,-0.04608427,15.35582,0.08232506,29.51397,84.8139,85.07383
ATT,218899118.0,-0.02352787,17.42457,0.04203078,32.7271,83.33234,83.63647
ATT,219000100.0,-0.0119067,18.07997,0.02127137,35.13325,81.41595,81.74019
ATT,219100383.0,-0.006078268,17.28078,0.01085951,36.05574,78.88644,79.20039
ATT,219201418.0,-0.00307732,14.43404,0.005498673,35.20918,75.50403,75.76464
ATT,219301384.0,-0.001571139,6.242621,0.002807124,24.99244,70.71204,70.81451
ATT,219402472.0,-0.0007956554,-1.36262,0.001420787,1.313945,66.03642,66.01611
ATT,219502615.0,-0.0004062146,-2.195764,0.0007263818,-5.247123,68.27643,68.24357
ATT,219603889.0,-0.0002061635,-5.587648,0.0003687456,-4.256249,69.79206,69.70867
ATT,219704439.0,-0.000198738,-1.221412,0.0003558364,-1.659435,69.05727,69.03907
ATT,219804949.0,-0.0001945605,-1.343547,0.0003483707,-1.819165,69.53409,69.51405
ATT,219905358.0,-0.0001906836,-1.577438,0.0003412934,-1.577363,69.80669,69.78317
ATT,220005622.0,-0.0001870898,-1.545757,0.0003351145,-1.695793,69.79491,69.77187
ATT,220105402.0,-0.0001836873,-1.565264,0.000329152,-1.659369,69.83958,69.81624
ATT,220205993.0,-0.0001800492,-1.567511,0.0003226585,-1.665307,69.88519,69.86181
ATT,220305996.0,-0.0001800492,-1.588005,0.0003226585,-1.653333,69.94263,69.91896
ATT,220406472.0,-0.0001800492,-1.607795,0.0003226585,-1.632033,70.00391,69.97993
ATT,220506670.0,-0.0001763572,-1.627028,0.0003159354,-1.600826,70.08077,70.05652
ATT,220607129.0,-0.0001763571,-1.642839,0.0003159354,-1.569287,70.16167,70.13718
ATT,220707014.0,-0.0001726713,-1.666148,0.0003090833,-1.530012,70.25637,70.23154
ATT,220807713.0,-0.0001692387,-1.694464,0.0003031089,-1.493598,70.34609,70.32084
ATT,220907473.0,-0.0001692386,-1.763509,0.0003031089,-1.40465,70.5236,70.4973
ATT,221007446.0,-0.0001692386,-1.800687,0.0003031089,-1.360371,70.6384,70.61156
ATT,221107994.0,-0.0001658063,-1.878157,0.0002970141,-1.269498,70.83091,70.80292
ATT,221210376.0,-0.0001589457,-1.977994,0.000284448,-1.144197,71.06801,71.03852
ATT,221313355.0,-0.0001589457,-2.074826,0.000284448,-1.024043,71.29027,71.25934
ATT,221414655.0,-0.0001589457,-2.138994,0.0002844479,-0.9411984,71.44984,71.41795
BARO,217558623.0,0,4.63446,470.8044,96755.04
BARO,217664013.0,0,4.722046,470.892,96754.12
BARO,217767520.0,0,4.575104,470.7451,96755.7
BARO,217872430.0,0,4.224731,470.3947,96759.5
BARO,217976422.0,0,4.374481,470.5445,96757.86
BARO,218081514.0,0,4.433838,470.6038,96757.22
BARO,218187336.0,0,4.182343,470.3523,96759.94
BARO,218287876.0,0,3.679352,469.8493,96765.39
BARO,218389158.0,0,3.362885,469.5329,96768.84
BARO,218489714.0,0,3.388306,469.5583,96768.57
BARO,218590635.0,0,3.134003,469.304,96771.32
BARO,218690646.0,0,3.088776,469.2588,96771.8
BARO,218791697.0,0,2.64798,468.818,96776.57
BARO,218891410.0,0,2.164764,468.3347,96781.82
BARO,218991919.0,0,1.814392,467.9844,96785.6
BARO,219092996.0,0,1.280334,467.4503,96791.4
BARO,219194183.0,0,0.7462769,466.9163,96797.19
BARO,219294175.0,0,0.09634399,466.2663,96804.24
BARO,219395105.0,0,-0.6100769,465.5599,96811.89
BARO,219495395.0,0,-3.56012,462.6099,96843.88
BARO,219596381.0,0,-2.938477,463.2315,96837.13
BARO,219696508.0,0,-2.983673,463.1863,96837.61
BARO,219797116.0,0,-3.048676,463.1213,96838.33
BARO,219897481.0,0,-3.057159,463.1128,96838.42
BARO,219997906.0,0,-3.062805,463.1072,96838.48
BARO,220097788.0,0,-2.831085,463.3389,96835.98
BARO,220198428.0,0,-2.848053,463.3219,96836.16
BARO,220298346.0,0,-2.794373,463.3756,96835.56
BARO,220398309.0,0,-2.805664,463.3643,96835.68
BARO,220499591.0,0,-2.865021,463.305,96836.33
BARO,220598947.0,0,-2.884796,463.2852,96836.55
BARO,220700139.0,0,-2.771759,463.3982,96835.34
BARO,220800316.0,0,-2.989349,463.1806,96837.7
BARO,220901036.0,0,-2.805664,463.3643,96835.7
BARO,221000656.0,0,-2.794373,463.3756,96835.57
BARO,221101142.0,0,-2.896088,463.2739,96836.66
BARO,221202663.0,0,-2.800018,463.37,96835.63
BARO,221303426.0,0,-2.791534,463.3784,96835.54
BARO,221404724.0,0,-2.695465,463.4745,96834.51
BARO,217558623.0,1,4.787048,470.957,96737.51
BARO,217664013.0,1,4.436646,470.6066,96741.31
BARO,217767520.0,1,4.10321,470.2732,96744.92
BARO,217872430.0,1,4.645752,470.8157,96739.05
BARO,217976422.0,1,3.820648,469.9906,96747.97
BARO,218081514.0,1,4.527069,470.6971,96740.34
BARO,218187336.0,1,4.284058,470.454,96742.98
BARO,218287876.0,1,3.840424,470.0104,96747.78
BARO,218389158.0,1,3.102905,469.2729,96755.76
BARO,218489714.0,1,3.292236,469.4622,96753.71
BARO,218590635.0,1,2.772308,468.9423,96759.34
BARO,218690646.0,1,2.961639,469.1316,96757.3
BARO,218791697.0,1,2.882507,469.0525,96758.14
BARO,218891410.0,1,1.935883,468.1059,96768.41
BARO,218991919.0,1,1.647675,467.8177,96771.52
BARO,219092996.0,1,1.240753,467.4107,96775.95
BARO,219194183.0,1,0.8366699,467.0067,96780.31
BARO,219294175.0,1,-0.1975403,465.9724,96791.52
BARO,219395105.0,1,-2.475067,463.6949,96816.2
BARO,219495395.0,1,-3.045868,463.1241,96822.39
BARO,219596381.0,1,-2.994995,463.175,96821.84
BARO,219696508.0,1,-2.602203,463.5678,96817.58
BARO,219797116.0,1,-3.099548,463.0704,96822.97
BARO,219897481.0,1,-2.907379,463.2626,96820.9
BARO,219997906.0,1,-3.0289,463.1411,96822.2
BARO,220097788.0,1,-2.760468,463.4095,96819.29
BARO,220198428.0,1,-3.153229,463.0168,96823.55
BARO,220298346.0,1,-2.746338,463.4236,96819.15
BARO,220398309.0,1,-2.537231,463.6328,96816.87
BARO,220499591.0,1,-2.551361,463.6186,96817.03
BARO,220598947.0,1,-2.554169,463.6158,96817.07
BARO,220700139.0,1,-2.703949,463.466,96818.7
BARO,220800316.0,1,-2.746338,463.4236,96819.14
BARO,220901036.0,1,-2.794373,463.3756,96819.68
BARO,221000656.0,1,-2.709595,463.4604,96818.75
BARO,221101142.0,1,-2.97522,463.1948,96821.62
BARO,221202663.0,1,-2.966736,463.2032,96821.54
BARO,221303426.0,1,-2.771759,463.3982,96819.42
BARO,221404724.0,1,-2.819794,463.3502,96819.95
GPS,217574364.0,4,26,43.2382651,-7.6819408,469.19,4.14,0.153,0.0
GPS,217762678.0,4,26,43.2382647,-7.6819311,469.12,3.864,0.284,0.0
GPS,217991733.0,4,26,43.2382642,-7.6819219,469.02,3.692,0.363,0.0
GPS,218161124.0,4,26,43.2382637,-7.6819132,468.94,3.443,0.183,0.0
GPS,218363194.0,4,26,43.2382634,-7.6819053,468.84,3.115,0.423,0.0
GPS,218564518.0,4,26,43.2382632,-7.6818976,468.52,3.158,2.653,0.0
GPS,218766634.0,4,26,43.2382629,-7.6818901,467.79,3.04,4.422,0.0
GPS,218987383.0,4,26,43.2382625,-7.6818827,466.73,3.038,6.164001,0.0
GPS,219168176.0,4,25,43.238262,-7.6818757,465.33,2.74,7.757,0.0
GPS,219369549.0,4,26,43.2382616,-7.6818694,463.68,2.5,9.072001,0.0
GPS,219550416.0,4,26,43.238263,-7.6818644,461.9,2.324,8.876,0.0
GPS,219752170.0,4,26,43.2382647,-7.681863,461.09,0.35,0.101,0.0
GPS,219993174.0,4,26,43.2382644,-7.6818632,461.12,0.396,-0.237,0.0
GPS,220154114.0,4,26,43.2382639,-7.681863,461.23,0.127,-0.549,0.0
GPS,220354444.0,4,26,43.2382633,-7.6818632,461.33,0.123,-0.393,0.0
GPS,220554914.0,4,26,43.2382626,-7.681863,461.4,0.067,-0.253,0.0
GPS,220775191.0,4,26,43.2382622,-7.6818628,461.46,0.013,-0.136,0.0
GPS,221015640.0,4,26,43.2382619,-7.6818629,461.54,0.038,-0.07,0.0
GPS,221156649.0,4,26,43.2382616,-7.6818626,461.64,0.016,-0.048,0.0
IMU,217574441.0,0,-0.1334224,0.2084944,0.04554999,-0.4877811,-0.6721787,-9.626576
IMU,217618602.0,0,-0.01420047,0.2061149,0.1008453,-0.7903957,0.2384744,-9.084353
IMU,217658481.0,0,-0.00240809,0.06288984,-0.07197199,-1.391955,-0.4018016,-9.974471
IMU,217699098.0,0,0.09935457,0.04310332,0.01506347,-0.7786944,0.9096965,-10.63531
IMU,217742455.0,0,0.06280699,0.1033887,0.0408736,-0.2273856,0.2182036,-10.59112
IMU,217784027.0,0,0.04816387,0.099844,0.01296426,-0.2484072,1.076831,-10.78705
IMU,217827707.0,0,0.07408632,0.1079913,0.1054859,-0.537147,0.4096483,-10.2524
IMU,217867352.0,0,-0.0715398,0.1602734,-0.05639281,-0.8690709,-0.2059955,-9.574603
IMU,217907995.0,0,-0.01029786,0.1152476,0.01279102,-1.147382,0.0035548,-9.847426
IMU,217950918.0,0,-0.03057367,0.1034774,-0.03101048,-0.6882147,0.2688107,-10.43193
IMU,217991953.0,0,0.04231004,0.2375288,0.07115607,-0.1190569,1.3359,-10.24436
IMU,218037170.0,0,0.00676285,0.1047701,0.003312334,-0.237039,1.173432,-10.766
IMU,218076484.0,0,-0.02001574,0.2082883,0.07967947,-0.9013791,0.4906624,-8.766467
IMU,218117630.0,0,-0.05037785,0.08828603,-0.08586455,-1.376953,-0.4578902,-9.779643
IMU,218162786.0,0,-0.1829556,0.1568801,-0.04402287,-1.009842,-0.816146,-9.935547
IMU,218205115.0,0,-0.1467363,0.2442624,0.0068737,-1.296049,0.06168246,-9.446387
IMU,218244740.0,0,0.4439168,0.5037846,0.008104657,-1.422008,0.7420666,-1.854645
IMU,218284937.0,0,0.3719561,0.5727152,-0.1011015,0.372121,-0.7982364,-0.8648292
IMU,218325510.0,0,0.5568029,0.8017436,-0.1888204,-0.5694439,0.2029261,-0.6216081
IMU,218367921.0,0,0.567382,0.8512422,-0.239753,-0.1454253,-0.1049477,-0.6392046
IMU,218409506.0,0,0.6022678,0.854458,-0.2748176,-0.1504177,0.1176764,-0.7343627
IMU,218449349.0,0,0.622539,0.8434734,-0.2986106,-0.1153596,0.008442934,-0.6572059
IMU,218489957.0,0,0.6400893,0.8334124,-0.3028746,-0.0708598,0.01027538,-0.7265602
IMU,218529151.0,0,0.6534557,0.7905627,-0.3061984,-0.0643978,-0.05810485,-0.7701421
IMU,218569698.0,0,0.6438017,0.7761697,-0.3096675,-0.06640227,-0.1026801,-0.7802151
IMU,218610633.0,0,0.6549071,0.7573771,-0.3125172,-0.02215513,-0.07209402,-0.8993471
IMU,218650367.0,0,0.6760683,0.7160623,-0.3153991,-0.005245515,-0.08519934,-1.040012
IMU,218690904.0,0,0.6784778,0.672749,-0.3196486,-0.002911881,-0.09355131,-1.10176
IMU,218731683.0,0,0.6727937,0.6278107,-0.3290932,0.02359469,-0.1006908,-1.222161
IMU,218771114.0,0,0.649122,0.5789328,-0.3417923,0.02309569,-0.1474863,-1.247483
IMU,218811797.0,0,0.5870385,0.5357171,-0.3499241,0.04931198,-0.2203132,-1.34092
IMU,218851728.0,0,0.5160179,0.4899181,-0.3588065,0.08995431,-0.2189502,-1.374864
IMU,218891638.0,0,0.4382557,0.4375109,-0.3713215,0.09560281,-0.2322314,-1.492181
IMU,218932884.0,0,0.3596382,0.3727515,-0.3793638,0.1058802,-0.2684938,-1.580764
IMU,218972404.0,0,0.2793887,0.2923972,-0.3852333,0.1589184,-0.2791395,-1.704247
IMU,219012755.0,0,0.2033154,0.1929923,-0.3866358,0.1939204,-0.2816189,-1.840401
IMU,219052689.0,0,0.1406576,0.07454112,-0.3840209,0.2152184,-0.2751599,-1.897623
IMU,219093228.0,0,0.06676043,-0.05698876,-0.3848566,0.2693052,-0.3200093,-2.07943
IMU,219133462.0,0,-0.03461234,-0.1798278,-0.3957186,0.2676179,-0.3453539,-2.244599
IMU,219173018.0,0,-0.1338234,-0.3239113,-0.4099286,0.2954856,-0.3428317,-2.458891
IMU,219213918.0,0,-0.4715379,-0.4928973,-0.5527307,1.384317,-1.538482,-4.722596
IMU,219253901.0,0,-0.4678181,-1.296129,-0.5122482,0.7984552,-1.508537,-5.56564
IMU,219294459.0,0,-1.73736,-3.148244,-0.3905293,0.5813399,-2.325986,-8.342463
IMU,219336340.0,0,-1.96253,-5.606548,-0.1637062,11.81216,-12.42793,-42.84745
IMU,219376959.0,0,2.822704,-4.235017,-5.168521,7.176637,0.697386,-37.35151
IMU,219417932.0,0,0.1409257,-1.234209,-0.4178188,-0.7869029,9.717011,-2.027051
IMU,219458015.0,0,0.03658916,-1.382172,0.4506367,-0.6131729,5.605865,-0.4134647
IMU,219497492.0,0,-0.4123957,-0.8046555,0.725156,-0.6941584,3.439363,0.9941088
IMU,219537508.0,0,-0.7873812,-0.2695038,0.4807012,0.013182,3.898173,1.718618
IMU,219578700.0,0,-0.5464632,0.4965331,0.1625209,0.8348684,3.381148,-1.437417
IMU,219618737.0,0,0.003545401,0.5997701,-0.1526006,1.425403,2.228598,-3.808151
IMU,219658899.0,0,0.8244026,0.6233219,-0.2009822,1.498833,2.503936,-7.264118
IMU,219698687.0,0,1.205838,0.182603,0.09611317,0.949407,0.7652711,-10.52013
IMU,219739464.0,0,0.2610581,-0.01363031,0.1929894,0.1297424,-0.6681902,-16.19314
IMU,219779894.0,0,-0.4689807,-0.03801131,-0.05058142,-1.284058,0.4866513,-19.19392
IMU,219820355.0,0,0.03318402,-0.0240285,0.04204507,-1.067551,3.243885,-11.73721
IMU,219860158.0,0,-0.04966095,0.08711053,0.04359232,0.6186651,1.49056,-7.670305
IMU,219900631.0,0,-0.08382968,-0.003600252,0.03889401,0.9555576,0.548574,-7.378297
IMU,219942927.0,0,0.01475752,-0.0281208,-0.02131282,0.07938838,0.7398466,-9.765787
IMU,219983030.0,0,0.01098398,-0.02091858,-0.0002673734,-0.1275221,2.02964,-10.68553
IMU,220022905.0,0,-0.0001366633,0.02076567,0.003518817,0.3220369,1.802472,-10.17102
IMU,220063385.0,0,-0.004102414,-0.007550871,-0.001320011,0.1233524,1.130487,-9.34649
IMU,220103391.0,0,0.003522835,-0.002500626,0.003261457,0.1912204,1.368242,-9.688537
IMU,220142968.0,0,0.0008089381,-0.007644858,-0.002008069,0.1303713,1.612115,-10.06379
IMU,220183236.0,0,0.0005593633,0.003425618,0.002612232,0.1475781,1.419644,-9.736016
IMU,220223511.0,0,-0.002086557,-0.006620319,-0.003710384,0.1890411,1.401631,-9.706473
IMU,220263689.0,0,0.0001426294,0.001124612,0.001985549,0.1572547,1.476048,-9.914365
IMU,220303678.0,0,0.001189487,-0.002265591,-0.0004309057,0.1557508,1.467865,-9.78356
IMU,220343443.0,0,-0.002920491,0.001056385,0.001530886,0.2005893,1.394514,-9.827911
IMU,220383220.0,0,0.00240961,0.002561953,0.000336382,0.1635942,1.488217,-9.835757
IMU,220423948.0,0,-0.001567543,-0.001263477,0.00191082,0.1223958,1.446158,-9.791015
IMU,220464172.0,0,0.001684458,0.00105354,0.002310224,0.1844862,1.446598,-9.808491
IMU,220503794.0,0,0.003481421,-0.002351176,0.001258979,0.1338103,1.452849,-9.788535
IMU,220543946.0,0,0.00276576,-0.001659188,0.001315521,0.1729315,1.454169,-9.787428
IMU,220584030.0,0,0.0002605456,-0.003484035,0.0003789107,0.1670851,1.462779,-9.823007
IMU,220624915.0,0,0.002227613,-0.0009679549,0.001100457,0.1669387,1.448656,-9.829026
IMU,220664968.0,0,0.002950646,-0.0002879756,0.00175424,0.1396308,1.455629,-9.788636
IMU,220704868.0,0,-0.0003645599,-0.001761823,0.000265856,0.1631173,1.461397,-9.812099
IMU,220744668.0,0,-0.000372039,-0.001243704,0.002924026,0.1726642,1.434678,-9.799259
IMU,220784662.0,0,0.001022777,-0.001553167,0.0002414339,0.150063,1.462415,-9.804129
IMU,220825643.0,0,0.0005050075,-0.0006985806,0.001515664,0.1618821,1.447339,-9.820716
IMU,220864994.0,0,0.0001401559,0.001102696,0.001764021,0.1644243,1.459301,-9.815971
IMU,220905178.0,0,-0.0001352363,-0.001325962,0.001638065,0.1508706,1.433133,-9.766986
IMU,220945103.0,0,0.0007874321,-0.002208225,0.002145928,0.1693441,1.457648,-9.814855
IMU,220985331.0,0,0.001407491,-0.003157394,0.00105061,0.14911,1.461226,-9.790599
IMU,221025516.0,0,0.0007477084,-0.003655531,0.0005300169,0.1496121,1.446899,-9.786219
IMU,221066022.0,0,2.719603e-05,-0.002249712,0.000781478,0.1529872,1.46835,-9.797448
IMU,221105737.0,0,0.001108126,-0.002680617,0.0009126441,0.1768093,1.449414,-9.785894
IMU,221145926.0,0,0.001353191,-0.002006333,0.002276822,0.160789,1.441273,-9.808029
IMU,221187440.0,0,-0.0001510383,0.000785867,0.001607347,0.1816646,1.457594,-9.815652
IMU,221228331.0,0,-0.0006236401,-0.001090353,0.001530395,0.1554965,1.422482,-9.800453
IMU,221267971.0,0,-9.188848e-05,-0.0007564366,0.0009990168,0.177609,1.454853,-9.821113
IMU,221307991.0,0,-0.0007104689,-0.001065824,0.0003960742,0.1373402,1.435299,-9.780651
IMU,221348351.0,0,0.0004533331,-0.001475331,0.0005246946,0.1897332,1.456638,-9.805249
IMU,221389707.0,0,0.002138799,-0.0004881287,0.0006078695,0.1581234,1.445936,-9.812136
IMU,221429677.0,0,0.001179978,-0.00139583,0.002285565,0.1394354,1.430921,-9.811502
IMU,221469177.0,0,0.0009165233,-0.001842918,0.0004077099,0.1714105,1.453164,-9.803936
IMU,217574441.0,1,-0.07538586,0.2036637,0.01020386,-0.3787814,-0.5438924,-9.523344
IMU,217618602.0,1,-0.0576646,0.15306,0.02894879,-0.4539408,0.5005205,-8.118494
IMU,217658481.0,1,0.007252468,0.0451829,-0.02488216,-1.543647,0.2472578,-9.856487
IMU,217699098.0,1,0.0678812,0.08881149,-0.06365532,-1.081438,1.000098,-10.00651
IMU,217742455.0,1,0.005065348,0.1292512,0.04955496,-0.01261418,0.3120927,-10.81361
IMU,217784027.0,1,-0.05010929,0.08596421,0.01821434,0.09177089,0.9231004,-10.24791
IMU,217827707.0,1,0.01875271,0.1307689,0.07924712,-0.03982577,0.7311104,-11.11072
IMU,217867352.0,1,-0.05918737,0.118867,-0.04111319,-1.129769,0.08806322,-8.413384
IMU,217907995.0,1,0.01924704,0.1276854,0.01487748,-0.8338391,-0.5605551,-10.03041
IMU,217950918.0,1,0.05963888,0.1497299,0.01965453,-0.4126517,0.8999783,-11.13467
IMU,217991953.0,1,-0.02211094,0.196908,0.04385262,0.1120257,1.549115,-9.466138
IMU,218037170.0,1,-0.0310533,0.1070887,0.003461586,0.2576511,2.324283,-11.30913
IMU,218076484.0,1,-0.05538224,0.1551927,0.01972704,-0.06197155,0.2304351,-9.682129
IMU,218117630.0,1,-0.008211809,0.04590424,-0.02633286,-1.740602,-0.6708877,-9.203971
IMU,218162786.0,1,-0.1964424,0.1142534,-0.03468445,-0.4214564,0.02457245,-10.05481
IMU,218205115.0,1,-0.1166727,0.1601408,-0.0458327,-0.9521842,0.3294474,-8.216815
IMU,218244740.0,1,0.3384721,0.3802385,-0.01850433,-0.2515381,-0.7887161,-0.9101816
IMU,218284937.0,1,0.3690302,0.5725847,-0.06700558,-0.1506673,-0.02496345,-0.3063661
IMU,218325510.0,1,0.5051411,0.7217423,-0.1473126,-0.5708631,0.6390465,-0.361365
IMU,218367921.0,1,0.5313486,0.7968804,-0.1925235,-0.08193588,0.4283876,-0.4237805
IMU,218409506.0,1,0.5572703,0.7943947,-0.2232522,-0.109611,0.536052,-0.6706578
IMU,218449349.0,1,0.5815138,0.7788363,-0.2475545,-0.1072854,0.5248187,-0.5168512
IMU,218489957.0,1,0.5961423,0.7779477,-0.2482489,-0.06437446,0.5624276,-0.5761053
IMU,218529151.0,1,0.6090747,0.7276616,-0.2492337,-0.02962285,0.3682448,-0.5575032
IMU,218569698.0,1,0.6014588,0.7131282,-0.2533872,-0.005226057,0.345667,-0.5535113
IMU,218610633.0,1,0.6137599,0.6954525,-0.2571337,0.06707616,0.3834612,-0.6851126
IMU,218650367.0,1,0.6304578,0.6624951,-0.2616811,-0.02658282,0.3331658,-0.8290365
IMU,218690904.0,1,0.63695,0.6148038,-0.2650903,0.01309843,0.3115104,-0.8554569
IMU,218731683.0,1,0.626551,0.5735793,-0.2701351,0.04373636,0.3279333,-1.002921
IMU,218771114.0,1,0.6033136,0.5266466,-0.2865469,0.1179229,0.204888,-1.074438
IMU,218811797.0,1,0.5424061,0.4838067,-0.29798,0.04190055,0.2683514,-1.192143
IMU,218851728.0,1,0.471189,0.439856,-0.3089771,0.03391407,0.1800587,-1.177074
IMU,218891638.0,1,0.3961785,0.3917473,-0.3225023,0.07463297,0.2558742,-1.248208
IMU,218932884.0,1,0.3190627,0.324779,-0.3375607,0.1440205,0.1644353,-1.313359
IMU,218972404.0,1,0.2376524,0.2489894,-0.3453916,0.1959913,0.213857,-1.622532
IMU,219012755.0,1,0.1639418,0.1735257,-0.3504053,0.2133611,0.1972244,-1.729515
IMU,219052689.0,1,0.09170316,0.07173718,-0.3477856,0.1763538,0.1171766,-1.687667
IMU,219093228.0,1,0.02940444,-0.05111055,-0.3526644,0.3059717,0.2084059,-1.890947
IMU,219133462.0,1,-0.04465239,-0.1638405,-0.3695216,0.3509809,0.04340205,-2.178441
IMU,219173018.0,1,-0.1449542,-0.3122164,-0.388254,0.3551735,0.1308883,-2.318708
IMU,219213918.0,1,-0.4786728,-0.4542638,-0.5279535,1.563215,-1.29941,-5.052909
IMU,219253901.0,1,-0.483226,-1.23895,-0.5136063,0.8900738,-1.096148,-5.168109
IMU,219294459.0,1,-1.775933,-3.068292,-0.4797998,0.9035261,-2.862576,-8.319685
IMU,219336340.0,1,-1.960953,-5.386233,-0.2786564,12.49502,-13.19377,-44.99995
IMU,219376959.0,1,2.489101,-5.517365,0.3767611,-0.1698138,-16.38874,-114.129
IMU,219417932.0,1,-0.05534679,-1.078327,-0.6368725,-0.9808354,6.965094,1.989801
IMU,219458015.0,1,-0.01543521,-1.350988,0.3888926,-0.6676744,6.198144,-0.06470002
IMU,219497492.0,1,-0.3616037,-0.7946285,0.6339808,-0.6744614,3.538178,1.100263
IMU,219537508.0,1,-0.7442935,-0.3050963,0.4063352,0.05319056,4.334688,1.997868
IMU,219578700.0,1,-0.5477431,0.4565966,0.1221765,0.9592212,3.78902,-1.223605
IMU,219618737.0,1,-0.01843153,0.5568355,-0.1326211,1.477958,2.519765,-3.704278
IMU,219658899.0,1,0.7692337,0.5681062,-0.150936,1.458306,2.727458,-7.039754
IMU,219698687.0,1,1.163986,0.1624179,0.1191607,0.9232337,1.012524,-10.41156
IMU,219739464.0,1,0.2641559,-0.02050494,0.1793241,0.1849745,-0.4069155,-16.23388
IMU,219779894.0,1,-0.4601836,-0.02975962,-0.05689256,-1.182341,0.7878422,-19.10543
IMU,219820355.0,1,0.01509775,-0.02746789,0.03828544,-0.9613272,3.594871,-11.29849
IMU,219860158.0,1,-0.04468651,0.08597371,0.04081377,0.621793,1.809227,-7.428316
IMU,219900631.0,1,-0.08170734,0.001465975,0.03741165,0.9398835,0.9508735,-7.129502
IMU,219942927.0,1,0.004170153,-0.03467016,-0.01849714,0.08778133,1.196416,-9.553381
IMU,219983030.0,1,0.006904671,-0.02061603,-0.002223678,-0.1219194,2.413653,-10.6342
IMU,220022905.0,1,-0.0006362571,0.01174277,0.006073976,0.3780792,2.114318,-10.11018
IMU,220063385.0,1,-0.005429799,-0.001371049,-0.0004324287,0.1635116,1.468194,-9.186509
IMU,220103391.0,1,-0.0004729062,-0.0003031123,-0.001374066,0.2789825,1.774561,-9.591696
IMU,220142968.0,1,-0.005247162,-0.007011096,-0.001963249,0.2308802,1.998191,-9.81652
IMU,220183236.0,1,-0.002598267,0.005300744,0.000687848,0.0907683,1.774003,-9.605706
IMU,220223511.0,1,-0.001704456,-0.00212689,-0.006704891,0.276781,1.839991,-9.505574
IMU,220263689.0,1,0.0014628,0.0004897717,-0.0007356353,0.1477635,1.698346,-9.821565
IMU,220303678.0,1,-0.00181207,-0.0003970967,-0.001269203,0.08004238,1.875148,-9.684231
IMU,220343443.0,1,-0.004435679,0.004641377,-0.001122747,0.2590651,1.773447,-9.665232
IMU,220383220.0,1,0.0002611108,0.001425116,-0.001550363,0.2008633,1.814827,-9.704069
IMU,220423948.0,1,-0.00181168,0.0002329272,-0.001094472,0.227929,1.863375,-9.717807
IMU,220464172.0,1,-0.0009366956,-0.0005727686,0.0009330884,0.1745436,1.930852,-9.7176
IMU,220503794.0,1,0.001407096,0.0002062074,-0.0003300856,0.1937609,1.89924,-9.439801
IMU,220543946.0,1,-0.0004824115,-0.001584057,-0.00573865,0.2096221,1.778269,-9.637634
IMU,220584030.0,1,-0.00343174,-0.003324948,0.0007990068,0.1556856,1.850112,-9.663771
IMU,220624915.0,1,0.0009979529,0.004322118,0.000670142,0.2323793,1.819409,-9.499935
IMU,220664968.0,1,0.0007986181,-0.001921223,-0.002291701,0.1991327,1.799763,-9.628197
IMU,220704868.0,1,-0.002988519,-0.002537682,0.000587977,0.1710444,1.808121,-9.604212
IMU,220744668.0,1,-0.00509645,0.0008111728,0.001326257,0.1817281,1.900163,-9.619991
IMU,220784662.0,1,0.0004340998,-0.001837712,-0.001510009,0.1863154,1.793116,-9.711142
IMU,220825643.0,1,-0.0005306459,-0.005122567,-0.003044791,0.1723038,1.762893,-9.689735
IMU,220864994.0,1,-0.0008857707,0.003674956,-0.003573757,0.1333516,1.772277,-9.715035
IMU,220905178.0,1,7.637797e-05,-0.004768087,-0.003875201,0.1380239,1.842582,-9.688729
IMU,220945103.0,1,-0.002005173,-0.003750078,0.0008373807,0.2048767,1.802996,-9.518916
IMU,220985331.0,1,0.001617972,-0.001939018,-0.001481887,0.1152155,1.87894,-9.670845
IMU,221025516.0,1,-0.001829767,-0.002533765,-0.003849812,0.2291336,1.730728,-9.615769
IMU,221066022.0,1,0.0008048275,0.005252998,0.00272181,0.1623493,1.852476,-9.725883
IMU,221105737.0,1,0.0001371738,-0.001205282,-0.00373375,0.2420239,1.749415,-9.461573
IMU,221145926.0,1,0.001658024,-0.0001313971,-0.004620934,0.1854689,1.838593,-9.698381
IMU,221187440.0,1,-0.001004257,0.001048453,0.003382323,0.2270615,1.763267,-9.654548
IMU,221228331.0,1,-1.135035e-05,-0.001938162,-0.001178595,0.2117105,1.80264,-9.577646
IMU,221267971.0,1,-0.0008243526,-0.001278888,0.001160105,0.2272763,1.79081,-9.601816
IMU,221307991.0,1,0.001196055,0.002119405,-0.0003192152,0.1689647,1.730393,-9.576427
IMU,221348351.0,1,-0.00338506,-0.006655485,-0.001618196,0.1156761,1.861689,-9.575481
IMU,221389707.0,1,0.0002645682,0.002840704,-0.0006792289,0.2502806,1.822996,-9.625875
IMU,221429677.0,1,0.0001975585,0.003150035,-0.0005961088,0.14725,1.800646,-9.670512
IMU,221469177.0,1,-0.0002241234,0.00218094,-0.008017522,0.141431,1.777993,-9.627199
IMU,217574441.0,2,-0.06782702,0.1707379,-0.009510002,-0.3551368,0.7329462,-9.667801
IMU,217618602.0,2,-0.001650423,0.08861866,0.04401784,-1.108738,1.138783,-9.057386
IMU,217658481.0,2,-0.06462892,0.1131127,-0.03750467,-0.245054,0.5557401,-10.29363
IMU,217699098.0,2,0.05237317,0.1291947,0.02983462,-1.83511,-1.095228,-8.782895
IMU,217742455.0,2,-0.08884436,0.06692943,-0.006182697,-0.5372791,0.1996731,-9.572968
IMU,217784027.0,2,0.05256057,0.09829377,0.02444887,-0.9991951,-0.005495832,-9.636391
IMU,217827707.0,2,0.01544344,0.05476712,0.04258722,-1.596582,-0.1850959,-10.23909
IMU,217867352.0,2,-0.0125763,0.187667,-0.006707579,-0.7332782,0.6369992,-8.627745
IMU,217907995.0,2,0.03703756,0.1685735,0.04093267,-1.641073,-0.8035405,-9.533053
IMU,217950918.0,2,-0.001847921,0.1724385,0.00880837,-1.290333,0.3810254,-9.490239
IMU,217991953.0,2,0.05300349,0.1776398,0.03066879,-0.58614,-0.1261662,-9.699501
IMU,218037170.0,2,0.01604344,0.1562112,0.03004288,-1.513836,-1.157755,-8.697562
IMU,218076484.0,2,-0.005278411,0.106077,0.0227378,-0.7108061,0.5424231,-10.4201
IMU,218117630.0,2,0.001495408,0.1717219,-0.0327064,-0.1681981,-0.01023047,-9.508841
IMU,218162786.0,2,-0.1248305,0.1243847,-0.0372332,-0.184539,0.6414075,-10.94277
IMU,218205115.0,2,-0.02858363,0.2457687,0.01427943,-0.479643,0.4710472,-8.885858
IMU,218244740.0,2,0.3647449,0.424327,-0.03596951,-0.636299,-0.7221931,-3.124835
IMU,218284937.0,2,0.4273579,0.6017878,-0.09377334,-0.2902771,0.08234906,-1.21325
IMU,218325510.0,2,0.5638506,0.7850806,-0.186759,-0.3884721,0.02869606,-0.4701476
IMU,218367921.0,2,0.5828637,0.8386046,-0.2384079,-0.1127884,0.006596281,-0.3405524
IMU,218409506.0,2,0.6166673,0.8435207,-0.2725838,-0.1603123,0.1130313,-0.4749665
IMU,218449349.0,2,0.637034,0.8321354,-0.2949139,-0.1570025,0.0366673,-0.485467
IMU,218489957.0,2,0.6532909,0.8208891,-0.2998227,-0.1064156,0.01273684,-0.5322993
IMU,218529151.0,2,0.6657914,0.7775878,-0.3040676,-0.08938627,-0.005746618,-0.5678219
IMU,218569698.0,2,0.6571555,0.7644675,-0.3061317,-0.1067036,-0.04808889,-0.6073989
IMU,218610633.0,2,0.6690781,0.7423805,-0.3099068,-0.06124761,-0.03179792,-0.6782906
IMU,218650367.0,2,0.6862959,0.6993022,-0.312171,-0.05118217,-0.03582536,-0.8203233
IMU,218690904.0,2,0.6890454,0.6586896,-0.3152463,-0.03823345,-0.04493963,-0.9219561
IMU,218731683.0,2,0.6801166,0.6125219,-0.3251277,0.0004200625,-0.07030568,-1.012206
IMU,218771114.0,2,0.6545351,0.5651271,-0.3380244,-0.01761517,-0.1140009,-1.062575
IMU,218811797.0,2,0.5905124,0.5196764,-0.347737,0.01734526,-0.1570878,-1.177254
IMU,218851728.0,2,0.5191527,0.4775775,-0.3553455,0.04361405,-0.1897134,-1.227098
IMU,218891638.0,2,0.4412644,0.425595,-0.3679428,0.05447027,-0.1989653,-1.294751
IMU,218932884.0,2,0.3637755,0.3631639,-0.3758571,0.07279403,-0.2144974,-1.391871
IMU,218972404.0,2,0.2818394,0.2836051,-0.3813327,0.1049219,-0.2275855,-1.474296
IMU,219012755.0,2,0.205409,0.1881605,-0.3830526,0.134368,-0.2462073,-1.653589
IMU,219052689.0,2,0.1394361,0.06850394,-0.3808088,0.1548111,-0.2408834,-1.699542
IMU,219093228.0,2,0.06340753,-0.06237782,-0.3820736,0.2053625,-0.2788273,-1.878894
IMU,219133462.0,2,-0.03877724,-0.1819675,-0.3935686,0.2112655,-0.2904548,-2.049345
IMU,219173018.0,2,-0.1429244,-0.3277123,-0.4071042,0.2408488,-0.3105656,-2.235688
IMU,219213918.0,2,-0.4999858,-0.5077999,-0.5412774,1.261749,-1.447561,-4.579493
IMU,219253901.0,2,-0.5024946,-1.287695,-0.5122838,1.047423,-0.4666174,-4.814143
IMU,219294459.0,2,-1.851229,-3.189276,-0.3675902,1.268846,-3.67199,-9.772883
IMU,219336340.0,2,-2.394539,-5.763361,-0.1940003,10.37736,-10.70148,-43.03006
IMU,219376959.0,2,6.305111,-3.447197,0.5209464,-18.06902,-31.3138,-50.15031
IMU,219417932.0,2,0.7737032,-1.146628,-0.0903152,-0.6149329,-2.301667,-4.700949
IMU,219458015.0,2,0.04735371,-1.349164,0.4362303,-0.1935774,4.287991,-0.02433881
IMU,219497492.0,2,-0.4642819,-0.8040767,0.7261668,-0.4864291,4.086287,0.9004576
IMU,219537508.0,2,-0.7691539,-0.2547019,0.4831854,0.5086236,3.970731,1.455843
IMU,219578700.0,2,-0.5254441,0.5099715,0.1589907,1.091055,3.165508,-1.067849
IMU,219618737.0,2,-0.01114457,0.5920247,-0.1460286,1.512659,2.224455,-3.554808
IMU,219658899.0,2,0.8185295,0.6062207,-0.1928229,1.490277,2.377797,-6.730749
IMU,219698687.0,2,1.187427,0.1643286,0.09442112,0.8328691,0.9812965,-10.32564
IMU,219739464.0,2,0.2366155,-0.01667317,0.2001749,0.1891896,-0.8687596,-16.14408
IMU,219779894.0,2,-0.4579068,-0.02240729,-0.04808361,-1.264181,0.3548546,-18.93145
IMU,219820355.0,2,0.04976961,-0.01630047,0.0380413,-1.049231,3.16799,-11.79342
IMU,219860158.0,2,-0.04016378,0.08991805,0.03989682,0.5583738,1.497139,-7.557715
IMU,219900631.0,2,-0.08323642,0.00162238,0.0395934,0.9089288,0.5101308,-7.121719
IMU,219942927.0,2,0.0125097,-0.02363712,-0.02017209,0.1030692,0.6402823,-9.487178
IMU,219983030.0,2,0.01064604,-0.01927589,-0.001262814,-0.1497326,1.951356,-10.49241
IMU,220022905.0,2,0.002448593,0.02250443,0.003335884,0.3053034,1.729097,-10.00395
IMU,220063385.0,2,-0.002372635,-0.003705409,-0.001436815,0.1034667,1.074444,-9.139666
IMU,220103391.0,2,0.003492298,-0.001523578,0.003173208,0.1777432,1.286056,-9.421559
IMU,220142968.0,2,0.001872962,-0.00550655,-0.001783612,0.1311307,1.53512,-9.875105
IMU,220183236.0,2,0.0003357539,0.007120776,0.002421837,0.1280846,1.338385,-9.559751
IMU,220223511.0,2,-0.001355727,-0.004231398,-0.003701376,0.1694927,1.342281,-9.506538
IMU,220263689.0,2,0.001804992,0.002287182,0.0006254933,0.1225588,1.394077,-9.706811
IMU,220303678.0,2,0.002044867,0.000535533,0.001691081,0.1202588,1.402331,-9.541624
IMU,220343443.0,2,-0.002140228,0.0006724314,0.003227195,0.17716,1.341197,-9.607542
IMU,220383220.0,2,0.00204801,0.006590629,0.0004464769,0.1279233,1.414276,-9.610773
IMU,220423948.0,2,-0.001336292,0.002454005,0.001718251,0.1117071,1.38121,-9.573281
IMU,220464172.0,2,0.00183201,0.004697533,0.0003138846,0.1617359,1.37517,-9.603091
IMU,220503794.0,2,0.003098523,0.001663304,0.001520204,0.1164386,1.382809,-9.595146
IMU,220543946.0,2,0.002462516,0.0004801597,0.0004398536,0.148728,1.37012,-9.6037
IMU,220584030.0,2,-0.0004208813,-0.001313952,0.0001263514,0.1425184,1.382526,-9.593283
IMU,220624915.0,2,0.001436407,0.003802096,0.001172922,0.1447445,1.363488,-9.600721
IMU,220664968.0,2,0.001754767,0.002247618,0.001418978,0.1316045,1.367994,-9.601478
IMU,220704868.0,2,0.0005743041,0.0006564309,-0.0002222921,0.1473506,1.380476,-9.617952
IMU,220744668.0,2,0.0002736221,0.002595151,0.001060607,0.1524751,1.370803,-9.602254
IMU,220784662.0,2,0.001507207,0.001722026,0.00105087,0.1426371,1.376667,-9.587135
IMU,220825643.0,2,0.0007904544,0.001873341,0.001222612,0.1461682,1.383096,-9.597692
IMU,220864994.0,2,0.0001191718,0.004035816,0.001069563,0.1486337,1.3822,-9.602004
IMU,220905178.0,2,0.0009398955,0.0008037697,0.0002594475,0.1283191,1.362379,-9.584433
IMU,220945103.0,2,0.0009374414,0.001339865,0.0007151986,0.1440673,1.366008,-9.607137
IMU,220985331.0,2,0.003008208,-0.0004454332,0.0003892733,0.1266985,1.394113,-9.599588
IMU,221025516.0,2,0.000954714,0.0004554634,0.001194717,0.145139,1.367478,-9.59037
IMU,221066022.0,2,0.002340318,0.00295329,0.002056018,0.1237324,1.379331,-9.613782
IMU,221105737.0,2,0.001463847,-0.001177286,0.0004472338,0.1523107,1.367673,-9.587924
IMU,221145926.0,2,0.001523031,0.002393398,0.0009399373,0.1193972,1.367192,-9.62764
IMU,221187440.0,2,-0.0006715853,0.00296213,0.001941087,0.1504697,1.39309,-9.604261
IMU,221228331.0,2,0.0004158,0.003094875,0.0005244939,0.1333315,1.368616,-9.576324
IMU,221267971.0,2,0.0006311687,0.001373997,0.001127818,0.1423342,1.375394,-9.610464
IMU,221307991.0,2,0.0002571997,0.000883746,0.001362971,0.1187015,1.36164,-9.604182
IMU,221348351.0,2,0.0007647634,0.001561694,0.0001530512,0.1482127,1.37449,-9.605534
IMU,221389707.0,2,0.002567783,0.001521086,0.0003501214,0.1455337,1.361748,-9.606133
IMU,221429677.0,2,0.001175617,-0.0002915083,0.001533765,0.1289295,1.377861,-9.581886
IMU,221469177.0,2,2.271046e-05,0.0009930136,0.001584562,0.1460035,1.386894,-9.609924
