ARM,1825681311.0,0.0
AHR2,1825013120.0,-1.45,-1.6,89.32,470.82,43.2382554,-7.6819258
AHR2,1825117726.0,-1.67,-1.3,89.31,471.03,43.2382548,-7.6819212
AHR2,1825222887.0,-1.35,-1.12,89.45,470.8,43.2382544,-7.6819163
AHR2,1825326481.0,-1.23,-0.19,89.81,470.69,43.2382539,-7.6819117
AHR2,1825429737.0,-1.3,1.01,90.4,470.55,43.2382534,-7.6819072
AHR2,1825535785.0,-1.42,1.45,90.82,470.69,43.2382533,-7.6819052
AHR2,1825640982.0,-1.6,2.33,91.01,470.56,43.2382526,-7.6818991
AHR2,1825744463.0,-1.4,3.32,91.42,470.58,43.2382522,-7.6818949
AHR2,1825845645.0,0.72,6.46,90.75,469.89,43.2382518,-7.6818917
AHR2,1825946237.0,3.11,10.12,89.56,469.75,43.2382514,-7.6818879
AHR2,1826047246.0,5.58,13.65,88.33,469.75,43.2382512,-7.6818844
AHR2,1826147607.0,7.89,16.77,87.18,469.5,43.2382509,-7.6818806
AHR2,1826248429.0,9.89,19.69,86.01,469.22,43.2382504,-7.6818771
AHR2,1826348504.0,11.34,22.1,84.64,468.86,43.2382501,-7.6818734
AHR2,1826449689.0,11.95,23.76,82.97,468.48,43.2382496,-7.6818705
AHR2,1826549489.0,11.33,24.34,80.9,468.11,43.2382492,-7.6818668
AHR2,1826650876.0,9.63,23.37,78.38,467.52,43.2382487,-7.6818629
AHR2,1826751265.0,6.99,20.58,75.59,466.94,43.2382484,-7.6818594
AHR2,1826852864.0,-5.29,-0.12,72.46,466.35,43.2382479,-7.6818562
AHR2,1826952742.0,7.83,-2.36,72.25,462.06,43.2382475,-7.6818528
AHR2,1827054246.0,10.28,-21.42,74.74,462.91,43.238247,-7.6818501
AHR2,1827154221.0,-0.94,-38.04,80.26,463.38,43.2382467,-7.6818471
AHR2,1827254665.0,-11.91,-37.0,85.07,463.68,43.2382459,-7.681839
AHR2,1827354989.0,-4.95,-30.66,83.87,463.45,43.2382454,-7.6818342
AHR2,1827455014.0,-8.0,-32.16,84.88,463.48,43.2382467,-7.6818416
AHR2,1827555060.0,-7.49,-31.27,84.9,463.6,43.238247,-7.6818409
AHR2,1827655091.0,-7.74,-31.12,85.1,463.72,43.2382469,-7.6818409
AHR2,1827754971.0,-7.77,-30.89,85.24,463.61,43.2382471,-7.6818403
AHR2,1827855433.0,-7.82,-30.67,85.4,463.59,43.2382464,-7.6818425
AHR2,1827955642.0,-7.87,-30.43,85.55,463.52,43.2382464,-7.6818425
AHR2,1828055433.0,-7.93,-30.2,85.7,463.47,43.2382463,-7.6818436
AHR2,1828155491.0,-7.96,-29.97,85.85,463.46,43.2382464,-7.6818434
AHR2,1828255706.0,-8.0,-29.75,86.0,463.37,43.2382461,-7.6818447
AHR2,1828356095.0,-8.04,-29.53,86.14,463.6,43.2382461,-7.6818447
AHR2,1828457891.0,-8.07,-29.31,86.29,463.66,43.2382459,-7.6818463
AHR2,1828558102.0,-8.11,-29.1,86.43,463.44,43.2382459,-7.6818462
AHR2,1828659191.0,-8.13,-28.89,86.57,463.59,43.238246,-7.6818477
AHR2,1828759529.0,-8.16,-28.68,86.71,463.57,43.238246,-7.6818476
ATT,1825012527.0,-1.901601,-1.954739,-2.870735,-2.080067,98.71944,99.06346
ATT,1825117064.0,-1.98828,-2.192606,-2.216146,-1.807536,98.71023,98.68252
ATT,1825222068.0,-2.016908,-1.888823,-1.486242,-1.640612,98.69793,98.53502
ATT,1825325800.0,-2.008323,-1.73737,-0.6741904,-0.7034674,98.68362,98.61083
ATT,1825429055.0,-1.999868,-1.784134,0.1750119,0.5256991,98.66874,98.87689
ATT,1825535073.0,-1.994872,-1.86864,1.002513,0.9399104,98.65433,98.95413
ATT,1825640176.0,-2.056479,-2.030272,1.840145,1.79029,98.63876,98.77866
ATT,1825743889.0,-1.434286,-1.836593,1.615411,2.76753,98.90315,98.87576
ATT,1825844976.0,-0.7255948,0.3009764,0.8172224,5.959192,98.02065,98.02517
ATT,1825945654.0,-0.3704458,2.700604,0.4172253,9.780394,96.66577,96.7066
ATT,1826046709.0,-0.1871092,5.15245,0.210738,13.61244,95.24724,95.32615
ATT,1826146856.0,-0.09552674,7.410308,0.1075907,17.21309,93.92925,94.04458
ATT,1826247835.0,-0.04836061,9.34206,0.05446775,20.59484,92.58112,92.72922
ATT,1826347877.0,-0.02469141,10.70757,0.02780953,23.42041,91.0166,91.18952
ATT,1826449034.0,-0.01251076,11.21829,0.01409069,25.49668,89.1591,89.3432
ATT,1826548881.0,-0.006387246,10.51108,0.007194148,26.47962,86.89013,87.0642
ATT,1826650357.0,-0.003243151,8.688236,0.003652666,25.90733,84.18616,84.32959
ATT,1826750742.0,-0.001651876,5.900237,0.001858795,23.50047,81.21196,81.3077
ATT,1826852206.0,-0.000835824,-6.534466,0.0009416009,3.107168,78.06055,77.96322
ATT,1826952095.0,-0.0004248157,6.723799,0.0004785364,1.15159,76.84612,76.94614
ATT,1827053713.0,-0.000276956,9.102198,0.0003115702,-17.51674,79.50668,79.64833
ATT,1827153639.0,-0.0002716918,-1.721204,0.0003058581,-33.6848,84.25336,84.22253
ATT,1827254037.0,-0.0002670892,-11.66921,0.000300767,-32.72916,87.81214,87.60686
ATT,1827354410.0,-0.000262075,-4.699861,0.0002951249,-26.56905,86.46892,86.39069
ATT,1827454448.0,-0.0002524285,-7.477244,0.0002839595,-28.28718,87.27512,87.14892
ATT,1827554290.0,-0.0002524285,-6.831495,0.0002839594,-27.64299,87.05076,86.93609
ATT,1827654362.0,-0.0002524284,-6.993339,0.0002839595,-27.70982,87.14191,87.02448
ATT,1827754408.0,-0.0002524283,-6.941861,0.0002839595,-27.69601,87.12067,87.0041
ATT,1827854803.0,-0.0002524284,-6.922904,0.0002839594,-27.67299,87.12654,87.01033
ATT,1827954986.0,-0.0002474354,-6.91105,0.0002785554,-27.63804,87.13139,87.0154
ATT,1828054820.0,-0.0002474355,-6.909587,0.0002785554,-27.59026,87.15144,87.03552
ATT,1828154830.0,-0.0002474355,-6.898101,0.0002785555,-27.53711,87.16508,87.04942
ATT,1828255012.0,-0.0002427738,-6.88495,0.0002734083,-27.45444,87.18497,87.06962
ATT,1828355454.0,-0.0002427738,-6.871979,0.0002734082,-27.35066,87.20732,87.09229
ATT,1828457229.0,-0.0002284142,-6.863215,0.0002569192,-27.28445,87.22734,87.11253
ATT,1828557621.0,-0.0002284142,-6.848495,0.0002569192,-27.12518,87.26228,87.14787
ATT,1828658521.0,-0.0002284142,-6.826995,0.0002569192,-26.93497,87.29654,87.18268
ATT,1828758886.0,-0.0002284142,-6.810887,0.0002569192,-26.74401,87.33252,87.21911
BARO,1824994445.0,0,5.451416,470.6914,96720.18
BARO,1825099719.0,0,5.666168,470.9062,96717.84
BARO,1825203739.0,0,5.431641,470.6716,96720.37
BARO,1825308206.0,0,5.327087,470.5671,96721.53
BARO,1825411611.0,0,5.188629,470.4286,96723.02
BARO,1825517663.0,0,5.327087,470.5671,96721.5
BARO,1825623112.0,0,5.197113,470.4371,96722.91
BARO,1825726397.0,0,5.211243,470.4512,96722.78
BARO,1825828011.0,0,4.524567,469.7646,96730.22
BARO,1825927758.0,0,4.388947,469.6289,96731.66
BARO,1826029786.0,0,4.386108,469.6261,96731.7
BARO,1826129635.0,0,4.131805,469.3718,96734.47
BARO,1826230754.0,0,3.852051,469.092,96737.49
BARO,1826330982.0,0,3.490356,468.7303,96741.42
BARO,1826434226.0,0,3.114532,468.3545,96745.49
BARO,1826534429.0,0,2.744385,467.9844,96749.48
BARO,1826634836.0,0,2.156616,467.3966,96755.85
BARO,1826735272.0,0,1.574524,466.8145,96762.17
BARO,1826836874.0,0,0.9811401,466.2211,96768.59
BARO,1826937683.0,0,-3.308319,461.9317,96815.08
BARO,1827038754.0,0,-2.452118,462.7879,96805.8
BARO,1827138621.0,0,-1.983063,463.2569,96800.7
BARO,1827239101.0,0,-1.680695,463.5593,96797.42
BARO,1827339249.0,0,-1.912415,463.3276,96799.95
BARO,1827440454.0,0,-1.881317,463.3587,96799.62
BARO,1827539767.0,0,-1.762634,463.4774,96798.32
BARO,1827639871.0,0,-1.64679,463.5932,96797.09
BARO,1827739664.0,0,-1.751343,463.4886,96798.19
BARO,1827840063.0,0,-1.779602,463.4604,96798.51
BARO,1827940468.0,0,-1.841766,463.3982,96799.19
BARO,1828039800.0,0,-1.892639,463.3474,96799.73
BARO,1828139754.0,0,-1.901093,463.3389,96799.83
BARO,1828240687.0,0,-1.997192,463.2428,96800.87
BARO,1828340129.0,0,-1.762634,463.4774,96798.34
BARO,1828441481.0,0,-1.706146,463.5338,96797.72
BARO,1828542498.0,0,-1.920898,463.3191,96800.04
BARO,1828643885.0,0,-1.771118,463.4689,96798.41
BARO,1828743791.0,0,-1.790894,463.4491,96798.63
BARO,1824994445.0,1,5.505096,470.7451,96699.77
BARO,1825099719.0,1,5.171661,470.4117,96703.38
BARO,1825203739.0,1,5.270569,470.5106,96702.31
BARO,1825308206.0,1,5.360992,470.601,96701.34
BARO,1825411611.0,1,4.91452,470.1545,96706.17
BARO,1825517663.0,1,5.216888,470.4569,96702.88
BARO,1825623112.0,1,5.01059,470.2506,96705.11
BARO,1825726397.0,1,5.188629,470.4286,96703.2
BARO,1825828011.0,1,4.617828,469.8578,96709.36
BARO,1825927758.0,1,4.569794,469.8098,96709.88
BARO,1826029786.0,1,4.504791,469.7448,96710.58
BARO,1826129635.0,1,4.318298,469.5583,96712.61
BARO,1826230754.0,1,3.891632,469.1316,96717.25
BARO,1826330982.0,1,3.558197,468.7982,96720.84
BARO,1826434226.0,1,3.188019,468.428,96724.85
BARO,1826534429.0,1,2.83197,468.072,96728.72
BARO,1826634836.0,1,2.100098,467.3401,96736.64
BARO,1826735272.0,1,1.690369,466.9304,96741.07
BARO,1826836874.0,1,0.9726563,466.2126,96748.84
BARO,1826937683.0,1,-5.543457,459.6965,96819.45
BARO,1827038754.0,1,-2.861847,462.3781,96790.41
BARO,1827138621.0,1,-1.929352,463.3106,96780.29
BARO,1827239101.0,1,-1.819153,463.4208,96779.09
BARO,1827339249.0,1,-1.920898,463.3191,96780.2
BARO,1827440454.0,1,-1.847412,463.3926,96779.4
BARO,1827539767.0,1,-1.810669,463.4293,96779.02
BARO,1827639871.0,1,-2.011322,463.2287,96781.2
BARO,1827739664.0,1,-1.813507,463.4265,96779.05
BARO,1827840063.0,1,-2.042389,463.1976,96781.51
BARO,1827940468.0,1,-1.923706,463.3163,96780.24
BARO,1828039800.0,1,-1.830475,463.4095,96779.21
BARO,1828139754.0,1,-1.87851,463.3615,96779.73
BARO,1828240687.0,1,-1.768311,463.4717,96778.55
BARO,1828340129.0,1,-1.960449,463.2795,96780.63
BARO,1828441481.0,1,-1.841766,463.3982,96779.34
BARO,1828542498.0,1,-1.824799,463.4152,96779.16
BARO,1828643885.0,1,-1.655273,463.5847,96777.32
BARO,1828743791.0,1,-1.838928,463.4011,96779.3
GPS,1825007042.0,4,24,43.2382561,-7.6819313,467.93,3.688,0.057,0.0
GPS,1825195747.0,4,24,43.238255,-7.6819225,467.95,3.579,-0.083,0.0
GPS,1825445499.0,4,24,43.2382541,-7.6819139,467.94,3.466,0.032,0.0
GPS,1825596671.0,4,24,43.2382532,-7.6819056,467.92,3.335,0.118,0.0
GPS,1825801751.0,4,24,43.2382523,-7.6818978,467.91,3.098,-0.031,0.0
GPS,1826003650.0,4,24,43.2382516,-7.6818903,467.68,3.034,2.164,0.0
GPS,1826204690.0,4,24,43.2382509,-7.681883,467.06,3.012,3.924,0.0
GPS,1826425708.0,4,25,43.2382501,-7.6818756,466.09,3.018,5.723,0.0
GPS,1826607032.0,4,25,43.2382492,-7.6818684,464.81,2.835,7.327,0.0
GPS,1826808449.0,4,25,43.2382484,-7.6818616,463.19,2.758,8.92,0.0
GPS,1826990855.0,4,24,43.2382476,-7.6818553,461.39,2.403,9.209001,0.0
GPS,1827191482.0,4,24,43.2382468,-7.6818476,460.27,3.945,2.299,0.0
GPS,1827432018.0,4,25,43.2382464,-7.6818426,460.03,0.671,0.9710001,0.0
GPS,1827592216.0,4,25,43.2382466,-7.6818419,460.06,0.521,-0.378,0.0
GPS,1827791898.0,4,25,43.2382464,-7.6818425,460.28,0.036,-0.37,0.0
GPS,1827992626.0,4,24,43.2382462,-7.6818438,460.5,0.156,-0.355,0.0
GPS,1828192631.0,4,24,43.2382461,-7.6818448,460.67,0.056,-0.31,0.0
GPS,1828433731.0,4,24,43.2382459,-7.6818463,460.83,0.06500001,-0.207,0.0
GPS,1828595783.0,4,25,43.238246,-7.6818478,460.95,0.071,-0.137,0.0
IMU,1824947468.0,0,0.03367521,0.1513178,-0.08859012,-0.777713,-0.1998312,-9.751162
IMU,1824987253.0,0,0.01893934,0.1211674,-0.01652282,-0.6626437,0.1809921,-10.35182
IMU,1825028491.0,0,-0.1184469,0.1301294,-0.04548001,-0.2060582,0.6560082,-10.29751
IMU,1825071842.0,0,0.1038702,0.08855044,-0.01016323,-0.01948297,0.2689791,-10.76652
IMU,1825112425.0,0,-0.09393674,0.06681877,-0.02274804,-0.4397584,1.067412,-9.808566
IMU,1825156037.0,0,0.01731445,0.02115019,0.03304577,-0.4543209,0.9811772,-9.819386
IMU,1825195966.0,0,-0.1458187,-0.01659205,-0.01036139,-0.4433405,-0.06960805,-9.661275
IMU,1825237645.0,0,-0.07161523,0.195393,0.02869491,-1.186193,-0.4417042,-8.597665
IMU,1825280714.0,0,-0.01304034,0.252914,-0.001629548,-1.204647,0.2348321,-9.941771
IMU,1825320721.0,0,-0.02277994,0.2948519,0.006707536,-1.172442,-0.4699141,-9.169853
IMU,1825364494.0,0,-0.05479752,0.1302084,-0.01605251,-0.2983618,-0.1325308,-9.563972
IMU,1825404017.0,0,0.01053029,0.1405358,0.01126973,-1.32291,0.4142268,-9.001228
IMU,1825447133.0,0,0.05650659,0.05897975,-0.04459252,-1.327657,-0.07557886,-9.935173
IMU,1825492720.0,0,-0.06860425,0.1154677,-0.02848421,-1.194364,-0.08422269,-10.14086
IMU,1825532688.0,0,-0.08894896,0.110434,-0.01672615,-0.7889594,-0.2713355,-9.898892
IMU,1825576630.0,0,-0.01994762,0.03436645,-0.03731333,-0.5574172,-0.2797816,-9.285621
IMU,1825617711.0,0,0.05970505,0.2183503,0.02036613,-1.305423,0.6369539,-9.764742
IMU,1825657698.0,0,-0.01199888,0.03954974,0.01578761,0.3051358,0.7063885,-9.976516
IMU,1825701435.0,0,0.004656828,0.1677801,0.1243664,0.505681,0.7477271,-9.396695
IMU,1825741492.0,0,0.3670332,0.4186253,0.02482888,-1.012433,1.420811,-0.8315869
IMU,1825781477.0,0,0.2960745,0.4447176,-0.1007651,-0.4906682,-0.7281492,-0.8320964
IMU,1825822677.0,0,0.4161978,0.6085879,-0.1740172,-0.4857512,0.04132537,-0.4899602
IMU,1825863273.0,0,0.4536948,0.650996,-0.1997058,-0.1641875,-0.1217683,-0.4871876
IMU,1825902723.0,0,0.4509578,0.6723835,-0.2520225,-0.1033396,0.07223559,-0.4809746
IMU,1825943182.0,0,0.4658658,0.6520025,-0.2654096,-0.103707,-0.01310964,-0.4540998
IMU,1825983871.0,0,0.4719251,0.6423892,-0.2711663,-0.1146992,-0.05494883,-0.5059379
IMU,1826024405.0,0,0.463682,0.635105,-0.2747635,-0.1082191,-0.03738882,-0.618054
IMU,1826064446.0,0,0.4699215,0.6170451,-0.2769044,-0.08308597,-0.05455213,-0.6002486
IMU,1826104836.0,0,0.4633891,0.5956659,-0.2803078,-0.07372995,-0.08004622,-0.6650389
IMU,1826144632.0,0,0.4391831,0.5873505,-0.2854638,-0.03185808,-0.08942766,-0.8450517
IMU,1826184755.0,0,0.4255865,0.5647926,-0.2882728,-0.02916585,-0.09275724,-0.9152749
IMU,1826225431.0,0,0.4025945,0.5312778,-0.2979535,-0.01543694,-0.1037151,-0.9994758
IMU,1826266037.0,0,0.3791865,0.4913655,-0.3121362,-0.0004908021,-0.1176668,-1.12014
IMU,1826305875.0,0,0.351174,0.4436808,-0.3279224,0.02941627,-0.1210487,-1.216466
IMU,1826345647.0,0,0.3078609,0.3981103,-0.336229,0.04134351,-0.1481202,-1.350792
IMU,1826385452.0,0,0.2580427,0.3358484,-0.3462887,0.06392505,-0.1672587,-1.456963
IMU,1826425869.0,0,0.2072023,0.2708116,-0.3499051,0.08589507,-0.1877714,-1.572368
IMU,1826466791.0,0,0.1382564,0.1957361,-0.3626254,0.1016236,-0.1973288,-1.750277
IMU,1826506727.0,0,0.06482261,0.1111419,-0.3775563,0.1380612,-0.2281008,-1.893267
IMU,1826547004.0,0,-0.01211287,0.01598111,-0.3887874,0.1527338,-0.2144729,-2.080502
IMU,1826587019.0,0,-0.07651385,-0.09208192,-0.395622,0.1916869,-0.22596,-2.145223
IMU,1826627703.0,0,-0.1181067,-0.2188332,-0.397697,0.1775984,-0.2038312,-2.179951
IMU,1826667853.0,0,-0.1708493,-0.341536,-0.3944237,0.1928259,-0.2408674,-2.326719
IMU,1826707751.0,0,-0.2359757,-0.4640768,-0.4102485,0.2347939,-0.222683,-2.578041
IMU,1826747703.0,0,-0.3805998,-0.6247281,-0.4381754,0.8483416,-0.1468755,-3.377057
IMU,1826788763.0,0,-1.1717,-1.594176,-0.5707024,1.65622,-1.331798,-4.364057
IMU,1826829047.0,0,-2.382211,-3.997896,-0.6525552,6.105333,-2.781229,-11.41392
IMU,1826869861.0,0,-1.902883,-11.54933,-1.028018,-5.513631,7.677075,-49.97111
IMU,1826910187.0,0,5.617988,9.183594,-0.5043014,17.06783,10.35356,23.65957
IMU,1826950255.0,0,2.060115,-0.9292414,-0.2044719,5.787541,-6.889768,-4.461943
IMU,1826992430.0,0,1.014696,-2.948543,0.7887554,2.520192,-3.427356,-1.579548
IMU,1827033182.0,0,0.161209,-3.382867,1.14861,0.7581134,-0.9643654,-1.985553
IMU,1827073874.0,0,-0.6837938,-3.297552,1.223596,-0.1424411,-0.7675459,-1.518658
IMU,1827113640.0,0,-1.614875,-2.805308,1.013952,-0.7619252,-0.7685753,-0.5327021
IMU,1827156611.0,0,-2.210487,-1.969133,0.6377367,-1.686312,-0.09039365,-2.021455
IMU,1827196165.0,0,-2.273551,-0.7465789,0.5656025,-3.87386,1.353125,-3.738462
IMU,1827236698.0,0,-0.8893569,0.8968826,0.5535644,-6.677101,4.070187,-7.798983
IMU,1827277237.0,0,1.53278,2.168616,0.4226521,-8.733953,6.120041,-13.01404
IMU,1827316624.0,0,1.564854,1.083438,-0.1504342,-4.470809,2.110582,-17.26673
IMU,1827357234.0,0,-0.2291801,-0.06769075,-0.222493,-1.243705,-1.648451,-14.09223
IMU,1827397003.0,0,-0.668236,-0.3950526,0.09544695,-2.330394,-0.6194749,-8.813319
IMU,1827437756.0,0,-0.2582326,-0.3310838,0.1492337,-3.665998,0.8405529,-7.182347
IMU,1827477419.0,0,0.06007431,0.05372027,0.06188738,-3.866353,1.76695,-7.315135
IMU,1827516974.0,0,0.1401278,0.2024458,-0.04472302,-2.89634,1.523621,-9.554054
IMU,1827556841.0,0,0.0663274,0.0110353,-0.05256426,-2.896958,0.6562245,-10.52481
IMU,1827596814.0,0,-0.0630414,-0.05640988,0.01798668,-3.584248,0.5086786,-9.383164
IMU,1827637258.0,0,-0.0183408,0.01507306,0.02898946,-3.171538,1.142733,-8.898446
IMU,1827677480.0,0,0.01651714,-0.0007017592,-0.01413109,-2.961278,1.191501,-9.392262
IMU,1827716709.0,0,0.0007618458,-0.009437733,-0.006248925,-3.395497,0.7249874,-9.34867
IMU,1827756666.0,0,-0.008534727,0.004461291,0.01509808,-3.149492,0.9431006,-9.318892
IMU,1827797027.0,0,0.00267963,-0.0088856,-0.002010648,-3.156317,1.114417,-9.301322
IMU,1827837200.0,0,0.003802147,-0.002572916,-0.002015532,-3.267871,0.8416618,-9.319287
IMU,1827877860.0,0,-0.004128754,-0.0002012835,0.003495761,-3.180059,0.9655325,-9.350734
IMU,1827917419.0,0,-0.002303115,-0.002481135,0.000262206,-3.179103,0.9402846,-9.247198
IMU,1827957249.0,0,0.001021994,-0.001145993,0.001186007,-3.222155,0.9402874,-9.360564
IMU,1827998271.0,0,-0.005499064,-0.003400296,0.004701304,-3.192428,0.9299144,-9.300363
IMU,1828037685.0,0,0.0003978359,-0.001805138,0.003446535,-3.194497,0.9465947,-9.318487
IMU,1828077265.0,0,-0.003378419,-0.003119791,0.002009025,-3.194477,0.9438611,-9.333437
IMU,1828117440.0,0,-0.0004843991,-0.003531002,0.003290357,-3.213488,0.9418977,-9.297915
IMU,1828157198.0,0,-0.0007387124,-0.003183721,0.002762249,-3.206486,0.948234,-9.315651
IMU,1828201018.0,0,-0.002525527,-0.002130054,0.002760841,-3.196416,0.9500494,-9.278008
IMU,1828241001.0,0,-0.001534312,-0.002567928,0.003247877,-3.181376,0.953728,-9.329224
IMU,1828280075.0,0,-0.002740998,-0.002401232,0.001082988,-3.216935,0.9469998,-9.289288
IMU,1828320518.0,0,-0.0007693973,-0.002253591,0.003177008,-3.193396,0.9477946,-9.285109
IMU,1828361072.0,0,-0.002695686,-0.00208992,0.002951109,-3.193537,0.9259916,-9.299845
IMU,1828401031.0,0,-0.002725602,-0.00297041,0.002869028,-3.212773,0.9278865,-9.324687
IMU,1828441670.0,0,-0.002495311,-0.003022488,0.001977508,-3.199115,0.9414939,-9.322612
IMU,1828483087.0,0,-0.001064303,-0.002273667,0.002131021,-3.203969,0.9263567,-9.31021
IMU,1828522667.0,0,-0.002003839,-0.00218118,0.00307131,-3.198139,0.943128,-9.304263
IMU,1828562781.0,0,-0.001982848,-0.002072183,0.001339578,-3.19595,0.9419581,-9.30279
IMU,1828602690.0,0,-0.0002241511,-0.0007662115,0.001235425,-3.201241,0.9396082,-9.279684
IMU,1828644039.0,0,-0.002693825,-0.001670408,0.00243112,-3.205256,0.94546,-9.312814
IMU,1828683646.0,0,-0.002386188,-0.0006465634,0.001492266,-3.207442,0.9290916,-9.299588
IMU,1828724057.0,0,-0.001768373,-0.0005891664,0.002094706,-3.196614,0.9367588,-9.302204
IMU,1828764620.0,0,-0.002133662,-0.002194014,0.002403403,-3.200074,0.9436219,-9.318995
IMU,1828804402.0,0,-0.002054011,-0.001911634,0.003137331,-3.193709,0.9347659,-9.303855
IMU,1828845687.0,0,-0.002773704,-0.00150449,0.001917035,-3.205583,0.9448031,-9.29541
IMU,1824947468.0,1,0.03854573,0.0572942,-0.08099813,-0.5154957,0.08766879,-10.43125
IMU,1824987253.0,1,-0.05223382,0.151897,-0.007414023,-0.1062699,0.7587243,-10.34925
IMU,1825028491.0,1,-0.1099806,0.1351246,-0.05617795,-0.2795038,1.158922,-9.595284
IMU,1825071842.0,1,0.06027793,0.1019969,-0.0115732,0.5770545,0.6172653,-10.89378
IMU,1825112425.0,1,-0.1030425,0.06366344,-0.03330182,-0.1571335,1.839788,-9.422997
IMU,1825156037.0,1,-0.04018807,0.04345689,-0.001874475,-0.1255827,1.403655,-9.950634
IMU,1825195966.0,1,-0.1090901,-0.0002629932,-0.009668263,-0.3991687,0.4735227,-9.060393
IMU,1825237645.0,1,-0.05422763,0.119223,-0.03907061,-0.4856771,-0.07584189,-8.732432
IMU,1825280714.0,1,0.002107142,0.1873959,-0.03486859,-1.364358,0.3051054,-10.74362
IMU,1825320721.0,1,0.02909122,0.2132309,-0.02098025,-1.504074,-0.4778746,-9.425784
IMU,1825364494.0,1,-0.01704793,0.1031905,-0.01400085,-0.5101237,-0.2193176,-9.296787
IMU,1825404017.0,1,-0.02656663,0.103908,0.01219228,-1.231283,0.9289319,-8.788712
IMU,1825447133.0,1,0.06502283,0.06233949,-0.01239626,-1.976366,-0.1774053,-10.4375
IMU,1825492720.0,1,-0.04690044,0.117731,-0.0230469,-1.317746,1.210184,-10.10943
IMU,1825532688.0,1,-0.07303938,0.08067497,0.003273848,-0.4439275,-0.4863131,-9.088226
IMU,1825576630.0,1,0.003044937,0.03680336,-0.01354377,-0.9357514,-0.0329762,-9.011777
IMU,1825617711.0,1,0.05010917,0.1246897,-0.01511431,-0.5023692,0.785672,-10.01237
IMU,1825657698.0,1,-0.05783011,0.1204709,0.006715852,0.8460386,1.319455,-10.36754
IMU,1825701435.0,1,-0.06949719,0.1806291,0.07087612,1.013315,1.177217,-9.363204
IMU,1825741492.0,1,0.1853365,0.2938652,-0.02240215,-0.3423909,0.3118634,-0.5375828
IMU,1825781477.0,1,0.3074005,0.4136677,-0.0665919,-0.50142,-0.310895,-0.6505137
IMU,1825822677.0,1,0.3794046,0.5491509,-0.1349085,-0.4948798,0.4564951,-0.4036291
IMU,1825863273.0,1,0.4199173,0.5996009,-0.1531465,-0.07203797,0.2777796,-0.5363401
IMU,1825902723.0,1,0.409193,0.6193935,-0.2079442,-0.1853338,0.3731731,-0.1731408
IMU,1825943182.0,1,0.4242957,0.6010506,-0.2197442,-0.1433056,0.4166037,-0.2310132
IMU,1825983871.0,1,0.4319637,0.5964952,-0.2298735,-0.08732355,0.322817,-0.2616923
IMU,1826024405.0,1,0.4251443,0.5894535,-0.2313239,-0.142204,0.3800893,-0.517444
IMU,1826064446.0,1,0.4277322,0.56944,-0.2347031,-0.114633,0.3515253,-0.5519933
IMU,1826104836.0,1,0.4222286,0.5516149,-0.2333444,-0.08040474,0.2838077,-0.5970015
IMU,1826144632.0,1,0.3982166,0.5418921,-0.2426788,-0.02166446,0.3054132,-0.7532992
IMU,1826184755.0,1,0.3866718,0.5172698,-0.2471907,-0.07098543,0.2095066,-0.6185095
IMU,1826225431.0,1,0.3651687,0.4862415,-0.2538332,0.02663312,0.3090107,-0.9669306
IMU,1826266037.0,1,0.3357173,0.446869,-0.2728372,0.03039747,0.172142,-1.018164
IMU,1826305875.0,1,0.3105692,0.4039765,-0.2855436,0.06159444,0.2717352,-1.076207
IMU,1826345647.0,1,0.2648658,0.3592367,-0.2947771,0.01515908,0.2017682,-1.070843
IMU,1826385452.0,1,0.2178456,0.299794,-0.3063408,0.1201163,0.1527021,-1.298417
IMU,1826425869.0,1,0.1684141,0.2410049,-0.3139817,0.10423,0.2499829,-1.473173
IMU,1826466791.0,1,0.09981694,0.1806387,-0.3273643,0.1423594,0.1831666,-1.668411
IMU,1826506727.0,1,0.02989845,0.1104008,-0.3407893,0.1892447,0.1109868,-1.898451
IMU,1826547004.0,1,-0.02054013,0.02214633,-0.3560558,0.1924926,0.1261005,-1.887769
IMU,1826587019.0,1,-0.08992928,-0.07480435,-0.3670523,0.1966476,0.2208264,-2.116023
IMU,1826627703.0,1,-0.1311066,-0.1978472,-0.3728516,0.2220828,0.1946302,-1.960259
IMU,1826667853.0,1,-0.1846894,-0.313059,-0.372667,0.1783498,0.1320847,-2.315392
IMU,1826707751.0,1,-0.2484016,-0.4293705,-0.3899629,0.2189349,0.03152049,-2.289515
IMU,1826747703.0,1,-0.4055533,-0.590445,-0.4208422,0.8017945,0.07104363,-3.173096
IMU,1826788763.0,1,-1.168102,-1.501157,-0.5834047,1.858141,-1.240919,-4.716156
IMU,1826829047.0,1,-2.278438,-3.564291,-0.6919244,6.588663,-2.522888,-13.04214
IMU,1826869861.0,1,-2.832279,-10.69939,-1.126772,-3.415809,7.527472,-48.13779
IMU,1826910187.0,1,5.154343,10.67743,-0.4849841,21.40878,-0.7097104,25.86827
IMU,1826950255.0,1,2.211957,-0.6639113,-0.2748769,5.536719,-7.331254,-4.861831
IMU,1826992430.0,1,1.017189,-2.853643,0.7202442,2.396166,-3.143794,-1.77197
IMU,1827033182.0,1,0.1744188,-3.259737,1.018562,0.7277939,-0.5973201,-2.146382
IMU,1827073874.0,1,-0.6026782,-3.188182,1.069097,-0.0219815,-0.4594481,-1.414199
IMU,1827113640.0,1,-1.521196,-2.733629,0.8638956,-0.6356298,-0.2907825,-0.5539721
IMU,1827156611.0,1,-2.155919,-1.936617,0.4904628,-1.435289,0.192069,-1.851363
IMU,1827196165.0,1,-2.252531,-0.767075,0.4062731,-4.031431,1.890261,-3.472883
IMU,1827236698.0,1,-0.9563032,0.7808073,0.4706722,-6.748632,4.525733,-7.227779
IMU,1827277237.0,1,1.441396,2.049472,0.4599647,-8.42844,6.084147,-12.50444
IMU,1827316624.0,1,1.586722,1.090623,-0.05060206,-3.903123,2.077879,-18.0939
IMU,1827357234.0,1,-0.176825,-0.04059087,-0.2180294,-1.195995,-1.40887,-14.22456
IMU,1827397003.0,1,-0.6651734,-0.3635517,0.05428878,-2.263893,-0.2594844,-8.724959
IMU,1827437756.0,1,-0.2757202,-0.317215,0.1167466,-3.558549,1.12617,-6.992667
IMU,1827477419.0,1,0.03810708,0.04092197,0.06973401,-3.760421,2.028273,-7.200669
IMU,1827516974.0,1,0.1148647,0.1849991,-0.02364578,-2.816249,1.922287,-9.518677
IMU,1827556841.0,1,0.04250111,0.01754158,-0.04169012,-2.85545,0.9377857,-10.56255
IMU,1827596814.0,1,-0.05544229,-0.05083066,0.01629627,-3.591002,0.8934062,-9.250482
IMU,1827637258.0,1,-0.01910686,0.01783684,0.03281083,-3.052298,1.427108,-8.764053
IMU,1827677480.0,1,0.007239619,0.006377277,-0.007469426,-2.914271,1.450608,-9.32079
IMU,1827716709.0,1,0.002226232,-0.008459616,-0.01042192,-3.282027,0.972443,-9.209768
IMU,1827756666.0,1,-0.007650008,0.01135977,0.01701415,-3.144877,1.257706,-9.344287
IMU,1827797027.0,1,-4.321088e-05,-0.004354103,-0.0006648938,-3.153068,1.358158,-9.324566
IMU,1827837200.0,1,-0.0001968611,0.004961515,-0.002460072,-3.213465,0.9774723,-9.268353
IMU,1827877860.0,1,-0.003218359,0.004229155,0.003609215,-3.140731,1.229086,-9.312656
IMU,1827917419.0,1,-0.002721856,0.004744507,0.001312604,-3.135715,1.228298,-9.02306
IMU,1827957249.0,1,0.0008351158,0.001730408,0.0006135964,-3.077724,1.349153,-9.244622
IMU,1827998271.0,1,-0.003900166,-0.002631473,0.003941599,-3.192793,1.287396,-9.287224
IMU,1828037685.0,1,0.0007435645,0.001077807,0.00100781,-3.08775,1.319529,-9.255292
IMU,1828077265.0,1,-0.001103476,-0.005436385,-0.002610731,-3.09546,1.339337,-9.25404
IMU,1828117440.0,1,0.000460644,0.002264991,0.004293863,-3.146195,1.272595,-9.167459
IMU,1828157198.0,1,-0.001357632,0.001879129,0.002684833,-3.190585,1.249295,-9.224807
IMU,1828201018.0,1,-0.001224866,-0.003285243,0.0003650237,-3.186472,1.293195,-9.123658
IMU,1828241001.0,1,0.0003457872,0.0002635358,0.004753034,-3.178027,1.244,-9.291608
IMU,1828280075.0,1,-0.004064754,-0.003950043,0.0008227894,-3.13758,1.21529,-9.343102
IMU,1828320518.0,1,-0.0004428803,0.003349797,0.002841993,-3.076275,1.224335,-9.25457
IMU,1828361072.0,1,-0.006325898,0.00376677,0.001779241,-3.212062,1.295065,-9.205937
IMU,1828401031.0,1,-0.002608148,0.007093648,0.001372144,-3.090578,1.199099,-9.302847
IMU,1828441670.0,1,-0.001213784,0.003195801,0.001525925,-3.173913,1.238417,-9.329479
IMU,1828483087.0,1,0.0008476901,0.003418008,0.0006747998,-3.1452,1.244936,-9.180296
IMU,1828522667.0,1,-0.002171399,0.003023739,0.003466514,-3.127526,1.248483,-9.263652
IMU,1828562781.0,1,-0.001071166,0.00186359,0.001978003,-3.113661,1.229382,-9.142817
IMU,1828602690.0,1,-0.0001495968,0.000401432,0.002299306,-3.138902,1.145916,-9.194133
IMU,1828644039.0,1,-0.00483227,-2.872728e-05,0.002769687,-3.229716,1.259732,-9.240774
IMU,1828683646.0,1,0.0009070237,0.003109172,0.000488278,-3.067587,1.245243,-9.165504
IMU,1828724057.0,1,-9.114586e-06,0.0007967258,0.00443865,-3.197567,1.2198,-9.222667
IMU,1828764620.0,1,0.001333853,0.001484889,0.002457747,-3.081788,1.235671,-9.326486
IMU,1828804402.0,1,0.0001064602,2.684673e-05,0.003860096,-3.122167,1.298008,-9.163869
IMU,1828845687.0,1,-0.005569579,0.006513233,0.006566002,-3.130278,1.25307,-9.189392
IMU,1824947468.0,2,0.01386382,0.1796254,-0.02501042,-0.5827793,0.02040774,-8.572187
IMU,1824987253.0,2,-0.04575611,0.1087877,-0.05957875,-1.007344,-0.5643239,-10.10205
IMU,1825028491.0,2,-0.008911034,0.1685056,-0.03724601,-1.156443,0.04309425,-9.015409
IMU,1825071842.0,2,0.009763694,0.09814914,-0.04601851,-0.8289543,-0.02484161,-10.00438
IMU,1825112425.0,2,-0.003155344,0.07323877,-0.02765954,-0.5985824,0.2350859,-8.543047
IMU,1825156037.0,2,-0.01009065,-0.005352629,-0.03152861,-1.082883,0.6362559,-9.556751
IMU,1825195966.0,2,-0.001729652,0.01376304,-0.01954212,-0.119981,0.6013988,-8.846857
IMU,1825237645.0,2,-0.002648627,0.09094812,0.01494734,-0.6517599,0.4047898,-10.12715
IMU,1825280714.0,2,0.02123524,0.2243799,-0.004973843,-0.1036283,-0.007834928,-8.792753
IMU,1825320721.0,2,0.05984945,0.2690864,0.03803091,-0.2229439,0.1053626,-9.114385
IMU,1825364494.0,2,0.03649767,0.191341,0.02450909,-0.7557535,0.9874494,-8.862877
IMU,1825404017.0,2,0.02560642,0.1773304,0.02930304,-0.9841527,-1.007746,-8.52215
IMU,1825447133.0,2,0.02759846,0.1518638,0.01428034,-1.072986,0.2909427,-8.82783
IMU,1825492720.0,2,0.02618304,0.1535656,0.01311887,-0.8803874,0.1354123,-10.24061
IMU,1825532688.0,2,-0.03919809,0.1726947,0.01690135,-0.6983853,-0.07320546,-9.075508
IMU,1825576630.0,2,0.02505123,0.1157564,0.01253279,0.009767991,0.3316657,-7.553607
IMU,1825617711.0,2,0.02581381,0.1663166,0.0161128,-0.8277197,-0.4422601,-9.466755
IMU,1825657698.0,2,-0.07809009,0.1198702,0.009791634,-1.101809,-0.4378857,-10.24968
IMU,1825701435.0,2,-0.0839263,0.101469,0.02568401,0.1870729,0.443323,-8.880439
IMU,1825741492.0,2,0.2700082,0.300818,-0.01214828,-0.591829,-1.015795,-1.054303
IMU,1825781477.0,2,0.3228857,0.4590355,-0.09569895,-0.3807048,0.2854507,-0.9151043
IMU,1825822677.0,2,0.4339074,0.5987721,-0.1789604,-0.4602327,0.04506294,-0.3506168
IMU,1825863273.0,2,0.4628055,0.6403655,-0.2007789,-0.2261494,0.002819108,-0.384609
IMU,1825902723.0,2,0.4659525,0.6649555,-0.2527188,-0.1203475,0.08911229,-0.3491684
IMU,1825943182.0,2,0.4806565,0.6461624,-0.2692131,-0.1249972,0.01317769,-0.3010221
IMU,1825983871.0,2,0.4883614,0.635945,-0.272742,-0.1536299,0.01110342,-0.3759948
IMU,1826024405.0,2,0.47961,0.6297064,-0.2757898,-0.1277408,0.003881897,-0.4679703
IMU,1826064446.0,2,0.4822823,0.6116999,-0.2794033,-0.08884891,-0.006252135,-0.4857855
IMU,1826104836.0,2,0.4772882,0.5885987,-0.2817109,-0.08622704,-0.02744811,-0.5402438
IMU,1826144632.0,2,0.452781,0.5819519,-0.285567,-0.06167367,-0.04921999,-0.6870723
IMU,1826184755.0,2,0.437816,0.5589826,-0.2891591,-0.05499743,-0.07541797,-0.7597466
IMU,1826225431.0,2,0.4148138,0.5250329,-0.2993641,-0.03328114,-0.07048627,-0.8757496
IMU,1826266037.0,2,0.3904346,0.4838746,-0.3136785,-0.01794037,-0.07329414,-0.961957
IMU,1826305875.0,2,0.3596626,0.4403392,-0.3293338,-0.009601829,-0.0906374,-1.074827
IMU,1826345647.0,2,0.3163238,0.3916552,-0.3379001,-0.007244453,-0.09194858,-1.197778
IMU,1826385452.0,2,0.2672295,0.3325957,-0.3475266,0.02534764,-0.1223544,-1.286322
IMU,1826425869.0,2,0.2136509,0.2669786,-0.352667,0.0307939,-0.1409525,-1.433322
IMU,1826466791.0,2,0.1427922,0.1926032,-0.3644831,0.06397606,-0.1560806,-1.604763
IMU,1826506727.0,2,0.0691731,0.1115137,-0.378358,0.09920237,-0.1856545,-1.748766
IMU,1826547004.0,2,-0.009632463,0.01582609,-0.3884795,0.1065896,-0.1864353,-1.932677
IMU,1826587019.0,2,-0.07493223,-0.09217346,-0.3967251,0.1232526,-0.1895045,-1.966495
IMU,1826627703.0,2,-0.1206422,-0.2199527,-0.3994617,0.1252875,-0.1548597,-1.997059
IMU,1826667853.0,2,-0.173134,-0.3379178,-0.3984448,0.1350854,-0.2006831,-2.141476
IMU,1826707751.0,2,-0.2406725,-0.4571857,-0.4135654,0.1774849,-0.1943919,-2.401888
IMU,1826747703.0,2,-0.3870453,-0.6170821,-0.4425514,0.764123,-0.5257031,-3.281776
IMU,1826788763.0,2,-1.211253,-1.58585,-0.5789768,1.75247,-1.221428,-4.648709
IMU,1826829047.0,2,-2.437984,-3.880353,-0.6587763,3.966285,-1.430318,-9.575137
IMU,1826869861.0,2,-2.658593,-11.10268,-0.9184505,-6.28483,1.794037,-46.0488
IMU,1826910187.0,2,5.300625,9.907617,-1.478031,-15.37735,3.458138,3.563422
IMU,1826950255.0,2,2.371901,-0.6664281,-0.1636947,7.607541,-7.834149,-5.008274
IMU,1826992430.0,2,0.9331257,-2.957582,0.781933,2.158915,-2.251432,-2.281309
IMU,1827033182.0,2,0.08729721,-3.38412,1.125428,0.4809202,-1.066591,-2.143307
IMU,1827073874.0,2,-0.7191916,-3.287142,1.201605,-0.3356616,-0.59402,-1.694108
IMU,1827113640.0,2,-1.630629,-2.789958,1.007176,-0.6687908,-0.5282724,-1.032773
IMU,1827156611.0,2,-2.225044,-1.936228,0.6347965,-1.428225,-0.07628341,-2.382653
IMU,1827196165.0,2,-2.272227,-0.7312214,0.5653896,-3.61035,1.331579,-3.87896
IMU,1827236698.0,2,-0.9147286,0.898469,0.5662905,-6.27354,3.649692,-7.356286
IMU,1827277237.0,2,1.562945,2.148215,0.4254319,-8.247765,5.567032,-12.47799
IMU,1827316624.0,2,1.536681,1.010641,-0.1599548,-4.598814,2.405255,-17.1235
IMU,1827357234.0,2,-0.1679787,-0.05397958,-0.2334996,-1.514161,-1.315707,-14.52875
IMU,1827397003.0,2,-0.6624368,-0.3722856,0.08530541,-2.475472,-0.5926687,-8.6483
IMU,1827437756.0,2,-0.2643833,-0.3252821,0.1469827,-3.630447,0.7724183,-6.896008
IMU,1827477419.0,2,0.06197563,0.04976145,0.05949203,-3.756246,1.776335,-7.242144
IMU,1827516974.0,2,0.1436556,0.2031516,-0.04455439,-2.930885,1.515712,-9.332892
IMU,1827556841.0,2,0.07192099,0.01586475,-0.05702299,-3.01723,0.661888,-10.34044
IMU,1827596814.0,2,-0.05601336,-0.05314101,0.01306025,-3.633078,0.5489424,-9.253216
IMU,1827637258.0,2,-0.01660504,0.01526351,0.02627434,-3.214864,1.119429,-8.724152
IMU,1827677480.0,2,0.01866074,0.003294146,-0.01493829,-2.995899,1.170116,-9.18927
IMU,1827716709.0,2,0.00550114,-0.008358122,-0.009413871,-3.426197,0.7441087,-9.168288
IMU,1827756666.0,2,-0.002943497,0.00712594,0.01101301,-3.199299,0.9595765,-9.141087
IMU,1827797027.0,2,0.004594847,-0.004794578,-0.00557336,-3.193647,1.078704,-9.119035
IMU,1827837200.0,2,0.008361631,0.001574411,-0.005658763,-3.303042,0.8423993,-9.174356
IMU,1827877860.0,2,-0.000214425,0.0007668056,0.0003779991,-3.214745,0.9697594,-9.201435
IMU,1827917419.0,2,0.003011052,0.0002172084,-0.003613082,-3.219584,0.9377202,-9.070455
IMU,1827957249.0,2,0.004508493,-0.000266816,-0.001380297,-3.257164,0.9352846,-9.209844
IMU,1827998271.0,2,-0.002098111,-0.001105786,0.001866676,-3.219315,0.9476849,-9.14752
IMU,1828037685.0,2,0.006825867,-7.618839e-05,-0.0007993105,-3.227896,0.9470847,-9.121737
IMU,1828077265.0,2,0.00113321,-0.0003022478,-0.001136818,-3.245401,0.9574847,-9.16074
IMU,1828117440.0,2,0.00370878,0.0004615463,-0.001111359,-3.240701,0.9243882,-9.142614
IMU,1828157198.0,2,0.001789095,-0.0001442938,-7.589942e-05,-3.230347,0.9314974,-9.159465
IMU,1828201018.0,2,0.0008892358,-0.0003481039,0.0008943257,-3.230304,0.9457058,-9.131192
IMU,1828241001.0,2,0.00360955,1.858672e-05,-0.0007661819,-3.228441,0.9487351,-9.186073
IMU,1828280075.0,2,0.002495017,4.156054e-05,-0.0007229401,-3.246929,0.9435334,-9.140103
IMU,1828320518.0,2,0.003486871,0.0007348023,-0.001684068,-3.240658,0.9475422,-9.13767
IMU,1828361072.0,2,0.003115463,0.0006767967,-0.001241656,-3.224721,0.925497,-9.163338
IMU,1828401031.0,2,0.004068067,0.0004030985,-0.000418406,-3.238383,0.9452671,-9.139726
IMU,1828441670.0,2,0.002665906,0.0008994558,-0.001774091,-3.233845,0.9436728,-9.142379
IMU,1828483087.0,2,0.004167267,-0.0001385427,-0.001208803,-3.23705,0.9392934,-9.136831
IMU,1828522667.0,2,0.001960817,0.0008670745,0.0005877872,-3.23538,0.9457875,-9.133747
IMU,1828562781.0,2,0.002622735,0.0003797258,-0.001599743,-3.231255,0.9481337,-9.150217
IMU,1828602690.0,2,0.003004103,0.001254877,-0.001635949,-3.228879,0.9375507,-9.146876
IMU,1828644039.0,2,0.0028286,0.0006716304,0.0004698203,-3.237978,0.9368693,-9.157862
IMU,1828683646.0,2,0.001446249,0.0006746905,-0.001449985,-3.244622,0.9339888,-9.115371
IMU,1828724057.0,2,0.002316829,0.001323557,-0.0007135937,-3.226044,0.9532706,-9.154536
IMU,1828764620.0,2,0.003361546,-0.0005020027,-0.001715012,-3.236031,0.9434842,-9.145949
IMU,1828804402.0,2,0.002539064,0.0003100806,-0.001476837,-3.243534,0.9340863,-9.152899
IMU,1828845687.0,2,0.002039395,0.0008537701,-0.0007221494,-3.22539,0.9637155,-9.139685
