ARM,2493537923.0,0.0
AHR2,2492919460.0,-1.04,6.83,92.5,464.33,43.2382515,-7.6818819
AHR2,2493023220.0,-1.55,7.84,92.77,464.14,43.238251,-7.6818783
AHR2,2493128215.0,-1.98,8.58,93.14,464.34,43.2382509,-7.6818762
AHR2,2493235893.0,-2.51,8.9,93.23,464.56,43.2382505,-7.6818737
AHR2,2493338923.0,-2.72,8.99,93.34,464.55,43.2382502,-7.6818709
AHR2,2493443038.0,-3.3,8.92,92.73,464.58,43.2382499,-7.6818681
AHR2,2493548226.0,-3.6,8.71,92.11,464.25,43.2382497,-7.6818676
AHR2,2493649734.0,-1.6,8.79,91.33,464.08,43.2382498,-7.6818657
AHR2,2493749869.0,2.27,8.96,89.52,463.83,43.2382497,-7.6818639
AHR2,2493851253.0,6.9,9.11,87.44,464.25,43.2382493,-7.6818625
AHR2,2493951718.0,11.74,9.01,85.32,464.31,43.238249,-7.6818608
AHR2,2494052831.0,16.35,8.54,83.07,464.18,43.2382491,-7.6818587
AHR2,2494152895.0,20.32,7.82,80.56,464.16,43.238249,-7.6818568
AHR2,2494253848.0,23.53,6.64,77.61,464.04,43.2382482,-7.6818552
AHR2,2494353526.0,25.69,4.78,74.33,463.46,43.2382478,-7.6818533
AHR2,2494454018.0,26.89,2.35,70.78,462.97,43.2382478,-7.6818523
AHR2,2494554661.0,26.06,-0.25,67.15,462.5,43.2382476,-7.6818506
AHR2,2494656027.0,22.58,-3.16,63.59,461.91,43.238247,-7.6818487
AHR2,2494756448.0,2.74,-2.44,60.61,461.01,43.2382467,-7.681847
AHR2,2494858237.0,12.66,-5.76,63.67,459.54,43.2382469,-7.6818467
AHR2,2494958981.0,15.68,-14.39,63.32,457.69,43.238247,-7.6818457
AHR2,2495059664.0,3.3,-9.52,66.16,458.1,43.2382393,-7.6818442
AHR2,2495159829.0,1.68,2.24,67.92,458.26,43.2382364,-7.681843
AHR2,2495260184.0,2.61,-2.42,67.05,458.22,43.2382413,-7.6818454
AHR2,2495360279.0,2.55,-1.6,67.24,458.36,43.2382413,-7.6818456
AHR2,2495460276.0,2.45,-1.75,67.26,458.37,43.2382413,-7.6818453
AHR2,2495560422.0,2.45,-1.76,67.33,458.43,43.2382412,-7.6818453
AHR2,2495660102.0,2.44,-1.76,67.41,458.2,43.2382414,-7.6818453
AHR2,2495760230.0,2.42,-1.73,67.49,458.25,43.2382415,-7.6818453
AHR2,2495860633.0,2.4,-1.71,67.57,458.25,43.2382414,-7.6818454
AHR2,2495960706.0,2.38,-1.69,67.65,458.28,43.2382415,-7.6818454
AHR2,2496061527.0,2.36,-1.67,67.73,458.28,43.2382417,-7.6818455
AHR2,2496161447.0,2.35,-1.65,67.8,458.24,43.2382417,-7.6818455
AHR2,2496261998.0,2.33,-1.63,67.88,458.4,43.238242,-7.6818458
AHR2,2496361892.0,2.31,-1.61,67.95,458.2,43.238242,-7.6818458
AHR2,2496462658.0,2.29,-1.59,68.02,458.19,43.2382421,-7.6818459
AHR2,2496563114.0,2.28,-1.57,68.09,458.36,43.2382421,-7.6818459
AHR2,2496664821.0,2.26,-1.55,68.17,458.34,43.2382423,-7.681846
AHR2,2496765088.0,2.25,-1.53,68.24,458.24,43.2382423,-7.6818461
ATT,2492918823.0,-3.199183,-1.625169,6.715832,6.496197,98.48404,100.573
ATT,2493022653.0,-3.627395,-2.137784,7.739988,7.485868,98.42635,100.6138
ATT,2493127638.0,-3.930736,-2.50285,8.617528,8.2382,98.37555,100.8013
ATT,2493235087.0,-4.085158,-2.963166,9.268496,8.547748,98.34055,100.6849
ATT,2493338399.0,-4.093762,-3.195653,9.638837,8.623168,98.32649,100.5877
ATT,2493442232.0,-4.066192,-3.79702,9.851531,8.517376,98.32122,99.76714
ATT,2493547650.0,-3.904781,-4.089539,9.681144,8.312561,99.00033,98.9388
ATT,2493649089.0,-2.02734,-2.054244,5.496484,8.445731,98.00687,97.97596
ATT,2493749227.0,-1.032191,1.931433,2.798378,8.776692,96.08786,96.11699
ATT,2493850692.0,-0.5232671,6.671931,1.418623,9.153021,93.88438,93.98488
ATT,2493951062.0,-0.2663355,11.60033,0.722057,9.471341,91.59975,91.77387
ATT,2494052225.0,-0.1344011,16.30131,0.3643728,9.361077,89.20122,89.44418
ATT,2494152261.0,-0.06861387,20.3934,0.1860182,8.837457,86.54174,86.84293
ATT,2494253031.0,-0.03489514,23.72807,0.09460504,7.856456,83.44579,83.79276
ATT,2494352847.0,-0.01781536,26.03478,0.0482996,6.208791,79.99795,80.37504
ATT,2494453457.0,-0.00906853,27.37102,0.02458747,4.011183,76.27802,76.67166
ATT,2494554019.0,-0.004610559,26.65784,0.0125019,1.642982,72.46799,72.85133
ATT,2494655277.0,-0.00233769,23.30503,0.006337768,-1.019024,68.72176,69.05968
ATT,2494755728.0,-0.001190055,3.636325,0.003226163,-0.1134156,65.64486,65.69903
ATT,2494857677.0,-0.0005985857,13.74776,0.001622585,-3.469109,68.57478,68.77809
ATT,2494958407.0,-0.0003049498,16.65186,0.0008269957,-12.0908,67.98692,68.23717
ATT,2495059054.0,-0.0001548672,3.703143,0.0004199155,-6.284711,70.97198,71.02747
ATT,2495159214.0,-0.0001420574,0.763041,0.0003852948,7.561945,72.96629,72.97775
ATT,2495259483.0,-0.0001322617,0.8607699,0.0003587339,3.99709,72.27491,72.28777
ATT,2495359676.0,-0.0001322617,0.8988146,0.0003587338,4.808548,72.32843,72.34187
ATT,2495459656.0,-0.0001322617,0.8730778,0.0003587339,4.633882,72.25978,72.27282
ATT,2495559730.0,-0.0001322618,0.8891886,0.0003587339,4.642233,72.23209,72.24538
ATT,2495659482.0,-0.0001274747,0.892591,0.0003457607,4.642998,72.20972,72.22306
ATT,2495759525.0,-0.0001274748,0.8942901,0.0003457606,4.654532,72.18481,72.1982
ATT,2495860055.0,-0.0001250435,0.8950903,0.0003389864,4.661736,72.16256,72.17593
ATT,2495960070.0,-0.0001250435,0.8964565,0.0003389865,4.668185,72.14319,72.15659
ATT,2496060872.0,-0.0001224518,0.8901103,0.0003321912,4.66837,72.13007,72.14339
ATT,2496160834.0,-0.0001224518,0.8748446,0.0003321911,4.672115,72.12548,72.13857
ATT,2496261274.0,-0.0001199855,0.858905,0.0003255882,4.674697,72.12401,72.13685
ATT,2496361249.0,-0.0001199856,0.8382698,0.0003255882,4.672016,72.12386,72.1364
ATT,2496461976.0,-0.0001175827,0.8263218,0.0003190225,4.674876,72.11879,72.13113
ATT,2496562620.0,-0.0001152241,0.8062384,0.0003124457,4.66952,72.1188,72.13086
ATT,2496664203.0,-0.0001101649,0.7811307,0.0002991023,4.663998,72.12257,72.13425
ATT,2496764495.0,-0.0001101649,0.7599187,0.0002991023,4.655938,72.12311,72.13446
BARO,2492938865.0,0,1.597137,466.8371,96761.91
BARO,2493046716.0,0,1.792114,467.0321,96759.81
BARO,2493150314.0,0,2.012512,467.2525,96757.41
BARO,2493255203.0,0,2.001221,467.2412,96757.55
BARO,2493358770.0,0,2.035126,467.2751,96757.16
BARO,2493463052.0,0,1.701691,466.9417,96760.8
BARO,2493568083.0,0,1.537781,466.7778,96762.57
BARO,2493669169.0,0,1.286316,466.5263,96765.29
BARO,2493769497.0,0,1.704498,466.9445,96760.74
BARO,2493870725.0,0,1.763855,467.0038,96760.1
BARO,2493971083.0,0,1.639526,466.8795,96761.45
BARO,2494072884.0,0,1.614075,466.8541,96761.75
BARO,2494172695.0,0,1.495422,466.7354,96763.02
BARO,2494272976.0,0,0.9132996,466.1533,96769.34
BARO,2494373247.0,0,0.4272766,465.6673,96774.59
BARO,2494474139.0,0,-0.04177856,465.1982,96779.69
BARO,2494574639.0,0,-0.6380005,464.602,96786.13
BARO,2494675431.0,0,-1.530945,463.709,96795.81
BARO,2494775498.0,0,-3.003143,462.2368,96811.77
BARO,2494877729.0,0,-4.853973,460.386,96831.84
BARO,2494978766.0,0,-4.441437,460.7986,96827.35
BARO,2495079521.0,0,-4.283173,460.9568,96825.64
BARO,2495179499.0,0,-4.325562,460.9144,96826.1
BARO,2495280063.0,0,-4.187103,461.0529,96824.62
BARO,2495379706.0,0,-4.170166,461.0698,96824.43
BARO,2495480108.0,0,-4.119293,461.1207,96823.88
BARO,2495580270.0,0,-4.348175,460.8918,96826.34
BARO,2495679876.0,0,-4.291656,460.9483,96825.73
BARO,2495780189.0,0,-4.297302,460.9427,96825.8
BARO,2495880513.0,0,-4.26059,460.9794,96825.41
BARO,2495980467.0,0,-4.263397,460.9766,96825.43
BARO,2496081102.0,0,-4.308624,460.9314,96825.93
BARO,2496181432.0,0,-4.144714,461.0953,96824.13
BARO,2496281746.0,0,-4.345367,460.8946,96826.3
BARO,2496381887.0,0,-4.359497,460.8805,96826.48
BARO,2496483047.0,0,-4.187103,461.0529,96824.59
BARO,2496582993.0,0,-4.201233,461.0388,96824.74
BARO,2496684065.0,0,-4.308624,460.9314,96825.91
BARO,2492938865.0,1,1.263702,466.5037,96745.69
BARO,2493046716.0,1,1.619751,466.8597,96741.84
BARO,2493150314.0,1,1.989899,467.2299,96737.84
BARO,2493255203.0,1,1.907959,467.1479,96738.72
BARO,2493358770.0,1,1.633881,466.8739,96741.7
BARO,2493463052.0,1,1.342834,466.5828,96744.85
BARO,2493568083.0,1,1.413452,466.6534,96744.08
BARO,2493669169.0,1,1.294769,466.5348,96745.37
BARO,2493769497.0,1,1.85144,467.0914,96739.32
BARO,2493870725.0,1,1.659302,466.8993,96741.41
BARO,2493971083.0,1,1.605621,466.8456,96741.98
BARO,2494072884.0,1,1.605621,466.8456,96741.98
BARO,2494172695.0,1,1.204346,466.4443,96746.35
BARO,2494272976.0,1,0.7013855,465.9414,96751.8
BARO,2494373247.0,1,0.2464294,465.4864,96756.71
BARO,2494474139.0,1,0.1277466,465.3677,96758.01
BARO,2494574639.0,1,-0.7510376,464.489,96767.52
BARO,2494675431.0,1,-1.547882,463.6921,96776.15
BARO,2494775498.0,1,-6.9422,458.2978,96834.62
BARO,2494877729.0,1,-4.755096,460.4849,96810.91
BARO,2494978766.0,1,-4.294495,460.9455,96805.94
BARO,2495079521.0,1,-4.212555,461.0274,96805.03
BARO,2495179499.0,1,-4.56012,460.6799,96808.8
BARO,2495280063.0,1,-4.36795,460.872,96806.73
BARO,2495379706.0,1,-4.384918,460.8551,96806.91
BARO,2495480108.0,1,-4.458374,460.7816,96807.7
BARO,2495580270.0,1,-4.568573,460.6714,96808.89
BARO,2495679876.0,1,-4.472504,460.7675,96807.85
BARO,2495780189.0,1,-4.526215,460.7138,96808.42
BARO,2495880513.0,1,-4.486633,460.7534,96808.02
BARO,2495980467.0,1,-4.373596,460.8664,96806.79
BARO,2496081102.0,1,-4.495117,460.7449,96808.11
BARO,2496181432.0,1,-4.311432,460.9286,96806.11
BARO,2496281746.0,1,-4.492279,460.7477,96808.07
BARO,2496381887.0,1,-4.435791,460.8042,96807.45
BARO,2496483047.0,1,-4.184296,461.0557,96804.74
BARO,2496582993.0,1,-4.421661,460.8183,96807.31
BARO,2496684065.0,1,-4.359497,460.8805,96806.64
GPS,2493033097.0,4,25,43.2382515,-7.6818828,467.66,2.548,0.046,0.0
GPS,2493222074.0,4,25,43.2382508,-7.6818772,467.68,2.206,-0.062,0.0
GPS,2493455793.0,4,25,43.2382502,-7.6818723,467.68,1.87,-0.043,0.0
GPS,2493620738.0,4,25,43.2382499,-7.6818683,467.72,1.466,-0.219,0.0
GPS,2493821986.0,4,24,43.2382495,-7.6818649,467.58,1.402,1.648,0.0
GPS,2494024495.0,4,25,43.2382492,-7.6818614,467.06,1.536,3.561,0.0
GPS,2494225492.0,4,25,43.2382486,-7.6818578,466.18,1.549,5.392,0.0
GPS,2494446138.0,4,25,43.238248,-7.6818544,464.91,1.392,7.124001,0.0
GPS,2494626743.0,4,25,43.2382474,-7.6818511,463.33,1.415,8.719001,0.0
GPS,2494808528.0,4,25,43.2382469,-7.6818484,461.68,0.848,8.672001,0.0
GPS,2495011102.0,4,25,43.238244,-7.6818462,460.74,3.343,1.091,0.0
GPS,2495211768.0,4,25,43.2382412,-7.6818451,460.55,0.178,0.649,0.0
GPS,2495452660.0,4,25,43.2382413,-7.6818453,460.56,0.074,-0.725,0.0
GPS,2495612261.0,4,25,43.2382413,-7.6818453,460.63,0.123,-0.36,0.0
GPS,2495812097.0,4,25,43.2382414,-7.6818454,460.65,0.06500001,-0.25,0.0
GPS,2496012659.0,4,25,43.2382417,-7.6818455,460.65,0.032,-0.149,0.0
GPS,2496213656.0,4,25,43.2382419,-7.6818458,460.67,0.085,-0.05,0.0
GPS,2496454733.0,4,25,43.2382421,-7.6818459,460.78,0.04,-0.066,0.0
GPS,2496615431.0,4,24,43.2382423,-7.681846,460.85,0.042,-0.027,0.0
IMU,2492906232.0,0,-0.2074464,0.1576496,0.006811609,-0.6622957,0.4319139,-9.781055
IMU,2492946725.0,0,-0.01695464,0.02117583,0.06193897,0.040214,0.3009394,-10.24183
IMU,2492990836.0,0,0.01607378,0.04487203,0.08041134,-0.2664675,-0.03611431,-10.21137
IMU,2493033225.0,0,0.1558667,0.08621228,0.104461,0.7303861,1.676785,-9.786349
IMU,2493074564.0,0,-0.0452063,0.1054227,0.01905625,0.2946352,1.410175,-9.372031
IMU,2493118218.0,0,-0.2401304,0.1234678,-0.03358138,-0.5127381,0.5434489,-10.22218
IMU,2493157644.0,0,-0.04630931,-0.09768043,-0.007756611,-0.566882,0.6188785,-10.73794
IMU,2493201989.0,0,0.06864794,-0.06790951,-0.02481035,-0.696828,0.6354787,-10.94403
IMU,2493242818.0,0,0.01716081,-0.005602303,0.02177767,0.2818042,1.603477,-9.812108
IMU,2493283127.0,0,-0.1291876,0.09221555,-0.03228673,0.2939416,0.001678252,-10.01319
IMU,2493325986.0,0,-0.09952453,0.051317,-0.06283502,-0.4055149,-0.22043,-10.15067
IMU,2493366030.0,0,-0.08614992,-0.004772424,-0.1568023,-0.7456554,0.2168909,-10.34842
IMU,2493414857.0,0,-0.1255508,-0.0661927,-0.03751706,0.03129899,0.01129458,-10.00512
IMU,2493455977.0,0,-0.1410182,0.04022554,-0.07837678,-0.4252129,0.006001224,-9.490772
IMU,2493496609.0,0,-0.05019834,0.04587007,-0.1425216,-0.1128966,-0.08197384,-10.9186
IMU,2493540642.0,0,-0.133761,-0.002213621,-0.09592636,-0.0993749,0.6010268,-10.56187
IMU,2493580624.0,0,0.1601219,-0.08934823,-0.1523122,0.2483722,-0.8773769,-5.56239
IMU,2493620870.0,0,0.354093,0.02281907,-0.1416217,-0.1877209,1.655993,-2.242693
IMU,2493662012.0,0,0.654242,0.08448569,-0.2468244,0.02395649,0.4598305,-0.5860162
IMU,2493702118.0,0,0.7307947,0.05156359,-0.3236116,-0.1215894,0.09931313,-0.1432555
IMU,2493741646.0,0,0.8112752,0.04058887,-0.3541434,0.01949293,-0.005074379,-0.3270112
IMU,2493782058.0,0,0.8479584,0.03278591,-0.3615539,-0.05542731,0.02003457,-0.332384
IMU,2493822093.0,0,0.895813,0.03379264,-0.3696174,0.009103962,0.002861137,-0.3877851
IMU,2493863137.0,0,0.9161422,0.03246763,-0.3710393,0.02223369,0.06137817,-0.4550932
IMU,2493904016.0,0,0.9201409,0.001806176,-0.3764851,0.03601283,0.002609226,-0.5746029
IMU,2493943220.0,0,0.9132982,-0.04128492,-0.3822939,0.05146793,-0.05148714,-0.6639636
IMU,2493983837.0,0,0.9108035,-0.08545621,-0.3829687,0.04907538,-0.03478635,-0.7735007
IMU,2494029247.0,0,0.8833568,-0.1410771,-0.3787744,0.03339837,-0.05753119,-0.8999986
IMU,2494069965.0,0,0.8445067,-0.1813665,-0.3797169,0.03513306,-0.07783239,-0.9970905
IMU,2494110516.0,0,0.7960539,-0.2277036,-0.3929054,0.03240227,-0.1223732,-1.103521
IMU,2494150246.0,0,0.7484145,-0.2720738,-0.4035404,0.04855625,-0.1364039,-1.202852
IMU,2494189745.0,0,0.6944314,-0.3250229,-0.409881,0.05154695,-0.1617055,-1.303791
IMU,2494230087.0,0,0.6349437,-0.3780766,-0.4192379,0.06101595,-0.2051575,-1.395443
IMU,2494270846.0,0,0.5608913,-0.4361166,-0.4190133,0.04767584,-0.2663161,-1.468704
IMU,2494312694.0,0,0.4820957,-0.5094103,-0.4092088,0.04197446,-0.2959782,-1.539989
IMU,2494353887.0,0,0.4140167,-0.5749778,-0.4001234,0.04589796,-0.3015322,-1.577401
IMU,2494392747.0,0,0.3499929,-0.6286823,-0.3995396,0.02285104,-0.3121257,-1.547599
IMU,2494433618.0,0,0.2631222,-0.6461079,-0.3934214,0.01539237,-0.3937654,-1.631253
IMU,2494474471.0,0,0.1080072,-0.6536067,-0.3950488,-0.006387667,-0.4712296,-1.83177
IMU,2494514090.0,0,-0.07565673,-0.6702695,-0.3983712,-0.02814164,-0.5218912,-2.033335
IMU,2494556837.0,0,-0.2777374,-0.6865265,-0.3995045,-0.01974956,-0.540257,-2.225552
IMU,2494596445.0,0,-0.4233041,-0.7406712,-0.3846014,-0.06480318,-0.5116194,-2.263955
IMU,2494639847.0,0,-0.5429061,-0.7687252,-0.3775719,-0.3424522,-0.8916555,-2.713827
IMU,2494680823.0,0,-2.81313,-0.01098327,-0.5584496,-3.396209,-8.486493,-6.001104
IMU,2494721138.0,0,-9.781191,4.949744,-1.62651,-1.902689,-6.423065,-17.71728
IMU,2494760371.0,0,7.9091,-5.860904,1.350576,24.52515,22.62018,-90.33406
IMU,2494800259.0,0,2.529902,-1.274489,0.953524,-9.155194,-3.466057,-3.062769
IMU,2494843105.0,0,1.7555,-0.9061318,0.5590441,-1.322541,-2.242851,0.1063986
IMU,2494883187.0,0,1.371607,-1.685924,0.4482081,-1.446993,-2.181797,2.134115
IMU,2494923445.0,0,0.5201671,-1.644885,0.3226787,-1.876262,-2.170753,0.6823102
IMU,2494963504.0,0,-1.013923,-0.580012,0.2305135,-3.233687,-2.498302,-1.674412
IMU,2495003814.0,0,-2.056742,0.6167465,0.2947862,-3.057852,-1.723051,-2.368231
IMU,2495043860.0,0,-2.500688,1.746882,0.3889076,-3.535,-1.160932,-4.022358
IMU,2495084040.0,0,-2.383825,2.915446,0.4808224,-3.089571,0.4029923,-7.396973
IMU,2495124089.0,0,-0.1458585,2.815564,0.3616208,0.619559,2.849108,-15.91317
IMU,2495163887.0,0,1.180485,0.7469261,0.1523857,4.90726,2.580926,-23.40107
IMU,2495204265.0,0,-0.1129098,-0.7917446,-0.116841,2.451541,-1.047007,-14.27984
IMU,2495244731.0,0,-0.198505,-0.7359568,-0.1609092,-0.6238633,-0.9761936,-7.18492
IMU,2495284530.0,0,-0.08055269,-0.2197086,-0.05168547,-0.9446894,-0.3559913,-6.390996
IMU,2495324656.0,0,0.03681736,0.3537493,0.05788657,-0.136887,-0.1768741,-9.222392
IMU,2495365071.0,0,0.0418574,0.176339,0.02127766,0.5970226,-0.1059391,-11.68239
IMU,2495404648.0,0,-0.01281071,-0.1286214,-0.02437018,0.1784636,-0.1786873,-9.863181
IMU,2495444654.0,0,-0.0123693,0.01459568,0.006331619,-0.09437865,-0.359964,-9.232046
IMU,2495484531.0,0,-0.0008496346,0.01062829,0.004736326,0.2227377,-0.1179553,-10.32128
IMU,2495524623.0,0,-0.0004850925,-0.01559012,-0.0007597443,0.09761955,-0.2938396,-9.705764
IMU,2495564669.0,0,-0.00236299,0.007395566,0.004560213,0.1527239,-0.1970876,-9.963652
IMU,2495605211.0,0,-0.003180448,-0.007176173,0.002627461,0.1011554,-0.2425365,-9.830461
IMU,2495644875.0,0,-0.00400057,-0.0002439034,0.003746325,0.1247856,-0.2165286,-9.949768
IMU,2495684622.0,0,-0.002568006,-0.003039467,0.001122534,0.1259249,-0.2565013,-9.870046
IMU,2495724695.0,0,-0.002836662,-0.00107663,0.002891485,0.1307515,-0.2052049,-9.894664
IMU,2495764659.0,0,-0.0022775,-0.001014573,0.003022459,0.1150718,-0.2286878,-9.883227
IMU,2495805208.0,0,-0.002325476,-0.002147145,0.001755715,0.1175152,-0.2218719,-9.90339
IMU,2495845196.0,0,-0.00228822,-0.003276231,0.004082234,0.128402,-0.2463314,-9.895771
IMU,2495884932.0,0,-0.001073804,-0.002434355,0.004007115,0.11736,-0.2349286,-9.878157
IMU,2495925121.0,0,-0.002716868,-0.002244001,0.002649818,0.111359,-0.2275318,-9.884353
IMU,2495964980.0,0,-0.00183689,-0.003673947,0.001660314,0.1297875,-0.2277147,-9.89923
IMU,2496005456.0,0,-0.00256997,-0.002821603,0.003010242,0.1367691,-0.2383318,-9.890825
IMU,2496045856.0,0,-0.001949608,-0.003589297,0.002339181,0.1182645,-0.2279419,-9.905986
IMU,2496085846.0,0,-0.003939679,-0.001776602,0.002881745,0.1299764,-0.2147774,-9.882648
IMU,2496125840.0,0,-0.003917163,-0.002702676,0.001906423,0.1140287,-0.2300925,-9.897209
IMU,2496166244.0,0,-0.002914432,-0.002328749,0.003094002,0.1134249,-0.2371498,-9.887392
IMU,2496206458.0,0,-0.002292736,-0.002846549,0.003586221,0.125669,-0.2251379,-9.887791
IMU,2496246474.0,0,-0.003016566,-0.001128444,0.001838827,0.1143392,-0.2205754,-9.883527
IMU,2496286243.0,0,-0.003045967,-0.003820057,0.002514261,0.1259664,-0.2239587,-9.898679
IMU,2496326498.0,0,-0.002850796,-0.003914672,0.00129652,0.1224187,-0.2290472,-9.867519
IMU,2496367023.0,0,-0.002889006,-0.002894926,0.00322815,0.1267027,-0.2379766,-9.891646
IMU,2496406856.0,0,-0.003659824,-0.00297461,0.004254507,0.1162305,-0.235997,-9.897355
IMU,2496446452.0,0,-0.002594108,-0.002337443,0.002988806,0.1184836,-0.234017,-9.898786
IMU,2496487503.0,0,-0.001416583,-0.002456283,0.002653609,0.1329421,-0.250109,-9.903621
IMU,2496527265.0,0,-0.002219974,-0.002524615,0.003443878,0.1185823,-0.2279595,-9.884349
IMU,2496567878.0,0,-0.004117693,-0.002475025,0.002353819,0.1266099,-0.2345793,-9.896183
IMU,2496608012.0,0,-0.003530357,-0.002254226,0.003306917,0.1226886,-0.2328873,-9.905308
IMU,2496649028.0,0,-0.002818557,-0.001046597,0.003015022,0.1164235,-0.2321934,-9.893085
IMU,2496688995.0,0,-0.002241577,-0.002860636,0.0033426,0.1304198,-0.228154,-9.892049
IMU,2496730120.0,0,-0.002975801,-0.004144324,0.002002479,0.1197269,-0.2368759,-9.891352
IMU,2496769654.0,0,-0.00196441,-0.00213373,0.002772244,0.1162471,-0.2319596,-9.877697
IMU,2496809963.0,0,-0.002933521,-0.00297201,0.003032948,0.1175179,-0.2177324,-9.904764
IMU,2492906232.0,1,-0.1330246,0.06872364,0.007610536,-0.4951876,0.854949,-10.42498
IMU,2492946725.0,1,-0.06508666,0.0637904,0.04005162,0.03570127,0.1953781,-9.976609
IMU,2492990836.0,1,0.02438618,0.06894127,0.08243393,0.1531618,0.4887167,-10.32894
IMU,2493033225.0,1,0.02969201,0.1112387,0.05374308,0.8621055,1.378016,-9.515817
IMU,2493074564.0,1,-0.07498017,0.07383998,-0.006624891,0.3530453,1.819802,-9.325212
IMU,2493118218.0,1,-0.2129172,0.06090143,-0.02671912,-0.9291641,1.309445,-9.080302
IMU,2493157644.0,1,-0.1077145,-0.03593891,0.005265025,0.1230275,1.090776,-11.13737
IMU,2493201989.0,1,-0.01224751,-0.03908819,0.0009376064,-0.2047501,1.23653,-11.13068
IMU,2493242818.0,1,-0.02121939,-0.06478997,0.0501976,1.249297,2.199975,-9.541497
IMU,2493283127.0,1,-0.1079353,0.09682313,-0.0620257,0.7575281,0.3181433,-10.57952
IMU,2493325986.0,1,-0.08917554,0.07257185,-0.1269681,-0.4662131,-0.004016922,-10.52005
IMU,2493366030.0,1,-0.1063151,0.04047399,-0.1625031,-0.656196,0.4259695,-9.472645
IMU,2493414857.0,1,-0.123587,-0.03239117,-0.0466145,0.5506204,0.6608624,-10.76349
IMU,2493455977.0,1,-0.1069401,0.008157035,-0.1136687,0.4476669,0.2488231,-9.096953
IMU,2493496609.0,1,0.01657061,0.02435492,-0.1301174,-0.4755473,-0.1607426,-11.26941
IMU,2493540642.0,1,-0.08597922,0.036018,-0.1404408,0.8703742,1.101621,-10.52765
IMU,2493580624.0,1,0.1472303,-0.04670641,-0.1100323,-0.7592177,-0.3402942,-5.759004
IMU,2493620870.0,1,0.2934086,0.01155694,-0.1206257,-0.2987249,3.292048,-1.82444
IMU,2493662012.0,1,0.5893043,0.07535283,-0.1902827,0.1271098,0.8067132,-0.3511179
IMU,2493702118.0,1,0.6811152,0.04287774,-0.2661537,-0.1701963,0.4974179,0.06259342
IMU,2493741646.0,1,0.7595247,0.03827737,-0.2914732,0.07510962,0.486027,-0.3406964
IMU,2493782058.0,1,0.7914106,0.02881928,-0.3006972,0.001251895,0.4741735,-0.3102635
IMU,2493822093.0,1,0.840296,0.02334243,-0.3076092,0.02969939,0.4076108,-0.2020173
IMU,2493863137.0,1,0.858749,0.02531238,-0.3101221,-0.01037454,0.469495,-0.2672884
IMU,2493904016.0,1,0.8640919,0.005590935,-0.3076629,0.05709768,0.4016007,-0.4811504
IMU,2493943220.0,1,0.8581179,-0.05344396,-0.3194539,-0.01335631,0.421997,-0.5586403
IMU,2493983837.0,1,0.8518673,-0.0878479,-0.3151361,0.04473891,0.238197,-0.7393487
IMU,2494029247.0,1,0.8284571,-0.1371346,-0.3171361,0.007370478,0.2915977,-0.8264756
IMU,2494069965.0,1,0.7885079,-0.1779754,-0.3193845,0.04934787,0.3207445,-0.8353807
IMU,2494110516.0,1,0.7404289,-0.2289466,-0.3305275,0.05008889,0.2878928,-0.9334933
IMU,2494150246.0,1,0.6908507,-0.2679802,-0.3451245,-0.01089856,0.2989966,-1.067533
IMU,2494189745.0,1,0.6446852,-0.314909,-0.3549134,0.09456976,0.2599743,-1.087876
IMU,2494230087.0,1,0.5788739,-0.3722998,-0.3672585,0.07567608,0.1765592,-1.375573
IMU,2494270846.0,1,0.5058047,-0.4206523,-0.3691512,0.05986637,0.09616803,-1.280446
IMU,2494312694.0,1,0.426031,-0.4952146,-0.3629492,0.05293614,-0.005963312,-1.464857
IMU,2494353887.0,1,0.3603532,-0.5568548,-0.3592015,0.07524968,0.1316551,-1.480631
IMU,2494392747.0,1,0.2975821,-0.6068477,-0.3615833,0.1351936,0.1528849,-1.342362
IMU,2494433618.0,1,0.2184602,-0.632304,-0.3591411,0.04683628,0.1057119,-1.427232
IMU,2494474471.0,1,0.0648661,-0.6355413,-0.3641397,0.09230003,-0.0518852,-1.807923
IMU,2494514090.0,1,-0.09501053,-0.6392281,-0.374612,-0.112415,-0.1367468,-1.85903
IMU,2494556837.0,1,-0.2980453,-0.6526942,-0.3867254,0.06624855,-0.1812263,-2.128572
IMU,2494596445.0,1,-0.4399638,-0.7061507,-0.3763225,0.02083814,-0.03237946,-2.1285
IMU,2494639847.0,1,-0.5597245,-0.7325755,-0.3749994,-0.5196043,-0.6957698,-2.775952
IMU,2494680823.0,1,-2.744608,0.001660925,-0.6218644,-2.915138,-7.961351,-7.353937
IMU,2494721138.0,1,-9.579727,4.878733,-1.849126,-1.900638,-3.968157,-18.86215
IMU,2494760371.0,1,7.967979,-7.362944,1.174344,24.19902,-3.986019,-113.302
IMU,2494800259.0,1,2.573457,-1.353397,0.8415208,-9.197572,-4.397789,-1.500224
IMU,2494843105.0,1,1.780082,-0.892721,0.564842,-1.181153,-1.855901,0.3219709
IMU,2494883187.0,1,1.386321,-1.664541,0.4308047,-1.4439,-1.704427,2.0553
IMU,2494923445.0,1,0.4911911,-1.599421,0.2859719,-1.831258,-1.666076,0.2340738
IMU,2494963504.0,1,-0.9852702,-0.5493741,0.1520942,-3.198947,-2.194051,-1.700979
IMU,2495003814.0,1,-2.019174,0.5935367,0.1745734,-3.087227,-1.374527,-2.239634
IMU,2495043860.0,1,-2.442175,1.673427,0.2466403,-3.53094,-0.8453577,-3.764168
IMU,2495084040.0,1,-2.32725,2.802444,0.3545427,-3.111768,0.8361461,-7.117463
IMU,2495124089.0,1,-0.1847204,2.751338,0.3370101,0.630057,3.343371,-15.51522
IMU,2495163887.0,1,1.148166,0.7649533,0.1748445,5.230361,2.57737,-24.12856
IMU,2495204265.0,1,-0.1060039,-0.7488214,-0.1063726,2.278692,-0.8283969,-13.97235
IMU,2495244731.0,1,-0.2115589,-0.708539,-0.1609131,-0.5701066,-0.6708817,-7.005173
IMU,2495284530.0,1,-0.08117981,-0.2194534,-0.05500695,-0.9757532,-0.07315635,-6.131563
IMU,2495324656.0,1,0.02132378,0.3101334,0.05900731,-0.1177941,0.1981793,-9.145322
IMU,2495365071.0,1,0.02423386,0.17453,0.03209457,0.6466138,0.1205905,-11.46949
IMU,2495404648.0,1,-0.01956531,-0.1175076,-0.01997923,0.1212714,0.08975246,-9.805911
IMU,2495444654.0,1,-0.01171672,0.02356132,0.01072961,0.03545009,-0.04812249,-9.159053
IMU,2495484531.0,1,-0.0006830171,0.02186521,0.00692369,0.2237513,0.1102575,-10.21769
IMU,2495524623.0,1,-0.001200847,-0.002848683,-0.006319766,0.1799113,-0.04728262,-9.723796
IMU,2495564669.0,1,-0.002284988,0.01636166,0.001135736,0.1120258,0.1034889,-9.939641
IMU,2495605211.0,1,-0.002048313,0.002519864,0.0037197,0.1381118,-0.02280236,-9.817088
IMU,2495644875.0,1,-0.002951012,0.01238512,0.0007894628,0.05399862,0.1198653,-9.878686
IMU,2495684622.0,1,-0.001403186,0.005031628,-0.00195835,0.1750804,0.08053231,-9.797854
IMU,2495724695.0,1,-0.002388284,0.008246334,0.000953779,0.1099477,0.08693404,-9.691682
IMU,2495764659.0,1,-0.0003427852,0.006662721,-0.001870568,0.06877393,0.08257714,-9.776997
IMU,2495805208.0,1,-0.0008717999,0.004869,0.003168784,0.2411567,0.1171717,-9.881591
IMU,2495845196.0,1,-0.0008199471,0.0007853007,0.005657429,0.1040761,0.09302419,-9.9072
IMU,2495884932.0,1,-0.002507243,0.0005679102,-0.0008929074,0.2334918,0.105785,-9.772052
IMU,2495925121.0,1,-0.000687516,0.003242354,0.002805638,0.1223424,0.06029014,-9.742517
IMU,2495964980.0,1,-0.001436499,0.002106419,0.002884377,0.1020489,0.0568651,-9.884162
IMU,2496005456.0,1,0.0004089935,0.007270177,0.0004096421,0.1282371,0.07571045,-9.721967
IMU,2496045856.0,1,0.0004263865,0.005808927,0.002924996,0.07323469,0.05230625,-9.770971
IMU,2496085846.0,1,-0.000859898,0.001949601,0.005554084,0.1556116,0.1326465,-9.709116
IMU,2496125840.0,1,-0.0003313409,0.001560587,-0.00387921,0.1773819,0.06111271,-9.668228
IMU,2496166244.0,1,-0.001677139,0.003854386,0.001761221,0.148253,0.1513629,-9.77825
IMU,2496206458.0,1,-0.002257084,-0.0007578268,-0.0002561105,0.1456627,0.1245347,-9.675065
IMU,2496246474.0,1,-0.001370323,0.005964838,0.004861503,0.1928069,-0.010993,-9.781904
IMU,2496286243.0,1,-0.0002993569,0.005486783,0.004358598,0.1320917,0.1288222,-9.736224
IMU,2496326498.0,1,-0.00199043,0.001930654,0.00598355,0.1373804,0.01807981,-9.752048
IMU,2496367023.0,1,-0.005650708,0.003430329,0.004842252,0.1263241,0.00359766,-9.743391
IMU,2496406856.0,1,-0.002637555,0.003123831,0.004184448,0.1785161,0.1216267,-9.715736
IMU,2496446452.0,1,6.909831e-05,0.002052202,-0.0006912327,0.1243968,0.07300524,-9.805921
IMU,2496487503.0,1,-0.003547266,0.004887653,0.0004270965,0.1245939,0.1451536,-9.624293
IMU,2496527265.0,1,-0.002542148,0.005750601,0.002592909,0.1512774,0.04942762,-9.696833
IMU,2496567878.0,1,-0.002573655,0.002435431,0.001908465,0.1710944,0.1246589,-9.712203
IMU,2496608012.0,1,-0.002744636,0.002600973,-0.004612634,0.1477627,0.1051555,-9.770135
IMU,2496649028.0,1,-0.002983304,0.001923715,1.619058e-06,0.1800921,0.01982707,-9.796036
IMU,2496688995.0,1,-0.001801347,-0.0009894259,0.001896229,0.1029627,0.03026061,-9.764062
IMU,2496730120.0,1,-0.001686703,0.002977957,0.002905066,0.0846044,0.04557616,-9.833283
IMU,2496769654.0,1,-0.001658795,0.01069129,0.0001083641,0.1222427,0.1447523,-9.91724
IMU,2496809963.0,1,-0.003515041,0.003413582,0.003556415,0.1337161,-0.002772168,-9.634403
IMU,2492906232.0,2,-0.06724826,0.1965291,0.03457891,0.1205931,0.8346143,-8.713318
IMU,2492946725.0,2,-0.1116423,0.1031806,0.06265903,-0.9757793,-0.7339999,-11.18917
IMU,2492990836.0,2,-0.1009994,0.1373613,0.0719904,-0.29188,0.5996704,-10.55113
IMU,2493033225.0,2,0.05095501,0.05610111,0.07442373,-1.03688,-0.6503238,-10.79205
IMU,2493074564.0,2,0.03541907,0.07326622,0.01584075,0.03270125,1.227145,-9.64128
IMU,2493118218.0,2,-0.1233826,0.1345802,0.003546084,-0.4106836,0.6686463,-9.952666
IMU,2493157644.0,2,-0.1536844,0.04382509,-0.00472247,-0.3220303,1.05538,-9.770379
IMU,2493201989.0,2,-0.03796157,0.02411564,0.009761987,-0.7570928,-0.39431,-11.37278
IMU,2493242818.0,2,0.05683427,0.051401,0.002367786,-0.7920921,0.07863922,-10.71706
IMU,2493283127.0,2,-0.01062211,0.04430537,-0.05429663,0.3131875,1.315663,-9.104567
IMU,2493325986.0,2,-0.054747,0.01770653,-0.08867767,-0.1606506,1.129302,-9.093792
IMU,2493366030.0,2,-0.05020306,0.03671576,-0.0959603,-0.09281211,-0.1405053,-10.82276
IMU,2493414857.0,2,-0.09153744,-0.1088051,-0.1229231,0.3009429,0.7095199,-9.363994
IMU,2493455977.0,2,-0.05337762,0.01630409,-0.1099289,-0.2626049,0.6087241,-9.938356
IMU,2493496609.0,2,-0.07313981,0.0574146,-0.1382468,0.4134915,1.827835,-9.253308
IMU,2493540642.0,2,-0.0599287,-0.0353774,-0.1415121,0.5376442,0.915197,-9.756123
IMU,2493580624.0,2,0.1402712,-0.0390345,-0.114498,-1.046285,-0.4439781,-5.128543
IMU,2493620870.0,2,0.3973326,0.03960091,-0.1383495,-0.09298034,0.6832017,-1.848268
IMU,2493662012.0,2,0.6439839,0.06859982,-0.2465615,0.06266981,0.1926387,-0.2714815
IMU,2493702118.0,2,0.7335958,0.03830747,-0.3277651,-0.1245323,0.1162778,0.03461528
IMU,2493741646.0,2,0.8087958,0.02245686,-0.3589925,-0.03460267,0.04180306,-0.2056146
IMU,2493782058.0,2,0.8439617,0.01516988,-0.3652842,-0.05747132,0.04975908,-0.1703068
IMU,2493822093.0,2,0.8951149,0.0134559,-0.3749081,-0.0224946,0.06348555,-0.2310766
IMU,2493863137.0,2,0.912881,0.009461419,-0.3771039,-0.008648291,0.06429892,-0.2972317
IMU,2493904016.0,2,0.9160284,-0.01927294,-0.3811366,0.001608715,0.02996785,-0.413806
IMU,2493943220.0,2,0.9086186,-0.06256865,-0.3875843,-0.00167825,-0.001260717,-0.5063685
IMU,2493983837.0,2,0.9044307,-0.1080934,-0.3867659,0.004065222,-0.01841268,-0.6105883
IMU,2494029247.0,2,0.8763655,-0.1614636,-0.3859619,-0.002057079,-0.03260615,-0.7523076
IMU,2494069965.0,2,0.8356341,-0.202697,-0.3851994,0.001417025,-0.04781883,-0.8642975
IMU,2494110516.0,2,0.7868105,-0.2506809,-0.3981831,-0.0003322712,-0.06955714,-0.9615601
IMU,2494150246.0,2,0.7401521,-0.293778,-0.4073605,0.0004691763,-0.09032041,-1.068493
IMU,2494189745.0,2,0.686609,-0.3404142,-0.4161932,0.001702958,-0.1021106,-1.158652
IMU,2494230087.0,2,0.6238078,-0.3960789,-0.425328,0.007239608,-0.1653208,-1.233318
IMU,2494270846.0,2,0.5487084,-0.4531381,-0.4244412,0.01604376,-0.2276334,-1.337352
IMU,2494312694.0,2,0.4689609,-0.5244955,-0.4141151,-0.01896443,-0.2441853,-1.362665
IMU,2494353887.0,2,0.4010146,-0.5901111,-0.4055391,-0.01934365,-0.2754433,-1.407976
IMU,2494392747.0,2,0.3352621,-0.6418707,-0.4037304,-0.02412945,-0.269137,-1.412358
IMU,2494433618.0,2,0.2506628,-0.6563553,-0.4002004,-0.02832853,-0.3539659,-1.492047
IMU,2494474471.0,2,0.09528907,-0.6609451,-0.3993116,-0.05229578,-0.4023635,-1.741968
IMU,2494514090.0,2,-0.09014617,-0.671807,-0.4012848,-0.07780384,-0.4470548,-1.921362
IMU,2494556837.0,2,-0.2909537,-0.6849608,-0.4016312,-0.06701543,-0.4598462,-2.125755
IMU,2494596445.0,2,-0.4361746,-0.7344443,-0.3862771,-0.1054636,-0.478617,-2.154552
IMU,2494639847.0,2,-0.5726464,-0.751774,-0.3747532,-0.5522435,-0.9216731,-3.033834
IMU,2494680823.0,2,-2.876402,0.07029836,-0.5635388,-2.778747,-6.08304,-8.672085
IMU,2494721138.0,2,-9.421197,5.365418,-1.542536,-2.704435,-4.49051,-22.63898
IMU,2494760371.0,2,7.651224,-6.248823,0.2074346,-4.971538,-12.33461,-64.6285
IMU,2494800259.0,2,2.262918,-1.040339,1.02,-3.352825,-5.698676,-4.224209
IMU,2494843105.0,2,1.794994,-0.9999954,0.5104583,-1.92097,-2.491575,0.8706988
IMU,2494883187.0,2,1.352391,-1.740838,0.4150415,-1.319169,-1.52759,1.458576
IMU,2494923445.0,2,0.4659503,-1.667467,0.3082237,-2.07381,-1.536654,-0.01943998
IMU,2494963504.0,2,-1.028695,-0.5433813,0.2222336,-3.032431,-2.171299,-2.254204
IMU,2495003814.0,2,-2.037455,0.685543,0.2968572,-3.065784,-1.561237,-2.583633
IMU,2495043860.0,2,-2.440369,1.818501,0.3968147,-3.582439,-1.174711,-4.21809
IMU,2495084040.0,2,-2.286393,3.008467,0.49479,-2.949425,0.08653908,-7.312238
IMU,2495124089.0,2,-0.1030789,2.855772,0.3713458,0.2726775,2.36379,-14.42924
IMU,2495163887.0,2,1.177978,0.7231572,0.1469563,4.402607,2.013458,-22.58429
IMU,2495204265.0,2,-0.1131997,-0.7750416,-0.1203705,2.413546,-1.014681,-14.56467
IMU,2495244731.0,2,-0.1975908,-0.7194888,-0.1674556,-0.6377487,-1.011709,-7.092571
IMU,2495284530.0,2,-0.07702013,-0.2022938,-0.05295108,-0.9296548,-0.31436,-6.405024
IMU,2495324656.0,2,0.04820474,0.3598136,0.05423802,-0.152994,-0.2805347,-9.113337
IMU,2495365071.0,2,0.04541646,0.1639139,0.01629733,0.4612296,-0.246698,-11.42604
IMU,2495404648.0,2,-0.008501633,-0.1209312,-0.0290827,0.1065568,-0.2811333,-9.723031
IMU,2495444654.0,2,-0.007305583,0.01890432,0.002287111,-0.1431013,-0.426993,-9.182165
IMU,2495484531.0,2,0.004864604,0.01191309,0.0005206214,0.1597216,-0.2302511,-10.14335
IMU,2495524623.0,2,0.004543876,-0.01044166,-0.004967716,0.01959673,-0.368742,-9.549383
IMU,2495564669.0,2,0.002688058,0.009864719,0.001000582,0.06352971,-0.2812043,-9.824613
IMU,2495605211.0,2,0.002132255,-0.004484946,-0.001528623,0.03012272,-0.3341824,-9.661623
IMU,2495644875.0,2,0.0004293545,0.003584813,-0.001558785,0.05532479,-0.3031338,-9.776888
IMU,2495684622.0,2,0.0005832977,-0.00147427,-0.002274282,0.05173799,-0.3622957,-9.730521
IMU,2495724695.0,2,0.001693928,0.001092405,-0.001706767,0.06193541,-0.3061229,-9.73103
IMU,2495764659.0,2,0.002527238,0.0008390832,-0.001583291,0.05419577,-0.3145674,-9.719966
IMU,2495805208.0,2,0.001081864,-0.0009639706,-0.002282155,0.04869519,-0.3003241,-9.727764
IMU,2495845196.0,2,0.0009837032,-0.0009797907,-0.001363807,0.05439879,-0.3275788,-9.715128
IMU,2495884932.0,2,0.002446706,-4.234333e-06,-0.002166864,0.04828383,-0.336897,-9.745113
IMU,2495925121.0,2,0.001737078,0.0004165897,-0.001334892,0.045123,-0.317697,-9.719273
IMU,2495964980.0,2,0.002488416,0.0003845013,-0.002080314,0.05237075,-0.3128763,-9.726589
IMU,2496005456.0,2,0.001550267,-0.0003528105,-0.0003628834,0.05923442,-0.3225136,-9.72815
IMU,2496045856.0,2,0.002541401,-0.0004035922,-0.001583913,0.05773262,-0.3195048,-9.734244
IMU,2496085846.0,2,0.001630557,0.001018155,-0.0006952024,0.06522454,-0.3068536,-9.730392
IMU,2496125840.0,2,0.001625759,0.0005858958,-0.001012727,0.0506726,-0.3232001,-9.731314
IMU,2496166244.0,2,0.003274738,0.00154288,-0.0006107796,0.04866918,-0.3168851,-9.760305
IMU,2496206458.0,2,0.002634115,-0.0001969343,-0.001736825,0.04347592,-0.3192176,-9.741696
IMU,2496246474.0,2,0.001821871,0.001020474,-0.00118287,0.04695735,-0.318213,-9.728772
IMU,2496286243.0,2,0.002103561,-0.0002034058,-0.001343151,0.06140873,-0.3071777,-9.708461
IMU,2496326498.0,2,0.001716939,-0.0001177298,-0.00078479,0.0611305,-0.3240124,-9.724048
IMU,2496367023.0,2,0.001522253,-0.001736577,-0.002413179,0.05781279,-0.3194624,-9.71764
IMU,2496406856.0,2,0.002388175,-0.0001939399,-0.00124503,0.05750417,-0.313145,-9.708577
IMU,2496446452.0,2,0.001899204,-0.00028295,-0.001359589,0.04729086,-0.3195408,-9.708216
IMU,2496487503.0,2,0.001288542,0.0005814643,-0.00206021,0.05523071,-0.3080688,-9.732413
IMU,2496527265.0,2,0.001892364,-0.0001271884,-0.001508722,0.05084798,-0.3062862,-9.747548
IMU,2496567878.0,2,0.0009572512,0.0001107948,-0.002127333,0.04593144,-0.3124137,-9.740048
IMU,2496608012.0,2,0.001627015,-0.0002835208,-0.001186528,0.05752154,-0.3173758,-9.716694
IMU,2496649028.0,2,0.001747369,0.0006765919,-0.0006691735,0.04928913,-0.3240333,-9.726852
IMU,2496688995.0,2,0.001071916,-0.000149641,-0.001315473,0.06495988,-0.3128056,-9.715602
IMU,2496730120.0,2,0.0007393794,0.0003202039,-0.0007330633,0.04052359,-0.3143543,-9.732977
IMU,2496769654.0,2,0.002874356,0.001484732,-0.001639114,0.06138847,-0.321546,-9.767831
IMU,2496809963.0,2,0.0007971944,0.001106119,-0.0008102504,0.06024513,-0.315038,-9.709787
