ARM,1937981460.0,0.0
AHR2,1937301968.0,-0.69,-3.72,87.88,469.08,43.2382593,-7.681946
AHR2,1937405790.0,-0.49,-3.54,88.06,469.04,43.2382588,-7.6819411
AHR2,1937512418.0,-0.52,-3.07,88.34,469.22,43.238258,-7.6819379
AHR2,1937617223.0,-0.75,-2.91,88.78,469.22,43.2382571,-7.6819314
AHR2,1937721002.0,-1.29,-2.45,89.18,469.13,43.2382565,-7.6819267
AHR2,1937826396.0,-1.51,-1.53,89.36,469.28,43.238256,-7.6819227
AHR2,1937930450.0,-1.63,-0.32,89.66,469.21,43.2382554,-7.6819182
AHR2,1938035760.0,-1.51,0.11,89.67,469.27,43.2382553,-7.6819129
AHR2,1938136505.0,0.26,3.03,89.37,469.19,43.2382549,-7.6819085
AHR2,1938237845.0,2.16,7.05,88.16,468.52,43.2382546,-7.6819046
AHR2,1938338058.0,4.13,10.85,86.91,468.53,43.2382542,-7.6819003
AHR2,1938439449.0,5.99,14.6,85.67,468.42,43.2382537,-7.6818971
AHR2,1938539514.0,7.67,18.06,84.41,468.07,43.2382532,-7.6818929
AHR2,1938641127.0,8.8,20.99,82.84,467.68,43.2382526,-7.681888
AHR2,1938741615.0,9.02,23.04,80.98,467.52,43.2382521,-7.6818839
AHR2,1938845136.0,8.32,23.89,78.61,466.55,43.2382513,-7.68188
AHR2,1938945628.0,7.05,23.04,75.94,466.24,43.2382507,-7.681876
AHR2,1939046855.0,5.5,17.79,72.73,465.75,43.2382507,-7.6818731
AHR2,1939146847.0,5.8,-2.81,68.35,464.47,43.2382503,-7.6818695
AHR2,1939248646.0,-0.07,1.46,67.67,460.92,43.2382498,-7.6818663
AHR2,1939348636.0,4.89,-3.22,69.14,462.07,43.2382495,-7.6818631
AHR2,1939450621.0,4.74,-5.99,69.47,462.44,43.2382468,-7.6818635
AHR2,1939550521.0,3.74,0.07,68.96,462.41,43.2382454,-7.6818612
AHR2,1939650894.0,4.05,-0.43,68.88,462.36,43.2382465,-7.6818624
AHR2,1939750860.0,4.06,-0.28,69.3,462.31,43.2382462,-7.6818617
AHR2,1939851216.0,4.02,-0.23,69.42,462.35,43.2382465,-7.681863
AHR2,1939951187.0,4.01,-0.16,69.56,462.47,43.2382465,-7.6818631
AHR2,1940051113.0,3.98,-0.07,69.73,462.44,43.2382464,-7.6818631
AHR2,1940151229.0,3.96,0.0,69.9,462.32,43.2382463,-7.6818631
AHR2,1940251452.0,3.94,0.07,70.06,462.47,43.2382465,-7.6818632
AHR2,1940351748.0,3.91,0.16,70.22,462.36,43.2382465,-7.6818632
AHR2,1940453025.0,3.89,0.24,70.39,462.54,43.2382467,-7.6818635
AHR2,1940553246.0,3.86,0.31,70.55,462.44,43.2382467,-7.6818635
AHR2,1940653210.0,3.84,0.39,70.71,462.4,43.2382468,-7.6818635
AHR2,1940753763.0,3.82,0.47,70.86,462.31,43.2382467,-7.6818635
AHR2,1940853874.0,3.79,0.54,71.02,462.47,43.2382472,-7.6818638
AHR2,1940953643.0,3.77,0.61,71.17,462.52,43.2382473,-7.6818637
AHR2,1941053742.0,3.75,0.68,71.33,462.57,43.2382472,-7.6818637
ATT,1937301169.0,-0.7955533,-0.8115602,-4.423018,-3.914649,98.7024,99.59022
ATT,1937405081.0,-0.7874916,-0.5609503,-4.119989,-3.693285,98.70007,99.45496
ATT,1937511697.0,-0.8606542,-0.6037517,-3.707138,-3.209207,98.69961,99.42049
ATT,1937616660.0,-1.189433,-0.8666018,-3.277005,-3.039416,98.70576,99.54702
ATT,1937720275.0,-1.525174,-1.422701,-2.643969,-2.5452,98.70696,99.59731
ATT,1937825722.0,-1.744499,-1.658177,-1.89391,-1.602422,98.70063,99.51499
ATT,1937929667.0,-1.918289,-1.749764,-1.184121,-0.4842468,98.69163,99.50335
ATT,1938035057.0,-1.466194,-1.598238,-0.6109828,-0.09015534,99.27831,99.25447
ATT,1938135923.0,-0.7467051,0.2114947,-0.311162,2.875479,98.75645,98.75957
ATT,1938237142.0,-0.3768094,2.128895,-0.1570214,7.016736,97.40144,97.4334
ATT,1938337504.0,-0.1919606,4.071549,-0.07999246,11.09424,96.01402,96.07579
ATT,1938438748.0,-0.09735329,5.888237,-0.04056834,15.15142,94.63387,94.72464
ATT,1938538876.0,-0.04950236,7.473456,-0.02062826,19.02116,93.20368,93.32117
ATT,1938640618.0,-0.02507339,8.511701,-0.01044839,22.35451,91.47595,91.61263
ATT,1938740893.0,-0.01274431,8.666441,-0.00531071,24.79339,89.44798,89.58973
ATT,1938844656.0,-0.006330314,7.865232,-0.002637919,26.05518,86.90313,87.03323
ATT,1938944897.0,-0.00323188,6.470709,-0.001346763,25.60832,84.05203,84.15876
ATT,1939046226.0,-0.001638107,4.74963,-0.0006826192,20.80601,80.6969,80.77254
ATT,1939146220.0,-0.0008336211,4.787836,-0.0003473799,0.7056041,76.31064,76.38194
ATT,1939248003.0,-0.0004202663,-1.392343,-0.00017513,5.727657,75.26482,75.24395
ATT,1939348035.0,-0.0003736245,3.206356,-0.0001556937,1.940211,76.74417,76.79197
ATT,1939449881.0,-0.0003451221,2.67276,-0.0001438164,-0.1404792,77.06129,77.10113
ATT,1939549851.0,-0.0003451222,1.769664,-0.0001438166,5.251589,76.16273,76.18921
ATT,1939650248.0,-0.0003382865,2.151556,-0.000140968,4.393175,75.94144,75.9736
ATT,1939750234.0,-0.0003382865,2.231552,-0.000140968,4.473805,76.12505,76.15841
ATT,1939850666.0,-0.0003319223,2.231768,-0.0001383159,4.438745,76.09416,76.12752
ATT,1939950642.0,-0.0003319223,2.244759,-0.0001383159,4.436219,76.06146,76.09501
ATT,1940050641.0,-0.0003319223,2.243751,-0.000138316,4.447555,76.05352,76.08706
ATT,1940150624.0,-0.0003319224,2.260979,-0.000138316,4.447064,76.04515,76.07895
ATT,1940250834.0,-0.0003319223,2.26544,-0.0001383159,4.456352,76.02151,76.05537
ATT,1940351176.0,-0.0003319223,2.269582,-0.0001383159,4.473581,76.00852,76.04244
ATT,1940452484.0,-0.0003187413,2.271455,-0.0001328232,4.482772,76.00169,76.03564
ATT,1940552697.0,-0.0003124175,2.26571,-0.000130188,4.500905,75.99746,76.03133
ATT,1940652684.0,-0.0003124175,2.271816,-0.000130188,4.530169,75.99207,76.02602
ATT,1940753052.0,-0.0003124175,2.267536,-0.000130188,4.558695,75.99,76.0239
ATT,1940853222.0,-0.0003060213,2.259265,-0.0001275227,4.5865,75.98592,76.0197
ATT,1940953003.0,-0.0003060214,2.248469,-0.0001275227,4.613337,75.99254,76.02615
ATT,1941053054.0,-0.0003060215,2.236816,-0.0001275228,4.640704,75.99942,76.03285
BARO,1937298657.0,0,4.366333,469.6063,96731.92
BARO,1937402815.0,0,4.326782,469.5668,96732.36
BARO,1937508714.0,0,4.504791,469.7448,96730.43
BARO,1937616461.0,0,4.414368,469.6544,96731.4
BARO,1937720095.0,0,4.569794,469.8098,96729.72
BARO,1937825476.0,0,4.490662,469.7307,96730.58
BARO,1937929466.0,0,4.555664,469.7957,96729.88
BARO,1938034859.0,0,4.470886,469.7109,96730.8
BARO,1938135746.0,0,3.801208,469.0412,96738.03
BARO,1938236943.0,0,3.8125,469.0525,96737.93
BARO,1938337201.0,0,3.705109,468.9451,96739.07
BARO,1938438633.0,0,3.357544,468.5975,96742.85
BARO,1938538688.0,0,2.967621,468.2076,96747.07
BARO,1938640443.0,0,2.803711,468.0437,96748.84
BARO,1938740684.0,0,2.393982,467.634,96753.27
BARO,1938842843.0,0,1.837311,467.0773,96759.31
BARO,1938942715.0,0,1.526489,466.7665,96762.69
BARO,1939043721.0,0,1.031982,466.272,96768.05
BARO,1939144220.0,0,-0.2480469,464.9919,96781.91
BARO,1939245728.0,0,-3.799988,461.44,96820.4
BARO,1939345480.0,0,-2.647095,462.5929,96807.91
BARO,1939447894.0,0,-2.274109,462.9659,96803.87
BARO,1939547669.0,0,-2.302368,462.9376,96804.19
BARO,1939648055.0,0,-2.356049,462.8839,96804.75
BARO,1939748084.0,0,-2.406921,462.8331,96805.31
BARO,1939848430.0,0,-2.361694,462.8783,96804.82
BARO,1939948489.0,0,-2.240204,462.9998,96803.48
BARO,1940047975.0,0,-2.271271,462.9687,96803.84
BARO,1940148094.0,0,-2.398438,462.8416,96805.22
BARO,1940248105.0,0,-2.240204,462.9998,96803.52
BARO,1940348180.0,0,-2.350403,462.8896,96804.7
BARO,1940450478.0,0,-2.17804,463.062,96802.84
BARO,1940550629.0,0,-2.274109,462.9659,96803.88
BARO,1940650523.0,0,-2.319305,462.9207,96804.38
BARO,1940750071.0,0,-2.404083,462.8359,96805.27
BARO,1940850694.0,0,-2.240204,462.9998,96803.5
BARO,1940950760.0,0,-2.192169,463.0478,96802.99
BARO,1941050769.0,0,-2.144104,463.0959,96802.47
BARO,1937298657.0,1,4.080933,469.3209,96715.17
BARO,1937402815.0,1,4.312653,469.5526,96712.69
BARO,1937508714.0,1,4.199615,469.4396,96713.89
BARO,1937616461.0,1,4.19397,469.434,96713.97
BARO,1937720095.0,1,4.436981,469.677,96711.32
BARO,1937825476.0,1,4.049866,469.2899,96715.52
BARO,1937929466.0,1,4.595215,469.8352,96709.62
BARO,1938034859.0,1,4.010284,469.2503,96715.94
BARO,1938135746.0,1,3.897278,469.1373,96717.19
BARO,1938236943.0,1,3.597748,468.8377,96720.41
BARO,1938337201.0,1,3.665558,468.9055,96719.67
BARO,1938438633.0,1,3.617523,468.8575,96720.19
BARO,1938538688.0,1,3.275604,468.5156,96723.9
BARO,1938640443.0,1,2.840454,468.0804,96728.61
BARO,1938740684.0,1,2.379852,467.6198,96733.62
BARO,1938842843.0,1,1.823181,467.0632,96739.65
BARO,1938942715.0,1,1.532135,466.7721,96742.79
BARO,1939043721.0,1,1.040466,466.2805,96748.13
BARO,1939144220.0,1,-0.7171326,464.5229,96767.17
BARO,1939245728.0,1,-5.585846,459.6541,96819.92
BARO,1939345480.0,1,-2.683838,462.5562,96788.46
BARO,1939447894.0,1,-2.339081,462.9009,96784.73
BARO,1939547669.0,1,-2.437988,462.802,96785.81
BARO,1939648055.0,1,-2.697968,462.542,96788.63
BARO,1939748084.0,1,-2.415375,462.8246,96785.56
BARO,1939848430.0,1,-2.565155,462.6748,96787.17
BARO,1939948489.0,1,-2.282593,462.9574,96784.11
BARO,1940047975.0,1,-2.308014,462.932,96784.41
BARO,1940148094.0,1,-2.350403,462.8896,96784.86
BARO,1940248105.0,1,-2.463409,462.7766,96786.09
BARO,1940348180.0,1,-2.551025,462.689,96787.02
BARO,1940450478.0,1,-2.370178,462.8698,96785.08
BARO,1940550629.0,1,-2.519928,462.7201,96786.7
BARO,1940650523.0,1,-2.418213,462.8218,96785.6
BARO,1940750071.0,1,-2.432343,462.8076,96785.73
BARO,1940850694.0,1,-2.437988,462.802,96785.81
BARO,1940950760.0,1,-2.44931,462.7907,96785.94
BARO,1941050769.0,1,-2.542542,462.6974,96786.95
GPS,1937433501.0,4,25,43.238259,-7.6819466,466.88,3.701,-0.083,0.0
GPS,1937603487.0,4,25,43.2382578,-7.6819374,466.88,3.771,-0.046,0.0
GPS,1937812135.0,4,25,43.2382567,-7.6819284,466.88,3.568,-0.053,0.0
GPS,1938001051.0,4,25,43.2382558,-7.6819195,466.86,3.594,0.038,0.0
GPS,1938204206.0,4,25,43.2382551,-7.6819108,466.74,3.407,0.9160001,0.0
GPS,1938425042.0,4,25,43.2382543,-7.6819025,466.35,3.425,3.038,0.0
GPS,1938606681.0,4,25,43.2382533,-7.6818941,465.57,3.357,4.739,0.0
GPS,1938809046.0,4,24,43.2382522,-7.681886,464.44,3.282,6.476,0.0
GPS,1939010225.0,4,24,43.2382512,-7.6818785,462.95,2.925,8.196,0.0
GPS,1939192480.0,4,25,43.2382503,-7.6818718,461.34,2.626,8.378,0.0
GPS,1939433763.0,4,25,43.2382486,-7.6818664,460.35,2.368,1.593,0.0
GPS,1939595209.0,4,25,43.238247,-7.6818635,460.09,0.647,1.038,0.0
GPS,1939796527.0,4,23,43.2382466,-7.681863,460.07,0.078,-0.587,0.0
GPS,1939996820.0,4,25,43.2382464,-7.6818631,460.17,0.053,-0.219,0.0
GPS,1940196744.0,4,25,43.2382465,-7.6818632,460.19,0.02,-0.131,0.0
GPS,1940437923.0,4,25,43.2382467,-7.6818635,460.22,0.028,-0.132,0.0
GPS,1940598688.0,4,25,43.2382468,-7.6818635,460.27,0.06,-0.025,0.0
GPS,1940798822.0,4,25,43.2382472,-7.6818638,460.26,0.062,-0.079,0.0
GPS,1940999126.0,4,25,43.2382473,-7.6818637,460.3,0.11,-0.028,0.0
IMU,1937250698.0,0,-0.0104633,-0.149387,-0.02293514,-0.2284644,0.283576,-10.14422
IMU,1937291008.0,0,-0.09982605,0.05193692,0.07146769,-0.1501296,0.7044634,-9.26616
IMU,1937331416.0,0,-0.08026968,0.1103496,0.01139764,-0.6652422,0.09562011,-9.400764
IMU,1937375091.0,0,0.03245218,0.02266092,0.06008668,-0.4938121,1.5524,-9.339788
IMU,1937415028.0,0,0.04394685,0.1355029,0.02787939,-0.5520654,-0.2060904,-9.231251
IMU,1937461119.0,0,0.06152305,0.04476026,0.02473705,0.01886465,-0.8186073,-9.903321
IMU,1937501421.0,0,-0.00121338,0.06055611,0.04750033,-0.1845041,0.6026139,-10.1625
IMU,1937542082.0,0,0.02303512,0.08397063,0.002345117,-1.225249,0.5559614,-9.370804
IMU,1937585007.0,0,-0.170181,-0.04312765,0.03327112,0.2803787,0.8071401,-9.267716
IMU,1937626736.0,0,-0.1502424,0.1454472,0.07564104,-0.4415991,-0.1094722,-9.689861
IMU,1937669921.0,0,-0.08318398,0.08547731,0.04400867,-0.9746566,1.213843,-9.702081
IMU,1937710490.0,0,-0.1581976,0.13393,0.06595273,-0.5628856,-0.4500414,-8.921258
IMU,1937751029.0,0,-0.08079208,0.09255581,-0.07991932,-0.5183246,0.3844071,-10.45204
IMU,1937794081.0,0,-0.03086012,0.1749886,0.008265237,-0.8033611,-0.0242309,-9.343239
IMU,1937835715.0,0,-0.009251061,0.1161062,-0.02194808,-1.214272,0.407705,-9.413264
IMU,1937879629.0,0,-0.1436952,0.171854,-0.01212095,-0.5204734,-0.636308,-9.79952
IMU,1937919720.0,0,-0.06979816,0.2359349,-0.02584486,-1.041237,-0.4092713,-9.166808
IMU,1937960251.0,0,0.1416413,0.1015987,-0.04999757,-1.301631,0.8394622,-10.13631
IMU,1938003485.0,0,-0.01753176,0.08968872,-0.007996009,-1.661493,0.08903641,-9.341247
IMU,1938045090.0,0,0.1671501,0.1310443,-0.06963119,-0.9836729,0.952091,-2.647347
IMU,1938085083.0,0,0.317618,0.5036928,-0.09911816,0.1279612,-0.2422327,-1.493815
IMU,1938125046.0,0,0.3429632,0.6416478,-0.1817179,-0.0556104,0.3852805,-0.2662456
IMU,1938166232.0,0,0.3236949,0.69003,-0.2215094,-0.3284344,-0.1058057,-0.5919713
IMU,1938208652.0,0,0.3567525,0.7107341,-0.2468806,-0.04990867,-0.08130545,-0.577186
IMU,1938249681.0,0,0.3697898,0.6901637,-0.2572279,-0.1138835,-0.01154567,-0.5772671
IMU,1938290057.0,0,0.3832793,0.6960519,-0.2678569,-0.1356864,-0.05060357,-0.647486
IMU,1938330090.0,0,0.3767335,0.6920359,-0.2777725,-0.1169164,-0.0494287,-0.6906551
IMU,1938370132.0,0,0.3777035,0.6768895,-0.2831256,-0.1004528,-0.05882934,-0.7556071
IMU,1938409686.0,0,0.3670049,0.6773073,-0.2852887,-0.08767021,-0.09562064,-0.8285443
IMU,1938451360.0,0,0.3600149,0.664061,-0.2925979,-0.07292801,-0.07660971,-0.9871525
IMU,1938491378.0,0,0.3521369,0.642987,-0.2984858,-0.04829076,-0.06458078,-1.110959
IMU,1938531645.0,0,0.3373235,0.6125788,-0.3173687,-0.01920847,-0.08642542,-1.223068
IMU,1938571458.0,0,0.3188863,0.5711904,-0.3382229,0.0001891272,-0.1128052,-1.32534
IMU,1938617244.0,0,0.2716884,0.5116572,-0.3548894,0.03320163,-0.1243334,-1.433529
IMU,1938658007.0,0,0.2228247,0.4432644,-0.3688051,0.04693382,-0.1516448,-1.533796
IMU,1938698369.0,0,0.1781821,0.3780888,-0.3774292,0.05610762,-0.1462098,-1.640583
IMU,1938738214.0,0,0.126109,0.306038,-0.3878869,0.0930283,-0.1698628,-1.75427
IMU,1938778344.0,0,0.08170927,0.2178856,-0.3971816,0.09361844,-0.115832,-1.900087
IMU,1938822539.0,0,0.03531672,0.1032896,-0.4087103,0.1092627,-0.166437,-1.993073
IMU,1938862283.0,0,0.0008168924,-0.007727027,-0.4218497,0.1241963,-0.1287912,-2.138535
IMU,1938902067.0,0,0.001516106,-0.1335639,-0.4284788,0.1531119,-0.1214513,-2.22547
IMU,1938942888.0,0,-0.06381329,-0.2232765,-0.4427266,0.1460625,-0.2380819,-2.322157
IMU,1938982742.0,0,-0.1412473,-0.428974,-0.4642912,1.274004,0.05371055,-4.538962
IMU,1939025796.0,0,-0.01681845,-1.202851,-0.4537089,0.4756069,0.7432709,-3.91535
IMU,1939066627.0,0,0.6272615,-1.296316,-0.3003753,2.320586,-0.4051554,-11.45303
IMU,1939106258.0,0,0.7177697,-3.747925,-0.643966,4.757109,-3.238339,-23.04935
IMU,1939148678.0,0,-1.408987,-4.823931,-0.01603895,-16.57979,-24.22252,-76.19041
IMU,1939188723.0,0,-1.919558,2.194556,0.3985614,-36.51077,-6.805154,-67.98175
IMU,1939230996.0,0,1.422281,-0.652627,-0.1516379,5.719438,4.232397,1.569951
IMU,1939270772.0,0,1.290748,-0.4339472,0.1475523,1.406419,0.4134468,-1.153005
IMU,1939310605.0,0,0.7819973,-0.6839589,0.3323946,1.300896,0.4790284,-2.273708
IMU,1939351473.0,0,0.3973033,-0.8117889,0.3256309,1.288005,0.150236,-2.438656
IMU,1939393608.0,0,0.01629813,-0.5711702,0.1626771,1.34038,0.1662277,-3.490383
IMU,1939433976.0,0,-0.2673815,-0.1397815,-0.04665572,1.016631,0.1053509,-6.144031
IMU,1939474974.0,0,-0.4267195,0.5462864,-0.1657257,0.9637211,0.0059809,-9.160199
IMU,1939515016.0,0,-0.3023639,1.251403,-0.1921906,0.9864715,0.4220629,-12.62957
IMU,1939555213.0,0,0.4804571,0.7904174,-0.1540636,1.142823,-0.01072554,-15.06126
IMU,1939595453.0,0,0.2694302,-0.1812397,-0.09299525,-0.3788172,-1.753536,-13.19461
IMU,1939635205.0,0,-0.2663986,-0.3774378,0.06499185,-0.09342888,-0.942811,-9.77607
IMU,1939675396.0,0,-0.1285792,-0.08705042,0.1396521,1.179091,-0.2352677,-8.699368
IMU,1939715371.0,0,0.07371226,0.08273809,0.03277539,1.64768,0.2590686,-8.962131
IMU,1939755236.0,0,0.06206199,0.01638472,-0.08171844,1.220863,-0.1759215,-10.02676
IMU,1939800495.0,0,-0.01278784,-0.01320906,0.001541027,0.4881754,-0.6998655,-10.13685
IMU,1939840646.0,0,-0.01790997,-0.004687914,0.02961606,0.9206437,-0.2596557,-9.821798
IMU,1939880646.0,0,0.0009818726,-0.005847754,-0.003886183,1.131941,-0.1905161,-9.600455
IMU,1939921396.0,0,0.001193479,-0.001127613,-0.005367189,0.8539225,-0.4241195,-9.957202
IMU,1939961212.0,0,-0.006327922,-0.004799148,0.005593267,0.8543962,-0.3003618,-9.908377
IMU,1940000779.0,0,-0.002590235,0.005819004,0.005408368,0.9364927,-0.29215,-9.775198
IMU,1940040669.0,0,-0.005037282,0.0005943376,-0.001736705,0.9711167,-0.3396225,-9.829639
IMU,1940081043.0,0,-0.0004313544,-0.007205287,0.005083042,0.9105394,-0.3449181,-9.861279
IMU,1940121004.0,0,-0.001077678,0.0002571166,0.002753317,0.917351,-0.2967804,-9.839705
IMU,1940160653.0,0,0.002042576,0.001711854,0.001314069,0.9331337,-0.3437364,-9.820291
IMU,1940200707.0,0,0.004137357,-0.001524537,0.0009194267,0.9189708,-0.3346778,-9.871983
IMU,1940241127.0,0,-0.003449068,-0.003717655,0.0009149751,0.9455591,-0.3267126,-9.85617
IMU,1940281382.0,0,-0.003460753,-0.001314441,0.001376029,0.9179537,-0.2814746,-9.818906
IMU,1940320662.0,0,0.000275945,0.001941864,0.002278363,0.9277045,-0.3633564,-9.836492
IMU,1940362124.0,0,-0.004624259,-0.005489689,0.004655354,0.9348865,-0.3243994,-9.86062
IMU,1940401895.0,0,-0.002170565,0.0007757472,0.00313392,0.9302864,-0.3066135,-9.838517
IMU,1940444466.0,0,0.0002564646,-0.003185824,0.0006339937,0.9435665,-0.3551246,-9.859527
IMU,1940485694.0,0,-0.002117834,-0.003724193,0.004679072,0.9211286,-0.3116048,-9.825174
IMU,1940525306.0,0,-0.002222728,-3.265983e-05,0.002190282,0.9305961,-0.326385,-9.835577
IMU,1940564841.0,0,-0.001664761,-0.003417768,0.003636615,0.9165543,-0.3175965,-9.813577
IMU,1940605015.0,0,0.001401095,0.001170444,0.002169362,0.9402664,-0.3110625,-9.84236
IMU,1940644747.0,0,-0.001070317,-0.002554579,0.002650687,0.937312,-0.3499337,-9.833089
IMU,1940685256.0,0,-0.002652715,-0.002118538,0.002791882,0.9119312,-0.3191843,-9.844296
IMU,1940724864.0,0,-0.003341196,-0.0008482194,0.002540326,0.9378232,-0.3188242,-9.827511
IMU,1940765697.0,0,-0.003538663,0.000195933,0.001417174,0.9139369,-0.3353092,-9.847517
IMU,1940805748.0,0,-0.003202708,-0.001598769,0.002586534,0.9455652,-0.3189085,-9.823533
IMU,1940846074.0,0,-0.002381297,-0.001668579,0.0006077369,0.9268168,-0.3236802,-9.836616
IMU,1940886219.0,0,-0.003145758,-0.002186083,0.002968109,0.9416848,-0.3185257,-9.835504
IMU,1940926111.0,0,-0.00262746,-0.001462492,0.001486544,0.9367444,-0.3139231,-9.802444
IMU,1940965723.0,0,-0.002484211,-0.001259349,0.002104789,0.9444764,-0.326462,-9.84469
IMU,1941005770.0,0,-0.002914303,-0.001872547,0.002114323,0.9227024,-0.3198455,-9.844873
IMU,1941046114.0,0,-0.001965775,-0.003408354,0.00220407,0.9341201,-0.334874,-9.833703
IMU,1941086372.0,0,-0.001933375,-0.00117466,0.002878108,0.9240263,-0.3280619,-9.838813
IMU,1941126051.0,0,-0.001173163,-0.001949371,0.0031866,0.9356541,-0.3205327,-9.828202
IMU,1941165536.0,0,-0.002819047,-0.001826972,0.002079155,0.9261602,-0.3208007,-9.853727
IMU,1937250698.0,1,-0.008993152,-0.08835912,0.03203391,0.003980354,0.6011252,-9.917665
IMU,1937291008.0,1,-0.1090515,0.03215999,-0.01976416,-0.4516932,0.7356129,-9.063203
IMU,1937331416.0,1,-0.08254176,0.09702798,-0.02902784,0.1199393,0.5614592,-10.72933
IMU,1937375091.0,1,0.01042097,0.02594878,0.02302107,-0.4174275,2.035233,-8.51629
IMU,1937415028.0,1,0.01842789,0.1145357,-0.007204747,-0.07600543,0.3502619,-9.208941
IMU,1937461119.0,1,0.04785334,0.04018237,0.03855022,0.2212381,-0.3208525,-10.84987
IMU,1937501421.0,1,-0.01234042,0.1009616,0.005198534,-0.1048542,1.449181,-10.11445
IMU,1937542082.0,1,-0.0658213,-0.007947012,-0.03793511,-1.421603,0.9877283,-8.612844
IMU,1937585007.0,1,-0.161436,0.009364494,0.01407068,0.4358742,1.055411,-8.525496
IMU,1937626736.0,1,-0.1787189,0.1777416,-0.01552463,0.7645165,-0.03467597,-10.31659
IMU,1937669921.0,1,-0.1109886,0.06828102,0.01350225,-0.6524264,1.005533,-8.765289
IMU,1937710490.0,1,-0.1331289,0.1242203,0.01926267,0.3313466,0.1881003,-9.968727
IMU,1937751029.0,1,-0.1710312,0.07537036,0.001065733,-0.5956323,0.4353534,-9.99267
IMU,1937794081.0,1,-0.04578544,0.1505664,-0.003974858,-1.101804,0.1485578,-8.695088
IMU,1937835715.0,1,0.004073406,0.06788892,-0.0504462,-1.422966,0.509374,-9.958252
IMU,1937879629.0,1,-0.1173965,0.1772445,-0.006539267,0.09252424,0.5232335,-9.958867
IMU,1937919720.0,1,-0.03653766,0.1828591,-0.02755298,-1.123694,-0.3639372,-9.409534
IMU,1937960251.0,1,0.05033696,0.07725979,-0.01936652,-1.000409,1.24495,-9.456498
IMU,1938003485.0,1,-0.04226471,0.04101971,-0.003269369,-2.25869,0.3589919,-8.433151
IMU,1938045090.0,1,0.1035899,0.1329282,-0.02597052,-1.291455,1.035068,-1.705019
IMU,1938085083.0,1,0.2702935,0.4777279,-0.08052865,0.2676121,-0.05212042,-1.6534
IMU,1938125046.0,1,0.294314,0.5868426,-0.1415606,0.03896634,0.7957163,-0.0917554
IMU,1938166232.0,1,0.296978,0.6428699,-0.1829444,-0.2596263,0.1787514,-0.4379684
IMU,1938208652.0,1,0.3207347,0.6663942,-0.2079579,0.01043712,0.2762101,-0.3727891
IMU,1938249681.0,1,0.3338709,0.6443419,-0.217989,-0.165157,0.3350922,-0.3193663
IMU,1938290057.0,1,0.348401,0.6430128,-0.226187,-0.1627867,0.3234342,-0.6048632
IMU,1938330090.0,1,0.3428599,0.6400289,-0.2345183,-0.04177996,0.3118457,-0.6273248
IMU,1938370132.0,1,0.3420712,0.6286972,-0.241999,-0.1450005,0.3585072,-0.7237588
IMU,1938409686.0,1,0.3290261,0.6202896,-0.242771,-0.05191819,0.4130891,-0.6707415
IMU,1938451360.0,1,0.3198523,0.6127654,-0.2514894,-0.09442649,0.3103362,-0.9236842
IMU,1938491378.0,1,0.3136325,0.5998796,-0.2582358,0.000411419,0.3662771,-0.9266546
IMU,1938531645.0,1,0.299166,0.5652875,-0.2720668,-0.008364357,0.214437,-1.252353
IMU,1938571458.0,1,0.2760656,0.5244137,-0.2970524,0.03983167,0.2001503,-1.215253
IMU,1938617244.0,1,0.2333696,0.4684255,-0.3107726,0.06636567,0.2983143,-1.368424
IMU,1938658007.0,1,0.1865596,0.397117,-0.3314461,0.1020995,0.2143069,-1.47999
IMU,1938698369.0,1,0.1371288,0.3365932,-0.3400354,0.1270655,0.2548062,-1.660277
IMU,1938738214.0,1,0.0851946,0.2707581,-0.3504501,0.127464,0.3944537,-1.593719
IMU,1938778344.0,1,0.04459948,0.1975096,-0.3648472,0.1299427,0.2659222,-1.825931
IMU,1938822539.0,1,0.01102088,0.1001855,-0.3755313,0.07095188,0.2092778,-1.979679
IMU,1938862283.0,1,-0.01377049,0.008737563,-0.3955891,0.08587155,0.2886151,-2.080873
IMU,1938902067.0,1,-0.0142101,-0.1201719,-0.3989501,0.1865835,0.2127896,-2.053011
IMU,1938942888.0,1,-0.07573383,-0.2100584,-0.4137236,0.1555321,0.1917253,-2.194192
IMU,1938982742.0,1,-0.175487,-0.4029833,-0.4391758,1.406057,0.2419056,-4.662339
IMU,1939025796.0,1,-0.1093364,-1.13489,-0.4097651,0.6982883,1.074617,-3.638519
IMU,1939066627.0,1,0.5593921,-1.265988,-0.2700431,2.538037,-0.06334955,-11.22774
IMU,1939106258.0,1,0.6065707,-3.549391,-0.5805135,4.798918,-3.173514,-23.69402
IMU,1939148678.0,1,-0.9130145,-5.040287,-0.08556592,-15.82885,-24.94675,-76.70651
IMU,1939188723.0,1,-3.614142,2.378227,0.1463555,-48.81289,-2.08365,-108.5142
IMU,1939230996.0,1,1.225319,-0.6399783,-0.02913457,5.516777,4.161503,2.46865
IMU,1939270772.0,1,1.238108,-0.4657396,0.1487925,1.278816,0.5279185,-1.086074
IMU,1939310605.0,1,0.7666145,-0.6589476,0.3039957,1.277131,0.8975162,-2.310342
IMU,1939351473.0,1,0.3779028,-0.7852396,0.2924836,1.298504,0.586376,-2.468816
IMU,1939393608.0,1,0.009513767,-0.5619632,0.1373605,1.506194,0.5483354,-3.34524
IMU,1939433976.0,1,-0.2613833,-0.1412207,-0.04502882,1.08043,0.4623228,-5.958576
IMU,1939474974.0,1,-0.4148918,0.459942,-0.1591695,1.140705,0.2827539,-9.005553
IMU,1939515016.0,1,-0.3201861,1.162691,-0.1760239,0.9552156,0.7080628,-12.36591
IMU,1939555213.0,1,0.4041384,0.7941236,-0.1169443,1.135747,0.1163453,-14.99264
IMU,1939595453.0,1,0.2620064,-0.155305,-0.07284432,-0.3466053,-1.534498,-13.25375
IMU,1939635205.0,1,-0.2567962,-0.3578883,0.04813807,-0.03106431,-0.6343881,-9.595408
IMU,1939675396.0,1,-0.1323874,-0.07631288,0.116006,1.244172,0.07577663,-8.507503
IMU,1939715371.0,1,0.04821352,0.08477631,0.04578841,1.80279,0.6998734,-8.82701
IMU,1939755236.0,1,0.03510174,0.02299863,-0.06480933,1.296637,0.1330361,-9.909475
IMU,1939800495.0,1,-0.009994285,-0.006745608,-0.004203703,0.4962414,-0.3453093,-10.063
IMU,1939840646.0,1,-0.01857666,0.001432263,0.03154053,0.9911187,0.05352751,-9.681671
IMU,1939880646.0,1,0.001619324,-0.0004914044,-0.003259153,1.198907,0.02932802,-9.538908
IMU,1939921396.0,1,0.001240501,0.003939032,-0.00637685,0.9304461,-0.1314108,-9.859046
IMU,1939961212.0,1,-0.004879663,-0.001337404,0.004765605,0.9560031,-0.01373373,-9.673497
IMU,1940000779.0,1,-0.0008324524,0.006976885,0.004664632,0.9442428,-0.1194191,-9.622717
IMU,1940040669.0,1,-0.003404814,0.004273443,-0.0008561853,0.9368588,-0.04258781,-9.752909
IMU,1940081043.0,1,0.001545178,-0.001808582,0.005412502,0.972937,-0.05764229,-9.770201
IMU,1940121004.0,1,1.711295e-05,0.003841895,0.00265462,0.9402865,-0.0410389,-9.557435
IMU,1940160653.0,1,-0.002570642,0.007456894,0.002506574,0.9145128,-0.06414071,-9.708991
IMU,1940200707.0,1,0.003100426,0.006127484,0.001799646,0.8944271,-0.06568237,-9.685048
IMU,1940241127.0,1,-0.003099692,0.0002671219,-0.001887326,1.045859,-0.1375236,-9.891741
IMU,1940281382.0,1,-0.0007731043,-0.003071788,0.0004531019,0.9319648,-0.02131702,-9.584343
IMU,1940320662.0,1,0.0009778596,0.008784574,0.0002459147,0.9070138,-0.01969702,-9.761039
IMU,1940362124.0,1,-0.0006225067,-0.002701439,0.004468505,0.8776134,-0.01296947,-9.716569
IMU,1940401895.0,1,-0.002050282,0.0006616319,0.002583086,0.9714932,0.03844799,-9.541572
IMU,1940444466.0,1,-0.0006021574,4.724957e-05,-0.0003815363,0.9640971,-0.03860105,-9.698747
IMU,1940485694.0,1,-0.006641477,-0.002395266,0.00503862,0.907083,-0.07294285,-9.526608
IMU,1940525306.0,1,0.000224393,0.0004977416,-0.001211519,0.947471,-0.07908615,-9.723801
IMU,1940564841.0,1,-0.00198376,0.006672638,0.002782823,0.9016708,-0.03292175,-9.737235
IMU,1940605015.0,1,0.001803502,0.006922438,0.001205319,1.037624,-0.07427421,-9.722477
IMU,1940644747.0,1,-0.001104146,0.001479394,0.0003490792,0.9756669,-0.0281968,-9.731227
IMU,1940685256.0,1,-0.003728412,0.00284141,0.004539589,1.005423,-0.03014607,-9.731683
IMU,1940724864.0,1,-0.00166177,0.0064844,0.003110475,1.043538,-0.02837889,-9.726355
IMU,1940765697.0,1,0.0008705074,0.007926785,-0.002046509,0.9827374,0.005740532,-9.716478
IMU,1940805748.0,1,-0.005830521,-0.001645607,0.003258754,0.9673569,-0.06047705,-9.787275
IMU,1940846074.0,1,-0.002997305,0.0006689146,0.0003311526,0.885147,-0.009669759,-9.63429
IMU,1940886219.0,1,-0.00167676,0.005909472,-0.001950625,1.007345,-0.09268539,-9.702509
IMU,1940926111.0,1,-0.002065525,0.003105917,0.003029172,1.013181,-0.08488826,-9.684044
IMU,1940965723.0,1,-0.00624838,-0.001837018,0.006146765,0.923772,-0.053254,-9.733561
IMU,1941005770.0,1,-0.001167417,0.0002086735,-8.887354e-05,0.9427332,0.002940726,-9.645926
IMU,1941046114.0,1,2.267398e-05,0.001195099,0.0005799111,0.9168168,-0.01332445,-9.73425
IMU,1941086372.0,1,-0.003927142,0.003508249,0.002235826,1.005631,0.0003242491,-9.78856
IMU,1941126051.0,1,-0.002795743,-0.003160518,0.003732583,0.9409698,-0.1249036,-9.787121
IMU,1941165536.0,1,-0.002501951,-0.002241771,0.001109882,0.922391,-0.04209613,-9.700097
IMU,1937250698.0,2,1.74032e-05,-0.05711994,0.003588575,-0.6905661,-0.07113075,-9.894796
IMU,1937291008.0,2,-0.04450695,-0.002225338,0.0172977,-0.9610686,0.6061376,-7.784093
IMU,1937331416.0,2,-0.01907566,0.03901377,-0.02360868,-0.009713259,0.4890074,-9.97331
IMU,1937375091.0,2,0.1290641,0.02774227,0.0004898618,-0.2182235,0.1467661,-8.411368
IMU,1937415028.0,2,0.03199219,0.06868376,-0.009949477,-0.3887231,0.6194649,-10.08775
IMU,1937461119.0,2,-0.03069406,0.01267727,-0.01270473,-0.6123644,0.06731039,-9.591151
IMU,1937501421.0,2,0.0148272,0.04077,0.002634426,-0.685042,0.203588,-9.248549
IMU,1937542082.0,2,0.04580058,0.07488248,0.01112591,-0.5650421,0.2277875,-9.682887
IMU,1937585007.0,2,-0.05539225,0.008722018,0.009998931,-0.67128,0.02462172,-9.129191
IMU,1937626736.0,2,-0.1413805,0.06291093,0.006071916,-0.541797,0.4016799,-9.01558
IMU,1937669921.0,2,0.01418952,0.04188865,0.01635845,-1.030489,-0.04422176,-8.166739
IMU,1937710490.0,2,-0.09228368,0.0688391,0.01898901,-0.5684953,0.7597693,-9.506355
IMU,1937751029.0,2,-0.1010188,0.1420006,-0.02279754,-0.780601,0.2470216,-8.799135
IMU,1937794081.0,2,0.0005793442,0.1343283,-0.01489515,0.1735619,0.3671882,-10.7487
IMU,1937835715.0,2,0.07437962,0.1460419,0.009488507,-0.01035691,-0.3031483,-9.904997
IMU,1937879629.0,2,-0.08421052,0.1350952,-0.01629538,-0.2163498,0.409659,-9.366756
IMU,1937919720.0,2,-0.01518376,0.2529664,0.003961121,-0.2275523,-0.03839583,-8.96241
IMU,1937960251.0,2,-0.001176515,0.1335323,-0.009956317,-0.6268577,-0.255121,-10.31659
IMU,1938003485.0,2,0.02379993,0.1473051,0.05188789,-0.6966849,0.9384273,-9.373511
IMU,1938045090.0,2,0.1933579,0.2025454,-0.05260912,-0.9557549,0.4948463,-2.445632
IMU,1938085083.0,2,0.3147644,0.4886969,-0.1076539,-0.1772388,-0.09444713,-1.163829
IMU,1938125046.0,2,0.3607391,0.6398476,-0.183794,-0.08638003,0.1209319,-0.2888564
IMU,1938166232.0,2,0.3476405,0.6894322,-0.2232106,-0.2802358,0.04656427,-0.476489
IMU,1938208652.0,2,0.3725366,0.7075639,-0.2498621,-0.09944265,-0.0009724033,-0.4488447
IMU,1938249681.0,2,0.3878591,0.6880552,-0.2602034,-0.1446143,0.01406762,-0.377796
IMU,1938290057.0,2,0.402854,0.6922169,-0.269753,-0.1582353,-0.009136287,-0.4821463
IMU,1938330090.0,2,0.3944003,0.6888632,-0.2776204,-0.1535139,-0.02329181,-0.5728009
IMU,1938370132.0,2,0.3938601,0.6742363,-0.2846949,-0.1270877,-0.007615231,-0.6292642
IMU,1938409686.0,2,0.3820968,0.6746308,-0.285229,-0.1199931,-0.03318892,-0.6816612
IMU,1938451360.0,2,0.3746034,0.6605656,-0.2913939,-0.104377,-0.03316453,-0.8593832
IMU,1938491378.0,2,0.3677174,0.6407692,-0.2980686,-0.0741722,-0.02599061,-0.9662536
IMU,1938531645.0,2,0.3531294,0.6065298,-0.3166068,-0.04295863,-0.06124349,-1.107425
IMU,1938571458.0,2,0.3315666,0.5661061,-0.3386775,-0.02851513,-0.07866009,-1.155566
IMU,1938617244.0,2,0.2849233,0.5068993,-0.3574193,-0.01056381,-0.0830005,-1.297393
IMU,1938658007.0,2,0.2356298,0.4401026,-0.3695886,-0.0003472473,-0.1024536,-1.394355
IMU,1938698369.0,2,0.1886382,0.3763092,-0.3785459,0.02672304,-0.1035389,-1.493052
IMU,1938738214.0,2,0.1379058,0.3052564,-0.3876523,0.03244318,-0.1065081,-1.626649
IMU,1938778344.0,2,0.08919019,0.2160278,-0.3981994,0.05574737,-0.1028425,-1.719312
IMU,1938822539.0,2,0.04218299,0.1044596,-0.4092582,0.06167047,-0.1153687,-1.81194
IMU,1938862283.0,2,0.005229797,-0.005773102,-0.4232107,0.08166704,-0.09983528,-1.930077
IMU,1938902067.0,2,0.002390028,-0.1347292,-0.4308605,0.08784073,-0.0918789,-2.028228
IMU,1938942888.0,2,-0.06130049,-0.2244399,-0.4438137,0.09770016,-0.2012614,-2.171534
IMU,1938982742.0,2,-0.1746675,-0.4429239,-0.4741142,0.7509049,-0.1686078,-4.08697
IMU,1939025796.0,2,-0.04901521,-1.191389,-0.4494311,0.2008746,0.1536072,-3.726662
IMU,1939066627.0,2,0.5932931,-1.333909,-0.3129402,2.442963,-1.194969,-10.71075
IMU,1939106258.0,2,0.5327106,-3.658314,-0.6287382,3.640383,-3.016608,-20.16915
IMU,1939148678.0,2,-2.104972,-4.650607,-0.1193425,-15.88125,-19.66027,-76.09935
IMU,1939188723.0,2,-2.310314,2.652015,0.2342507,-44.2364,-2.30779,-90.92986
IMU,1939230996.0,2,1.34827,-0.5636311,-0.07305745,6.49118,3.079015,1.925711
IMU,1939270772.0,2,1.269908,-0.4646209,0.1341806,1.737652,0.4148046,-1.483514
IMU,1939310605.0,2,0.7583763,-0.6966474,0.3235953,1.271978,0.5836582,-2.078094
IMU,1939351473.0,2,0.3691933,-0.8184388,0.314209,1.244945,0.2190383,-2.366535
IMU,1939393608.0,2,0.009844455,-0.570704,0.1564814,1.443762,0.1934038,-3.568129
IMU,1939433976.0,2,-0.2692784,-0.1304414,-0.04970694,1.167065,0.02359172,-6.188593
IMU,1939474974.0,2,-0.4130618,0.548777,-0.1625299,1.076077,-0.07436912,-9.246516
IMU,1939515016.0,2,-0.2863761,1.250165,-0.1858385,0.9876101,0.1708203,-12.43766
IMU,1939555213.0,2,0.4755871,0.8058305,-0.1522134,0.8518842,-0.3134551,-14.4858
IMU,1939595453.0,2,0.2812879,-0.1713809,-0.0967271,-0.63485,-1.682657,-13.12936
IMU,1939635205.0,2,-0.2632279,-0.3683871,0.062238,-0.2526806,-0.9569989,-9.707187
IMU,1939675396.0,2,-0.1241109,-0.08557735,0.1314924,1.211738,-0.3757033,-8.552587
IMU,1939715371.0,2,0.07968327,0.08241755,0.0284371,1.665419,0.1013706,-8.805996
IMU,1939755236.0,2,0.06274582,0.019393,-0.08298887,1.101625,-0.280033,-9.857876
IMU,1939800495.0,2,-0.007598647,-0.01020787,-0.003771006,0.3746289,-0.7704611,-10.01577
IMU,1939840646.0,2,-0.01196595,-0.002667986,0.02350535,0.8716261,-0.4058197,-9.673772
IMU,1939880646.0,2,0.003343078,-0.001685692,-0.006588679,1.066169,-0.2872384,-9.464813
IMU,1939921396.0,2,0.007009686,0.0001900173,-0.009380566,0.7644586,-0.5157462,-9.78387
IMU,1939961212.0,2,-0.002263634,-0.00423502,0.001172375,0.7840177,-0.3991834,-9.765962
IMU,1940000779.0,2,0.002540645,0.00736036,0.0008254793,0.8748538,-0.398268,-9.620049
IMU,1940040669.0,2,0.0006777236,0.003512288,-0.005001184,0.899829,-0.4176373,-9.68414
IMU,1940081043.0,2,0.004455047,-0.004740898,0.001164829,0.8340247,-0.4339679,-9.70071
IMU,1940121004.0,2,0.002455376,0.0005450986,-0.002422738,0.8493123,-0.3818921,-9.715354
IMU,1940160653.0,2,0.004584612,0.002521139,-0.004654235,0.8433892,-0.43384,-9.666472
IMU,1940200707.0,2,0.005771012,0.0003102717,-0.002806835,0.8349823,-0.4218088,-9.741279
IMU,1940241127.0,2,-0.000976693,-0.002526775,-0.002769078,0.8700923,-0.4114465,-9.693217
IMU,1940281382.0,2,0.001176409,0.001278457,-0.002598481,0.8386998,-0.3930468,-9.678032
IMU,1940320662.0,2,0.005779877,0.004413842,-0.00124533,0.8509606,-0.4631095,-9.714474
IMU,1940362124.0,2,0.00086649,-0.002561504,-0.0002214933,0.8526608,-0.4187696,-9.708405
IMU,1940401895.0,2,0.003158523,0.00268841,-0.001127707,0.8386681,-0.4030994,-9.658441
IMU,1940444466.0,2,0.003542006,-0.001652035,-0.003287744,0.8594767,-0.4495381,-9.689333
IMU,1940485694.0,2,0.001568182,-0.0008009066,8.815715e-05,0.8494272,-0.396302,-9.689276
IMU,1940525306.0,2,0.003022253,0.001370949,-0.001276633,0.8572621,-0.4265257,-9.678654
IMU,1940564841.0,2,0.002670967,-0.0006005075,-0.001206023,0.8555193,-0.4152215,-9.692442
IMU,1940605015.0,2,0.005797444,0.001956327,-0.002746459,0.8776167,-0.4091408,-9.694745
IMU,1940644747.0,2,0.001097558,-0.001317896,-0.003030532,0.8539014,-0.4315002,-9.669078
IMU,1940685256.0,2,0.001061685,-0.0003040643,-0.0001840663,0.8444297,-0.4073279,-9.704725
IMU,1940724864.0,2,0.002015185,0.001522389,-0.002003714,0.8616387,-0.4168145,-9.665339
IMU,1940765697.0,2,0.002608948,-1.456097e-05,-0.001235943,0.8354868,-0.4110717,-9.688604
IMU,1940805748.0,2,0.001517463,0.001084051,-0.001912672,0.8600294,-0.4133686,-9.682274
IMU,1940846074.0,2,0.001682454,-0.000265755,-0.0008851712,0.8602546,-0.4138486,-9.688777
IMU,1940886219.0,2,0.002128167,-8.680832e-05,-0.001449328,0.8463067,-0.428958,-9.700702
IMU,1940926111.0,2,0.00162562,0.001119612,-0.001005545,0.8477116,-0.4170424,-9.689272
IMU,1940965723.0,2,0.002542318,-0.0004522632,-0.00039172,0.8541211,-0.4231464,-9.677929
IMU,1941005770.0,2,0.002532989,-0.0005800669,-0.001676288,0.8614192,-0.4317333,-9.693185
IMU,1941046114.0,2,0.004187772,-0.0007625148,-0.0004074952,0.8487726,-0.4116101,-9.71118
IMU,1941086372.0,2,0.002092371,-0.0003321125,-6.056387e-05,0.8530182,-0.4203303,-9.707454
IMU,1941126051.0,2,0.001262634,-0.000794074,-0.001439991,0.8617668,-0.4208045,-9.674514
IMU,1941165536.0,2,0.003079549,0.0008370883,-0.001897717,0.8597223,-0.4246059,-9.682154
