ARM,2035552799.0,0.0
AHR2,2034938761.0,-0.98,-2.83,121.91,473.03,43.2382526,-7.6818091
AHR2,2035042579.0,-0.45,-2.22,121.2,473.6,43.2382513,-7.6818075
AHR2,2035147763.0,-1.13,-1.09,120.77,473.49,43.2382502,-7.6818061
AHR2,2035251625.0,-0.53,-0.19,121.01,473.72,43.238249,-7.6818044
AHR2,2035356877.0,-1.4,-0.21,121.31,474.01,43.2382479,-7.6818032
AHR2,2035460747.0,-0.73,0.7,121.94,473.86,43.2382467,-7.6818016
AHR2,2035565615.0,-1.36,0.79,122.66,473.44,43.2382459,-7.6818009
AHR2,2035665590.0,-1.1,0.52,123.17,473.29,43.2382448,-7.6817994
AHR2,2035767859.0,-0.82,0.0,122.69,473.55,43.2382434,-7.6817979
AHR2,2035868102.0,-0.61,-0.45,121.9,473.35,43.2382423,-7.6817965
AHR2,2035969660.0,-0.59,-1.17,121.07,473.38,43.2382412,-7.6817953
AHR2,2036070079.0,-0.51,-1.79,120.25,473.19,43.2382401,-7.681794
AHR2,2036173105.0,-0.46,-1.86,119.38,472.95,43.2382392,-7.681793
AHR2,2036275771.0,-0.43,-1.75,118.47,472.9,43.2382382,-7.6817917
AHR2,2036377566.0,-0.51,-1.28,117.51,472.22,43.2382371,-7.6817905
AHR2,2036477520.0,-0.89,-0.64,116.51,471.84,43.2382361,-7.6817892
AHR2,2036579653.0,-1.55,0.46,115.23,471.31,43.2382355,-7.6817881
AHR2,2036679575.0,-2.9,1.29,113.84,471.12,43.238234,-7.6817863
AHR2,2036780807.0,-6.7,-7.4,112.89,468.93,43.2382329,-7.681785
AHR2,2036880832.0,-4.82,7.03,110.92,465.71,43.2382316,-7.6817845
AHR2,2036981810.0,-6.07,12.55,109.85,467.72,43.2382304,-7.6817832
AHR2,2037081779.0,-3.72,-7.65,111.23,467.92,43.2382336,-7.6817873
AHR2,2037181856.0,0.35,-9.38,111.31,467.58,43.2382344,-7.6817886
AHR2,2037281775.0,0.65,-6.47,111.01,467.77,43.2382335,-7.681787
AHR2,2037381738.0,0.75,-6.45,110.37,467.75,43.2382335,-7.6817871
AHR2,2037481780.0,0.81,-6.53,110.35,467.8,43.2382335,-7.6817872
AHR2,2037581655.0,0.84,-6.58,110.43,467.81,43.2382338,-7.681786
AHR2,2037681852.0,0.85,-6.61,110.5,467.73,43.2382342,-7.6817856
AHR2,2037781768.0,0.85,-6.62,110.58,467.84,43.2382342,-7.6817856
AHR2,2037881804.0,0.85,-6.63,110.66,467.87,43.2382349,-7.6817845
AHR2,2037982584.0,0.85,-6.64,110.74,467.57,43.2382349,-7.6817845
AHR2,2038082760.0,0.84,-6.65,110.82,467.71,43.2382353,-7.6817842
AHR2,2038183499.0,0.84,-6.65,110.89,467.73,43.2382352,-7.6817843
AHR2,2038283508.0,0.84,-6.65,110.96,467.71,43.2382352,-7.6817846
AHR2,2038384442.0,0.85,-6.66,111.03,467.72,43.2382352,-7.6817846
AHR2,2038484281.0,0.85,-6.67,111.1,467.92,43.2382352,-7.6817846
AHR2,2038585817.0,0.85,-6.68,111.18,467.61,43.2382352,-7.6817845
AHR2,2038691754.0,0.85,-6.68,111.25,467.68,43.2382354,-7.6817839
ATT,2034938142.0,-0.83064,-0.5462143,-3.732726,-3.90442,134.6661,131.589
ATT,2035041879.0,-1.0022,-0.03003648,-3.496518,-3.284567,133.8194,130.6113
ATT,2035147139.0,-1.166493,-0.7157186,-3.055607,-2.148263,133.3902,130.0082
ATT,2035250816.0,-1.335634,-0.137691,-2.852376,-1.25867,133.1828,130.0387
ATT,2035356160.0,-1.585569,-1.045558,-2.417902,-1.31591,133.0773,130.0416
ATT,2035460072.0,-1.773892,-0.4557682,-2.03353,-0.4334111,133.0242,130.3974
ATT,2035565043.0,-1.863805,-1.139882,-1.304572,-0.3746215,130.8486,130.8316
ATT,2035664865.0,-0.9519724,-0.9190895,-0.6660368,-0.61978,131.6552,131.6414
ATT,2035767142.0,-0.4789984,-0.5918125,-0.3351258,-1.01706,131.5032,131.4944
ATT,2035867498.0,-0.2445433,-0.2946856,-0.1710917,-1.309401,130.5139,130.5095
ATT,2035969085.0,-0.1232398,-0.1882273,-0.08622333,-1.630448,129.3282,129.3254
ATT,2036069289.0,-0.06291889,-0.02111738,-0.04402047,-1.77946,128.1764,128.176
ATT,2036172339.0,-0.03154425,0.08000459,-0.02206958,-1.491194,127.0746,127.0758
ATT,2036275147.0,-0.01575871,0.1376767,-0.0110254,-1.043296,125.9799,125.982
ATT,2036376877.0,-0.007947911,0.0347661,-0.005560669,-0.4010785,124.799,124.7996
ATT,2036476871.0,-0.004057723,-0.3850693,-0.00283894,0.3647428,123.5745,123.5688
ATT,2036579037.0,-0.002046228,-1.104383,-0.001431621,1.551978,122.1108,122.0943
ATT,2036678811.0,-0.001041248,-2.513328,-0.0007284975,2.434693,120.561,120.5236
ATT,2036780245.0,-0.0005272722,-6.341169,-0.0003689002,-6.24563,119.3645,119.2696
ATT,2036880187.0,-0.0003349289,-4.56526,-0.0002343291,8.219467,117.1976,117.1289
ATT,2036981225.0,-0.0003164514,-5.843502,-0.0002214015,13.31929,116.1113,116.022
ATT,2037081100.0,-0.0003164516,-3.482831,-0.0002214014,-7.309675,117.5597,117.5074
ATT,2037181272.0,-0.0003164516,1.404035,-0.0002214012,-12.99424,117.3346,117.356
ATT,2037281103.0,-0.0003164516,2.624281,-0.0002214013,-14.00695,116.8039,116.8442
ATT,2037381137.0,-0.0003164515,2.820813,-0.0002214012,-13.85177,116.3134,116.3567
ATT,2037481216.0,-0.0003164515,2.881074,-0.0002214011,-13.82817,116.469,116.5132
ATT,2037581079.0,-0.0003164515,2.872066,-0.0002214011,-13.78369,116.7179,116.762
ATT,2037681285.0,-0.0003164514,2.848553,-0.0002214011,-13.71939,116.9398,116.9835
ATT,2037781117.0,-0.0003107363,2.810242,-0.0002174026,-13.60434,117.0906,117.1337
ATT,2037881246.0,-0.0003107363,2.786916,-0.0002174027,-13.53182,117.2601,117.3028
ATT,2037982020.0,-0.0002987987,2.738019,-0.0002090507,-13.34566,117.3051,117.347
ATT,2038082065.0,-0.0002987987,2.697732,-0.0002090508,-13.21731,117.3966,117.4379
ATT,2038182813.0,-0.0002928207,2.635743,-0.0002048684,-12.97379,117.3963,117.4366
ATT,2038282776.0,-0.0002928209,2.591594,-0.0002048684,-12.81104,117.4598,117.4994
ATT,2038383800.0,-0.0002869488,2.524556,-0.0002007601,-12.53914,117.4593,117.4979
ATT,2038483737.0,-0.0002869487,2.480977,-0.0002007601,-12.36665,117.5168,117.5546
ATT,2038585277.0,-0.0002752236,2.440732,-0.0001925568,-12.20713,117.58,117.6172
ATT,2038691154.0,-0.000269389,2.388094,-0.0001884746,-11.99172,117.6106,117.647
BARO,2034925820.0,0,3.619904,472.4999,96522.31
BARO,2035029636.0,0,4.18222,473.0622,96516.24
BARO,2035134525.0,0,4.077667,472.9576,96517.34
BARO,2035238497.0,0,4.303711,473.1837,96514.92
BARO,2035343851.0,0,4.597595,473.4776,96511.73
BARO,2035447286.0,0,4.445007,473.325,96513.39
BARO,2035553091.0,0,4.021149,472.9011,96517.96
BARO,2035652790.0,0,3.871368,472.7513,96519.59
BARO,2035754768.0,0,4.136993,473.017,96516.71
BARO,2035855057.0,0,3.936371,472.8163,96518.89
BARO,2035957088.0,0,3.96463,472.8446,96518.58
BARO,2036056775.0,0,3.775299,472.6553,96520.63
BARO,2036159734.0,0,3.537933,472.4179,96523.18
BARO,2036260468.0,0,3.481445,472.3614,96523.8
BARO,2036362249.0,0,2.803253,471.6832,96531.15
BARO,2036462139.0,0,2.427429,471.3074,96535.21
BARO,2036562821.0,0,1.89621,470.7762,96540.95
BARO,2036664540.0,0,1.706879,470.5869,96542.99
BARO,2036765277.0,0,-0.4887085,468.3913,96566.72
BARO,2036865553.0,0,-3.704376,465.1756,96601.5
BARO,2036966131.0,0,-1.695282,467.1847,96579.78
BARO,2037066469.0,0,-1.497498,467.3825,96577.63
BARO,2037166261.0,0,-1.830933,467.049,96581.25
BARO,2037266310.0,0,-1.647247,467.2327,96579.24
BARO,2037366768.0,0,-1.664215,467.2158,96579.43
BARO,2037466104.0,0,-1.610504,467.2695,96578.86
BARO,2037566523.0,0,-1.602051,467.2779,96578.75
BARO,2037666299.0,0,-1.686798,467.1932,96579.66
BARO,2037766223.0,0,-1.570953,467.309,96578.42
BARO,2037866517.0,0,-1.545532,467.3344,96578.16
BARO,2037967076.0,0,-1.842224,467.0378,96581.36
BARO,2038067208.0,0,-1.709412,467.1706,96579.91
BARO,2038168033.0,0,-1.681152,467.1988,96579.62
BARO,2038268018.0,0,-1.703766,467.1762,96579.87
BARO,2038368304.0,0,-1.69812,467.1819,96579.8
BARO,2038468572.0,0,-1.491821,467.3882,96577.57
BARO,2038569338.0,0,-1.802673,467.0773,96580.95
BARO,2038670282.0,0,-1.737671,467.1423,96580.23
BARO,2034925820.0,1,3.676392,472.5564,96508.9
BARO,2035029636.0,1,3.73291,472.6129,96508.27
BARO,2035134525.0,1,4.26416,473.1441,96502.54
BARO,2035238497.0,1,4.922546,473.8025,96495.41
BARO,2035343851.0,1,3.96463,472.8446,96505.78
BARO,2035447286.0,1,4.41391,473.2939,96500.92
BARO,2035553091.0,1,3.888336,472.7683,96506.6
BARO,2035652790.0,1,4.221771,473.1017,96503.01
BARO,2035754768.0,1,4.41391,473.2939,96500.94
BARO,2035855057.0,1,4.165253,473.0452,96503.6
BARO,2035957088.0,1,4.080475,472.9604,96504.53
BARO,2036056775.0,1,4.040924,472.9209,96504.96
BARO,2036159734.0,1,3.710327,472.5903,96508.53
BARO,2036260468.0,1,3.501221,472.3812,96510.8
BARO,2036362249.0,1,3.06604,471.946,96515.48
BARO,2036462139.0,1,2.503723,471.3837,96521.59
BARO,2036562821.0,1,2.029022,470.909,96526.71
BARO,2036664540.0,1,1.66449,470.5445,96530.66
BARO,2036765277.0,1,-3.144867,465.7351,96582.65
BARO,2036865553.0,1,-3.252258,465.6277,96583.8
BARO,2036966131.0,1,-1.409882,467.4701,96563.88
BARO,2037066469.0,1,-1.599213,467.2808,96565.94
BARO,2037166261.0,1,-1.562469,467.3175,96565.53
BARO,2037266310.0,1,-1.715057,467.1649,96567.17
BARO,2037366768.0,1,-1.689636,467.1903,96566.91
BARO,2037466104.0,1,-1.531403,467.3486,96565.19
BARO,2037566523.0,1,-1.582245,467.2977,96565.74
BARO,2037666299.0,1,-1.415527,467.4644,96563.94
BARO,2037766223.0,1,-1.381622,467.4984,96563.57
BARO,2037866517.0,1,-1.618988,467.261,96566.13
BARO,2037967076.0,1,-1.469238,467.4107,96564.51
BARO,2038067208.0,1,-1.635956,467.244,96566.31
BARO,2038168033.0,1,-1.452271,467.4277,96564.34
BARO,2038268018.0,1,-1.514435,467.3655,96565.02
BARO,2038368304.0,1,-1.48053,467.3994,96564.63
BARO,2038468572.0,1,-1.726379,467.1536,96567.31
BARO,2038569338.0,1,-1.647247,467.2327,96566.43
BARO,2038670282.0,1,-1.438141,467.4418,96564.19
GPS,2034888065.0,4,21,43.2382545,-7.6818117,467.11,1.823,-0.8340001,0.0
GPS,2035083763.0,4,21,43.2382522,-7.6818089,467.22,1.809,-0.848,0.0
GPS,2035292837.0,4,21,43.2382499,-7.681806,467.33,1.799,-0.697,0.0
GPS,2035523738.0,4,21,43.2382477,-7.6818031,467.42,1.722,-0.58,0.0
GPS,2035685422.0,4,21,43.2382455,-7.6818006,467.51,1.644,-0.546,0.0
GPS,2035888155.0,4,21,43.2382433,-7.681798,467.36,1.639,1.769,0.0
GPS,2036089731.0,4,21,43.2382412,-7.6817955,466.78,1.522,3.734,0.0
GPS,2036292653.0,4,21,43.2382392,-7.681793,465.81,1.554,5.587,0.0
GPS,2036515293.0,4,21,43.2382373,-7.6817905,464.49,1.586,7.338,0.0
GPS,2036677312.0,4,21,43.2382353,-7.6817879,462.87,1.65,8.781,0.0
GPS,2036878039.0,4,21,43.238233,-7.681786,461.17,1.681,9.433001,0.0
GPS,2037078815.0,4,21,43.2382327,-7.6817859,460.28,1.326,-0.688,0.0
GPS,2037279063.0,4,21,43.2382335,-7.6817869,460.41,0.083,-0.446,0.0
GPS,2037518550.0,4,21,43.2382337,-7.6817863,460.55,0.16,-0.669,0.0
GPS,2037679313.0,4,21,43.2382342,-7.6817856,460.7,0.046,-0.469,0.0
GPS,2037878780.0,4,21,43.2382349,-7.6817845,460.78,0.056,-0.384,0.0
GPS,2038079655.0,4,21,43.2382353,-7.6817842,460.85,0.072,-0.138,0.0
GPS,2038280620.0,4,21,43.2382352,-7.6817846,460.92,0.036,-0.061,0.0
GPS,2038521636.0,4,20,43.2382352,-7.6817845,461.02,0.051,-0.038,0.0
IMU,2034900596.0,0,-0.08093618,-0.02945616,-0.2971143,-0.9722511,-0.3271853,-9.736479
IMU,2034940849.0,0,-0.09068381,0.2802162,-0.2656517,-1.534497,0.33769,-8.94476
IMU,2034984263.0,0,-0.03549763,0.04714009,-0.1695335,-0.6967294,0.6372775,-8.980236
IMU,2035024259.0,0,0.03848357,0.005990788,-0.1263482,-1.406782,1.241812,-9.584636
IMU,2035064119.0,0,-0.1335787,0.06768119,-0.07994166,-0.768738,0.1672654,-8.782267
IMU,2035110127.0,0,-0.0119811,0.1417401,-0.1266107,0.2752673,0.2844294,-9.885033
IMU,2035149617.0,0,-0.1367188,0.07186809,-0.08836947,-0.519751,-0.5537101,-8.993959
IMU,2035193609.0,0,-0.08050896,0.1676771,0.06764624,0.005498092,-0.5809423,-9.183498
IMU,2035233340.0,0,0.1661089,0.295682,0.06701172,0.6216408,-0.9284199,-10.25168
IMU,2035274155.0,0,0.06412606,0.2295495,0.002274725,0.1947412,-0.6696302,-9.083067
IMU,2035318837.0,0,-0.171388,-0.0430871,0.00992192,-0.5785494,0.2022622,-9.165873
IMU,2035359136.0,0,-0.2813246,0.00504283,0.1181421,0.04024651,-0.1774276,-9.042816
IMU,2035402240.0,0,0.1563056,0.07625524,0.1941755,0.2602072,-0.3421016,-9.449803
IMU,2035442154.0,0,0.02521441,0.1263348,0.098419,0.6864151,-0.5357964,-9.131368
IMU,2035483004.0,0,-0.0193236,0.1155495,-0.01565271,0.1289201,-0.5121446,-9.61062
IMU,2035529252.0,0,-0.01420875,0.1488103,0.1240182,0.1104308,-0.1170803,-9.409784
IMU,2035570515.0,0,-0.0232819,0.1245245,0.1219782,0.4555096,0.2406887,-9.625037
IMU,2035610489.0,0,0.2386557,0.09142029,0.08656964,1.108706,-0.8636867,0.3494
IMU,2035650535.0,0,0.09218411,-0.1549634,0.04122175,-0.09805953,0.1068992,-0.5964471
IMU,2035690754.0,0,0.07358126,-0.09450886,-0.02540641,-0.06562686,0.1291794,-0.09443518
IMU,2035732285.0,0,0.08825893,-0.05905717,-0.1066115,-0.06117608,0.05659796,-0.2837685
IMU,2035772312.0,0,0.0569099,-0.07266975,-0.1249739,-0.08958464,0.05214736,-0.138232
IMU,2035812765.0,0,0.06415705,-0.04363334,-0.1452297,-0.0333626,-0.02240539,-0.06383338
IMU,2035852120.0,0,0.06005974,-0.05647324,-0.1521081,-0.08513147,0.02489865,-0.1948137
IMU,2035895501.0,0,0.02636289,-0.06651236,-0.1562783,-0.08846699,-0.03295131,-0.2146669
IMU,2035936752.0,0,0.02247343,-0.05628547,-0.1521747,-0.09187737,-0.0101166,-0.2195576
IMU,2035977095.0,0,0.0286942,-0.05249918,-0.151757,-0.1086089,0.02340427,-0.3313948
IMU,2036017043.0,0,0.03168445,-0.04552505,-0.154153,-0.1117475,0.004520937,-0.3629341
IMU,2036057012.0,0,0.04108638,-0.01038236,-0.1588453,-0.1336994,-0.01787172,-0.4648647
IMU,2036104163.0,0,0.02523781,0.03375472,-0.1583701,-0.1245259,-0.01044693,-0.6104328
IMU,2036144197.0,0,0.02586504,0.04860113,-0.1596276,-0.09907342,0.0004861316,-0.7181649
IMU,2036185356.0,0,0.02123854,0.0566925,-0.1614289,-0.1033617,-0.01583242,-0.8066567
IMU,2036225514.0,0,0.01913817,0.06552444,-0.1634763,-0.10983,-0.03760842,-0.9156058
IMU,2036265038.0,0,0.01912376,0.07771589,-0.1692427,-0.1204752,-0.04665757,-1.037384
IMU,2036306813.0,0,0.01110489,0.09873208,-0.174543,-0.09935048,-0.04463477,-1.236347
IMU,2036347172.0,0,-0.01146993,0.1069551,-0.1785809,-0.08613914,-0.04039026,-1.353295
IMU,2036387158.0,0,-0.03907152,0.1134017,-0.1762254,-0.1033342,-0.04853518,-1.44951
IMU,2036426826.0,0,-0.05852522,0.1244973,-0.1813576,-0.07579014,-0.03478969,-1.583793
IMU,2036467021.0,0,-0.07338441,0.1397224,-0.1962882,-0.06568775,-0.01379154,-1.749237
IMU,2036506784.0,0,-0.07173419,0.1742125,-0.2201286,-0.04510274,-0.02769783,-1.866718
IMU,2036547826.0,0,-0.1057278,0.2149166,-0.2386082,-0.04531418,-0.04175713,-2.071877
IMU,2036589293.0,0,-0.1856224,0.2403306,-0.2406536,0.03213114,-0.09545888,-2.467694
IMU,2036629257.0,0,-0.206886,0.1764246,-0.2472737,0.08358961,0.009735866,-2.776732
IMU,2036669242.0,0,-0.2389326,0.1074818,-0.2601128,0.04521834,-0.04612799,-2.86182
IMU,2036710242.0,0,-0.3306876,0.0213379,-0.2693433,0.1517591,-0.1887971,-3.066179
IMU,2036750622.0,0,-0.7841162,-6.498447,-0.2320093,6.817166,-0.2829846,-59.36361
IMU,2036790245.0,0,0.5861417,4.26178,-0.1128282,9.653243,11.87237,-31.34415
IMU,2036830261.0,0,-0.2149878,1.855853,-0.1230924,2.06102,-0.7023723,-3.361844
IMU,2036870289.0,0,0.4709353,2.860721,-0.1222561,3.193492,-1.331919,0.9539737
IMU,2036913728.0,0,0.1041137,2.238113,-0.1250581,2.918985,-0.5422151,-2.434508
IMU,2036953610.0,0,-0.399685,0.4760828,-0.1225647,4.621193,-0.03023452,-2.871884
IMU,2036993741.0,0,-0.49424,-1.560465,-0.1218478,5.293434,0.6747643,-3.598966
IMU,2037034042.0,0,0.1866751,-3.412251,-0.1228884,4.87298,1.848993,-4.730237
IMU,2037073789.0,0,1.064288,-4.744032,-0.1222034,3.307266,2.815543,-6.007066
IMU,2037114017.0,0,3.036723,-3.813463,-0.1215936,-4.957111,4.874524,-14.72838
IMU,2037154081.0,0,-1.056018,1.35415,-0.1206864,-9.298674,-7.450594,-19.47953
IMU,2037193793.0,0,-0.2336601,0.4123743,-0.1206745,-2.443419,-1.67927,-6.85331
IMU,2037234226.0,0,0.2573771,-0.3038244,-0.1195351,0.676697,1.181983,-8.169044
IMU,2037274231.0,0,0.2203699,-0.3143529,-0.1194162,0.2819321,0.1832274,-10.9275
IMU,2037313781.0,0,0.04732191,-0.006386487,-0.1156043,-2.394688,-1.487668,-10.11029
IMU,2037354034.0,0,-0.03194355,0.0556024,-0.1200371,-0.8034836,0.1070516,-9.437922
IMU,2037393751.0,0,0.02860548,-0.03230111,-0.1426043,-0.5314929,-0.3176261,-9.769999
IMU,2037433906.0,0,0.01178516,-0.006512453,0.009231993,-1.439373,-0.3908026,-9.833549
IMU,2037474058.0,0,0.004352042,0.01106919,-0.002548635,-0.7138237,-0.2750137,-9.6814
IMU,2037514274.0,0,0.01583496,-0.01618751,0.001497594,-1.119585,-0.322387,-9.791816
IMU,2037553755.0,0,0.004710797,0.006763801,0.002140201,-0.9656095,-0.3462651,-9.739277
IMU,2037593831.0,0,0.01252756,-0.00850661,0.000464798,-0.9900516,-0.3130853,-9.74487
IMU,2037633791.0,0,0.007642465,0.001965912,0.000400239,-1.028874,-0.3232727,-9.751837
IMU,2037674064.0,0,0.009813885,-0.004213663,-0.000842192,-0.9428262,-0.3127889,-9.70819
IMU,2037713621.0,0,0.01019729,-0.001565184,0.001857569,-1.028208,-0.3324786,-9.747318
IMU,2037753780.0,0,0.01012482,-0.001299077,0.0001664155,-0.9842878,-0.3237444,-9.740435
IMU,2037793754.0,0,0.009497401,-0.001828496,-0.0002747168,-1.028967,-0.3213451,-9.764146
IMU,2037834061.0,0,0.01083198,-0.001829595,0.0009251257,-0.9964532,-0.313148,-9.733386
IMU,2037873789.0,0,0.009660292,-0.002580522,-0.0002426072,-0.9980281,-0.3315996,-9.74262
IMU,2037914310.0,0,0.01002591,-0.002142708,0.00103515,-0.9953345,-0.334443,-9.744557
IMU,2037954329.0,0,0.01043528,-0.0001665765,-0.00116319,-0.9921837,-0.314297,-9.765537
IMU,2037994607.0,0,0.01088034,-0.002921793,0.001268257,-0.9944409,-0.3114788,-9.754836
IMU,2038034778.0,0,0.009294619,-0.00255023,0.001466606,-0.9908597,-0.325572,-9.741924
IMU,2038074792.0,0,0.009006868,-0.002255463,-0.0006877884,-1.013821,-0.3177599,-9.728188
IMU,2038115612.0,0,0.01123299,-0.002396554,0.000447504,-0.9915528,-0.3163328,-9.775017
IMU,2038155294.0,0,0.009779621,-0.001888498,0.0007584098,-0.9901406,-0.3284532,-9.73904
IMU,2038195546.0,0,0.009775463,-0.00196873,0.001049351,-0.9977915,-0.3196963,-9.759815
IMU,2038235649.0,0,0.009511514,-0.001711451,0.001019956,-0.9978276,-0.3277871,-9.738099
IMU,2038275748.0,0,0.009897369,-0.00135247,2.986161e-05,-0.9982142,-0.3185941,-9.726315
IMU,2038315734.0,0,0.009792926,-0.002142026,2.628534e-05,-0.9973294,-0.330422,-9.737084
IMU,2038355822.0,0,0.009550015,-0.002243744,0.001185924,-0.9991894,-0.3329937,-9.726243
IMU,2038396238.0,0,0.01080903,-0.0009120038,0.000177137,-1.002855,-0.318707,-9.741577
IMU,2038436531.0,0,0.00974238,-0.002470677,0.0009669868,-1.014402,-0.3186118,-9.733495
IMU,2038475772.0,0,0.009461949,-0.001678656,-4.744646e-05,-0.9991092,-0.3312001,-9.716575
IMU,2038515862.0,0,0.01021816,-0.001650939,0.0003198356,-1.005927,-0.3175415,-9.745623
IMU,2038557139.0,0,0.01078822,-0.002295837,0.0003437659,-0.9927503,-0.3298928,-9.720982
IMU,2038598009.0,0,0.01054499,-0.001826636,0.001479672,-0.9948558,-0.328516,-9.735323
IMU,2038638026.0,0,0.01032235,-0.002636041,0.001071954,-0.9917099,-0.3210306,-9.744699
IMU,2038677624.0,0,0.009562803,-0.001913563,0.001433555,-0.9993015,-0.3138589,-9.748432
IMU,2038718813.0,0,0.01035352,-0.00063214,-0.0006561477,-0.999782,-0.328382,-9.730894
IMU,2038759081.0,0,0.00954102,-0.001044312,0.001486218,-0.999491,-0.3152192,-9.751432
IMU,2038799084.0,0,0.01005871,-0.001139875,-0.0002101482,-1.012404,-0.328241,-9.74373
IMU,2034900596.0,1,0.06071175,-0.07675824,-0.2870121,-1.216458,-0.6667158,-10.99341
IMU,2034940849.0,1,-0.1705771,0.06209585,-0.2776718,-1.955022,0.7350271,-7.948693
IMU,2034984263.0,1,-0.05107534,0.04422843,-0.1620871,-1.015161,0.8700153,-9.706218
IMU,2035024259.0,1,0.03525309,0.002260375,-0.1217247,-1.366788,0.7453442,-9.379431
IMU,2035064119.0,1,-0.08023082,0.0225793,-0.095506,-0.2127441,-0.4122404,-7.793427
IMU,2035110127.0,1,-0.04516556,0.1745659,-0.104174,0.1340625,0.3458867,-10.72589
IMU,2035149617.0,1,-0.01343688,0.06451904,-0.1055828,-0.6777262,-1.061469,-8.637851
IMU,2035193609.0,1,-0.150598,0.06911747,0.02822777,0.2901216,-0.3753764,-9.108997
IMU,2035233340.0,1,0.07504985,0.1564402,0.0554967,0.4422642,-1.012069,-9.795174
IMU,2035274155.0,1,0.0007758567,0.07501516,0.004860094,0.699395,-0.9113538,-10.01906
IMU,2035318837.0,1,-0.1271576,-0.02183141,-0.04842174,-0.5543096,0.4005673,-9.708081
IMU,2035359136.0,1,-0.2942324,-0.02165077,0.05103799,-0.2575462,0.03461499,-8.355803
IMU,2035402240.0,1,-0.002012994,0.05502564,0.1695106,0.4100454,-0.4646393,-9.097694
IMU,2035442154.0,1,-0.018921,0.0895445,0.08345458,0.8306904,0.05411129,-10.28849
IMU,2035483004.0,1,-0.01973758,0.04112995,-0.01978078,0.06080426,-0.9948257,-9.916557
IMU,2035529252.0,1,-0.1865343,0.1071214,0.1020171,-0.2788811,-0.154771,-9.894698
IMU,2035570515.0,1,-0.05390055,0.1072058,0.1076693,0.5380058,0.9138174,-11.40313
IMU,2035610489.0,1,0.1877661,0.0626168,0.08831502,1.139615,-1.102723,0.6938371
IMU,2035650535.0,1,0.05509344,-0.2039068,0.02961585,-0.08618537,0.3062512,-0.6147915
IMU,2035690754.0,1,0.04078143,-0.1131287,-0.02433359,-0.08576281,0.3605861,0.05036315
IMU,2035732285.0,1,0.04163858,-0.09810999,-0.09933949,-0.1075641,0.2760018,-0.1544011
IMU,2035772312.0,1,0.01601983,-0.1065544,-0.1189416,-0.1586386,0.2637562,-0.1408837
IMU,2035812765.0,1,0.02021104,-0.07476266,-0.1317925,-0.133985,0.165955,-0.0695058
IMU,2035852120.0,1,0.01839413,-0.0854838,-0.1403959,-0.1729301,0.3196333,-0.163445
IMU,2035895501.0,1,-0.0003350519,-0.0869198,-0.1488015,-0.1685845,0.2501757,-0.2159121
IMU,2035936752.0,1,-0.00358919,-0.08411629,-0.151192,-0.1057404,0.1593056,-0.2007779
IMU,2035977095.0,1,0.002222894,-0.08689586,-0.1443256,-0.1809818,0.1798598,-0.3794477
IMU,2036017043.0,1,0.002738972,-0.07886564,-0.1545065,-0.1619992,0.1528931,-0.3848673
IMU,2036057012.0,1,0.007060242,-0.04905136,-0.1526976,-0.2026762,0.1638925,-0.4510514
IMU,2036104163.0,1,-0.0005631947,0.005858576,-0.1566863,-0.142532,0.09172239,-0.7082874
IMU,2036144197.0,1,6.002947e-06,0.01387185,-0.1527251,-0.1347438,0.1735163,-0.7164157
IMU,2036185356.0,1,-0.0020095,0.02126911,-0.1573915,-0.1032794,0.3115439,-0.7074986
IMU,2036225514.0,1,-0.00388372,0.0347558,-0.1589076,-0.211573,0.2303795,-0.9606903
IMU,2036265038.0,1,-0.003643492,0.04534827,-0.1649415,-0.1794107,0.1801422,-1.009361
IMU,2036306813.0,1,-0.008946519,0.06261821,-0.1687934,-0.1687216,0.1873002,-1.134843
IMU,2036347172.0,1,-0.03455469,0.08179479,-0.167523,-0.09446455,0.1508491,-1.220713
IMU,2036387158.0,1,-0.06111076,0.08078241,-0.1679959,-0.2114964,0.1767772,-1.394205
IMU,2036426826.0,1,-0.07948114,0.09173974,-0.168274,-0.1014908,0.2363134,-1.596567
IMU,2036467021.0,1,-0.09373171,0.104518,-0.1847967,-0.07229944,0.3071605,-1.863435
IMU,2036506784.0,1,-0.08887696,0.1262584,-0.208822,0.01173645,0.1377503,-1.82526
IMU,2036547826.0,1,-0.121361,0.1646284,-0.2234218,-0.1042469,0.1550732,-2.074295
IMU,2036589293.0,1,-0.2048098,0.1841093,-0.2324477,0.0461723,0.1499974,-2.553825
IMU,2036629257.0,1,-0.2206418,0.133486,-0.2403546,0.03784128,0.2737299,-2.85907
IMU,2036669242.0,1,-0.2602174,0.08070173,-0.2504279,-0.004261108,0.2680519,-3.02238
IMU,2036710242.0,1,-0.3507373,-0.004413168,-0.2666609,0.09627689,0.003840629,-3.237293
IMU,2036750622.0,1,-0.7548359,-5.463506,-0.306456,6.947577,-1.090605,-66.69457
IMU,2036790245.0,1,-0.0132671,4.577652,0.06460959,13.1809,9.024684,-29.93939
IMU,2036830261.0,1,-0.3427131,1.678691,-0.2531835,1.559254,-0.2696986,-5.129221
IMU,2036870289.0,1,0.453116,2.742963,0.07448633,2.981681,-1.039812,1.146514
IMU,2036913728.0,1,0.09649573,2.140635,0.05751254,2.926326,-0.3316656,-2.441783
IMU,2036953610.0,1,-0.3981301,0.4703236,-0.1386819,4.483933,0.09029683,-3.284657
IMU,2036993741.0,1,-0.5400838,-1.489682,-0.4037601,5.250009,0.7984064,-3.668555
IMU,2037034042.0,1,0.08733487,-3.315695,-0.3892435,4.864353,2.043136,-4.653701
IMU,2037073789.0,1,0.912758,-4.590781,-0.2970583,3.264649,3.141506,-5.989819
IMU,2037114017.0,1,2.804336,-3.937367,0.1451423,-5.21056,4.598423,-14.28975
IMU,2037154081.0,1,-0.8668904,1.227925,0.2553762,-9.110675,-7.29249,-18.85539
IMU,2037193793.0,1,-0.315815,0.4230595,0.00392438,-2.291771,-1.3174,-6.939963
IMU,2037234226.0,1,0.2102761,-0.3095016,-0.02460807,0.6804891,1.304183,-8.377597
IMU,2037274231.0,1,0.1803139,-0.3460259,0.05882858,0.2657437,0.3211802,-11.03758
IMU,2037313781.0,1,0.01421353,-0.05610594,-0.04975327,-2.427361,-1.36145,-10.14219
IMU,2037354034.0,1,-0.046289,0.02628443,0.03421796,-0.799872,0.1187055,-9.564475
IMU,2037393751.0,1,0.002940623,-0.05399576,-0.01888412,-0.5705919,-0.2262293,-9.808656
IMU,2037433906.0,1,-0.004521976,-0.0388608,-0.0003636853,-1.40962,-0.2532399,-9.941051
IMU,2037474058.0,1,-0.01060593,-0.0188212,-0.008047163,-0.6632349,-0.1681249,-9.86128
IMU,2037514274.0,1,-0.00330974,-0.04272112,-0.004838146,-1.097297,-0.1903542,-9.763055
IMU,2037553755.0,1,-0.006027949,-0.02804865,-0.004666573,-0.9743543,-0.1558603,-9.89314
IMU,2037593831.0,1,-0.004876409,-0.03566116,-0.00700269,-0.9617817,-0.1861987,-9.757462
IMU,2037633791.0,1,-0.00776708,-0.02450544,-0.003224808,-1.053818,-0.1132637,-9.66763
IMU,2037674064.0,1,-0.004776837,-0.03379409,-0.005459911,-1.015303,-0.1635525,-9.81179
IMU,2037713621.0,1,-0.006497866,-0.02957264,-0.004849464,-1.022797,-0.1926458,-9.774708
IMU,2037753780.0,1,-0.006890368,-0.02533009,-0.008262697,-0.9541578,-0.1690664,-9.902216
IMU,2037793754.0,1,-0.006610316,-0.03044964,-0.005956549,-1.042083,-0.1531453,-9.776189
IMU,2037834061.0,1,-0.004960359,-0.03022048,-0.009678353,-0.968458,-0.235244,-9.733051
IMU,2037873789.0,1,-0.003315222,-0.02829405,-0.004839215,-1.000536,-0.2283557,-9.840108
IMU,2037914310.0,1,-0.005376011,-0.03274276,-0.005484923,-0.939849,-0.1728607,-9.838567
IMU,2037954329.0,1,-0.004883201,-0.02710327,-0.006895767,-0.9579421,-0.2104551,-9.837428
IMU,2037994607.0,1,-0.004472079,-0.03750607,-0.007300458,-0.9958051,-0.1130839,-9.746587
IMU,2038034778.0,1,-0.004689166,-0.03041292,-0.00533856,-1.008151,-0.2463407,-9.818011
IMU,2038074792.0,1,-0.01118935,-0.03070648,-0.004516799,-1.056487,-0.2138885,-9.782074
IMU,2038115612.0,1,-0.00402246,-0.03174487,-0.005545841,-1.011245,-0.2533951,-9.805035
IMU,2038155294.0,1,-0.004085613,-0.03078501,-0.003944348,-0.9674614,-0.2073961,-9.823591
IMU,2038195546.0,1,-0.004960874,-0.02733138,-0.006026361,-1.037233,-0.365896,-9.777772
IMU,2038235649.0,1,-0.005333329,-0.03201876,-0.00576021,-0.9814915,-0.2002514,-9.725171
IMU,2038275748.0,1,-0.004258845,-0.02632051,-0.006034497,-0.996685,-0.1463543,-9.766201
IMU,2038315734.0,1,-0.007070669,-0.03474878,-0.0044879,-0.960481,-0.1525663,-9.728531
IMU,2038355822.0,1,-0.007961922,-0.0258197,-0.003792559,-1.009204,-0.1065648,-9.738788
IMU,2038396238.0,1,-0.004987359,-0.03193036,-0.002685262,-1.029932,-0.2280592,-9.833146
IMU,2038436531.0,1,-0.007141163,-0.02799662,-0.00588502,-0.9743984,-0.158519,-9.756615
IMU,2038475772.0,1,-0.004930339,-0.02253453,-0.006231413,-1.022847,-0.1572962,-9.727164
IMU,2038515862.0,1,-0.00470166,-0.03133677,-0.005839599,-1.048628,-0.1950399,-9.637423
IMU,2038557139.0,1,-0.005274502,-0.03364171,-0.00371707,-1.044224,-0.1858258,-9.856883
IMU,2038598009.0,1,-0.007524246,-0.03511355,-0.00637757,-0.9288428,-0.1975124,-9.801727
IMU,2038638026.0,1,-0.005455676,-0.03434515,-0.0005071272,-1.0381,-0.1236954,-9.847104
IMU,2038677624.0,1,-0.004604645,-0.02890405,-0.004296087,-0.9672788,-0.2681448,-9.862575
IMU,2038718813.0,1,-0.005930693,-0.02952139,-0.004130227,-1.002365,-0.2762901,-9.806677
IMU,2038759081.0,1,-0.005535336,-0.02994222,-0.004755145,-1.004844,-0.1021321,-9.786344
IMU,2038799084.0,1,-0.006065674,-0.03371854,-0.005053842,-1.014242,-0.2068152,-9.863708
IMU,2034900596.0,2,-0.01740343,0.09339231,-0.2674411,0.3177699,-1.483628,-7.743546
IMU,2034940849.0,2,-0.03858503,0.2925611,-0.2503185,0.4665864,-1.32932,-10.74004
IMU,2034984263.0,2,-0.01845419,0.1384904,-0.1482522,-1.47295,1.276507,-9.280047
IMU,2035024259.0,2,0.1119372,0.2023311,-0.08297391,-2.358797,0.8201247,-8.617007
IMU,2035064119.0,2,-0.01857239,0.203538,-0.06648994,-0.06329784,-1.074229,-8.457932
IMU,2035110127.0,2,-0.08730375,0.07178267,-0.1240963,-1.58186,1.123682,-8.586213
IMU,2035149617.0,2,-0.08796096,0.1113994,-0.05347602,0.1251598,0.4997705,-9.394828
IMU,2035193609.0,2,-0.04443859,0.07478609,0.0007375876,0.1475049,0.1721177,-9.079556
IMU,2035233340.0,2,0.1117208,0.1259262,0.02435832,0.4335576,-0.8315162,-9.581511
IMU,2035274155.0,2,-0.009469223,0.06516623,-0.0478629,-0.4689707,1.079247,-8.766102
IMU,2035318837.0,2,-0.07116079,0.08852624,-0.00154147,0.01533241,-0.5674152,-8.640198
IMU,2035359136.0,2,-0.1607095,0.0829628,0.07590133,0.2882412,-0.4837754,-9.784935
IMU,2035402240.0,2,0.06244819,-0.01025327,0.1182739,-0.8864924,0.5708513,-9.827715
IMU,2035442154.0,2,0.007372301,-0.001064813,0.06812304,0.1248093,0.500658,-9.589105
IMU,2035483004.0,2,-0.1242329,-0.003618965,0.008687832,0.5207762,0.008973112,-9.07012
IMU,2035529252.0,2,-0.00808464,0.03472912,0.08893525,-0.724637,0.1334184,-9.209712
IMU,2035570515.0,2,-0.07873762,0.06389391,0.1111772,0.1488463,0.4794025,-9.639419
IMU,2035610489.0,2,0.2409446,0.03451347,0.05345619,0.06632285,-0.5603158,-0.5196445
IMU,2035650535.0,2,0.07715821,-0.1629077,0.02707718,0.2712007,0.1711676,-0.8058074
IMU,2035690754.0,2,0.06545587,-0.09193338,-0.02956407,-0.08491347,-0.03240582,0.07831998
IMU,2035732285.0,2,0.07372014,-0.05761465,-0.1079249,-0.03864101,0.01640154,-0.3033352
IMU,2035772312.0,2,0.0439975,-0.07187121,-0.1276805,-0.06436922,0.05051051,-0.1487351
IMU,2035812765.0,2,0.05133119,-0.04307248,-0.1467709,-0.04664831,0.01597609,-0.105292
IMU,2035852120.0,2,0.0478819,-0.05639021,-0.1540735,-0.05414106,0.02907946,-0.2186467
IMU,2035895501.0,2,0.01422188,-0.06439328,-0.1571242,-0.08129076,0.002089473,-0.240167
IMU,2035936752.0,2,0.009893073,-0.05375833,-0.1559104,-0.07044946,0.02653291,-0.244437
IMU,2035977095.0,2,0.01690331,-0.05345117,-0.1509477,-0.09003627,0.04008482,-0.3118654
IMU,2036017043.0,2,0.02095185,-0.04336526,-0.1551598,-0.09782048,0.03536939,-0.3556799
IMU,2036057012.0,2,0.02942674,-0.008735786,-0.1618284,-0.1142159,0.02440949,-0.4569276
IMU,2036104163.0,2,0.01424113,0.03526336,-0.159158,-0.1096634,0.004408871,-0.6327347
IMU,2036144197.0,2,0.01531338,0.04943031,-0.160088,-0.08028036,0.007717783,-0.7501599
IMU,2036185356.0,2,0.01216189,0.05894614,-0.1628165,-0.08365434,0.01460835,-0.8185883
IMU,2036225514.0,2,0.009147917,0.06661328,-0.1628248,-0.1046881,-0.02469502,-0.9032082
IMU,2036265038.0,2,0.01003925,0.07729633,-0.1695088,-0.09745099,-0.02929392,-1.078404
IMU,2036306813.0,2,0.002002375,0.09902149,-0.1753936,-0.08080293,-0.03933777,-1.234485
IMU,2036347172.0,2,-0.01980431,0.1104183,-0.1791841,-0.08310138,-0.02268072,-1.376312
IMU,2036387158.0,2,-0.04751899,0.117541,-0.1795311,-0.09334114,-0.03159038,-1.47038
IMU,2036426826.0,2,-0.0659183,0.1287718,-0.1822816,-0.07460528,-0.03448971,-1.61156
IMU,2036467021.0,2,-0.08032972,0.1451658,-0.1968627,-0.03495729,-0.01040956,-1.7553
IMU,2036506784.0,2,-0.07765628,0.1794249,-0.218889,-0.03441378,-0.006673269,-1.907048
IMU,2036547826.0,2,-0.1099994,0.2186369,-0.2372733,-0.02689582,-0.04233027,-2.106984
IMU,2036589293.0,2,-0.1894105,0.2487938,-0.240716,0.02306416,-0.06011674,-2.485614
IMU,2036629257.0,2,-0.2141325,0.1838942,-0.2468666,0.05171314,0.01029991,-2.764263
IMU,2036669242.0,2,-0.2455252,0.1159564,-0.2609675,0.0384805,-0.04666756,-2.888036
IMU,2036710242.0,2,-0.3359195,0.03449482,-0.2681444,0.106111,-0.1571515,-3.124166
IMU,2036750622.0,2,-1.476492,-6.014108,-0.3140844,1.560902,0.458176,-54.1309
IMU,2036790245.0,2,0.5817411,4.048982,-0.06949943,0.6046113,4.30161,-25.83722
IMU,2036830261.0,2,-0.2855699,1.96454,-0.1270743,-2.584976,-4.762005,-2.796
IMU,2036870289.0,2,0.5388748,2.873692,0.0524423,3.416518,-0.6283265,-0.2311043
IMU,2036913728.0,2,0.1604433,2.251275,0.05247958,2.679348,-0.5906936,-2.53419
IMU,2036953610.0,2,-0.410883,0.4405835,-0.1446878,4.228656,-0.2601039,-2.336369
IMU,2036993741.0,2,-0.5372046,-1.563839,-0.4036504,4.931157,0.4057593,-2.995994
IMU,2037034042.0,2,0.1020298,-3.452535,-0.4087445,4.451022,1.530212,-4.409348
IMU,2037073789.0,2,0.9442173,-4.809874,-0.3433439,2.835746,2.507456,-5.697722
IMU,2037114017.0,2,2.911239,-3.829133,0.134949,-4.370297,4.660277,-14.9712
IMU,2037154081.0,2,-0.8630148,1.379938,0.2945547,-9.134899,-7.00179,-21.88643
IMU,2037193793.0,2,-0.2064205,0.4051481,0.0007779039,-2.807198,-1.887187,-6.245823
IMU,2037234226.0,2,0.2323308,-0.3199199,-0.03374283,0.5998983,1.17788,-8.082499
IMU,2037274231.0,2,0.191925,-0.3178142,0.04882717,0.3920112,0.1399734,-10.97435
IMU,2037313781.0,2,0.03761048,-0.002318652,-0.05223227,-2.419283,-1.428915,-10.20883
IMU,2037354034.0,2,-0.04017092,0.05395664,0.03128718,-0.827611,0.02478274,-9.47576
IMU,2037393751.0,2,0.01579952,-0.02832817,-0.01279842,-0.611356,-0.3969041,-9.756911
IMU,2037433906.0,2,-0.0008927631,-0.005900387,0.003177369,-1.451023,-0.4412328,-9.880815
IMU,2037474058.0,2,-0.005108342,0.01377501,-0.006006475,-0.7751683,-0.3443543,-9.666028
IMU,2037514274.0,2,0.001916719,-0.01325328,-0.0006907126,-1.133841,-0.3879085,-9.783227
IMU,2037553755.0,2,-0.004621059,0.009311552,-0.001228674,-0.9888608,-0.3983324,-9.760934
IMU,2037593831.0,2,0.0008787986,-0.005638976,-0.002672353,-1.014784,-0.3515005,-9.723763
IMU,2037633791.0,2,-0.00394869,0.005168756,-0.002274359,-1.062592,-0.3800315,-9.781162
IMU,2037674064.0,2,-0.001422387,-0.00124954,-0.002279931,-0.9934952,-0.3648047,-9.751797
IMU,2037713621.0,2,-0.001501481,0.001364212,-0.002768312,-1.05819,-0.3878498,-9.779114
IMU,2037753780.0,2,-0.001029629,-0.0004151269,-0.002667557,-1.007731,-0.3725183,-9.757408
IMU,2037793754.0,2,-0.00145668,0.001075377,-0.002634385,-1.051584,-0.3810578,-9.764934
IMU,2037834061.0,2,-0.00147584,-0.0003425946,-0.002622453,-1.014793,-0.3647087,-9.754028
IMU,2037873789.0,2,-0.001490832,0.0002568975,-0.002233234,-1.028559,-0.3869273,-9.756387
IMU,2037914310.0,2,-0.0006706675,-0.0006871434,-0.001552699,-1.032028,-0.3748651,-9.776788
IMU,2037954329.0,2,-0.0001772617,0.0001631164,-0.001563123,-1.037256,-0.3800426,-9.766409
IMU,2037994607.0,2,-0.001999976,-0.001027061,-0.002190532,-1.031063,-0.369098,-9.752757
IMU,2038034778.0,2,-0.001563152,0.001848366,-0.002531847,-1.039,-0.372268,-9.771136
IMU,2038074792.0,2,-0.001372788,0.0006353825,-0.002014128,-1.041805,-0.3814891,-9.764549
IMU,2038115612.0,2,-0.001817232,0.0008967877,-0.003374883,-1.033688,-0.363374,-9.747149
IMU,2038155294.0,2,-0.0005621887,0.001414161,-0.001925612,-1.032229,-0.3723837,-9.767437
IMU,2038195546.0,2,-0.0007229238,0.0002707946,-0.00258277,-1.032653,-0.3836665,-9.750601
IMU,2038235649.0,2,-0.001613914,2.57435e-05,-0.002259457,-1.028045,-0.3597075,-9.789667
IMU,2038275748.0,2,-0.0001558367,0.001498926,-0.002375417,-1.02795,-0.3697098,-9.78217
IMU,2038315734.0,2,-0.001700322,0.001329453,-0.002065769,-1.028201,-0.3780296,-9.755494
IMU,2038355822.0,2,-0.001476233,0.001200441,-0.0009508768,-1.035222,-0.3621192,-9.739815
IMU,2038396238.0,2,-0.001219987,0.001554411,-0.001835354,-1.031972,-0.3783439,-9.769914
IMU,2038436531.0,2,0.0003271733,0.0001486101,-0.001992076,-1.029751,-0.3779157,-9.761315
IMU,2038475772.0,2,-0.001176115,0.002023199,-0.002887249,-1.026886,-0.3732015,-9.762144
IMU,2038515862.0,2,-0.001456167,-0.0002581913,-0.002006358,-1.03539,-0.3862286,-9.745895
IMU,2038557139.0,2,-0.001364619,0.001245834,-0.001468958,-1.02309,-0.3778991,-9.767663
IMU,2038598009.0,2,-0.001506274,0.001059137,-0.002286905,-1.036328,-0.3676024,-9.760014
IMU,2038638026.0,2,-0.0005131334,0.001863892,-0.003056767,-1.037702,-0.3751493,-9.773394
IMU,2038677624.0,2,-0.002042191,0.0003256129,-0.002037985,-1.036956,-0.3784681,-9.770344
IMU,2038718813.0,2,-0.001604157,0.001997334,-0.001175098,-1.041422,-0.3732851,-9.749722
IMU,2038759081.0,2,-0.0007805676,0.001295088,-0.002949628,-1.04212,-0.3747789,-9.754062
IMU,2038799084.0,2,-0.0009566313,-6.233901e-05,-0.001780428,-1.029376,-0.3732048,-9.75878
