ARM,3377542251.0,0.0
AHR2,3376835573.0,0.13,1.91,40.11,472.17,43.2382795,-7.6818479
AHR2,3376939884.0,-0.49,2.76,40.76,472.28,43.2382801,-7.6818465
AHR2,3377043569.0,-0.54,2.89,42.24,472.3,43.2382808,-7.6818451
AHR2,3377153786.0,-0.39,3.25,43.65,472.22,43.2382812,-7.6818436
AHR2,3377257570.0,0.19,3.71,44.68,472.07,43.2382817,-7.6818421
AHR2,3377362747.0,-0.19,4.15,46.46,472.13,43.2382822,-7.6818413
AHR2,3377466624.0,-0.39,4.36,47.58,472.2,43.2382827,-7.6818402
AHR2,3377570812.0,-0.94,4.32,49.12,472.26,43.2382825,-7.6818398
AHR2,3377670846.0,-1.56,3.45,49.81,471.84,43.2382828,-7.6818389
AHR2,3377772223.0,-2.62,2.43,49.42,471.81,43.2382835,-7.6818387
AHR2,3377872580.0,-3.73,1.77,48.79,471.63,43.2382839,-7.6818381
AHR2,3377973500.0,-5.14,1.22,48.1,471.67,43.2382844,-7.6818374
AHR2,3378073542.0,-6.55,0.65,47.32,471.54,43.2382848,-7.6818366
AHR2,3378174639.0,-7.81,0.15,46.36,471.41,43.2382848,-7.6818359
AHR2,3378274760.0,-9.31,-0.35,45.28,471.07,43.2382852,-7.6818352
AHR2,3378376120.0,-11.09,-1.04,44.12,470.5,43.2382856,-7.6818348
AHR2,3378476380.0,-12.56,-2.09,42.9,470.16,43.2382859,-7.6818342
AHR2,3378577316.0,-13.32,-3.0,41.31,469.44,43.2382861,-7.6818339
AHR2,3378677303.0,-10.3,0.73,37.7,468.91,43.2382865,-7.6818334
AHR2,3378778105.0,-2.79,1.76,40.07,467.0,43.2382868,-7.6818331
AHR2,3378878759.0,3.46,-2.02,40.34,465.11,43.238287,-7.6818328
AHR2,3378980215.0,1.71,-1.64,40.81,465.86,43.2382847,-7.6818262
AHR2,3379080246.0,1.29,-1.69,41.04,466.23,43.238284,-7.6818236
AHR2,3379181877.0,1.24,-1.67,41.16,465.98,43.2382837,-7.6818265
AHR2,3379282265.0,1.24,-1.72,41.2,466.09,43.2382831,-7.6818259
AHR2,3379383128.0,1.25,-1.73,41.26,466.08,43.238284,-7.6818268
AHR2,3379483514.0,1.26,-1.73,41.35,465.98,43.238284,-7.6818267
AHR2,3379584290.0,1.27,-1.72,41.41,466.12,43.2382841,-7.6818268
AHR2,3379684591.0,1.28,-1.71,41.48,465.98,43.2382841,-7.6818267
AHR2,3379785733.0,1.29,-1.7,41.55,466.07,43.2382843,-7.6818268
AHR2,3379885828.0,1.3,-1.69,41.62,466.19,43.2382843,-7.6818268
AHR2,3379987115.0,1.3,-1.69,41.7,465.99,43.2382845,-7.6818267
AHR2,3380087574.0,1.31,-1.68,41.77,466.14,43.2382845,-7.6818267
AHR2,3380188467.0,1.31,-1.68,41.83,466.15,43.2382846,-7.6818269
AHR2,3380288518.0,1.32,-1.67,41.9,466.14,43.2382846,-7.6818269
AHR2,3380389746.0,1.32,-1.66,41.97,466.0,43.2382847,-7.6818272
AHR2,3380490239.0,1.33,-1.66,42.04,466.17,43.2382847,-7.6818272
AHR2,3380591492.0,1.33,-1.65,42.11,466.17,43.2382849,-7.6818273
AHR2,3380691544.0,1.33,-1.65,42.17,466.05,43.2382849,-7.6818273
ATT,3376834922.0,0.865756,1.089541,1.087121,1.100724,61.0225,54.66135
ATT,3376939302.0,0.7640049,0.5549592,1.669443,1.91568,61.00856,54.61787
ATT,3377043022.0,0.7910247,0.4500991,2.285051,2.042969,61.00493,55.58917
ATT,3377153138.0,0.8718567,0.5368126,2.909763,2.403266,61.00699,56.57773
ATT,3377256865.0,0.7256495,1.051006,3.489112,2.913864,61.00497,56.72127
ATT,3377362086.0,0.4314726,0.6065916,4.005471,3.34522,60.99698,57.67928
ATT,3377465827.0,0.1965073,0.4578967,4.223244,3.470586,60.98865,58.12556
ATT,3377570146.0,0.02262088,-0.06279868,3.760635,3.368095,59.1269,59.12595
ATT,3377670260.0,0.01154928,-0.6758855,1.919892,2.588547,59.70103,59.69096
ATT,3377771609.0,0.005859162,-1.771765,0.9739326,1.705311,59.52054,59.49413
ATT,3377871804.0,0.002985122,-3.051376,0.4961605,1.239673,59.07893,59.03348
ATT,3377972809.0,0.001512248,-4.620039,0.2512295,0.9107932,58.43866,58.36986
ATT,3378072886.0,0.0007717704,-6.202786,0.1282535,0.6158873,57.69341,57.60114
ATT,3378174074.0,0.000390088,-7.613392,0.064955,0.331202,56.632,56.51884
ATT,3378274115.0,0.0001993123,-9.230408,0.03316599,-0.06592146,55.24876,55.11177
ATT,3378375484.0,0.0001014326,-11.05875,0.01682056,-0.6907279,53.74985,53.58604
ATT,3378475635.0,5.280415e-05,-12.51098,0.008559167,-1.699999,52.21885,52.03376
ATT,3378576772.0,2.848346e-05,-13.27464,0.004339959,-2.561541,50.43447,50.23817
ATT,3378676730.0,1.345607e-05,-10.34266,0.002215499,1.230632,46.58029,46.42693
ATT,3378777545.0,1.345598e-05,-2.845214,0.001123029,2.340769,48.72825,48.68584
ATT,3378878084.0,1.345583e-05,3.387688,0.0005743231,-1.384659,48.76548,48.81596
ATT,3378979596.0,1.345576e-05,1.811209,0.0003923708,-1.034406,48.4314,48.45841
ATT,3379079635.0,1.345571e-05,1.71369,0.0003852333,-1.247136,47.52062,47.54617
ATT,3379181292.0,1.345568e-05,1.834143,0.0003617766,-1.274463,47.00899,47.03633
ATT,3379281659.0,1.345569e-05,1.879565,0.0003548366,-1.30653,46.83944,46.86746
ATT,3379382556.0,1.345567e-05,1.884033,0.000347693,-1.290777,46.87941,46.90749
ATT,3379482832.0,1.345566e-05,1.876752,0.000347693,-1.271524,46.97657,47.00456
ATT,3379583750.0,1.345559e-05,1.870431,0.0003404522,-1.264967,47.03505,47.06293
ATT,3379684031.0,1.345557e-05,1.87293,0.0003404523,-1.257874,47.07042,47.09832
ATT,3379785055.0,1.345562e-05,1.867841,0.0003404523,-1.244481,47.10246,47.13031
ATT,3379885205.0,1.345557e-05,1.862224,0.0003404523,-1.240308,47.13664,47.16441
ATT,3379986473.0,1.345559e-05,1.850855,0.0003404524,-1.236286,47.18681,47.2144
ATT,3380087021.0,1.345559e-05,1.832232,0.0003404524,-1.227532,47.23011,47.25743
ATT,3380187816.0,1.345561e-05,1.811863,0.0003335369,-1.220669,47.27181,47.29882
ATT,3380287834.0,1.345557e-05,1.791102,0.000333537,-1.209576,47.31248,47.33917
ATT,3380389080.0,1.34556e-05,1.765005,0.0003335371,-1.202292,47.34987,47.37618
ATT,3380489620.0,1.345564e-05,1.731309,0.0003335371,-1.189356,47.39427,47.42008
ATT,3380590795.0,1.345565e-05,1.702036,0.0003263398,-1.178385,47.43028,47.45565
ATT,3380690787.0,1.345568e-05,1.66281,0.0003263398,-1.166505,47.46738,47.49217
BARO,3376915642.0,0,3.504028,472.384,96523.56
BARO,3377020609.0,0,3.526642,472.4066,96523.3
BARO,3377124529.0,0,3.44751,472.3275,96524.18
BARO,3377228851.0,0,3.294922,472.1749,96525.8
BARO,3377334591.0,0,3.359924,472.2399,96525.11
BARO,3377437811.0,0,3.427734,472.3077,96524.39
BARO,3377542547.0,0,3.489899,472.3699,96523.7
BARO,3377643082.0,0,3.06604,471.946,96528.3
BARO,3377743650.0,0,3.037781,471.9178,96528.61
BARO,3377844219.0,0,2.851288,471.7313,96530.62
BARO,3377944740.0,0,2.890869,471.7708,96530.2
BARO,3378045331.0,0,2.76651,471.6465,96531.52
BARO,3378146281.0,0,2.636536,471.5165,96532.93
BARO,3378246800.0,0,2.291809,471.1718,96536.66
BARO,3378348054.0,0,1.723846,470.6038,96542.79
BARO,3378448555.0,0,1.384735,470.2647,96546.48
BARO,3378548517.0,0,0.6641846,469.5442,96554.24
BARO,3378649089.0,0,0.1386108,469.0186,96559.95
BARO,3378750118.0,0,-1.774414,467.1056,96580.63
BARO,3378850153.0,0,-3.664825,465.2151,96601.06
BARO,3378952293.0,0,-2.915985,465.964,96592.98
BARO,3379052222.0,0,-2.548645,466.3313,96588.98
BARO,3379153582.0,0,-2.791656,466.0883,96591.63
BARO,3379254004.0,0,-2.687103,466.1929,96590.49
BARO,3379355094.0,0,-2.695587,466.1844,96590.59
BARO,3379455023.0,0,-2.797302,466.0827,96591.68
BARO,3379558736.0,0,-2.658844,466.2211,96590.18
BARO,3379659257.0,0,-2.791656,466.0883,96591.63
BARO,3379760122.0,0,-2.704071,466.1759,96590.67
BARO,3379860149.0,0,-2.588226,466.2917,96589.43
BARO,3379961761.0,0,-2.788849,466.0911,96591.61
BARO,3380062103.0,0,-2.633423,466.2466,96589.91
BARO,3380162809.0,0,-2.624939,466.255,96589.82
BARO,3380262890.0,0,-2.633423,466.2466,96589.91
BARO,3380364149.0,0,-2.774719,466.1053,96591.45
BARO,3380464229.0,0,-2.602356,466.2776,96589.59
BARO,3380565803.0,0,-2.608002,466.272,96589.65
BARO,3380665840.0,0,-2.726685,466.1533,96590.91
BARO,3376915642.0,1,3.289276,472.1693,96513.06
BARO,3377020609.0,1,3.687714,472.5677,96508.78
BARO,3377124529.0,1,3.648163,472.5281,96509.21
BARO,3377228851.0,1,3.769653,472.6496,96507.88
BARO,3377334591.0,1,3.133881,472.0139,96514.74
BARO,3377437811.0,1,3.701843,472.5818,96508.63
BARO,3377542547.0,1,3.280792,472.1608,96513.19
BARO,3377643082.0,1,3.193207,472.0732,96514.13
BARO,3377743650.0,1,3.083008,471.963,96515.32
BARO,3377844219.0,1,3.292114,472.1721,96513.05
BARO,3377944740.0,1,3.094299,471.9743,96515.19
BARO,3378045331.0,1,3.020844,471.9008,96515.97
BARO,3378146281.0,1,2.78064,471.6606,96518.58
BARO,3378246800.0,1,2.342682,471.2227,96523.3
BARO,3378348054.0,1,2.096832,470.9768,96525.96
BARO,3378448555.0,1,1.489288,470.3693,96532.52
BARO,3378548517.0,1,0.9213257,469.8013,96538.69
BARO,3378649089.0,1,0.130127,469.0101,96547.21
BARO,3378750118.0,1,-2.899048,465.9809,96579.99
BARO,3378850153.0,1,-4.221466,464.6585,96594.27
BARO,3378952293.0,1,-2.599518,466.2805,96576.74
BARO,3379052222.0,1,-2.802979,466.077,96578.94
BARO,3379153582.0,1,-2.808624,466.0714,96579.0
BARO,3379254004.0,1,-2.653198,466.2268,96577.34
BARO,3379355094.0,1,-2.687103,466.1929,96577.68
BARO,3379455023.0,1,-2.641907,466.2381,96577.2
BARO,3379558736.0,1,-2.788849,466.0911,96578.78
BARO,3379659257.0,1,-2.511932,466.368,96575.8
BARO,3379760122.0,1,-2.59668,466.2833,96576.72
BARO,3379860149.0,1,-2.574097,466.3059,96576.47
BARO,3379961761.0,1,-2.602356,466.2776,96576.76
BARO,3380062103.0,1,-2.619293,466.2607,96576.96
BARO,3380162809.0,1,-2.704071,466.1759,96577.88
BARO,3380262890.0,1,-2.661682,466.2183,96577.41
BARO,3380364149.0,1,-2.794495,466.0855,96578.84
BARO,3380464229.0,1,-2.783203,466.0968,96578.73
BARO,3380565803.0,1,-2.639069,466.2409,96577.17
BARO,3380665840.0,1,-2.777527,466.1024,96578.67
GPS,3376928152.0,4,22,43.2382794,-7.6818482,466.61,1.3,-0.565,0.0
GPS,3377137087.0,4,22,43.2382805,-7.6818454,466.67,1.285,-0.47,0.0
GPS,3377325751.0,4,22,43.2382815,-7.6818428,466.73,0.9680001,-0.406,0.0
GPS,3377555278.0,4,22,43.2382822,-7.681841,466.73,0.814,-0.181,0.0
GPS,3377735660.0,4,22,43.2382829,-7.6818396,466.71,0.671,0.276,0.0
GPS,3377937302.0,4,22,43.2382837,-7.6818384,466.36,0.78,2.659,0.0
GPS,3378138475.0,4,22,43.2382844,-7.681837,465.61,0.6950001,4.502,0.0
GPS,3378319859.0,4,22,43.2382851,-7.6818357,464.56,0.574,6.184,0.0
GPS,3378561328.0,4,22,43.2382857,-7.6818346,463.14,0.573,7.81,0.0
GPS,3378722314.0,4,22,43.2382864,-7.6818337,461.54,0.401,8.519,0.0
GPS,3378923498.0,4,22,43.2382859,-7.6818307,460.66,2.275,0.167,0.0
GPS,3379125284.0,4,22,43.2382846,-7.6818276,460.59,0.8280001,0.516,0.0
GPS,3379327058.0,4,22,43.2382841,-7.681827,460.57,0.12,-0.402,0.0
GPS,3379547855.0,4,22,43.2382841,-7.6818269,460.6,0.082,-0.191,0.0
GPS,3379729742.0,4,22,43.2382843,-7.6818268,460.64,0.002,-0.195,0.0
GPS,3379930296.0,4,22,43.2382845,-7.6818268,460.65,0.055,-0.185,0.0
GPS,3380132051.0,4,22,43.2382846,-7.6818269,460.65,0.017,-0.115,0.0
GPS,3380333794.0,4,22,43.2382847,-7.6818271,460.62,0.06,0.045,0.0
GPS,3380555244.0,4,22,43.2382849,-7.6818273,460.6,0.013,-0.007,0.0
IMU,3376865323.0,0,-0.1436885,0.03851429,0.04473392,-0.1150875,-0.490215,-9.914028
IMU,3376905747.0,0,-0.07351533,0.08507384,0.1028145,-1.008374,0.08087928,-8.959508
IMU,3376947619.0,0,-0.04763563,0.08204371,0.261351,-0.09506806,-0.5080103,-8.821797
IMU,3376990509.0,0,-0.09599461,0.05662016,0.1044827,0.2548634,-0.7230854,-10.27551
IMU,3377030513.0,0,-0.01714413,0.1615852,0.1615891,-0.3464644,-0.9232882,-10.07792
IMU,3377073867.0,0,0.01693963,0.0535698,0.2322008,-0.6026486,0.2881576,-9.207072
IMU,3377114290.0,0,0.04624981,0.004966883,0.2666218,-0.06783949,1.25495,-9.937969
IMU,3377155760.0,0,-0.00360621,0.01235138,0.2468488,0.6109684,-0.1888952,-9.65795
IMU,3377199209.0,0,0.2133208,0.1806787,0.1064261,-0.6479039,-0.7173822,-9.805326
IMU,3377238877.0,0,0.2059293,0.06966405,0.1256012,-0.02692688,0.02174775,-9.963455
IMU,3377283561.0,0,-0.1641212,0.05322648,0.2454271,-0.4953389,-1.371114,-9.037314
IMU,3377323041.0,0,-0.05633206,0.04875125,0.2688785,-0.6405162,0.2247901,-8.684902
IMU,3377364559.0,0,-0.05242364,0.03475447,0.3410961,0.8272516,-0.4390271,-10.29025
IMU,3377408267.0,0,-0.06462564,0.08844633,0.1521615,-0.7695805,-1.41198,-9.483082
IMU,3377448132.0,0,0.06223654,0.10695,0.15272,-0.5726659,-0.8819146,-9.721311
IMU,3377492119.0,0,-0.06376532,0.04561873,0.2618152,0.2847652,-1.517722,-9.256609
IMU,3377532130.0,0,0.03839147,-0.04776736,0.1713483,-0.2920728,-0.1977249,-9.552021
IMU,3377573037.0,0,-0.1045672,-0.08514086,0.1299707,0.06787059,1.864307,-6.605302
IMU,3377613395.0,0,-0.1107857,-0.2084904,0.1599574,-1.42564,-0.7839817,-1.580291
IMU,3377653316.0,0,-0.1021285,-0.2222742,0.04375425,-0.309511,-0.1249011,-0.6786473
IMU,3377692870.0,0,-0.1656347,-0.1828134,-0.04598829,-0.1837765,0.107466,-0.7161133
IMU,3377733069.0,0,-0.1766329,-0.1547625,-0.08894259,-0.0593032,-0.1937222,-0.1412127
IMU,3377774490.0,0,-0.2000037,-0.1325059,-0.1070766,-0.1141016,-0.004531076,-0.3716956
IMU,3377814657.0,0,-0.1992156,-0.08953789,-0.1282609,-0.08119501,-0.02155993,-0.3117641
IMU,3377854126.0,0,-0.2100654,-0.06682807,-0.1348998,-0.09826874,-0.06309569,-0.3365555
IMU,3377894490.0,0,-0.2284515,-0.05377252,-0.1372394,-0.08066241,-0.07056922,-0.4969082
IMU,3377934122.0,0,-0.256027,-0.05429753,-0.1408438,-0.1034083,-0.07344364,-0.5591578
IMU,3377975684.0,0,-0.2804369,-0.03539002,-0.1461315,-0.07270243,-0.05092148,-0.5762604
IMU,3378015840.0,0,-0.2736259,-0.03990672,-0.1546246,-0.07308888,0.002223397,-0.7030844
IMU,3378055282.0,0,-0.2480467,-0.0367383,-0.1648148,-0.07156205,0.01244624,-0.7983165
IMU,3378095552.0,0,-0.2252853,-0.02964366,-0.176404,-0.0615439,-0.00717006,-0.8417332
IMU,3378135264.0,0,-0.224188,-0.02592225,-0.1898519,-0.04974041,-0.03136772,-0.9335526
IMU,3378177037.0,0,-0.2424134,-0.02369827,-0.201489,-0.0556425,-0.03838139,-1.030631
IMU,3378216633.0,0,-0.2545913,-0.03092815,-0.2114005,-0.0417452,-0.05502957,-1.135837
IMU,3378257150.0,0,-0.2865457,-0.04273551,-0.2218175,-0.02486262,-0.02193721,-1.260762
IMU,3378299290.0,0,-0.3095216,-0.05414836,-0.2314339,-0.03220338,0.005098321,-1.339726
IMU,3378340155.0,0,-0.3110599,-0.06580809,-0.2364137,-0.01853261,0.007094037,-1.461409
IMU,3378380497.0,0,-0.2938246,-0.09032747,-0.2461665,-0.000392812,0.0446836,-1.576604
IMU,3378420567.0,0,-0.2608575,-0.1193055,-0.2560262,0.02931374,0.0937611,-1.759594
IMU,3378461167.0,0,-0.2252673,-0.1441875,-0.2702167,0.001272445,0.0990024,-1.883696
IMU,3378500634.0,0,-0.2163949,-0.146378,-0.2817473,0.006291158,0.04443856,-1.982798
IMU,3378540634.0,0,-0.225743,-0.12923,-0.2931766,0.008393028,0.1298056,-2.111416
IMU,3378582103.0,0,0.2541775,0.2544354,-0.3617212,-2.826643,2.389113,-7.389635
IMU,3378621638.0,0,0.9853281,1.026811,-0.3683002,-0.365958,3.478954,-6.662468
IMU,3378662126.0,0,0.5291665,1.155652,-0.7045157,-4.918604,4.162022,-25.00209
IMU,3378701781.0,0,-0.2733801,-0.6371746,-0.4626651,1.507693,11.43015,-59.50222
IMU,3378743000.0,0,2.230045,0.4104125,1.136244,-18.41115,23.02203,-128.9871
IMU,3378783261.0,0,0.8286673,0.7203525,0.4891605,-0.3215624,-7.224205,-14.34811
IMU,3378822645.0,0,0.9884828,-0.7218946,0.212721,0.5170401,-1.562122,6.194622
IMU,3378862744.0,0,1.176127,-0.9144913,-0.1274663,1.200061,0.1525944,1.084357
IMU,3378903630.0,0,0.06946229,-0.1041227,-0.2364286,2.031952,0.3134486,-4.914265
IMU,3378944542.0,0,-0.4395165,0.1492687,0.1323499,0.3665919,-0.297989,-8.86519
IMU,3378984213.0,0,-0.501473,0.168361,0.28656,-0.9469652,-0.385478,-12.97513
IMU,3379024210.0,0,-0.1052041,-0.06646851,0.1051308,-1.343221,0.2817656,-12.95583
IMU,3379064652.0,0,0.1249193,0.002023784,-0.1291917,-0.1079217,-0.2601551,-9.232538
IMU,3379105247.0,0,0.02998621,0.08995313,0.01778042,0.5058945,-0.118053,-9.020416
IMU,3379145794.0,0,-0.01360453,-0.04012517,0.003187521,-0.163711,0.06553188,-10.26695
IMU,3379185799.0,0,0.01766004,0.004580166,-0.0002978407,-0.06652112,-0.1724753,-9.709536
IMU,3379225781.0,0,0.01051677,-0.01132131,-0.01432156,-0.01707897,-0.1102814,-9.921499
IMU,3379266518.0,0,0.006962119,-0.007779686,0.0009621604,0.04174353,-0.1441923,-9.704369
IMU,3379306870.0,0,0.005464794,-0.01473414,-0.004958238,-0.007439132,-0.1175831,-9.875729
IMU,3379347893.0,0,0.01327212,0.003500757,-0.006252939,-0.08156607,-0.07217813,-9.856318
IMU,3379388030.0,0,0.01237645,0.003058993,0.003989733,0.06502666,-0.09997324,-9.731164
IMU,3379427905.0,0,0.004407555,-0.006841665,0.004491782,-0.08769425,-0.08994325,-9.845367
IMU,3379467614.0,0,0.01494528,0.004116172,0.003569355,-0.04434431,-0.1114275,-9.84305
IMU,3379507552.0,0,0.007413685,0.0006991828,0.0006305992,0.02593383,-0.09623785,-9.800624
IMU,3379548076.0,0,0.01222679,-0.005359494,0.0005810419,-0.03842268,-0.142762,-9.835879
IMU,3379589263.0,0,0.0106268,-0.0007355044,-0.001595525,0.003710541,-0.08306339,-9.838026
IMU,3379629116.0,0,0.01177895,-0.001299311,0.003521876,-0.04283315,-0.1027038,-9.841593
IMU,3379669490.0,0,0.01156586,-0.0005573775,-0.001440682,-0.03802268,-0.1121415,-9.781437
IMU,3379709115.0,0,0.009948842,-0.00196773,0.000348799,-0.009561069,-0.09655408,-9.827322
IMU,3379750509.0,0,0.01064149,0.0006490751,0.0003198576,-0.0307046,-0.1300327,-9.800586
IMU,3379790119.0,0,0.01067087,0.001120618,0.0008975989,-0.005808536,-0.09025978,-9.838552
IMU,3379830107.0,0,0.01149225,-0.003789008,-0.0003661235,-0.0226233,-0.1184325,-9.824889
IMU,3379870120.0,0,0.01108359,-0.0004273646,-0.00146933,0.003062903,-0.105298,-9.843914
IMU,3379910258.0,0,0.00845281,-0.00312495,0.003624543,-0.01082583,-0.1082579,-9.831897
IMU,3379951568.0,0,0.0111218,-0.001106545,-0.0005472029,-0.006961755,-0.1201513,-9.85136
IMU,3379991620.0,0,0.009925514,-0.0001447707,0.002160139,-0.01497457,-0.1048647,-9.814026
IMU,3380031557.0,0,0.009933387,-0.0008709409,0.0004030388,-0.007424681,-0.1115923,-9.830894
IMU,3380071597.0,0,0.008899349,-0.0009395662,0.001989753,-0.01508631,-0.1069317,-9.808573
IMU,3380112791.0,0,0.01041542,-0.0016167,-0.0005034963,-0.01078958,-0.1200286,-9.816081
IMU,3380153070.0,0,0.01010952,-0.000522687,0.001168648,-0.01122127,-0.1006677,-9.797018
IMU,3380193105.0,0,0.01072459,-0.003138853,6.511763e-05,-0.006829201,-0.1330856,-9.835317
IMU,3380233438.0,0,0.01146414,-0.001563223,0.0004691062,-0.003860699,-0.09776457,-9.82919
IMU,3380273504.0,0,0.01039428,-0.001876691,0.002203181,-0.009043681,-0.1020743,-9.826322
IMU,3380313079.0,0,0.01050216,-0.001266526,0.001810528,-0.02024634,-0.1113897,-9.829719
IMU,3380354160.0,0,0.009135992,-0.003179664,-0.001619744,-0.008136467,-0.09827556,-9.809812
IMU,3380394062.0,0,0.009547934,-0.001284518,0.001639613,0.001132906,-0.119183,-9.836493
IMU,3380434554.0,0,0.01012614,-0.002622866,8.902193e-05,-0.01858502,-0.1293626,-9.836874
IMU,3380474530.0,0,0.008405398,-0.0009542822,0.001208565,-0.01076854,-0.1150174,-9.8095
IMU,3380515241.0,0,0.0107409,-0.001608556,2.106186e-05,-0.002841773,-0.1186631,-9.848899
IMU,3380555518.0,0,0.008743729,-0.002288118,0.00210356,-0.004110971,-0.108946,-9.831929
IMU,3380596149.0,0,0.009442743,-0.0009702943,-4.792249e-05,-0.02141222,-0.1191013,-9.831301
IMU,3380636143.0,0,0.01227319,-0.002824792,0.0006156172,-0.01975766,-0.1041379,-9.838477
IMU,3380675738.0,0,0.008676729,-0.00112931,0.001526714,-0.001937533,-0.1084474,-9.807933
IMU,3380716079.0,0,0.01014949,-0.002255237,0.0002642405,0.003151727,-0.1137597,-9.833719
IMU,3380757102.0,0,0.0103023,-0.001514741,0.002201857,-0.007429582,-0.1006271,-9.817489
IMU,3376865323.0,1,-0.1574932,0.05451178,0.0309303,-0.2549275,-0.5944401,-9.916027
IMU,3376905747.0,1,-0.1111049,0.1217535,-0.0004744888,-1.228302,0.08258343,-8.636594
IMU,3376947619.0,1,-0.01640699,0.03428874,0.1634268,-0.09681085,-0.5646242,-9.13864
IMU,3376990509.0,1,-0.1031333,0.0102387,0.1195554,0.2780308,-0.09757307,-9.694269
IMU,3377030513.0,1,-0.03584658,0.06249708,0.1639189,-0.252045,-0.6837869,-9.670032
IMU,3377073867.0,1,-0.01229565,0.03169288,0.1618568,-0.1337548,0.4514352,-10.2099
IMU,3377114290.0,1,0.02705668,-0.03093353,0.1841953,0.5199264,1.265351,-10.7398
IMU,3377155760.0,1,-0.007255538,-0.02281216,0.1608773,1.194545,-0.2512127,-8.788797
IMU,3377199209.0,1,0.1135253,0.01871965,0.1280342,-0.8629289,-0.9484518,-9.959188
IMU,3377238877.0,1,0.09931528,-0.00187111,0.132328,-0.3399843,-0.8448651,-9.39947
IMU,3377283561.0,1,-0.1451938,0.01609114,0.1845803,-0.3400072,-0.9890999,-8.91263
IMU,3377323041.0,1,-0.07165522,-0.005160256,0.1980573,-0.766803,0.3683231,-8.401693
IMU,3377364559.0,1,-0.03169891,-0.006475898,0.2970774,2.001786,-1.009019,-10.57837
IMU,3377408267.0,1,-0.03306529,-0.008219741,0.1639967,-1.14612,-1.92147,-9.459483
IMU,3377448132.0,1,-0.003305552,-0.02364186,0.1093123,-1.163173,-0.6054078,-9.465219
IMU,3377492119.0,1,-0.03463334,-0.03581533,0.2157807,0.8654681,-1.604593,-9.227797
IMU,3377532130.0,1,-0.07474852,-0.1310746,0.1508281,-0.04055999,-0.8762791,-8.75945
IMU,3377573037.0,1,-0.1526633,-0.1041325,0.1093715,-0.0331872,1.57854,-6.054057
IMU,3377613395.0,1,-0.1208762,-0.254283,0.1160563,-1.538749,-0.1312169,-1.3177
IMU,3377653316.0,1,-0.127166,-0.2420975,0.02810898,-0.1280317,0.160699,-0.5184671
IMU,3377692870.0,1,-0.180357,-0.2041076,-0.05013911,-0.1490791,0.4252637,-0.5877444
IMU,3377733069.0,1,-0.1948624,-0.1777836,-0.08837516,-0.1936464,0.07458916,-0.0632331
IMU,3377774490.0,1,-0.2225808,-0.1507079,-0.1091926,-0.1221034,0.1981651,-0.2385508
IMU,3377814657.0,1,-0.2163716,-0.1154194,-0.1315853,-0.1339006,0.252513,-0.4019493
IMU,3377854126.0,1,-0.2222559,-0.09520976,-0.13478,-0.1373106,0.1938505,-0.3478856
IMU,3377894490.0,1,-0.2457159,-0.07455897,-0.1423412,-0.1947666,0.1160345,-0.5769659
IMU,3377934122.0,1,-0.2731421,-0.08337112,-0.1385501,-0.2285932,0.1225881,-0.4036107
IMU,3377975684.0,1,-0.2970623,-0.05961487,-0.1502711,-0.0589148,0.1995994,-0.4447069
IMU,3378015840.0,1,-0.289046,-0.06344112,-0.157261,-0.08421982,0.3168101,-0.6343214
IMU,3378055282.0,1,-0.2676286,-0.06840812,-0.1670812,-0.139537,0.2518711,-0.8577979
IMU,3378095552.0,1,-0.2433049,-0.05603567,-0.1769857,-0.1583062,0.2465258,-0.8681065
IMU,3378135264.0,1,-0.242905,-0.04942883,-0.1889794,-0.100508,0.3372962,-0.9877908
IMU,3378177037.0,1,-0.2598417,-0.05091506,-0.2024812,-0.05660598,0.2236475,-1.28306
IMU,3378216633.0,1,-0.2779371,-0.05561176,-0.2129644,-0.05688686,0.1957544,-1.049308
IMU,3378257150.0,1,-0.3065453,-0.06275989,-0.2201762,-0.1522619,0.2073268,-1.281449
IMU,3378299290.0,1,-0.3292565,-0.07648513,-0.2315381,0.01418265,0.2821585,-1.308803
IMU,3378340155.0,1,-0.3352436,-0.08944331,-0.2352716,-0.06970187,0.2394071,-1.453501
IMU,3378380497.0,1,-0.3140253,-0.1157584,-0.245353,-0.04125166,0.2403755,-1.520018
IMU,3378420567.0,1,-0.2834048,-0.1491576,-0.2536964,0.0211199,0.3813813,-1.775879
IMU,3378461167.0,1,-0.2500435,-0.1689692,-0.2638287,-0.05949885,0.3699592,-1.902759
IMU,3378500634.0,1,-0.2393531,-0.1695891,-0.2777291,-0.1262738,0.2351363,-1.941244
IMU,3378540634.0,1,-0.252252,-0.1544621,-0.2885549,-0.09607865,0.2645319,-2.19433
IMU,3378582103.0,1,0.1648758,0.1154962,-0.3330787,-2.576032,2.783339,-7.443392
IMU,3378621638.0,1,0.8661649,0.8997004,-0.2990974,0.293945,3.462187,-7.06495
IMU,3378662126.0,1,0.4385736,0.9315508,-0.620011,-4.742033,3.956923,-25.76635
IMU,3378701781.0,1,-0.3693622,-0.5313182,-0.4862519,2.45727,11.7163,-59.66753
IMU,3378743000.0,1,2.534455,-0.1836777,1.056639,-19.02461,20.67506,-146.2519
IMU,3378783261.0,1,0.9847689,0.6414298,0.4553143,-0.3441916,-7.526832,-11.60264
IMU,3378822645.0,1,0.9305384,-0.7343067,0.2113636,0.8702878,-0.943705,6.573034
IMU,3378862744.0,1,1.111134,-0.9415465,-0.07642902,1.025059,0.4475492,0.8408909
IMU,3378903630.0,1,0.06511892,-0.1736275,-0.2318887,1.937554,0.4547133,-4.986272
IMU,3378944542.0,1,-0.4284908,0.1088285,0.08274236,0.1846697,-0.05861837,-8.882113
IMU,3378984213.0,1,-0.5071214,0.127275,0.2160663,-0.9705067,-0.2478103,-12.94754
IMU,3379024210.0,1,-0.1320674,-0.07562111,0.08847428,-1.193035,0.4060941,-12.77762
IMU,3379064652.0,1,0.06762651,-0.04139098,-0.1205507,-0.03371204,-0.1471536,-9.17837
IMU,3379105247.0,1,0.007621854,0.05458479,0.005660344,0.5149522,0.1390697,-9.013802
IMU,3379145794.0,1,-0.02634926,-0.06886641,0.001970185,-0.1961152,0.307862,-10.28127
IMU,3379185799.0,1,-0.004432868,-0.0302384,-0.005481915,-0.1027204,-0.1249196,-9.792062
IMU,3379225781.0,1,-0.004833142,-0.04283632,-0.02244941,0.005676392,0.07805529,-9.973722
IMU,3379266518.0,1,-0.01160181,-0.03467423,-0.004209663,-0.003218883,0.07755273,-9.741383
IMU,3379306870.0,1,-0.01478794,-0.04892549,-0.007523111,-0.04782191,0.02043503,-9.947692
IMU,3379347893.0,1,-0.008300506,-0.03687729,-0.01082792,-0.1291702,0.0639598,-9.869572
IMU,3379388030.0,1,-0.004449538,-0.03133989,-0.006792447,-0.1256453,0.2345787,-9.774379
IMU,3379427905.0,1,-0.008880341,-0.03999311,-0.006823262,-0.08773614,0.08119786,-9.836748
IMU,3379467614.0,1,-0.002382664,-0.02434901,-0.005258354,-0.07278012,-0.02177164,-9.927299
IMU,3379507552.0,1,-0.009351681,-0.02997041,-0.003077333,-0.03595156,0.04199952,-9.778687
IMU,3379548076.0,1,-0.003737131,-0.03716435,-0.01035299,-0.05376713,0.03556977,-9.803091
IMU,3379589263.0,1,-0.004962542,-0.03207738,-0.006414135,0.03128666,0.05414089,-9.783608
IMU,3379629116.0,1,-0.004099969,-0.03247015,-0.004008092,-0.006278715,0.009921226,-9.708304
IMU,3379669490.0,1,-0.004463293,-0.03012304,-0.01079117,-0.02432697,0.05310201,-9.774133
IMU,3379709115.0,1,-0.006111399,-0.03279382,-0.006312401,0.07230258,0.006349168,-9.81837
IMU,3379750509.0,1,-0.003984895,-0.03199598,-0.007897399,-0.0310225,0.113225,-9.809114
IMU,3379790119.0,1,-0.006534665,-0.03800747,-0.007606237,-0.06854723,0.04931343,-9.906052
IMU,3379830107.0,1,-0.004387911,-0.04022013,-0.0119552,-0.08273771,0.006594641,-9.756907
IMU,3379870120.0,1,-0.004317228,-0.03425272,-0.006096784,-0.0294905,0.2043975,-9.810994
IMU,3379910258.0,1,-0.004892851,-0.04046216,-0.008780178,-0.009014601,0.02212355,-9.745752
IMU,3379951568.0,1,-0.003876041,-0.03309972,-0.00676241,-0.05014842,0.07749388,-9.752945
IMU,3379991620.0,1,-0.006272954,-0.03465808,-0.006743046,-0.06898636,-0.03045791,-9.882881
IMU,3380031557.0,1,-0.006120821,-0.03649164,-0.008276219,-0.03207101,0.06252048,-9.714518
IMU,3380071597.0,1,-0.00511523,-0.0361601,-0.006686883,-0.06652084,0.02597618,-9.879422
IMU,3380112791.0,1,-0.005270541,-0.03456051,-0.006503923,-0.04669365,0.02447334,-9.769569
IMU,3380153070.0,1,-0.007356431,-0.0292144,-0.003343662,0.06001594,0.08933635,-9.71579
IMU,3380193105.0,1,-0.006114331,-0.03887608,-0.006022067,-0.05114409,0.1293107,-9.826153
IMU,3380233438.0,1,-0.003488672,-0.03549017,-0.006130843,-0.01778493,0.02092908,-9.695556
IMU,3380273504.0,1,-0.003910709,-0.03289449,-0.003050322,0.02364622,0.02009694,-9.866951
IMU,3380313079.0,1,-0.004222437,-0.03832377,-0.004560543,-0.07245149,0.1176126,-9.978813
IMU,3380354160.0,1,-0.006731533,-0.03170646,-0.003607157,0.03805196,0.1271816,-9.779007
IMU,3380394062.0,1,-0.003970605,-0.03907909,-0.007589926,-0.04199505,0.107689,-9.690604
IMU,3380434554.0,1,-0.003120235,-0.03622299,-0.007255627,0.07594611,0.07781739,-9.819488
IMU,3380474530.0,1,-0.006027182,-0.03115391,-0.005201876,-0.07506369,0.06976509,-9.742064
IMU,3380515241.0,1,-0.006301172,-0.03496511,-0.00697712,-0.0004726078,-0.006527584,-9.862498
IMU,3380555518.0,1,-0.004896376,-0.03818292,-0.009146807,0.007755798,-0.006913675,-9.814499
IMU,3380596149.0,1,-0.00483948,-0.03371455,-0.005035097,0.02320376,0.04845668,-9.772918
IMU,3380636143.0,1,-0.004064751,-0.03176791,-0.009404468,-0.02035916,0.03228413,-9.83874
IMU,3380675738.0,1,-0.005204024,-0.03567011,-0.008450142,0.01929378,0.1199796,-9.779197
IMU,3380716079.0,1,-0.004318914,-0.04321582,-0.007922526,0.01433631,0.02252845,-9.847354
IMU,3380757102.0,1,-0.002174967,-0.03673881,-0.007073076,-0.04112061,0.09703333,-9.743707
IMU,3376865323.0,2,-0.08825062,0.0784477,0.1223546,-0.1690881,-0.1041806,-7.401654
IMU,3376905747.0,2,-0.04295678,0.1262355,0.1469818,0.2088536,0.06327503,-8.850116
IMU,3376947619.0,2,-0.02982633,0.06277913,0.159321,0.4479676,-0.478133,-8.462528
IMU,3376990509.0,2,-0.07729787,0.0919513,0.1279732,-1.225969,0.2962759,-10.22014
IMU,3377030513.0,2,-0.03989347,0.136624,0.1393394,-0.8966398,-0.09456026,-9.908908
IMU,3377073867.0,2,0.01635242,0.05419192,0.1841764,-0.3156688,0.09324211,-8.52621
IMU,3377114290.0,2,0.05632919,-0.01415168,0.1877911,0.144099,0.1838914,-10.3263
IMU,3377155760.0,2,-0.01687101,0.03234484,0.1923895,0.04946092,-0.9960581,-8.259714
IMU,3377199209.0,2,0.06145556,0.1299207,0.1725684,-0.7686783,-0.7506366,-9.926098
IMU,3377238877.0,2,0.04261404,0.05910913,0.1803706,0.1272518,-0.7876903,-9.492717
IMU,3377283561.0,2,-0.1025763,0.09263597,0.198302,-0.3553599,-0.08641265,-10.17106
IMU,3377323041.0,2,-0.02444216,0.04675308,0.2078567,-0.3480159,-0.1998928,-8.93438
IMU,3377364559.0,2,-0.1019984,0.07266439,0.1961824,-0.3980712,-0.9005588,-10.36885
IMU,3377408267.0,2,-0.079322,0.04467476,0.1938219,0.04055185,1.122223,-8.488144
IMU,3377448132.0,2,-0.08931405,0.03737677,0.2105201,0.5217128,0.2230611,-8.527267
IMU,3377492119.0,2,-0.08256916,0.03533434,0.1989435,-0.4504089,-0.9925178,-9.494953
IMU,3377532130.0,2,-0.0274152,0.02515049,0.1792641,-0.5311148,-1.375421,-10.08175
IMU,3377573037.0,2,-0.09780958,-0.03023033,0.1739345,-0.5831932,0.2071758,-7.680954
IMU,3377613395.0,2,-0.05572155,-0.1641143,0.1437282,-0.008469034,-0.5871543,-1.463771
IMU,3377653316.0,2,-0.1196531,-0.2099621,0.04546057,-0.06759205,-0.06158679,-0.7223383
IMU,3377692870.0,2,-0.1717652,-0.1670012,-0.04506459,-0.06761411,-0.009296304,-0.620255
IMU,3377733069.0,2,-0.1902011,-0.1441529,-0.08625214,-0.03261434,-0.0537671,-0.1304808
IMU,3377774490.0,2,-0.2111781,-0.1214831,-0.1066001,-0.06634028,0.005558941,-0.3230855
IMU,3377814657.0,2,-0.2090323,-0.0806203,-0.1272678,-0.07043514,0.01207655,-0.3208683
IMU,3377854126.0,2,-0.2197333,-0.05734035,-0.1352134,-0.08817957,-0.008606652,-0.3109816
IMU,3377894490.0,2,-0.237862,-0.04584849,-0.1377833,-0.06546479,-0.04620823,-0.4808103
IMU,3377934122.0,2,-0.2641639,-0.04433141,-0.1384656,-0.08067406,-0.0356416,-0.5488571
IMU,3377975684.0,2,-0.2878261,-0.0248059,-0.1462111,-0.07711597,-0.02147191,-0.5802261
IMU,3378015840.0,2,-0.2810217,-0.03053251,-0.1554,-0.07300247,0.01570284,-0.6723211
IMU,3378055282.0,2,-0.2566242,-0.0283129,-0.1663679,-0.0567643,0.03590656,-0.7571266
IMU,3378095552.0,2,-0.2353506,-0.02061567,-0.1783573,-0.05274796,0.02477434,-0.8281131
IMU,3378135264.0,2,-0.2330858,-0.0176712,-0.188373,-0.04434159,-0.001619694,-0.9305601
IMU,3378177037.0,2,-0.2497238,-0.01656654,-0.2003777,-0.04300605,-0.0009429289,-1.016473
IMU,3378216633.0,2,-0.2640623,-0.02163929,-0.2113335,-0.03924074,-0.01192918,-1.124467
IMU,3378257150.0,2,-0.2954618,-0.0338953,-0.2215683,-0.02247971,-0.005075417,-1.273978
IMU,3378299290.0,2,-0.317058,-0.0427872,-0.2308335,-0.009506197,0.02867926,-1.318698
IMU,3378340155.0,2,-0.3195806,-0.05734988,-0.2355297,-0.02226869,0.02369327,-1.437583
IMU,3378380497.0,2,-0.3026609,-0.08057243,-0.2476605,0.01001927,0.07945922,-1.556279
IMU,3378420567.0,2,-0.2700223,-0.1112697,-0.2574339,0.0253376,0.09519234,-1.723395
IMU,3378461167.0,2,-0.238123,-0.1382684,-0.2698225,0.006482571,0.1045136,-1.85563
IMU,3378500634.0,2,-0.2271396,-0.1379984,-0.282076,0.02421293,0.05429315,-1.972
IMU,3378540634.0,2,-0.237728,-0.1235252,-0.2938856,0.02824186,0.145928,-2.048495
IMU,3378582103.0,2,0.2491985,0.2320206,-0.3073895,-0.9796357,1.989042,-8.154469
IMU,3378621638.0,2,0.9308768,0.9578335,-0.3916529,0.004036167,1.954233,-8.925646
IMU,3378662126.0,2,0.326936,1.154025,-0.668766,-2.38395,3.57134,-26.8479
IMU,3378701781.0,2,-0.1588318,-0.7860495,-0.4268393,1.599007,10.486,-55.04057
IMU,3378743000.0,2,2.387455,0.4495077,1.189724,-16.51482,24.0713,-112.3021
IMU,3378783261.0,2,0.8785026,0.3143828,0.3904265,1.791672,-7.437199,-15.11702
IMU,3378822645.0,2,1.124817,-0.7391374,0.1641727,0.8507559,-1.567054,4.047258
IMU,3378862744.0,2,1.082905,-0.9044465,-0.1256835,1.625777,-0.02699399,0.5726787
IMU,3378903630.0,2,0.06574725,-0.1209328,-0.2406004,2.181597,0.5203674,-5.057707
IMU,3378944542.0,2,-0.4387998,0.1738246,0.1347912,0.2887988,-0.2429003,-9.013368
IMU,3378984213.0,2,-0.508266,0.1906277,0.2879612,-1.007859,-0.5318055,-12.70551
IMU,3379024210.0,2,-0.1235401,-0.05292646,0.1112247,-1.273911,0.001725519,-12.80232
IMU,3379064652.0,2,0.1125387,-0.003220846,-0.1357116,-0.2104453,-0.3301862,-9.307076
IMU,3379105247.0,2,0.01997695,0.09187148,0.01686658,0.4399583,-0.1604687,-9.02876
IMU,3379145794.0,2,-0.02516633,-0.03456707,0.002775255,-0.1239741,-0.01103342,-10.25905
IMU,3379185799.0,2,0.007094889,0.006521242,-0.003582424,-0.1052134,-0.2804708,-9.707047
IMU,3379225781.0,2,0.0007740043,-0.008889234,-0.01655985,-0.05403373,-0.1809089,-9.877204
IMU,3379266518.0,2,-0.004297019,-0.005488848,0.0008516167,0.01434493,-0.220554,-9.679996
IMU,3379306870.0,2,-0.005994811,-0.01090287,-0.004773855,-0.04095745,-0.2235076,-9.862792
IMU,3379347893.0,2,0.003401381,0.006090657,-0.008192303,-0.1236706,-0.1402948,-9.842166
IMU,3379388030.0,2,0.00259519,0.004307628,0.003395812,0.0271168,-0.1655402,-9.70509
IMU,3379427905.0,2,-0.00420082,-0.002570012,0.002208297,-0.1076128,-0.1803813,-9.815704
IMU,3379467614.0,2,0.005308379,0.007245909,0.0008074661,-0.06325913,-0.1777241,-9.828266
IMU,3379507552.0,2,-0.001728865,0.003948666,-0.0008647946,-0.004644243,-0.1614701,-9.761286
IMU,3379548076.0,2,0.003473873,-0.0008655,0.0005559447,-0.06153402,-0.2088126,-9.820793
IMU,3379589263.0,2,0.001694072,0.002233131,-0.004265094,-0.03071256,-0.1648953,-9.795362
IMU,3379629116.0,2,0.0004526218,0.003752121,0.001000145,-0.07550149,-0.1842364,-9.811183
IMU,3379669490.0,2,0.001528011,0.002564095,-0.003564907,-0.05112169,-0.195801,-9.786725
IMU,3379709115.0,2,0.0001001235,0.00297891,4.705741e-05,-0.02888989,-0.1799082,-9.818623
IMU,3379750509.0,2,0.001143325,0.004827986,-6.899226e-05,-0.05153133,-0.1849454,-9.79383
IMU,3379790119.0,2,0.00177338,0.004249447,-0.0008060019,-0.04598594,-0.177943,-9.831421
IMU,3379830107.0,2,0.001388985,-0.0002154926,-0.0006300358,-0.04508009,-0.205743,-9.799714
IMU,3379870120.0,2,0.0005326221,0.002838037,-0.000902658,-0.02637494,-0.1794732,-9.822079
IMU,3379910258.0,2,-0.002287548,0.001996848,-0.0004174072,-0.04403652,-0.187176,-9.781976
IMU,3379951568.0,2,0.00230922,0.002184487,-0.0006243687,-0.03996194,-0.2042767,-9.811815
IMU,3379991620.0,2,-0.000848888,0.002393699,-0.0003106135,-0.04030015,-0.1833649,-9.776882
IMU,3380031557.0,2,-0.0008645698,0.003561286,-0.0009643331,-0.03833397,-0.2022269,-9.788638
IMU,3380071597.0,2,-0.002108362,0.003024008,-0.000352016,-0.03943994,-0.185056,-9.812211
IMU,3380112791.0,2,0.001233584,0.002404745,-0.001952234,-0.05575451,-0.2048226,-9.800529
IMU,3380153070.0,2,-0.000520392,0.001177285,-0.001721456,-0.04015826,-0.1659031,-9.783325
IMU,3380193105.0,2,0.001394788,0.002523691,0.0003388217,-0.02673414,-0.1940905,-9.831146
IMU,3380233438.0,2,0.001080858,0.003117157,-0.002057576,-0.0510637,-0.1807098,-9.80309
IMU,3380273504.0,2,-0.001329133,0.003736038,0.000967887,-0.04732856,-0.1820217,-9.794735
IMU,3380313079.0,2,0.002242852,0.0017845,-0.001444572,-0.04072909,-0.1905261,-9.816086
IMU,3380354160.0,2,-0.0002834001,0.001657261,-0.001209689,-0.03337327,-0.1877883,-9.784472
IMU,3380394062.0,2,0.0002944129,1.372367e-05,0.0001705368,-0.04023977,-0.1889713,-9.806659
IMU,3380434554.0,2,0.001633285,0.002058105,-0.002221279,-0.03123407,-0.2015097,-9.824504
IMU,3380474530.0,2,-0.0009881853,0.002145782,-0.001250609,-0.02902774,-0.1830732,-9.794825
IMU,3380515241.0,2,0.001205876,0.001524054,-0.001614241,-0.03646069,-0.1876197,-9.80689
IMU,3380555518.0,2,-0.0007726159,0.00281267,7.372921e-05,-0.03893484,-0.1808858,-9.803973
IMU,3380596149.0,2,0.0006100538,0.004057111,-0.003037184,-0.04389367,-0.2013005,-9.775717
IMU,3380636143.0,2,0.002226509,0.002159359,-0.001493154,-0.04143998,-0.1887134,-9.807726
IMU,3380675738.0,2,-0.0003595597,0.001357163,-0.001239716,-0.04374599,-0.1885925,-9.777267
IMU,3380716079.0,2,0.001017884,0.001754041,-0.0005178492,-0.04209486,-0.2018433,-9.82054
IMU,3380757102.0,2,0.001820705,0.001873445,0.0002337715,-0.0403634,-0.1803117,-9.806405
