ARM,3992653255.0,0.0
AHR2,3991693384.0,-2.51,-4.33,59.79,467.07,43.2382699,-7.6818874
AHR2,3991795856.0,-1.15,-3.49,56.08,467.33,43.2382711,-7.6818841
AHR2,3991897734.0,0.52,-2.22,53.42,467.26,43.2382717,-7.6818818
AHR2,3992001753.0,0.6,-1.98,52.47,467.26,43.2382723,-7.6818796
AHR2,3992102081.0,1.2,-1.97,51.94,467.66,43.2382729,-7.6818773
AHR2,3992210141.0,0.89,-1.71,52.17,467.55,43.2382732,-7.6818755
AHR2,3992314758.0,1.57,-1.54,52.79,467.58,43.2382736,-7.6818733
AHR2,3992419651.0,0.28,-1.8,53.87,467.72,43.2382743,-7.6818712
AHR2,3992523435.0,-0.95,-2.98,54.75,467.94,43.2382749,-7.681869
AHR2,3992628775.0,-0.75,-3.89,54.94,467.9,43.2382752,-7.6818675
AHR2,3992728793.0,-1.11,-4.24,54.59,468.02,43.2382758,-7.6818654
AHR2,3992829279.0,-1.41,-5.01,53.49,467.93,43.2382768,-7.6818629
AHR2,3992929524.0,-1.67,-5.81,51.93,467.8,43.2382774,-7.6818608
AHR2,3993030022.0,-1.85,-7.05,50.25,467.69,43.2382783,-7.6818587
AHR2,3993130092.0,-2.03,-8.28,48.58,467.82,43.238279,-7.6818567
AHR2,3993230880.0,-2.31,-9.28,46.91,467.57,43.2382797,-7.6818546
AHR2,3993330747.0,-2.92,-9.96,45.36,467.54,43.2382804,-7.6818525
AHR2,3993432149.0,-4.27,-10.02,43.93,467.26,43.2382815,-7.68185
AHR2,3993532600.0,-6.09,-9.74,42.69,466.85,43.2382822,-7.681848
AHR2,3993633604.0,-8.07,-8.96,41.5,466.32,43.2382824,-7.6818471
AHR2,3993733843.0,-8.12,-3.14,39.98,465.85,43.238283,-7.6818452
AHR2,3993834545.0,-15.99,4.82,43.32,465.31,43.2382842,-7.6818421
AHR2,3993934602.0,-16.23,-13.76,41.24,463.29,43.2382849,-7.6818401
AHR2,3994035866.0,-21.81,-11.71,42.97,462.18,43.238279,-7.6818444
AHR2,3994136511.0,-21.78,-11.79,42.95,462.5,43.2382776,-7.6818444
AHR2,3994237106.0,-21.89,-11.7,42.98,462.6,43.2382783,-7.6818435
AHR2,3994337114.0,-22.07,-11.47,43.05,462.67,43.2382775,-7.6818432
AHR2,3994438553.0,-22.14,-11.39,43.13,462.51,43.2382791,-7.6818437
AHR2,3994538509.0,-22.18,-11.33,43.2,462.61,43.2382791,-7.6818436
AHR2,3994639770.0,-22.22,-11.26,43.28,462.78,43.2382792,-7.6818435
AHR2,3994739844.0,-22.25,-11.21,43.35,462.71,43.2382791,-7.6818434
AHR2,3994840878.0,-22.28,-11.15,43.41,462.64,43.238279,-7.6818431
AHR2,3994943549.0,-22.31,-11.1,43.48,462.69,43.2382791,-7.6818427
AHR2,3995044519.0,-22.34,-11.05,43.55,462.61,43.238279,-7.6818426
AHR2,3995144254.0,-22.37,-10.99,43.62,462.65,43.238279,-7.6818424
AHR2,3995245161.0,-22.4,-10.95,43.68,462.69,43.2382792,-7.681842
AHR2,3995345103.0,-22.43,-10.9,43.74,462.56,43.2382794,-7.6818417
AHR2,3995446815.0,-22.45,-10.85,43.8,462.75,43.2382794,-7.6818416
ATT,3991692726.0,-1.596284,-2.28671,-3.669807,-4.308941,65.24384,61.82075
ATT,3991795261.0,-0.8705024,-0.8932816,-3.454062,-3.507151,63.50529,57.86617
ATT,3991897109.0,-0.415047,0.7676387,-3.141757,-2.244578,62.33255,55.05338
ATT,3992000899.0,-0.1332998,0.82724,-2.966802,-2.023699,61.5657,53.92364
ATT,3992101324.0,0.04074547,1.387459,-2.739898,-2.035117,61.15969,53.21958
ATT,3992209517.0,0.1718481,1.052769,-2.624652,-1.821092,61.00525,53.24348
ATT,3992314061.0,-0.154802,1.656218,-2.753543,-1.843604,91.17313,83.76941
ATT,3992418859.0,-0.5448073,0.41607,-2.854167,-2.066846,89.60519,82.01588
ATT,3992522771.0,-0.7957733,-0.6227458,-3.236723,-3.117789,86.10346,75.5866
ATT,3992628049.0,-0.6051193,-0.2708695,-3.44175,-3.846981,80.59727,70.62791
ATT,3992728125.0,-0.3028259,-0.664329,-2.251232,-4.022129,68.35384,68.34391
ATT,3992828731.0,-0.1537246,-1.109269,-1.142797,-4.739069,67.83475,67.81815
ATT,3992928848.0,-0.07848027,-1.503442,-0.5834286,-5.527522,66.57494,66.55243
ATT,3993029313.0,-0.03991699,-1.974011,-0.2967474,-6.454451,64.56564,64.53605
ATT,3993129538.0,-0.02037812,-2.540391,-0.1514944,-7.227455,62.27541,62.23726
ATT,3993230279.0,-0.01035215,-3.088123,-0.0769603,-7.965866,59.98314,59.93669
ATT,3993330100.0,-0.005285403,-3.922333,-0.03929291,-8.470801,57.91235,57.85328
ATT,3993431597.0,-0.002682102,-5.454809,-0.01993936,-8.524602,56.12029,56.0382
ATT,3993531869.0,-0.001363707,-7.439844,-0.0101381,-8.265369,54.60645,54.49473
ATT,3993633075.0,-0.0006900997,-9.484989,-0.005130345,-7.520357,53.1117,52.96975
ATT,3993733065.0,-0.0003523223,-9.530114,-0.002619246,-1.764582,51.09062,50.94917
ATT,3993833901.0,-0.0001786144,-17.30347,-0.001327857,6.555664,54.04019,53.78448
ATT,3993934092.0,-9.118953e-05,-17.46294,-0.0006779206,-11.76343,52.26679,52.00507
ATT,3994035258.0,-5.370979e-05,-22.69369,-0.0003992893,-9.092223,48.38721,48.05362
ATT,3994135786.0,-5.272522e-05,-23.0191,-0.0003919691,-8.631462,43.00991,42.6722
ATT,3994236444.0,-4.961273e-05,-23.0294,-0.0003688299,-8.296584,40.71245,40.37488
ATT,3994336557.0,-4.961276e-05,-22.99879,-0.0003688299,-8.080138,40.5323,40.19535
ATT,3994437993.0,-4.766303e-05,-22.96315,-0.0003543352,-8.054621,41.27427,40.93782
ATT,3994537815.0,-4.67098e-05,-22.93635,-0.0003472484,-8.099224,42.01191,41.67581
ATT,3994639130.0,-4.478259e-05,-22.91665,-0.0003329214,-8.160388,42.61372,42.27783
ATT,3994739141.0,-4.478266e-05,-22.90228,-0.0003329213,-8.229675,43.06963,42.73389
ATT,3994840302.0,-4.385595e-05,-22.87535,-0.0003260322,-8.303944,43.52768,43.19224
ATT,3994943007.0,-4.385594e-05,-22.85946,-0.0003260321,-8.369626,43.92774,43.59248
ATT,3995043827.0,-4.292912e-05,-22.83322,-0.000319142,-8.450085,44.41364,44.07867
ATT,3995143630.0,-4.292915e-05,-22.81641,-0.000319142,-8.502344,44.75523,44.42045
ATT,3995244557.0,-4.292918e-05,-22.79346,-0.000319142,-8.580355,45.15649,44.82196
ATT,3995344528.0,-4.292911e-05,-22.78058,-0.0003191419,-8.636108,45.48788,45.15348
ATT,3995446120.0,-4.292912e-05,-22.76967,-0.0003191419,-8.725345,45.89452,45.56019
BARO,3991722589.0,0,0.1047058,468.9847,96560.31
BARO,3991825823.0,0,0.03405762,468.914,96561.08
BARO,3991927154.0,0,0.03686523,468.9168,96561.04
BARO,3992031500.0,0,0.4381409,469.3181,96556.69
BARO,3992133779.0,0,0.3251038,469.2051,96557.93
BARO,3992237480.0,0,0.3590088,469.239,96557.56
BARO,3992339833.0,0,0.4918213,469.3718,96556.12
BARO,3992443835.0,0,0.7122192,469.5922,96553.74
BARO,3992547777.0,0,0.6726685,469.5526,96554.17
BARO,3992653565.0,0,0.7969971,469.677,96552.81
BARO,3992753225.0,0,0.7009277,469.5809,96553.86
BARO,3992853908.0,0,0.5765991,469.4566,96555.2
BARO,3992954030.0,0,0.463562,469.3435,96556.41
BARO,3993054522.0,0,0.5935364,469.4735,96555.02
BARO,3993154525.0,0,0.3448792,469.2249,96557.7
BARO,3993255236.0,0,0.3138123,469.1938,96558.04
BARO,3993356739.0,0,0.03405762,468.914,96561.08
BARO,3993457253.0,0,-0.3700256,468.5099,96565.45
BARO,3993557228.0,0,-0.9012451,467.9787,96571.2
BARO,3993657996.0,0,-1.370331,467.5096,96576.25
BARO,3993759102.0,0,-1.91568,466.9643,96582.16
BARO,3993859052.0,0,-3.938904,464.9411,96604.02
BARO,3993960515.0,0,-5.0466,463.8334,96616.03
BARO,3994060304.0,0,-4.727295,464.1527,96612.56
BARO,3994161559.0,0,-4.622742,464.2572,96611.45
BARO,3994261544.0,0,-4.554901,464.3251,96610.7
BARO,3994362835.0,0,-4.718811,464.1612,96612.47
BARO,3994462752.0,0,-4.614258,464.2657,96611.35
BARO,3994562811.0,0,-4.441895,464.4381,96609.47
BARO,3994664247.0,0,-4.51535,464.3646,96610.27
BARO,3994764597.0,0,-4.588837,464.2911,96611.05
BARO,3994865033.0,0,-4.537964,464.342,96610.52
BARO,3994966557.0,0,-4.61142,464.2686,96611.3
BARO,3995066628.0,0,-4.574707,464.3053,96610.91
BARO,3995167220.0,0,-4.532318,464.3477,96610.47
BARO,3995267284.0,0,-4.665131,464.2148,96611.89
BARO,3995368126.0,0,-4.478607,464.4014,96609.86
BARO,3995469058.0,0,-4.492737,464.3872,96610.02
BARO,3991722589.0,1,0.5426941,469.4227,96542.77
BARO,3991825823.0,1,0.07644653,468.9564,96547.8
BARO,3991927154.0,1,0.3674927,469.2475,96544.65
BARO,3992031500.0,1,0.4776917,469.3577,96543.48
BARO,3992133779.0,1,0.7828674,469.6628,96540.16
BARO,3992237480.0,1,0.6302795,469.5103,96541.82
BARO,3992339833.0,1,0.6387634,469.5187,96541.73
BARO,3992443835.0,1,0.3251038,469.2051,96545.11
BARO,3992547777.0,1,1.124786,470.0048,96536.46
BARO,3992653565.0,1,0.9721985,469.8522,96538.13
BARO,3992753225.0,1,1.0513,469.9313,96537.28
BARO,3992853908.0,1,0.9693604,469.8493,96538.16
BARO,3992954030.0,1,0.8845825,469.7646,96539.07
BARO,3993054522.0,1,0.8422241,469.7222,96539.54
BARO,3993154525.0,1,0.573761,469.4537,96542.43
BARO,3993255236.0,1,0.5596313,469.4396,96542.59
BARO,3993356739.0,1,0.03405762,468.914,96548.28
BARO,3993457253.0,1,0.06231689,468.9423,96547.95
BARO,3993557228.0,1,-0.5791321,468.3008,96554.9
BARO,3993657996.0,1,-1.056671,467.8233,96560.05
BARO,3993759102.0,1,-1.664215,467.2158,96566.63
BARO,3993859052.0,1,-4.614258,464.2657,96598.52
BARO,3993960515.0,1,-5.148315,463.7317,96604.31
BARO,3994060304.0,1,-4.585999,464.294,96598.22
BARO,3994161559.0,1,-4.391022,464.489,96596.13
BARO,3994261544.0,1,-4.399506,464.4805,96596.22
BARO,3994362835.0,1,-4.362762,464.5172,96595.8
BARO,3994462752.0,1,-4.413635,464.4663,96596.37
BARO,3994562811.0,1,-4.444702,464.4353,96596.69
BARO,3994664247.0,1,-4.261047,464.6189,96594.7
BARO,3994764597.0,1,-4.150848,464.7291,96593.52
BARO,3994865033.0,1,-4.328857,464.5511,96595.44
BARO,3994966557.0,1,-4.617065,464.2629,96598.56
BARO,3995066628.0,1,-4.399506,464.4805,96596.22
BARO,3995167220.0,1,-4.40799,464.472,96596.3
BARO,3995267284.0,1,-4.39386,464.4861,96596.15
BARO,3995368126.0,1,-4.546448,464.3335,96597.79
BARO,3995469058.0,1,-4.520996,464.359,96597.52
GPS,3991738109.0,4,22,43.2382701,-7.6818881,466.53,1.98,-0.951,0.0
GPS,3991942770.0,4,22,43.2382714,-7.6818835,466.78,1.929,-1.03,0.0
GPS,3992149085.0,4,22,43.2382724,-7.6818793,467.0,1.813,-0.9540001,0.0
GPS,3992339617.0,4,22,43.2382733,-7.6818752,467.22,1.776,-1.083,0.0
GPS,3992570595.0,4,22,43.2382743,-7.6818711,467.42,1.8,-1.022,0.0
GPS,3992756258.0,4,22,43.2382755,-7.6818669,467.61,1.881,-0.9810001,0.0
GPS,3992956746.0,4,22,43.238277,-7.6818626,467.61,1.834,0.96,0.0
GPS,3993157745.0,4,22,43.2382785,-7.6818584,467.21,1.81,2.934,0.0
GPS,3993338053.0,4,22,43.23828,-7.6818542,466.42,1.813,4.81,0.0
GPS,3993580258.0,4,22,43.2382813,-7.6818503,465.24,1.698,6.664001,0.0
GPS,3993741280.0,4,22,43.2382827,-7.6818463,463.76,1.827,8.151,0.0
GPS,3993944602.0,4,22,43.2382819,-7.6818443,462.25,1.558,6.004,0.0
GPS,3994146808.0,4,22,43.2382798,-7.6818441,461.69,0.8790001,-0.093,0.0
GPS,3994349117.0,4,22,43.2382791,-7.6818438,461.68,0.054,0.286,0.0
GPS,3994570841.0,4,22,43.2382792,-7.6818437,461.66,0.115,0.25,0.0
GPS,3994754495.0,4,22,43.238279,-7.6818433,461.62,0.09100001,0.281,0.0
GPS,3994935615.0,4,22,43.2382791,-7.6818428,461.64,0.122,0.205,0.0
GPS,3995156544.0,4,22,43.2382793,-7.6818423,461.69,0.147,0.216,0.0
GPS,3995337873.0,4,22,43.2382794,-7.6818418,461.69,0.083,0.138,0.0
IMU,3991680107.0,0,0.2659194,0.1224197,-0.9557021,-1.042232,-0.3146535,-11.4301
IMU,3991720367.0,0,0.2753664,0.05113057,-0.7184487,-0.9623805,0.03457859,-10.42876
IMU,3991761234.0,0,0.0776278,0.1206017,-0.615352,0.2121645,-0.272021,-11.44432
IMU,3991803085.0,0,0.4197206,0.2354986,-0.5987033,-1.371646,-0.2140907,-10.40194
IMU,3991842685.0,0,0.2199002,0.2437749,-0.4022466,-0.365565,-1.352306,-10.26586
IMU,3991884541.0,0,-0.02551859,0.05852551,-0.3666551,-0.4238516,0.09579074,-10.09995
IMU,3991925041.0,0,-0.02049104,-0.01477464,-0.2838269,-0.3068542,-1.013035,-10.17944
IMU,3991970747.0,0,0.2004471,0.04577494,-0.263751,-0.5376959,1.326571,-10.50808
IMU,3992011790.0,0,-0.1663487,0.0841912,-0.0674994,-0.5704718,-1.312871,-9.620421
IMU,3992051486.0,0,-0.1377977,0.03975935,-0.08446544,-0.9455264,-0.223299,-9.426989
IMU,3992091305.0,0,-0.002415813,-0.06813285,0.01676735,-0.4755329,0.9607295,-9.82083
IMU,3992133895.0,0,-0.02432586,-0.02470408,0.03078059,0.7816644,-0.8149831,-10.85753
IMU,3992174801.0,0,0.105405,0.01819951,-0.08803345,-1.273601,-0.1032085,-10.19023
IMU,3992217522.0,0,0.1121203,0.06895912,0.107981,-0.7555966,-0.6561086,-9.370621
IMU,3992257288.0,0,0.06130362,0.02891136,0.1225599,0.1342861,-0.4231304,-10.02787
IMU,3992297461.0,0,0.03915458,-0.01868595,0.1175318,-0.4210946,0.09278951,-9.786282
IMU,3992340033.0,0,-0.2392893,-0.01519532,0.1722798,-0.3165186,-0.9590696,-8.481543
IMU,3992385226.0,0,-0.07513126,0.008807672,0.08218703,-0.1204853,0.0005981634,-10.05538
IMU,3992426614.0,0,-0.246442,-0.05251821,0.101416,-0.7367159,-1.004458,-9.2458
IMU,3992466636.0,0,-0.1153368,-0.138393,0.1524233,-0.4808721,-0.1870983,-9.213874
IMU,3992510083.0,0,-0.1443921,-0.05969065,0.006704893,-1.326977,-0.8589821,-9.761834
IMU,3992550517.0,0,-0.08209746,-0.1041263,0.07327791,-0.8199279,-0.7992943,-8.494433
IMU,3992593461.0,0,-0.03337438,-0.1908791,-0.08198033,-0.6452827,0.3891158,-9.673722
IMU,3992636133.0,0,-0.1174044,-0.1610701,0.02989933,-0.650626,-0.07572578,-8.395994
IMU,3992675814.0,0,-0.09131855,-0.06176223,-0.04193411,0.226052,-0.6908396,-9.970497
IMU,3992716037.0,0,0.0001470655,-0.09399956,-0.165341,-0.6387171,0.3479852,-1.930905
IMU,3992756463.0,0,-0.04073055,-0.08958443,-0.1577157,-0.4082496,0.564463,-0.6203759
IMU,3992796606.0,0,-0.05885855,-0.1080987,-0.2330411,-0.3216329,-0.2612241,-0.2933547
IMU,3992837081.0,0,-0.06692057,-0.1239979,-0.2602994,-0.1239974,0.0287158,-0.2269577
IMU,3992876860.0,0,-0.07918447,-0.1283849,-0.2808915,-0.1447374,-0.03794612,-0.07780996
IMU,3992916556.0,0,-0.07342958,-0.1331453,-0.3065124,-0.1004526,-0.08220371,-0.1878853
IMU,3992957163.0,0,-0.09830711,-0.1391875,-0.3097455,-0.06699832,-0.08739442,-0.1146074
IMU,3992997954.0,0,-0.1046739,-0.1555882,-0.306731,-0.0849633,-0.09843697,-0.2545348
IMU,3993037517.0,0,-0.1043202,-0.1562501,-0.3042643,-0.1172179,-0.0928008,-0.2497623
IMU,3993077009.0,0,-0.1270386,-0.1277072,-0.2997715,-0.1129819,-0.1066559,-0.3051267
IMU,3993117010.0,0,-0.134802,-0.1078769,-0.3056479,-0.1153064,-0.0833528,-0.3449152
IMU,3993157820.0,0,-0.1275766,-0.1104052,-0.3075039,-0.1231381,-0.04437436,-0.4535478
IMU,3993197831.0,0,-0.1216399,-0.1184282,-0.3022289,-0.1215035,-0.07631449,-0.5302167
IMU,3993238220.0,0,-0.1277542,-0.1126736,-0.2927134,-0.1255953,-0.08853947,-0.6142563
IMU,3993277778.0,0,-0.1560895,-0.08711611,-0.2856114,-0.1495001,-0.112373,-0.6756622
IMU,3993317735.0,0,-0.2055733,-0.050878,-0.2806937,-0.1403717,-0.1160892,-0.7945989
IMU,3993359065.0,0,-0.2556381,-0.01409874,-0.2695799,-0.1299962,-0.0958406,-0.9470654
IMU,3993398793.0,0,-0.2994827,0.01576963,-0.2601115,-0.1337336,-0.09847475,-1.106961
IMU,3993439174.0,0,-0.3384376,0.04040208,-0.2447481,-0.1347499,-0.07610389,-1.209266
IMU,3993479559.0,0,-0.3645548,0.05904362,-0.2289815,-0.1444359,-0.0443867,-1.331199
IMU,3993519641.0,0,-0.37425,0.08301403,-0.2166459,-0.1613529,-0.01670897,-1.505813
IMU,3993560039.0,0,-0.3674992,0.1190288,-0.2075106,-0.1177237,0.03825869,-1.623329
IMU,3993600592.0,0,-0.3692099,0.1655317,-0.2048048,-0.1412358,0.0271437,-1.744099
IMU,3993640850.0,0,-0.3891725,0.2059311,-0.191808,-0.1187547,0.008277841,-1.866675
IMU,3993680755.0,0,-0.3500995,0.2972221,-0.1716359,-0.8299248,0.9877087,-2.845826
IMU,3993720314.0,0,0.3005235,1.767361,-0.1348044,-1.82266,4.395044,-11.14265
IMU,3993761755.0,0,3.453541,2.847985,0.4653415,-2.362073,1.110351,-20.64297
IMU,3993802436.0,0,-0.4934813,0.7245392,0.9617955,3.291861,-6.590059,-55.04755
IMU,3993841572.0,0,-8.657135,-1.188772,-0.458818,13.64537,15.01972,-73.18731
IMU,3993881838.0,0,7.102153,-5.944076,-3.72173,-40.65079,53.91016,-100.4684
IMU,3993921501.0,0,-1.442976,-0.5317141,0.09170377,-17.5402,-15.2297,-7.641758
IMU,3993963478.0,0,-1.194694,-0.02474096,0.4382291,-2.36599,1.403216,-5.255833
IMU,3994003036.0,0,-0.791925,0.5712352,0.4354469,0.1246684,4.851528,-6.287485
IMU,3994042639.0,0,-0.4796737,0.2234761,0.1799635,1.79382,6.125429,-6.700224
IMU,3994083129.0,0,-0.03373079,-0.02030045,0.04020152,0.696433,3.918967,-6.644967
IMU,3994123090.0,0,0.1270801,0.06631551,-0.06083362,-1.442651,3.473966,-9.107911
IMU,3994164477.0,0,0.0339387,-0.04280609,-0.07516378,-2.01285,3.502098,-9.412129
IMU,3994203851.0,0,-0.0108914,-0.01008384,0.03314061,-1.962241,4.031249,-8.945864
IMU,3994244281.0,0,0.007135416,0.01392616,-0.002388229,-1.349465,3.917997,-8.821895
IMU,3994283832.0,0,0.01464127,-0.002457754,-0.00688596,-1.431924,3.737626,-8.852883
IMU,3994324063.0,0,0.005392956,-0.001197682,-0.002763891,-1.625209,3.846301,-8.938918
IMU,3994365140.0,0,0.005398603,0.0009580535,0.004400709,-1.445858,3.831981,-8.882188
IMU,3994405048.0,0,0.01044534,0.0003353739,-0.0006463557,-1.557711,3.832224,-8.896489
IMU,3994445625.0,0,-0.0004398031,-0.006333758,0.004554226,-1.453088,3.839578,-8.89296
IMU,3994485885.0,0,0.007253851,-0.001005874,-0.002495666,-1.558888,3.883156,-8.879385
IMU,3994525604.0,0,0.01038784,8.87405e-05,0.0003802253,-1.485106,3.837359,-8.885181
IMU,3994565510.0,0,0.004766474,-0.002244541,0.005878941,-1.522361,3.78201,-8.938779
IMU,3994606760.0,0,0.009428884,0.001175897,0.0005953697,-1.517578,3.900192,-8.821279
IMU,3994647130.0,0,0.009974447,-0.0004408314,-3.264461e-05,-1.506686,3.784423,-8.939219
IMU,3994686813.0,0,0.004461355,-0.004980068,0.005354377,-1.492661,3.849339,-8.857314
IMU,3994727146.0,0,0.009787509,-0.002907771,-0.002885682,-1.492712,3.84636,-8.858793
IMU,3994770065.0,0,0.007876796,-0.003185501,0.00121675,-1.538732,3.849403,-8.919696
IMU,3994811020.0,0,0.009573896,-0.002598295,-0.0002044131,-1.485656,3.842125,-8.882112
IMU,3994850082.0,0,0.009148719,-0.002226215,0.0002777959,-1.525021,3.857048,-8.89092
IMU,3994890053.0,0,0.00818531,-0.004457438,0.001187054,-1.494247,3.811937,-8.909577
IMU,3994930286.0,0,0.006129412,-0.003942878,0.0001540456,-1.506666,3.828623,-8.874882
IMU,3994971882.0,0,0.0096318,-0.002250948,-0.0004302569,-1.530417,3.831407,-8.897676
IMU,3995012054.0,0,0.006686209,-0.001331615,0.002028418,-1.53575,3.851734,-8.892782
IMU,3995051516.0,0,0.00825205,-0.00335591,-2.264756e-05,-1.506803,3.83004,-8.895617
IMU,3995091518.0,0,0.007725738,-0.002140837,0.002422738,-1.531151,3.846125,-8.895123
IMU,3995131637.0,0,0.009028987,-0.001634338,0.000405819,-1.512267,3.816736,-8.888554
IMU,3995172649.0,0,0.007784838,-0.004593952,0.0008386821,-1.516005,3.822803,-8.883651
IMU,3995212333.0,0,0.009796343,-0.001909461,-0.0006184267,-1.535043,3.864119,-8.873892
IMU,3995252627.0,0,0.00936047,-0.00126495,0.002393064,-1.498588,3.81319,-8.902128
IMU,3995292171.0,0,0.007852599,-0.002263792,0.001410991,-1.524408,3.853336,-8.884058
IMU,3995332309.0,0,0.008922477,-0.0005304193,0.002690506,-1.535187,3.84399,-8.890619
IMU,3995373053.0,0,0.006890813,-0.003161796,0.0008669847,-1.497928,3.848456,-8.879851
IMU,3995412892.0,0,0.008212917,-0.0009295576,0.001064021,-1.521566,3.832387,-8.88868
IMU,3995454031.0,0,0.008222206,-0.002073431,0.0001717881,-1.523935,3.830049,-8.882672
IMU,3995494273.0,0,0.008502061,-0.001523202,0.00103326,-1.511234,3.846503,-8.869565
IMU,3995533846.0,0,0.00783403,-0.002338502,0.0009645496,-1.505083,3.837841,-8.877944
IMU,3995574093.0,0,0.007615809,-0.0009446968,0.001037166,-1.515177,3.849446,-8.888391
IMU,3991680107.0,1,0.1541188,0.06697849,-0.826483,-1.355887,-0.09730665,-11.33473
IMU,3991720367.0,1,0.2493276,0.06799739,-0.7061521,-0.8964227,0.1195286,-10.31586
IMU,3991761234.0,1,0.04976859,0.06120159,-0.5756533,1.190658,-0.2663852,-10.39818
IMU,3991803085.0,1,0.298573,0.1696122,-0.5839167,-1.767294,-0.2950948,-10.59135
IMU,3991842685.0,1,0.2571455,0.1717389,-0.4305828,-0.7965533,-1.742792,-10.81686
IMU,3991884541.0,1,0.0007131285,0.05468937,-0.4009787,0.1528387,0.00293842,-9.977204
IMU,3991925041.0,1,0.01426698,-0.02769226,-0.3120391,0.07135174,-1.176483,-10.21568
IMU,3991970747.0,1,0.1333729,0.008497637,-0.2813219,-0.9961805,0.7481039,-11.00201
IMU,3992011790.0,1,-0.05466278,0.04638808,-0.1289378,-0.5399671,-1.285915,-8.862673
IMU,3992051486.0,1,-0.2125856,-0.03314267,-0.09601764,-0.9599382,0.05931809,-9.163717
IMU,3992091305.0,1,-0.03054003,-0.08806162,-0.004016209,0.472176,1.044742,-9.927056
IMU,3992133895.0,1,-0.03542864,-0.05631901,0.02385786,0.647727,-1.602922,-11.14018
IMU,3992174801.0,1,-0.01181789,-0.03401686,-0.05318023,-1.832145,-0.6096516,-9.468389
IMU,3992217522.0,1,0.07974258,0.02549155,0.04016359,-0.1416599,-1.05865,-9.975162
IMU,3992257288.0,1,0.03277176,0.001706376,0.07936895,0.2500013,-0.7979221,-10.89677
IMU,3992297461.0,1,0.02214532,-0.06152267,0.07572806,-0.5048811,-0.9372483,-10.06171
IMU,3992340033.0,1,-0.1465391,-0.05877317,0.09672733,-0.1748902,-0.5484062,-8.775005
IMU,3992385226.0,1,-0.04588981,-0.05852348,0.03270384,-0.3676897,-0.1271457,-10.23067
IMU,3992426614.0,1,-0.2406669,-0.09595149,0.03619044,-1.188808,-1.267482,-9.494648
IMU,3992466636.0,1,-0.1257487,-0.1652915,0.09089378,-0.2287677,-0.07384846,-9.879375
IMU,3992510083.0,1,-0.1718922,0.006560576,-0.08146358,-2.064146,-1.010098,-10.02083
IMU,3992550517.0,1,-0.1040828,-0.1620212,0.04003315,0.04325109,-0.476193,-9.08637
IMU,3992593461.0,1,-0.08136888,-0.2323843,-0.05734925,-0.8085039,0.7804171,-9.547344
IMU,3992636133.0,1,-0.06885015,-0.1567238,-0.02774546,-0.2158535,-0.260084,-7.906576
IMU,3992675814.0,1,-0.08599848,-0.1136793,-0.0005953488,0.5668368,-1.093998,-9.822606
IMU,3992716037.0,1,-0.08429468,-0.1222475,-0.1714859,-0.8913155,0.6860842,-2.296779
IMU,3992756463.0,1,-0.09100067,-0.1301163,-0.1477724,-0.4661732,0.763038,-0.7587357
IMU,3992796606.0,1,-0.08053071,-0.1370309,-0.2183364,-0.3687954,-0.0128506,-0.355006
IMU,3992837081.0,1,-0.09752805,-0.1497097,-0.2463218,-0.1148452,0.1950396,-0.2065409
IMU,3992876860.0,1,-0.1038679,-0.1487007,-0.2685018,-0.1817385,0.1830888,-0.07761879
IMU,3992916556.0,1,-0.09855197,-0.1539447,-0.2956104,-0.2026815,0.1902279,-0.1800501
IMU,3992957163.0,1,-0.1240307,-0.1604919,-0.2964392,-0.1563187,0.09568673,-0.1291708
IMU,3992997954.0,1,-0.1304298,-0.175476,-0.2959186,-0.1621352,0.08216674,-0.3680699
IMU,3993037517.0,1,-0.1310075,-0.1836094,-0.2918671,-0.09429596,0.1390041,-0.08712831
IMU,3993077009.0,1,-0.1503717,-0.1547637,-0.2898523,-0.1459555,0.0278858,-0.1342409
IMU,3993117010.0,1,-0.1576393,-0.1329199,-0.2954451,-0.1996291,0.1682454,-0.4503615
IMU,3993157820.0,1,-0.1546966,-0.1361066,-0.2919398,-0.134269,0.1512394,-0.5508371
IMU,3993197831.0,1,-0.1459185,-0.1366566,-0.2888998,-0.1759177,0.07961512,-0.461375
IMU,3993238220.0,1,-0.1527215,-0.134461,-0.2852826,-0.143151,0.1187318,-0.6636151
IMU,3993277778.0,1,-0.1788238,-0.1128691,-0.2790084,-0.1854094,0.1099487,-0.6697124
IMU,3993317735.0,1,-0.2256996,-0.08101107,-0.2746606,-0.1939024,0.02905714,-0.7161863
IMU,3993359065.0,1,-0.2741235,-0.03707167,-0.2652438,-0.2524855,0.1801131,-0.9223769
IMU,3993398793.0,1,-0.3168418,-0.0101316,-0.2560501,-0.2251436,0.1134801,-1.16401
IMU,3993439174.0,1,-0.3571451,0.01363655,-0.244221,-0.2517742,0.1860649,-1.249834
IMU,3993479559.0,1,-0.3821132,0.03242812,-0.2320624,-0.1918426,0.2138843,-1.345592
IMU,3993519641.0,1,-0.3935249,0.05731643,-0.2173477,-0.1953705,0.157461,-1.666493
IMU,3993560039.0,1,-0.3877603,0.08440493,-0.2107859,-0.1623843,0.2830236,-1.635485
IMU,3993600592.0,1,-0.3812061,0.1228521,-0.2082964,-0.1569797,0.2403208,-1.80803
IMU,3993640850.0,1,-0.4039846,0.156485,-0.1973711,-0.1549062,0.2769441,-1.938252
IMU,3993680755.0,1,-0.3943075,0.2217061,-0.1743145,-1.024844,1.218493,-2.503939
IMU,3993720314.0,1,0.1631899,1.658037,-0.09242934,-1.753928,4.284059,-10.66818
IMU,3993761755.0,1,3.313533,2.618301,0.5343718,-2.438485,-0.8253207,-22.04888
IMU,3993802436.0,1,-0.3682794,0.8193654,0.8461669,3.265645,-6.702876,-58.34164
IMU,3993841572.0,1,-8.516708,-0.9661236,-0.6403692,14.97277,14.97726,-74.65759
IMU,3993881838.0,1,6.238585,-6.186638,-3.371763,-42.31584,46.98702,-96.11373
IMU,3993921501.0,1,-1.304962,-0.5205972,0.00975671,-16.8175,-14.56069,-8.652454
IMU,3993963478.0,1,-1.217264,-0.07399824,0.3227787,-2.393247,1.607027,-4.863375
IMU,3994003036.0,1,-0.784355,0.4962251,0.359905,0.1226381,4.956442,-6.193752
IMU,3994042639.0,1,-0.5033574,0.2016266,0.13635,1.851246,6.321134,-6.6285
IMU,3994083129.0,1,-0.06791195,-0.04035031,0.03741841,0.6491915,4.131328,-6.582343
IMU,3994123090.0,1,0.07997823,0.02706314,-0.04236103,-1.455007,3.684469,-9.001212
IMU,3994164477.0,1,0.007884165,-0.07316773,-0.07939202,-2.034434,3.69791,-9.475702
IMU,3994203851.0,1,-0.02662191,-0.03712911,0.02786753,-2.00019,4.139264,-9.101545
IMU,3994244281.0,1,-0.005138864,-0.01642454,-0.009652451,-1.316801,4.132502,-8.843044
IMU,3994283832.0,1,-0.00252161,-0.02645912,-0.01426905,-1.444114,3.769969,-8.901803
IMU,3994324063.0,1,-0.01181296,-0.03008469,-0.007669713,-1.593488,3.962277,-8.836699
IMU,3994365140.0,1,-0.007443069,-0.02789521,0.002905643,-1.462635,3.87904,-8.72284
IMU,3994405048.0,1,-0.005409865,-0.01936485,-0.0104667,-1.516605,3.962437,-8.793611
IMU,3994445625.0,1,-0.01309638,-0.03787916,-0.001285415,-1.383362,3.940236,-8.942859
IMU,3994485885.0,1,-0.007938812,-0.02927212,-0.006413795,-1.623187,4.040286,-8.959445
IMU,3994525604.0,1,-0.005577726,-0.0302289,-0.005174706,-1.458231,3.896042,-8.977357
IMU,3994565510.0,1,-0.009881638,-0.02885482,0.003393519,-1.523324,3.842316,-9.021595
IMU,3994606760.0,1,-0.006262739,-0.02208732,-0.001321946,-1.499707,4.083752,-8.759377
IMU,3994647130.0,1,-0.003683146,-0.03175389,-0.005369473,-1.44057,3.914169,-8.948898
IMU,3994686813.0,1,-0.01297796,-0.03270426,0.000685705,-1.458094,3.986838,-9.02287
IMU,3994727146.0,1,-0.006783717,-0.03356703,-0.009845071,-1.603475,3.91396,-8.944913
IMU,3994770065.0,1,-0.004654798,-0.03407172,-0.005373133,-1.616076,3.968842,-9.009806
IMU,3994811020.0,1,-0.0063805,-0.03207742,-0.003535097,-1.467907,3.952676,-8.976637
IMU,3994850082.0,1,-0.004889481,-0.02846786,-0.009324585,-1.565288,3.928331,-8.864533
IMU,3994890053.0,1,-0.004919833,-0.03647438,-0.006285958,-1.527914,4.009808,-8.802928
IMU,3994930286.0,1,-0.01038314,-0.03264933,-0.005343,-1.526226,3.969258,-8.927089
IMU,3994971882.0,1,-0.003316283,-0.03230838,-0.006191228,-1.610008,3.910974,-9.016607
IMU,3995012054.0,1,-0.007944719,-0.03259479,-0.007708624,-1.499595,3.951402,-8.879198
IMU,3995051516.0,1,-0.004004671,-0.03048,-0.003685515,-1.510062,3.891295,-8.866457
IMU,3995091518.0,1,-0.009441989,-0.03783773,-0.003286064,-1.478019,3.866772,-8.803759
IMU,3995131637.0,1,-0.00394881,-0.02790553,-0.007734015,-1.477435,3.887094,-8.930022
IMU,3995172649.0,1,-0.006513898,-0.02756843,-0.007939428,-1.494027,3.920255,-8.806911
IMU,3995212333.0,1,-0.004602382,-0.03175655,-0.008173722,-1.588403,4.032401,-8.944959
IMU,3995252627.0,1,-0.004309845,-0.02703961,-0.004355965,-1.396384,3.815542,-8.875095
IMU,3995292171.0,1,-0.006688064,-0.03253162,-0.007788864,-1.562461,3.940748,-8.914574
IMU,3995332309.0,1,-0.008164529,-0.03038998,-0.00507318,-1.47409,3.989619,-8.944329
IMU,3995373053.0,1,-0.006953788,-0.02626396,-0.006674675,-1.55602,3.872549,-8.882338
IMU,3995412892.0,1,-0.003440256,-0.03120295,-0.006328431,-1.571876,4.014561,-8.928601
IMU,3995454031.0,1,-0.007637858,-0.02862963,-0.004026968,-1.532322,3.908722,-8.777946
IMU,3995494273.0,1,-0.008944127,-0.02527328,-0.00386594,-1.559187,4.089858,-9.048682
IMU,3995533846.0,1,-0.007974346,-0.03570415,-0.006143907,-1.497953,3.967259,-8.931499
IMU,3995574093.0,1,-0.006499075,-0.02770449,-0.006803772,-1.514052,3.926707,-9.008409
IMU,3991680107.0,2,0.2431264,0.09058792,-0.8553147,-1.01993,0.7042117,-9.848021
IMU,3991720367.0,2,0.3174508,0.09464639,-0.7364089,0.3495198,-0.6686677,-10.64468
IMU,3991761234.0,2,0.1550961,0.1356728,-0.6754486,-0.7529349,0.06169162,-12.07745
IMU,3991803085.0,2,0.2643718,0.2178203,-0.5311193,-0.9390385,-0.5406669,-11.04771
IMU,3991842685.0,2,0.2059873,0.2073041,-0.4524539,0.2511249,0.5158204,-8.761338
IMU,3991884541.0,2,0.1339294,0.04839956,-0.3887284,-0.5246099,-0.2535688,-10.18002
IMU,3991925041.0,2,0.06234757,0.05867686,-0.3231985,-0.4320561,-0.7520108,-10.13861
IMU,3991970747.0,2,0.08265445,0.03621961,-0.2268535,-0.1054572,-0.9351564,-9.743181
IMU,3992011790.0,2,-0.03986192,0.07394077,-0.1617369,0.01511246,-0.5684743,-9.921491
IMU,3992051486.0,2,0.01309219,0.01503534,-0.1281123,0.3295656,0.959276,-8.223243
IMU,3992091305.0,2,0.05596359,-0.05266947,-0.07969064,0.199457,0.3839088,-9.854343
IMU,3992133895.0,2,-0.03184887,-0.01899155,-0.05782063,-0.08212995,-1.159379,-11.17467
IMU,3992174801.0,2,0.04253666,0.04416611,-0.000825551,-1.192708,-0.3534209,-9.137645
IMU,3992217522.0,2,0.02501153,0.04550796,0.06906282,0.607817,-0.6145153,-9.711379
IMU,3992257288.0,2,-0.00899385,0.0166851,0.08991917,0.4856296,0.4924642,-8.653453
IMU,3992297461.0,2,-0.007618885,-0.02485959,0.1056786,0.1330235,0.2779554,-8.502526
IMU,3992340033.0,2,-0.1465691,-0.03333316,0.1362066,0.3377216,0.7460668,-9.228184
IMU,3992385226.0,2,-0.2023335,0.005082431,0.1093115,-0.2790213,-0.04743988,-8.276812
IMU,3992426614.0,2,-0.2414746,-0.05268634,0.1154684,0.05618585,0.5146344,-8.066188
IMU,3992466636.0,2,-0.1186048,-0.1269317,0.08350076,-0.3461117,-0.4819472,-10.60453
IMU,3992510083.0,2,-0.1961917,-0.1128576,0.05437865,-0.9124711,-0.7617686,-9.689915
IMU,3992550517.0,2,-0.08192927,-0.1431061,0.05721015,-0.2796936,-0.003375026,-10.14924
IMU,3992593461.0,2,-0.02998997,-0.1647696,-0.004295205,-0.7843035,0.5806561,-8.299506
IMU,3992636133.0,2,0.01266592,-0.1648246,-0.03271618,0.8152708,0.6609353,-9.061403
IMU,3992675814.0,2,-0.113565,0.00440948,-0.09087481,-1.366899,-0.5961797,-10.20928
IMU,3992716037.0,2,-0.01451912,-0.0742257,-0.09817842,-0.2486939,0.1337392,-2.09044
IMU,3992756463.0,2,-0.06147947,-0.09399566,-0.1508125,-0.2791043,0.1479842,-0.6667616
IMU,3992796606.0,2,-0.0781732,-0.1108147,-0.2370069,-0.1684972,-0.1374567,-0.2621987
IMU,3992837081.0,2,-0.07713686,-0.122318,-0.2617895,-0.04775441,-0.07427684,-0.2248681
IMU,3992876860.0,2,-0.0888876,-0.1244262,-0.2837629,-0.09753546,-0.02278856,-0.09314319
IMU,3992916556.0,2,-0.08584128,-0.130129,-0.3080205,-0.07560532,-0.05490873,-0.174744
IMU,3992957163.0,2,-0.1104805,-0.1361712,-0.3112706,-0.0789248,-0.04560075,-0.1628485
IMU,3992997954.0,2,-0.1165284,-0.1529976,-0.3113369,-0.07903761,-0.059531,-0.259047
IMU,3993037517.0,2,-0.1172449,-0.1528784,-0.3068538,-0.09676026,-0.0678297,-0.2706184
IMU,3993077009.0,2,-0.1390209,-0.1236192,-0.3033518,-0.113985,-0.05017026,-0.3177361
IMU,3993117010.0,2,-0.1452283,-0.1027809,-0.3094068,-0.1131437,-0.03782855,-0.3815528
IMU,3993157820.0,2,-0.1388935,-0.1069109,-0.3104455,-0.1182133,-0.03514461,-0.474889
IMU,3993197831.0,2,-0.1324838,-0.114875,-0.3043831,-0.111947,-0.04288036,-0.5571306
IMU,3993238220.0,2,-0.1375386,-0.1096025,-0.297188,-0.1257413,-0.04674863,-0.6440543
IMU,3993277778.0,2,-0.1656579,-0.08228584,-0.2881322,-0.130262,-0.07490914,-0.731257
IMU,3993317735.0,2,-0.2139042,-0.04461528,-0.2843719,-0.1285426,-0.07522163,-0.8668625
IMU,3993359065.0,2,-0.264294,-0.004733058,-0.2713532,-0.1190357,-0.05321934,-1.000075
IMU,3993398793.0,2,-0.305877,0.02430581,-0.2592838,-0.1253642,-0.06412327,-1.132735
IMU,3993439174.0,2,-0.3439557,0.0499087,-0.246485,-0.1348861,-0.04339376,-1.257483
IMU,3993479559.0,2,-0.3688946,0.07269595,-0.2323455,-0.1296885,-0.03062755,-1.373714
IMU,3993519641.0,2,-0.3801906,0.09752677,-0.2170955,-0.1358332,0.01041975,-1.52574
IMU,3993560039.0,2,-0.3721422,0.1316982,-0.2097992,-0.1185925,0.04113851,-1.65213
IMU,3993600592.0,2,-0.3707082,0.1795003,-0.2058171,-0.140731,0.04086997,-1.776
IMU,3993640850.0,2,-0.390973,0.2188675,-0.1915102,-0.1243591,0.0310158,-1.911244
IMU,3993680755.0,2,-0.3492007,0.3191296,-0.1680812,-0.6245984,0.6473657,-3.066363
IMU,3993720314.0,2,0.3431087,1.800352,-0.1026726,-1.587351,1.774021,-10.01341
IMU,3993761755.0,2,3.246602,2.765224,0.4852183,-2.458021,-0.4469332,-22.79056
IMU,3993802436.0,2,-0.9077826,0.8292579,1.020818,2.123114,-6.014737,-53.68717
IMU,3993841572.0,2,-8.519288,-1.057775,-0.4141346,12.56968,15.07683,-71.92813
IMU,3993881838.0,2,6.330386,-5.764534,-3.560372,-35.43666,50.16242,-89.06187
IMU,3993921501.0,2,-1.28669,-0.7290726,-0.04925052,-18.0418,-12.60984,-9.554105
IMU,3993963478.0,2,-1.192496,0.003108067,0.4317756,-2.387006,1.004394,-5.20202
IMU,3994003036.0,2,-0.7793025,0.5909492,0.436327,0.3603025,4.696934,-6.317004
IMU,3994042639.0,2,-0.4792278,0.2482792,0.1812949,1.908085,5.761619,-6.409046
IMU,3994083129.0,2,-0.04569013,-0.0129198,0.03768554,0.81479,3.806913,-6.61851
IMU,3994123090.0,2,0.1153385,0.06713476,-0.0604906,-1.29321,3.446766,-9.047857
IMU,3994164477.0,2,0.02574145,-0.03772805,-0.07923028,-1.956298,3.487402,-9.465464
IMU,3994203851.0,2,-0.01953665,-0.007089591,0.02829677,-1.900706,4.018625,-8.989386
IMU,3994244281.0,2,-0.0004672291,0.01708187,-0.007407018,-1.30834,3.874874,-8.81041
IMU,3994283832.0,2,0.003916151,0.0009453013,-0.007644017,-1.360457,3.680106,-8.875984
IMU,3994324063.0,2,-0.004165984,0.001190322,-0.005673217,-1.578283,3.826163,-8.947955
IMU,3994365140.0,2,-0.003730712,0.003893211,0.001185666,-1.373503,3.79389,-8.892286
IMU,3994405048.0,2,0.001682475,0.001970127,-0.003438603,-1.496741,3.817445,-8.881598
IMU,3994445625.0,2,-0.009626889,-0.003684573,0.0008202327,-1.407782,3.788398,-8.92285
IMU,3994485885.0,2,-0.0003770203,0.002873163,-0.005289995,-1.498142,3.814692,-8.883982
IMU,3994525604.0,2,0.0003424634,0.00358533,-0.004250456,-1.432546,3.812305,-8.889565
IMU,3994565510.0,2,-0.001408185,0.002205509,0.002616788,-1.46641,3.741204,-8.965482
IMU,3994606760.0,2,0.00238436,0.004398338,-0.002193127,-1.433694,3.857551,-8.853983
IMU,3994647130.0,2,0.0001133447,0.002847747,-0.003636709,-1.440491,3.738258,-8.962173
IMU,3994686813.0,2,-0.005191977,-0.00156864,0.0005798249,-1.437757,3.809546,-8.884123
IMU,3994727146.0,2,0.002845565,4.10336e-06,-0.005329395,-1.437548,3.80779,-8.891286
IMU,3994770065.0,2,-0.001314167,0.0002075882,-0.002050907,-1.494683,3.810165,-8.94788
IMU,3994811020.0,2,0.0009919772,0.0004691801,-0.003308636,-1.415919,3.793325,-8.899842
IMU,3994850082.0,2,0.00107264,0.0007221744,-0.004640432,-1.457385,3.801324,-8.915507
IMU,3994890053.0,2,-0.0005685333,0.001221136,-0.003319208,-1.442324,3.78174,-8.941722
IMU,3994930286.0,2,-0.004018418,0.0002213542,-0.002562981,-1.449816,3.792897,-8.919134
IMU,3994971882.0,2,0.0004657691,0.0009823025,-0.00271642,-1.466021,3.787223,-8.91306
IMU,3995012054.0,2,-0.002173029,0.00194894,-0.0008804767,-1.454401,3.818449,-8.910013
IMU,3995051516.0,2,-0.0005836252,0.001335042,-0.002800611,-1.435148,3.803018,-8.915455
IMU,3995091518.0,2,-0.0008796473,0.001850663,-0.001449062,-1.479252,3.805563,-8.904248
IMU,3995131637.0,2,0.0004201411,0.003218729,-0.004434555,-1.435065,3.778085,-8.8904
IMU,3995172649.0,2,-0.001222417,0.0003466674,-0.00214097,-1.450029,3.787566,-8.937989
IMU,3995212333.0,2,0.000930703,0.0009930809,-0.003323317,-1.470839,3.824849,-8.904812
IMU,3995252627.0,2,0.0003583928,0.002745346,-0.001151368,-1.432155,3.774983,-8.944846
IMU,3995292171.0,2,-0.00144944,0.00169436,-0.001805927,-1.453067,3.814459,-8.906518
IMU,3995332309.0,2,-0.0004354377,0.001836746,-0.003462911,-1.457371,3.804206,-8.913705
IMU,3995373053.0,2,-0.001049326,0.000540543,-0.001204758,-1.435109,3.792311,-8.900724
IMU,3995412892.0,2,0.0002120295,0.002455673,-0.00252715,-1.456753,3.794197,-8.917357
IMU,3995454031.0,2,0.0003910527,0.002470636,-0.00190095,-1.46571,3.809692,-8.920292
IMU,3995494273.0,2,-0.0009016779,0.001463283,-0.001385656,-1.44973,3.805078,-8.907453
IMU,3995533846.0,2,-0.0007065777,0.002428037,-0.001909882,-1.443642,3.799634,-8.896354
IMU,3995574093.0,2,-0.0003886641,0.00255128,-0.001389429,-1.443801,3.801655,-8.900683
