ARM,3484828315.0,0.0
AHR2,3484145012.0,-0.12,-4.14,56.41,471.2,43.2382675,-7.6818832
AHR2,3484245048.0,1.31,-3.04,53.13,471.34,43.2382684,-7.681881
AHR2,3484345024.0,1.76,-2.45,51.07,471.29,43.2382692,-7.6818795
AHR2,3484447296.0,1.56,-2.82,50.12,471.39,43.2382701,-7.6818775
AHR2,3484547501.0,1.77,-3.35,50.0,471.67,43.2382711,-7.6818755
AHR2,3484650235.0,1.95,-3.67,50.57,471.63,43.2382714,-7.6818744
AHR2,3484759070.0,2.31,-4.06,51.6,471.79,43.2382723,-7.6818723
AHR2,3484860947.0,1.19,-4.47,52.77,471.81,43.2382731,-7.6818704
AHR2,3484962820.0,-2.79,-6.28,53.22,471.72,43.2382739,-7.6818682
AHR2,3485063152.0,-6.36,-8.03,52.5,471.59,43.2382747,-7.6818664
AHR2,3485163869.0,-9.84,-9.99,51.57,471.09,43.2382755,-7.6818646
AHR2,3485264633.0,-13.12,-12.52,50.68,470.96,43.2382762,-7.6818628
AHR2,3485365825.0,-16.9,-14.67,49.77,470.78,43.2382774,-7.6818607
AHR2,3485465642.0,-21.37,-15.9,48.7,470.58,43.2382783,-7.6818589
AHR2,3485566005.0,-25.75,-16.46,47.2,470.47,43.2382791,-7.6818571
AHR2,3485668542.0,-29.64,-15.85,44.79,470.16,43.2382795,-7.6818558
AHR2,3485769732.0,-32.75,-14.31,41.49,469.73,43.238281,-7.6818537
AHR2,3485870091.0,-34.53,-11.7,37.43,469.25,43.2382819,-7.6818522
AHR2,3485971174.0,-24.11,-4.36,30.21,468.75,43.2382828,-7.6818503
AHR2,3486072585.0,7.89,0.66,21.85,467.58,43.2382837,-7.6818487
AHR2,3486174082.0,14.33,-7.05,17.22,465.26,43.2382833,-7.6818473
AHR2,3486274480.0,11.21,0.21,18.72,465.75,43.2382836,-7.681846
AHR2,3486374491.0,9.13,0.51,19.02,465.74,43.2382819,-7.6818419
AHR2,3486474619.0,9.27,0.52,19.02,465.82,43.2382815,-7.6818395
AHR2,3486574688.0,9.31,0.47,19.08,466.07,43.2382815,-7.6818412
AHR2,3486674578.0,9.28,0.43,19.14,465.78,43.2382813,-7.6818403
AHR2,3486775300.0,9.26,0.4,19.2,465.88,43.2382814,-7.68184
AHR2,3486875099.0,9.24,0.39,19.26,465.91,43.2382813,-7.6818394
AHR2,3486975605.0,9.23,0.38,19.32,466.07,43.2382808,-7.6818396
AHR2,3487076820.0,9.21,0.36,19.38,465.99,43.2382807,-7.6818392
AHR2,3487176882.0,9.2,0.35,19.44,465.81,43.2382803,-7.6818395
AHR2,3487277120.0,9.19,0.34,19.5,465.84,43.2382802,-7.6818392
AHR2,3487377093.0,9.18,0.32,19.56,465.94,43.2382801,-7.6818396
AHR2,3487477117.0,9.17,0.31,19.62,465.86,43.2382801,-7.6818396
AHR2,3487577032.0,9.16,0.3,19.68,465.8,43.2382799,-7.6818395
AHR2,3487676877.0,9.15,0.29,19.74,465.8,43.2382798,-7.6818393
AHR2,3487777139.0,9.14,0.27,19.79,465.92,43.2382796,-7.6818395
AHR2,3487876880.0,9.13,0.26,19.85,465.77,43.2382796,-7.6818394
AHR2,3487976895.0,9.12,0.25,19.91,465.74,43.2382795,-7.6818397
ATT,3484144438.0,-0.431167,0.09572906,-5.870557,-4.459517,63.74216,58.13345
ATT,3484244440.0,0.07144033,1.577479,-5.730709,-3.405963,62.51186,54.66171
ATT,3484344455.0,0.3144477,2.06232,-5.775261,-2.84591,61.69527,52.41018
ATT,3484446657.0,0.5354932,1.838704,-5.889287,-3.279143,61.20139,51.19379
ATT,3484546824.0,0.8186833,2.032481,-5.86971,-3.866804,60.9841,50.83799
ATT,3484649615.0,1.065486,2.206597,-5.934072,-4.16391,60.9277,51.15575
ATT,3484758208.0,1.119445,2.557495,-6.18017,-4.514495,60.92096,51.92285
ATT,3484860289.0,-0.05847947,1.294628,-5.865046,-4.767117,86.01833,86.03769
ATT,3484962124.0,-0.02962179,-2.611453,-2.995148,-6.638154,86.43237,86.3932
ATT,3485062598.0,-0.01502458,-5.793878,-1.519062,-8.399429,82.30973,82.22259
ATT,3485163283.0,-0.007622781,-8.920651,-0.7707499,-10.04377,76.62572,76.49124
ATT,3485264020.0,-0.003891575,-12.29466,-0.3934992,-11.34157,71.60449,71.41905
ATT,3485365279.0,-0.001966137,-16.24398,-0.1988003,-12.28642,67.95052,67.70607
ATT,3485465057.0,-0.001003788,-20.55563,-0.1014963,-12.68576,65.31944,65.01213
ATT,3485565307.0,-0.0005124685,-24.81298,-0.05181798,-12.482,62.70833,62.34139
ATT,3485667840.0,-0.0002571774,-28.90116,-0.02600601,-11.48275,59.55317,59.13216
ATT,3485769072.0,-0.0001304794,-32.37472,-0.01319454,-9.716908,55.58539,55.12165
ATT,3485869532.0,-6.634495e-05,-34.76274,-0.00670895,-7.066511,50.94283,50.45233
ATT,3485970540.0,-3.352737e-05,-25.16113,-0.003390315,0.3011725,43.11393,42.75083
ATT,3486071811.0,-1.702839e-05,6.242539,-0.001721917,5.372344,34.14542,34.2387
ATT,3486173531.0,-8.594877e-06,12.52661,-0.0008691275,-2.160583,29.18391,29.36927
ATT,3486273781.0,-4.374152e-06,9.928869,-0.0004423291,5.516742,29.92199,30.06992
ATT,3486373862.0,-4.016289e-06,8.021261,-0.0004061414,5.977391,29.80626,29.92608
ATT,3486473907.0,-3.942327e-06,8.217524,-0.0003986602,5.99534,29.43856,29.5613
ATT,3486574107.0,-3.86293e-06,8.268735,-0.0003906365,5.959874,29.06633,29.18981
ATT,3486674026.0,-3.862924e-06,8.328572,-0.0003906365,5.933874,28.68212,28.80649
ATT,3486774645.0,-3.862942e-06,8.405728,-0.0003906365,5.903628,28.31619,28.4417
ATT,3486874549.0,-3.780777e-06,8.504887,-0.0003823265,5.877489,27.97699,28.10396
ATT,3486975030.0,-3.780781e-06,8.587462,-0.0003823265,5.842954,27.68361,27.8118
ATT,3487076134.0,-3.634047e-06,8.673228,-0.0003674909,5.796597,27.42004,27.54947
ATT,3487176295.0,-3.5575e-06,8.733646,-0.000359754,5.746366,27.19433,27.32466
ATT,3487276468.0,-3.557542e-06,8.793445,-0.0003597541,5.686956,27.00041,27.13161
ATT,3487376281.0,-3.557559e-06,8.826801,-0.0003597542,5.619739,26.84564,26.97733
ATT,3487476398.0,-3.557587e-06,8.842935,-0.0003597543,5.535131,26.72352,26.85542
ATT,3487576279.0,-3.557579e-06,8.844421,-0.0003597543,5.470468,26.59455,26.72646
ATT,3487676292.0,-3.557543e-06,8.804826,-0.0003597543,5.356709,26.5522,26.68349
ATT,3487776497.0,-3.557559e-06,8.747435,-0.0003597543,5.229571,26.52739,26.6578
ATT,3487876245.0,-3.557582e-06,8.677453,-0.0003597544,5.103733,26.49726,26.62662
ATT,3487976297.0,-3.55757e-06,8.611128,-0.0003597543,4.992521,26.44664,26.575
BARO,3484115600.0,0,2.39917,471.2791,96535.49
BARO,3484217070.0,0,2.534821,471.4148,96534.05
BARO,3484317101.0,0,2.48114,471.3611,96534.61
BARO,3484418555.0,0,2.585693,471.4657,96533.5
BARO,3484519299.0,0,2.865417,471.7454,96530.45
BARO,3484621882.0,0,2.825867,471.7058,96530.88
BARO,3484724030.0,0,2.989746,471.8697,96529.1
BARO,3484828625.0,0,3.003876,471.8839,96528.98
BARO,3484928309.0,0,2.919128,471.7991,96529.88
BARO,3485029658.0,0,2.783478,471.6635,96531.34
BARO,3485130389.0,0,2.286163,471.1661,96536.73
BARO,3485230871.0,0,2.156158,471.0361,96538.13
BARO,3485331608.0,0,1.978149,470.8581,96540.06
BARO,3485432586.0,0,1.777527,470.6575,96542.23
BARO,3485532685.0,0,1.667328,470.5473,96543.41
BARO,3485635076.0,0,1.353668,470.2336,96546.8
BARO,3485735057.0,0,0.9269714,469.8069,96551.41
BARO,3485836788.0,0,0.4465942,469.3266,96556.6
BARO,3485937245.0,0,-0.05636597,468.8236,96562.06
BARO,3486038551.0,0,-1.229034,467.6509,96574.74
BARO,3486140549.0,0,-3.546143,465.3338,96599.77
BARO,3486241080.0,0,-3.054443,465.8255,96594.47
BARO,3486340851.0,0,-3.065765,465.8142,96594.58
BARO,3486441113.0,0,-2.986633,465.8933,96593.73
BARO,3486542278.0,0,-2.737976,466.142,96591.06
BARO,3486642008.0,0,-3.023376,465.8566,96594.13
BARO,3486741510.0,0,-2.927307,465.9527,96593.1
BARO,3486842225.0,0,-2.890564,465.9894,96592.7
BARO,3486942112.0,0,-2.737976,466.142,96591.06
BARO,3487042591.0,0,-2.811432,466.0685,96591.84
BARO,3487144304.0,0,-2.997955,465.882,96593.84
BARO,3487244370.0,0,-2.966858,465.9131,96593.52
BARO,3487344289.0,0,-2.86795,466.012,96592.45
BARO,3487444166.0,0,-2.947083,465.9329,96593.3
BARO,3487544170.0,0,-3.003601,465.8764,96593.91
BARO,3487644093.0,0,-3.003601,465.8764,96593.91
BARO,3487744125.0,0,-2.887726,465.9922,96592.68
BARO,3487844085.0,0,-3.03186,465.8481,96594.22
BARO,3487944113.0,0,-3.065765,465.8142,96594.59
BARO,3484115600.0,1,2.150513,471.0305,96525.38
BARO,3484217070.0,1,1.870758,470.7507,96528.41
BARO,3484317101.0,1,2.127899,471.0079,96525.63
BARO,3484418555.0,1,2.33136,471.2113,96523.42
BARO,3484519299.0,1,2.673279,471.5533,96519.72
BARO,3484621882.0,1,3.128204,472.0082,96514.8
BARO,3484724030.0,1,3.314728,472.1947,96512.8
BARO,3484828625.0,1,2.741089,471.6211,96519.0
BARO,3484928309.0,1,2.955841,471.8358,96516.7
BARO,3485029658.0,1,2.856934,471.7369,96517.77
BARO,3485130389.0,1,2.625244,471.5052,96520.26
BARO,3485230871.0,1,2.308746,471.1887,96523.66
BARO,3485331608.0,1,2.255066,471.135,96524.24
BARO,3485432586.0,1,1.932953,470.8129,96527.75
BARO,3485532685.0,1,1.726654,470.6066,96529.97
BARO,3485635076.0,1,1.475159,470.3551,96532.67
BARO,3485735057.0,1,1.085236,469.9652,96536.89
BARO,3485836788.0,1,0.6133118,469.4933,96542.02
BARO,3485937245.0,1,0.05947876,468.9395,96547.99
BARO,3486038551.0,1,-2.859497,466.0205,96579.55
BARO,3486140549.0,1,-3.226837,465.6531,96583.52
BARO,3486241080.0,1,-2.938599,465.9414,96580.41
BARO,3486340851.0,1,-2.887726,465.9922,96579.85
BARO,3486441113.0,1,-2.969696,465.9103,96580.76
BARO,3486542278.0,1,-2.887726,465.9922,96579.85
BARO,3486642008.0,1,-2.901855,465.9781,96580.02
BARO,3486741510.0,1,-2.763397,466.1166,96578.51
BARO,3486842225.0,1,-2.969696,465.9103,96580.73
BARO,3486942112.0,1,-2.961212,465.9188,96580.65
BARO,3487042591.0,1,-2.777527,466.1024,96578.66
BARO,3487144304.0,1,-2.88208,465.9979,96579.81
BARO,3487244370.0,1,-2.879272,466.0007,96579.76
BARO,3487344289.0,1,-2.802979,466.077,96578.93
BARO,3487444166.0,1,-2.88208,465.9979,96579.81
BARO,3487544170.0,1,-2.983826,465.8961,96580.89
BARO,3487644093.0,1,-2.96402,465.916,96580.7
BARO,3487744125.0,1,-2.670166,466.2098,96577.51
BARO,3487844085.0,1,-2.901855,465.9781,96580.0
BARO,3487944113.0,1,-2.672974,466.207,96577.53
GPS,3484133494.0,4,22,43.2382663,-7.6818859,464.96,2.052,-0.831,0.0
GPS,3484337763.0,4,22,43.2382681,-7.6818819,465.16,1.911,-1.014,0.0
GPS,3484564855.0,4,22,43.2382698,-7.6818782,465.34,1.803,-1.074,0.0
GPS,3484749015.0,4,22,43.2382713,-7.6818746,465.54,1.765,-0.98,0.0
GPS,3484933267.0,4,22,43.2382729,-7.6818708,465.69,1.687,-0.941,0.0
GPS,3485135757.0,4,22,43.2382745,-7.6818671,465.61,1.653,1.187,0.0
GPS,3485337308.0,4,22,43.2382762,-7.6818633,465.11,1.747,2.954,0.0
GPS,3485578290.0,4,22,43.238278,-7.6818594,464.17,1.655,4.902,0.0
GPS,3485740537.0,4,22,43.2382798,-7.6818559,462.95,1.57,6.573,0.0
GPS,3485942637.0,4,22,43.2382816,-7.6818525,461.34,1.601,8.259001,0.0
GPS,3486125103.0,4,22,43.2382828,-7.6818494,459.94,1.097,6.68,0.0
GPS,3486326725.0,4,22,43.2382826,-7.6818457,459.2,1.96,0.881,0.0
GPS,3486547315.0,4,22,43.2382819,-7.6818425,459.13,0.8200001,-0.098,0.0
GPS,3486727160.0,4,22,43.2382815,-7.681841,459.17,0.509,-0.383,0.0
GPS,3486927517.0,4,22,43.238281,-7.6818402,459.19,0.352,-0.246,0.0
GPS,3487129038.0,4,21,43.2382805,-7.6818398,459.16,0.246,-0.205,0.0
GPS,3487329067.0,4,22,43.2382802,-7.6818396,459.21,0.074,-0.346,0.0
GPS,3487569555.0,4,22,43.23828,-7.6818397,459.22,0.211,-0.282,0.0
GPS,3487729072.0,4,22,43.2382796,-7.6818396,459.27,0.08000001,-0.238,0.0
IMU,3484110853.0,0,0.3684486,0.1807216,-0.8451555,-0.8069442,0.3928422,-11.08355
IMU,3484151838.0,0,0.4199791,0.2650377,-0.8110116,-0.2991547,-0.9718132,-11.75394
IMU,3484192572.0,0,0.4983676,0.2968467,-0.6775327,-0.7400029,-0.4245897,-11.40214
IMU,3484231889.0,0,0.2073476,0.2165959,-0.5860038,-0.6912624,-0.598436,-11.76417
IMU,3484272313.0,0,0.2396302,0.1002888,-0.574181,-1.906074,0.3860832,-10.4735
IMU,3484312078.0,0,0.02961851,0.05713009,-0.4743225,-1.044059,-0.7179099,-10.40594
IMU,3484353482.0,0,0.07620766,-0.08006817,-0.4141683,-0.4594176,-0.0689039,-11.24042
IMU,3484393579.0,0,0.04258356,-0.02001624,-0.2826387,-1.227031,-1.820114,-9.983161
IMU,3484433884.0,0,0.2091421,-0.05993514,-0.2720974,-0.940674,1.400125,-10.35405
IMU,3484474634.0,0,0.01065048,-0.05655892,-0.1230748,-0.9468794,-1.364794,-10.42847
IMU,3484514607.0,0,0.05707116,-0.03047056,-0.1520782,-1.556777,-1.090191,-9.978841
IMU,3484554316.0,0,0.2699637,-0.03819853,-0.05564383,-1.020531,1.623677,-10.04417
IMU,3484596779.0,0,-0.03119938,0.02152559,0.01167514,-1.720144,-1.329768,-9.588686
IMU,3484637102.0,0,0.07518229,0.02556739,0.04447953,-1.558312,-1.054164,-9.547076
IMU,3484677654.0,0,0.1927848,0.001187822,0.1466818,-0.7602038,0.870557,-9.258692
IMU,3484719169.0,0,-0.04053928,-0.01044163,0.1871068,-2.030946,-0.6226245,-8.615005
IMU,3484760791.0,0,-0.07728433,-0.1256711,0.2302795,-0.605092,1.230447,-9.0949
IMU,3484803477.0,0,-0.1847041,-0.07113913,0.1449921,-1.09807,-0.353858,-9.018992
IMU,3484842883.0,0,-0.6498141,-0.2047043,0.2205625,-0.328686,-1.497142,-9.433551
IMU,3484882867.0,0,-0.8237095,-0.2906593,0.1070719,-0.4203194,-0.626331,-0.6390327
IMU,3484922888.0,0,-0.5932366,-0.2350202,0.01603064,-0.7643907,0.1907681,-1.095252
IMU,3484964557.0,0,-0.6004317,-0.2907027,-0.102104,-0.1029691,-0.02938989,-0.3935466
IMU,3485005044.0,0,-0.6370345,-0.2660716,-0.1442023,-0.2539602,-0.03657099,0.03695989
IMU,3485045493.0,0,-0.6277832,-0.2744925,-0.1835916,-0.2058921,-0.1870723,0.07935804
IMU,3485085527.0,0,-0.6277305,-0.2681089,-0.2058133,-0.2439711,-0.1327181,-0.01200389
IMU,3485125217.0,0,-0.6258179,-0.2590265,-0.2188106,-0.219871,-0.1224601,-0.04272683
IMU,3485166333.0,0,-0.6513559,-0.2461693,-0.2185587,-0.1942374,-0.09937441,-0.06504881
IMU,3485205869.0,0,-0.6564882,-0.2277724,-0.2157403,-0.1823678,-0.07959501,-0.1317983
IMU,3485246082.0,0,-0.6558583,-0.204313,-0.2199175,-0.1940882,-0.1263229,-0.2014993
IMU,3485287018.0,0,-0.6779545,-0.1878681,-0.2278567,-0.224034,-0.1289612,-0.3072632
IMU,3485327072.0,0,-0.7103383,-0.153064,-0.229158,-0.2493051,-0.1179296,-0.3646763
IMU,3485367644.0,0,-0.7434319,-0.1109999,-0.2335057,-0.2738037,-0.1109169,-0.4302913
IMU,3485407810.0,0,-0.7688931,-0.0616216,-0.2424107,-0.2960981,-0.06144119,-0.5186395
IMU,3485448178.0,0,-0.7802638,-0.004181897,-0.2514568,-0.3214287,-0.02385188,-0.6303499
IMU,3485487541.0,0,-0.7824564,0.05156932,-0.2626978,-0.3290504,-0.03478181,-0.715009
IMU,3485527534.0,0,-0.7843633,0.1240923,-0.2744256,-0.3557873,-0.01153827,-0.843478
IMU,3485568178.0,0,-0.7796285,0.2014933,-0.2879796,-0.3751901,0.03981965,-0.9667712
IMU,3485609996.0,0,-0.7762512,0.2903422,-0.2981319,-0.3745349,0.06763097,-1.089831
IMU,3485650105.0,0,-0.7687777,0.3823504,-0.3061714,-0.3701726,0.10167,-1.213733
IMU,3485690052.0,0,-0.7441805,0.4726213,-0.3198787,-0.3586328,0.153859,-1.289974
IMU,3485730458.0,0,-0.6935574,0.5512578,-0.33547,-0.3230396,0.2271254,-1.484161
IMU,3485771582.0,0,-0.6249881,0.6104952,-0.3442459,-0.3150304,0.246529,-1.632893
IMU,3485811611.0,0,-0.5654575,0.6907154,-0.3307761,-0.3467156,0.3743827,-1.569046
IMU,3485851603.0,0,-0.4647691,0.8145419,-0.3173787,-0.3517896,0.4903319,-1.8389
IMU,3485892022.0,0,-0.0306515,1.00441,-0.3451324,-0.8654812,1.297094,-2.222678
IMU,3485932008.0,0,0.6028498,0.85159,-0.530166,-0.8828114,2.339705,-3.429875
IMU,3485972900.0,0,5.699893,4.612658,-0.128936,-7.285724,18.94065,-25.40099
IMU,3486013606.0,0,8.44455,6.583244,-0.5214934,16.59652,0.2917047,-80.20155
IMU,3486054045.0,0,2.692547,1.283074,-1.670148,-35.98647,-5.005188,-4.970709
IMU,3486094810.0,0,2.238942,-1.175075,-0.995804,1.755281,0.7195876,1.066737
IMU,3486137852.0,0,0.9426102,-1.981434,-0.3232819,1.237988,-0.07089121,-0.2969662
IMU,3486178532.0,0,-0.3201962,-0.3894209,-0.2440426,-2.925102,-2.378829,-5.668029
IMU,3486218455.0,0,-0.5922632,1.147169,-0.2176054,-0.738371,-1.318389,-4.668359
IMU,3486258463.0,0,-0.3639746,1.847139,0.05786571,-1.043538,-3.253602,-9.050989
IMU,3486299130.0,0,-0.9328555,0.8981814,0.1636195,4.857153,-5.221183,-17.48007
IMU,3486339268.0,0,-0.1756245,-0.1970673,-0.03854851,-0.2010257,1.857478,-13.94054
IMU,3486378541.0,0,0.2948405,-0.2004814,-0.03880151,0.04689724,-0.9868025,-9.437711
IMU,3486418490.0,0,0.04625458,-0.03727856,-0.007510191,0.287747,-2.413743,-7.913062
IMU,3486458593.0,0,-0.05838546,0.1070688,0.01627532,0.05519857,-1.08025,-10.1907
IMU,3486499061.0,0,0.0323419,-0.04343435,-0.004722842,0.4272805,-1.167906,-10.14497
IMU,3486539068.0,0,0.01088576,0.003787962,0.0009809338,0.2388353,-1.478487,-9.204604
IMU,3486579545.0,0,0.005746236,0.004885852,0.001494165,0.3032319,-1.171112,-10.04579
IMU,3486619043.0,0,0.01283428,-0.0104638,0.0009853006,0.2410411,-1.377301,-9.543042
IMU,3486659243.0,0,0.005899598,0.003531183,0.001871251,0.2689877,-1.287058,-9.833915
IMU,3486699123.0,0,0.01145507,-0.007969428,0.001385277,0.252497,-1.345025,-9.650007
IMU,3486739087.0,0,0.009422198,0.0004719415,0.0007841403,0.2856886,-1.300972,-9.769932
IMU,3486779844.0,0,0.009807577,-0.004740906,0.0006577054,0.2501897,-1.344878,-9.698419
IMU,3486820064.0,0,0.007422563,0.0006931509,-0.0001202283,0.2818004,-1.309866,-9.72558
IMU,3486860124.0,0,0.009131552,-0.0003604356,0.001373844,0.2658317,-1.298898,-9.701821
IMU,3486899838.0,0,0.008708492,-0.002045228,0.0005836948,0.2873883,-1.328473,-9.720753
IMU,3486939629.0,0,0.009887675,-0.001549121,0.0005304851,0.2699821,-1.294987,-9.712065
IMU,3486980239.0,0,0.009035387,-0.001053114,0.001614738,0.2704347,-1.315218,-9.709926
IMU,3487020395.0,0,0.009601352,-0.00250308,-0.0005504261,0.2755475,-1.300236,-9.739631
IMU,3487060574.0,0,0.008315858,-0.002032591,0.00114568,0.2711389,-1.330963,-9.710824
IMU,3487101299.0,0,0.009075444,-0.001720366,0.002246517,0.2799828,-1.311208,-9.728528
IMU,3487141516.0,0,0.008960512,-0.001494664,0.00120868,0.2789536,-1.319489,-9.719389
IMU,3487181791.0,0,0.009199051,-0.001646842,-0.0001640997,0.2668642,-1.322872,-9.722757
IMU,3487221596.0,0,0.009309453,-0.0007845138,0.0004838995,0.2583007,-1.31225,-9.729506
IMU,3487261148.0,0,0.01051739,-0.00177984,-1.946033e-05,0.256606,-1.313506,-9.71554
IMU,3487301319.0,0,0.009514909,-0.001571898,0.001135302,0.2698949,-1.314658,-9.731331
IMU,3487341439.0,0,0.01027082,-0.0008472287,0.001392211,0.2820468,-1.305285,-9.722551
IMU,3487381795.0,0,0.008814523,-0.001893288,0.001567537,0.2717769,-1.330421,-9.715621
IMU,3487421686.0,0,0.008640481,-0.002269722,0.000657772,0.2651118,-1.316157,-9.705606
IMU,3487461607.0,0,0.009550319,-0.001543084,0.0009693105,0.2598663,-1.302241,-9.725228
IMU,3487501464.0,0,0.009647948,-0.001261903,0.00131804,0.2871477,-1.32061,-9.728157
IMU,3487541264.0,0,0.0090076,-0.002077706,0.0001186299,0.2787803,-1.315078,-9.711405
IMU,3487584736.0,0,0.009424287,-0.002276028,0.0004064499,0.2656542,-1.317308,-9.719282
IMU,3487623622.0,0,0.009405072,-0.0005830226,0.0008082201,0.2688049,-1.316864,-9.732409
IMU,3487663859.0,0,0.009821915,-0.00180432,-0.0008972659,0.2663361,-1.319738,-9.715946
IMU,3487703832.0,0,0.009072144,-0.002989742,0.001514622,0.2684689,-1.321959,-9.732436
IMU,3487744299.0,0,0.009541408,-0.0007833387,0.001143357,0.2706797,-1.319789,-9.728173
IMU,3487784637.0,0,0.009383259,-0.002786698,0.0007587424,0.2792041,-1.316495,-9.744057
IMU,3487823754.0,0,0.007977052,-0.002507623,0.001636302,0.2570981,-1.326846,-9.720133
IMU,3487863748.0,0,0.008155289,-0.002669492,0.001889588,0.2617535,-1.31839,-9.714554
IMU,3487903771.0,0,0.009052962,-0.001815676,0.001268236,0.2686519,-1.315228,-9.730788
IMU,3487944290.0,0,0.009743897,-0.001237127,0.001376871,0.2656664,-1.323227,-9.735267
IMU,3487986230.0,0,0.01024812,-0.001402265,-0.0003736042,0.2813674,-1.327773,-9.728951
IMU,3488026493.0,0,0.009881505,-0.001925827,0.0001190513,0.2763186,-1.309558,-9.700065
IMU,3484110853.0,1,0.266954,0.1505652,-0.7696245,-0.4002376,0.2202257,-10.71368
IMU,3484151838.0,1,0.3482554,0.1768334,-0.6725451,0.210748,-1.347047,-12.27244
IMU,3484192572.0,1,0.3537571,0.2028673,-0.6595924,-1.361874,-0.426927,-12.13203
IMU,3484231889.0,1,0.132453,0.09532548,-0.474987,0.4563722,-0.6821966,-11.14758
IMU,3484272313.0,1,0.02816329,0.02138461,-0.5088889,-1.778358,0.5854183,-9.818125
IMU,3484312078.0,1,-0.03107041,-0.04120537,-0.3610131,-1.145101,-0.2864327,-10.50106
IMU,3484353482.0,1,-0.02752105,-0.1161959,-0.3568435,-0.9864198,0.4284645,-10.6103
IMU,3484393579.0,1,-0.00458453,-0.08033725,-0.2477337,-1.684212,-1.69272,-9.996305
IMU,3484433884.0,1,0.09291073,-0.1155908,-0.2405493,-0.8639512,1.55506,-10.10971
IMU,3484474634.0,1,-0.01532273,-0.1687976,-0.09997037,-1.866031,-1.389586,-10.73694
IMU,3484514607.0,1,-0.02165367,-0.09546662,-0.1168462,-1.879836,-0.7714419,-10.52353
IMU,3484554316.0,1,0.09515671,-0.09364618,-0.06752733,-1.413978,0.9314221,-10.08904
IMU,3484596779.0,1,-0.02862159,-0.06518519,-0.000940174,-1.784847,-1.027556,-9.766957
IMU,3484637102.0,1,0.02380326,-0.02909721,0.02666611,-2.437953,-1.184674,-10.50536
IMU,3484677654.0,1,0.1317686,-0.05412462,0.06417968,-0.9137712,-0.3286827,-10.56741
IMU,3484719169.0,1,0.002137523,-0.05931446,0.1146824,-1.801529,-1.076203,-9.238704
IMU,3484760791.0,1,-0.08333132,-0.1297147,0.159309,-0.5116884,1.276081,-9.066819
IMU,3484803477.0,1,-0.1805563,-0.1270184,0.142991,-0.2641594,0.5316538,-8.123229
IMU,3484842883.0,1,-0.5431899,-0.1985475,0.1752947,-0.1332762,-0.9231625,-9.172487
IMU,3484882867.0,1,-0.8137699,-0.3269703,0.06344663,-0.2171953,-0.07058129,-0.09126473
IMU,3484922888.0,1,-0.6076937,-0.2683254,-0.03658287,-0.078103,0.88113,-0.1605443
IMU,3484964557.0,1,-0.6175688,-0.3034899,-0.1175384,-0.1517818,0.1725435,-0.3911587
IMU,3485005044.0,1,-0.6470472,-0.2775526,-0.1617167,-0.3320324,0.2275327,0.05599663
IMU,3485045493.0,1,-0.6419126,-0.2949922,-0.1994457,-0.1068098,0.03257875,0.01804738
IMU,3485085527.0,1,-0.6439182,-0.2865951,-0.2178534,-0.1974675,0.2164107,-0.03049435
IMU,3485125217.0,1,-0.640448,-0.2751973,-0.2302741,-0.2757224,0.07054142,-0.1658057
IMU,3485166333.0,1,-0.6652551,-0.2661132,-0.2287941,-0.1537583,0.1377066,-0.0729073
IMU,3485205869.0,1,-0.6734285,-0.2400298,-0.2284296,-0.195389,0.1673718,-0.03722
IMU,3485246082.0,1,-0.6724596,-0.2176504,-0.2332946,-0.1597287,0.1500746,-0.2709278
IMU,3485287018.0,1,-0.6925837,-0.208044,-0.2421172,-0.2994121,0.2160864,-0.2874636
IMU,3485327072.0,1,-0.7265145,-0.1702619,-0.2434626,-0.3539574,0.111803,-0.3100852
IMU,3485367644.0,1,-0.7548328,-0.131537,-0.2495448,-0.3152288,0.1708803,-0.4825071
IMU,3485407810.0,1,-0.7824185,-0.08642895,-0.2553864,-0.3534672,0.1549593,-0.3807182
IMU,3485448178.0,1,-0.7944167,-0.025943,-0.2691051,-0.3511191,0.1363428,-0.5256629
IMU,3485487541.0,1,-0.7966723,0.02307355,-0.2778585,-0.3935082,0.06273898,-0.70766
IMU,3485527534.0,1,-0.7973812,0.09441873,-0.2860488,-0.4095263,0.3531755,-0.7069098
IMU,3485568178.0,1,-0.7944692,0.1574722,-0.3048031,-0.3968444,0.2917271,-0.8433736
IMU,3485609996.0,1,-0.7916917,0.2323875,-0.3089885,-0.3761497,0.394084,-1.111434
IMU,3485650105.0,1,-0.7806966,0.3189619,-0.3176455,-0.3344379,0.3952683,-1.120771
IMU,3485690052.0,1,-0.7626945,0.4064177,-0.3245398,-0.4501627,0.461395,-1.142621
IMU,3485730458.0,1,-0.7081718,0.4825648,-0.3412085,-0.3751216,0.4282719,-1.477243
IMU,3485771582.0,1,-0.6426316,0.5454507,-0.3413109,-0.3298368,0.5639245,-1.532621
IMU,3485811611.0,1,-0.5861046,0.6126638,-0.3345684,-0.3662852,0.5748541,-1.399878
IMU,3485851603.0,1,-0.4834915,0.728812,-0.3138122,-0.3372729,0.705512,-1.782584
IMU,3485892022.0,1,-0.0690258,0.9091179,-0.3152568,-0.7847405,1.693135,-1.95518
IMU,3485932008.0,1,0.5166554,0.7472551,-0.4643092,-0.8964475,2.626233,-3.316336
IMU,3485972900.0,1,5.472668,4.213535,0.07766745,-7.392529,18.40036,-23.20695
IMU,3486013606.0,1,8.637647,6.730598,0.05642767,19.39323,-0.85572,-86.02795
IMU,3486054045.0,1,2.215715,0.2204569,-1.97158,-44.81357,-7.915666,-8.964089
IMU,3486094810.0,1,2.198558,-1.114116,-0.8326243,1.79783,0.9823184,0.326573
IMU,3486137852.0,1,0.8886615,-1.959284,-0.3083891,1.033348,0.05062333,-0.5811706
IMU,3486178532.0,1,-0.2932473,-0.5430525,-0.2399801,-2.927912,-2.030672,-5.7095
IMU,3486218455.0,1,-0.625855,1.02459,-0.2278618,-0.8667492,-1.076799,-4.556326
IMU,3486258463.0,1,-0.3446814,1.718113,0.04408997,-1.05544,-3.146426,-9.178062
IMU,3486299130.0,1,-0.8418348,0.9829522,0.1189225,4.882776,-5.098086,-19.00674
IMU,3486339268.0,1,-0.280005,-0.2344267,-0.05335087,-0.1946641,1.894928,-13.23663
IMU,3486378541.0,1,0.2626928,-0.234931,-0.02237763,0.03921285,-0.7367136,-9.55657
IMU,3486418490.0,1,0.02316269,-0.07948709,-0.01074785,0.254984,-2.212021,-7.867136
IMU,3486458593.0,1,-0.07508837,0.07879119,0.01004711,0.1142186,-0.9664667,-10.1792
IMU,3486499061.0,1,0.005290611,-0.0725069,-0.006512956,0.3851686,-0.9990034,-10.02019
IMU,3486539068.0,1,-0.001683821,-0.02757245,-0.004505913,0.2558209,-1.371646,-9.129663
IMU,3486579545.0,1,-0.01198911,-0.01833227,-0.003545258,0.3414891,-1.075135,-10.03283
IMU,3486619043.0,1,-0.003132424,-0.04094321,-0.008122242,0.1979523,-1.319532,-9.484238
IMU,3486659243.0,1,-0.009227796,-0.02729483,-0.007228403,0.1511,-1.16637,-9.906017
IMU,3486699123.0,1,-0.002427601,-0.03831802,-0.009845666,0.2238197,-1.14836,-9.555741
IMU,3486739087.0,1,-0.007423957,-0.02949393,-0.0030376,0.2047102,-1.038013,-9.86305
IMU,3486779844.0,1,-0.003401912,-0.03423522,-0.008840119,0.2561222,-1.221479,-9.554594
IMU,3486820064.0,1,-0.004956175,-0.02587011,-0.006610893,0.3141647,-1.102816,-9.596789
IMU,3486860124.0,1,-0.004464861,-0.02715424,-0.009136113,0.2067131,-1.093702,-9.643439
IMU,3486899838.0,1,-0.007827256,-0.02928434,-0.005261231,0.3170493,-1.181065,-9.699892
IMU,3486939629.0,1,-0.004773965,-0.03603126,-0.008998998,0.246866,-1.162776,-9.678312
IMU,3486980239.0,1,-0.007087199,-0.02786027,-0.002317369,0.2793013,-1.205683,-9.603485
IMU,3487020395.0,1,-0.006112494,-0.02688021,-0.006304064,0.2495989,-1.11629,-9.753319
IMU,3487060574.0,1,-0.00528903,-0.03783821,-0.005609912,0.2783735,-1.106709,-9.766344
IMU,3487101299.0,1,-0.00585718,-0.03384756,-0.005122723,0.2508314,-1.21239,-9.559691
IMU,3487141516.0,1,-0.00565387,-0.02841701,-0.006619826,0.4013314,-1.194765,-9.540247
IMU,3487181791.0,1,-0.007436506,-0.03819443,-0.003604637,0.2912694,-1.233389,-9.781529
IMU,3487221596.0,1,-0.007490302,-0.02938451,-0.004640442,0.2201604,-1.261857,-9.611667
IMU,3487261148.0,1,-0.007074983,-0.034271,-0.001051023,0.234998,-1.179025,-9.695454
IMU,3487301319.0,1,-0.004995401,-0.03396844,-0.007187758,0.3043673,-1.191614,-9.716117
IMU,3487341439.0,1,-0.005470122,-0.03398392,-0.007217157,0.2397653,-1.236157,-9.794724
IMU,3487381795.0,1,-0.00743324,-0.03056481,-0.0041214,0.2585746,-1.263865,-9.732776
IMU,3487421686.0,1,-0.005989485,-0.02828539,-0.007675399,0.1663566,-1.129241,-9.677439
IMU,3487461607.0,1,-0.00515618,-0.03555042,-0.006704379,0.2713416,-1.066101,-9.670398
IMU,3487501464.0,1,-0.006049226,-0.03023122,-0.004333235,0.22483,-1.099793,-9.711881
IMU,3487541264.0,1,-0.005142591,-0.0284482,-0.005297888,0.2887161,-1.140696,-9.688344
IMU,3487584736.0,1,-0.00595771,-0.03679535,-0.004581331,0.3242386,-1.110315,-9.682167
IMU,3487623622.0,1,-0.00477888,-0.03040576,-0.005040906,0.2934397,-1.11973,-9.620564
IMU,3487663859.0,1,-0.008375818,-0.03080559,-0.008916847,0.2338065,-1.16076,-9.679001
IMU,3487703832.0,1,-0.005659616,-0.02707443,-0.003423224,0.2102913,-1.151584,-9.642138
IMU,3487744299.0,1,-0.003287689,-0.02747105,-0.005429581,0.3032522,-1.165144,-9.588729
IMU,3487784637.0,1,-0.007147677,-0.03427382,-0.008273122,0.1931884,-1.214652,-9.790638
IMU,3487823754.0,1,-0.009122903,-0.03684483,0.001933721,0.2297174,-1.148646,-9.732881
IMU,3487863748.0,1,-0.005206163,-0.03436911,-0.008211662,0.3213731,-1.21839,-9.640181
IMU,3487903771.0,1,-0.006146159,-0.02992974,-0.003950537,0.3063819,-1.101919,-9.710875
IMU,3487944290.0,1,-0.008567868,-0.03130287,-0.00672111,0.2288676,-1.109024,-9.823166
IMU,3487986230.0,1,-0.00627066,-0.03267916,-0.005805271,0.2035911,-1.189834,-9.752247
IMU,3488026493.0,1,-0.006186133,-0.03412096,-0.003546291,0.2227981,-1.118068,-9.804021
IMU,3484110853.0,2,0.3737786,0.2328902,-0.8512496,-1.358611,-1.319992,-11.63707
IMU,3484151838.0,2,0.3639415,0.247428,-0.7514232,-0.9792649,-0.4652084,-10.53821
IMU,3484192572.0,2,0.2522153,0.2585474,-0.6363017,-1.272558,-1.175725,-11.47514
IMU,3484231889.0,2,0.138393,0.1780719,-0.570494,-1.309046,-1.251291,-12.10766
IMU,3484272313.0,2,0.116617,0.1242278,-0.4739569,-2.069118,-0.5311549,-9.721677
IMU,3484312078.0,2,0.06134107,0.02922612,-0.4102899,-1.565891,-1.194868,-11.7115
IMU,3484353482.0,2,0.01140406,0.01048078,-0.2952995,-1.449643,-0.7092585,-12.01175
IMU,3484393579.0,2,0.02822459,-0.02889547,-0.2546043,-0.8242192,-0.9442711,-9.680033
IMU,3484433884.0,2,0.1337839,-0.0745869,-0.1783853,-1.012415,-0.7545452,-11.12681
IMU,3484474634.0,2,-0.05674359,-0.04671971,-0.1144091,-1.252225,0.001823093,-10.1317
IMU,3484514607.0,2,0.0389372,-0.04966199,-0.06958531,-0.8589267,-0.2317068,-9.690375
IMU,3484554316.0,2,0.1504455,-0.04017838,-0.01742841,-1.475408,-0.6324747,-10.90071
IMU,3484596779.0,2,0.004156638,-0.01346125,0.03968054,-0.543826,1.106426,-8.603285
IMU,3484637102.0,2,0.03356659,-0.04503741,0.08797853,0.336512,0.05072435,-8.391188
IMU,3484677654.0,2,0.06537449,-0.01936286,0.1182968,-0.4899828,-0.377404,-9.258193
IMU,3484719169.0,2,0.03115687,-0.03882292,0.1319433,-0.3387919,1.401848,-7.9618
IMU,3484760791.0,2,-0.01487578,-0.1000222,0.1676897,-0.2576707,-0.376677,-8.872839
IMU,3484803477.0,2,-0.09984207,-0.04148505,0.180163,-0.6194231,-0.06894553,-9.663829
IMU,3484842883.0,2,-0.5199966,-0.1630113,0.181119,-0.9550586,-0.4179905,-9.215677
IMU,3484882867.0,2,-0.711885,-0.2353215,0.1155275,0.1609775,0.001372273,-2.066995
IMU,3484922888.0,2,-0.6482571,-0.2514848,0.01162217,-0.09633619,0.2344522,-0.09149908
IMU,3484964557.0,2,-0.6178932,-0.2774425,-0.1029154,-0.1473496,-0.04369224,-0.2484881
IMU,3485005044.0,2,-0.642405,-0.2494842,-0.1462312,-0.1993218,-0.01565392,0.08138763
IMU,3485045493.0,2,-0.638914,-0.2613983,-0.1852239,-0.2019719,-0.146559,0.04552862
IMU,3485085527.0,2,-0.6380576,-0.2531122,-0.204014,-0.2312495,-0.07278746,0.0469223
IMU,3485125217.0,2,-0.6357216,-0.242636,-0.2204387,-0.1984941,-0.09974827,-0.04460001
IMU,3485166333.0,2,-0.6614276,-0.2299915,-0.2175535,-0.1762134,-0.07980978,-0.09774656
IMU,3485205869.0,2,-0.6657476,-0.2088736,-0.2154247,-0.1645479,-0.06366225,-0.1101801
IMU,3485246082.0,2,-0.6642251,-0.1886178,-0.2214394,-0.1847157,-0.08714686,-0.2192694
IMU,3485287018.0,2,-0.6864902,-0.1690518,-0.2266655,-0.2217096,-0.09479816,-0.3172534
IMU,3485327072.0,2,-0.7186592,-0.1329014,-0.22947,-0.2311109,-0.08981851,-0.3567114
IMU,3485367644.0,2,-0.7481002,-0.09236793,-0.2321979,-0.2598116,-0.05834728,-0.4384573
IMU,3485407810.0,2,-0.7737566,-0.03972451,-0.2405033,-0.2789862,-0.03174491,-0.5366601
IMU,3485448178.0,2,-0.7842988,0.01755604,-0.24887,-0.2930173,-0.01248928,-0.6326184
IMU,3485487541.0,2,-0.7838408,0.07549405,-0.2609681,-0.3126848,0.002113028,-0.7175372
IMU,3485527534.0,2,-0.7844098,0.1484662,-0.272402,-0.3519275,0.01718896,-0.8670253
IMU,3485568178.0,2,-0.7779568,0.2236892,-0.2855338,-0.3518805,0.05362483,-0.9703076
IMU,3485609996.0,2,-0.7708506,0.3117717,-0.2939245,-0.3509153,0.09944973,-1.112528
IMU,3485650105.0,2,-0.7623361,0.4062678,-0.302889,-0.3443896,0.1196848,-1.210154
IMU,3485690052.0,2,-0.7373144,0.4944594,-0.3141121,-0.3368964,0.1793275,-1.330016
IMU,3485730458.0,2,-0.684391,0.5723323,-0.3316029,-0.2967247,0.2327752,-1.454303
IMU,3485771582.0,2,-0.6138243,0.6327902,-0.3370241,-0.3095239,0.2574893,-1.614731
IMU,3485811611.0,2,-0.5528056,0.7114081,-0.3255384,-0.3170637,0.3743587,-1.515594
IMU,3485851603.0,2,-0.449087,0.833194,-0.3113907,-0.2813241,0.4589343,-1.804774
IMU,3485892022.0,2,-0.01396893,1.022782,-0.333633,-0.5478018,0.6579893,-1.94286
IMU,3485932008.0,2,0.6049831,0.8379548,-0.5191133,-0.2475226,2.060167,-2.870275
IMU,3485972900.0,2,5.56287,4.358881,-0.0918937,-5.974225,16.27482,-22.87609
IMU,3486013606.0,2,8.243132,6.797581,-0.2772545,14.96201,4.195555,-77.73034
IMU,3486054045.0,2,2.242463,-1.209484,-0.9380311,-28.3634,-6.78933,-13.63686
IMU,3486094810.0,2,2.130593,-1.217327,-0.9734075,1.091854,0.9205832,1.63832
IMU,3486137852.0,2,0.8744207,-2.012376,-0.342289,1.054627,0.1439089,-0.7444645
IMU,3486178532.0,2,-0.3922857,-0.3248073,-0.2334895,-2.117279,-2.439741,-6.993725
IMU,3486218455.0,2,-0.5628952,1.184725,-0.2062477,-0.6086765,-1.486726,-4.67505
IMU,3486258463.0,2,-0.3381208,1.872579,0.06799617,-1.1036,-3.124402,-9.303526
IMU,3486299130.0,2,-0.9848633,0.8740906,0.1565329,3.529865,-4.64194,-17.00105
IMU,3486339268.0,2,-0.1469802,-0.1787259,-0.04225454,-0.09856774,1.202662,-13.26845
IMU,3486378541.0,2,0.2786929,-0.2049063,-0.04305384,0.04152022,-0.8805569,-9.715338
IMU,3486418490.0,2,0.03573848,-0.03510886,-0.01245513,0.1983048,-2.433966,-8.041385
IMU,3486458593.0,2,-0.06604866,0.1105385,0.01306544,0.008840766,-1.199488,-10.0964
IMU,3486499061.0,2,0.02181079,-0.03958642,-0.008623187,0.3606761,-1.240835,-10.1444
IMU,3486539068.0,2,0.002824506,0.005072958,-0.001855783,0.1483983,-1.558461,-9.218352
IMU,3486579545.0,2,-0.00395271,0.00894892,-0.00207366,0.2214114,-1.292604,-9.996952
IMU,3486619043.0,2,0.002544833,-0.006366582,-0.003965638,0.1862569,-1.474605,-9.563243
IMU,3486659243.0,2,-0.003800272,0.008431419,-0.00216917,0.1897628,-1.361607,-9.8119
IMU,3486699123.0,2,0.002603377,-0.003003092,-0.003931669,0.1909208,-1.430839,-9.649092
IMU,3486739087.0,2,-0.0007539358,0.005355118,-0.00266322,0.2072576,-1.419525,-9.773889
IMU,3486779844.0,2,0.001725077,-0.0002225452,-0.002987773,0.19285,-1.421354,-9.685966
IMU,3486820064.0,2,-0.001867113,0.007179619,-0.003359907,0.2011458,-1.414259,-9.725782
IMU,3486860124.0,2,0.0005471743,0.003998389,-0.003042992,0.1924372,-1.394526,-9.697506
IMU,3486899838.0,2,0.0003233064,0.00163926,-0.003429343,0.205766,-1.416445,-9.714666
IMU,3486939629.0,2,0.0003878056,0.0007536241,-0.003130577,0.2009778,-1.405898,-9.721624
IMU,3486980239.0,2,0.0005732119,0.004363789,-0.003442579,0.1972249,-1.418924,-9.694648
IMU,3487020395.0,2,-0.0005200912,0.00174994,-0.002470929,0.2106145,-1.397423,-9.745121
IMU,3487060574.0,2,-0.0007613117,0.001522177,-0.002986096,0.1988734,-1.420991,-9.701157
IMU,3487101299.0,2,-9.925199e-05,0.00145642,-0.003359851,0.1991085,-1.401999,-9.725447
IMU,3487141516.0,2,0.0006908757,0.001362086,-0.001953437,0.2040018,-1.406108,-9.694327
IMU,3487181791.0,2,0.0008817314,0.001151151,-0.003191749,0.2114174,-1.416007,-9.715196
IMU,3487221596.0,2,0.000491705,0.001280448,-0.003188867,0.2002227,-1.403845,-9.689786
IMU,3487261148.0,2,0.0006150881,0.002026013,-0.004559242,0.2066956,-1.403431,-9.700309
IMU,3487301319.0,2,-0.00108457,0.003177828,-0.003247241,0.1957158,-1.404383,-9.715927
IMU,3487341439.0,2,-0.0001800544,0.001402712,-0.002283239,0.1976644,-1.405235,-9.717464
IMU,3487381795.0,2,-0.0001845001,0.003306312,-0.003348599,0.1957605,-1.423507,-9.724351
IMU,3487421686.0,2,-0.0003811733,0.001887103,-0.00308409,0.1988169,-1.420547,-9.729952
IMU,3487461607.0,2,-0.001169656,0.003002778,-0.004995452,0.1952982,-1.398092,-9.70879
IMU,3487501464.0,2,0.0007050465,0.004049227,-0.003733527,0.2053157,-1.418036,-9.723075
IMU,3487541264.0,2,-0.000518646,0.002005297,-0.002887992,0.197528,-1.408141,-9.72972
IMU,3487584736.0,2,4.462614e-05,0.002052641,-0.003858809,0.193311,-1.417084,-9.730714
IMU,3487623622.0,2,-0.0006584424,0.003307718,-0.00214273,0.2020459,-1.410688,-9.698825
IMU,3487663859.0,2,-0.000876943,0.002808906,-0.003400655,0.2042396,-1.410372,-9.70459
IMU,3487703832.0,2,-0.0008135606,0.003189025,-0.002577806,0.2032123,-1.407571,-9.701468
IMU,3487744299.0,2,-0.001833612,0.003772144,-0.004493664,0.2050678,-1.406165,-9.713348
IMU,3487784637.0,2,-0.0001684558,0.002747779,-0.002100739,0.207224,-1.403605,-9.702407
IMU,3487823754.0,2,0.001039036,0.0007061542,-0.002934831,0.1845914,-1.406286,-9.70186
IMU,3487863748.0,2,-0.0009647378,0.0008206225,-0.00389932,0.1913813,-1.406835,-9.727029
IMU,3487903771.0,2,-0.000836027,0.002189572,-0.0036689,0.2029543,-1.400193,-9.721427
IMU,3487944290.0,2,-0.0003736964,0.00267058,-0.002802716,0.2055587,-1.403773,-9.705119
IMU,3487986230.0,2,-0.0005616521,0.003027866,-0.004371623,0.2043839,-1.415983,-9.717261
IMU,3488026493.0,2,-0.0001149495,0.002126506,-0.002792166,0.2046459,-1.405414,-9.717623
