ARM,3869057585.0,0.0
AHR2,3867200296.0,-7.69,4.64,146.41,468.78,43.2382702,-7.6819143
AHR2,3867300640.0,-8.2,4.86,142.73,468.54,43.2382686,-7.6819129
AHR2,3867402518.0,-9.6,4.6,138.52,468.86,43.2382675,-7.6819114
AHR2,3867502468.0,-10.83,4.22,133.03,468.74,43.2382661,-7.68191
AHR2,3867603859.0,-12.4,2.95,127.07,468.54,43.2382662,-7.6819082
AHR2,3867704279.0,-12.69,1.76,120.61,468.33,43.2382652,-7.6819065
AHR2,3867805752.0,-12.73,0.27,114.44,468.4,43.2382649,-7.6819041
AHR2,3867906276.0,-11.65,-0.87,107.49,468.53,43.2382642,-7.6819022
AHR2,3868008125.0,-11.06,-1.88,101.02,468.59,43.2382643,-7.6819001
AHR2,3868108171.0,-9.69,-2.38,94.2,468.65,43.2382639,-7.681898
AHR2,3868209605.0,-9.0,-2.95,87.95,468.61,43.2382646,-7.6818957
AHR2,3868309619.0,-7.74,-3.12,81.62,468.35,43.2382646,-7.6818934
AHR2,3868411008.0,-6.58,-3.42,75.3,468.56,43.2382657,-7.6818907
AHR2,3868511053.0,-5.45,-3.63,69.62,468.56,43.2382661,-7.6818884
AHR2,3868613359.0,-4.81,-3.58,64.02,469.0,43.2382664,-7.681887
AHR2,3868716113.0,-3.62,-2.96,59.42,469.21,43.2382668,-7.6818846
AHR2,3868818128.0,-2.85,-2.09,56.09,469.07,43.238268,-7.6818823
AHR2,3868918472.0,-1.95,-1.8,54.11,469.37,43.2382687,-7.6818803
AHR2,3869020621.0,-1.44,-1.65,52.95,469.69,43.2382694,-7.681878
AHR2,3869120618.0,-2.01,-0.51,52.26,469.58,43.23827,-7.6818758
AHR2,3869222492.0,-2.55,0.79,50.16,469.19,43.238271,-7.6818744
AHR2,3869322289.0,-3.17,2.16,47.07,469.12,43.2382717,-7.6818724
AHR2,3869423049.0,-4.01,3.29,43.81,469.02,43.2382727,-7.6818705
AHR2,3869523192.0,-4.89,4.35,40.59,468.89,43.2382735,-7.6818685
AHR2,3869624573.0,-5.88,5.66,37.26,468.91,43.2382738,-7.681867
AHR2,3869724617.0,-6.83,6.94,33.98,468.67,43.2382744,-7.681865
AHR2,3869825862.0,-7.71,8.1,30.67,468.55,43.2382751,-7.6818627
AHR2,3869926749.0,-8.63,9.01,27.48,468.16,43.2382757,-7.6818607
AHR2,3870027806.0,-9.3,9.8,24.22,467.52,43.2382771,-7.6818589
AHR2,3870128057.0,-9.61,11.05,21.03,467.22,43.2382779,-7.6818572
AHR2,3870228825.0,-30.04,18.41,10.16,466.39,43.2382784,-7.6818552
AHR2,3870329264.0,-8.08,-24.45,9.61,464.66,43.2382791,-7.6818534
AHR2,3870430043.0,-16.45,-21.05,15.69,463.08,43.2382774,-7.6818557
AHR2,3870529887.0,-17.14,-18.93,15.59,463.71,43.2382771,-7.6818552
AHR2,3870631120.0,-16.28,-19.33,15.28,463.53,43.2382727,-7.6818578
AHR2,3870731152.0,-16.54,-19.43,15.48,463.88,43.238271,-7.6818584
AHR2,3870832152.0,-16.58,-19.35,15.61,463.81,43.2382744,-7.6818576
AHR2,3870932253.0,-16.6,-19.27,15.72,464.0,43.2382744,-7.6818577
AHR2,3871033130.0,-16.66,-19.18,15.85,463.96,43.2382747,-7.6818573
ATT,3867199730.0,-6.98718,-7.572166,4.768115,4.203994,148.188,151.2708
ATT,3867300024.0,-7.935341,-8.025043,5.007163,4.364539,143.5169,147.528
ATT,3867401779.0,-9.103739,-9.401247,4.80207,4.122548,137.6658,143.2352
ATT,3867501793.0,-10.29005,-10.63085,4.21961,3.824814,131.6605,137.7189
ATT,3867603248.0,-11.17219,-12.14696,3.343778,2.607493,125.6146,131.7089
ATT,3867703611.0,-11.48251,-12.29135,2.264151,1.421853,119.7042,125.187
ATT,3867805106.0,-11.38396,-12.26359,1.11903,-0.03550338,113.6968,118.9309
ATT,3867905566.0,-10.9126,-11.20017,0.04435581,-1.133421,107.7928,111.8938
ATT,3868007549.0,-10.14984,-10.68296,-0.9440704,-2.103152,101.7253,105.3622
ATT,3868107589.0,-9.269582,-9.410846,-1.68374,-2.598305,95.76273,98.42936
ATT,3868209026.0,-8.318223,-8.753588,-2.397877,-3.179604,89.7057,91.95634
ATT,3868309040.0,-7.344333,-7.448604,-2.922805,-3.349516,83.71488,85.33727
ATT,3868410289.0,-6.302559,-6.221531,-3.356941,-3.663295,77.63793,78.72006
ATT,3868510478.0,-5.205211,-5.028416,-3.552356,-3.873193,71.83527,72.8243
ATT,3868612745.0,-4.296581,-4.331045,-3.614711,-3.827612,67.52745,66.97328
ATT,3868715475.0,-3.725474,-3.149091,-3.520958,-3.229608,64.99869,62.16455
ATT,3868817527.0,-3.256803,-2.32792,-3.505325,-2.450432,63.37244,58.62523
ATT,3868917789.0,-2.785379,-1.36994,-3.63958,-2.276746,62.28287,56.45362
ATT,3869020071.0,-2.997238,-0.8962029,-4.008562,-2.74758,92.56371,86.01008
ATT,3869119869.0,-1.970681,-1.491224,-2.362793,-1.350346,85.13622,85.11397
ATT,3869221802.0,-0.995518,-2.041676,-1.193593,0.3023772,82.48496,82.45453
ATT,3869321765.0,-0.5082521,-2.690792,-0.6093761,1.769079,75.75497,75.71487
ATT,3869422464.0,-0.2579908,-3.508759,-0.3093216,3.162287,68.36816,68.31581
ATT,3869522633.0,-0.131712,-4.327691,-0.1579179,4.632549,61.98468,61.92003
ATT,3869624018.0,-0.06644773,-5.300869,-0.0796684,6.355246,56.56283,56.48344
ATT,3869724080.0,-0.03392194,-6.310389,-0.0406712,8.003682,51.90872,51.81393
ATT,3869825322.0,-0.017206,-7.320939,-0.02062937,9.4618,47.49837,47.38806
ATT,3869925809.0,-0.008758399,-8.406687,-0.01050101,10.60872,43.38813,43.26109
ATT,3870027232.0,-0.00442554,-9.32035,-0.005306067,11.59928,39.45741,39.3162
ATT,3870127338.0,-0.002259416,-9.902015,-0.002708961,13.01639,35.71753,35.56679
ATT,3870228276.0,-0.001142091,-31.71549,-0.001369327,20.87668,23.90191,23.42102
ATT,3870328636.0,-0.0005830723,-10.02155,-0.0006990833,-21.16528,23.70128,23.54192
ATT,3870429262.0,-0.0002957118,-16.52406,-0.0003545482,-16.38047,23.93538,23.68226
ATT,3870529431.0,-0.0002539761,-17.84025,-0.0003045085,-14.60696,18.37647,18.10616
ATT,3870630489.0,-0.0002437212,-17.31631,-0.0002922133,-14.94057,15.40072,15.13769
ATT,3870730547.0,-0.0002437212,-17.58162,-0.0002922134,-14.81182,14.88686,14.62008
ATT,3870831564.0,-0.0002341143,-17.57345,-0.0002806952,-14.67949,15.34562,15.07913
ATT,3870931607.0,-0.0002341144,-17.56531,-0.0002806952,-14.63779,16.01402,15.74769
ATT,3871032578.0,-0.0002249091,-17.60651,-0.0002696583,-14.64599,16.57113,16.30418
BARO,3867237463.0,0,0.7207031,469.6007,96553.64
BARO,3867338233.0,0,1.045654,469.9256,96550.13
BARO,3867439305.0,0,0.9269714,469.8069,96551.42
BARO,3867539302.0,0,0.729187,469.6092,96553.54
BARO,3867640827.0,0,0.5144348,469.3944,96555.88
BARO,3867741850.0,0,0.585083,469.4651,96555.13
BARO,3867843099.0,0,0.7122192,469.5922,96553.75
BARO,3867943852.0,0,0.7772217,469.6572,96553.04
BARO,3868045124.0,0,0.8309021,469.7109,96552.46
BARO,3868145049.0,0,0.7998352,469.6798,96552.8
BARO,3868246772.0,0,0.5370178,469.417,96555.65
BARO,3868348159.0,0,0.7404785,469.6205,96553.44
BARO,3868448115.0,0,0.7461243,469.6261,96553.38
BARO,3868548128.0,0,1.184113,470.0641,96548.65
BARO,3868650233.0,0,1.393219,470.2732,96546.38
BARO,3868754686.0,0,1.254761,470.1347,96547.88
BARO,3868855116.0,0,1.557129,470.4371,96544.6
BARO,3868957517.0,0,1.873596,470.7536,96541.2
BARO,3869058018.0,0,1.760559,470.6405,96542.4
BARO,3869161601.0,0,1.376282,470.2563,96546.55
BARO,3869261611.0,0,1.302795,470.1828,96547.35
BARO,3869362643.0,0,1.209564,470.0895,96548.37
BARO,3869462751.0,0,1.079559,469.9595,96549.77
BARO,3869562824.0,0,1.093689,469.9737,96549.63
BARO,3869664566.0,0,0.8563538,469.7363,96552.18
BARO,3869765248.0,0,0.7376709,469.6176,96553.46
BARO,3869865888.0,0,0.3477173,469.2277,96557.69
BARO,3869967515.0,0,-0.2937317,468.5862,96564.6
BARO,3870067783.0,0,-0.5904236,468.2896,96567.82
BARO,3870168531.0,0,-1.424011,467.456,96576.85
BARO,3870268483.0,0,-3.153351,465.7266,96595.55
BARO,3870369546.0,0,-4.735748,464.1442,96612.65
BARO,3870469580.0,0,-4.108459,464.7715,96605.87
BARO,3870573651.0,0,-4.28363,464.5963,96607.77
BARO,3870673289.0,0,-3.933258,464.9467,96603.98
BARO,3870774142.0,0,-4.006714,464.8733,96604.78
BARO,3870874141.0,0,-3.817413,465.0626,96602.72
BARO,3870975243.0,0,-3.854126,465.0258,96603.1
BARO,3867237463.0,1,0.9524231,469.8324,96538.33
BARO,3867338233.0,1,1.167175,470.0471,96536.02
BARO,3867439305.0,1,1.008942,469.8889,96537.73
BARO,3867539302.0,1,0.6302795,469.5103,96541.8
BARO,3867640827.0,1,1.130432,470.0104,96536.41
BARO,3867741850.0,1,1.102173,469.9821,96536.7
BARO,3867843099.0,1,0.9439392,469.8239,96538.44
BARO,3867943852.0,1,0.585083,469.4651,96542.31
BARO,3868045124.0,1,0.8563538,469.7363,96539.37
BARO,3868145049.0,1,1.088043,469.968,96536.86
BARO,3868246772.0,1,0.9439392,469.8239,96538.43
BARO,3868348159.0,1,0.7404785,469.6205,96540.64
BARO,3868448115.0,1,0.7772217,469.6572,96540.24
BARO,3868548128.0,1,1.079559,469.9595,96536.95
BARO,3868650233.0,1,1.06543,469.9454,96537.11
BARO,3868754686.0,1,1.014587,469.8946,96537.66
BARO,3868855116.0,1,1.653198,470.5332,96530.75
BARO,3868957517.0,1,1.585388,470.4654,96531.48
BARO,3869058018.0,1,2.574371,471.4543,96520.8
BARO,3869161601.0,1,1.893372,470.7733,96528.17
BARO,3869261611.0,1,1.523193,470.4032,96532.17
BARO,3869362643.0,1,1.644714,470.5247,96530.86
BARO,3869462751.0,1,1.613617,470.4936,96531.19
BARO,3869562824.0,1,1.410187,470.2902,96533.39
BARO,3869664566.0,1,1.121948,470.0019,96536.5
BARO,3869765248.0,1,0.9806824,469.8607,96538.02
BARO,3869865888.0,1,0.5031128,469.3831,96543.2
BARO,3869967515.0,1,-0.04223633,468.8377,96549.09
BARO,3870067783.0,1,-0.4943542,468.3856,96553.98
BARO,3870168531.0,1,-1.308167,467.5718,96562.77
BARO,3870268483.0,1,-3.486786,465.3932,96586.34
BARO,3870369546.0,1,-4.905304,463.9747,96601.69
BARO,3870469580.0,1,-3.964325,464.9156,96591.51
BARO,3870573651.0,1,-3.94455,464.9354,96591.29
BARO,3870673289.0,1,-3.868256,465.0117,96590.45
BARO,3870774142.0,1,-3.859802,465.0202,96590.38
BARO,3870874141.0,1,-3.789154,465.0908,96589.61
BARO,3870975243.0,1,-3.64502,465.235,96588.05
GPS,3867343014.0,4,22,43.23827,-7.6819139,464.35,1.964,-0.1,0.0
GPS,3867564732.0,4,22,43.2382677,-7.6819108,464.35,1.758,0.021,0.0
GPS,3867749019.0,4,22,43.238266,-7.6819073,464.33,1.702,-0.017,0.0
GPS,3867951025.0,4,22,43.238265,-7.6819035,464.33,1.689,-0.148,0.0
GPS,3868155526.0,4,22,43.2382646,-7.6818994,464.36,1.797,-0.306,0.0
GPS,3868336886.0,4,22,43.238265,-7.6818951,464.5,1.928,-0.717,0.0
GPS,3868578467.0,4,22,43.2382658,-7.6818905,464.64,1.955,-0.7,0.0
GPS,3868740895.0,4,22,43.2382669,-7.6818862,464.79,1.791,-0.876,0.0
GPS,3868942835.0,4,22,43.2382682,-7.6818821,464.97,1.882,-0.918,0.0
GPS,3869148248.0,4,22,43.2382696,-7.6818781,465.16,1.787,-0.964,0.0
GPS,3869349033.0,4,22,43.2382712,-7.6818742,465.18,1.833,0.914,0.0
GPS,3869570532.0,4,22,43.2382727,-7.6818704,464.83,1.777,2.775,0.0
GPS,3869752077.0,4,22,43.2382741,-7.6818664,464.09,1.718,4.751,0.0
GPS,3869936844.0,4,22,43.2382756,-7.6818626,462.98,1.679,6.505,0.0
GPS,3870137799.0,4,22,43.2382772,-7.6818589,461.56,1.607,8.074,0.0
GPS,3870339052.0,4,22,43.2382778,-7.6818566,460.27,0.463,4.699,0.0
GPS,3870560138.0,4,21,43.2382759,-7.6818567,459.76,1.973,0.835,0.0
GPS,3870741306.0,4,22,43.2382744,-7.6818573,459.71,0.125,0.025,0.0
GPS,3870942263.0,4,21,43.2382746,-7.6818574,459.73,0.105,-0.118,0.0
IMU,3867166590.0,0,0.007051415,0.1859793,-0.5143099,-0.6539973,0.08139275,-10.25886
IMU,3867207503.0,0,-0.1158252,0.08421165,-0.5234782,-0.2572193,1.687994,-9.479164
IMU,3867247328.0,0,-0.03650446,0.1318083,-0.7239801,-0.7233519,0.8274262,-9.96231
IMU,3867287324.0,0,-0.3087607,0.06061,-0.6714157,-0.5126728,-0.7804482,-9.767093
IMU,3867327865.0,0,-0.1510933,0.04766574,-0.6594684,0.2120852,0.1950016,-11.39216
IMU,3867369557.0,0,-0.2205275,0.001391193,-0.6866261,0.3650083,1.702044,-10.45541
IMU,3867409645.0,0,-0.1282333,0.1206427,-0.9278088,-1.115222,-0.3604196,-10.09378
IMU,3867449517.0,0,-0.09377943,0.0806715,-0.8618976,0.5555267,-0.04835958,-10.1989
IMU,3867489252.0,0,-0.04485204,0.09571202,-1.078485,-0.7031655,1.259627,-9.284197
IMU,3867529152.0,0,-0.1830662,0.0939289,-1.055101,-1.461012,-1.166131,-10.05388
IMU,3867575775.0,0,-0.1050998,0.006184635,-1.146654,-0.05394396,0.5390047,-10.14937
IMU,3867615820.0,0,-0.07942846,0.1088276,-1.096729,-0.6795167,-1.328287,-10.15012
IMU,3867656262.0,0,0.07701302,0.02011951,-1.108905,-0.2560832,-0.6810816,-10.14211
IMU,3867695730.0,0,0.02750018,-0.02886209,-1.165961,-0.1085093,0.5992305,-11.07139
IMU,3867736458.0,0,0.004681766,-0.02527582,-1.149111,-0.4437162,0.008791294,-11.15143
IMU,3867778157.0,0,0.114927,0.115486,-1.194869,-0.9462357,-1.161026,-10.87869
IMU,3867817768.0,0,0.1257283,0.1019886,-1.146113,0.2516641,-0.00175736,-10.71424
IMU,3867857734.0,0,0.1982837,-0.04575342,-1.229538,0.2775783,0.9112937,-10.89999
IMU,3867897590.0,0,0.1336,0.02808802,-1.288689,0.1505118,-0.08917362,-11.14718
IMU,3867938321.0,0,0.04460923,-0.02628577,-1.127858,0.09353952,0.6180622,-10.73381
IMU,3867980759.0,0,0.1993856,0.00169444,-1.12158,-0.07374467,1.580414,-10.45666
IMU,3868020141.0,0,0.1959779,0.149051,-1.277493,-1.218531,0.2742987,-10.38185
IMU,3868060239.0,0,-0.04330846,0.0772887,-1.164614,-0.8154449,-0.2676492,-9.957997
IMU,3868100241.0,0,0.0619504,0.1456902,-1.210887,-0.4821725,-0.9221073,-11.24684
IMU,3868140496.0,0,0.08684378,0.1199004,-1.175508,-0.3571284,-0.9261729,-10.82583
IMU,3868181622.0,0,0.1575808,0.2180935,-1.180983,-0.9065451,-0.9180183,-11.02848
IMU,3868221592.0,0,0.09965395,0.1487299,-1.085055,-0.2105756,-0.3693922,-10.57343
IMU,3868261598.0,0,0.2452216,0.142419,-1.262726,-0.7325488,0.3693239,-10.98493
IMU,3868302277.0,0,0.082943,0.1148621,-1.09328,-0.2488604,-0.4129394,-10.56082
IMU,3868345558.0,0,-0.04429628,0.1431778,-1.14156,-1.414404,-0.4224904,-9.765997
IMU,3868385452.0,0,0.09427235,0.1681143,-1.161077,-0.5078396,-1.061692,-11.48082
IMU,3868425785.0,0,-0.0001456638,0.1152803,-1.089676,0.05203127,-0.4454858,-10.47754
IMU,3868465846.0,0,0.265275,0.2531802,-1.094888,-1.102893,-0.4154765,-9.958891
IMU,3868505604.0,0,-0.007860417,0.09005322,-1.042758,-0.4676804,0.07776862,-9.92129
IMU,3868545516.0,0,0.1416452,0.1219761,-1.146839,-0.7385314,-1.445584,-10.78826
IMU,3868590033.0,0,0.1885945,0.1031206,-1.125386,-0.8957857,-0.3413063,-11.06787
IMU,3868630068.0,0,0.1238301,0.0986625,-0.8957276,0.01067899,0.4078263,-11.00175
IMU,3868670148.0,0,0.1637931,0.1089802,-0.7094967,-0.6534317,1.483758,-9.691097
IMU,3868710118.0,0,0.1355858,0.0953342,-0.6639349,0.607492,-0.2022403,-10.74897
IMU,3868754882.0,0,0.2651331,0.1543716,-0.6102188,-0.6544088,0.1738811,-10.15445
IMU,3868794741.0,0,0.2817273,0.104171,-0.5745393,-0.5980125,2.059984,-10.45294
IMU,3868835526.0,0,0.1415354,0.1080094,-0.4156079,-0.06020932,-0.3369671,-10.0663
IMU,3868875380.0,0,0.187519,0.1345321,-0.410035,-1.072337,-0.2145949,-10.3327
IMU,3868915056.0,0,0.1903863,0.1394063,-0.3886067,-1.213768,-1.192266,-9.783554
IMU,3868957635.0,0,0.2500408,0.02872099,-0.3531206,-0.7822863,1.649894,-10.45567
IMU,3869000485.0,0,-0.04317392,0.0393465,-0.1199153,-0.7804444,-1.471767,-9.729711
IMU,3869040084.0,0,-0.02724219,0.1145676,-0.1676735,-1.77353,-0.9331836,-9.789964
IMU,3869080539.0,0,-0.1956123,0.3340589,-0.1376539,-1.476816,-1.077417,-8.945987
IMU,3869122790.0,0,-0.2749879,0.2159152,-0.2373166,-0.8868803,1.988895,-1.118549
IMU,3869164367.0,0,-0.09136797,0.2305278,-0.3515656,-0.2177996,-0.04283033,0.01483425
IMU,3869204077.0,0,-0.06989955,0.2533385,-0.4334223,-0.1171922,-0.2162625,-0.2124179
IMU,3869244241.0,0,-0.09562688,0.2620954,-0.5172268,-0.09715266,0.1491127,-0.1509438
IMU,3869284242.0,0,-0.08526298,0.2767097,-0.544663,-0.1070859,-0.07500747,-0.207309
IMU,3869324037.0,0,-0.09454422,0.2794146,-0.5597081,-0.09613378,-0.01651448,-0.1850998
IMU,3869364826.0,0,-0.1040921,0.2834008,-0.5624914,-0.1017003,-0.02477602,-0.2450249
IMU,3869405618.0,0,-0.1108427,0.2933248,-0.5582455,-0.08082253,-0.0008900269,-0.2861506
IMU,3869445500.0,0,-0.1058239,0.3027159,-0.5536004,-0.1045508,-0.01780442,-0.346114
IMU,3869485155.0,0,-0.101147,0.3063352,-0.5559831,-0.1066039,-0.01225052,-0.4250498
IMU,3869525120.0,0,-0.09603932,0.3237679,-0.5583522,-0.09161463,-0.02751813,-0.4717988
IMU,3869565607.0,0,-0.1078802,0.3393808,-0.5585936,-0.1024475,-0.03052044,-0.52703
IMU,3869606769.0,0,-0.1218664,0.3521764,-0.5516977,-0.07749615,-0.005383714,-0.6790755
IMU,3869647081.0,0,-0.115723,0.3485124,-0.5523065,-0.07148693,-0.00153091,-0.7763219
IMU,3869686618.0,0,-0.1043279,0.3413639,-0.554744,-0.0576661,0.01925048,-0.8514579
IMU,3869727093.0,0,-0.08826336,0.3319297,-0.5539184,-0.04559435,0.01464656,-0.9680448
IMU,3869768026.0,0,-0.082985,0.3198557,-0.5494862,-0.02975821,0.00318709,-1.092808
IMU,3869807570.0,0,-0.08037055,0.3061484,-0.5548691,-0.009814559,0.01199333,-1.209288
IMU,3869847821.0,0,-0.08394925,0.2859445,-0.5449035,-0.004801475,0.005033646,-1.342444
IMU,3869888107.0,0,-0.08434993,0.2696276,-0.5375838,-0.00330688,0.02771444,-1.461491
IMU,3869928866.0,0,-0.07340322,0.2568774,-0.5375243,0.01361155,0.06714278,-1.539167
IMU,3869969642.0,0,-0.0418053,0.2587698,-0.540515,0.0116556,0.0535046,-1.618409
IMU,3870009325.0,0,-0.01799821,0.2490489,-0.53602,0.04873659,0.03489904,-1.80439
IMU,3870049799.0,0,-0.009680785,0.2078712,-0.5308337,0.08087012,0.03230949,-2.00151
IMU,3870089532.0,0,-0.01264952,0.1273032,-0.5261802,0.1250557,0.06693731,-2.168413
IMU,3870130320.0,0,0.2138774,1.103077,-0.5142867,-1.577043,0.1909375,-10.95817
IMU,3870170846.0,0,-1.464674,5.109479,-1.288809,9.701568,0.3435806,-26.54652
IMU,3870211823.0,0,-3.626659,0.08281408,-1.919613,23.56903,8.852035,-44.71057
IMU,3870251270.0,0,-2.144763,-6.607161,-3.101416,26.23061,31.40606,-56.44087
IMU,3870290802.0,0,5.49649,-11.30856,-5.888604,-14.77421,58.95372,-68.11639
IMU,3870331229.0,0,2.584243,-1.541482,-0.9986118,-16.07,-28.33942,-17.29423
IMU,3870372187.0,0,-1.401513,0.1604562,1.117821,-8.499764,-6.240105,-3.842534
IMU,3870414315.0,0,-0.9926014,0.7352739,1.42974,-4.036837,-1.279429,-3.82554
IMU,3870454623.0,0,-0.4799956,0.7327569,0.6992846,-2.039997,3.841985,-5.517806
IMU,3870494387.0,0,-0.03877604,0.3073643,-0.1309276,0.1605193,6.297872,-6.950697
IMU,3870534802.0,0,0.1934225,-0.05780074,-0.2783961,0.2195601,6.542023,-7.734182
IMU,3870575610.0,0,0.1732304,-0.09644441,-0.09694433,-3.013966,4.238897,-9.346359
IMU,3870615565.0,0,0.1149865,0.01610133,-0.0009531465,-3.606346,1.779278,-9.653955
IMU,3870655613.0,0,-0.05381875,0.01455682,0.02300037,-2.518605,1.846183,-9.176148
IMU,3870695830.0,0,-0.04928965,-0.02595172,0.01809183,-2.273773,3.79839,-8.5921
IMU,3870735602.0,0,0.04342577,0.001838475,-0.01289745,-2.561253,3.452403,-9.046719
IMU,3870777103.0,0,0.01565551,0.0009318112,0.006425787,-2.728841,2.598372,-8.98569
IMU,3870817596.0,0,-0.002369718,-0.0001314764,0.007103522,-2.411809,3.173401,-8.911497
IMU,3870856592.0,0,0.01779151,-0.003052852,-0.006699101,-2.540856,3.134425,-8.89167
IMU,3870896572.0,0,0.008948444,-0.005695932,0.001161078,-2.605446,2.990991,-9.013333
IMU,3870936762.0,0,0.007808027,0.002737339,0.00427775,-2.505621,3.123079,-8.949146
IMU,3870978072.0,0,0.01163098,-0.004627621,0.0001423085,-2.509478,3.011662,-8.964928
IMU,3871018159.0,0,0.009194987,-0.002916447,-2.300189e-05,-2.591286,3.080549,-8.984135
IMU,3871057616.0,0,0.004789112,0.01111031,0.00417445,-2.543376,3.102282,-8.911307
IMU,3871097552.0,0,0.00793802,-0.002787393,0.00160188,-2.509247,3.026258,-8.951489
IMU,3867166590.0,1,-0.07377642,0.0997904,-0.4775903,-0.6956657,-0.3793708,-10.61809
IMU,3867207503.0,1,-0.1439728,0.06161738,-0.5388575,-0.3274669,1.02194,-9.391978
IMU,3867247328.0,1,-0.1750399,0.06311158,-0.6427068,-0.1318143,0.4897818,-10.12
IMU,3867287324.0,1,-0.2456125,0.02596878,-0.6358081,-0.04589871,-0.4916707,-9.033906
IMU,3867327865.0,1,-0.200497,-0.01438208,-0.624538,0.1697799,-0.8093961,-10.77137
IMU,3867369557.0,1,-0.240593,-0.00988276,-0.6951481,0.31833,0.7139576,-10.28919
IMU,3867409645.0,1,-0.1879809,0.06868714,-0.8494088,-1.069023,0.5056381,-10.19156
IMU,3867449517.0,1,-0.1472936,0.03641923,-0.8503883,0.5521899,-0.6536682,-11.06593
IMU,3867489252.0,1,-0.1519728,0.04574559,-1.003542,-0.2774794,1.3361,-9.748356
IMU,3867529152.0,1,-0.2220016,0.03155557,-0.9992255,-1.441285,-0.9220383,-9.810581
IMU,3867575775.0,1,-0.1816686,0.02413719,-1.051053,-0.3116255,0.7820813,-10.49827
IMU,3867615820.0,1,-0.09305684,0.0010239,-1.000768,-0.216699,-0.7840977,-10.52874
IMU,3867656262.0,1,-0.02823018,-0.02996338,-1.076709,-0.3304887,-0.5167375,-10.35594
IMU,3867695730.0,1,-0.1234402,-0.04821575,-1.064976,0.822042,0.09326359,-10.85786
IMU,3867736458.0,1,-0.02356426,-0.03944406,-1.08579,0.1145884,0.2814759,-11.2741
IMU,3867778157.0,1,0.05227659,0.0335342,-1.104033,-0.9111746,-0.6708239,-12.25157
IMU,3867817768.0,1,0.0344152,0.02079708,-1.091205,-0.1825453,-0.3060707,-11.03374
IMU,3867857734.0,1,0.0834121,-0.0583621,-1.154637,0.08890313,0.6069764,-10.47214
IMU,3867897590.0,1,0.04877425,-0.01441577,-1.190207,0.2551702,0.1301062,-12.44599
IMU,3867938321.0,1,-0.0009278153,-0.01108653,-1.082692,0.5254042,-0.521542,-10.35741
IMU,3867980759.0,1,0.1383283,-0.00214189,-1.073813,0.05397901,0.7172654,-10.95819
IMU,3868020141.0,1,0.09029472,0.07700196,-1.167176,-0.1708655,0.9448851,-10.671
IMU,3868060239.0,1,-0.06211552,0.03728029,-1.100572,-0.1720873,0.709633,-8.913585
IMU,3868100241.0,1,0.01727002,0.07277682,-1.101924,-0.9418361,-0.3189753,-10.99637
IMU,3868140496.0,1,0.05905841,0.06448696,-1.105454,-0.1225768,-1.140572,-11.1507
IMU,3868181622.0,1,0.1368448,0.1517563,-1.08603,-0.7382514,-1.490902,-11.47348
IMU,3868221592.0,1,0.04375916,0.05012867,-1.034754,-0.4821744,-0.5808597,-10.14807
IMU,3868261598.0,1,0.138493,0.05223703,-1.167571,-1.329007,-0.3998944,-11.72152
IMU,3868302277.0,1,0.005930949,0.01619291,-1.019889,-0.3215816,-0.7081677,-10.4243
IMU,3868345558.0,1,-0.05803383,0.07508603,-1.052663,-1.337359,-0.1251824,-8.982287
IMU,3868385452.0,1,0.1070362,-0.00144263,-1.001628,-0.3198544,-0.7793442,-11.76305
IMU,3868425785.0,1,0.0252755,0.06928628,-1.058555,0.3040195,-0.0876742,-10.47927
IMU,3868465846.0,1,0.1676417,0.1052235,-1.012384,-1.094032,0.5550556,-10.2666
IMU,3868505604.0,1,-0.004819186,0.0330644,-1.024547,-0.4867546,0.5053725,-10.09189
IMU,3868545516.0,1,0.04562797,0.03103183,-1.025185,-0.9900729,-1.017281,-10.74054
IMU,3868590033.0,1,0.1013103,0.03890566,-0.9892554,-0.8890612,0.2308574,-11.24545
IMU,3868630068.0,1,0.06763498,0.07510752,-0.8771437,-0.2637994,-0.1255415,-11.98406
IMU,3868670148.0,1,0.07840167,0.07818929,-0.7018889,0.09841207,1.806767,-9.019861
IMU,3868710118.0,1,0.0963683,0.06117533,-0.62393,0.7767879,-0.3197614,-10.81808
IMU,3868754882.0,1,0.1634136,0.1572537,-0.6250358,-1.653371,-0.3733615,-10.45368
IMU,3868794741.0,1,0.2163012,0.0796959,-0.6717991,-1.439559,1.791509,-10.80023
IMU,3868835526.0,1,0.09372926,0.06749352,-0.4236051,-0.06873176,-1.659088,-10.45774
IMU,3868875380.0,1,0.1153531,0.06310766,-0.3900574,-1.487443,-0.03529963,-10.63523
IMU,3868915056.0,1,0.1245862,0.05867842,-0.3497718,-1.882722,-1.077727,-10.04596
IMU,3868957635.0,1,0.1273844,-0.005904497,-0.3024637,-1.509416,1.542518,-10.46601
IMU,3869000485.0,1,0.04890647,0.007476323,-0.1725029,-0.8269045,-1.45017,-9.583568
IMU,3869040084.0,1,-0.03262584,0.02585525,-0.1560713,-1.642624,-0.5749611,-9.299328
IMU,3869080539.0,1,-0.2322361,0.2426767,-0.1284243,-1.475504,-0.9898199,-8.817212
IMU,3869122790.0,1,-0.3048654,0.1686438,-0.2343394,-0.9259482,2.311631,-0.0280249
IMU,3869164367.0,1,-0.1284867,0.1716404,-0.3286644,-0.2553816,-0.1426873,-0.1708338
IMU,3869204077.0,1,-0.09119575,0.1906282,-0.4100194,-0.1471712,0.02366656,-0.2643037
IMU,3869244241.0,1,-0.1242011,0.1972089,-0.4875433,-0.2051193,0.3369511,-0.09937441
IMU,3869284242.0,1,-0.114016,0.211792,-0.5133708,-0.1868095,0.1956038,-0.1884775
IMU,3869324037.0,1,-0.1315191,0.2157498,-0.5252511,-0.06579433,0.1454425,-0.2103627
IMU,3869364826.0,1,-0.1339564,0.2169911,-0.5289993,-0.1558244,0.2109289,-0.3219772
IMU,3869405618.0,1,-0.1426165,0.232719,-0.5265105,-0.1184281,0.1668938,-0.06263672
IMU,3869445500.0,1,-0.1418625,0.2392804,-0.5224203,-0.1712073,0.2658757,-0.338972
IMU,3869485155.0,1,-0.1327319,0.2425053,-0.5221327,-0.1960136,0.1436542,-0.4679776
IMU,3869525120.0,1,-0.1233331,0.2611781,-0.5265941,-0.05316859,0.1451524,-0.4615593
IMU,3869565607.0,1,-0.1395439,0.2680258,-0.5277348,-0.185687,0.1699574,-0.6236597
IMU,3869606769.0,1,-0.1529832,0.2852507,-0.519971,-0.1727096,0.3276471,-0.566951
IMU,3869647081.0,1,-0.1455481,0.2863176,-0.5208764,-0.09438504,0.2740184,-0.8775157
IMU,3869686618.0,1,-0.13723,0.2732347,-0.5182877,-0.1124036,0.1383727,-0.9096239
IMU,3869727093.0,1,-0.1187685,0.2646735,-0.5198274,-0.1298615,0.2379654,-0.9530023
IMU,3869768026.0,1,-0.1148848,0.2554053,-0.5166202,-0.02212132,0.1523656,-0.9940715
IMU,3869807570.0,1,-0.1130559,0.2306304,-0.521656,-0.1276197,0.2391837,-1.222398
IMU,3869847821.0,1,-0.1178628,0.2188095,-0.511817,-0.02343887,0.2783749,-1.297949
IMU,3869888107.0,1,-0.1172874,0.2047689,-0.5055691,-0.01340142,0.2096103,-1.309034
IMU,3869928866.0,1,-0.105582,0.1941351,-0.5057067,-0.04814057,0.2685883,-1.4361
IMU,3869969642.0,1,-0.07228202,0.1957614,-0.5116912,0.01100117,0.2035645,-1.599424
IMU,3870009325.0,1,-0.04684004,0.1864753,-0.5041204,0.09308758,0.2419966,-1.869881
IMU,3870049799.0,1,-0.04070381,0.1521706,-0.4973737,0.03424675,0.2568848,-1.916021
IMU,3870089532.0,1,-0.04604661,0.09314138,-0.4961366,0.05718656,0.314335,-1.977427
IMU,3870130320.0,1,0.1566465,0.9251562,-0.4638973,-1.602807,0.8141161,-10.85333
IMU,3870170846.0,1,-1.425185,4.925215,-1.243015,9.867532,-1.222029,-26.91755
IMU,3870211823.0,1,-3.637072,0.1849638,-1.938105,25.26289,5.818707,-48.69019
IMU,3870251270.0,1,-2.431477,-6.361235,-3.045,27.27977,30.42248,-55.01581
IMU,3870290802.0,1,5.028909,-11.09587,-5.323751,-17.80656,58.68209,-65.23251
IMU,3870331229.0,1,2.622014,-1.586499,-0.8680382,-16.60557,-29.05625,-19.64474
IMU,3870372187.0,1,-1.385072,0.1072129,0.9183328,-8.510345,-6.112185,-3.697487
IMU,3870414315.0,1,-0.9416465,0.6756338,1.272613,-3.850671,-0.7949082,-3.700405
IMU,3870454623.0,1,-0.4637506,0.6587352,0.628949,-1.724057,4.134684,-5.411248
IMU,3870494387.0,1,-0.06774341,0.2543532,-0.1117275,0.2619263,6.463758,-6.896902
IMU,3870534802.0,1,0.1342908,-0.0892196,-0.2562103,0.1497397,6.688363,-7.838445
IMU,3870575610.0,1,0.1244448,-0.1291236,-0.09339211,-3.126715,4.263884,-9.359908
IMU,3870615565.0,1,0.0747968,-0.01368939,-0.004953643,-3.644759,1.795913,-9.637151
IMU,3870655613.0,1,-0.0585597,-0.004749723,0.01699036,-2.471996,2.012105,-9.291265
IMU,3870695830.0,1,-0.06836756,-0.0475453,0.01642808,-2.25491,3.9476,-8.568691
IMU,3870735602.0,1,0.01422248,-0.03134405,-0.01472897,-2.615927,3.439343,-9.095419
IMU,3870777103.0,1,0.0006919294,-0.02363645,-0.004939877,-2.696411,2.723421,-9.011134
IMU,3870817596.0,1,-0.0137396,-0.03054453,0.002881817,-2.435453,3.270453,-9.095277
IMU,3870856592.0,1,-0.001179031,-0.03134401,-0.008163353,-2.649016,3.197528,-8.870132
IMU,3870896572.0,1,-0.005514277,-0.03336312,-0.003694901,-2.560125,3.131552,-8.949142
IMU,3870936762.0,1,-0.006904509,-0.02376986,-0.001406155,-2.461579,3.290205,-8.997641
IMU,3870978072.0,1,-0.002715313,-0.0345907,-0.005367835,-2.5076,3.120778,-9.108717
IMU,3871018159.0,1,-0.003238415,-0.03320275,-0.007089063,-2.599836,3.268155,-9.021817
IMU,3871057616.0,1,-0.008301469,-0.01900841,0.001093732,-2.465892,3.242633,-8.954202
IMU,3871097552.0,1,-0.006504512,-0.0307889,-0.002162278,-2.534254,3.124408,-9.022042
IMU,3867166590.0,2,-0.1115474,0.1569576,-0.5315362,-0.1070102,-0.05445146,-9.42382
IMU,3867207503.0,2,-0.09165126,0.1338997,-0.5445429,-0.8923252,-0.3492689,-10.67127
IMU,3867247328.0,2,-0.02756479,0.1484099,-0.6406189,0.1647806,0.6586102,-9.353426
IMU,3867287324.0,2,-0.1488966,0.06111035,-0.6607464,-0.0638483,0.1011834,-10.89534
IMU,3867327865.0,2,-0.2137065,0.1134451,-0.7381368,-0.9979319,-0.1543105,-9.240437
IMU,3867369557.0,2,-0.1485464,0.04331406,-0.7832898,-0.09420523,-0.4270285,-11.04244
IMU,3867409645.0,2,-0.1140676,0.09325011,-0.8873554,-0.3804387,1.048203,-9.726065
IMU,3867449517.0,2,-0.140499,0.07932974,-0.921981,-1.195231,-2.245419,-11.98481
IMU,3867489252.0,2,-0.08365947,0.04716704,-0.9803969,0.1620795,0.6804894,-8.65725
IMU,3867529152.0,2,-0.1575899,0.0919655,-1.043539,-0.3772688,-0.08873815,-10.26014
IMU,3867575775.0,2,-0.1007111,-0.02377365,-1.080163,0.04341242,0.2269254,-10.38505
IMU,3867615820.0,2,-0.06742539,0.07658685,-1.123044,-0.3705773,0.004795734,-10.32205
IMU,3867656262.0,2,0.0004380124,0.02557883,-1.111971,0.06344849,-1.008228,-10.62472
IMU,3867695730.0,2,0.02738725,-0.01399961,-1.168674,-0.3967081,-0.2136751,-11.0502
IMU,3867736458.0,2,0.07083679,-0.03942022,-1.16463,-0.3548749,0.3755661,-10.22552
IMU,3867778157.0,2,0.08594099,-0.02765442,-1.16544,0.1214577,2.401855,-9.231247
IMU,3867817768.0,2,0.02335487,0.09346452,-1.195523,-0.4966247,0.6133132,-9.98421
IMU,3867857734.0,2,0.1458219,0.04131408,-1.167064,-0.413274,-0.8937504,-10.37343
IMU,3867897590.0,2,0.1612542,0.009022042,-1.196203,-1.539804,-0.2278453,-11.78279
IMU,3867938321.0,2,0.1253924,0.01714674,-1.181295,-0.04428884,-1.344441,-11.82542
IMU,3867980759.0,2,0.2422498,0.0303411,-1.168841,-0.6505631,0.2774474,-9.85368
IMU,3868020141.0,2,0.2041021,0.06390179,-1.21421,-0.6094434,-0.03444972,-10.71298
IMU,3868060239.0,2,0.1273053,0.08824114,-1.195006,0.4620608,2.478688,-8.254448
IMU,3868100241.0,2,0.06987923,0.1014329,-1.194462,-0.8953839,0.4614524,-10.83158
IMU,3868140496.0,2,0.09317524,0.1222073,-1.185884,0.5038848,-0.05350737,-10.71819
IMU,3868181622.0,2,0.101489,0.1053741,-1.158669,-0.4874813,0.7975357,-11.70258
IMU,3868221592.0,2,0.077189,0.1759867,-1.176483,-0.819122,-0.1290145,-11.96005
IMU,3868261598.0,2,0.1074222,0.1335205,-1.131902,-0.7861359,-0.2885244,-10.53968
IMU,3868302277.0,2,0.06476328,0.1577409,-1.146246,-0.614844,0.7023339,-10.73744
IMU,3868345558.0,2,0.1225778,0.1487024,-1.137475,-0.7531798,0.2163734,-10.83999
IMU,3868385452.0,2,0.03700472,0.1194377,-1.113482,0.01816446,1.501067,-10.86722
IMU,3868425785.0,2,0.08478089,0.08610222,-1.107812,-1.235041,-0.498695,-12.25418
IMU,3868465846.0,2,0.1792138,0.1425109,-1.086133,-0.2810937,1.368704,-9.014343
IMU,3868505604.0,2,0.1341852,0.1214557,-1.081507,-0.5707818,-0.4795848,-10.9924
IMU,3868545516.0,2,0.1066145,0.08778118,-1.079417,-0.9560521,0.8210394,-10.47463
IMU,3868590033.0,2,0.178308,0.1026837,-1.014126,-0.1424187,-0.1199939,-10.98813
IMU,3868630068.0,2,0.07425802,0.06569908,-0.9011785,-0.627803,0.01082137,-10.93166
IMU,3868670148.0,2,0.2005449,0.1463093,-0.8218771,0.05600584,-0.2139021,-8.904459
IMU,3868710118.0,2,0.1070291,0.1456776,-0.7582007,-0.4188224,-0.382797,-12.00781
IMU,3868754882.0,2,0.2249031,0.1156253,-0.6227208,0.26464,0.3618668,-9.75595
IMU,3868794741.0,2,0.2548006,0.09371031,-0.5423591,0.1762668,-0.8615554,-9.997858
IMU,3868835526.0,2,0.0862871,0.1013198,-0.4537846,-0.4409918,-0.7956908,-10.4966
IMU,3868875380.0,2,0.1181806,0.09674606,-0.3907008,-0.009299403,0.8041785,-8.949299
IMU,3868915056.0,2,0.1649215,0.07904743,-0.3361494,-0.3552019,0.9802549,-10.15527
IMU,3868957635.0,2,0.1376356,0.0222508,-0.262834,-0.8718223,-0.02363874,-10.6536
IMU,3869000485.0,2,0.0260852,0.02281608,-0.1787957,-0.5152944,-0.07605071,-9.64432
IMU,3869040084.0,2,-0.01020222,0.1017822,-0.1430253,-0.5835808,0.257179,-9.399125
IMU,3869080539.0,2,-0.1674116,0.3173853,-0.1177616,-0.7075521,0.1714971,-9.586816
IMU,3869122790.0,2,-0.1446798,0.3003973,-0.1941286,-0.1976431,0.5996885,-1.506281
IMU,3869164367.0,2,-0.113862,0.2339202,-0.3435308,0.1116289,-0.05559383,-0.3457562
IMU,3869204077.0,2,-0.07257108,0.2561212,-0.4349264,-0.003076225,-0.01295759,-0.2987985
IMU,3869244241.0,2,-0.09417316,0.2685039,-0.5158702,-0.04855344,0.07225298,-0.09411398
IMU,3869284242.0,2,-0.08737332,0.280295,-0.5440064,-0.07751835,-0.02518081,-0.237957
IMU,3869324037.0,2,-0.09452996,0.2824352,-0.5582628,-0.06804857,0.001949966,-0.2125822
IMU,3869364826.0,2,-0.1058168,0.2872826,-0.5633853,-0.09301426,0.007387433,-0.2918678
IMU,3869405618.0,2,-0.112978,0.2986309,-0.5574634,-0.09087736,0.0088999,-0.306874
IMU,3869445500.0,2,-0.1084144,0.3075957,-0.5533773,-0.08409233,0.01856437,-0.3604982
IMU,3869485155.0,2,-0.1017253,0.3105973,-0.5559714,-0.08954775,0.01246331,-0.4315153
IMU,3869525120.0,2,-0.09872496,0.327836,-0.5598751,-0.08789017,0.007612785,-0.5080495
IMU,3869565607.0,2,-0.1090027,0.3443442,-0.5584873,-0.09687115,-0.008754886,-0.5853445
IMU,3869606769.0,2,-0.123218,0.357929,-0.5499437,-0.09166694,0.008678463,-0.7241421
IMU,3869647081.0,2,-0.117137,0.3541484,-0.5517634,-0.06169337,0.01080992,-0.7868018
IMU,3869686618.0,2,-0.1052333,0.3442868,-0.5518321,-0.04962086,0.01977259,-0.8913777
IMU,3869727093.0,2,-0.09069943,0.3365088,-0.5532886,-0.05166796,0.02375421,-1.008116
IMU,3869768026.0,2,-0.08458465,0.3236242,-0.549075,-0.01873044,0.02116304,-1.09707
IMU,3869807570.0,2,-0.08205298,0.3101113,-0.5532271,-0.01996613,0.009877823,-1.217503
IMU,3869847821.0,2,-0.08728425,0.2896892,-0.5441269,-0.0142576,0.01736387,-1.366444
IMU,3869888107.0,2,-0.08753119,0.2735742,-0.5384112,-0.004601669,0.03889374,-1.476977
IMU,3869928866.0,2,-0.07614094,0.2595126,-0.5371327,0.01237899,0.06884032,-1.54975
IMU,3869969642.0,2,-0.04465224,0.2601844,-0.5413089,0.0262719,0.05328763,-1.662311
IMU,3870009325.0,2,-0.02013753,0.2509513,-0.5367701,0.04031753,0.03398383,-1.845817
IMU,3870049799.0,2,-0.01311486,0.2069797,-0.5308586,0.08771761,0.02420398,-1.987138
IMU,3870089532.0,2,-0.01728161,0.1258757,-0.5268728,0.1172995,0.03787234,-2.155667
IMU,3870130320.0,2,0.2214074,1.086108,-0.5015931,-1.31294,-0.4288914,-11.3466
IMU,3870170846.0,2,-1.46876,5.158667,-1.294192,9.231435,-4.482544,-26.00772
IMU,3870211823.0,2,-3.924053,-0.00737584,-2.084464,22.99855,5.744001,-43.86728
IMU,3870251270.0,2,-2.434023,-6.571475,-3.162776,25.80933,28.76678,-52.34086
IMU,3870290802.0,2,5.391617,-11.21395,-5.527187,-13.76842,59.35235,-73.35445
IMU,3870331229.0,2,2.380468,-1.882885,-1.215153,-19.07549,-19.5174,-24.33888
IMU,3870372187.0,2,-1.366532,0.1975369,1.109854,-9.161226,-6.665508,-3.953125
IMU,3870414315.0,2,-0.9499326,0.7717404,1.410879,-4.064397,-1.163879,-3.782014
IMU,3870454623.0,2,-0.4533639,0.748504,0.6740326,-1.526245,3.440513,-5.297009
IMU,3870494387.0,2,-0.0242674,0.3001455,-0.1455755,0.5011414,5.980691,-6.79742
IMU,3870534802.0,2,0.1790046,-0.06013159,-0.277086,0.2771513,6.469985,-7.748353
IMU,3870575610.0,2,0.1545729,-0.09304404,-0.09549958,-2.962994,4.244301,-9.380517
IMU,3870615565.0,2,0.1009987,0.01677167,-0.003632356,-3.58479,1.757199,-9.687781
IMU,3870655613.0,2,-0.06121907,0.01711631,0.01847237,-2.531984,1.843433,-9.230084
IMU,3870695830.0,2,-0.05592991,-0.02036585,0.01499231,-2.227502,3.769103,-8.583636
IMU,3870735602.0,2,0.03234151,0.00653281,-0.01583438,-2.491356,3.389885,-9.059082
IMU,3870777103.0,2,0.006151518,0.00642702,0.001666063,-2.692718,2.608529,-9.011695
IMU,3870817596.0,2,-0.008838251,0.003212271,0.002662023,-2.363702,3.140938,-8.940674
IMU,3870856592.0,2,0.007886884,-1.203486e-05,-0.009598462,-2.498481,3.104786,-8.891488
IMU,3870896572.0,2,-0.0006943839,-0.003761955,-0.003217009,-2.560529,2.974987,-9.017735
IMU,3870936762.0,2,-0.0001947997,0.0052872,0.001401802,-2.470572,3.109249,-8.928119
IMU,3870978072.0,2,0.001267525,-0.0002219796,-0.003947461,-2.457775,2.977304,-8.959524
IMU,3871018159.0,2,0.001244038,0.00102391,-0.002866616,-2.539234,3.073102,-9.014705
IMU,3871057616.0,2,-0.001390539,0.01681866,-1.148543e-05,-2.494695,3.07161,-8.944217
IMU,3871097552.0,2,-0.001819684,0.001479683,-0.004312812,-2.479891,2.991346,-8.961821
