ARM,3587670601.0,0.0
AHR2,3586912146.0,-5.75,-5.69,72.13,470.98,43.238264,-7.6818899
AHR2,3587013954.0,-3.89,-5.41,66.15,470.68,43.2382644,-7.6818876
AHR2,3587115545.0,-3.4,-4.86,61.35,471.19,43.2382648,-7.6818852
AHR2,3587220872.0,-4.13,-2.92,57.1,471.64,43.2382661,-7.6818825
AHR2,3587324587.0,-4.12,-1.3,52.89,471.51,43.2382669,-7.6818801
AHR2,3587429080.0,-4.42,-1.44,49.49,471.35,43.2382675,-7.6818785
AHR2,3587533007.0,-4.66,-1.6,46.37,471.52,43.2382682,-7.6818762
AHR2,3587638635.0,-4.05,-1.82,43.57,471.42,43.238269,-7.6818752
AHR2,3587738768.0,-3.19,-2.83,40.73,471.56,43.2382698,-7.6818732
AHR2,3587839821.0,-1.75,-4.5,36.8,470.99,43.2382712,-7.6818711
AHR2,3587940023.0,-0.39,-5.91,32.14,471.27,43.2382722,-7.6818693
AHR2,3588040885.0,0.78,-7.21,27.31,470.79,43.2382736,-7.6818678
AHR2,3588140852.0,1.71,-8.36,22.52,471.12,43.2382747,-7.6818661
AHR2,3588241797.0,2.13,-9.22,17.68,470.86,43.2382752,-7.681864
AHR2,3588342007.0,1.79,-9.62,12.88,470.68,43.2382761,-7.6818622
AHR2,3588443240.0,0.53,-9.65,8.02,470.55,43.2382772,-7.6818607
AHR2,3588543134.0,-1.65,-9.37,3.24,470.14,43.2382781,-7.6818589
AHR2,3588644236.0,-5.03,-8.72,358.45,469.65,43.2382788,-7.6818575
AHR2,3588744117.0,-8.64,-6.87,353.41,469.07,43.2382797,-7.6818557
AHR2,3588846286.0,0.39,8.02,350.52,468.31,43.2382809,-7.6818536
AHR2,3588949533.0,7.66,7.71,350.65,464.58,43.2382797,-7.6818551
AHR2,3589049584.0,13.15,6.69,351.44,464.76,43.2382797,-7.681855
AHR2,3589149556.0,5.29,16.69,353.2,465.45,43.2382774,-7.6818537
AHR2,3589249437.0,4.32,14.72,354.43,465.6,43.2382763,-7.681853
AHR2,3589349501.0,5.77,14.55,354.64,465.56,43.238278,-7.6818536
AHR2,3589449593.0,5.8,14.43,354.68,465.57,43.2382782,-7.6818534
AHR2,3589549606.0,5.75,14.3,354.75,465.57,43.2382783,-7.6818532
AHR2,3589649509.0,5.71,14.14,354.83,465.59,43.2382779,-7.6818529
AHR2,3589749615.0,5.68,13.99,354.91,465.73,43.2382777,-7.6818527
AHR2,3589849527.0,5.67,13.85,354.99,465.57,43.2382776,-7.6818526
AHR2,3589949740.0,5.65,13.7,355.07,465.53,43.2382777,-7.6818528
AHR2,3590049523.0,5.64,13.56,355.15,465.66,43.2382778,-7.6818527
AHR2,3590149522.0,5.62,13.42,355.23,465.61,43.2382777,-7.6818531
AHR2,3590249540.0,5.61,13.29,355.31,465.75,43.2382777,-7.681853
AHR2,3590350281.0,5.59,13.16,355.4,465.77,43.2382778,-7.6818534
AHR2,3590450585.0,5.58,13.03,355.48,465.48,43.2382778,-7.6818534
AHR2,3590550638.0,5.57,12.9,355.57,465.65,43.2382777,-7.6818534
AHR2,3590652055.0,5.55,12.77,355.65,465.78,43.2382779,-7.6818542
AHR2,3590753169.0,5.54,12.65,355.73,465.56,43.2382782,-7.6818547
ATT,3586911576.0,-5.083092,-5.3986,-5.953989,-5.683141,74.22536,74.59517
ATT,3587013295.0,-4.206495,-3.614045,-5.853641,-5.423341,69.06415,68.4854
ATT,3587114814.0,-3.699768,-3.324003,-5.612419,-5.468346,103.1518,101.2812
ATT,3587220260.0,-4.176213,-3.838132,-3.659505,-3.495599,98.70895,94.98676
ATT,3587323866.0,-4.020373,-3.310869,-2.709322,-2.162049,92.64931,83.87356
ATT,3587428532.0,-3.472322,-2.934232,-2.599329,-2.491889,86.33413,74.89722
ATT,3587532160.0,-2.803548,-2.627803,-2.794683,-2.661894,80.12357,68.82407
ATT,3587638021.0,-1.952481,-1.844892,-2.980202,-2.737428,73.77335,65.00946
ATT,3587738146.0,-1.022132,-1.110212,-2.109412,-3.573617,62.15123,62.13464
ATT,3587839191.0,-0.5174361,-0.1188667,-1.067848,-4.968447,59.42238,59.42061
ATT,3587939343.0,-0.2641726,0.9635171,-0.5451803,-6.127412,55.02747,55.04192
ATT,3588040322.0,-0.1339156,1.725146,-0.2763655,-7.238752,49.73901,49.76493
ATT,3588140272.0,-0.06836907,2.365355,-0.1410953,-8.270021,44.09935,44.13497
ATT,3588241271.0,-0.03468168,2.595617,-0.07157364,-8.977113,38.28313,38.32229
ATT,3588341452.0,-0.01770642,2.110098,-0.03654129,-9.227887,32.5862,32.61806
ATT,3588442640.0,-0.008976148,0.7007587,-0.01852435,-9.214268,27.02101,27.0316
ATT,3588542564.0,-0.00457328,-1.660103,-0.00943801,-8.923503,21.67706,21.65201
ATT,3588643592.0,-0.002319727,-5.054236,-0.004787286,-8.247831,16.35314,16.27712
ATT,3588743555.0,-0.001184283,-8.624665,-0.002444039,-6.37638,10.78835,10.65948
ATT,3588845642.0,-0.0005968917,0.3367801,-0.001231823,8.606034,7.379958,7.385035
ATT,3588949019.0,-0.0002983825,7.452694,-0.0006157807,8.559441,7.313258,7.425278
ATT,3589048826.0,-0.0001767594,11.59192,-0.0003647834,8.240576,10.50835,10.68175
ATT,3589148999.0,-0.0001737533,2.758965,-0.0003585795,19.23616,13.45043,13.49397
ATT,3589248782.0,-0.00017076,0.5091011,-0.0003524024,17.95961,14.63085,14.63883
ATT,3589348799.0,-0.0001707599,0.9704171,-0.0003524023,18.10746,13.8854,13.90062
ATT,3589449075.0,-0.0001707599,1.106193,-0.0003524024,18.13239,13.102,13.11935
ATT,3589549033.0,-0.0001707599,1.144958,-0.0003524023,18.12324,12.49672,12.51468
ATT,3589648826.0,-0.0001707599,1.160553,-0.0003524022,18.11624,12.04388,12.06208
ATT,3589749043.0,-0.0001707599,1.165034,-0.0003524022,18.1223,11.68025,11.69852
ATT,3589848837.0,-0.0001707598,1.156035,-0.0003524022,18.13084,11.37075,11.38887
ATT,3589949131.0,-0.0001707598,1.14693,-0.0003524021,18.12193,11.09336,11.11135
ATT,3590048825.0,-0.0001707598,1.123217,-0.0003524021,18.0734,10.9201,10.93771
ATT,3590148780.0,-0.0001707598,1.105357,-0.0003524022,18.01563,10.7454,10.76272
ATT,3590248816.0,-0.0001707598,1.062059,-0.0003524021,17.9028,10.72773,10.74437
ATT,3590349738.0,-0.0001641561,1.03415,-0.0003387739,17.79139,10.67798,10.69417
ATT,3590450043.0,-0.0001641561,0.9703568,-0.0003387739,17.4813,11.0385,11.05366
ATT,3590550081.0,-0.0001611673,0.9271892,-0.000332606,17.26814,11.20634,11.22081
ATT,3590651482.0,-0.0001517127,0.8768463,-0.0003130943,16.98087,11.49545,11.50912
ATT,3590752595.0,-0.0001486805,0.8262572,-0.0003068366,16.68871,11.78389,11.79674
BARO,3586941541.0,0,1.992279,470.8723,96539.89
BARO,3587043133.0,0,2.503723,471.3837,96534.37
BARO,3587148839.0,0,2.958679,471.8387,96529.45
BARO,3587253289.0,0,2.825867,471.7058,96530.88
BARO,3587357302.0,0,2.664795,471.5448,96532.62
BARO,3587461018.0,0,2.834351,471.7143,96530.8
BARO,3587565447.0,0,2.735443,471.6154,96531.88
BARO,3587670843.0,0,2.879547,471.7595,96530.32
BARO,3587772130.0,0,2.308746,471.1887,96536.48
BARO,3587872143.0,0,2.582855,471.4628,96533.52
BARO,3587973090.0,0,2.102478,470.9825,96538.7
BARO,3588073479.0,0,2.433075,471.313,96535.15
BARO,3588173839.0,0,2.178772,471.0587,96537.89
BARO,3588273840.0,0,1.992279,470.8723,96539.91
BARO,3588374759.0,0,1.86795,470.7479,96541.26
BARO,3588475262.0,0,1.458221,470.3382,96545.67
BARO,3588575570.0,0,0.9637146,469.8437,96551.03
BARO,3588676232.0,0,0.3872681,469.2672,96557.25
BARO,3588776897.0,0,-0.3785095,468.5015,96565.53
BARO,3588877827.0,0,-4.102814,464.7772,96605.8
BARO,3588979276.0,0,-3.924774,464.9552,96603.88
BARO,3589079263.0,0,-3.235291,465.6447,96596.42
BARO,3589179256.0,0,-3.088379,465.7916,96594.85
BARO,3589279265.0,0,-3.125092,465.7549,96595.24
BARO,3589379504.0,0,-3.1138,465.7662,96595.1
BARO,3589479518.0,0,-3.1138,465.7662,96595.13
BARO,3589579861.0,0,-3.091187,465.7888,96594.87
BARO,3589679442.0,0,-2.955566,465.9244,96593.4
BARO,3589779247.0,0,-3.1138,465.7662,96595.1
BARO,3589879257.0,0,-3.150543,465.7294,96595.51
BARO,3589979306.0,0,-3.026215,465.8538,96594.17
BARO,3590079240.0,0,-3.071411,465.8086,96594.64
BARO,3590179290.0,0,-2.930115,465.9499,96593.13
BARO,3590279459.0,0,-2.918823,465.9612,96593.02
BARO,3590380008.0,0,-3.204224,465.6758,96596.08
BARO,3590480068.0,0,-3.03186,465.8481,96594.22
BARO,3590580565.0,0,-2.907532,465.9724,96592.88
BARO,3590681864.0,0,-3.12793,465.752,96595.27
BARO,3586941541.0,1,2.085541,470.9655,96526.09
BARO,3587043133.0,1,2.438751,471.3187,96522.28
BARO,3587148839.0,1,2.368103,471.2481,96523.02
BARO,3587253289.0,1,2.611115,471.4911,96520.4
BARO,3587357302.0,1,2.676117,471.5561,96519.71
BARO,3587461018.0,1,2.574371,471.4543,96520.8
BARO,3587565447.0,1,2.574371,471.4543,96520.81
BARO,3587670843.0,1,3.119751,471.9997,96514.92
BARO,3587772130.0,1,2.560242,471.4402,96520.95
BARO,3587872143.0,1,2.498077,471.3781,96521.63
BARO,3587973090.0,1,2.628052,471.508,96520.22
BARO,3588073479.0,1,2.337006,471.217,96523.36
BARO,3588173839.0,1,2.288971,471.1689,96523.9
BARO,3588273840.0,1,2.127899,471.0079,96525.65
BARO,3588374759.0,1,1.887726,470.7677,96528.23
BARO,3588475262.0,1,1.257599,470.1376,96535.02
BARO,3588575570.0,1,0.8224182,469.7024,96539.75
BARO,3588676232.0,1,0.2940063,469.174,96545.47
BARO,3588776897.0,1,-0.005493164,468.8745,96548.69
BARO,3588877827.0,1,-4.546448,464.3335,96597.8
BARO,3588979276.0,1,-3.376587,465.5034,96585.15
BARO,3589079263.0,1,-3.04599,465.834,96581.56
BARO,3589179256.0,1,-3.023376,465.8566,96581.33
BARO,3589279265.0,1,-3.082703,465.7973,96581.97
BARO,3589379504.0,1,-2.870789,466.0092,96579.68
BARO,3589479518.0,1,-3.077057,465.8029,96581.9
BARO,3589579861.0,1,-3.082703,465.7973,96581.98
BARO,3589679442.0,1,-3.000763,465.8792,96581.06
BARO,3589779247.0,1,-2.944244,465.9357,96580.48
BARO,3589879257.0,1,-2.836884,466.0431,96579.32
BARO,3589979306.0,1,-3.000763,465.8792,96581.09
BARO,3590079240.0,1,-2.8284,466.0516,96579.22
BARO,3590179290.0,1,-2.907532,465.9724,96580.07
BARO,3590279459.0,1,-2.848175,466.0318,96579.44
BARO,3590380008.0,1,-2.856659,466.0233,96579.51
BARO,3590480068.0,1,-2.887726,465.9922,96579.84
BARO,3590580565.0,1,-3.051636,465.8283,96581.62
BARO,3590681864.0,1,-2.780365,466.0996,96578.7
GPS,3586954067.0,4,22,43.2382637,-7.6818917,466.72,1.95,-0.689,0.0
GPS,3587140110.0,4,22,43.2382648,-7.6818871,466.82,2.065,-0.729,0.0
GPS,3587348792.0,4,22,43.2382661,-7.6818828,466.96,1.973,-0.839,0.0
GPS,3587578445.0,4,22,43.2382676,-7.6818787,467.06,1.865,-0.65,0.0
GPS,3587743152.0,4,22,43.2382693,-7.681875,467.16,1.82,-0.507,0.0
GPS,3587944560.0,4,22,43.2382713,-7.6818715,467.06,1.854,1.116,0.0
GPS,3588145876.0,4,22,43.2382733,-7.681868,466.59,1.834,3.082,0.0
GPS,3588347108.0,4,22,43.2382751,-7.6818644,465.78,1.799,4.832,0.0
GPS,3588570807.0,4,22,43.238277,-7.6818609,464.62,1.795,6.485,0.0
GPS,3588751114.0,4,22,43.2382789,-7.6818573,463.15,1.803,7.994,0.0
GPS,3588933557.0,4,22,43.2382797,-7.6818553,461.68,0.14,7.544,0.0
GPS,3589134150.0,4,22,43.2382787,-7.6818545,460.93,1.287,0.041,0.0
GPS,3589334255.0,4,22,43.2382779,-7.6818538,460.99,0.217,-0.298,0.0
GPS,3589574162.0,4,22,43.2382779,-7.6818533,461.06,0.181,-0.341,0.0
GPS,3589734150.0,4,22,43.2382777,-7.6818528,461.09,0.09,-0.158,0.0
GPS,3589934125.0,4,22,43.2382777,-7.6818528,461.14,0.09100001,-0.208,0.0
GPS,3590134148.0,4,22,43.2382777,-7.6818532,461.24,0.075,-0.187,0.0
GPS,3590334205.0,4,22,43.2382778,-7.6818534,461.29,0.046,-0.144,0.0
GPS,3590575136.0,4,22,43.2382779,-7.6818542,461.36,0.038,-0.07300001,0.0
IMU,3586907055.0,0,0.007786453,0.0356617,-0.9984294,-0.1596678,1.279017,-9.71506
IMU,3586947237.0,0,0.0509753,0.1384772,-1.041126,-0.50971,0.8182126,-9.816109
IMU,3586988222.0,0,0.260531,0.1226419,-1.000007,-1.730719,0.4244207,-9.680833
IMU,3587028633.0,0,0.05757784,0.1377894,-1.012978,-1.497542,0.8896547,-9.459999
IMU,3587068863.0,0,-0.08518308,0.1910221,-0.8828604,-1.205776,0.02843305,-8.707155
IMU,3587109731.0,0,0.03720004,0.1467238,-0.7735852,0.2201227,1.180651,-9.582462
IMU,3587151482.0,0,-0.09150785,0.2386095,-0.7477538,-0.2229299,-0.305064,-9.473705
IMU,3587200133.0,0,-0.2635736,0.4724822,-0.6689989,-1.016154,1.275332,-8.819353
IMU,3587240855.0,0,-0.02254001,0.3321361,-0.6385768,0.1329437,0.960639,-9.578703
IMU,3587280533.0,0,0.0008301369,0.2518257,-0.6528583,-0.5323906,0.3877532,-9.470815
IMU,3587326883.0,0,-0.0610896,0.1848918,-0.7572433,0.2640298,-0.6530876,-10.68299
IMU,3587367854.0,0,0.04495445,0.1641983,-0.6542936,-1.053764,-0.1060473,-9.700448
IMU,3587410886.0,0,0.004480426,-0.06583865,-0.5479665,0.3687499,1.256488,-9.309987
IMU,3587451734.0,0,-0.1451923,-0.07076345,-0.5529365,-0.554007,-0.9569108,-9.153363
IMU,3587491243.0,0,0.06877607,-0.03488315,-0.4194595,-0.3395332,1.171273,-9.296766
IMU,3587535295.0,0,-0.0510029,-0.005193311,-0.5127056,-0.1231299,-0.4030552,-10.32914
IMU,3587574789.0,0,0.1071844,0.116696,-0.5638192,-0.7759467,-1.400177,-9.436269
IMU,3587618270.0,0,0.09472501,-0.02558391,-0.5806537,-0.8402419,1.676718,-9.884804
IMU,3587661105.0,0,-0.003041628,-0.1143735,-0.4765644,0.09087496,-0.5786511,-9.031417
IMU,3587701123.0,0,0.1001406,-0.09454264,-0.4524077,-0.7149696,0.487352,-6.757933
IMU,3587740734.0,0,0.2410398,-0.2264832,-0.5712809,-0.5716009,0.3166443,-1.904982
IMU,3587781781.0,0,0.2028755,-0.2666151,-0.6831428,0.1496238,-0.06956887,-0.383386
IMU,3587822564.0,0,0.2249236,-0.2535128,-0.7631369,-0.1231452,0.03124229,-0.09372069
IMU,3587862286.0,0,0.1903753,-0.2433036,-0.8097398,-0.2092652,-0.1861346,-0.08215051
IMU,3587901794.0,0,0.1783942,-0.2144672,-0.8398142,-0.08782964,-0.09244915,-0.2677321
IMU,3587941741.0,0,0.1566323,-0.2118994,-0.8516852,-0.04947432,-0.08840314,-0.2169822
IMU,3587983297.0,0,0.1218659,-0.232014,-0.8513411,-0.1131531,-0.1425729,-0.2617273
IMU,3588023296.0,0,0.08337388,-0.2128529,-0.845786,-0.137742,-0.07765672,-0.3393285
IMU,3588062845.0,0,0.06381167,-0.2047377,-0.8448883,-0.1134638,-0.09141725,-0.4097733
IMU,3588102832.0,0,0.05025213,-0.2141266,-0.845772,-0.1160849,-0.1091274,-0.5577158
IMU,3588142730.0,0,0.01798931,-0.2101577,-0.8416997,-0.1365114,-0.1399626,-0.5959039
IMU,3588184177.0,0,-0.03927365,-0.1777192,-0.8385503,-0.1539302,-0.1762477,-0.6398908
IMU,3588223889.0,0,-0.1058389,-0.1340857,-0.8369693,-0.1610369,-0.1783657,-0.753547
IMU,3588263805.0,0,-0.1572236,-0.1017677,-0.8423605,-0.1743032,-0.1639007,-0.8951325
IMU,3588303731.0,0,-0.2097735,-0.07407417,-0.8431561,-0.1541826,-0.1642329,-1.050075
IMU,3588344021.0,0,-0.2711286,-0.05558026,-0.8478675,-0.1756871,-0.1658588,-1.14796
IMU,3588385217.0,0,-0.3356609,-0.03084283,-0.8505146,-0.1787485,-0.1742916,-1.265784
IMU,3588424620.0,0,-0.3934241,-0.00760422,-0.852627,-0.1809092,-0.189055,-1.359765
IMU,3588465238.0,0,-0.4555428,0.02048962,-0.8504056,-0.1994875,-0.1748055,-1.48755
IMU,3588505126.0,0,-0.524263,0.0582732,-0.8518983,-0.2265169,-0.1680785,-1.623791
IMU,3588545637.0,0,-0.6003138,0.09375557,-0.8440592,-0.1942502,-0.1304494,-1.785502
IMU,3588586592.0,0,-0.6645348,0.128816,-0.8408059,-0.1861515,-0.133466,-1.789302
IMU,3588626091.0,0,-0.7320631,0.1977074,-0.8392982,-0.2301964,-0.07166019,-1.760411
IMU,3588666120.0,0,-0.8041877,0.2602021,-0.8376857,-0.1691994,-0.1013108,-2.134087
IMU,3588706107.0,0,-0.731911,0.4252398,-0.8540636,-0.428622,0.236679,-2.655532
IMU,3588746596.0,0,-0.6145147,0.6561533,-0.8827675,-0.7545495,-0.5520209,-2.780726
IMU,3588787261.0,0,-1.137349,2.272008,-0.9371096,-5.783166,0.4359751,-11.09618
IMU,3588827808.0,0,5.705206,6.256426,1.226962,18.04603,21.76407,-107.1531
IMU,3588868282.0,0,2.290432,0.3832552,-0.8085468,-5.172217,13.90952,1.772584
IMU,3588908632.0,0,1.247072,-0.2416208,0.2141245,-2.455659,-1.402867,-0.138401
IMU,3588951826.0,0,1.30207,-0.489649,0.276861,-0.1019971,-0.3082073,0.6052667
IMU,3588991791.0,0,1.296437,-0.4512206,0.2289444,0.2097074,-0.9399391,-0.6488982
IMU,3589031779.0,0,0.7018389,0.1062271,0.02515836,-0.193255,-1.797369,-1.503678
IMU,3589071462.0,0,-0.6134562,1.321956,-0.19655,-0.5953221,-3.155638,-4.092734
IMU,3589111469.0,0,-1.833136,2.319087,-0.2004265,1.793633,-3.584785,-8.007156
IMU,3589151565.0,0,-1.533682,1.276022,0.4003841,8.169354,-2.343085,-18.06588
IMU,3589191748.0,0,-0.7204493,-0.8425665,0.3598725,2.278124,1.793205,-18.70615
IMU,3589231743.0,0,0.1388417,0.05488589,-0.0224851,-2.948509,2.814578,-10.97038
IMU,3589271475.0,0,0.6113883,0.03870247,-0.179893,1.884743,-0.5600543,-7.524743
IMU,3589311526.0,0,-0.007806477,0.0106952,0.01064302,2.945043,-1.817206,-8.327277
IMU,3589351483.0,0,-0.2188182,-0.0278384,0.07793944,0.9177969,-0.2352013,-10.14151
IMU,3589391830.0,0,0.07457832,0.02867794,-0.01583619,1.372355,0.02911229,-10.74457
IMU,3589431768.0,0,0.0414122,-0.02625877,-0.0117305,1.540396,-0.8202103,-9.017007
IMU,3589471500.0,0,-0.03260723,0.01570459,0.01139516,1.490016,-0.3564147,-9.643978
IMU,3589511539.0,0,0.02617384,-0.00810351,-0.0032689,1.421887,-0.4279412,-10.10739
IMU,3589551506.0,0,0.0160908,-0.000394855,-0.002252357,1.523503,-0.5341325,-9.311025
IMU,3589592030.0,0,-0.005806023,-0.002156293,0.005827171,1.440553,-0.4128155,-9.866779
IMU,3589631655.0,0,0.02264679,-0.002651307,-0.002687321,1.485157,-0.4914102,-9.702852
IMU,3589671478.0,0,0.001895511,-0.001784286,0.003707369,1.485913,-0.4861175,-9.560277
IMU,3589711333.0,0,0.0111925,-0.002455208,0.0007872744,1.470384,-0.4324516,-9.84205
IMU,3589751486.0,0,0.01176701,-0.003099055,2.448473e-05,1.480473,-0.482421,-9.56609
IMU,3589791725.0,0,0.005635546,-0.001428215,0.001944665,1.474493,-0.4568993,-9.73281
IMU,3589831765.0,0,0.01323585,-0.001753213,-0.0002770133,1.464065,-0.4811539,-9.70699
IMU,3589871457.0,0,0.005295259,-0.001126081,0.0019807,1.489659,-0.4671067,-9.662919
IMU,3589911303.0,0,0.009234319,-0.00157313,4.78716e-05,1.486475,-0.4551646,-9.729898
IMU,3589952102.0,0,0.009129143,-0.0005075037,0.001057293,1.488836,-0.4834931,-9.640316
IMU,3589991800.0,0,0.008946299,-0.002178885,0.001364961,1.474537,-0.4480795,-9.692067
IMU,3590031877.0,0,0.01007075,-0.001684414,0.001800668,1.477374,-0.4743815,-9.68497
IMU,3590071487.0,0,0.00686957,-0.002641656,0.001847684,1.471146,-0.4584266,-9.677379
IMU,3590111464.0,0,0.008065678,-0.003063859,0.0008561857,1.472362,-0.4647747,-9.687499
IMU,3590151534.0,0,0.008853742,-0.001010127,0.001406395,1.48479,-0.4637831,-9.697552
IMU,3590191758.0,0,0.009126604,-0.002167103,0.000149186,1.472255,-0.4684223,-9.709417
IMU,3590231842.0,0,0.009172956,-0.0005740486,0.001195966,1.478252,-0.4568588,-9.685734
IMU,3590271488.0,0,0.008842405,-0.001574399,0.001290775,1.475799,-0.4730777,-9.691556
IMU,3590311523.0,0,0.009101099,-0.002475962,0.0008822583,1.481404,-0.4785568,-9.693893
IMU,3590352851.0,0,0.008976389,-0.001904776,0.001052817,1.483514,-0.486562,-9.702321
IMU,3590392627.0,0,0.009126004,-0.002286009,0.0002502945,1.483861,-0.4662096,-9.686184
IMU,3590432610.0,0,0.009468795,-0.002364073,0.0003499185,1.480768,-0.4664302,-9.693064
IMU,3590472635.0,0,0.007883597,-0.002338191,0.0008971334,1.482633,-0.4654908,-9.686583
IMU,3590512583.0,0,0.009196248,-0.000733244,0.001599031,1.470708,-0.4662847,-9.696738
IMU,3590553118.0,0,0.009086088,-0.001088978,0.0009419285,1.488242,-0.4683393,-9.708363
IMU,3590593604.0,0,0.00892059,-0.002133506,0.0009286393,1.475371,-0.4656906,-9.69691
IMU,3590634039.0,0,0.009115517,-0.002663931,0.00194142,1.46682,-0.4660547,-9.695151
IMU,3590673918.0,0,0.008860678,-0.003700083,1.418511e-05,1.467541,-0.4693696,-9.699126
IMU,3590714314.0,0,0.009415132,-0.001598264,0.0005719284,1.4911,-0.4537521,-9.680266
IMU,3590755465.0,0,0.0090124,-0.002120205,0.001566194,1.487509,-0.4703676,-9.69075
IMU,3590795036.0,0,0.007184897,-0.0009860379,0.001060564,1.464192,-0.4573326,-9.711915
IMU,3586907055.0,1,-0.03257629,0.008379178,-0.9892064,0.7371016,0.6221884,-9.77328
IMU,3586947237.0,1,0.003715035,0.08735027,-0.9722462,0.470843,0.7211565,-9.916216
IMU,3586988222.0,1,0.1611791,0.09053064,-0.9506584,-1.85754,0.6018489,-10.00595
IMU,3587028633.0,1,0.01083952,0.09560995,-0.9992734,-1.408719,0.7200342,-9.598239
IMU,3587068863.0,1,-0.1339925,0.1409436,-0.8742903,-1.59901,0.4370655,-8.692439
IMU,3587109731.0,1,-0.01907074,0.1232934,-0.7708375,0.6688198,0.9561397,-9.002936
IMU,3587151482.0,1,-0.1316348,0.1883484,-0.7087041,-0.4840312,-0.2969639,-8.837044
IMU,3587200133.0,1,-0.3804198,0.434672,-0.7223755,-1.602684,1.300097,-8.342909
IMU,3587240855.0,1,-0.09994636,0.360534,-0.6321337,0.4095598,0.1460778,-10.01735
IMU,3587280533.0,1,-0.01428024,0.2389151,-0.6730317,0.4419301,-0.2447684,-9.056835
IMU,3587326883.0,1,-0.1207337,0.1310458,-0.6917961,-0.228528,-0.6595039,-10.63436
IMU,3587367854.0,1,-0.07817137,0.1064915,-0.6201522,-1.264321,-0.5417998,-9.779328
IMU,3587410886.0,1,-0.03655245,-0.07836936,-0.556022,0.3918354,0.2728566,-8.613396
IMU,3587451734.0,1,-0.1122304,-0.07748444,-0.6348368,-0.9294399,-1.048951,-9.057129
IMU,3587491243.0,1,-0.05986011,-0.06900603,-0.4200148,-0.750526,0.8141222,-9.306017
IMU,3587535295.0,1,-0.08270233,-0.09885345,-0.4587357,-0.5366614,-0.2522133,-10.14537
IMU,3587574789.0,1,0.02839127,-0.02829044,-0.4952216,-0.5615468,-1.695614,-8.96289
IMU,3587618270.0,1,0.02431848,-0.03175662,-0.5628439,-1.361725,2.027268,-10.33056
IMU,3587661105.0,1,0.01540275,-0.117216,-0.5093967,0.3719408,-1.000309,-9.334352
IMU,3587701123.0,1,0.0697348,-0.1161303,-0.464717,0.3399155,1.197222,-6.098723
IMU,3587740734.0,1,0.2007,-0.2631298,-0.5490795,-0.3002373,0.3629599,-1.56592
IMU,3587781781.0,1,0.1414662,-0.2914031,-0.6347489,0.09048096,0.1627708,-0.3885396
IMU,3587822564.0,1,0.1530025,-0.2863263,-0.7003164,-0.1068604,0.1929631,-0.1696995
IMU,3587862286.0,1,0.1125634,-0.2774763,-0.7525022,-0.1601585,0.07321787,-0.004615453
IMU,3587901794.0,1,0.0961654,-0.2488913,-0.7769808,-0.1354642,0.2229046,-0.1564024
IMU,3587941741.0,1,0.07650123,-0.2422979,-0.7899085,-0.05601823,0.1167804,-0.3660183
IMU,3587983297.0,1,0.04583112,-0.2632073,-0.7918884,-0.1696662,0.1616979,-0.3516045
IMU,3588023296.0,1,0.01703545,-0.2500598,-0.7927591,-0.115328,0.1401372,-0.2991879
IMU,3588062845.0,1,0.00556927,-0.2357997,-0.794661,-0.1265675,0.09683304,-0.3254142
IMU,3588102832.0,1,-0.00206397,-0.2407034,-0.7974038,-0.1371925,0.03185567,-0.660564
IMU,3588142730.0,1,-0.02678192,-0.2340491,-0.7912753,-0.1891165,0.1064365,-0.6109592
IMU,3588184177.0,1,-0.08362693,-0.2107813,-0.7876599,-0.2910606,0.1150648,-0.5729978
IMU,3588223889.0,1,-0.1546358,-0.1580467,-0.7867993,-0.1881809,0.1456502,-0.6673826
IMU,3588263805.0,1,-0.1981695,-0.1302613,-0.7932435,-0.2409959,0.1131525,-0.803432
IMU,3588303731.0,1,-0.2516872,-0.1034407,-0.7957941,-0.166281,0.05170445,-0.9434801
IMU,3588344021.0,1,-0.3129176,-0.08206864,-0.801075,-0.2427563,0.06868046,-1.152846
IMU,3588385217.0,1,-0.3766522,-0.06092479,-0.807495,-0.2150372,0.09293032,-1.28128
IMU,3588424620.0,1,-0.4336213,-0.03824398,-0.8124552,-0.2451684,0.1311526,-1.253649
IMU,3588465238.0,1,-0.4984441,-0.004323384,-0.8097223,-0.3101581,0.008936827,-1.498601
IMU,3588505126.0,1,-0.5628423,0.02921669,-0.8199045,-0.31615,-0.01655071,-1.703293
IMU,3588545637.0,1,-0.6393265,0.0555291,-0.8144746,-0.1958935,0.1515311,-1.678127
IMU,3588586592.0,1,-0.698276,0.0962083,-0.8165694,-0.2894767,0.1243582,-1.995344
IMU,3588626091.0,1,-0.7634829,0.1569297,-0.8150867,-0.2883894,0.1752582,-1.715076
IMU,3588666120.0,1,-0.8362102,0.2006585,-0.8148736,-0.1282024,0.1280258,-2.211935
IMU,3588706107.0,1,-0.7746447,0.3568237,-0.821464,-0.3947341,0.2568005,-2.540953
IMU,3588746596.0,1,-0.6368964,0.5730428,-0.8478835,-0.652113,-0.2302084,-2.794279
IMU,3588787261.0,1,-1.247992,2.035911,-0.819726,-5.207085,0.4447173,-9.390962
IMU,3588827808.0,1,4.676568,5.399302,0.9489179,32.66642,19.81342,-130.0382
IMU,3588868282.0,1,1.663026,0.4187869,-0.7457977,-6.472068,4.044726,7.130886
IMU,3588908632.0,1,1.190354,-0.2963414,0.2311752,-2.791319,-1.252692,0.9509023
IMU,3588951826.0,1,1.241913,-0.5083416,0.2809647,-0.3809447,-0.02588324,0.5259362
IMU,3588991791.0,1,1.253296,-0.4989446,0.235688,0.3238105,-0.6482098,-0.6964809
IMU,3589031779.0,1,0.6891234,0.031292,0.05808402,-0.1563975,-1.59661,-1.646411
IMU,3589071462.0,1,-0.5502799,1.185582,-0.1875172,-0.632533,-2.964324,-4.260736
IMU,3589111469.0,1,-1.780457,2.217061,-0.2502551,1.897982,-3.511523,-8.348451
IMU,3589151565.0,1,-1.543576,1.303148,0.2633698,8.248753,-2.471988,-18.67476
IMU,3589191748.0,1,-0.7731684,-0.8422107,0.2806288,2.076211,1.982265,-18.39753
IMU,3589231743.0,1,0.07627238,0.007163633,-0.002262692,-2.723861,2.9018,-10.68317
IMU,3589271475.0,1,0.5582245,0.000784472,-0.1471923,1.884359,-0.3855912,-7.346316
IMU,3589311526.0,1,-0.01291462,-0.01908282,-0.00190425,2.829605,-1.607473,-8.426146
IMU,3589351483.0,1,-0.2356788,-0.04642899,0.06284845,0.8794572,-0.03664549,-10.1973
IMU,3589391830.0,1,0.02937477,0.0008871398,-0.01389999,1.363978,0.1344591,-10.5518
IMU,3589431768.0,1,0.01582205,-0.05852276,-0.01250669,1.539352,-0.6488117,-8.947074
IMU,3589471500.0,1,-0.05025433,-0.01145497,0.01263593,1.492396,-0.2407721,-9.677027
IMU,3589511539.0,1,0.002704823,-0.03828838,-0.007192689,1.357272,-0.2979488,-9.960324
IMU,3589551506.0,1,0.0004074208,-0.02864819,-0.008047278,1.522872,-0.3929825,-9.271253
IMU,3589592030.0,1,-0.018767,-0.02779984,-0.0002539631,1.359259,-0.2486114,-9.917578
IMU,3589631655.0,1,0.0009533484,-0.03215822,-0.009650982,1.496488,-0.3355939,-9.650536
IMU,3589671478.0,1,-0.01481418,-0.02786529,0.001532865,1.457055,-0.3433657,-9.553884
IMU,3589711333.0,1,-0.003421876,-0.02902233,-0.003950893,1.485697,-0.384354,-9.647857
IMU,3589751486.0,1,-0.00461658,-0.034132,-0.006087539,1.455045,-0.3795058,-9.537456
IMU,3589791725.0,1,-0.0113955,-0.03093293,-0.004556232,1.541708,-0.3267947,-9.798365
IMU,3589831765.0,1,-0.002334553,-0.03215756,-0.005712489,1.451531,-0.3318185,-9.878341
IMU,3589871457.0,1,-0.01234351,-0.02694054,-0.004605807,1.435564,-0.2557595,-9.661139
IMU,3589911303.0,1,-0.00333428,-0.03274202,-0.003538166,1.471696,-0.2303021,-9.754815
IMU,3589952102.0,1,-0.005427935,-0.03108512,-0.004529401,1.428935,-0.294329,-9.732455
IMU,3589991800.0,1,-0.006079203,-0.03221782,-0.006193188,1.450292,-0.2918923,-9.826598
IMU,3590031877.0,1,-0.003481684,-0.02402994,-0.00583066,1.418615,-0.4044049,-9.628188
IMU,3590071487.0,1,-0.006600346,-0.02882559,-0.006387091,1.570548,-0.2899047,-9.672539
IMU,3590111464.0,1,-0.003675227,-0.02020521,-0.00512843,1.381276,-0.2608919,-9.707149
IMU,3590151534.0,1,-0.004051901,-0.0281006,-0.003448593,1.475366,-0.277189,-9.603544
IMU,3590191758.0,1,-0.006553379,-0.02714071,-0.005594654,1.544025,-0.2977243,-9.559419
IMU,3590231842.0,1,-0.003774991,-0.03164513,-0.005791911,1.481547,-0.3708623,-9.624027
IMU,3590271488.0,1,-0.004529846,-0.03547291,-0.004095315,1.485435,-0.3147994,-9.770864
IMU,3590311523.0,1,-0.005422401,-0.03468975,-0.006257596,1.47084,-0.2346877,-9.659999
IMU,3590352851.0,1,-0.008521831,-0.03522005,-0.0003651699,1.463774,-0.323795,-9.636297
IMU,3590392627.0,1,-0.00339471,-0.02867938,-0.009264339,1.500662,-0.3685942,-9.624989
IMU,3590432610.0,1,-0.003036375,-0.02834577,-0.0036312,1.384408,-0.2634932,-9.689864
IMU,3590472635.0,1,-0.00833615,-0.02905305,-0.006384988,1.559917,-0.3716315,-9.686333
IMU,3590512583.0,1,-0.005283428,-0.0281618,-0.007537896,1.467134,-0.3970019,-9.654628
IMU,3590553118.0,1,-0.006889201,-0.03145967,-0.005470886,1.441777,-0.3769954,-9.694594
IMU,3590593604.0,1,-0.005639382,-0.03025932,-0.008029303,1.451387,-0.3866177,-9.597126
IMU,3590634039.0,1,-0.008691287,-0.02903563,-0.008321784,1.462765,-0.2805664,-9.76687
IMU,3590673918.0,1,-0.004534696,-0.0311592,-0.004034275,1.52343,-0.2645478,-9.718802
IMU,3590714314.0,1,-0.004241551,-0.03430957,-0.007798177,1.468886,-0.2620086,-9.674742
IMU,3590755465.0,1,-0.005269092,-0.02635399,-0.005670893,1.407924,-0.3214369,-9.769336
IMU,3590795036.0,1,-0.004913016,-0.02657261,-0.002727575,1.537675,-0.3105079,-9.544004
IMU,3586907055.0,2,0.07352003,0.06333438,-1.05803,-1.047145,-0.9238615,-10.5872
IMU,3586947237.0,2,0.1344315,0.09161657,-1.059793,-0.07916565,0.8361087,-9.292421
IMU,3586988222.0,2,0.2213722,0.09606016,-1.019513,-0.6846288,1.043636,-9.406687
IMU,3587028633.0,2,0.09292591,0.1252237,-0.9829885,-0.09429803,-0.13392,-8.705273
IMU,3587068863.0,2,0.01230705,0.1677598,-0.9203883,-0.5203578,0.31232,-9.955085
IMU,3587109731.0,2,0.1120317,0.1585246,-0.8613132,-1.75372,-1.609267,-10.89872
IMU,3587151482.0,2,-0.02676635,0.2366498,-0.7733865,-1.226519,-1.050511,-10.98062
IMU,3587200133.0,2,-0.1894099,0.4907697,-0.7111882,0.4054079,0.8224003,-9.338375
IMU,3587240855.0,2,-2.677357e-06,0.386977,-0.7124183,0.4229906,1.040986,-9.600912
IMU,3587280533.0,2,0.06725123,0.2648096,-0.6950204,-0.04555006,-0.7587442,-9.916503
IMU,3587326883.0,2,-0.1125215,0.1644363,-0.6912907,-0.6352241,0.04594711,-8.960437
IMU,3587367854.0,2,0.004385382,0.1102773,-0.6631018,0.01416476,0.3741573,-8.271541
IMU,3587410886.0,2,0.03926001,-0.02456546,-0.6123611,-0.7352391,-0.8368176,-10.6452
IMU,3587451734.0,2,-0.06657147,-0.04558934,-0.5755956,-0.1623584,0.01179904,-8.51813
IMU,3587491243.0,2,0.01558864,-0.04448194,-0.5346028,-0.4742603,-0.2115516,-10.72302
IMU,3587535295.0,2,-0.02867195,-0.0006453182,-0.5441773,-1.270997,-0.6876789,-9.297073
IMU,3587574789.0,2,0.0498323,0.06092482,-0.5292332,-1.891591,-0.2427605,-10.34955
IMU,3587618270.0,2,0.08354214,-0.03519803,-0.5147306,-0.6629949,1.367135,-9.485074
IMU,3587661105.0,2,0.05782278,-0.1308597,-0.4973758,-0.3135505,-0.7654335,-9.866128
IMU,3587701123.0,2,0.1948418,-0.1614853,-0.5007879,0.09904941,0.6103032,-5.782024
IMU,3587740734.0,2,0.2102704,-0.2274486,-0.5716031,-0.3929805,-0.3402852,-1.424248
IMU,3587781781.0,2,0.2014791,-0.280978,-0.6916855,0.06993543,0.2332884,-0.4699883
IMU,3587822564.0,2,0.2134898,-0.2562271,-0.7618417,-0.02229998,0.04216621,-0.2712837
IMU,3587862286.0,2,0.1709996,-0.2492546,-0.8097676,-0.1473456,-0.05698888,-0.1601377
IMU,3587901794.0,2,0.1630349,-0.2191519,-0.8405273,-0.08474884,-0.03399638,-0.3047836
IMU,3587941741.0,2,0.1388967,-0.2187319,-0.8509353,-0.04232683,-0.04637131,-0.2334292
IMU,3587983297.0,2,0.107167,-0.2382403,-0.8493314,-0.1050593,-0.09311338,-0.2967839
IMU,3588023296.0,2,0.06753836,-0.2172609,-0.8458839,-0.1119639,-0.06464442,-0.3702706
IMU,3588062845.0,2,0.0498713,-0.2098245,-0.8461783,-0.09744763,-0.05805663,-0.4364237
IMU,3588102832.0,2,0.03396795,-0.2174287,-0.8463663,-0.1073253,-0.09044515,-0.5654729
IMU,3588142730.0,2,0.003176364,-0.2117492,-0.8439559,-0.1326828,-0.115615,-0.6165268
IMU,3588184177.0,2,-0.05559797,-0.1800459,-0.8384832,-0.1463821,-0.1390602,-0.6765174
IMU,3588223889.0,2,-0.1165671,-0.1352328,-0.8364459,-0.1467514,-0.1312698,-0.7801546
IMU,3588263805.0,2,-0.1673771,-0.1011405,-0.8415223,-0.1532923,-0.1285321,-0.9142786
IMU,3588303731.0,2,-0.2197096,-0.06995322,-0.8428808,-0.1510203,-0.1363205,-1.075684
IMU,3588344021.0,2,-0.2832477,-0.05065678,-0.847527,-0.1662211,-0.1264492,-1.197193
IMU,3588385217.0,2,-0.3434082,-0.0237709,-0.8486642,-0.1692347,-0.1443023,-1.298601
IMU,3588424620.0,2,-0.401466,0.0004972793,-0.850518,-0.1849986,-0.1611687,-1.411565
IMU,3588465238.0,2,-0.4614652,0.03251068,-0.8481562,-0.1884254,-0.1546347,-1.514981
IMU,3588505126.0,2,-0.5289361,0.07057215,-0.8504242,-0.2215152,-0.1500359,-1.673464
IMU,3588545637.0,2,-0.6025618,0.1073394,-0.8411416,-0.1791763,-0.1147129,-1.82917
IMU,3588586592.0,2,-0.6660645,0.144606,-0.8378049,-0.1927388,-0.1121048,-1.844034
IMU,3588626091.0,2,-0.7313343,0.2176163,-0.8372749,-0.1964437,-0.06457314,-1.792798
IMU,3588666120.0,2,-0.7987181,0.2816287,-0.8329448,-0.1620903,-0.1036589,-2.189579
IMU,3588706107.0,2,-0.7307967,0.445496,-0.8454492,-0.4167165,0.04791548,-2.656279
IMU,3588746596.0,2,-0.5958279,0.6760019,-0.8801231,-0.5218378,-0.6560495,-3.011125
IMU,3588787261.0,2,-1.040668,2.342247,-0.8640833,-3.694622,0.9232957,-11.87385
IMU,3588827808.0,2,5.615852,5.035105,0.7303621,12.28416,10.89855,-98.7882
IMU,3588868282.0,2,1.121992,-0.256315,-0.3985939,-9.332996,-8.41425,2.831268
IMU,3588908632.0,2,1.354062,-0.2125027,0.2222887,-1.499524,-2.022302,-0.1600318
IMU,3588951826.0,2,1.269511,-0.5017075,0.2812206,0.01584882,-0.6552648,0.7487835
IMU,3588991791.0,2,1.268596,-0.4780636,0.2131177,0.4029163,-0.8254156,-0.8527179
IMU,3589031779.0,2,0.6689063,0.1161218,0.01760461,-0.007247514,-1.592152,-2.171495
IMU,3589071462.0,2,-0.6375508,1.382062,-0.1931848,-0.3279392,-2.918094,-4.955898
IMU,3589111469.0,2,-1.79243,2.364487,-0.1836645,1.417646,-3.503551,-8.406453
IMU,3589151565.0,2,-1.513387,1.24546,0.4070782,7.244886,-2.860395,-17.12295
IMU,3589191748.0,2,-0.7024105,-0.7821064,0.3594957,2.334614,1.143109,-18.45998
IMU,3589231743.0,2,0.1602553,0.05890304,-0.0427994,-2.679045,2.546854,-10.83997
IMU,3589271475.0,2,0.5902693,0.02137443,-0.1827295,1.776193,-0.5938895,-7.609601
IMU,3589311526.0,2,-0.02770263,0.01264679,0.008631005,2.798803,-1.792092,-8.540017
IMU,3589351483.0,2,-0.2201598,-0.01193256,0.07630055,0.9085492,-0.3969126,-10.11549
IMU,3589391830.0,2,0.06510182,0.02788985,-0.02135217,1.328493,-0.1622141,-10.64965
IMU,3589431768.0,2,0.03099693,-0.02224918,-0.01384424,1.49775,-0.9003107,-9.072779
IMU,3589471500.0,2,-0.04195346,0.01954358,0.00963277,1.448263,-0.4976885,-9.684214
IMU,3589511539.0,2,0.01766107,-0.004950062,-0.007241307,1.393596,-0.5888651,-10.09957
IMU,3589551506.0,2,0.006195958,0.001289112,-0.003663321,1.477208,-0.6422184,-9.360126
IMU,3589592030.0,2,-0.01454628,0.002180101,0.002282591,1.409236,-0.5532547,-9.873535
IMU,3589631655.0,2,0.01385937,-0.0007994027,-0.006095082,1.435515,-0.5974824,-9.730764
IMU,3589671478.0,2,-0.005582272,0.002334797,0.0008928446,1.437793,-0.6115587,-9.588121
IMU,3589711333.0,2,0.000872726,0.000661273,-0.003030612,1.430664,-0.5713147,-9.807784
IMU,3589751486.0,2,0.001991735,6.537159e-05,-0.003032103,1.440689,-0.6234284,-9.614511
IMU,3589791725.0,2,-0.004550003,0.001422059,-0.0007720958,1.432737,-0.5808879,-9.737108
IMU,3589831765.0,2,0.003338603,0.001462187,-0.003208635,1.431308,-0.6075752,-9.703531
IMU,3589871457.0,2,-0.003338668,0.002932249,-0.002422966,1.441803,-0.5926435,-9.671751
IMU,3589911303.0,2,0.001899606,0.001398951,-0.002439351,1.436662,-0.5872352,-9.727616
IMU,3589952102.0,2,-0.0007139192,0.00255204,-0.003309924,1.445373,-0.6231742,-9.671643
IMU,3589991800.0,2,-0.001989723,0.001365884,-0.001458641,1.428037,-0.5804869,-9.716268
IMU,3590031877.0,2,0.001472591,0.0007856734,-0.002686408,1.431278,-0.5877275,-9.689446
IMU,3590071487.0,2,-0.0005377276,0.001151627,-0.003693913,1.442258,-0.59538,-9.70015
IMU,3590111464.0,2,0.0003167563,0.002222219,-0.002519945,1.429049,-0.5958732,-9.671785
IMU,3590151534.0,2,1.260592e-05,0.001882257,-0.002452765,1.441283,-0.5901742,-9.703539
IMU,3590191758.0,2,-0.0006349243,0.002766086,-0.003191761,1.434896,-0.5996895,-9.702639
IMU,3590231842.0,2,-0.0008406732,0.001706608,-0.001321841,1.449984,-0.5913254,-9.693132
IMU,3590271488.0,2,-0.002169806,0.001450081,-0.001725985,1.43339,-0.5930992,-9.676697
IMU,3590311523.0,2,9.882678e-05,0.001317251,-0.002475252,1.438543,-0.5939922,-9.701005
IMU,3590352851.0,2,-0.0004301881,0.001162347,-0.001866073,1.430939,-0.599515,-9.686858
IMU,3590392627.0,2,-0.0001413703,0.001071754,-0.00236775,1.436916,-0.5922145,-9.716187
IMU,3590432610.0,2,-0.0008370101,0.001104301,-0.002302738,1.438485,-0.5975216,-9.693977
IMU,3590472635.0,2,-3.257222e-05,0.0008363742,-0.001063807,1.43683,-0.5895852,-9.688666
IMU,3590512583.0,2,-0.0003364504,0.003537577,-0.00113063,1.435137,-0.599768,-9.701526
IMU,3590553118.0,2,-0.001304315,0.001914667,-0.001801969,1.428904,-0.6054866,-9.708066
IMU,3590593604.0,2,-0.000732428,0.002246495,-0.002352298,1.42528,-0.5861844,-9.707449
IMU,3590634039.0,2,-0.0004000778,0.002333088,-0.002609696,1.442624,-0.5875221,-9.690754
IMU,3590673918.0,2,-6.720659e-05,0.003105124,-0.003527918,1.434582,-0.6035483,-9.682348
IMU,3590714314.0,2,0.0003526949,0.002105374,-0.002872775,1.421847,-0.5865911,-9.698398
IMU,3590755465.0,2,0.0001899914,0.001678543,-0.002429216,1.450021,-0.5972632,-9.70654
IMU,3590795036.0,2,0.000130478,0.0006921713,-0.002193346,1.449198,-0.5968379,-9.715478
