ARM,3718511266.0,0.0
AHR2,3717910758.0,-4.17,-3.58,60.29,469.75,43.2382675,-7.6818858
AHR2,3718012726.0,-2.55,-2.92,55.71,469.61,43.2382683,-7.6818837
AHR2,3718113116.0,-0.99,-2.3,52.87,470.12,43.238269,-7.6818817
AHR2,3718216171.0,-0.31,-1.74,51.26,469.96,43.2382697,-7.6818795
AHR2,3718316247.0,0.36,-1.65,50.72,470.19,43.2382704,-7.6818773
AHR2,3718418841.0,0.16,-1.29,50.57,470.69,43.2382716,-7.681876
AHR2,3718518745.0,0.18,-1.3,51.62,470.3,43.2382726,-7.6818741
AHR2,3718620569.0,-1.09,-2.01,52.11,470.23,43.2382727,-7.6818726
AHR2,3718720816.0,-2.61,-2.96,51.36,470.3,43.2382734,-7.6818707
AHR2,3718823135.0,-4.31,-3.67,50.18,470.08,43.2382741,-7.6818685
AHR2,3718923131.0,-6.22,-4.25,48.97,470.11,43.2382749,-7.6818667
AHR2,3719025594.0,-8.0,-4.88,47.66,470.11,43.238275,-7.6818649
AHR2,3719125580.0,-9.79,-5.18,46.13,469.93,43.2382757,-7.681863
AHR2,3719226621.0,-11.6,-4.97,44.41,469.64,43.2382766,-7.6818609
AHR2,3719327039.0,-13.33,-4.29,42.46,469.62,43.2382774,-7.6818591
AHR2,3719429075.0,-14.72,-2.96,40.13,468.86,43.2382778,-7.6818573
AHR2,3719529010.0,-15.45,-1.07,37.55,468.44,43.2382785,-7.6818554
AHR2,3719630375.0,-14.31,0.82,35.09,467.94,43.238279,-7.6818544
AHR2,3719730577.0,-11.21,-31.44,42.0,466.62,43.2382797,-7.6818526
AHR2,3719832100.0,0.83,-29.12,40.02,464.7,43.2382803,-7.6818508
AHR2,3719932822.0,-0.02,-38.42,45.37,464.71,43.238281,-7.6818492
AHR2,3720034211.0,-7.25,-39.56,47.0,465.03,43.2382766,-7.6818478
AHR2,3720134064.0,-8.16,-39.17,45.8,464.96,43.2382757,-7.6818462
AHR2,3720235635.0,-7.09,-39.34,45.49,465.05,43.2382781,-7.6818483
AHR2,3720335733.0,-7.72,-39.31,45.86,465.1,43.2382783,-7.6818478
AHR2,3720437087.0,-7.57,-39.27,45.77,465.09,43.2382779,-7.6818488
AHR2,3720537012.0,-7.61,-39.2,45.81,464.98,43.2382779,-7.6818489
AHR2,3720639595.0,-7.57,-39.15,45.79,464.98,43.2382779,-7.6818491
AHR2,3720739499.0,-7.53,-39.1,45.78,465.05,43.238278,-7.6818491
AHR2,3720840566.0,-7.54,-39.05,45.8,464.81,43.2382779,-7.6818493
AHR2,3720940573.0,-7.51,-39.01,45.8,464.97,43.2382779,-7.6818493
AHR2,3721041763.0,-7.52,-38.97,45.82,465.07,43.2382779,-7.6818497
AHR2,3721141611.0,-7.51,-38.93,45.83,464.87,43.2382779,-7.6818497
AHR2,3721243069.0,-7.5,-38.89,45.83,465.06,43.238278,-7.6818498
AHR2,3721343263.0,-7.5,-38.84,45.85,464.86,43.238278,-7.6818499
AHR2,3721444247.0,-7.5,-38.81,45.86,465.04,43.2382779,-7.6818499
AHR2,3721544500.0,-7.49,-38.77,45.86,465.02,43.238278,-7.6818498
AHR2,3721646824.0,-7.48,-38.73,45.87,465.01,43.2382781,-7.6818501
AHR2,3721748539.0,-7.48,-38.69,45.88,464.95,43.238278,-7.6818501
ATT,3717910077.0,-3.130826,-3.578331,-3.76731,-3.727046,66.23112,63.66003
ATT,3718011871.0,-2.26815,-1.91048,-3.591216,-3.084487,64.16352,58.90876
ATT,3718112277.0,-1.466865,-0.3356626,-3.501623,-2.512487,62.78454,55.87215
ATT,3718215506.0,-1.01447,0.3266332,-3.403726,-1.92274,61.85088,54.01599
ATT,3718315560.0,-0.7826571,0.966917,-3.313369,-1.766963,61.31158,53.25845
ATT,3718418239.0,-0.5512027,0.8275743,-3.324365,-1.416986,61.06715,52.91805
ATT,3718518066.0,-0.8504292,0.9098665,-3.384125,-1.583868,85.57533,85.58892
ATT,3718619869.0,-0.4324605,-0.3087627,-1.801563,-2.247732,85.60202,85.59743
ATT,3718720169.0,-0.2199047,-1.75846,-0.916086,-3.136222,82.25163,82.22538
ATT,3718822593.0,-0.1102029,-3.261592,-0.459086,-3.885408,76.75852,76.70981
ATT,3718922576.0,-0.05626302,-4.985039,-0.2343821,-4.500614,71.94312,71.86871
ATT,3719024838.0,-0.02836168,-6.798368,-0.11815,-4.86013,68.07393,67.97247
ATT,3719125018.0,-0.01443713,-8.724808,-0.06014295,-4.76683,64.88458,64.7546
ATT,3719225817.0,-0.007342154,-10.72772,-0.03058636,-4.335214,62.00655,61.84713
ATT,3719326284.0,-0.00373695,-12.64937,-0.01556762,-3.488927,59.13454,58.94719
ATT,3719428528.0,-0.001880784,-14.11318,-0.007835102,-2.024063,56.06384,55.85549
ATT,3719528275.0,-0.0009580032,-14.87536,-0.003990918,-0.01760641,52.89816,52.67892
ATT,3719629789.0,-0.0004857132,-13.85258,-0.002023418,2.011828,49.9582,49.7536
ATT,3719729866.0,-0.000247176,-10.35842,-0.001029704,-30.17995,56.02376,55.84616
ATT,3719831545.0,-0.0001249678,2.364724,-0.0005206001,-27.1062,52.93044,52.97001
ATT,3719932070.0,-9.385173e-05,2.350132,-0.0003909745,-35.90155,57.07751,57.12073
ATT,3720033613.0,-8.800287e-05,-4.898465,-0.000366609,-36.86193,58.20322,58.11209
ATT,3720133469.0,-8.639062e-05,-6.251337,-0.0003598926,-36.22644,56.82884,56.71357
ATT,3720234857.0,-8.295764e-05,-5.030897,-0.000345591,-36.25423,55.47519,55.38233
ATT,3720335105.0,-8.128185e-05,-5.419852,-0.0003386099,-36.16566,54.81074,54.71084
ATT,3720436464.0,-7.954019e-05,-5.215472,-0.0003313546,-36.07014,53.33141,53.23537
ATT,3720536293.0,-7.95402e-05,-5.244376,-0.0003313545,-35.97768,52.33059,52.23413
ATT,3720638878.0,-7.570798e-05,-5.171453,-0.0003153901,-35.90001,51.38721,51.29218
ATT,3720738768.0,-7.570801e-05,-5.099584,-0.0003153903,-35.81975,50.61728,50.52368
ATT,3720839852.0,-7.570805e-05,-5.062156,-0.0003153903,-35.71368,49.86129,49.76849
ATT,3720940010.0,-7.570808e-05,-5.006627,-0.0003153904,-35.64276,49.31097,49.21928
ATT,3721041128.0,-7.570807e-05,-4.966705,-0.0003153904,-35.54993,48.7683,48.67743
ATT,3721141026.0,-7.570811e-05,-4.927232,-0.0003153904,-35.48848,48.37603,48.28595
ATT,3721242487.0,-7.570806e-05,-4.874123,-0.0003153903,-35.4084,47.96383,47.87482
ATT,3721342636.0,-7.57081e-05,-4.848289,-0.0003153904,-35.35063,47.68612,47.59763
ATT,3721443644.0,-7.570811e-05,-4.802892,-0.0003153904,-35.29993,47.282,47.1944
ATT,3721543759.0,-7.570811e-05,-4.769752,-0.0003153904,-35.26434,46.97387,46.8869
ATT,3721646213.0,-7.205814e-05,-4.744298,-0.0003001851,-35.23151,46.58968,46.50322
ATT,3721747874.0,-7.205814e-05,-4.726126,-0.0003001851,-35.19473,46.14951,46.0634
BARO,3718004745.0,0,1.311279,470.1913,96547.26
BARO,3718105099.0,0,1.8284,470.7084,96541.67
BARO,3718207759.0,0,1.667328,470.5473,96543.41
BARO,3718308247.0,0,1.890564,470.7705,96541.01
BARO,3718411024.0,0,2.39917,471.2791,96535.52
BARO,3718511590.0,0,2.003571,470.8835,96539.77
BARO,3718612134.0,0,1.938599,470.8186,96540.48
BARO,3718712570.0,0,2.009247,470.8892,96539.72
BARO,3718815603.0,0,1.780334,470.6603,96542.18
BARO,3718915772.0,0,1.817078,470.6971,96541.8
BARO,3719017428.0,0,1.819916,470.6999,96541.77
BARO,3719117617.0,0,1.633423,470.5134,96543.77
BARO,3719218010.0,0,1.345184,470.2252,96546.91
BARO,3719318474.0,0,1.322571,470.2025,96547.14
BARO,3719421002.0,0,0.5624695,469.4424,96555.35
BARO,3719521005.0,0,0.1414185,469.0214,96559.9
BARO,3719622024.0,0,-0.3502502,468.5297,96565.23
BARO,3719722380.0,0,-1.672668,467.2073,96579.52
BARO,3719823746.0,0,-3.591339,465.2886,96600.27
BARO,3719924002.0,0,-3.582855,465.2971,96600.19
BARO,3720026020.0,0,-3.26355,465.6164,96596.72
BARO,3720126824.0,0,-3.339844,465.5401,96597.55
BARO,3720227273.0,0,-3.24942,465.6306,96596.58
BARO,3720328168.0,0,-3.198578,465.6814,96596.02
BARO,3720428801.0,0,-3.207031,465.6729,96596.12
BARO,3720528784.0,0,-3.314423,465.5656,96597.27
BARO,3720631741.0,0,-3.311584,465.5684,96597.25
BARO,3720732130.0,0,-3.243774,465.6362,96596.52
BARO,3720832881.0,0,-3.489624,465.3904,96599.16
BARO,3720933313.0,0,-3.320068,465.5599,96597.35
BARO,3721034087.0,0,-3.226837,465.6531,96596.33
BARO,3721133726.0,0,-3.424622,465.4554,96598.46
BARO,3721234986.0,0,-3.238129,465.6418,96596.45
BARO,3721335105.0,0,-3.438751,465.4412,96598.63
BARO,3721435855.0,0,-3.252258,465.6277,96596.6
BARO,3721535660.0,0,-3.272034,465.6079,96596.84
BARO,3721638545.0,0,-3.283356,465.5966,96596.95
BARO,3721739127.0,0,-3.348328,465.5316,96597.64
BARO,3718004745.0,1,2.026184,470.9062,96526.74
BARO,3718105099.0,1,1.712524,470.5925,96530.13
BARO,3718207759.0,1,2.020538,470.9005,96526.79
BARO,3718308247.0,1,1.51474,470.3947,96532.26
BARO,3718411024.0,1,2.438751,471.3187,96522.27
BARO,3718511590.0,1,2.664795,471.5448,96519.82
BARO,3718612134.0,1,2.108124,470.9881,96525.84
BARO,3718712570.0,1,1.975311,470.8553,96527.27
BARO,3718815603.0,1,2.147705,471.0277,96525.42
BARO,3718915772.0,1,2.11377,470.9937,96525.78
BARO,3719017428.0,1,1.862305,470.7423,96528.51
BARO,3719117617.0,1,1.848175,470.7281,96528.66
BARO,3719218010.0,1,1.576904,470.4569,96531.58
BARO,3719318474.0,1,1.263245,470.1432,96534.98
BARO,3719421002.0,1,0.8648071,469.7448,96539.27
BARO,3719521005.0,1,0.3505249,469.2305,96544.83
BARO,3719622024.0,1,-0.4915161,468.3885,96553.94
BARO,3719722380.0,1,-1.811127,467.0688,96568.2
BARO,3719823746.0,1,-4.060425,464.8195,96592.52
BARO,3719924002.0,1,-3.209869,465.6701,96583.34
BARO,3720026020.0,1,-3.201385,465.6786,96583.24
BARO,3720126824.0,1,-3.204224,465.6758,96583.28
BARO,3720227273.0,1,-3.105316,465.7747,96582.21
BARO,3720328168.0,1,-3.071411,465.8086,96581.84
BARO,3720428801.0,1,-3.062927,465.817,96581.75
BARO,3720528784.0,1,-3.255096,465.6249,96583.82
BARO,3720631741.0,1,-3.03186,465.8481,96581.43
BARO,3720732130.0,1,-3.19574,465.6842,96583.2
BARO,3720832881.0,1,-3.190094,465.6899,96583.13
BARO,3720933313.0,1,-3.272034,465.6079,96584.0
BARO,3721034087.0,1,-3.266388,465.6136,96583.94
BARO,3721133726.0,1,-3.077057,465.8029,96581.92
BARO,3721234986.0,1,-3.226837,465.6531,96583.52
BARO,3721335105.0,1,-3.308777,465.5712,96584.41
BARO,3721435855.0,1,-3.218353,465.6616,96583.42
BARO,3721535660.0,1,-3.116638,465.7633,96582.34
BARO,3721638545.0,1,-3.192932,465.687,96583.16
BARO,3721739127.0,1,-3.1138,465.7662,96582.3
GPS,3717938175.0,4,22,43.2382671,-7.6818876,465.68,1.822,-0.876,0.0
GPS,3718140782.0,4,22,43.2382683,-7.6818836,465.89,1.946,-1.222,0.0
GPS,3718344244.0,4,22,43.2382699,-7.6818796,466.13,1.845,-1.422,0.0
GPS,3718566127.0,4,22,43.2382715,-7.6818758,466.34,1.745,-1.32,0.0
GPS,3718748503.0,4,22,43.2382728,-7.681872,466.42,1.699,-0.097,0.0
GPS,3718950566.0,4,22,43.2382739,-7.6818684,466.11,1.653,2.242,0.0
GPS,3719132876.0,4,22,43.2382752,-7.6818646,465.42,1.639,4.059,0.0
GPS,3719354035.0,4,22,43.2382765,-7.6818608,464.4,1.711,5.775,0.0
GPS,3719576828.0,4,22,43.2382777,-7.6818574,463.09,1.691,7.344,0.0
GPS,3719737773.0,4,22,43.2382789,-7.6818542,461.57,1.522,8.06,0.0
GPS,3719940076.0,4,22,43.2382786,-7.681851,460.72,1.651,0.473,0.0
GPS,3720141215.0,4,22,43.2382778,-7.6818491,460.6,0.393,0.624,0.0
GPS,3720343133.0,4,22,43.2382779,-7.6818488,460.58,0.039,-0.343,0.0
GPS,3720564109.0,4,22,43.2382779,-7.6818491,460.6,0.042,-0.136,0.0
GPS,3720747163.0,4,22,43.2382779,-7.6818493,460.58,0.037,-0.012,0.0
GPS,3720947765.0,4,22,43.2382779,-7.6818496,460.58,0.046,0.007,0.0
GPS,3721148639.0,4,22,43.238278,-7.6818498,460.55,0.033,0.117,0.0
GPS,3721350037.0,4,22,43.2382779,-7.6818499,460.54,0.052,0.09,0.0
GPS,3721572091.0,4,22,43.238278,-7.68185,460.55,0.075,0.067,0.0
IMU,3717917907.0,0,0.1667787,0.06297415,-0.8517883,-0.01678975,1.732809,-10.8845
IMU,3717959741.0,0,0.1719696,0.2563788,-0.9098826,-1.229822,-0.5111492,-10.95727
IMU,3717999608.0,0,0.2871758,0.1512625,-0.7841355,-0.5713821,-0.2170168,-10.976
IMU,3718040272.0,0,0.1662489,0.02943596,-0.5974567,-0.4867159,-0.490673,-10.64054
IMU,3718079782.0,0,0.2117321,0.1555775,-0.5023115,-0.4813886,-0.1094257,-9.936667
IMU,3718120577.0,0,0.17919,0.192085,-0.483077,0.410132,-0.941359,-11.4762
IMU,3718163070.0,0,0.3401838,0.112704,-0.4051218,-1.3082,0.1738476,-10.35969
IMU,3718203092.0,0,0.3088019,0.09811208,-0.2800515,-0.1970881,-1.139383,-10.28483
IMU,3718243635.0,0,0.09769689,0.0872739,-0.263118,-0.6073948,-0.2215492,-10.50936
IMU,3718283059.0,0,0.06836529,0.08418982,-0.2074651,-0.3762262,-0.7077988,-10.23853
IMU,3718323531.0,0,0.03840571,0.04493777,-0.1341111,-0.7581646,-0.5598509,-10.20201
IMU,3718365844.0,0,0.09036924,0.01628996,0.0978902,0.1146674,0.1605914,-9.256956
IMU,3718406247.0,0,0.06617598,0.007807018,0.1006086,0.5990281,0.8506002,-9.871077
IMU,3718446322.0,0,0.1295866,-0.02483528,0.1611605,0.1324797,0.8278465,-9.281199
IMU,3718486265.0,0,0.08860523,-0.1059921,0.1280027,-0.4079073,-0.1355234,-9.848054
IMU,3718525630.0,0,-0.02268741,-0.00807828,0.1213339,-0.7807688,-0.002066449,-9.784856
IMU,3718566264.0,0,-0.1427099,-0.09850197,0.103654,-0.9278263,2.692433,-5.277368
IMU,3718607241.0,0,-0.2646707,-0.2187149,-0.01690846,-0.378594,-0.8969637,-0.7270262
IMU,3718647568.0,0,-0.2410349,-0.1943959,-0.1019788,-0.1324724,-0.1284459,-0.3365318
IMU,3718687555.0,0,-0.243695,-0.1470561,-0.1599779,-0.1731034,0.08460514,-0.3049525
IMU,3718728294.0,0,-0.2656097,-0.1418762,-0.2030679,-0.1054086,-0.01333171,-0.153384
IMU,3718770618.0,0,-0.2721459,-0.1134408,-0.2252319,-0.13887,-0.057995,-0.1935031
IMU,3718810174.0,0,-0.2764892,-0.104138,-0.2356005,-0.09274209,-0.01991862,-0.2069916
IMU,3718850113.0,0,-0.2961672,-0.1069971,-0.2383097,-0.1174774,-0.02913106,-0.212439
IMU,3718890314.0,0,-0.3188083,-0.0923081,-0.2409481,-0.1463993,-0.04764792,-0.3611012
IMU,3718930743.0,0,-0.3227507,-0.07824617,-0.2417033,-0.1093951,-0.02385054,-0.3782746
IMU,3718972273.0,0,-0.3165339,-0.06495234,-0.2505001,-0.1296038,-0.005528232,-0.4426266
IMU,3719012244.0,0,-0.3209824,-0.0229924,-0.2606139,-0.137462,-0.03212306,-0.512525
IMU,3719053217.0,0,-0.3243766,0.01544566,-0.2699669,-0.1240186,-0.01243162,-0.6285835
IMU,3719092730.0,0,-0.3391251,0.04388728,-0.28206,-0.1374105,0.003127424,-0.7453101
IMU,3719133081.0,0,-0.3514625,0.07307812,-0.2891192,-0.1424771,0.0005613332,-0.8447941
IMU,3719173073.0,0,-0.357052,0.1021244,-0.2937309,-0.1385904,0.005109448,-0.9165734
IMU,3719213615.0,0,-0.3527064,0.1364848,-0.306278,-0.1512941,0.02666769,-1.027396
IMU,3719253554.0,0,-0.3480462,0.171267,-0.3086682,-0.1462494,0.02259152,-1.134718
IMU,3719293516.0,0,-0.340643,0.2096589,-0.3161463,-0.1354438,0.06168958,-1.254884
IMU,3719334819.0,0,-0.3128329,0.2592627,-0.3259985,-0.1432401,0.09812541,-1.372304
IMU,3719376072.0,0,-0.2707846,0.3147981,-0.339937,-0.1610958,0.1142791,-1.454068
IMU,3719416122.0,0,-0.2240994,0.3709344,-0.351305,-0.1259438,0.1378512,-1.59726
IMU,3719456728.0,0,-0.1599366,0.4147502,-0.3611238,-0.0908995,0.1433341,-1.729214
IMU,3719495778.0,0,-0.1230887,0.4659824,-0.3603211,-0.1022879,0.1150769,-1.790226
IMU,3719535830.0,0,-0.06799968,0.4765206,-0.3677053,-0.04874364,0.1414697,-2.072551
IMU,3719578324.0,0,0.1601566,0.7289465,-0.3604879,-0.1195518,3.404641,-8.789145
IMU,3719619338.0,0,0.4025736,0.06562665,-0.2762685,0.8276098,-0.1463191,-9.906604
IMU,3719659801.0,0,0.7856292,-1.619374,-0.01313794,-1.810718,2.892948,-20.83952
IMU,3719699885.0,0,2.258205,-6.877959,0.1589749,-5.235261,3.50509,-43.4526
IMU,3719745751.0,0,5.413739,-7.81303,-3.373822,-110.7638,40.16602,-111.0238
IMU,3719786361.0,0,1.552426,2.502918,0.6595657,10.43238,-6.507427,-13.5945
IMU,3719826868.0,0,1.09108,-1.352013,1.879287,-0.5169916,-6.797825,-3.337542
IMU,3719867302.0,0,0.8031542,-1.770527,1.213732,-1.074939,-4.563194,-1.10377
IMU,3719906733.0,0,0.2911437,-1.419555,0.4619202,-1.659162,-1.826931,-0.9515415
IMU,3719951154.0,0,-0.5803242,-0.6703476,0.1282759,-2.680276,-0.1614377,-2.62088
IMU,3719990906.0,0,-1.143566,-0.108669,0.20324,-4.581269,1.037139,-4.581773
IMU,3720031482.0,0,-1.439438,0.1591951,0.3312893,-6.511667,2.491924,-7.103293
IMU,3720071144.0,0,-0.9501231,0.2799946,0.06862133,-7.830699,3.668203,-9.280971
IMU,3720111286.0,0,0.182512,0.09445315,-0.3156432,-8.019459,3.603767,-12.16761
IMU,3720154378.0,0,0.5876231,-0.1276305,-0.2652209,-7.291348,0.02424686,-8.580703
IMU,3720194389.0,0,0.1933537,0.02615726,-0.03565803,-5.356564,-0.9774237,-7.373115
IMU,3720237842.0,0,-0.2315008,0.0205504,0.1260485,-5.127604,0.481156,-7.644008
IMU,3720277644.0,0,-0.1218779,0.01097219,0.07350292,-6.040654,1.501728,-7.963561
IMU,3720317582.0,0,0.0712784,-0.01328661,-0.02043625,-5.643553,1.317003,-7.786274
IMU,3720358783.0,0,0.0369529,-0.002514868,-0.02988208,-5.477334,0.565499,-7.683481
IMU,3720398837.0,0,0.02272422,-0.003953705,-0.01297291,-6.024133,0.8686917,-8.0701
IMU,3720439346.0,0,0.01294921,0.006997454,0.006382808,-5.934644,0.6311932,-7.95953
IMU,3720478826.0,0,-0.01035427,0.0006323865,0.01681145,-5.651164,0.8102324,-7.796671
IMU,3720519089.0,0,0.004566005,-0.003951419,0.001850882,-5.731982,0.9534163,-7.802049
IMU,3720559347.0,0,0.02119024,-0.0007306777,-0.01077818,-5.801437,0.8106639,-7.916566
IMU,3720601233.0,0,0.005140781,-0.003306266,0.002397097,-5.784413,0.7910684,-7.920887
IMU,3720641446.0,0,0.00588184,-0.004240896,0.00156756,-5.788914,0.8504796,-7.888483
IMU,3720682126.0,0,0.01278481,-0.002020165,-0.00180004,-5.758196,0.8352668,-7.849037
IMU,3720721802.0,0,0.01424885,-0.001791692,-0.001838366,-5.770715,0.8258726,-7.886376
IMU,3720762289.0,0,0.007244307,-0.001687914,0.001165342,-5.773552,0.7821781,-7.88983
IMU,3720802459.0,0,0.003110965,-0.001678213,0.00480669,-5.785045,0.8365071,-7.87183
IMU,3720842779.0,0,0.01021846,-0.001201316,0.0005944822,-5.751937,0.8303885,-7.837105
IMU,3720883113.0,0,0.009936912,-0.003238021,-0.001119346,-5.754184,0.8119004,-7.895006
IMU,3720922807.0,0,0.01072448,-0.001676085,0.0008738042,-5.815777,0.8170135,-7.882633
IMU,3720964014.0,0,0.006594561,-0.001722651,0.002942301,-5.759105,0.801144,-7.889934
IMU,3721003569.0,0,0.006460198,-0.003642618,0.001889816,-5.778768,0.8334541,-7.871826
IMU,3721043857.0,0,0.009105065,-0.001236543,0.0002166763,-5.783125,0.8241834,-7.872482
IMU,3721084253.0,0,0.009855261,-0.003181355,-0.001184595,-5.771616,0.8163008,-7.874513
IMU,3721124073.0,0,0.007086775,-0.003190634,0.001362216,-5.782947,0.811939,-7.889478
IMU,3721164785.0,0,0.008932214,-0.0029174,0.0005742278,-5.774077,0.833567,-7.865054
IMU,3721204858.0,0,0.009733536,-0.002594643,0.0001627285,-5.779818,0.8190601,-7.871994
IMU,3721244772.0,0,0.00894633,-0.001591833,0.0006285724,-5.798463,0.8069685,-7.888633
IMU,3721284762.0,0,0.007223189,-0.00275395,0.001107242,-5.767131,0.8276987,-7.881767
IMU,3721324916.0,0,0.007361655,-0.002133895,0.002281012,-5.771539,0.836859,-7.878063
IMU,3721366142.0,0,0.01065037,-0.003807459,0.0005666065,-5.771309,0.8205034,-7.88978
IMU,3721406434.0,0,0.007690425,-0.002477007,0.001108467,-5.782138,0.8127703,-7.863084
IMU,3721446469.0,0,0.007551153,-0.002545727,0.001978889,-5.773418,0.8243479,-7.864049
IMU,3721485768.0,0,0.007742636,-0.001569283,0.0004720202,-5.773076,0.8285226,-7.885702
IMU,3721525753.0,0,0.008712379,-0.001931753,-0.0003070131,-5.770274,0.8213711,-7.873873
IMU,3721566312.0,0,0.009028752,-0.001745185,0.0003468078,-5.770677,0.815312,-7.88281
IMU,3721608760.0,0,0.009207035,-0.003799659,0.000412148,-5.771784,0.8144355,-7.861075
IMU,3721648890.0,0,0.008083352,-0.002060497,0.002125872,-5.783444,0.8168619,-7.879086
IMU,3721688730.0,0,0.006856946,-0.002418878,0.000696277,-5.772397,0.8134068,-7.850582
IMU,3721728739.0,0,0.008340819,-0.002129779,0.0003808906,-5.768437,0.8233296,-7.873958
IMU,3721770281.0,0,0.008392495,-0.002367751,0.0006207398,-5.774827,0.8298141,-7.874223
IMU,3721810455.0,0,0.009012716,-0.00220512,0.0007744502,-5.784781,0.8292011,-7.892616
IMU,3721850281.0,0,0.007147426,-0.003395232,0.002185619,-5.771342,0.8322404,-7.887767
IMU,3717917907.0,1,0.09254862,0.03158038,-0.8295143,-0.230733,1.394724,-11.37644
IMU,3717959741.0,1,0.08141202,0.1347603,-0.8168417,-0.6502409,-0.06064572,-11.4845
IMU,3717999608.0,1,0.2580084,0.1213898,-0.7229246,-0.5503389,-0.212844,-11.63006
IMU,3718040272.0,1,0.1718546,0.006450011,-0.5908125,-0.4158275,-0.5236558,-10.44622
IMU,3718079782.0,1,0.1705801,0.06890924,-0.4812154,0.3578229,0.02612088,-9.78363
IMU,3718120577.0,1,0.1415952,0.134602,-0.4215675,1.47505,-0.6210086,-11.24289
IMU,3718163070.0,1,0.2230464,0.05820623,-0.3971089,-1.527238,-0.5099998,-10.37871
IMU,3718203092.0,1,0.2370809,0.0554553,-0.2341917,-0.1706757,-2.034543,-11.37232
IMU,3718243635.0,1,0.08349187,0.01661745,-0.2652715,-0.9097725,-0.419174,-10.67658
IMU,3718283059.0,1,0.07282672,0.03239261,-0.1963697,-0.7598783,-0.7796389,-10.30306
IMU,3718323531.0,1,0.005780798,-0.002172326,-0.1206775,-1.235156,-0.2079264,-10.10936
IMU,3718365844.0,1,0.101414,0.02001729,-0.02316083,-1.286093,-0.4009555,-9.761184
IMU,3718406247.0,1,0.07173593,0.01084556,-0.01598924,0.7083169,0.4151376,-10.87962
IMU,3718446322.0,1,0.09806399,-0.03224212,0.04915303,-0.1661213,1.128626,-9.973497
IMU,3718486265.0,1,0.039382,-0.0583433,0.06759584,-0.4256072,-0.224228,-10.46296
IMU,3718525630.0,1,-0.1831086,-0.05095043,0.07090274,-0.5792239,-0.2077068,-9.788722
IMU,3718566264.0,1,-0.2404813,-0.1251863,-0.0009838117,-1.219232,2.505604,-5.579966
IMU,3718607241.0,1,-0.2712712,-0.2333322,-0.04951194,-0.4014005,-0.6729808,-0.971563
IMU,3718647568.0,1,-0.2542431,-0.2111959,-0.1093905,-0.1974555,0.04145418,-0.4182129
IMU,3718687555.0,1,-0.264858,-0.1715634,-0.159793,-0.1425657,0.2690574,-0.1888154
IMU,3718728294.0,1,-0.2895892,-0.1623321,-0.20365,-0.03331587,0.2846632,-0.1315469
IMU,3718770618.0,1,-0.2907433,-0.1374847,-0.2247036,-0.1220454,0.2163602,-0.2075923
IMU,3718810174.0,1,-0.2983169,-0.128537,-0.2323108,-0.1314962,0.1818396,-0.178411
IMU,3718850113.0,1,-0.3103388,-0.1278963,-0.2375652,-0.08100011,0.272784,-0.234286
IMU,3718890314.0,1,-0.3351187,-0.1187552,-0.2390541,-0.2500371,0.2529858,-0.4075181
IMU,3718930743.0,1,-0.3419723,-0.103461,-0.2414073,-0.09015081,0.2280607,-0.2664135
IMU,3718972273.0,1,-0.3394654,-0.08862281,-0.2470567,-0.2147963,0.2380797,-0.3941366
IMU,3719012244.0,1,-0.3420234,-0.04798187,-0.2602006,-0.1344582,0.1564384,-0.5977966
IMU,3719053217.0,1,-0.3435623,-0.01169595,-0.2679651,-0.1574043,0.1830811,-0.5874875
IMU,3719092730.0,1,-0.3584272,0.01452069,-0.2799041,-0.1342769,0.3020725,-0.7439926
IMU,3719133081.0,1,-0.3757694,0.04386572,-0.2849361,-0.2489334,0.2753195,-0.7229759
IMU,3719173073.0,1,-0.3775734,0.06972855,-0.2937964,-0.169075,0.1991083,-0.8816018
IMU,3719213615.0,1,-0.3734145,0.09931342,-0.3001305,-0.1759156,0.3069603,-1.009422
IMU,3719253554.0,1,-0.3633463,0.126983,-0.3017306,-0.2777559,0.2312624,-1.039644
IMU,3719293516.0,1,-0.3641604,0.1609312,-0.3096879,-0.1726123,0.3372758,-1.29523
IMU,3719334819.0,1,-0.3344157,0.199795,-0.3190198,-0.1423559,0.271124,-1.306504
IMU,3719376072.0,1,-0.2934667,0.2482815,-0.3277254,-0.1650468,0.3196929,-1.431649
IMU,3719416122.0,1,-0.2458627,0.3047505,-0.3347445,-0.1986779,0.3162687,-1.662592
IMU,3719456728.0,1,-0.1872527,0.34606,-0.3437116,-0.09084409,0.391579,-1.674798
IMU,3719495778.0,1,-0.1425615,0.3966601,-0.3424695,-0.1687414,0.3819627,-1.659361
IMU,3719535830.0,1,-0.09229092,0.4086189,-0.3442719,-0.07709654,0.4395718,-2.176871
IMU,3719578324.0,1,0.06476973,0.6507972,-0.3363322,-0.2488796,3.476999,-8.782764
IMU,3719619338.0,1,0.3568014,0.08601553,-0.2598559,0.7046837,-0.2608051,-10.42024
IMU,3719659801.0,1,0.77914,-1.578513,-0.02973053,-2.312665,2.692778,-21.90038
IMU,3719699885.0,1,1.963895,-6.515875,0.152342,-5.358506,3.35832,-44.73729
IMU,3719745751.0,1,4.128319,-8.68213,-2.414331,-158.6427,43.44473,-130.2245
IMU,3719786361.0,1,1.434423,2.810858,0.4836296,10.96329,-7.732008,-13.08032
IMU,3719826868.0,1,1.131358,-1.318658,1.765926,-0.498191,-6.426678,-3.317153
IMU,3719867302.0,1,0.8173455,-1.733431,1.174447,-0.8193695,-4.16751,-1.278035
IMU,3719906733.0,1,0.2673966,-1.441384,0.4214537,-1.578509,-1.457618,-1.002177
IMU,3719951154.0,1,-0.569951,-0.7014579,0.08525222,-2.908868,-0.003187616,-2.482664
IMU,3719990906.0,1,-1.130066,-0.1299522,0.1197979,-4.583205,1.120485,-4.743209
IMU,3720031482.0,1,-1.422832,0.1338802,0.2218719,-6.559363,2.769905,-7.123679
IMU,3720071144.0,1,-0.9759817,0.2228233,0.03300032,-7.595462,3.776475,-9.161342
IMU,3720111286.0,1,0.06818195,0.07415117,-0.2804386,-8.003516,3.721946,-11.97071
IMU,3720154378.0,1,0.54063,-0.1665383,-0.2333666,-7.155076,0.1437978,-8.57192
IMU,3720194389.0,1,0.1641731,-0.01404393,-0.03402399,-5.286311,-0.8146795,-7.630249
IMU,3720237842.0,1,-0.2314614,-0.0008468669,0.09385342,-5.165226,0.7045602,-7.693876
IMU,3720277644.0,1,-0.1413762,-0.00993999,0.06471594,-5.99202,1.699019,-7.874656
IMU,3720317582.0,1,0.03019708,-0.0526339,-0.01692956,-5.510452,1.452621,-7.842248
IMU,3720358783.0,1,0.01143145,-0.03327674,-0.03456508,-5.481424,0.800918,-7.867454
IMU,3720398837.0,1,0.0003469843,-0.03674908,-0.02102556,-6.021137,1.036282,-8.13225
IMU,3720439346.0,1,-0.00158044,-0.02557592,0.001716805,-5.954716,0.7747218,-7.859185
IMU,3720478826.0,1,-0.02262895,-0.02646007,0.01619211,-5.644639,0.9428134,-7.89521
IMU,3720519089.0,1,-0.01147279,-0.03921341,-0.001586688,-5.691278,1.172881,-7.879863
IMU,3720559347.0,1,0.0006350214,-0.03065563,-0.01810865,-5.747983,1.114734,-8.091278
IMU,3720601233.0,1,-0.00592435,-0.03479865,-0.008114896,-5.713964,0.9396535,-7.991867
IMU,3720641446.0,1,-0.005741415,-0.03441493,-0.005014466,-5.82319,1.038906,-7.749675
IMU,3720682126.0,1,-0.003259335,-0.03160076,-0.008545259,-5.760714,0.9325735,-7.831187
IMU,3720721802.0,1,-0.002291987,-0.03305389,-0.008867744,-5.780362,0.9611534,-7.91297
IMU,3720762289.0,1,-0.005356814,-0.03033476,-0.005395151,-5.714303,0.9583914,-7.929076
IMU,3720802459.0,1,-0.005710356,-0.03780131,-0.006323511,-5.748892,0.8800455,-7.985342
IMU,3720842779.0,1,-0.005617093,-0.03463377,-0.005278672,-5.760305,1.015131,-7.819795
IMU,3720883113.0,1,-0.004981279,-0.0333637,-0.01097606,-5.735771,1.062557,-7.950885
IMU,3720922807.0,1,-0.004734732,-0.03289785,-0.003071139,-5.755447,0.9731812,-8.022273
IMU,3720964014.0,1,-0.004760932,-0.03104068,-0.00454945,-5.711003,0.8789055,-7.955517
IMU,3721003569.0,1,-0.004796671,-0.0319848,-0.006565379,-5.784657,0.9447016,-7.894306
IMU,3721043857.0,1,-0.004748351,-0.03584496,-0.005045159,-5.71437,0.952585,-8.001279
IMU,3721084253.0,1,-0.006224039,-0.03070148,-0.007575622,-5.747362,0.9836387,-7.857408
IMU,3721124073.0,1,-0.01036739,-0.02902844,-0.006952087,-5.781776,0.9629865,-7.932106
IMU,3721164785.0,1,-0.004509052,-0.0357897,-0.007203178,-5.795064,0.9220756,-8.008805
IMU,3721204858.0,1,-0.005273527,-0.03193866,-0.003778619,-5.751029,1.036362,-7.867381
IMU,3721244772.0,1,-0.005337371,-0.02818048,-0.006024339,-5.773999,0.9364308,-7.997515
IMU,3721284762.0,1,-0.008443078,-0.03001462,-0.003669673,-5.662035,0.9580153,-7.885816
IMU,3721324916.0,1,-0.007493412,-0.03104339,-0.00514671,-5.739361,1.02488,-7.805876
IMU,3721366142.0,1,-0.004481259,-0.03078598,-0.006906582,-5.734103,0.9735193,-7.971022
IMU,3721406434.0,1,-0.008322184,-0.02941591,-0.005158799,-5.743061,0.9971694,-7.867371
IMU,3721446469.0,1,-0.004916871,-0.03368008,-0.005319556,-5.733801,1.084193,-7.964775
IMU,3721485768.0,1,-0.006003333,-0.03322981,-0.006562354,-5.739906,1.043799,-7.981469
IMU,3721525753.0,1,-0.005145155,-0.03412177,-0.006436592,-5.748911,0.9772013,-7.830421
IMU,3721566312.0,1,-0.005264848,-0.03633261,-0.006589268,-5.769104,1.058112,-7.825844
IMU,3721608760.0,1,-0.003866477,-0.03078198,-0.008536146,-5.700594,0.9905665,-7.95664
IMU,3721648890.0,1,-0.00598943,-0.0325017,-0.007365717,-5.789523,1.029286,-7.99533
IMU,3721688730.0,1,-0.004518797,-0.02934247,-0.002266191,-5.744835,0.9048058,-7.7968
IMU,3721728739.0,1,-0.004813481,-0.03590409,-0.008710006,-5.729676,0.9244244,-7.801717
IMU,3721770281.0,1,-0.003606343,-0.03280385,-0.009602925,-5.770295,0.9412817,-7.952176
IMU,3721810455.0,1,-0.003893442,-0.03107699,-0.006855057,-5.778821,0.9001142,-7.846015
IMU,3721850281.0,1,-0.005385362,-0.0292646,-0.005092001,-5.783641,0.9884913,-7.849098
IMU,3717917907.0,2,0.1315413,0.06176218,-0.8781896,-0.9119696,-1.188157,-11.83399
IMU,3717959741.0,2,0.1607342,0.1779643,-0.8340988,-0.9523635,1.59203,-10.20404
IMU,3717999608.0,2,0.2228906,0.1229281,-0.699731,-0.6285957,-0.3047093,-10.72365
IMU,3718040272.0,2,0.2334026,0.08089871,-0.596993,0.1708312,-1.302314,-10.79974
IMU,3718079782.0,2,0.2466852,0.1352277,-0.5394009,-0.5378277,0.03182362,-11.21564
IMU,3718120577.0,2,0.1625767,0.1631042,-0.469054,-0.2591292,0.8930498,-9.715722
IMU,3718163070.0,2,0.2416728,0.1337302,-0.3454141,-0.601321,-0.3551555,-10.91763
IMU,3718203092.0,2,0.1414661,0.05701939,-0.2790424,-0.2452569,-0.655315,-9.583699
IMU,3718243635.0,2,0.05534489,0.05114751,-0.2248864,-0.5710169,0.7713742,-10.07198
IMU,3718283059.0,2,0.03626668,0.05459411,-0.1585654,-0.3707224,0.6047043,-10.09579
IMU,3718323531.0,2,0.03238065,0.05208238,-0.09978884,-0.167363,0.6119776,-8.159223
IMU,3718365844.0,2,0.0826095,0.01338422,-0.004845046,-0.6654035,-0.3896335,-9.539386
IMU,3718406247.0,2,0.03301375,-0.01205216,0.04190182,-0.1445195,-0.0475309,-10.38073
IMU,3718446322.0,2,0.05252907,-0.02306993,0.09158162,-0.1823111,-0.1853377,-9.440228
IMU,3718486265.0,2,0.06844149,-0.03629968,0.1255759,-0.277751,-0.6720436,-9.092222
IMU,3718525630.0,2,-0.1215585,-0.02336498,0.141264,-0.7617243,-0.736728,-8.753138
IMU,3718566264.0,2,-0.1974326,-0.1472795,0.1168528,0.2011118,-0.7142051,-3.27741
IMU,3718607241.0,2,-0.2472568,-0.1876223,-0.01922731,-0.1107764,-0.5057842,-0.926721
IMU,3718647568.0,2,-0.2495929,-0.1842998,-0.108558,-0.1004351,0.06355204,-0.401337
IMU,3718687555.0,2,-0.2523752,-0.1387963,-0.1642513,-0.08550373,0.02838683,-0.3093102
IMU,3718728294.0,2,-0.2728442,-0.1299129,-0.2058218,-0.06367542,-0.0103178,-0.2254002
IMU,3718770618.0,2,-0.280669,-0.1070858,-0.2288585,-0.1200021,-0.008495424,-0.2237626
IMU,3718810174.0,2,-0.2863578,-0.09735397,-0.2380104,-0.09553166,0.02252851,-0.2198158
IMU,3718850113.0,2,-0.305824,-0.09920181,-0.2397335,-0.1031241,-0.01038182,-0.2573927
IMU,3718890314.0,2,-0.3285978,-0.08360469,-0.2420619,-0.12007,-0.01037212,-0.3787105
IMU,3718930743.0,2,-0.3311369,-0.06936861,-0.2453351,-0.1066662,0.006544778,-0.3916996
IMU,3718972273.0,2,-0.3257674,-0.05751574,-0.2536348,-0.1117678,0.005369181,-0.4475258
IMU,3719012244.0,2,-0.3276673,-0.01401593,-0.2613715,-0.1069733,-8.290397e-05,-0.5343629
IMU,3719053217.0,2,-0.3313631,0.02593262,-0.2718456,-0.1207764,0.01430883,-0.6726453
IMU,3719092730.0,2,-0.3456042,0.05332083,-0.2825627,-0.1132108,0.01626579,-0.7602195
IMU,3719133081.0,2,-0.35875,0.08285062,-0.288976,-0.1204157,0.04263164,-0.8539215
IMU,3719173073.0,2,-0.3618201,0.1136389,-0.2948938,-0.1206084,0.03032435,-0.9345771
IMU,3719213615.0,2,-0.3573475,0.1473637,-0.3064267,-0.1313715,0.0365219,-1.02879
IMU,3719253554.0,2,-0.3504293,0.1839329,-0.3105082,-0.1143694,0.04678573,-1.17783
IMU,3719293516.0,2,-0.3431154,0.2205222,-0.3167382,-0.1138579,0.0634499,-1.272551
IMU,3719334819.0,2,-0.3157056,0.2686166,-0.3254371,-0.1115553,0.09735922,-1.357305
IMU,3719376072.0,2,-0.2712225,0.3266124,-0.339697,-0.1138971,0.1208106,-1.485922
IMU,3719416122.0,2,-0.2220713,0.3797638,-0.3502144,-0.1035753,0.1418368,-1.629656
IMU,3719456728.0,2,-0.1581645,0.4216742,-0.3602711,-0.09565741,0.1557404,-1.741755
IMU,3719495778.0,2,-0.1207298,0.4707658,-0.3591628,-0.07755288,0.1199686,-1.801691
IMU,3719535830.0,2,-0.06589708,0.481457,-0.3659867,-0.0440422,0.1435039,-2.081392
IMU,3719578324.0,2,0.1723619,0.7415011,-0.3494765,-0.3154077,1.712875,-8.464917
IMU,3719619338.0,2,0.4021626,0.02459434,-0.3002639,-0.2122249,0.2708499,-9.005797
IMU,3719659801.0,2,0.711251,-1.628148,-0.06613982,-1.216422,3.118661,-21.04594
IMU,3719699885.0,2,1.98402,-6.82497,0.1534583,-7.07527,4.831228,-42.16725
IMU,3719745751.0,2,3.743264,-7.698697,-1.928959,-102.1446,36.04861,-91.76186
IMU,3719786361.0,2,1.582252,2.039474,0.4972069,2.887478,-8.336008,-15.06224
IMU,3719826868.0,2,1.089255,-1.369268,1.842923,-0.6552743,-6.270843,-3.301669
IMU,3719867302.0,2,0.7370326,-1.810893,1.163792,-1.220819,-4.905496,-1.276505
IMU,3719906733.0,2,0.2474495,-1.424163,0.4446957,-1.466146,-1.861193,-1.362507
IMU,3719951154.0,2,-0.5939757,-0.6589099,0.1255778,-2.29865,-0.01824029,-3.06548
IMU,3719990906.0,2,-1.137339,-0.09115926,0.195337,-4.462961,1.239215,-4.801509
IMU,3720031482.0,2,-1.432432,0.2051993,0.3320649,-6.376767,2.541032,-7.060871
IMU,3720071144.0,2,-0.9691231,0.3057036,0.07822616,-7.510642,3.416101,-8.974292
IMU,3720111286.0,2,0.1543198,0.09783982,-0.3137478,-7.944606,3.347833,-11.41843
IMU,3720154378.0,2,0.570874,-0.1436421,-0.2714721,-7.317251,0.2646556,-8.721195
IMU,3720194389.0,2,0.1813378,0.0222801,-0.0402506,-5.447957,-0.7571248,-7.583385
IMU,3720237842.0,2,-0.237433,0.03192509,0.1234407,-5.180531,0.6047938,-7.679645
IMU,3720277644.0,2,-0.124989,0.01862461,0.06581743,-5.967555,1.505418,-7.909956
IMU,3720317582.0,2,0.0607459,-0.01325926,-0.02675458,-5.610187,1.358634,-7.755546
IMU,3720358783.0,2,0.02920335,0.0003863146,-0.03379729,-5.483067,0.6547703,-7.729175
IMU,3720398837.0,2,0.01363514,-0.0005864775,-0.01555998,-5.999259,0.9256029,-8.106745
IMU,3720439346.0,2,0.004460987,0.009035592,0.0005306687,-5.948532,0.7282428,-7.989947
IMU,3720478826.0,2,-0.01931587,0.004291122,0.01264634,-5.642195,0.8931351,-7.82972
IMU,3720519089.0,2,-0.003697901,0.000117207,-0.001235164,-5.721776,1.003149,-7.802772
IMU,3720559347.0,2,0.01176556,0.002999238,-0.01398661,-5.793773,0.8936035,-7.90263
IMU,3720601233.0,2,-0.004608284,-0.001928119,-0.00267401,-5.768433,0.8524017,-7.915761
IMU,3720641446.0,2,-0.003458355,-0.0009620315,-0.003087695,-5.776857,0.9245127,-7.881703
IMU,3720682126.0,2,0.003783546,0.0007762397,-0.004944521,-5.757735,0.9051089,-7.840218
IMU,3720721802.0,2,0.005238472,0.001897826,-0.005981889,-5.778958,0.8947067,-7.877108
IMU,3720762289.0,2,-0.002745166,0.003686167,-0.00234803,-5.772452,0.853752,-7.897925
IMU,3720802459.0,2,-0.006156954,0.0006860797,0.001603031,-5.79103,0.8974105,-7.891732
IMU,3720842779.0,2,0.001381213,0.002114932,-0.003971789,-5.745429,0.9080793,-7.849638
IMU,3720883113.0,2,0.001915728,-0.0006301528,-0.004872769,-5.759692,0.8921193,-7.873456
IMU,3720922807.0,2,0.0005904814,0.001661928,-0.003759706,-5.783962,0.881234,-7.897265
IMU,3720964014.0,2,-0.0015355,0.001225002,-0.001466112,-5.762409,0.875922,-7.885927
IMU,3721003569.0,2,-0.002062575,0.0006722973,-0.002749223,-5.771988,0.895486,-7.880263
IMU,3721043857.0,2,-0.00118575,0.0007299837,-0.003338475,-5.754895,0.8947244,-7.886452
IMU,3721084253.0,2,0.001123385,0.0009924929,-0.004328493,-5.75376,0.8790501,-7.871471
IMU,3721124073.0,2,-8.360557e-05,0.0004772675,-0.00106353,-5.765678,0.8922734,-7.90383
IMU,3721164785.0,2,-3.468115e-05,-0.00033146,-0.003176128,-5.762442,0.8989604,-7.876575
IMU,3721204858.0,2,0.000586901,0.000802861,-0.004892807,-5.762457,0.8930836,-7.87095
IMU,3721244772.0,2,-0.001746107,0.003533055,-0.002176374,-5.78256,0.8921462,-7.873558
IMU,3721284762.0,2,-0.001101725,0.002015632,-0.001660744,-5.754631,0.8926261,-7.879372
IMU,3721324916.0,2,-0.001527267,0.001910527,-0.00222969,-5.75809,0.910287,-7.862041
IMU,3721366142.0,2,0.002455278,0.0003642952,-0.004229189,-5.776525,0.8914174,-7.882298
IMU,3721406434.0,2,0.0004336334,0.002300528,-0.003156022,-5.762977,0.8910586,-7.865437
IMU,3721446469.0,2,-0.001557466,0.00202179,-0.002803531,-5.760267,0.8843022,-7.868957
IMU,3721485768.0,2,-0.001452538,0.002063517,-0.001777149,-5.753424,0.893623,-7.872408
IMU,3721525753.0,2,-6.290561e-05,0.002614957,-0.00324987,-5.760077,0.8923412,-7.905019
IMU,3721566312.0,2,0.0005102004,0.0008225592,-0.003693427,-5.763535,0.8953951,-7.885829
IMU,3721608760.0,2,-0.0001196074,0.0004593508,-0.004086514,-5.76251,0.8849055,-7.888466
IMU,3721648890.0,2,-0.00116416,0.001442156,-0.003760462,-5.771742,0.8923129,-7.875794
IMU,3721688730.0,2,-0.0007551707,0.001914189,-0.002147063,-5.770559,0.8902771,-7.870537
IMU,3721728739.0,2,0.0004225082,0.001981504,-0.003243199,-5.772626,0.8914005,-7.873689
IMU,3721770281.0,2,-0.0001821337,0.0007870776,-0.004142247,-5.761278,0.8864725,-7.887989
IMU,3721810455.0,2,-0.0006545745,0.0008649791,-0.003712259,-5.77147,0.8939384,-7.888391
IMU,3721850281.0,2,-0.0008766286,0.0007591948,-0.002363114,-5.758361,0.8978134,-7.87619
