ARM,1571199185.0,0.0
AHR2,1570304374.0,-0.07,-0.11,145.75,464.13,43.2382542,-7.6817954
AHR2,1570409695.0,0.06,0.12,146.42,463.9,43.2382522,-7.6817947
AHR2,1570511160.0,-0.31,-0.12,146.76,463.89,43.2382505,-7.6817937
AHR2,1570612867.0,-1.0,-0.04,146.88,463.63,43.2382503,-7.6817931
AHR2,1570715658.0,-1.07,0.24,147.04,463.46,43.2382489,-7.6817921
AHR2,1570818606.0,-1.24,0.86,147.18,463.55,43.2382464,-7.6817908
AHR2,1570919892.0,-0.99,2.07,147.1,463.54,43.2382446,-7.6817899
AHR2,1571022761.0,-1.0,3.31,146.94,463.52,43.2382439,-7.6817887
AHR2,1571124236.0,-1.43,4.21,146.78,463.4,43.2382425,-7.6817878
AHR2,1571227240.0,-1.96,4.62,146.58,463.67,43.238242,-7.6817871
AHR2,1571327405.0,-1.97,3.74,145.98,463.31,43.2382408,-7.6817863
AHR2,1571429079.0,-1.72,2.41,144.44,463.22,43.23824,-7.6817851
AHR2,1571528983.0,-1.37,1.05,142.69,463.26,43.2382388,-7.6817842
AHR2,1571630111.0,-0.88,-0.07,140.92,463.19,43.2382383,-7.6817841
AHR2,1571730200.0,-0.48,-0.99,139.18,463.05,43.2382372,-7.6817834
AHR2,1571831400.0,-0.19,-1.96,137.42,462.99,43.2382354,-7.6817826
AHR2,1571931711.0,-0.2,-3.04,135.61,462.67,43.2382341,-7.681782
AHR2,1572033230.0,-1.72,-3.53,133.88,462.18,43.2382333,-7.6817812
AHR2,1572133887.0,-9.51,1.75,132.44,461.35,43.2382321,-7.6817805
AHR2,1572235808.0,-1.04,3.94,131.48,458.74,43.2382316,-7.6817799
AHR2,1572336105.0,3.96,8.96,122.29,459.48,43.2382305,-7.6817793
AHR2,1572436173.0,-7.52,0.2,120.43,459.84,43.2382268,-7.6817841
AHR2,1572536827.0,-7.51,-0.05,120.76,459.81,43.238225,-7.6817854
AHR2,1572637385.0,-7.81,-0.67,120.79,459.69,43.2382288,-7.6817823
AHR2,1572737629.0,-7.87,-0.77,120.78,459.82,43.2382289,-7.6817821
AHR2,1572837594.0,-7.78,-0.79,120.74,459.88,43.2382292,-7.6817827
AHR2,1572937418.0,-7.69,-0.82,120.71,459.73,43.2382293,-7.6817829
AHR2,1573037913.0,-7.58,-0.84,120.67,459.77,43.2382292,-7.6817827
AHR2,1573138413.0,-7.47,-0.85,120.63,459.86,43.2382291,-7.6817827
AHR2,1573238446.0,-7.37,-0.86,120.59,459.78,43.2382296,-7.6817827
AHR2,1573338385.0,-7.27,-0.88,120.55,459.85,43.2382297,-7.6817828
AHR2,1573439682.0,-7.18,-0.89,120.51,459.76,43.23823,-7.6817829
AHR2,1573539547.0,-7.08,-0.9,120.47,459.75,43.23823,-7.681783
AHR2,1573641073.0,-6.98,-0.91,120.43,459.82,43.2382303,-7.6817829
AHR2,1573740979.0,-6.89,-0.92,120.39,459.84,43.2382303,-7.6817829
AHR2,1573842108.0,-6.8,-0.93,120.35,459.77,43.2382305,-7.6817831
AHR2,1573941988.0,-6.72,-0.94,120.31,459.77,43.2382306,-7.6817831
AHR2,1574043171.0,-6.63,-0.95,120.27,459.86,43.2382307,-7.6817832
ATT,1570303800.0,-0.7845982,-0.1457011,-1.455423,-0.004096086,151.579,150.4019
ATT,1570409084.0,-0.8660106,0.01574809,-1.242743,0.219611,151.5784,151.1389
ATT,1570510578.0,-1.197526,-0.5681162,-0.7464389,-0.02150266,151.5768,151.5217
ATT,1570612150.0,-1.445002,-1.455646,-0.01578949,0.07397404,151.5692,151.6862
ATT,1570715108.0,-1.481589,-1.386873,0.7442396,0.3192595,151.5594,151.9169
ATT,1570817988.0,-1.405214,-1.50477,1.545782,0.9857301,151.5501,152.1171
ATT,1570919187.0,-1.631893,-1.333156,2.556184,2.400321,151.5326,152.0649
ATT,1571022107.0,-1.892874,-1.304026,3.579426,3.628352,151.5099,151.9531
ATT,1571123611.0,-1.987868,-1.591964,4.483062,4.346495,151.4912,151.8549
ATT,1571226785.0,-1.717892,-2.022358,5.070321,4.653721,151.7504,151.7201
ATT,1571326850.0,-0.8770739,-1.972067,2.638904,3.729401,151.2092,151.1798
ATT,1571428443.0,-0.4424856,-1.737652,1.331325,2.423296,149.7181,149.6922
ATT,1571528396.0,-0.2259085,-1.448539,0.6797011,1.147193,148.0273,148.0057
ATT,1571629470.0,-0.1145268,-0.9936833,0.3445817,0.08547213,146.3118,146.297
ATT,1571729582.0,-0.05847062,-0.3944838,0.1759233,-0.8044395,144.6168,144.6109
ATT,1571830846.0,-0.02964449,0.05433724,0.08919369,-1.740793,142.8773,142.8781
ATT,1571931119.0,-0.01509214,0.1664566,0.0454092,-2.795104,141.0718,141.0743
ATT,1572032464.0,-0.007636902,-1.291974,0.02297734,-3.270116,139.3488,139.3295
ATT,1572133193.0,-0.003887345,-9.057511,0.01169532,1.964337,137.9503,137.8158
ATT,1572235152.0,-0.001957352,-0.6693762,0.005888706,4.368001,137.0277,137.0177
ATT,1572335490.0,-0.0009963681,4.108337,0.002997921,9.790358,127.9275,127.9896
ATT,1572435619.0,-0.000506875,-8.122524,0.001523843,0.4814771,126.0206,125.8999
ATT,1572536031.0,-0.0002587801,-9.01772,0.0007779426,-0.7012215,126.279,126.1452
ATT,1572636628.0,-0.0001316806,-9.959855,0.0003961477,-1.937145,126.3772,126.2294
ATT,1572737098.0,-0.0001288118,-10.06411,0.0003878144,-2.009771,126.3819,126.2325
ATT,1572836997.0,-0.0001264974,-10.03438,0.0003809423,-2.007635,126.3565,126.2076
ATT,1572936869.0,-0.0001243335,-10.01904,0.0003743991,-2.010277,126.332,126.1833
ATT,1573037385.0,-0.0001243335,-10.00071,0.0003743991,-2.007339,126.3058,126.1574
ATT,1573137675.0,-0.0001218941,-9.981845,0.0003668946,-1.998347,126.269,126.1209
ATT,1573237893.0,-0.0001194798,-9.962771,0.0003598599,-1.987304,126.223,126.0751
ATT,1573337839.0,-0.0001194798,-9.940042,0.0003598599,-1.980654,126.1753,126.0278
ATT,1573439091.0,-0.0001126071,-9.920854,0.0003390255,-1.94821,126.0911,125.9439
ATT,1573538944.0,-0.0001126072,-9.882577,0.0003390257,-1.921124,125.9982,125.8515
ATT,1573640365.0,-0.0001079287,-9.851418,0.0003252604,-1.894091,125.9183,125.772
ATT,1573740399.0,-0.0001079287,-9.802628,0.0003252604,-1.851212,125.7997,125.6543
ATT,1573841432.0,-0.0001036491,-9.746111,0.0003121289,-1.801218,125.6639,125.5193
ATT,1573941384.0,-0.0001036491,-9.696721,0.000312129,-1.758113,125.5511,125.4072
ATT,1574042623.0,-0.0001036491,-9.644298,0.000312129,-1.717958,125.4435,125.3003
BARO,1570278827.0,0,2.463379,463.8334,96949.38
BARO,1570382106.0,0,2.231689,463.6017,96951.91
BARO,1570483382.0,0,2.220367,463.5904,96952.02
BARO,1570584790.0,0,1.968903,463.3389,96954.76
BARO,1570687606.0,0,1.796509,463.1665,96956.63
BARO,1570790958.0,0,1.881287,463.2513,96955.71
BARO,1570892436.0,0,1.869995,463.24,96955.84
BARO,1570994658.0,0,1.855865,463.2259,96956.0
BARO,1571095838.0,0,1.731537,463.1015,96957.34
BARO,1571199485.0,0,2.005615,463.3756,96954.38
BARO,1571299201.0,0,1.646759,463.0168,96958.24
BARO,1571401198.0,0,1.559174,462.9292,96959.2
BARO,1571500834.0,0,1.595886,462.9659,96958.82
BARO,1571600914.0,0,1.52243,462.8924,96959.6
BARO,1571702090.0,0,1.383972,462.754,96961.11
BARO,1571803142.0,0,1.327454,462.6974,96961.73
BARO,1571903349.0,0,1.00531,462.3753,96965.23
BARO,1572005153.0,0,0.5108032,461.8808,96970.58
BARO,1572105147.0,0,-0.3199463,461.05,96979.59
BARO,1572207379.0,0,-2.925262,458.4447,97007.91
BARO,1572308356.0,0,-2.184906,459.1851,96999.86
BARO,1572408602.0,0,-1.82605,459.5439,96995.97
BARO,1572508478.0,0,-1.859955,459.51,96996.32
BARO,1572609615.0,0,-1.970154,459.3998,96997.53
BARO,1572709363.0,0,-1.840179,459.5298,96996.1
BARO,1572809844.0,0,-1.789307,459.5807,96995.56
BARO,1572909752.0,0,-1.933441,459.4366,96997.13
BARO,1573009803.0,0,-1.891052,459.4789,96996.68
BARO,1573110105.0,0,-1.809113,459.5609,96995.77
BARO,1573210799.0,0,-1.882568,459.4874,96996.56
BARO,1573310690.0,0,-1.817566,459.5524,96995.86
BARO,1573412176.0,0,-1.905182,459.4648,96996.83
BARO,1573511544.0,0,-1.919312,459.4507,96996.98
BARO,1573612929.0,0,-1.848663,459.5213,96996.21
BARO,1573713481.0,0,-1.823212,459.5468,96995.95
BARO,1573814185.0,0,-1.899536,459.4705,96996.77
BARO,1573913995.0,0,-1.89386,459.4761,96996.71
BARO,1574014668.0,0,-1.800629,459.5694,96995.68
BARO,1570278827.0,1,2.567932,463.9379,96930.45
BARO,1570382106.0,1,2.259949,463.6299,96933.8
BARO,1570483382.0,1,1.819122,463.1891,96938.58
BARO,1570584790.0,1,1.929321,463.2993,96937.39
BARO,1570687606.0,1,1.759796,463.1298,96939.21
BARO,1570790958.0,1,1.451782,462.8218,96942.55
BARO,1570892436.0,1,1.646759,463.0168,96940.45
BARO,1570994658.0,1,1.926514,463.2965,96937.41
BARO,1571095838.0,1,1.844543,463.2145,96938.31
BARO,1571199485.0,1,1.827606,463.1976,96938.49
BARO,1571299201.0,1,1.765442,463.1354,96939.17
BARO,1571401198.0,1,1.807831,463.1778,96938.7
BARO,1571500834.0,1,1.765442,463.1354,96939.15
BARO,1571600914.0,1,1.895416,463.2654,96937.77
BARO,1571702090.0,1,1.720215,463.0902,96939.64
BARO,1571803142.0,1,1.488525,462.8585,96942.17
BARO,1571903349.0,1,1.16922,462.5392,96945.64
BARO,1572005153.0,1,0.6775208,462.0475,96950.97
BARO,1572105147.0,1,-0.07977295,461.2902,96959.2
BARO,1572207379.0,1,-11.9393,449.4307,97088.01
BARO,1572308356.0,1,-2.151001,459.219,96981.66
BARO,1572408602.0,1,-1.820404,459.5496,96978.08
BARO,1572508478.0,1,-1.834534,459.5355,96978.23
BARO,1572609615.0,1,-1.806274,459.5637,96977.94
BARO,1572709363.0,1,-1.639557,459.7304,96976.11
BARO,1572809844.0,1,-2.032318,459.3377,96980.4
BARO,1572909752.0,1,-1.992767,459.3772,96979.95
BARO,1573009803.0,1,-1.834534,459.5355,96978.25
BARO,1573110105.0,1,-1.89386,459.4761,96978.88
BARO,1573210799.0,1,-1.769531,459.6005,96977.53
BARO,1573310690.0,1,-1.814758,459.5552,96978.03
BARO,1573412176.0,1,-1.840179,459.5298,96978.3
BARO,1573511544.0,1,-1.794983,459.575,96977.8
BARO,1573612929.0,1,-1.905182,459.4648,96979.02
BARO,1573713481.0,1,-1.828888,459.5411,96978.17
BARO,1573814185.0,1,-1.848663,459.5213,96978.39
BARO,1573913995.0,1,-1.749756,459.6202,96977.33
BARO,1574014668.0,1,-1.828888,459.5411,96978.17
GPS,1570365446.0,4,22,43.2382548,-7.6817961,465.31,1.985,-0.214,0.0
GPS,1570609823.0,4,22,43.2382519,-7.6817942,465.38,1.731,-0.206,0.0
GPS,1570777444.0,4,23,43.238249,-7.6817922,465.44,2.015,-0.277,0.0
GPS,1570963889.0,4,23,43.2382462,-7.6817903,465.5,1.674,-0.137,0.0
GPS,1571168164.0,4,23,43.2382439,-7.6817885,465.56,1.432,-0.138,0.0
GPS,1571369897.0,4,22,43.2382419,-7.6817866,465.57,1.447,0.1,0.0
GPS,1571611189.0,4,22,43.2382398,-7.681785,465.31,1.358,2.67,0.0
GPS,1571772155.0,4,22,43.2382376,-7.6817836,464.61,1.519,4.49,0.0
GPS,1571973983.0,4,22,43.2382353,-7.6817823,463.54,1.435,6.28,0.0
GPS,1572178562.0,4,23,43.2382334,-7.681781,462.22,1.296,7.409,0.0
GPS,1572361073.0,4,23,43.2382304,-7.6817817,461.45,2.347,0.476,0.0
GPS,1572601493.0,4,22,43.2382288,-7.6817826,461.44,0.193,-0.184,0.0
GPS,1572762171.0,4,23,43.2382291,-7.6817825,461.52,0.142,-0.282,0.0
GPS,1572982334.0,4,23,43.2382292,-7.6817826,461.58,0.072,-0.229,0.0
GPS,1573163084.0,4,23,43.2382295,-7.6817827,461.64,0.112,-0.208,0.0
GPS,1573363120.0,4,23,43.23823,-7.6817828,461.69,0.074,-0.103,0.0
GPS,1573604485.0,4,23,43.2382303,-7.6817829,461.74,0.034,-0.164,0.0
GPS,1573765793.0,4,22,43.2382305,-7.6817831,461.8,0.058,-0.06,0.0
GPS,1573966907.0,4,22,43.2382307,-7.6817832,461.89,0.037,-0.142,0.0
IMU,1570212919.0,0,0.1770465,-0.02359106,0.04403356,0.2511691,-0.1868144,-10.0941
IMU,1570253944.0,0,0.09239987,-0.008506496,0.1615961,-0.08172224,0.7329116,-9.987452
IMU,1570294186.0,0,0.1137514,0.05504411,0.175963,-0.3209871,1.422617,-9.693736
IMU,1570335184.0,0,0.05521179,0.05283148,0.07126948,-0.2196736,0.8839352,-10.23559
IMU,1570376762.0,0,0.02081946,0.1323702,0.05540495,0.1015559,0.05592325,-9.295461
IMU,1570416840.0,0,-0.09568503,0.06459023,0.07578132,0.01888774,-0.6521065,-9.372121
IMU,1570458120.0,0,-0.1413254,-0.1024406,0.1697534,-1.105667,-0.337395,-9.452471
IMU,1570498572.0,0,-0.1522297,-0.08063238,0.03185598,-0.1394431,1.429193,-9.940749
IMU,1570539429.0,0,-0.0349353,-0.01594319,0.03893843,0.7874199,1.331836,-9.815308
IMU,1570579931.0,0,-0.1886356,-0.03119737,0.1118265,-0.9353873,-0.2588677,-8.882999
IMU,1570623415.0,0,-0.1170261,0.06373148,0.09325727,-0.2970185,0.2892127,-9.464202
IMU,1570664893.0,0,-0.07557137,0.05642722,0.08188349,-0.6872185,-0.6682611,-9.391005
IMU,1570705202.0,0,0.09442709,0.07511653,-0.06450048,0.4973161,1.118431,-11.13748
IMU,1570748993.0,0,-0.004706965,0.0587275,0.02545526,-0.8532906,0.3442114,-10.61299
IMU,1570791124.0,0,0.1167062,0.1225227,0.0311453,-0.2241229,1.471529,-9.262242
IMU,1570830461.0,0,-0.002873484,0.1522829,0.08182529,-1.070374,-1.168817,-8.480812
IMU,1570871899.0,0,0.00978057,0.2549987,-0.01038187,-0.1685532,-0.3840857,-10.26563
IMU,1570912393.0,0,-0.05028345,0.2947499,0.004001269,0.01572658,1.0238,-9.957302
IMU,1570953411.0,0,-0.1027037,0.2154641,0.09507933,-0.8763916,-0.8547878,-8.363352
IMU,1570994934.0,0,-0.09495925,0.2281668,-0.04348427,-0.006286912,-0.5107014,-10.14167
IMU,1571034449.0,0,0.02951445,0.1883018,-0.00335402,0.2836326,1.164689,-9.796323
IMU,1571075591.0,0,-0.1204923,0.1483794,-0.002234278,-0.5108107,-0.3064669,-9.005061
IMU,1571115661.0,0,-0.02525195,0.1491401,-0.0407883,-0.1944623,-0.9893572,-9.954446
IMU,1571157910.0,0,-0.07003222,0.03107855,0.03617131,-0.03661667,0.7160644,-9.809789
IMU,1571199664.0,0,0.01486849,0.04710991,-0.1327969,1.078224,1.359176,-10.97349
IMU,1571239995.0,0,-0.1309483,-0.00186689,0.01754644,-0.580206,-0.6017177,-4.174721
IMU,1571279110.0,0,0.001543701,-0.1455155,-0.08148907,0.3609689,-0.2276837,-1.262246
IMU,1571319158.0,0,0.02047972,-0.1938633,-0.1617511,0.09375631,0.1375551,-0.4371478
IMU,1571359935.0,0,0.04547947,-0.2140125,-0.2223713,-0.0164436,-0.01202004,-0.135503
IMU,1571401439.0,0,0.05263502,-0.2078748,-0.2773117,-0.01402185,0.04022127,-0.1671429
IMU,1571440909.0,0,0.05715001,-0.2194639,-0.2935703,0.003518474,0.01612367,-0.2058921
IMU,1571480861.0,0,0.05542003,-0.2162454,-0.2950412,-0.01267776,0.06992844,-0.2162884
IMU,1571521160.0,0,0.06856848,-0.2077226,-0.296776,-0.0222885,0.07113444,-0.305506
IMU,1571561390.0,0,0.08364301,-0.1909507,-0.2966914,-0.03887787,0.05305993,-0.3463474
IMU,1571601428.0,0,0.08124872,-0.1726659,-0.2934954,-0.06729112,0.07698592,-0.4000674
IMU,1571642091.0,0,0.09258833,-0.154181,-0.2921239,-0.0538559,0.09587954,-0.4844442
IMU,1571682594.0,0,0.1075955,-0.1527462,-0.2902793,-0.04955374,0.08624548,-0.5919572
IMU,1571721963.0,0,0.1027902,-0.1506105,-0.2875612,-0.05252701,0.07716937,-0.7242195
IMU,1571762482.0,0,0.09277973,-0.1516906,-0.2851035,-0.03370009,0.02386459,-0.9052855
IMU,1571803377.0,0,0.06577203,-0.1639633,-0.2923142,-0.009878411,0.02451962,-1.051273
IMU,1571844154.0,0,0.02387437,-0.1766564,-0.3024862,-1.892279e-06,0.02703546,-1.207426
IMU,1571883608.0,0,-0.0003038483,-0.1839459,-0.3060725,-0.016826,0.01633273,-1.24742
IMU,1571923238.0,0,0.005776189,-0.1871203,-0.3020509,-0.01624991,0.05718988,-1.3632
IMU,1571963646.0,0,-0.002309788,-0.1964241,-0.2979482,-0.0008924814,0.0646714,-1.465236
IMU,1572005377.0,0,-0.1883843,-0.09838227,-0.2932006,-0.007397678,-0.5516204,-2.132015
IMU,1572045581.0,0,-1.337738,0.1930587,-0.2131197,-1.232837,0.9429249,-3.993162
IMU,1572084982.0,0,-1.695581,0.4803237,0.04261256,-0.2089795,0.01538859,-5.499597
IMU,1572125000.0,0,4.667317,4.122644,-1.386862,-59.2118,45.14971,-81.63926
IMU,1572165754.0,0,-0.1598061,0.932509,0.5827087,2.644163,-3.429114,-2.801709
IMU,1572207519.0,0,1.911193,-0.2239653,-0.196859,1.302101,-1.903145,4.884824
IMU,1572247963.0,0,2.59296,-0.04866624,-1.066154,1.823374,-3.692419,-0.09385468
IMU,1572287611.0,0,1.053504,1.094113,-1.75094,1.699934,-3.688777,-1.049084
IMU,1572327593.0,0,0.262781,1.030091,-1.668153,2.747912,-2.386159,-3.468415
IMU,1572368918.0,0,-1.095573,-0.6445307,-0.8738725,9.666038,-9.069322,-11.86359
IMU,1572408801.0,0,-2.74762,-2.274163,-0.06020636,3.903997,0.03844893,-9.892715
IMU,1572448080.0,0,-2.979261,-2.898457,-0.1243303,2.423275,1.770443,-11.28033
IMU,1572487967.0,0,1.403928,1.09771,-0.257877,-4.318531,3.6554,-12.72895
IMU,1572528078.0,0,-0.08713538,0.3637196,0.2697508,-0.4729258,-0.4164246,-8.027966
IMU,1572568471.0,0,-0.2359309,-0.3554184,-0.01232758,0.369501,-0.6409458,-8.376945
IMU,1572612086.0,0,-0.1666329,-0.3429934,-0.07062542,-0.8048274,1.780298,-12.10056
IMU,1572651970.0,0,-0.06237466,0.05193339,0.05355534,0.1076171,0.4232289,-9.446773
IMU,1572691959.0,0,0.0667128,0.02481543,-0.006433232,0.01831666,0.4590471,-9.989397
IMU,1572732160.0,0,-0.02996952,-0.01122775,-0.000391035,-0.2066523,0.418276,-9.927484
IMU,1572772576.0,0,0.0107448,-0.007952593,-0.005840842,0.04390417,0.6555982,-9.994674
IMU,1572811908.0,0,-0.00425522,-0.007784095,0.001722303,-0.1219205,0.3983569,-9.740272
IMU,1572851665.0,0,-0.008764264,-0.0003240378,0.001875908,0.07931415,0.4951797,-9.885094
IMU,1572892118.0,0,0.002401073,-0.0007611348,0.0009765577,-0.04842698,0.5245512,-9.777979
IMU,1572932107.0,0,-0.001115958,-0.001582382,0.0009340201,-0.05080735,0.5189091,-9.77397
IMU,1572972128.0,0,0.001612924,-0.0034427,0.001043492,-0.02950557,0.4651857,-9.783235
IMU,1573012391.0,0,-0.001771564,0.001161324,0.002988833,-0.02391626,0.4844716,-9.839582
IMU,1573052468.0,0,-0.004356544,-0.001747587,0.002518234,-0.007357686,0.4893128,-9.760298
IMU,1573092805.0,0,-0.002045837,8.594715e-05,0.001176573,-0.05300841,0.4724637,-9.816687
IMU,1573132357.0,0,-0.0006071044,4.555084e-05,0.001305498,0.01001738,0.4852088,-9.786322
IMU,1573175147.0,0,-0.005322097,0.0003123356,0.002473473,-0.02811426,0.5000185,-9.80038
IMU,1573215192.0,0,-0.0008075973,-0.003117303,0.001143815,-0.02474559,0.4925527,-9.780974
IMU,1573255376.0,0,-0.001539046,-0.002599887,0.001406711,-0.003201223,0.4791471,-9.788228
IMU,1573295647.0,0,-0.0001178613,-0.002401511,0.0009778129,-0.01031914,0.4801547,-9.798829
IMU,1573335672.0,0,-0.001587786,-0.001873358,0.002929944,-0.04296128,0.4700551,-9.772887
IMU,1573376941.0,0,-0.005605797,0.0002010288,0.002148608,-0.001675201,0.4926371,-9.776711
IMU,1573416978.0,0,-0.004597532,-0.001462533,0.003029384,-0.03130492,0.4629107,-9.782894
IMU,1573459667.0,0,-0.002569172,-0.001508969,0.00194361,-0.004895675,0.5069685,-9.767361
IMU,1573498965.0,0,-0.002738386,-0.0009014684,0.0018456,-0.02275566,0.4686949,-9.765848
IMU,1573541458.0,0,-0.001651022,-0.001506057,0.001863952,-0.02274839,0.4683457,-9.802691
IMU,1573581974.0,0,-0.002638819,1.48782e-05,0.001430138,-0.02044973,0.4903495,-9.794626
IMU,1573623393.0,0,-0.002553809,-0.001693215,0.002076892,-0.02631608,0.4867634,-9.787728
IMU,1573662855.0,0,-0.003755135,2.979299e-05,0.002583055,-0.02071992,0.4900404,-9.780389
IMU,1573702892.0,0,-0.001485538,-0.0005396867,0.00152037,-0.01524028,0.4996696,-9.801639
IMU,1573742849.0,0,-0.001672164,-0.0005190238,0.001998998,-0.03425602,0.4866104,-9.792987
IMU,1573783909.0,0,-0.002115772,-0.001644944,0.002191089,-0.02453662,0.4728218,-9.785617
IMU,1573823940.0,0,-0.003307004,-0.0004987772,0.001995207,-0.01842409,0.4882605,-9.765656
IMU,1573864689.0,0,-0.003122155,-0.001238526,0.001924698,-0.02515671,0.4836468,-9.796453
IMU,1573903904.0,0,-0.002490456,-0.0007734757,0.002109821,-0.01612748,0.4889781,-9.794995
IMU,1573944157.0,0,-0.001605803,-0.0007843152,0.001944677,-0.01251941,0.4861531,-9.774176
IMU,1573984951.0,0,-0.002908729,-0.0008846619,0.002948913,-0.02214263,0.4840034,-9.789927
IMU,1574024817.0,0,-0.002893797,-0.001495784,0.002411681,-0.022352,0.4706474,-9.787793
IMU,1574064963.0,0,-0.002572067,-0.0004472102,0.001742465,-0.01754157,0.4924969,-9.795049
IMU,1574105090.0,0,-0.002921076,-0.001040651,0.001148035,-0.02529609,0.4835796,-9.780936
IMU,1574145934.0,0,-0.002906981,-0.0005193671,0.001344674,-0.02291496,0.4840278,-9.797368
IMU,1570212919.0,1,0.1355843,-0.01413679,0.04563723,-0.3473178,-0.4309867,-10.3387
IMU,1570253944.0,1,0.1082765,0.04168763,0.09227586,-0.5032257,0.4420308,-10.13133
IMU,1570294186.0,1,0.1063418,0.06569741,0.1380881,-0.1249695,0.2154321,-9.952387
IMU,1570335184.0,1,0.02653312,0.04860708,0.1072976,0.01976403,0.2268774,-9.956427
IMU,1570376762.0,1,-0.006061939,0.1051585,0.06690493,0.05077961,-0.02886244,-8.768785
IMU,1570416840.0,1,-0.09416495,0.04656611,0.03347486,-0.3122494,-0.7800912,-9.652459
IMU,1570458120.0,1,-0.09662335,-0.08501838,0.07457601,-0.4098958,-0.04291263,-9.557976
IMU,1570498572.0,1,-0.1842286,-0.08587569,0.04138574,0.3137266,1.142469,-9.883585
IMU,1570539429.0,1,-0.07974559,-0.01739174,0.02187502,0.2421431,1.233992,-10.2091
IMU,1570579931.0,1,-0.1566509,-0.0256418,0.06187567,-1.007059,0.02220803,-8.260318
IMU,1570623415.0,1,-0.1340816,0.06065797,0.05047558,-0.4651372,-0.2565961,-9.457282
IMU,1570664893.0,1,-0.05730827,0.05452393,0.06252859,-0.01980101,-1.148582,-9.813997
IMU,1570705202.0,1,0.05580324,0.05919938,-0.04150398,0.4639912,0.1239257,-10.48705
IMU,1570748993.0,1,-0.008371627,0.04891493,0.02890253,-0.3106861,0.1277746,-11.35821
IMU,1570791124.0,1,0.03421615,0.1133221,-0.0009142105,-0.4968468,1.396538,-9.841327
IMU,1570830461.0,1,0.05783444,0.1380952,0.04425082,-0.5986941,-2.005386,-8.420594
IMU,1570871899.0,1,0.008282665,0.2160576,0.01388961,-0.1580327,-1.531701,-10.25458
IMU,1570912393.0,1,-0.09865225,0.2732693,0.007153365,-0.1442744,1.217493,-9.704681
IMU,1570953411.0,1,-0.07520018,0.2062859,0.05532863,-0.9096032,-0.7493877,-9.13531
IMU,1570994934.0,1,-0.08784185,0.1978824,-0.01985159,-0.05622923,-0.4505843,-9.768372
IMU,1571034449.0,1,-0.02776711,0.1880897,-0.03366203,0.1631899,0.2774416,-10.88243
IMU,1571075591.0,1,-0.1011782,0.1282615,-0.03992454,-0.1637251,-0.009701005,-9.115306
IMU,1571115661.0,1,-0.0229068,0.09090195,0.01584473,-0.2901991,-0.3263915,-10.13293
IMU,1571157910.0,1,-0.05182595,0.04694594,-0.02986411,0.3733704,-0.1562127,-10.26774
IMU,1571199664.0,1,-0.07018805,0.05506026,-0.1080225,0.6421463,1.081476,-10.89016
IMU,1571239995.0,1,-0.1070732,-0.02569637,0.01162472,-0.5943682,-0.7301746,-4.270991
IMU,1571279110.0,1,-0.02096433,-0.1319159,-0.06166343,0.4263101,-0.06974532,-1.508246
IMU,1571319158.0,1,0.00124351,-0.1820384,-0.1438304,0.1429906,0.2765603,-0.5281376
IMU,1571359935.0,1,0.02331566,-0.2058319,-0.2042086,-0.1201174,0.06124073,-0.1047721
IMU,1571401439.0,1,0.0185911,-0.2034203,-0.2535016,-0.02079244,0.2076377,-0.1710761
IMU,1571440909.0,1,0.024681,-0.212825,-0.2715027,-0.03222829,0.008290514,-0.2088547
IMU,1571480861.0,1,0.02173227,-0.2137665,-0.2715472,-0.09401578,0.05305566,-0.1956863
IMU,1571521160.0,1,0.02951728,-0.2054499,-0.2718808,-0.09317707,0.2168765,-0.417248
IMU,1571561390.0,1,0.038331,-0.1858971,-0.2707325,-0.02529782,0.1465083,-0.2018446
IMU,1571601428.0,1,0.03783319,-0.1713628,-0.271155,-0.1383331,0.129382,-0.3644569
IMU,1571642091.0,1,0.05290888,-0.1436252,-0.2690801,-0.11867,0.1065843,-0.6897616
IMU,1571682594.0,1,0.0647719,-0.1474262,-0.2649201,-0.01906108,0.04954293,-0.7029715
IMU,1571721963.0,1,0.06420032,-0.1473839,-0.2609155,-0.03191598,0.2148264,-0.868627
IMU,1571762482.0,1,0.05471326,-0.1500088,-0.2615742,-0.1088304,0.1508433,-1.01321
IMU,1571803377.0,1,0.02772905,-0.1510314,-0.2684825,-0.08675037,0.04662601,-1.121548
IMU,1571844154.0,1,0.01009206,-0.1749709,-0.2822577,-0.04030798,-0.01903154,-1.309969
IMU,1571883608.0,1,-0.0135574,-0.179868,-0.2886989,-0.03744923,0.00961744,-1.418488
IMU,1571923238.0,1,-0.005644773,-0.1810157,-0.2840212,-0.05891672,0.1163231,-1.471303
IMU,1571963646.0,1,-0.01267717,-0.182782,-0.2806076,-0.08022615,0.06317887,-1.557187
IMU,1572005377.0,1,-0.178652,-0.09358428,-0.2755109,0.01370127,-0.6695298,-2.378799
IMU,1572045581.0,1,-1.288627,0.1774168,-0.2513004,-1.092866,0.6679947,-3.895582
IMU,1572084982.0,1,-1.658239,0.4460363,-0.04215688,-0.226752,-0.1523535,-5.5654
IMU,1572125000.0,1,5.462525,3.113337,-1.020517,-59.55886,56.17855,-88.56669
IMU,1572165754.0,1,-0.2433931,0.9650751,0.5013167,3.303114,-3.303234,-2.803549
IMU,1572207519.0,1,1.698915,-0.1704817,-0.06743466,1.433322,-1.81233,5.291251
IMU,1572247963.0,1,2.517947,-0.09973062,-0.8638372,2.033537,-3.687362,-0.2139488
IMU,1572287611.0,1,0.9939601,1.003715,-1.584012,1.825442,-3.668786,-1.303546
IMU,1572327593.0,1,0.193559,0.9833269,-1.549943,2.684894,-2.543785,-3.777348
IMU,1572368918.0,1,-1.044513,-0.536118,-0.8766236,9.373557,-9.193995,-13.71635
IMU,1572408801.0,1,-2.699778,-2.157284,-0.174694,4.001042,-0.1682205,-10.07521
IMU,1572448080.0,1,-2.970355,-2.756966,-0.2487595,2.380662,1.603046,-11.32128
IMU,1572487967.0,1,1.318287,0.9609249,-0.2095792,-4.331208,3.217965,-12.15892
IMU,1572528078.0,1,-0.0581075,0.3942189,0.2277423,-0.5456461,-0.5134425,-8.220616
IMU,1572568471.0,1,-0.2372025,-0.330634,-0.01396607,0.4368491,-0.7339859,-8.646378
IMU,1572612086.0,1,-0.1952702,-0.3423444,-0.07658327,-0.9784541,1.849858,-11.93056
IMU,1572651970.0,1,-0.05316052,0.06702209,0.05915299,0.172457,0.2684742,-9.672019
IMU,1572691959.0,1,0.04683667,0.02960303,0.0003442897,-0.05586866,0.3763505,-10.06815
IMU,1572732160.0,1,-0.02721835,0.001666137,0.00731974,-0.1599303,0.2126726,-9.924537
IMU,1572772576.0,1,0.007823796,-0.00728508,-0.007372497,0.08933826,0.6245322,-10.02883
IMU,1572811908.0,1,-0.002836667,-0.0008410276,-0.001856264,-0.14988,0.3528597,-9.836714
IMU,1572851665.0,1,-0.009855034,0.007244167,0.001779282,0.0280513,0.3536246,-9.89122
IMU,1572892118.0,1,0.00324086,0.0006352586,1.127935e-05,-0.06451833,0.5347612,-9.821121
IMU,1572932107.0,1,-0.001066318,0.0130861,0.0007019999,-0.07466179,0.4420399,-9.833397
IMU,1572972128.0,1,0.001464532,0.002595266,0.001537769,-0.04489384,0.3971909,-9.740705
IMU,1573012391.0,1,-0.0003907846,0.009015189,0.00268624,-0.07296722,0.4787808,-9.892005
IMU,1573052468.0,1,-7.194158e-05,0.006621342,0.001721174,-0.08498839,0.3740504,-9.856632
IMU,1573092805.0,1,-0.0007668881,0.009736473,0.00627124,-0.07360324,0.4834971,-9.871991
IMU,1573132357.0,1,0.0003243732,0.004033909,0.0009940915,0.02639887,0.5344605,-9.813462
IMU,1573175147.0,1,-0.001465325,0.01213398,0.001631146,0.04059649,0.4701005,-9.987011
IMU,1573215192.0,1,0.0008088158,0.004162754,0.001853694,-0.07016968,0.4136031,-9.801705
IMU,1573255376.0,1,0.001735701,-0.004164882,0.0004001923,-0.05464913,0.5264285,-9.923434
IMU,1573295647.0,1,-0.001633494,0.006535949,-0.0006401893,-0.03708789,0.4854591,-9.857592
IMU,1573335672.0,1,-0.001600916,0.006359641,0.0004405585,-0.04508509,0.549005,-9.9432
IMU,1573376941.0,1,0.002839615,0.001762017,0.001395432,-0.0246485,0.4010514,-9.969409
IMU,1573416978.0,1,0.0001564234,-0.001159271,0.003180683,0.02774515,0.3476039,-9.795865
IMU,1573459667.0,1,-0.002451287,0.008780352,0.0007497583,-0.02717972,0.4809852,-9.80243
IMU,1573498965.0,1,0.0004193005,0.008020016,-0.000576267,-0.03896933,0.4258513,-9.843436
IMU,1573541458.0,1,0.002920523,0.001422873,0.0001081524,-0.03018364,0.4385742,-9.872563
IMU,1573581974.0,1,-0.001119249,0.003704176,-0.0001400378,0.02897711,0.3566084,-9.735414
IMU,1573623393.0,1,-0.0002044958,0.01380326,0.0001468406,-0.07323801,0.4852728,-9.880987
IMU,1573662855.0,1,-0.002543395,0.005304625,0.0047358,0.008420588,0.5345196,-10.02633
IMU,1573702892.0,1,0.0004402183,-0.001056363,-0.0001607196,-0.09181349,0.4956532,-9.886546
IMU,1573742849.0,1,0.0021228,0.01587747,0.004123378,0.05799829,0.3174339,-9.90301
IMU,1573783909.0,1,-0.0006087276,0.006737205,3.613186e-05,-0.06381964,0.4921891,-9.814583
IMU,1573823940.0,1,-0.001742569,0.009045254,2.767948e-05,0.02194202,0.3419179,-9.839292
IMU,1573864689.0,1,-0.001045369,0.004869205,0.004748324,0.03967907,0.4828649,-9.837095
IMU,1573903904.0,1,-0.002597754,0.005505451,0.00166821,-0.0539677,0.4444819,-9.91076
IMU,1573944157.0,1,0.0009020258,0.002474324,0.00195656,-0.100391,0.4275109,-9.874243
IMU,1573984951.0,1,-0.0004391297,0.01215255,-0.001082979,-0.09593104,0.3340861,-9.826596
IMU,1574024817.0,1,0.0006308912,0.006182528,0.001675672,0.005352015,0.4114912,-9.846098
IMU,1574064963.0,1,-0.003812082,0.004641935,0.003321652,-0.0457658,0.437634,-9.812349
IMU,1574105090.0,1,0.00248086,0.007329857,0.005192092,0.001325342,0.5072587,-9.874216
IMU,1574145934.0,1,-0.002133668,0.005542378,0.001707149,-0.02414557,0.38012,-9.831316
IMU,1570212919.0,2,0.1401984,-0.01966429,0.06894323,-0.3854969,-0.2455069,-10.06395
IMU,1570253944.0,2,0.08741961,0.02997829,0.1387664,-0.6296977,0.1841287,-9.899528
IMU,1570294186.0,2,0.09957389,0.0718417,0.1553794,0.03674319,-0.565187,-9.530077
IMU,1570335184.0,2,0.0636082,0.05098865,0.09878821,-0.0501363,0.0295192,-10.42487
IMU,1570376762.0,2,0.0239375,0.09788714,0.07155327,-0.0972522,0.7045462,-8.811275
IMU,1570416840.0,2,-0.08064161,0.04089145,0.0877455,-0.2478507,-0.2859476,-9.642123
IMU,1570458120.0,2,-0.1667927,-0.07513519,0.1069087,-0.6574814,0.09509943,-10.86274
IMU,1570498572.0,2,-0.1546924,-0.06681515,0.04945859,0.1321356,0.2327503,-9.623537
IMU,1570539429.0,2,-0.06454598,-0.03171004,0.06359537,-0.1773441,0.2743641,-8.866507
IMU,1570579931.0,2,-0.1450471,0.0090666,0.09677535,0.04674138,0.3438673,-9.881618
IMU,1570623415.0,2,-0.09211135,0.06368241,0.05570012,-0.7137254,1.115937,-9.695302
IMU,1570664893.0,2,-0.05966875,0.08321866,0.01356173,0.09418391,-0.009491581,-10.63025
IMU,1570705202.0,2,0.06575114,0.03776146,0.004780062,-0.2160949,-0.1209713,-10.16485
IMU,1570748993.0,2,-0.04200127,0.05438836,0.005810304,0.2175679,-1.047917,-10.58486
IMU,1570791124.0,2,0.0637909,0.1254954,0.02663411,-1.437804,1.577313,-9.035657
IMU,1570830461.0,2,0.04523732,0.1830126,0.05980367,-0.1088993,0.7172945,-9.371419
IMU,1570871899.0,2,-0.005621238,0.2417739,-0.001655159,0.01171126,-0.7831524,-10.35783
IMU,1570912393.0,2,-0.04445396,0.2699504,0.03845763,-0.197474,0.7697893,-8.290582
IMU,1570953411.0,2,-0.04006581,0.2516828,0.05598655,-0.2863932,0.4022484,-9.460567
IMU,1570994934.0,2,-0.06996792,0.2191785,-0.01513913,-0.02936906,-0.2278121,-9.450651
IMU,1571034449.0,2,-0.02230462,0.1848271,-0.007589251,-0.5926301,-0.05180296,-9.567487
IMU,1571075591.0,2,-0.03731012,0.1387215,-0.001560945,0.3806231,0.7472806,-9.749916
IMU,1571115661.0,2,-0.03399193,0.1129114,-0.04143546,0.1133461,-0.411868,-10.14575
IMU,1571157910.0,2,-0.08519984,0.04858258,0.001924419,0.2284007,0.2242338,-11.28536
IMU,1571199664.0,2,-0.02177029,0.0226645,-0.07276519,-0.04963617,-0.09367438,-10.2397
IMU,1571239995.0,2,-0.0863552,0.003088731,-0.001134487,-0.4582912,0.2698288,-4.091171
IMU,1571279110.0,2,0.008102243,-0.1506728,-0.08750008,0.2001778,-0.1209352,-1.215049
IMU,1571319158.0,2,0.01782556,-0.2002145,-0.1672395,0.1050095,0.1042967,-0.5321882
IMU,1571359935.0,2,0.04655614,-0.2156249,-0.2254921,0.01510704,0.01160258,-0.1632826
IMU,1571401439.0,2,0.05015961,-0.2111761,-0.2829108,0.04724452,0.06120036,-0.2536637
IMU,1571440909.0,2,0.05670688,-0.2249696,-0.2964897,0.03938196,0.0611737,-0.2490986
IMU,1571480861.0,2,0.05297337,-0.2209729,-0.2990371,0.01713022,0.06379701,-0.2732797
IMU,1571521160.0,2,0.06709749,-0.2126331,-0.3016593,-0.000590543,0.0861991,-0.3808767
IMU,1571561390.0,2,0.08014318,-0.1967604,-0.3009242,-0.009034186,0.08136489,-0.439886
IMU,1571601428.0,2,0.07892937,-0.1763806,-0.2972292,-0.02274026,0.08252917,-0.4615203
IMU,1571642091.0,2,0.09205282,-0.1569469,-0.2962177,-0.01754621,0.09774243,-0.5559428
IMU,1571682594.0,2,0.1066932,-0.1581922,-0.2937333,-0.01675765,0.1053293,-0.6632298
IMU,1571721963.0,2,0.103034,-0.1553074,-0.2891184,-0.01968742,0.0985044,-0.8322892
IMU,1571762482.0,2,0.09085831,-0.157321,-0.288216,-0.01564491,0.05850517,-0.9816999
IMU,1571803377.0,2,0.06472871,-0.1681771,-0.2968303,0.02950856,0.02327777,-1.14467
IMU,1571844154.0,2,0.0215828,-0.1780675,-0.3052015,0.01287955,0.02337466,-1.328052
IMU,1571883608.0,2,-0.002426191,-0.186898,-0.3084788,0.02958564,0.02317476,-1.338447
IMU,1571923238.0,2,0.003626413,-0.1884904,-0.3055381,-0.001062697,0.06580053,-1.43872
IMU,1571963646.0,2,-0.003934996,-0.1994582,-0.3016828,-0.0003908777,0.06419782,-1.542432
IMU,1572005377.0,2,-0.1917131,-0.1018147,-0.295582,-0.07860416,-0.4109083,-2.469627
IMU,1572045581.0,2,-1.2993,0.2489513,-0.2052373,-0.9746797,0.4700839,-4.520082
IMU,1572084982.0,2,-1.663197,0.4974592,0.0373009,-0.36645,-0.3804581,-5.552023
IMU,1572125000.0,2,5.243633,4.439387,0.196355,-46.69785,58.55249,-71.31658
IMU,1572165754.0,2,-0.0423634,0.6848333,0.509216,5.226988,-5.974036,-2.003289
IMU,1572207519.0,2,1.907301,-0.2707114,-0.2012615,1.49795,-2.320207,5.589096
IMU,1572247963.0,2,2.57616,-0.124217,-1.064297,2.238089,-3.848361,-0.8038658
IMU,1572287611.0,2,1.070676,1.064789,-1.741791,1.883301,-3.659075,-1.80001
IMU,1572327593.0,2,0.2718132,1.020337,-1.657552,2.474963,-2.271203,-3.637097
IMU,1572368918.0,2,-1.080336,-0.5542139,-0.9223674,7.322455,-7.038207,-11.49023
IMU,1572408801.0,2,-2.758205,-2.221435,-0.06478335,3.825673,-0.3853521,-10.07432
IMU,1572448080.0,2,-3.018186,-2.84595,-0.1281587,2.364343,1.571054,-11.3189
IMU,1572487967.0,2,1.440298,1.01932,-0.2829616,-4.018156,3.029673,-14.00726
IMU,1572528078.0,2,-0.06164653,0.3870651,0.2655857,-0.7288904,-0.3134484,-8.12042
IMU,1572568471.0,2,-0.2473569,-0.3481533,-0.01433154,0.3913088,-0.792392,-8.341252
IMU,1572612086.0,2,-0.1679319,-0.328985,-0.07360064,-0.5740942,1.295446,-12.01991
IMU,1572651970.0,2,-0.07106183,0.03856624,0.04278002,0.01802287,0.4020005,-9.530088
IMU,1572691959.0,2,0.0700637,0.02744175,-0.008097016,0.02221472,0.3617527,-10.04581
IMU,1572732160.0,2,-0.02412248,-0.00630572,-0.004370153,-0.1870202,0.3321797,-9.9768
IMU,1572772576.0,2,0.01225105,-0.005565654,-0.0101464,0.05412001,0.5242416,-10.08255
IMU,1572811908.0,2,0.0004826415,-0.004644416,-0.002780571,-0.1275828,0.2894191,-9.802723
IMU,1572851665.0,2,-0.00515019,0.001047808,-0.002792997,0.03920905,0.4004835,-9.94926
IMU,1572892118.0,2,0.004671368,0.001101259,-0.004092819,-0.06041474,0.4153325,-9.849278
IMU,1572932107.0,2,0.001331395,-0.0004675971,-0.002815648,-0.06290108,0.4282783,-9.884424
IMU,1572972128.0,2,0.004853549,-0.001400984,-0.001985521,-0.05275153,0.3679698,-9.888711
IMU,1573012391.0,2,0.003087923,0.0001624151,-0.002345268,-0.03765979,0.3849221,-9.874882
IMU,1573052468.0,2,-0.002105329,0.001505929,-0.001759243,-0.04810392,0.3986955,-9.849014
IMU,1573092805.0,2,0.0001571535,0.0001030624,-0.001642586,-0.06581397,0.3764645,-9.911129
IMU,1573132357.0,2,0.002892052,-9.962697e-05,-0.003224839,-0.0135033,0.4045915,-9.843217
IMU,1573175147.0,2,-0.0006407629,0.001512249,-0.002842089,-0.06431457,0.40817,-9.886936
IMU,1573215192.0,2,0.002006881,-0.002001778,-0.002709312,-0.04830254,0.4193436,-9.859544
IMU,1573255376.0,2,0.001797686,-0.0004228659,-0.002263756,-0.03176678,0.3767729,-9.873987
IMU,1573295647.0,2,0.001038385,0.000539235,-0.002229493,-0.03215804,0.3923882,-9.854119
IMU,1573335672.0,2,0.00230446,0.000304563,-0.002708893,-0.0595702,0.3884277,-9.844817
IMU,1573376941.0,2,-0.001417756,-0.001265397,-0.001162402,-0.01931359,0.394774,-9.864531
IMU,1573416978.0,2,0.0007363499,0.0007351106,-0.002748713,-0.05244109,0.3806319,-9.859177
IMU,1573459667.0,2,0.001972268,0.0007717271,-0.001579279,-0.01509383,0.413166,-9.873288
IMU,1573498965.0,2,0.001419713,8.364007e-05,-0.002424096,-0.05972312,0.3911626,-9.85002
IMU,1573541458.0,2,0.00134024,0.0006645948,-0.002200896,-0.04699651,0.3845403,-9.870962
IMU,1573581974.0,2,0.0006763603,0.0003224972,-0.001140543,-0.0408483,0.3883082,-9.880315
IMU,1573623393.0,2,0.001354903,0.0005273523,-0.002879877,-0.04288325,0.3844647,-9.849661
IMU,1573662855.0,2,-0.0002317453,0.0002315049,-0.001629833,-0.03328086,0.3963749,-9.872533
IMU,1573702892.0,2,0.0009774667,-0.0002653049,-0.002393924,-0.04544013,0.3857928,-9.872099
IMU,1573742849.0,2,0.0008107116,-0.00015678,-0.0006141004,-0.03596301,0.3903707,-9.849456
IMU,1573783909.0,2,0.0009984919,0.00135407,-0.001749906,-0.04784323,0.3820203,-9.858974
IMU,1573823940.0,2,0.0001378213,0.0006782395,-0.0026118,-0.03602812,0.395264,-9.881992
IMU,1573864689.0,2,0.0006367196,-0.0001501419,-0.001596062,-0.04594407,0.3861004,-9.86351
IMU,1573903904.0,2,0.0009703395,0.001072477,-0.002301111,-0.03569268,0.396282,-9.866066
IMU,1573944157.0,2,0.001252688,-0.0006508325,-0.002090458,-0.03398988,0.3976375,-9.871545
IMU,1573984951.0,2,0.001351466,-0.0001700665,-0.002136613,-0.04825347,0.4004561,-9.871929
IMU,1574024817.0,2,0.001222227,0.0002140084,-0.003158351,-0.04239425,0.3951293,-9.862001
IMU,1574064963.0,2,0.0006750562,-0.0003587421,-0.0008888748,-0.03577999,0.3907984,-9.861423
IMU,1574105090.0,2,0.0008171016,0.0006262222,-0.001613417,-0.03853974,0.3925427,-9.876503
IMU,1574145934.0,2,0.0007406548,0.0004460481,-0.00209195,-0.03109337,0.3966268,-9.878119
