ARM,1362338357.0,0.0
AHR2,1361439978.0,0.3,-2.57,152.65,465.08,43.2382768,-7.6818162
AHR2,1361541535.0,0.16,-2.28,153.01,464.88,43.2382754,-7.681815
AHR2,1361648176.0,0.17,-2.37,153.0,465.1,43.2382742,-7.6818144
AHR2,1361750166.0,-0.37,-1.92,153.35,465.25,43.2382727,-7.6818132
AHR2,1361853780.0,-1.05,-2.51,153.89,464.66,43.2382709,-7.6818122
AHR2,1361955438.0,-1.45,-2.81,154.11,464.91,43.2382693,-7.6818111
AHR2,1362058357.0,-2.08,-3.1,154.18,464.97,43.2382677,-7.68181
AHR2,1362159904.0,-2.0,-3.19,153.95,464.95,43.2382662,-7.6818089
AHR2,1362262620.0,-1.91,-3.28,153.59,465.03,43.2382648,-7.6818078
AHR2,1362363875.0,-1.51,-3.26,153.38,464.65,43.2382634,-7.6818068
AHR2,1362465910.0,-0.7,-3.71,152.85,464.35,43.2382616,-7.6818056
AHR2,1362567105.0,0.44,-4.21,151.6,464.59,43.23826,-7.6818044
AHR2,1362669005.0,1.35,-4.78,150.11,464.56,43.2382589,-7.6818033
AHR2,1362769105.0,2.08,-5.15,148.63,464.16,43.2382573,-7.6818021
AHR2,1362870388.0,2.6,-5.12,147.13,464.26,43.2382556,-7.6818011
AHR2,1362973095.0,2.96,-4.82,145.6,463.81,43.2382536,-7.6817999
AHR2,1363072965.0,3.59,-4.46,144.02,463.64,43.2382521,-7.6817989
AHR2,1363174368.0,4.04,-4.08,142.37,463.17,43.2382508,-7.6817981
AHR2,1363274868.0,-1.35,-7.98,142.31,462.34,43.2382493,-7.681797
AHR2,1363376136.0,-0.99,-0.7,140.19,461.41,43.2382489,-7.681796
AHR2,1363476210.0,4.52,2.41,138.98,459.97,43.2382478,-7.6817948
AHR2,1363577158.0,0.88,-5.69,140.45,460.39,43.2382468,-7.6817936
AHR2,1363677878.0,-5.16,-13.22,143.41,460.41,43.2382401,-7.6817959
AHR2,1363777857.0,-5.78,-10.77,143.63,460.59,43.2382438,-7.681797
AHR2,1363878088.0,-5.93,-10.81,143.54,460.41,43.238244,-7.6817974
AHR2,1363977850.0,-5.91,-10.8,143.45,460.39,43.2382438,-7.681797
AHR2,1364077740.0,-5.89,-10.7,143.37,460.48,43.2382438,-7.681797
AHR2,1364178100.0,-5.86,-10.6,143.28,460.64,43.2382438,-7.6817973
AHR2,1364278546.0,-5.83,-10.51,143.19,460.4,43.2382438,-7.6817974
AHR2,1364379212.0,-5.8,-10.42,143.1,460.61,43.2382438,-7.6817977
AHR2,1364479140.0,-5.76,-10.34,143.01,460.46,43.2382438,-7.6817977
AHR2,1364580501.0,-5.73,-10.25,142.91,460.61,43.2382438,-7.6817978
AHR2,1364680420.0,-5.7,-10.17,142.82,460.63,43.2382438,-7.6817981
AHR2,1364781444.0,-5.66,-10.08,142.73,460.54,43.2382438,-7.681798
AHR2,1364881619.0,-5.63,-10.01,142.64,460.52,43.2382439,-7.681798
AHR2,1364982800.0,-5.59,-9.93,142.54,460.38,43.2382438,-7.681798
AHR2,1365082654.0,-5.56,-9.86,142.44,460.54,43.2382438,-7.681798
AHR2,1365183863.0,-5.53,-9.78,142.35,460.6,43.238244,-7.6817983
AHR2,1365283889.0,-5.5,-9.71,142.25,460.61,43.238244,-7.6817984
ATT,1361439363.0,-0.3462499,0.1388021,-2.098751,-2.341094,151.5754,151.3666
ATT,1361540901.0,-0.493169,0.0542297,-2.07724,-2.049044,151.578,151.8473
ATT,1361647484.0,-0.7078535,0.09924644,-2.101787,-2.156437,151.582,151.9964
ATT,1361749465.0,-1.010406,-0.4396139,-2.38846,-1.744506,151.5901,152.4598
ATT,1361853093.0,-1.300197,-1.098991,-2.722529,-2.348703,151.5999,153.0862
ATT,1361954458.0,-1.564881,-1.485,-2.962816,-2.650708,151.6095,153.4206
ATT,1362057674.0,-1.653646,-2.110821,-3.143223,-2.971687,151.6144,153.6171
ATT,1362159205.0,-1.734952,-2.043601,-3.280903,-3.086163,151.6187,153.4749
ATT,1362261981.0,-1.74065,-1.928377,-3.410877,-3.195229,151.6208,153.2337
ATT,1362363203.0,-1.621185,-1.510186,-3.224211,-3.185459,153.1816,153.159
ATT,1362465339.0,-0.8174219,-0.7051501,-1.62567,-3.646933,152.7818,152.7713
ATT,1362566466.0,-0.4144017,0.4317555,-0.8241507,-4.157875,151.6708,151.6773
ATT,1362668463.0,-0.2084173,1.483837,-0.4144944,-4.681325,150.3223,150.3445
ATT,1362768402.0,-0.1064074,2.408086,-0.2116197,-4.977458,148.9793,149.0154
ATT,1362869838.0,-0.05385173,3.054371,-0.1070987,-4.865877,147.6076,147.6533
ATT,1362972477.0,-0.02692879,3.508058,-0.05355518,-4.48053,146.2069,146.2593
ATT,1363072360.0,-0.01376903,4.207291,-0.0273834,-4.060178,144.7471,144.8099
ATT,1363173811.0,-0.006976374,4.724643,-0.01387437,-3.617091,143.2159,143.2864
ATT,1363274086.0,-0.003550811,-0.6266866,-0.007061721,-7.500762,143.2153,143.2058
ATT,1363375498.0,-0.001798551,-0.335878,-0.003576888,-0.2504209,141.2123,141.2073
ATT,1363475626.0,-0.0009146103,5.160016,-0.001818942,3.023424,140.0504,140.1274
ATT,1363576216.0,-0.000465609,1.518553,-0.0009259848,-4.954058,141.4458,141.4686
ATT,1363677355.0,-0.0002359814,-4.613459,-0.0004693109,-15.23894,144.4545,144.3833
ATT,1363777181.0,-0.0001833956,-5.376173,-0.0003647299,-15.48397,144.9055,144.8225
ATT,1363877458.0,-0.0001802998,-5.540316,-0.0003585732,-15.50805,144.8687,144.7831
ATT,1363977181.0,-0.0001769365,-5.5388,-0.0003518848,-15.50691,144.8296,144.744
ATT,1364077128.0,-0.0001769365,-5.528766,-0.0003518848,-15.48775,144.7893,144.7039
ATT,1364177405.0,-0.0001737304,-5.51977,-0.0003455085,-15.47477,144.7552,144.67
ATT,1364277937.0,-0.000167455,-5.50767,-0.0003330284,-15.44036,144.7139,144.6288
ATT,1364378595.0,-0.0001641483,-5.500852,-0.0003264521,-15.41788,144.6848,144.5998
ATT,1364478499.0,-0.000160688,-5.486821,-0.0003195705,-15.35903,144.6453,144.5606
ATT,1364579853.0,-0.0001572311,-5.473062,-0.0003126955,-15.31641,144.6076,144.5231
ATT,1364679833.0,-0.000153966,-5.460965,-0.0003062018,-15.23339,144.5767,144.4924
ATT,1364780846.0,-0.0001508096,-5.44874,-0.0002999248,-15.16015,144.5515,144.4675
ATT,1364881073.0,-0.0001508096,-5.435138,-0.0002999248,-14.94333,144.5278,144.4441
ATT,1364982138.0,-0.0001476547,-5.4247,-0.0002936503,-14.78379,144.501,144.4176
ATT,1365082035.0,-0.0001476547,-5.412202,-0.0002936502,-14.52235,144.4914,144.4082
ATT,1365183177.0,-0.0001476546,-5.400519,-0.0002936503,-14.35076,144.4752,144.3922
ATT,1365283329.0,-0.0001476546,-5.385719,-0.0002936503,-14.12281,144.4698,144.3871
BARO,1361439109.0,0,2.745972,464.116,96946.33
BARO,1361540636.0,0,2.856171,464.2262,96945.13
BARO,1361644992.0,0,2.960724,464.3307,96943.98
BARO,1361746774.0,0,3.118958,464.489,96942.27
BARO,1361849934.0,0,2.528381,463.8984,96948.7
BARO,1361951619.0,0,2.777039,464.147,96945.98
BARO,1362055508.0,0,2.833557,464.2036,96945.37
BARO,1362156209.0,0,2.819427,464.1894,96945.53
BARO,1362259861.0,0,2.892914,464.2629,96944.73
BARO,1362360956.0,0,2.514252,463.8842,96948.85
BARO,1362462450.0,0,2.21756,463.5876,96952.07
BARO,1362563449.0,0,2.457733,463.8277,96949.47
BARO,1362665576.0,0,2.426666,463.7967,96949.78
BARO,1362765644.0,0,2.028229,463.3982,96954.12
BARO,1362867384.0,0,2.129944,463.4999,96953.02
BARO,1362967692.0,0,1.677826,463.0478,96957.92
BARO,1363067579.0,0,1.505463,462.8755,96959.78
BARO,1363168396.0,0,1.033569,462.4036,96964.9
BARO,1363268835.0,0,0.2084656,461.5785,96973.88
BARO,1363369892.0,0,-0.7240295,460.646,96984.0
BARO,1363470480.0,0,-2.167969,459.202,96999.69
BARO,1363571173.0,0,-1.746918,459.6231,96995.09
BARO,1363672577.0,0,-1.724335,459.6457,96994.87
BARO,1363772867.0,0,-1.549133,459.8209,96992.95
BARO,1363872424.0,0,-1.721497,459.6485,96994.82
BARO,1363973004.0,0,-1.741272,459.6287,96995.03
BARO,1364072469.0,0,-1.656494,459.7135,96994.11
BARO,1364173074.0,0,-1.495453,459.8745,96992.36
BARO,1364272482.0,0,-1.735626,459.6344,96994.97
BARO,1364372817.0,0,-1.520874,459.8491,96992.63
BARO,1364473492.0,0,-1.6763,459.6937,96994.32
BARO,1364574138.0,0,-1.523712,459.8463,96992.69
BARO,1364674958.0,0,-1.506744,459.8633,96992.5
BARO,1364778162.0,0,-1.597168,459.7728,96993.48
BARO,1364878207.0,0,-1.611298,459.7587,96993.64
BARO,1364979196.0,0,-1.752594,459.6174,96995.17
BARO,1365079897.0,0,-1.59433,459.7757,96993.45
BARO,1365180475.0,0,-1.532166,459.8378,96992.78
BARO,1365280978.0,0,-1.529358,459.8406,96992.75
BARO,1361439109.0,1,2.972015,464.342,96926.06
BARO,1361540636.0,1,2.672485,464.0425,96929.33
BARO,1361644992.0,1,2.943756,464.3138,96926.38
BARO,1361746774.0,1,3.07373,464.4437,96924.98
BARO,1361849934.0,1,2.703583,464.0736,96928.97
BARO,1361951619.0,1,2.813782,464.1838,96927.77
BARO,1362055508.0,1,3.031372,464.4014,96925.43
BARO,1362156209.0,1,2.737488,464.1075,96928.61
BARO,1362259861.0,1,2.932465,464.3025,96926.5
BARO,1362360956.0,1,2.669678,464.0397,96929.35
BARO,1362462450.0,1,2.700745,464.0707,96929.02
BARO,1362563449.0,1,2.907013,464.277,96926.76
BARO,1362665576.0,1,2.644226,464.0142,96929.61
BARO,1362765644.0,1,2.615967,463.986,96929.91
BARO,1362867384.0,1,2.443604,463.8136,96931.79
BARO,1362967692.0,1,2.045197,463.4152,96936.13
BARO,1363067579.0,1,1.723053,463.093,96939.62
BARO,1363168396.0,1,1.135315,462.5053,96946.0
BARO,1363268835.0,1,0.4825745,461.8526,96953.09
BARO,1363369892.0,1,-2.687897,458.6821,96987.5
BARO,1363470480.0,1,-1.831696,459.5383,96978.2
BARO,1363571173.0,1,-1.551971,459.818,96975.16
BARO,1363672577.0,1,-1.413483,459.9565,96973.66
BARO,1363772867.0,1,-1.453064,459.9169,96974.09
BARO,1363872424.0,1,-1.636719,459.7333,96976.09
BARO,1363973004.0,1,-1.693237,459.6768,96976.7
BARO,1364072469.0,1,-1.614136,459.7559,96975.84
BARO,1364173074.0,1,-1.520874,459.8491,96974.84
BARO,1364272482.0,1,-1.619781,459.7502,96975.9
BARO,1364372817.0,1,-1.540649,459.8293,96975.05
BARO,1364473492.0,1,-1.52652,459.8435,96974.91
BARO,1364574138.0,1,-1.713013,459.657,96976.91
BARO,1364674958.0,1,-1.478485,459.8915,96974.38
BARO,1364778162.0,1,-1.59433,459.7757,96975.63
BARO,1364878207.0,1,-1.571747,459.7982,96975.4
BARO,1364979196.0,1,-1.642395,459.7276,96976.14
BARO,1365079897.0,1,-1.453064,459.9169,96974.11
BARO,1365180475.0,1,-1.704559,459.6654,96976.83
BARO,1365280978.0,1,-1.481323,459.8887,96974.41
GPS,1361593611.0,4,23,43.2382766,-7.6818162,468.18,1.844,0.033,0.0
GPS,1361777647.0,4,23,43.2382737,-7.6818142,468.18,1.884,-0.001,0.0
GPS,1361963187.0,4,23,43.2382707,-7.6818121,468.16,1.814,0.06,0.0
GPS,1362167386.0,4,23,43.2382678,-7.6818101,468.15,1.822,0.09900001,0.0
GPS,1362373913.0,4,23,43.2382648,-7.6818079,468.11,1.977,0.131,0.0
GPS,1362597446.0,4,23,43.2382617,-7.6818056,467.99,1.967,1.122,0.0
GPS,1362778219.0,4,23,43.2382587,-7.6818033,467.54,1.897,3.392,0.0
GPS,1362960071.0,4,23,43.2382556,-7.6818013,466.69,1.935,5.103,0.0
GPS,1363159933.0,4,23,43.2382527,-7.6817994,465.51,1.856,6.849,0.0
GPS,1363361683.0,4,23,43.2382502,-7.6817975,464.09,1.51,7.589,0.0
GPS,1363584897.0,4,23,43.2382462,-7.6817962,463.31,3.239,0.429,0.0
GPS,1363764918.0,4,23,43.2382436,-7.6817965,463.24,0.412,0.25,0.0
GPS,1363965078.0,4,23,43.2382438,-7.681797,463.25,0.025,-0.331,0.0
GPS,1364165195.0,4,23,43.2382438,-7.6817973,463.3,0.06500001,-0.128,0.0
GPS,1364366098.0,4,22,43.2382438,-7.6817976,463.32,0.07,-0.09100001,0.0
GPS,1364587989.0,4,23,43.2382438,-7.681798,463.35,0.055,-0.103,0.0
GPS,1364767883.0,4,23,43.2382438,-7.681798,463.33,0.059,-0.103,0.0
GPS,1364968890.0,4,23,43.2382438,-7.681798,463.33,0.026,-0.013,0.0
GPS,1365169853.0,4,23,43.238244,-7.6817983,463.34,0.058,0.008,0.0
IMU,1361406961.0,0,0.004730081,-0.1118239,0.1808609,-0.3101683,1.208336,-9.606073
IMU,1361447138.0,0,0.05954088,-0.0172393,0.134445,-0.07058206,0.1197147,-8.510155
IMU,1361488218.0,0,0.008359967,0.11366,0.07387055,-0.4920638,-0.2851203,-9.290073
IMU,1361528119.0,0,0.06318998,0.02152896,0.1043872,0.1085987,0.4162765,-9.869349
IMU,1361570363.0,0,0.01913508,-0.05141554,0.06236655,0.411229,1.498257,-8.99999
IMU,1361612405.0,0,-0.1378905,-0.02943896,0.04210989,0.1885089,0.8048172,-9.419254
IMU,1361653096.0,0,-0.2262336,0.01576223,0.1676985,-0.8106185,-0.5225241,-9.504128
IMU,1361694442.0,0,0.1359805,0.09488625,-0.01662924,-0.207955,0.8775977,-10.57016
IMU,1361734462.0,0,-0.1330582,-0.01219136,0.07924194,0.192273,1.647388,-9.837847
IMU,1361774549.0,0,-0.1730239,0.01813355,0.1482435,-0.06283529,-0.8012756,-9.173308
IMU,1361817643.0,0,-0.04981031,-0.03601437,0.13159,-0.03295012,-0.5454355,-9.277593
IMU,1361858420.0,0,-0.1103382,-0.08353141,0.1087485,-1.015863,0.2613038,-9.566474
IMU,1361899459.0,0,-0.001394951,-0.02387293,0.01139694,0.3447824,1.271042,-10.67257
IMU,1361939114.0,0,-0.1422801,-0.1139885,0.09617572,-0.7361905,-1.020079,-8.349576
IMU,1361985657.0,0,-0.2110057,-0.1283715,0.09847904,-0.2068599,0.3579772,-8.510051
IMU,1362025186.0,0,-0.05282228,0.0137661,0.02244152,-0.1947223,0.005313857,-10.23889
IMU,1362065609.0,0,0.05496358,-0.06697945,-0.0241936,-0.4092182,1.084812,-9.86041
IMU,1362106572.0,0,-0.1183122,-0.0736037,0.02545869,-0.6970096,-0.7549164,-9.373806
IMU,1362146903.0,0,0.139778,0.07801076,-0.0806731,-0.4624149,0.0128137,-10.06309
IMU,1362189515.0,0,0.006471989,-0.0909711,0.02442272,-0.9225304,0.541919,-9.100034
IMU,1362229625.0,0,0.004919551,0.07595263,-0.1000667,0.1893851,0.5825253,-10.84683
IMU,1362269570.0,0,0.01955131,0.003784179,0.02847202,-0.09803502,-0.1091136,-9.375536
IMU,1362310598.0,0,-0.02327849,-0.03253595,0.05526536,-0.8039219,-0.1991892,-9.668522
IMU,1362350439.0,0,0.1913029,0.02013389,-0.116544,-0.1331722,1.200271,-10.83914
IMU,1362392420.0,0,0.1307987,-0.06821915,-0.02022414,0.5339425,-1.669924,-2.821194
IMU,1362432843.0,0,0.1248005,-0.09040456,-0.02637153,-0.3299048,0.6874967,-0.665583
IMU,1362472955.0,0,0.1716618,-0.069593,-0.1313179,-0.4822364,0.2676939,-0.7946175
IMU,1362512830.0,0,0.1780537,-0.09432486,-0.1602036,0.03768053,-0.0212561,0.008549645
IMU,1362553843.0,0,0.1792138,-0.08960638,-0.1972027,-0.1372974,0.0602332,-0.3652882
IMU,1362594214.0,0,0.1791622,-0.09669839,-0.2140702,-0.07695592,0.08164994,-0.1999454
IMU,1362635830.0,0,0.1593075,-0.09405009,-0.2142017,-0.1003332,-0.0205001,-0.3157283
IMU,1362675883.0,0,0.1392738,-0.08171502,-0.2114998,-0.1019989,0.05411294,-0.381382
IMU,1362715689.0,0,0.1426697,-0.07297648,-0.2138924,-0.107796,0.04884534,-0.4562405
IMU,1362756575.0,0,0.1482976,-0.04204658,-0.2238667,-0.1261987,0.0275524,-0.5724008
IMU,1362796934.0,0,0.1220187,-0.01251149,-0.2290636,-0.1426007,-0.005321166,-0.7071291
IMU,1362836962.0,0,0.08253914,0.01556329,-0.2201546,-0.1561081,-0.027486,-0.7357611
IMU,1362877621.0,0,0.06304175,0.0332571,-0.2236343,-0.166723,0.04274585,-0.7871371
IMU,1362917617.0,0,0.0614066,0.05145248,-0.2256995,-0.1309198,0.01703538,-0.9040077
IMU,1362957428.0,0,0.05423748,0.05886301,-0.226122,-0.132963,0.005771932,-0.9712958
IMU,1362997227.0,0,0.06669427,0.05500343,-0.2381258,-0.1500404,0.04116967,-1.10537
IMU,1363037830.0,0,0.1154278,0.059688,-0.2464525,-0.1256775,0.02644117,-1.258415
IMU,1363077439.0,0,0.1255631,0.05904289,-0.244788,-0.1176374,0.001701403,-1.428592
IMU,1363117423.0,0,0.1005804,0.06138146,-0.2509211,-0.1025944,-0.04027177,-1.45091
IMU,1363157391.0,0,0.04901512,0.0541801,-0.2620496,-0.1004711,-0.1151775,-1.425685
IMU,1363199195.0,0,-0.2203057,-0.116869,-0.2364092,0.1226771,-0.6025294,-1.915225
IMU,1363238943.0,0,-0.9627699,-0.5314031,-0.08399,-0.1326164,-1.450304,-8.20801
IMU,1363279095.0,0,-1.826244,-1.99906,0.5293297,-2.607313,0.4104818,-21.45407
IMU,1363318727.0,0,1.472209,5.324751,-0.1708439,-39.59613,5.721807,-45.13744
IMU,1363358649.0,0,0.5189921,1.055923,-0.5987848,3.463244,2.085696,-4.256976
IMU,1363400625.0,0,0.8509833,0.5727635,-0.4961154,2.96586,0.8368633,0.1439275
IMU,1363441180.0,0,1.165172,0.6632037,-0.05261942,3.187013,0.8854797,-0.3808986
IMU,1363480625.0,0,0.7019498,0.3171397,-0.06650975,4.460285,-0.4015296,-2.271505
IMU,1363520605.0,0,-0.4724497,-0.9128564,0.1548705,4.324735,-1.428119,-4.723301
IMU,1363561481.0,0,-1.022874,-2.050095,0.536202,4.107815,-0.7798899,-5.24445
IMU,1363602453.0,0,-1.36835,-3.013811,0.7015516,3.26319,-0.3100585,-6.745635
IMU,1363642355.0,0,-2.061964,-3.3977,0.590701,-0.05391825,-1.401165,-9.702659
IMU,1363682373.0,0,1.151036,2.348374,-0.07966733,-6.468024,2.554962,-14.33186
IMU,1363722567.0,0,-0.5157138,-0.2411598,0.365248,-1.662157,-0.1371251,-11.02353
IMU,1363762486.0,0,-0.01546106,-0.4125681,-0.1740399,-1.918479,1.191093,-10.79996
IMU,1363802086.0,0,-0.1191988,-0.07039817,-0.004954044,-0.08505728,1.115131,-8.345914
IMU,1363842142.0,0,0.01062961,0.02464828,-0.002273804,-0.976048,0.8228435,-10.08934
IMU,1363882162.0,0,0.001910841,-0.002591561,0.002426275,-0.6900846,0.9774533,-9.562464
IMU,1363922556.0,0,0.002430699,-0.001104042,0.00495855,-0.9985934,1.011324,-9.75407
IMU,1363962569.0,0,-0.007113689,-0.0004751945,0.003562306,-0.7318938,0.941684,-9.75112
IMU,1364002359.0,0,-0.001856796,0.001183403,0.001170165,-0.8310719,0.9144042,-9.675321
IMU,1364042098.0,0,-0.002127372,-0.002171002,0.001699958,-0.833608,0.9124503,-9.763804
IMU,1364082120.0,0,-0.003724845,0.0002503975,0.002369697,-0.850374,0.9456085,-9.731404
IMU,1364122784.0,0,-0.004402482,0.001096661,0.002664025,-0.8562373,0.927345,-9.715887
IMU,1364162120.0,0,-0.001073011,-0.0006462768,0.002166009,-0.8376639,0.9308358,-9.722177
IMU,1364202581.0,0,-0.003234064,-0.001192992,0.001098198,-0.8561906,0.920635,-9.701245
IMU,1364242575.0,0,-0.003478114,-0.001157092,0.001938867,-0.8316631,0.9374287,-9.734712
IMU,1364282957.0,0,-0.002168293,-0.0001221076,0.0009669552,-0.8298517,0.9370841,-9.719792
IMU,1364323435.0,0,-0.004026308,-0.001344615,0.002101251,-0.8449386,0.9324403,-9.697826
IMU,1364362960.0,0,-0.002469484,-0.000188752,0.002661739,-0.8412309,0.9403644,-9.733418
IMU,1364403551.0,0,-0.003272162,0.000545071,0.001803004,-0.8349941,0.9376779,-9.71564
IMU,1364443855.0,0,-0.00373849,-0.0002412005,0.0003637839,-0.8341476,0.9451557,-9.725808
IMU,1364483424.0,0,-0.002329623,-0.0001384287,0.001845049,-0.8509538,0.9384329,-9.71849
IMU,1364523471.0,0,-0.0022761,-0.0004902391,0.00150089,-0.8460152,0.9370456,-9.733925
IMU,1364564587.0,0,-0.00208977,0.0003024784,0.0008799037,-0.8422155,0.9485902,-9.731515
IMU,1364605925.0,0,-0.001973127,-0.0008706991,0.002399674,-0.8405632,0.9224581,-9.738584
IMU,1364645444.0,0,-0.002954618,-0.0006142512,0.001356805,-0.8429559,0.9316148,-9.718335
IMU,1364685206.0,0,-0.002960081,0.0008869802,0.001913423,-0.8439047,0.9200107,-9.70685
IMU,1364725479.0,0,-0.001611236,-0.0003200757,0.002268286,-0.8269283,0.9410577,-9.734283
IMU,1364765405.0,0,-0.003138096,-0.0001922112,0.001855379,-0.8375822,0.9381295,-9.731493
IMU,1364806631.0,0,-0.00320247,1.920835e-05,0.001647357,-0.8392312,0.9301302,-9.727678
IMU,1364845978.0,0,-0.002621837,-0.0004362402,0.001847684,-0.8283984,0.937353,-9.717606
IMU,1364886227.0,0,-0.002809881,-0.001295743,0.002150974,-0.8382282,0.936182,-9.742504
IMU,1364926572.0,0,-0.00279079,-0.000762659,0.001518953,-0.8309763,0.939041,-9.727142
IMU,1364965913.0,0,-0.002498268,-0.0009254102,0.001467092,-0.847294,0.9305479,-9.708891
IMU,1365007078.0,0,-0.002012345,-0.0006214486,0.001850547,-0.8387287,0.9472851,-9.722462
IMU,1365047203.0,0,-0.002039435,-0.0009721985,0.00227686,-0.8449755,0.9339715,-9.716818
IMU,1365087436.0,0,-0.003489407,-0.0007640523,0.001581801,-0.836534,0.9432789,-9.722011
IMU,1365127166.0,0,-0.001471534,-0.0002022641,0.00241944,-0.8423578,0.9364546,-9.722923
IMU,1365167131.0,0,-0.001691923,-0.0006718584,0.001977225,-0.8388926,0.9512735,-9.744458
IMU,1365208000.0,0,-0.003006232,-0.0007943495,0.002219753,-0.8390152,0.9560203,-9.738305
IMU,1365248495.0,0,-0.002375196,0.0001075102,0.002030381,-0.8394802,0.9396593,-9.725459
IMU,1365288136.0,0,-0.00259526,-8.491053e-06,0.001936066,-0.8267891,0.933172,-9.741655
IMU,1365328606.0,0,-0.00357661,-0.001071986,0.000876788,-0.8381332,0.9373267,-9.722896
IMU,1361406961.0,1,0.01276338,-0.0829859,0.1577085,-0.567475,0.3681314,-9.260685
IMU,1361447138.0,1,0.05983509,-0.02550844,0.1154277,0.4387843,1.074404,-7.880598
IMU,1361488218.0,1,0.01594173,0.0485769,0.06525228,-1.171839,-1.036965,-9.686113
IMU,1361528119.0,1,0.063385,0.07279003,0.006296392,0.1404533,-0.0476387,-10.94351
IMU,1361570363.0,1,-0.01738077,-0.0500858,0.06596486,1.057356,1.461143,-9.580673
IMU,1361612405.0,1,-0.1492801,-0.01625617,0.02365602,-0.1433845,0.4436015,-8.989055
IMU,1361653096.0,1,-0.1775615,0.05795198,0.03116418,-0.416434,-0.5035685,-10.05593
IMU,1361694442.0,1,0.04778834,0.05454642,0.02544986,-0.4410925,0.1312821,-11.74173
IMU,1361734462.0,1,-0.1353661,0.006166578,0.06703053,-0.2181487,1.830269,-8.988324
IMU,1361774549.0,1,-0.1508368,-0.01152811,0.1094778,0.6341683,-0.5506837,-8.220366
IMU,1361817643.0,1,-0.05338965,-0.0512327,0.08245578,0.3920143,-0.2262612,-9.138786
IMU,1361858420.0,1,-0.1264581,-0.1146037,0.1051476,-0.5598696,0.2043113,-9.367079
IMU,1361899459.0,1,-0.02792699,-0.02747847,-0.06231538,-0.1328672,0.7165833,-11.02557
IMU,1361939114.0,1,-0.1015853,-0.08484393,0.0394603,-0.5799893,-1.396473,-8.223948
IMU,1361985657.0,1,-0.1616311,-0.0618997,0.0253591,-0.08842062,0.7914215,-8.724968
IMU,1362025186.0,1,-0.07112824,-0.0672413,0.03282727,0.2107092,-0.3741048,-10.28946
IMU,1362065609.0,1,-0.009646578,-0.04392837,-0.04530997,-0.5453923,1.390046,-9.667789
IMU,1362106572.0,1,-0.08954144,-0.0631353,-0.01425753,0.1456352,-0.4600396,-10.006
IMU,1362146903.0,1,0.07908051,0.03197191,-0.05248781,0.2640685,-0.632189,-10.91942
IMU,1362189515.0,1,-0.003907809,-0.07934808,-0.003715252,-0.6246467,0.4667794,-8.294748
IMU,1362229625.0,1,-0.01745944,0.04770982,-0.07168774,0.2095239,0.3602057,-11.71022
IMU,1362269570.0,1,0.006380932,-0.003810414,0.001095324,-0.2506516,0.2900923,-9.265399
IMU,1362310598.0,1,-0.01372205,-0.03434689,0.01942728,0.4445336,-1.068877,-9.435263
IMU,1362350439.0,1,0.1363123,-0.01021579,-0.07577182,-0.5031605,0.5978882,-11.75381
IMU,1362392420.0,1,0.1225122,-0.0619172,-0.01770538,0.6921094,-1.562909,-3.368193
IMU,1362432843.0,1,0.1066243,-0.08692337,-0.02413646,-0.301295,0.6777005,-0.3502662
IMU,1362472955.0,1,0.1366469,-0.07553422,-0.1125081,-0.3388681,0.2251905,-0.6173553
IMU,1362512830.0,1,0.1452931,-0.09651007,-0.1379024,0.03908563,0.09642842,-0.08258908
IMU,1362553843.0,1,0.1473046,-0.09194124,-0.1743645,-0.1087889,0.1884177,-0.3490434
IMU,1362594214.0,1,0.1417846,-0.0972129,-0.1929483,-0.1570437,0.1868065,-0.3105548
IMU,1362635830.0,1,0.123689,-0.09842438,-0.1897665,-0.170411,-0.01334715,-0.2753281
IMU,1362675883.0,1,0.1025732,-0.08137803,-0.1878753,-0.07885518,0.02568869,-0.4683355
IMU,1362715689.0,1,0.1027629,-0.07046377,-0.1893351,-0.1359338,0.1856292,-0.4390962
IMU,1362756575.0,1,0.1115341,-0.04624121,-0.2038044,-0.1841295,0.1660625,-0.5506103
IMU,1362796934.0,1,0.08403837,-0.01364022,-0.2058214,-0.1884355,0.09221999,-0.721514
IMU,1362836962.0,1,0.04803584,0.01155251,-0.1977504,-0.108919,0.1182131,-0.7973956
IMU,1362877621.0,1,0.02725296,0.02853582,-0.2023984,-0.3053808,0.1790014,-0.8067508
IMU,1362917617.0,1,0.02748821,0.04883032,-0.2029567,-0.1658889,0.02827732,-0.8533388
IMU,1362957428.0,1,0.02376683,0.04536171,-0.2052958,-0.2135495,0.08777556,-0.9156232
IMU,1362997227.0,1,0.03244554,0.05329231,-0.2181995,-0.02274106,0.1528714,-1.095261
IMU,1363037830.0,1,0.07543324,0.05984202,-0.2259353,-0.1425222,0.113357,-1.303344
IMU,1363077439.0,1,0.0895707,0.05370959,-0.216856,-0.2113814,0.03948126,-1.518608
IMU,1363117423.0,1,0.0638477,0.05981235,-0.2216977,-0.08378762,0.02302353,-1.45604
IMU,1363157391.0,1,0.02102379,0.05003614,-0.2413641,-0.08879606,-0.07020167,-1.622937
IMU,1363199195.0,1,-0.2208864,-0.1007922,-0.2252379,-0.1100811,-0.404002,-2.147431
IMU,1363238943.0,1,-0.9372138,-0.4939094,-0.1184567,-0.1264107,-2.060364,-9.519286
IMU,1363279095.0,1,-1.764611,-1.819209,0.3617011,-2.219275,-0.5529414,-23.72307
IMU,1363318727.0,1,1.175757,7.447161,-0.1346914,-19.04296,-2.953886,-52.15337
IMU,1363358649.0,1,0.5652518,0.9596473,-0.5896599,5.138248,1.994013,-6.550186
IMU,1363400625.0,1,0.7850909,0.5428626,-0.4192567,2.768055,0.5091517,0.4839645
IMU,1363441180.0,1,1.122171,0.610722,-0.01968207,3.119595,0.8642477,-0.3938458
IMU,1363480625.0,1,0.7241717,0.3259124,-0.02711649,4.604142,-0.4702006,-2.843545
IMU,1363520605.0,1,-0.4284439,-0.8183233,0.09195559,4.172477,-1.542469,-5.197291
IMU,1363561481.0,1,-0.9976925,-1.948035,0.4062217,3.928445,-0.8429407,-5.406571
IMU,1363602453.0,1,-1.332728,-2.860371,0.5603046,3.230222,-0.3380729,-6.98424
IMU,1363642355.0,1,-1.982517,-3.307674,0.44109,0.08368499,-1.536567,-10.10211
IMU,1363682373.0,1,1.125683,2.215095,0.01720822,-5.761508,2.54045,-13.88201
IMU,1363722567.0,1,-0.4263107,-0.08740223,0.3001543,-1.600022,-0.3156048,-11.72264
IMU,1363762486.0,1,-0.09550594,-0.4587539,-0.1592476,-1.917733,1.165088,-10.40023
IMU,1363802086.0,1,-0.1034448,-0.0787444,-0.008520235,-0.03270749,1.123531,-8.324772
IMU,1363842142.0,1,0.01228962,0.03510258,-0.002324021,-1.096075,0.7769719,-10.23882
IMU,1363882162.0,1,0.005525378,-0.007431441,0.0007268857,-0.6503408,0.9086134,-9.795189
IMU,1363922556.0,1,0.002062789,-0.008046159,0.008167744,-0.9630865,0.9391696,-9.729632
IMU,1363962569.0,1,-0.004353607,-0.002378295,0.004732733,-0.7612606,0.8320911,-9.854044
IMU,1364002359.0,1,0.001863204,0.002718919,-0.002917711,-0.8155081,0.9003376,-9.705584
IMU,1364042098.0,1,9.667545e-05,-0.006665548,0.0009827944,-0.8636138,0.8682109,-9.904573
IMU,1364082120.0,1,-0.001257285,-0.001909282,0.002667511,-0.877494,0.9431279,-9.722012
IMU,1364122784.0,1,-0.001375033,-0.001447629,-8.212253e-05,-0.8884072,0.8911303,-9.822951
IMU,1364162120.0,1,0.0008891129,-0.005512701,0.001414727,-0.7821954,1.002874,-9.82386
IMU,1364202581.0,1,-0.001269355,0.00471199,0.00165859,-0.8495075,0.878939,-9.82098
IMU,1364242575.0,1,-0.001003124,-0.006968912,-0.003664203,-0.7367587,0.7948364,-9.888886
IMU,1364282957.0,1,0.001102777,-0.0009373449,0.0005491987,-0.842501,0.9541878,-9.705914
IMU,1364323435.0,1,-0.0002183004,-0.006782834,-0.000973549,-0.7878792,0.9248779,-9.850693
IMU,1364362960.0,1,-0.001566813,-0.00463013,-0.001416303,-0.8981468,0.8394577,-9.794317
IMU,1364403551.0,1,0.001556968,-0.001955899,-5.300615e-05,-0.8881286,0.8459159,-9.691611
IMU,1364443855.0,1,0.0009841213,-0.004813989,0.002136516,-0.9118518,0.8271152,-9.725352
IMU,1364483424.0,1,0.00134588,0.005576718,-0.000968255,-0.9704854,0.9209166,-9.833252
IMU,1364523471.0,1,0.001706082,0.001678757,0.004149634,-0.8271766,0.898913,-9.648079
IMU,1364564587.0,1,-0.003067542,0.003141819,0.002419332,-0.7922422,0.884067,-9.872524
IMU,1364605925.0,1,-0.001050559,-0.002941432,0.003928835,-0.8086725,0.8695132,-9.729942
IMU,1364645444.0,1,-1.303945e-05,-0.002172094,0.0001688782,-0.8508507,0.9271389,-9.758352
IMU,1364685206.0,1,0.001948911,7.193496e-05,-0.0009005506,-0.9001459,0.974354,-9.794123
IMU,1364725479.0,1,0.001277946,-0.004739129,-0.0004506817,-0.853624,0.8862543,-9.788431
IMU,1364765405.0,1,-0.0001398112,-0.002504421,0.001032221,-0.862424,0.829237,-9.710857
IMU,1364806631.0,1,0.0008893517,0.002053895,-0.002264703,-0.8324471,0.8626564,-9.904242
IMU,1364845978.0,1,-2.872337e-05,0.006261953,-0.0009907742,-0.8459864,0.9778659,-9.752786
IMU,1364886227.0,1,0.002865971,-0.0005429327,0.0002583146,-0.8429911,0.7672278,-9.70479
IMU,1364926572.0,1,-0.003415691,0.001299023,0.002471446,-0.7922484,0.8711295,-9.943473
IMU,1364965913.0,1,-0.0005004029,-0.004847375,-0.004251961,-0.789546,0.9594724,-9.679661
IMU,1365007078.0,1,0.0008174377,0.004811277,0.001479003,-0.7920267,0.8473161,-9.773219
IMU,1365047203.0,1,0.0006317055,0.000943968,0.0009100089,-0.7796335,0.817793,-9.809869
IMU,1365087436.0,1,0.001186685,-0.005846202,-0.002394412,-0.8131166,0.86356,-9.839687
IMU,1365127166.0,1,0.00213786,0.000208877,-0.0003352044,-0.8276021,0.810571,-9.877381
IMU,1365167131.0,1,0.0001238018,0.002005769,0.0001839568,-0.8897589,0.8579589,-9.750529
IMU,1365208000.0,1,6.469581e-06,0.001375192,-1.400142e-05,-0.8135893,0.8683178,-9.825015
IMU,1365248495.0,1,-0.001909198,0.0009662597,0.0006317531,-0.8834644,0.9093729,-9.805014
IMU,1365288136.0,1,0.0005190922,-0.004303492,-0.003570308,-0.8672366,0.9261162,-9.705265
IMU,1365328606.0,1,0.001223269,-0.001421765,-0.001291709,-0.8661433,0.8335466,-9.801453
IMU,1361406961.0,2,0.03252721,-0.0501711,0.163636,-0.5074024,-0.2235965,-9.753059
IMU,1361447138.0,2,0.1271985,0.01060881,0.08833703,-0.1315875,0.2486913,-10.63671
IMU,1361488218.0,2,0.03991914,0.07488264,0.05782043,-0.0711823,0.1241869,-8.746029
IMU,1361528119.0,2,0.02918279,0.03855691,0.07974941,-0.4703912,-0.508265,-9.513925
IMU,1361570363.0,2,0.0642722,-0.01060001,0.03089286,0.1351997,-0.6532068,-9.713857
IMU,1361612405.0,2,-0.07495123,-0.07369247,0.08170225,-0.6466192,0.54671,-10.4042
IMU,1361653096.0,2,-0.1460382,0.02989926,0.09699221,-0.0998709,-0.09024855,-10.66945
IMU,1361694442.0,2,-0.003391226,0.07129041,0.06548593,-0.8765051,-0.01137714,-9.850698
IMU,1361734462.0,2,-0.07832651,-0.0102614,0.1231124,-0.8250829,0.4712399,-9.2975
IMU,1361774549.0,2,-0.1241758,-0.001705503,0.09594304,0.239416,0.3038003,-10.61991
IMU,1361817643.0,2,-0.05113556,-0.06814372,0.1074481,-0.1511678,0.1827362,-8.696008
IMU,1361858420.0,2,-0.0965492,-0.05739353,0.07484511,-0.128541,0.04347638,-9.401933
IMU,1361899459.0,2,-0.02613536,-0.05964556,0.06653912,-0.3620611,0.4249909,-10.30545
IMU,1361939114.0,2,-0.08778464,-0.08366586,0.06496373,-0.6037096,0.1011281,-9.242278
IMU,1361985657.0,2,-0.1370393,-0.07935004,0.04383934,-0.05797697,0.6320236,-10.08965
IMU,1362025186.0,2,-0.09447919,-0.01242054,-0.0133608,0.4292542,-0.2737164,-9.983621
IMU,1362065609.0,2,0.05677276,-0.06709812,0.02016749,-0.650696,-0.176976,-10.13865
IMU,1362106572.0,2,-0.05470296,-0.02968922,-0.005969289,-0.616777,0.5578624,-9.070532
IMU,1362146903.0,2,0.0541635,0.03094098,-0.0531352,-0.1483803,-0.6376754,-10.06951
IMU,1362189515.0,2,0.04210173,-0.02951904,0.004666441,-0.26763,-0.2168971,-10.07457
IMU,1362229625.0,2,-0.0006783893,0.04444882,-0.05000949,-0.5150403,0.0482231,-9.556807
IMU,1362269570.0,2,0.03452053,-0.02917106,0.01190809,-0.3485217,0.52943,-9.922609
IMU,1362310598.0,2,0.005213026,-0.006521365,-0.004570318,0.4964097,0.2307976,-9.635277
IMU,1362350439.0,2,0.11879,-0.002918734,-0.02947117,-0.8923514,0.1147023,-9.900082
IMU,1362392420.0,2,0.1154821,-0.09268323,-0.02500596,0.01128312,-0.217453,-3.563023
IMU,1362432843.0,2,0.1364915,-0.09769558,-0.03719888,-0.01288977,0.7107272,-0.3328258
IMU,1362472955.0,2,0.172818,-0.07542286,-0.1337887,-0.3120333,0.2357731,-0.643658
IMU,1362512830.0,2,0.17765,-0.09945267,-0.1643956,0.06484613,-0.008856154,-0.1193594
IMU,1362553843.0,2,0.180385,-0.09406905,-0.1997366,-0.0884416,0.09048679,-0.4154245
IMU,1362594214.0,2,0.18003,-0.1019321,-0.2154833,-0.04040175,0.07329465,-0.2766424
IMU,1362635830.0,2,0.1594746,-0.09841194,-0.2154395,-0.05975991,0.02133565,-0.4203553
IMU,1362675883.0,2,0.1393682,-0.08489644,-0.2142002,-0.06386035,0.0509439,-0.4735589
IMU,1362715689.0,2,0.1446885,-0.07540427,-0.2168595,-0.07976753,0.05981482,-0.521031
IMU,1362756575.0,2,0.1498054,-0.04561555,-0.2259738,-0.09003896,0.03668135,-0.6324984
IMU,1362796934.0,2,0.1235397,-0.01693455,-0.2287942,-0.09205221,0.0233244,-0.7607811
IMU,1362836962.0,2,0.08469266,0.01388828,-0.2225012,-0.1269129,0.00754803,-0.8193586
IMU,1362877621.0,2,0.0660705,0.03027687,-0.2245255,-0.1357353,0.04543046,-0.8532435
IMU,1362917617.0,2,0.06444413,0.05060186,-0.2267598,-0.1097234,0.03553841,-0.9958763
IMU,1362957428.0,2,0.05778391,0.05677079,-0.2273024,-0.09453113,0.02347792,-1.027939
IMU,1362997227.0,2,0.06997947,0.05372,-0.2395464,-0.112192,0.03104731,-1.167591
IMU,1363037830.0,2,0.1186366,0.05760578,-0.2489677,-0.1135028,0.01784685,-1.295736
IMU,1363077439.0,2,0.1295711,0.05558766,-0.2450928,-0.06830409,-0.01195512,-1.500585
IMU,1363117423.0,2,0.1027682,0.05646079,-0.2507075,-0.07589533,-0.01956252,-1.520293
IMU,1363157391.0,2,0.05245417,0.05397385,-0.2620867,-0.05613139,-0.08555776,-1.49654
IMU,1363199195.0,2,-0.2352991,-0.1262983,-0.2317995,-0.09722143,-0.3054585,-2.031297
IMU,1363238943.0,2,-1.014173,-0.547897,-0.07674085,-0.8339204,-1.775626,-8.463661
IMU,1363279095.0,2,-1.93082,-2.014423,0.5237373,-3.857211,0.2315819,-22.51352
IMU,1363318727.0,2,1.396345,6.28115,-0.197329,-9.493581,-2.9992,-34.23305
IMU,1363358649.0,2,0.5551907,1.055234,-0.7277334,6.600826,1.948999,-4.318105
IMU,1363400625.0,2,0.8503637,0.5757155,-0.4966395,2.813282,0.953849,0.8626368
IMU,1363441180.0,2,1.180648,0.6499157,-0.06742509,3.129895,0.6519803,-0.4337361
IMU,1363480625.0,2,0.7174198,0.3114585,-0.07356597,4.302913,-0.3104133,-2.704851
IMU,1363520605.0,2,-0.4592848,-0.8641269,0.1341892,3.88114,-1.249503,-4.722723
IMU,1363561481.0,2,-1.052791,-2.036564,0.5216342,3.771554,-0.8227625,-5.2387
IMU,1363602453.0,2,-1.415114,-2.98172,0.6840423,3.042566,-0.4225704,-6.834497
IMU,1363642355.0,2,-2.112974,-3.367583,0.5801818,-0.04467969,-1.441565,-10.48496
IMU,1363682373.0,2,1.226467,2.253585,-0.1211662,-6.737324,2.8435,-15.41175
IMU,1363722567.0,2,-0.484929,-0.1652846,0.3667405,-2.253248,0.0931791,-11.02951
IMU,1363762486.0,2,-0.03099311,-0.4298801,-0.1795247,-1.691625,0.9482161,-10.55384
IMU,1363802086.0,2,-0.1151886,-0.07053004,-0.00864748,-0.09059266,1.144986,-8.632446
IMU,1363842142.0,2,0.01683141,0.03356453,-0.001769612,-1.002841,0.7777985,-10.1169
IMU,1363882162.0,2,0.006202706,-0.003936508,-0.0008634364,-0.7269991,0.9144656,-9.644515
IMU,1363922556.0,2,0.006900868,9.7588e-05,0.002861664,-0.9975787,0.9204388,-9.832961
IMU,1363962569.0,2,-0.0027229,0.0003314558,0.0001742187,-0.7692727,0.8694525,-9.801931
IMU,1364002359.0,2,0.004194808,0.0004719714,-0.001336786,-0.8663245,0.8600395,-9.754766
IMU,1364042098.0,2,0.001781873,-0.001557372,-0.002087901,-0.8569325,0.8611422,-9.8138
IMU,1364082120.0,2,0.002000659,0.002184202,-0.0004745714,-0.8792447,0.8677556,-9.819572
IMU,1364122784.0,2,-0.000317339,0.0005137572,-0.001315329,-0.8625212,0.8695274,-9.771694
IMU,1364162120.0,2,0.002443396,-0.0002401312,-0.0004781672,-0.8584539,0.8809643,-9.77418
IMU,1364202581.0,2,0.001182088,-0.0001312806,-0.001552958,-0.8602287,0.8517388,-9.77496
IMU,1364242575.0,2,0.0004617733,-0.001570774,-0.0006742898,-0.8555807,0.8748967,-9.789108
IMU,1364282957.0,2,0.002961848,-0.001795867,0.0004520412,-0.8410866,0.8609097,-9.779108
IMU,1364323435.0,2,0.0009778286,-6.620143e-06,-0.0002628725,-0.8640615,0.8663006,-9.775009
IMU,1364362960.0,2,0.001539359,-0.0001722009,-0.0008174782,-0.8506613,0.8685857,-9.79128
IMU,1364403551.0,2,0.001698142,0.0003753344,-0.001267294,-0.8526908,0.8694718,-9.787436
IMU,1364443855.0,2,0.001783339,0.0003889472,-0.0009002383,-0.8518702,0.8626999,-9.77678
IMU,1364483424.0,2,0.001891902,-0.001203114,-0.0006150068,-0.863646,0.8789821,-9.77382
IMU,1364523471.0,2,0.002860348,-0.0002026656,0.0006238211,-0.8572107,0.8573546,-9.778016
IMU,1364564587.0,2,0.002046797,-0.001185453,-0.002127161,-0.8642253,0.8853236,-9.773476
IMU,1364605925.0,2,0.001553533,-0.0004620522,-0.0009633452,-0.857675,0.8703632,-9.774453
IMU,1364645444.0,2,0.002369724,-0.001105669,-0.0006642072,-0.8542296,0.8642758,-9.790833
IMU,1364685206.0,2,0.000264951,-0.0005327805,0.0004798176,-0.8683487,0.8585024,-9.767796
IMU,1364725479.0,2,0.003261433,-0.0005257143,-0.0008335304,-0.8577902,0.8810439,-9.790456
IMU,1364765405.0,2,0.001721363,-0.0008210629,-0.0005050472,-0.8646108,0.8674268,-9.774386
IMU,1364806631.0,2,0.00179606,-0.0003550516,-0.000781052,-0.864188,0.8789348,-9.796242
IMU,1364845978.0,2,0.001494767,-0.000713222,-1.948291e-05,-0.8559436,0.8683512,-9.776598
IMU,1364886227.0,2,0.001092465,0.0004377459,-0.0008643952,-0.8510683,0.8574931,-9.781018
IMU,1364926572.0,2,0.002471516,0.0001367603,-0.001322269,-0.8472738,0.8649263,-9.801099
IMU,1364965913.0,2,0.0008674742,-0.0005363371,-0.0001927207,-0.8485157,0.8659928,-9.785003
IMU,1365007078.0,2,0.001647947,-0.0004551213,-8.916163e-05,-0.8613481,0.8672305,-9.785348
IMU,1365047203.0,2,0.001828274,-0.0004997304,-0.001513558,-0.8587024,0.8707599,-9.770259
IMU,1365087436.0,2,0.0004280793,-0.001344953,-0.0007780092,-0.8629301,0.8756887,-9.790789
IMU,1365127166.0,2,0.002096752,-0.0004210554,-0.001064618,-0.8604261,0.8675221,-9.775001
IMU,1365167131.0,2,0.00133106,0.0002410215,-0.001146188,-0.8615779,0.8663774,-9.772684
IMU,1365208000.0,2,0.00154258,-0.0007171718,-0.001130561,-0.8419731,0.8724654,-9.789261
IMU,1365248495.0,2,0.001108911,6.717283e-05,-0.0005319903,-0.8571627,0.8841714,-9.799516
IMU,1365288136.0,2,0.001043591,0.000386821,-0.001013347,-0.8546047,0.8715039,-9.772845
IMU,1365328606.0,2,0.001664863,-0.00183331,0.0003062703,-0.8661032,0.8780149,-9.766772
