ARM,1853510492.0,0.0
AHR2,1852481094.0,-0.81,-3.68,146.28,463.98,43.2382727,-7.6818098
AHR2,1852580995.0,-0.94,-3.27,146.19,463.94,43.2382709,-7.6818088
AHR2,1852682966.0,-1.23,-3.44,146.52,463.95,43.2382695,-7.6818076
AHR2,1852782847.0,-1.51,-3.34,146.38,463.68,43.2382676,-7.6818064
AHR2,1852884378.0,-1.87,-3.17,147.0,463.92,43.2382656,-7.6818052
AHR2,1852984891.0,-1.72,-2.7,146.68,463.86,43.2382638,-7.6818042
AHR2,1853086384.0,-1.91,-2.64,146.67,463.86,43.2382626,-7.681803
AHR2,1853187125.0,-1.91,-2.71,146.56,463.61,43.238261,-7.6818019
AHR2,1853288493.0,-2.11,-2.97,146.13,463.59,43.2382593,-7.6818009
AHR2,1853390922.0,-2.03,-3.32,146.36,463.47,43.2382572,-7.6817997
AHR2,1853490938.0,-1.82,-2.86,145.95,463.55,43.2382555,-7.6817987
AHR2,1853590639.0,-2.04,-2.64,145.86,463.83,43.2382538,-7.6817978
AHR2,1853692431.0,-1.89,-2.0,144.69,463.38,43.238253,-7.6817968
AHR2,1853793731.0,-1.93,-1.41,142.96,463.44,43.2382511,-7.6817948
AHR2,1853894166.0,-2.21,-0.91,141.11,463.26,43.2382496,-7.6817935
AHR2,1853997363.0,-2.62,-0.24,139.18,463.07,43.2382481,-7.6817925
AHR2,1854097913.0,-2.83,0.72,137.09,463.02,43.2382465,-7.6817914
AHR2,1854198676.0,-3.43,1.72,134.82,462.61,43.238245,-7.6817905
AHR2,1854298587.0,-3.56,1.99,132.42,462.2,43.2382434,-7.6817895
AHR2,1854399927.0,-3.02,1.99,130.93,461.94,43.238242,-7.6817889
AHR2,1854500082.0,7.74,-2.79,132.14,463.48,43.2382404,-7.681788
AHR2,1854600492.0,14.86,-2.76,132.09,459.32,43.2382388,-7.6817872
AHR2,1854701950.0,7.19,-3.71,130.54,459.8,43.238241,-7.6817888
AHR2,1854804117.0,-1.39,1.14,134.24,459.88,43.2382418,-7.6817867
AHR2,1854904545.0,1.22,0.49,133.31,460.02,43.2382419,-7.6817858
AHR2,1855004205.0,0.92,0.71,133.49,459.98,43.2382414,-7.6817876
AHR2,1855104443.0,0.94,0.72,133.48,459.95,43.2382413,-7.6817878
AHR2,1855204183.0,0.91,0.75,133.48,459.74,43.2382415,-7.6817875
AHR2,1855304172.0,0.88,0.77,133.49,459.82,43.2382415,-7.6817875
AHR2,1855404333.0,0.86,0.8,133.51,459.84,43.2382415,-7.6817875
AHR2,1855504414.0,0.84,0.82,133.52,459.77,43.2382415,-7.6817874
AHR2,1855604488.0,0.82,0.85,133.52,459.92,43.2382415,-7.6817873
AHR2,1855704340.0,0.8,0.88,133.53,459.82,43.2382414,-7.6817875
AHR2,1855804890.0,0.78,0.91,133.54,459.84,43.2382413,-7.6817877
AHR2,1855904930.0,0.77,0.93,133.55,459.75,43.2382413,-7.6817878
AHR2,1856005977.0,0.75,0.96,133.56,459.71,43.2382415,-7.681788
AHR2,1856105993.0,0.73,0.99,133.57,459.76,43.2382415,-7.681788
AHR2,1856207245.0,0.72,1.01,133.58,459.67,43.2382417,-7.6817879
AHR2,1856307176.0,0.7,1.03,133.59,459.66,43.2382417,-7.6817879
ATT,1852480435.0,-1.423887,-1.134371,-3.398159,-3.390169,151.6113,151.7995
ATT,1852580391.0,-1.726532,-1.323488,-3.239518,-2.973594,151.6179,151.695
ATT,1852682338.0,-1.943413,-1.599712,-3.055242,-3.119878,151.6208,152.02
ATT,1852782185.0,-2.026554,-1.842196,-2.84601,-2.989078,151.6194,151.8796
ATT,1852883819.0,-2.133674,-2.24001,-2.665451,-2.859774,151.6187,152.4953
ATT,1852984197.0,-2.278279,-2.14087,-2.526865,-2.443911,151.6193,152.1821
ATT,1853085812.0,-2.344114,-2.23983,-2.584223,-2.486592,151.6219,152.1734
ATT,1853186169.0,-2.40738,-2.136634,-2.710838,-2.656665,151.626,152.0766
ATT,1853287925.0,-2.412674,-2.353384,-2.849254,-2.878427,151.629,151.6528
ATT,1853390186.0,-2.424977,-2.311405,-2.911438,-3.183862,151.6307,151.8924
ATT,1853490367.0,-2.500422,-2.171379,-2.767142,-2.699567,151.6294,151.4779
ATT,1853590074.0,-1.561854,-2.470153,-1.658153,-2.454453,151.4175,151.3806
ATT,1853691638.0,-0.7909255,-2.349162,-0.8396877,-1.800981,150.2021,150.1671
ATT,1853793154.0,-0.3996418,-2.38526,-0.4242801,-1.172329,148.4212,148.3857
ATT,1853893493.0,-0.2034663,-2.458263,-0.2160099,-0.4341672,146.5413,146.5047
ATT,1853996829.0,-0.1014674,-2.686236,-0.1077227,0.4753515,144.571,144.531
ATT,1854097212.0,-0.05180112,-2.861235,-0.05499464,1.59549,142.4432,142.4006
ATT,1854198092.0,-0.02620205,-3.442758,-0.02781739,2.744601,140.1011,140.0497
ATT,1854297941.0,-0.01337714,-3.651923,-0.01420184,3.105626,137.6308,137.5763
ATT,1854399416.0,-0.00678893,-3.215153,-0.007207473,3.239569,136.0427,135.9947
ATT,1854499402.0,-0.003466014,7.558995,-0.003679698,-1.138166,137.2902,137.4025
ATT,1854599944.0,-0.001765523,14.65628,-0.001874369,-0.7469817,137.368,137.5841
ATT,1854701102.0,-0.0008907674,6.381736,-0.0009456841,-1.647917,135.8646,135.9596
ATT,1854803468.0,-0.0004471985,-2.633373,-0.0004747687,3.244884,139.318,139.2787
ATT,1854903963.0,-0.0002793319,-0.1007615,-0.000296553,2.390863,138.3795,138.378
ATT,1855003602.0,-0.000269233,-0.4305073,-0.0002858315,2.459676,138.5385,138.5321
ATT,1855103874.0,-0.000269233,-0.3791946,-0.0002858315,2.452368,138.5229,138.5173
ATT,1855203499.0,-0.0002596491,-0.3735518,-0.0002756566,2.457932,138.5125,138.507
ATT,1855303630.0,-0.0002596491,-0.387412,-0.0002756566,2.465965,138.5158,138.51
ATT,1855403594.0,-0.0002596491,-0.3882546,-0.0002756567,2.471963,138.5161,138.5103
ATT,1855503862.0,-0.0002596491,-0.3969463,-0.0002756567,2.492149,138.5124,138.5065
ATT,1855603925.0,-0.000259649,-0.4037941,-0.0002756566,2.503963,138.5056,138.4995
ATT,1855703606.0,-0.0002548593,-0.4152494,-0.0002705716,2.531602,138.4988,138.4926
ATT,1855804278.0,-0.0002493798,-0.4242993,-0.0002647542,2.558542,138.4972,138.4908
ATT,1855904373.0,-0.0002493799,-0.4391013,-0.0002647542,2.625547,138.488,138.4814
ATT,1856005392.0,-0.0002393528,-0.4517929,-0.0002541089,2.675026,138.4792,138.4725
ATT,1856105433.0,-0.0002393529,-0.4701915,-0.0002541089,2.753797,138.4696,138.4626
ATT,1856206584.0,-0.0002346408,-0.4840288,-0.0002491065,2.805883,138.4645,138.4572
ATT,1856306605.0,-0.0002346408,-0.5050008,-0.0002491065,2.876364,138.4598,138.4522
BARO,1852500984.0,0,2.40686,463.7769,96950.02
BARO,1852600486.0,0,2.415344,463.7853,96949.91
BARO,1852702432.0,0,2.14975,463.5197,96952.78
BARO,1852804406.0,0,2.387085,463.7571,96950.21
BARO,1852903829.0,0,2.322113,463.6921,96950.93
BARO,1853006221.0,0,2.324921,463.6949,96950.91
BARO,1853106565.0,0,2.073425,463.4434,96953.62
BARO,1853208630.0,0,2.05365,463.4236,96953.84
BARO,1853308587.0,0,1.932159,463.3022,96955.16
BARO,1853410203.0,0,2.014099,463.3841,96954.28
BARO,1853510862.0,0,2.2995,463.6695,96951.18
BARO,1853610510.0,0,1.844543,463.2145,96956.1
BARO,1853711917.0,0,1.906708,463.2767,96955.42
BARO,1853813364.0,0,1.728699,463.0987,96957.37
BARO,1853913187.0,0,1.539368,462.9094,96959.42
BARO,1854014693.0,0,1.488525,462.8585,96959.98
BARO,1854115433.0,0,1.078796,462.4488,96964.42
BARO,1854216085.0,0,0.6634216,462.0334,96968.92
BARO,1854316527.0,0,0.4062805,461.7763,96971.73
BARO,1854416787.0,0,1.949097,463.3191,96954.98
BARO,1854517511.0,0,-2.210358,459.1596,97000.14
BARO,1854618848.0,0,-1.735626,459.6344,96994.97
BARO,1854718868.0,0,-1.650848,459.7191,96994.07
BARO,1854818659.0,0,-1.51239,459.8576,96992.55
BARO,1854919110.0,0,-1.554779,459.8152,96993.02
BARO,1855018628.0,0,-1.588684,459.7813,96993.39
BARO,1855118874.0,0,-1.797791,459.5722,96995.66
BARO,1855218768.0,0,-1.710205,459.6598,96994.7
BARO,1855318786.0,0,-1.696075,459.6739,96994.55
BARO,1855418809.0,0,-1.763885,459.6061,96995.28
BARO,1855518776.0,0,-1.614136,459.7559,96993.66
BARO,1855618924.0,0,-1.713013,459.657,96994.73
BARO,1855718825.0,0,-1.69043,459.6796,96994.49
BARO,1855819470.0,0,-1.786499,459.5835,96995.52
BARO,1855919228.0,0,-1.823212,459.5468,96995.94
BARO,1856020924.0,0,-1.775177,459.5948,96995.41
BARO,1856120943.0,0,-1.868439,459.5016,96996.41
BARO,1856221951.0,0,-1.87973,459.4903,96996.53
BARO,1856321756.0,0,-1.806274,459.5637,96995.76
BARO,1852500984.0,1,2.257111,463.6271,96933.81
BARO,1852600486.0,1,2.565125,463.9351,96930.47
BARO,1852702432.0,1,2.206238,463.5762,96934.37
BARO,1852804406.0,1,2.333405,463.7034,96933.0
BARO,1852903829.0,1,2.409698,463.7797,96932.17
BARO,1853006221.0,1,2.389923,463.7599,96932.38
BARO,1853106565.0,1,2.12149,463.4915,96935.3
BARO,1853208630.0,1,2.166687,463.5367,96934.81
BARO,1853308587.0,1,2.226044,463.596,96934.16
BARO,1853410203.0,1,2.090393,463.4604,96935.64
BARO,1853510862.0,1,2.155396,463.5254,96934.93
BARO,1853610510.0,1,1.977356,463.3474,96936.86
BARO,1853711917.0,1,1.875641,463.2456,96937.96
BARO,1853813364.0,1,1.878479,463.2485,96937.92
BARO,1853913187.0,1,1.756958,463.127,96939.24
BARO,1854014693.0,1,1.584595,462.9546,96941.13
BARO,1854115433.0,1,1.316162,462.6862,96944.03
BARO,1854216085.0,1,1.239868,462.6099,96944.85
BARO,1854316527.0,1,0.5955811,461.9656,96951.84
BARO,1854416787.0,1,-1.713013,459.657,96976.93
BARO,1854517511.0,1,-2.004059,459.3659,96980.09
BARO,1854618848.0,1,-1.597168,459.7728,96975.65
BARO,1854718868.0,1,-1.704559,459.6654,96976.83
BARO,1854818659.0,1,-1.775177,459.5948,96977.59
BARO,1854919110.0,1,-1.653687,459.7163,96976.27
BARO,1855018628.0,1,-1.656494,459.7135,96976.32
BARO,1855118874.0,1,-1.69043,459.6796,96976.66
BARO,1855218768.0,1,-1.560425,459.8096,96975.27
BARO,1855318786.0,1,-1.642395,459.7276,96976.14
BARO,1855418809.0,1,-1.761047,459.6089,96977.45
BARO,1855518776.0,1,-1.597168,459.7728,96975.65
BARO,1855618924.0,1,-1.373932,459.9961,96973.24
BARO,1855718825.0,1,-1.718689,459.6513,96976.99
BARO,1855819470.0,1,-1.681946,459.688,96976.59
BARO,1855919228.0,1,-1.727142,459.6429,96977.07
BARO,1856020924.0,1,-1.605652,459.7643,96975.76
BARO,1856120943.0,1,-1.645203,459.7248,96976.2
BARO,1856221951.0,1,-1.650848,459.7191,96976.26
BARO,1856321756.0,1,-1.633911,459.7361,96976.06
GPS,1852608520.0,4,23,43.2382729,-7.6818097,466.23,2.226,0.126,0.0
GPS,1852790153.0,4,23,43.2382693,-7.6818074,466.2,2.172,0.183,0.0
GPS,1852992097.0,4,23,43.2382659,-7.6818053,466.2,1.977,0.041,0.0
GPS,1853194157.0,4,23,43.2382627,-7.6818031,466.19,2.026,0.05,0.0
GPS,1853375964.0,4,23,43.2382594,-7.6818009,466.14,2.048,0.17,0.0
GPS,1853618723.0,4,23,43.2382561,-7.6817988,466.1,2.037,0.101,0.0
GPS,1853779920.0,4,23,43.238253,-7.6817964,465.91,1.948,1.637,0.0
GPS,1853981424.0,4,23,43.2382501,-7.6817939,465.38,1.939,3.484,0.0
GPS,1854182899.0,4,23,43.2382471,-7.6817917,464.48,1.96,5.327,0.0
GPS,1854385992.0,4,23,43.238244,-7.6817899,463.23,1.883,7.044,0.0
GPS,1854608095.0,4,23,43.238242,-7.6817889,462.09,0.578,4.146,0.0
GPS,1854789102.0,4,23,43.2382417,-7.6817879,461.52,0.761,1.636,0.0
GPS,1854988933.0,4,23,43.2382416,-7.6817873,461.38,0.272,-0.043,0.0
GPS,1855188896.0,4,22,43.2382415,-7.6817876,461.4,0.07,0.152,0.0
GPS,1855388838.0,4,21,43.2382415,-7.6817876,461.42,0.078,0.125,0.0
GPS,1855609454.0,4,21,43.2382414,-7.6817876,461.44,0.056,0.15,0.0
GPS,1855788884.0,4,21,43.2382413,-7.6817877,461.48,0.056,0.063,0.0
GPS,1855989412.0,4,21,43.2382415,-7.681788,461.57,0.038,-0.009000001,0.0
GPS,1856190596.0,4,22,43.2382417,-7.6817879,461.65,0.017,-0.086,0.0
IMU,1852445900.0,0,-0.03270351,0.02308755,0.04604293,-0.6144179,-0.1984719,-8.71064
IMU,1852485995.0,0,-0.1590607,0.06701849,0.06062488,-0.6976674,-0.7112197,-9.937889
IMU,1852526081.0,0,0.05772091,0.05353525,-0.06095893,0.164344,1.301901,-10.41998
IMU,1852566183.0,0,-0.003443688,0.04865068,-0.02839299,-0.0301543,0.05398659,-10.15653
IMU,1852605611.0,0,-0.07290166,0.06063567,0.01485844,-0.6473418,-0.6027229,-9.331165
IMU,1852648132.0,0,-0.08887287,-0.02851877,0.07364867,-0.7734153,-0.1849546,-9.297737
IMU,1852687893.0,0,-0.0138054,-0.02148783,0.01067701,-0.1949608,0.1358497,-10.55336
IMU,1852727401.0,0,-0.0274714,0.06143243,-0.05012154,0.250145,1.266641,-9.833221
IMU,1852767419.0,0,-0.08040115,-0.002907882,0.02914114,-0.4805414,-0.1921421,-9.548434
IMU,1852808998.0,0,-0.06703641,-0.02042735,0.1541566,-1.028939,-0.351376,-9.321828
IMU,1852848868.0,0,0.03385495,0.008452951,0.02654724,-0.4563167,1.472451,-10.42701
IMU,1852889361.0,0,-0.05702507,0.1325506,-0.01518763,-0.1728998,-0.1027038,-9.390277
IMU,1852928892.0,0,0.02669937,0.08606385,-0.03792361,-0.4726801,-0.3950481,-9.684182
IMU,1852969384.0,0,0.02184938,-0.05457016,-0.007556196,-0.1434614,1.432789,-10.27476
IMU,1853010856.0,0,-0.02521808,0.02688469,0.003069827,-0.05611221,1.276425,-9.845137
IMU,1853050933.0,0,-0.05740139,0.1130246,-0.06521799,-0.3318639,-0.2391928,-9.778491
IMU,1853091177.0,0,0.03507302,-0.001512011,-0.08247792,-0.5385782,-0.0975065,-10.08931
IMU,1853131355.0,0,0.04504033,-0.04758505,-0.004598214,-0.2417127,1.265329,-9.686845
IMU,1853173938.0,0,-0.002465433,-0.01376648,-0.08037383,-0.05245061,1.161081,-10.53368
IMU,1853215862.0,0,0.06426752,-0.05182283,-0.07536982,-0.4196133,1.692915,-10.30861
IMU,1853255906.0,0,-0.06857414,-0.0459688,0.008759794,-0.5680715,-0.5688178,-8.626047
IMU,1853296106.0,0,-0.08787183,-0.09124564,0.0648494,-1.272922,0.01968001,-9.916908
IMU,1853335646.0,0,0.01926906,-0.07391723,-0.04836728,-0.09815346,1.130231,-9.780634
IMU,1853376104.0,0,0.006419722,0.0466456,-0.05057006,0.02686885,0.1957074,-9.965739
IMU,1853418367.0,0,0.07070622,0.07233253,0.006196547,-0.2883446,0.3734986,-10.18737
IMU,1853458094.0,0,-0.0541563,0.001437255,0.06653748,-0.9408375,-0.03200011,-9.085536
IMU,1853498404.0,0,-0.07091709,-0.02243402,0.01443724,-0.847833,0.2205993,-10.27862
IMU,1853537908.0,0,-0.01730657,0.1105572,-0.005866699,0.06974673,2.164085,-7.689102
IMU,1853577934.0,0,-0.007227058,0.06133381,-0.0493554,-0.671144,-1.681444,-2.255612
IMU,1853620101.0,0,0.005555567,0.09300708,-0.1420822,-0.2168907,-0.124131,-1.161639
IMU,1853661504.0,0,-0.0008004022,0.1288361,-0.2325116,-0.2291386,0.1936352,-0.0128779
IMU,1853701915.0,0,0.00482548,0.1349869,-0.2597363,-0.1563561,0.09494657,-0.361297
IMU,1853742361.0,0,-0.01099896,0.1155192,-0.297855,-0.1335917,0.0002006572,-0.3477379
IMU,1853784825.0,0,-0.0248034,0.1188897,-0.3188159,-0.1257098,0.1040879,-0.3219431
IMU,1853825675.0,0,-0.002059699,0.1338246,-0.321152,-0.1446443,0.066122,-0.4089448
IMU,1853866169.0,0,-0.01493766,0.1430869,-0.3199468,-0.1024984,-0.003409297,-0.5149338
IMU,1853906103.0,0,-0.0338384,0.1560766,-0.3214215,-0.1059837,0.04137806,-0.5129688
IMU,1853945921.0,0,-0.04319372,0.1646986,-0.323769,-0.1034629,0.04770055,-0.6210337
IMU,1853985673.0,0,-0.02642419,0.1736036,-0.3362552,-0.1144362,0.06586209,-0.7097527
IMU,1854027163.0,0,-0.01045291,0.2055723,-0.3487715,-0.09389697,0.05189303,-0.8048294
IMU,1854067439.0,0,-0.01747436,0.2201324,-0.3674119,-0.08661128,8.380185e-05,-0.9540653
IMU,1854107408.0,0,-0.04769547,0.2134146,-0.380225,-0.103199,-0.01477608,-1.037902
IMU,1854147574.0,0,-0.07621372,0.2175548,-0.3860669,-0.1205485,0.02263423,-1.13989
IMU,1854187399.0,0,-0.09813919,0.2170452,-0.3950661,-0.1107732,0.02786797,-1.32711
IMU,1854228215.0,0,-0.09889043,0.2376233,-0.4147696,-0.1152942,0.05099266,-1.49366
IMU,1854268418.0,0,0.03733414,-0.008575759,-0.4426118,-0.06993849,0.02581882,-3.47567
IMU,1854308085.0,0,0.02430207,-0.1566567,-0.4052514,0.06085236,0.1081373,-2.625712
IMU,1854348187.0,0,-0.3555576,-0.3605461,-0.275907,-0.8677008,-1.717447,-9.938179
IMU,1854393929.0,0,3.306499,-0.04671963,0.2199121,-31.93596,12.2477,-71.67556
IMU,1854434094.0,0,1.179799,-1.041641,0.6169484,-4.075039,1.232528,5.472551
IMU,1854474433.0,0,1.837754,-0.3297343,0.2929407,-0.9078681,0.05707438,-0.2873902
IMU,1854514373.0,0,1.670348,-0.004557451,0.1568886,0.4500997,-0.4592405,-0.2257484
IMU,1854554986.0,0,1.356482,0.1203844,0.05957852,0.7544958,-0.7766541,-1.42139
IMU,1854594612.0,0,0.8405231,0.02544114,-0.1157536,0.7515998,-1.323611,-1.94072
IMU,1854636804.0,0,-0.2298539,-0.1925957,-0.1876317,1.980681,-3.00853,-4.078703
IMU,1854676221.0,0,-2.014644,-0.5351512,-0.3317058,1.906547,-5.530958,-9.511442
IMU,1854716193.0,0,-3.372581,0.4444804,0.1063105,0.6952896,-2.836208,-10.42879
IMU,1854756354.0,0,-1.914723,0.7960626,0.8090646,0.366277,3.587149,-14.29673
IMU,1854797140.0,0,-0.1126247,1.115275,0.6106862,-0.1899923,3.727805,-15.69102
IMU,1854836163.0,0,0.2307391,-0.1540789,-0.1914714,0.07587448,2.629203,-12.38216
IMU,1854876562.0,0,0.6773255,-0.2626477,-0.2401019,1.154551,-0.4183246,-9.501832
IMU,1854916239.0,0,0.329415,-0.09334033,-0.02774601,0.6605294,-0.955614,-8.33084
IMU,1854956799.0,0,-0.1503988,0.03525376,0.03849561,0.9645342,-0.1933641,-8.743499
IMU,1854998624.0,0,-0.1307663,0.02440049,0.03583184,0.3203044,0.234354,-10.48369
IMU,1855038977.0,0,0.05019339,-0.01607204,-0.01780091,0.4780747,0.283449,-10.05115
IMU,1855078789.0,0,-0.002886693,-0.0007797378,0.00646053,0.7702728,-0.1300765,-9.315701
IMU,1855119011.0,0,-0.02159084,0.005203375,0.007152639,0.4899285,0.1643844,-10.02438
IMU,1855159573.0,0,0.01258791,-0.003081567,-0.004764985,0.6515185,0.06638652,-9.704113
IMU,1855199512.0,0,-0.008064267,-0.004725503,0.003685978,0.6093535,0.0502301,-9.770535
IMU,1855238608.0,0,-0.003506909,-0.001690467,0.003235633,0.5765509,0.09975392,-9.790936
IMU,1855278815.0,0,-0.002680818,-0.002760472,0.003554512,0.5892823,0.09192222,-9.747681
IMU,1855318929.0,0,-0.003596056,-0.002763426,0.004914454,0.5897168,0.0740111,-9.781593
IMU,1855359610.0,0,-0.002794155,-0.002020207,0.003361467,0.6038768,0.06876341,-9.799117
IMU,1855399510.0,0,-0.003662669,-0.002647726,0.002338554,0.5914884,0.07951923,-9.77325
IMU,1855439137.0,0,-0.002020506,-0.003054368,0.002190737,0.5967675,0.08559382,-9.791944
IMU,1855478582.0,0,-0.004068914,-0.002176792,0.00398899,0.5859237,0.07870168,-9.783313
IMU,1855518933.0,0,-0.003015964,-0.001949831,0.002539548,0.5963851,0.07925714,-9.786322
IMU,1855560936.0,0,-0.00499175,1.531206e-05,0.001811043,0.5920821,0.07707116,-9.789124
IMU,1855601245.0,0,-0.003821578,-0.003527431,0.001914158,0.6030001,0.08666953,-9.761326
IMU,1855641216.0,0,-0.003679386,-0.00335053,0.002904328,0.6081291,0.06564757,-9.764027
IMU,1855680980.0,0,-0.004079387,-0.0009049206,0.002008122,0.5970911,0.06261276,-9.762985
IMU,1855721461.0,0,-0.004906027,-0.002676962,0.003806154,0.6056639,0.07880546,-9.783327
IMU,1855763599.0,0,-0.003482,-0.001320566,0.004183183,0.590008,0.07430494,-9.773331
IMU,1855805203.0,0,-0.003065596,-0.002820122,0.004075403,0.5943402,0.07732791,-9.769993
IMU,1855844422.0,0,-0.002576794,-0.002766677,0.00320637,0.6014326,0.08317698,-9.785051
IMU,1855884852.0,0,-0.003060242,-0.001881385,0.003336848,0.5867313,0.05930612,-9.774479
IMU,1855924648.0,0,-0.005094307,-0.001176276,0.003144146,0.5986305,0.07362784,-9.782557
IMU,1855964361.0,0,-0.002955054,-0.001338187,0.002537393,0.5918887,0.1018542,-9.76158
IMU,1856008401.0,0,-0.003158387,-0.002631389,0.002744465,0.5944893,0.07220427,-9.77456
IMU,1856047974.0,0,-0.002983992,-0.002381925,0.003043698,0.5950969,0.07927916,-9.767602
IMU,1856087851.0,0,-0.004090685,-0.002250704,0.003144122,0.5861421,0.08521745,-9.759367
IMU,1856127865.0,0,-0.003410302,-0.00206486,0.00289018,0.6029534,0.07059581,-9.795697
IMU,1856167996.0,0,-0.003205072,-0.001828013,0.003468135,0.5886585,0.0818881,-9.770751
IMU,1856209434.0,0,-0.004146788,-0.00238797,0.002634234,0.5923179,0.07701954,-9.750754
IMU,1856249383.0,0,-0.002916166,-0.003047309,0.002388341,0.5981823,0.07591124,-9.786842
IMU,1856288821.0,0,-0.004763154,-0.002988527,0.003605863,0.6053914,0.07933456,-9.760157
IMU,1856328895.0,0,-0.004171352,-0.001156111,0.003701408,0.5975516,0.07574744,-9.766553
IMU,1856368982.0,0,-0.004612779,-0.0007202321,0.002431239,0.6058609,0.07354236,-9.770631
IMU,1852445900.0,1,-0.04988967,0.0004943302,0.0743075,0.1019926,1.05618,-7.912683
IMU,1852485995.0,1,-0.1052814,0.04460301,0.06138247,-0.1849978,-1.794264,-9.714796
IMU,1852526081.0,1,-0.01495698,0.0361411,-0.02869937,0.09528841,-0.1078168,-10.95373
IMU,1852566183.0,1,-0.06090114,0.06168345,-0.01082363,-0.3722163,1.197285,-10.00592
IMU,1852605611.0,1,-0.07719624,0.03092784,-0.02728829,-1.033908,-1.427871,-9.850595
IMU,1852648132.0,1,-0.07031378,-0.05474484,0.08191876,-0.7793306,0.07072086,-9.086918
IMU,1852687893.0,1,-0.02949791,-0.01521678,0.04863644,0.3643271,0.2797154,-10.92544
IMU,1852727401.0,1,-0.1277557,0.02812851,-0.03885387,0.4362251,1.169678,-9.637417
IMU,1852767419.0,1,-0.08568171,-0.01696187,0.02311963,-0.5945948,-0.607077,-9.462812
IMU,1852808998.0,1,-0.03259861,-0.01634542,0.08112095,-0.4569474,-1.274256,-10.10204
IMU,1852848868.0,1,0.0009771589,0.004404317,0.04739708,-0.1675424,1.637624,-10.23877
IMU,1852889361.0,1,-0.08604235,0.1175684,0.06775343,-0.1660691,-0.001083866,-8.829462
IMU,1852928892.0,1,-0.02850378,0.1059003,-0.07205604,-0.9098374,-1.364714,-9.805367
IMU,1852969384.0,1,-0.009344245,0.002037934,-0.07713001,-1.117071,1.529781,-10.65593
IMU,1853010856.0,1,-0.04250659,0.02146403,0.02282418,0.5741578,1.554706,-10.27434
IMU,1853050933.0,1,-0.07345722,0.04046956,-0.03226211,0.006169735,0.03124304,-9.187201
IMU,1853091177.0,1,-0.04451264,0.004879992,-0.0002296093,-1.392516,-0.7964827,-10.20107
IMU,1853131355.0,1,0.005083006,-0.0272723,-0.009309645,-0.604569,0.7364952,-10.2902
IMU,1853173938.0,1,-0.02117717,-0.02959407,-0.06433757,-0.2270254,-0.4475461,-10.43786
IMU,1853215862.0,1,-0.01060462,-0.04046657,-0.07540128,-0.825568,1.458467,-10.81159
IMU,1853255906.0,1,-0.06087801,-0.04126487,-0.04314102,-0.2444889,-0.1257528,-8.432076
IMU,1853296106.0,1,-0.03998062,-0.09206743,0.0004595777,-0.3712152,-0.551666,-10.47259
IMU,1853335646.0,1,-0.01883709,-0.07346042,-0.02599134,-0.08035063,0.645721,-8.88096
IMU,1853376104.0,1,-0.0189224,0.03863942,-0.01913644,-0.003933312,0.3351707,-10.01305
IMU,1853418367.0,1,0.04710755,0.05400795,-0.01590241,-0.3902549,0.1915987,-10.5091
IMU,1853458094.0,1,-0.02374971,0.005448209,0.007321953,-0.9755177,-0.563716,-8.824739
IMU,1853498404.0,1,-0.03821911,0.01209674,-0.00784552,-0.7800645,-0.228929,-10.67926
IMU,1853537908.0,1,-0.0409244,0.08104272,0.007256046,-0.3882826,2.130745,-6.736917
IMU,1853577934.0,1,0.02258838,0.07590987,-0.0481101,-0.5996314,-1.998329,-2.282485
IMU,1853620101.0,1,-0.03522298,0.093753,-0.1190636,-0.1910076,-0.08363874,-0.8911269
IMU,1853661504.0,1,-0.01427373,0.1209106,-0.2160315,-0.2595613,0.3291248,0.01942011
IMU,1853701915.0,1,-0.0031502,0.1295063,-0.2447163,-0.1806699,0.1125247,-0.4572092
IMU,1853742361.0,1,-0.0149541,0.1133415,-0.2741213,-0.1278248,-0.00105472,-0.3737836
IMU,1853784825.0,1,-0.03434619,0.1174248,-0.2950518,-0.1103663,0.2545897,-0.3833677
IMU,1853825675.0,1,-0.01051846,0.127566,-0.3030679,-0.204232,0.1219069,-0.3616551
IMU,1853866169.0,1,-0.01973845,0.1355598,-0.2988319,-0.1424823,0.08628611,-0.5705604
IMU,1853906103.0,1,-0.03772105,0.147742,-0.2978661,-0.1563507,0.1030608,-0.5322285
IMU,1853945921.0,1,-0.04856863,0.1524584,-0.2960068,-0.1348076,0.1298776,-0.7205352
IMU,1853985673.0,1,-0.03711265,0.1656685,-0.3117293,-0.1539688,0.1419747,-0.7212718
IMU,1854027163.0,1,-0.01934899,0.1910622,-0.3249274,-0.2064455,0.193937,-0.8025313
IMU,1854067439.0,1,-0.02336882,0.2021046,-0.3411514,-0.1098866,0.0504057,-0.9305565
IMU,1854107408.0,1,-0.05565711,0.1943032,-0.3534733,-0.1843939,0.01900238,-1.18337
IMU,1854147574.0,1,-0.08282074,0.1987981,-0.3595483,-0.1211523,0.04603585,-1.135265
IMU,1854187399.0,1,-0.1050976,0.2000851,-0.3713814,-0.1868015,0.04401342,-1.377723
IMU,1854228215.0,1,-0.1085445,0.2155753,-0.3845202,-0.1530019,0.1106839,-1.59736
IMU,1854268418.0,1,0.0184212,0.02930461,-0.4029276,0.01641474,0.261913,-3.786837
IMU,1854308085.0,1,-0.0004087003,-0.1394936,-0.3818837,0.07594773,0.1944391,-2.55336
IMU,1854348187.0,1,-0.2715512,-0.2787691,-0.2672921,-0.6642011,-1.910296,-10.88349
IMU,1854393929.0,1,2.699754,0.02011178,0.06800663,-54.62931,14.18352,-93.79324
IMU,1854434094.0,1,1.074716,-1.19271,0.4991667,-3.543846,2.172981,6.741336
IMU,1854474433.0,1,1.812115,-0.4207721,0.317251,-1.115422,0.006848621,-0.3650294
IMU,1854514373.0,1,1.631732,-0.02358907,0.1894963,0.504257,-0.3520679,-0.2585722
IMU,1854554986.0,1,1.326025,0.1097078,0.09746576,0.6993519,-0.7003976,-1.689144
IMU,1854594612.0,1,0.811992,0.03000395,-0.06858211,0.6993082,-1.191437,-2.14204
IMU,1854636804.0,1,-0.1426499,-0.1504861,-0.1721897,2.011044,-2.993541,-4.431013
IMU,1854676221.0,1,-1.892594,-0.5072164,-0.3799798,1.94693,-5.696826,-9.806588
IMU,1854716193.0,1,-3.32288,0.4206145,-0.07310531,0.5480551,-3.10826,-10.38801
IMU,1854756354.0,1,-2.007668,0.7324049,0.6399356,0.1946091,3.36399,-13.74116
IMU,1854797140.0,1,-0.1332999,1.110244,0.5871942,0.007944818,3.749873,-15.7572
IMU,1854836163.0,1,0.1649247,-0.09283692,-0.1379265,0.1528002,2.579978,-12.53381
IMU,1854876562.0,1,0.6296679,-0.2650839,-0.2026653,1.107968,-0.644861,-9.520822
IMU,1854916239.0,1,0.329542,-0.1005455,-0.01957154,0.581935,-1.00852,-8.681892
IMU,1854956799.0,1,-0.1320234,0.05616182,0.03720766,0.9439865,-0.2376664,-8.799928
IMU,1854998624.0,1,-0.1362705,0.02786537,0.03195987,0.4053131,0.162914,-10.45745
IMU,1855038977.0,1,0.02444815,-0.008335496,-0.007510078,0.4618999,0.1666565,-10.06167
IMU,1855078789.0,1,0.000816096,0.007410849,0.008936009,0.755631,-0.2112648,-9.323619
IMU,1855119011.0,1,-0.02307165,0.01390771,0.01453796,0.5320189,0.1888511,-10.09127
IMU,1855159573.0,1,0.008015666,0.0004487239,-0.008786833,0.5934402,-0.0382108,-9.827408
IMU,1855199512.0,1,-0.001062712,0.001409347,0.0002626024,0.6048542,-0.01118019,-9.901328
IMU,1855238608.0,1,-0.002712798,0.002332503,0.002353902,0.5209168,-0.0739383,-9.831196
IMU,1855278815.0,1,0.0020264,0.003164436,0.001449819,0.5538385,0.1120731,-9.825632
IMU,1855318929.0,1,-0.002181101,0.005547854,0.005097792,0.5009803,0.03533929,-9.895513
IMU,1855359610.0,1,-0.0008465156,0.005325511,0.001931398,0.6634461,0.08420972,-9.782448
IMU,1855399510.0,1,-0.001114255,0.003951348,0.00263372,0.6256133,0.04098048,-9.757648
IMU,1855439137.0,1,0.001401504,0.00305576,0.0007998745,0.5852458,0.1226413,-10.01858
IMU,1855478582.0,1,0.001892887,0.006773395,0.0002243043,0.5619632,0.01293797,-9.750585
IMU,1855518933.0,1,-0.002701557,0.002693839,-0.0004680837,0.5825802,0.0585532,-9.775052
IMU,1855560936.0,1,-0.003019075,0.003104066,-0.001250417,0.5383572,0.09446496,-9.926471
IMU,1855601245.0,1,0.0004631366,0.003068151,0.001407488,0.6277829,0.07549823,-9.820111
IMU,1855641216.0,1,-9.537885e-05,0.0008928836,0.003617191,0.54786,0.01792432,-9.868448
IMU,1855680980.0,1,-0.002681161,0.01105443,0.001501251,0.5569789,0.04040049,-9.859168
IMU,1855721461.0,1,-0.0007657679,0.0008945732,0.000346717,0.5469592,0.02843928,-9.831791
IMU,1855763599.0,1,0.0002578202,-0.002549228,0.003553051,0.6668,-0.008264135,-9.894561
IMU,1855805203.0,1,-0.001028397,0.009751997,0.001458255,0.5787452,0.04864721,-9.843554
IMU,1855844422.0,1,-0.003416661,0.01045468,0.001296321,0.644692,0.012279,-9.917175
IMU,1855884852.0,1,-0.002187193,0.006838642,-0.001863563,0.6114772,0.07506076,-9.852124
IMU,1855924648.0,1,-0.0007396104,0.002768758,0.004550658,0.5531914,-0.04120136,-9.7935
IMU,1855964361.0,1,-4.582159e-05,0.005089845,0.00248086,0.5719033,-0.05479519,-9.83766
IMU,1856008401.0,1,-0.001050193,0.001327601,-0.0009115892,0.5287265,-0.003322897,-9.828675
IMU,1856047974.0,1,-0.003474386,0.003991001,0.002126042,0.6217151,-0.05402675,-9.861021
IMU,1856087851.0,1,-0.002220435,0.007108617,0.003908956,0.6020214,-0.0458004,-9.83979
IMU,1856127865.0,1,-0.002659159,0.007402986,0.003112531,0.6038825,-0.01600652,-9.888287
IMU,1856167996.0,1,-0.0005623629,-0.0006502428,-0.002764068,0.5974873,0.07751501,-9.855021
IMU,1856209434.0,1,-0.001304151,-0.001776057,0.001783889,0.60675,-0.002134298,-9.86667
IMU,1856249383.0,1,0.0003255795,0.001122192,0.003865265,0.5940211,-0.003126372,-9.861605
IMU,1856288821.0,1,-0.0009101669,0.002694172,0.0008817858,0.5857556,0.006136253,-9.723028
IMU,1856328895.0,1,0.002212649,0.004519692,0.002104555,0.5569076,0.06313943,-9.943479
IMU,1856368982.0,1,-0.002615934,0.005494496,0.003339979,0.601437,0.09088238,-9.763075
IMU,1852445900.0,2,0.008900203,0.002454934,0.04152443,-0.06848618,0.5452394,-9.46936
IMU,1852485995.0,2,-0.1227897,0.04960122,0.02646563,-0.06946035,-0.06462967,-9.882395
IMU,1852526081.0,2,0.01145483,0.05224645,-0.02034461,-0.4890527,-0.03313847,-9.775462
IMU,1852566183.0,2,-0.007666231,0.04553259,0.009868705,-0.4958052,0.1294321,-8.942223
IMU,1852605611.0,2,-0.07117938,0.0511719,0.007732959,-0.9900246,-0.2287572,-10.09069
IMU,1852648132.0,2,-0.05180582,-0.02095383,0.03581107,0.5951112,0.01925872,-10.08253
IMU,1852687893.0,2,-0.04924282,-0.0224139,0.02001457,-0.7266339,-0.03712483,-10.0825
IMU,1852727401.0,2,-0.07874641,0.03141841,-0.01886527,-0.2860756,0.7277852,-10.12434
IMU,1852767419.0,2,-0.04583103,0.002457983,0.0341908,-0.7308236,0.9354387,-9.126004
IMU,1852808998.0,2,-0.05102969,-0.00260418,0.08919583,-0.6559133,-0.6644601,-11.0858
IMU,1852848868.0,2,0.04011581,0.03308817,0.01796873,-0.3745554,-0.05111346,-10.10867
IMU,1852889361.0,2,-0.05798971,0.1027845,0.003400635,-0.2945376,0.5762855,-9.179329
IMU,1852928892.0,2,0.01530778,0.07527588,-0.01934647,-0.6268174,-0.4265878,-8.713038
IMU,1852969384.0,2,0.02297512,-0.01520671,0.01482901,-1.08023,0.2950245,-10.28032
IMU,1853010856.0,2,-0.007594992,0.009638349,-0.01190036,0.008235247,0.5145639,-10.1568
IMU,1853050933.0,2,-0.03384863,0.06023277,-0.05107742,-0.06734458,-0.0938288,-8.806398
IMU,1853091177.0,2,-0.01287904,0.01493263,-0.03002589,-0.8127764,-0.6151657,-9.21264
IMU,1853131355.0,2,0.03729242,-0.03590079,-0.009872066,-1.008787,-0.1178724,-10.20296
IMU,1853173938.0,2,-0.008577017,-0.0315788,-0.07075839,-0.1833874,0.4893619,-10.28585
IMU,1853215862.0,2,0.01797122,-0.03948987,-0.04540762,-0.7451088,1.293299,-9.828323
IMU,1853255906.0,2,-0.03527973,-0.04765251,-0.01988467,-0.04573588,0.4715739,-9.973579
IMU,1853296106.0,2,-0.07954436,-0.06351808,-0.01000889,0.08138578,0.3755664,-8.914559
IMU,1853335646.0,2,0.0242475,-0.06359426,-0.01889448,0.1863764,-0.437448,-10.30527
IMU,1853376104.0,2,0.02280471,0.02589305,-0.04053417,-0.4962273,0.38505,-10.26613
IMU,1853418367.0,2,0.05273158,0.03448392,0.009581025,-0.7143897,0.4300121,-9.871102
IMU,1853458094.0,2,-0.02844431,0.04177871,0.01838981,-0.6120723,0.2089846,-10.16528
IMU,1853498404.0,2,-0.07656831,0.01665722,-0.02630116,-0.9155956,-0.161241,-10.1223
IMU,1853537908.0,2,0.006538174,0.09910929,-0.03088202,0.1303914,0.5925131,-8.18154
IMU,1853577934.0,2,0.01126102,0.05851564,-0.05404532,-0.475448,-0.8868462,-1.964448
IMU,1853620101.0,2,0.01152758,0.09776068,-0.1406591,-0.1858738,0.09994847,-1.37662
IMU,1853661504.0,2,0.005875496,0.1307921,-0.2363715,-0.2246523,0.2258139,-0.2207799
IMU,1853701915.0,2,0.01173927,0.1375022,-0.2629189,-0.0779694,0.07365438,-0.4608566
IMU,1853742361.0,2,-0.004146273,0.1166547,-0.3010526,-0.08489262,0.04470434,-0.4524905
IMU,1853784825.0,2,-0.01868756,0.1192337,-0.3215435,-0.08398108,0.1197491,-0.4310358
IMU,1853825675.0,2,0.004725178,0.1358909,-0.3246152,-0.08263346,0.09913139,-0.4940076
IMU,1853866169.0,2,-0.01016515,0.1444462,-0.3234915,-0.08390068,0.03881102,-0.6069542
IMU,1853906103.0,2,-0.02832207,0.1588362,-0.3235658,-0.08313318,0.05903235,-0.608209
IMU,1853945921.0,2,-0.03633262,0.1667258,-0.3247994,-0.09063078,0.06776499,-0.686419
IMU,1853985673.0,2,-0.01901124,0.1740025,-0.338466,-0.07797684,0.08309874,-0.7685317
IMU,1854027163.0,2,-0.001785621,0.2065516,-0.3501659,-0.05995164,0.05978338,-0.9314057
IMU,1854067439.0,2,-0.0105777,0.2227367,-0.3687621,-0.05514896,0.01657939,-1.027072
IMU,1854107408.0,2,-0.04037184,0.2163739,-0.3809238,-0.07253581,-0.002450273,-1.144377
IMU,1854147574.0,2,-0.06899685,0.2201215,-0.388046,-0.08038773,0.02908135,-1.223346
IMU,1854187399.0,2,-0.08949473,0.2208945,-0.3957915,-0.07910576,0.0221659,-1.396943
IMU,1854228215.0,2,-0.09043311,0.2413639,-0.4145445,-0.07110664,0.04733567,-1.543325
IMU,1854268418.0,2,0.038389,0.01336785,-0.4342803,-0.1647168,0.195786,-2.965124
IMU,1854308085.0,2,0.02308938,-0.1635605,-0.411151,0.04263666,-0.09898735,-2.876301
IMU,1854348187.0,2,-0.3919904,-0.3154636,-0.2634653,-1.058923,-0.9264624,-9.715915
IMU,1854393929.0,2,2.702174,0.9817989,0.2081926,-37.882,-3.018959,-95.71297
IMU,1854434094.0,2,1.17956,-1.258972,0.3503664,0.2138333,3.004829,6.370304
IMU,1854474433.0,2,1.828268,-0.3766385,0.2715606,-0.4920418,-0.1112288,-1.269147
IMU,1854514373.0,2,1.677274,-0.05080152,0.1414421,0.5229454,-0.4791414,-0.6710818
IMU,1854554986.0,2,1.357585,0.09422777,0.04858612,0.770983,-0.7027087,-1.430139
IMU,1854594612.0,2,0.8427395,0.01188846,-0.1237434,0.7964638,-1.175376,-2.271609
IMU,1854636804.0,2,-0.2420249,-0.1953042,-0.194693,1.79781,-2.749655,-4.509517
IMU,1854676221.0,2,-1.998089,-0.494949,-0.3249717,1.870225,-5.312065,-10.22653
IMU,1854716193.0,2,-3.32836,0.5205316,0.1195363,0.4150159,-3.059837,-10.79516
IMU,1854756354.0,2,-1.867325,0.8537388,0.8203713,0.3910033,2.93499,-13.76733
IMU,1854797140.0,2,-0.07396197,1.12141,0.6075998,-0.1187117,3.265809,-15.37547
IMU,1854836163.0,2,0.2298326,-0.1458175,-0.1901648,0.08562665,2.346584,-12.18451
IMU,1854876562.0,2,0.6705889,-0.2796662,-0.2507882,1.082479,-0.4610012,-9.67512
IMU,1854916239.0,2,0.3302266,-0.09828088,-0.03588646,0.6107286,-0.881135,-8.713403
IMU,1854956799.0,2,-0.1387001,0.04046314,0.03482927,0.9215854,-0.2413125,-8.836014
IMU,1854998624.0,2,-0.1260268,0.02905113,0.03346832,0.3017539,0.08978979,-10.52856
IMU,1855038977.0,2,0.05559859,-0.01581131,-0.02083188,0.4600372,0.1541773,-10.15574
IMU,1855078789.0,2,0.003280051,0.0007618495,0.001675459,0.7296212,-0.1952522,-9.456604
IMU,1855119011.0,2,-0.01654954,0.005747866,0.004141733,0.4874308,0.06481602,-10.06584
IMU,1855159573.0,2,0.01715506,-0.002354573,-0.0101893,0.6189299,-0.0222944,-9.798018
IMU,1855199512.0,2,-0.002950874,-0.002316546,0.0004976957,0.5837291,-0.0544035,-9.867579
IMU,1855238608.0,2,0.001662299,-0.000397111,-0.00110249,0.535096,-0.001522096,-9.907934
IMU,1855278815.0,2,0.002691563,-0.001136032,-0.001005827,0.5631239,-0.00915177,-9.828765
IMU,1855318929.0,2,0.001751239,-0.001350026,0.00109764,0.5695795,-0.02777464,-9.893344
IMU,1855359610.0,2,0.00366417,-0.0005074536,-0.0009801066,0.5787055,-0.02469498,-9.886612
IMU,1855399510.0,2,0.001379488,0.000330647,-0.002460669,0.5813233,-0.01972932,-9.882077
IMU,1855439137.0,2,0.004470117,-0.0004270829,-0.001637162,0.5791165,-0.02854404,-9.873708
IMU,1855478582.0,2,0.002543802,-0.0006707676,-0.0003439872,0.5694693,-0.03176262,-9.853938
IMU,1855518933.0,2,0.001860833,6.895178e-05,-0.001672277,0.5745839,-0.0264622,-9.859186
IMU,1855560936.0,2,0.003136844,-0.0006244036,-0.00195233,0.5815276,-0.01570746,-9.868889
IMU,1855601245.0,2,0.002908842,-0.001074294,-0.003239252,0.5746756,-0.02603174,-9.872648
IMU,1855641216.0,2,0.001774098,-0.00105243,-0.001804384,0.5664473,-0.02183942,-9.859782
IMU,1855680980.0,2,0.001116071,0.0004604597,-0.001818742,0.5903218,-0.01941623,-9.866047
IMU,1855721461.0,2,0.001005577,-0.000686588,-0.000733909,0.571125,-0.02346181,-9.851397
IMU,1855763599.0,2,0.001635792,-0.001420166,-0.001456058,0.5849633,-0.02408241,-9.86325
IMU,1855805203.0,2,0.001632471,0.0007489931,-0.002302634,0.5764763,-0.01261897,-9.878255
IMU,1855844422.0,2,0.002853181,0.0003082669,-0.0008408361,0.5856706,-0.01701156,-9.861283
IMU,1855884852.0,2,0.001828769,-0.001464447,-0.001122277,0.5647161,-0.01366778,-9.878666
IMU,1855924648.0,2,0.0009693009,-0.001005092,-0.0005255469,0.5733653,-0.01425855,-9.875355
IMU,1855964361.0,2,0.002423304,-0.001755746,-0.001561042,0.5656332,-0.02434021,-9.859159
IMU,1856008401.0,2,0.001685728,-0.001582229,-0.002109269,0.5721532,-0.01427097,-9.867725
IMU,1856047974.0,2,0.002219958,0.0004228478,-0.001947891,0.5698869,-0.0184491,-9.877882
IMU,1856087851.0,2,0.001128843,-0.0002499344,-0.001342665,0.5792749,-0.01611221,-9.855233
IMU,1856127865.0,2,0.002246363,-1.469392e-05,-0.001589862,0.5574536,-0.01674332,-9.870991
IMU,1856167996.0,2,0.000994883,-0.001180239,-0.001594615,0.5766698,-0.01375994,-9.834073
IMU,1856209434.0,2,0.001140206,-0.001497359,-0.001986976,0.5655921,-0.006598677,-9.845837
IMU,1856249383.0,2,0.001458319,-0.001096321,0.0003032685,0.5607518,-0.01445526,-9.854923
IMU,1856288821.0,2,0.003597185,0.0002705262,-0.0001264952,0.5653584,-0.02871102,-9.881491
IMU,1856328895.0,2,0.001159116,0.0004736546,-0.001242825,0.576791,-0.01417899,-9.857596
IMU,1856368982.0,2,0.001786862,-0.0009284012,-0.001757182,0.5701219,-0.01625707,-9.85868
