ARM,1532400185.0,0.0
AHR2,1531783477.0,-0.76,-0.87,89.43,471.08,43.2382564,-7.6819207
AHR2,1531888245.0,-0.61,-0.03,89.98,471.29,43.2382561,-7.6819161
AHR2,1531992694.0,-0.56,0.85,90.54,471.22,43.2382557,-7.6819115
AHR2,1532097476.0,-0.49,1.41,91.05,471.35,43.2382554,-7.6819079
AHR2,1532203208.0,-0.51,1.71,91.3,471.55,43.2382548,-7.6819034
AHR2,1532307078.0,-0.4,2.36,91.67,471.6,43.2382544,-7.6818991
AHR2,1532410727.0,-0.35,3.28,92.07,471.44,43.238254,-7.6818948
AHR2,1532511976.0,0.96,4.98,91.88,471.13,43.2382546,-7.6818929
AHR2,1532617476.0,3.33,8.69,90.93,470.5,43.2382542,-7.6818888
AHR2,1532717738.0,5.72,12.2,89.86,470.48,43.238254,-7.6818851
AHR2,1532820117.0,8.23,15.95,88.85,470.33,43.2382532,-7.6818805
AHR2,1532919870.0,10.56,19.51,87.98,470.31,43.2382529,-7.6818767
AHR2,1533021693.0,12.23,22.68,87.02,470.08,43.2382522,-7.6818735
AHR2,1533121666.0,12.99,25.15,85.87,469.97,43.2382517,-7.6818698
AHR2,1533223707.0,12.74,27.23,84.42,469.42,43.2382513,-7.6818668
AHR2,1533323838.0,11.13,28.22,82.59,468.94,43.2382509,-7.6818633
AHR2,1533423737.0,8.62,27.25,80.17,468.57,43.2382505,-7.6818599
AHR2,1533525234.0,1.55,24.16,76.54,468.02,43.2382498,-7.6818585
AHR2,1533627535.0,-0.59,2.96,73.2,467.49,43.2382493,-7.6818551
AHR2,1533727617.0,7.29,-14.03,73.37,463.63,43.2382489,-7.6818522
AHR2,1533829610.0,18.99,-12.65,75.0,463.72,43.2382458,-7.6818522
AHR2,1533929638.0,17.85,-11.46,75.42,464.21,43.2382443,-7.6818505
AHR2,1534031232.0,11.49,-7.53,77.48,464.41,43.2382466,-7.6818525
AHR2,1534131113.0,10.51,-6.75,77.77,464.46,43.2382466,-7.6818521
AHR2,1534231519.0,11.65,-7.74,77.32,464.48,43.2382462,-7.6818522
AHR2,1534331530.0,11.43,-7.58,77.59,464.58,43.2382461,-7.681852
AHR2,1534431468.0,11.2,-7.35,77.84,464.54,43.2382462,-7.6818525
AHR2,1534531507.0,11.32,-7.38,77.94,464.79,43.2382462,-7.6818526
AHR2,1534631712.0,11.22,-7.26,78.14,464.59,43.2382463,-7.6818526
AHR2,1534731497.0,11.22,-7.21,78.29,464.53,43.2382464,-7.6818526
AHR2,1534832488.0,11.19,-7.15,78.47,464.65,43.2382459,-7.6818527
AHR2,1534932110.0,11.15,-7.1,78.64,464.75,43.2382458,-7.6818526
AHR2,1535032839.0,11.14,-7.04,78.8,464.65,43.2382458,-7.6818532
AHR2,1535132703.0,11.11,-6.98,78.97,464.57,43.2382458,-7.6818531
AHR2,1535233089.0,11.09,-6.93,79.14,464.67,43.2382455,-7.6818532
AHR2,1535333039.0,11.07,-6.87,79.3,464.74,43.2382455,-7.6818532
AHR2,1535433089.0,11.06,-6.82,79.45,464.46,43.2382455,-7.6818532
AHR2,1535533083.0,11.04,-6.76,79.6,464.67,43.2382453,-7.6818534
AHR2,1535634229.0,11.02,-6.71,79.76,464.69,43.2382452,-7.6818538
ATT,1531782721.0,-0.8909662,-1.380327,-1.863741,-1.55791,98.68629,98.22957
ATT,1531887681.0,-0.8319364,-1.218071,-1.130505,-0.6939533,98.68001,98.45965
ATT,1531992013.0,-0.7953517,-1.159543,-0.4314404,0.2300263,98.67478,98.72182
ATT,1532096824.0,-0.7968939,-1.108874,0.216959,0.8211257,98.6703,98.98862
ATT,1532202636.0,-0.7847217,-1.157265,0.821112,1.15403,98.66619,98.9909
ATT,1532306490.0,-0.7919564,-1.058438,1.515509,1.773427,98.66132,99.12981
ATT,1532409881.0,-0.788924,-1.013232,2.267186,2.673564,99.31942,99.3043
ATT,1532511395.0,-0.3993557,0.3235248,1.192542,4.468353,98.94188,98.94672
ATT,1532616860.0,-0.1959678,2.724539,0.5851894,8.351245,97.83109,97.87212
ATT,1532717094.0,-0.1000455,5.137207,0.2987503,12.31176,96.64432,96.7226
ATT,1532819491.0,-0.05031786,7.625864,0.1502572,16.54324,95.4897,95.60793
ATT,1532919176.0,-0.02568851,9.823905,0.07671104,20.6022,94.43239,94.58805
ATT,1533021037.0,-0.01295298,11.37998,0.03867865,24.26096,93.2923,93.47714
ATT,1533121068.0,-0.00661307,12.09642,0.01974669,27.14931,91.96973,92.17088
ATT,1533223055.0,-0.003330846,11.78295,0.009945587,29.65669,90.34063,90.54134
ATT,1533323124.0,-0.001700625,10.11503,0.005077797,31.08113,88.35807,88.53321
ATT,1533423062.0,-0.0008682357,7.481701,0.002592355,30.53532,85.77521,85.90431
ATT,1533524536.0,-0.0004398207,0.1650357,0.001312773,27.84006,81.97488,81.97766
ATT,1533626984.0,-0.000220332,-1.996196,0.0006576255,6.6864,78.59428,78.56434
ATT,1533727012.0,-0.0001308582,5.749756,0.0003903358,-10.57766,78.94612,79.03316
ATT,1533829005.0,-0.0001225948,17.48557,0.0003656628,-9.14328,80.00334,80.2632
ATT,1533929011.0,-0.0001225948,16.2946,0.0003656627,-7.617701,80.17857,80.42028
ATT,1534030523.0,-0.0001174254,10.03849,0.0003505255,-3.404625,81.84601,81.99513
ATT,1534130654.0,-0.0001174253,9.027073,0.0003505256,-2.640392,81.94776,82.08189
ATT,1534231009.0,-0.0001151449,10.10461,0.0003436282,-3.659033,81.36012,81.51025
ATT,1534330985.0,-0.0001151449,9.968515,0.0003436282,-3.516212,81.46157,81.60969
ATT,1534430867.0,-0.000115145,9.820363,0.0003436282,-3.305898,81.54009,81.686
ATT,1534530851.0,-0.000115145,9.956928,0.0003436284,-3.374919,81.46305,81.61095
ATT,1534631055.0,-0.0001130149,9.883492,0.0003370578,-3.297237,81.49448,81.64131
ATT,1534730975.0,-0.0001130149,9.91361,0.0003370577,-3.268628,81.4827,81.62997
ATT,1534831847.0,-0.0001130148,9.906367,0.0003370577,-3.231431,81.4939,81.64105
ATT,1534931614.0,-0.0001107808,9.906493,0.0003305772,-3.180498,81.50648,81.65363
ATT,1535032215.0,-0.0001107809,9.925059,0.0003305772,-3.128153,81.50986,81.65728
ATT,1535132127.0,-0.0001107809,9.924497,0.0003305772,-3.058977,81.5202,81.66759
ATT,1535232525.0,-0.0001085646,9.933218,0.0003240181,-3.013257,81.53197,81.6795
ATT,1535332471.0,-0.0001085646,9.941461,0.0003240182,-2.938431,81.54157,81.68919
ATT,1535432536.0,-0.0001085646,9.954369,0.0003240182,-2.893728,81.54635,81.69415
ATT,1535532489.0,-0.0001085645,9.963231,0.0003240181,-2.812865,81.55713,81.70507
ATT,1535633698.0,-0.0001060979,9.961771,0.0003165693,-2.72401,81.57487,81.72276
BARO,1531821723.0,0,5.604004,470.844,96718.52
BARO,1531925885.0,0,5.536194,470.7762,96719.27
BARO,1532030751.0,0,5.66333,470.9033,96717.88
BARO,1532134482.0,0,5.866791,471.1068,96715.66
BARO,1532240103.0,0,5.914825,471.1548,96715.16
BARO,1532344030.0,0,5.753754,470.9937,96716.9
BARO,1532449107.0,0,5.448578,470.6886,96720.2
BARO,1532549001.0,0,4.818451,470.0584,96727.03
BARO,1532650040.0,0,4.798676,470.0387,96727.24
BARO,1532749827.0,0,4.640442,469.8804,96728.95
BARO,1532851678.0,0,4.62912,469.8691,96729.09
BARO,1532951739.0,0,4.39743,469.6374,96731.58
BARO,1533054103.0,0,4.281555,469.5215,96732.83
BARO,1533153509.0,0,3.73056,468.9706,96738.82
BARO,1533255487.0,0,3.255829,468.4958,96743.96
BARO,1533355440.0,0,2.880005,468.12,96748.02
BARO,1533456744.0,0,2.337463,467.5775,96753.89
BARO,1533557212.0,0,1.803406,467.0434,96759.68
BARO,1533659830.0,0,-2.056519,463.1835,96801.52
BARO,1533759683.0,0,-1.963287,463.2767,96800.5
BARO,1533862048.0,0,-1.477234,463.7628,96795.23
BARO,1533962053.0,0,-1.276611,463.9634,96793.07
BARO,1534063216.0,0,-1.228577,464.0114,96792.53
BARO,1534163170.0,0,-1.203156,464.0368,96792.27
BARO,1534263750.0,0,-1.109894,464.1301,96791.25
BARO,1534363623.0,0,-1.149475,464.0905,96791.69
BARO,1534463537.0,0,-0.8979797,464.342,96788.97
BARO,1534563514.0,0,-1.095764,464.1442,96791.11
BARO,1534663609.0,0,-1.152283,464.0877,96791.71
BARO,1534763665.0,0,-1.030792,464.2092,96790.39
BARO,1534864431.0,0,-0.9375305,464.3025,96789.4
BARO,1534964888.0,0,-1.030792,464.2092,96790.39
BARO,1535065097.0,0,-1.112732,464.1273,96791.27
BARO,1535164750.0,0,-1.013824,464.2262,96790.2
BARO,1535265077.0,0,-0.9431763,464.2968,96789.45
BARO,1535365192.0,0,-1.222931,464.0171,96792.49
BARO,1535465133.0,0,-1.016663,464.2233,96790.25
BARO,1535565093.0,0,-0.9912109,464.2488,96789.98
BARO,1531821723.0,1,5.264923,470.5049,96702.38
BARO,1531925885.0,1,5.471191,470.7112,96700.13
BARO,1532030751.0,1,5.666168,470.9062,96698.02
BARO,1532134482.0,1,5.516418,470.7564,96699.63
BARO,1532240103.0,1,5.58139,470.8214,96698.92
BARO,1532344030.0,1,5.722687,470.9627,96697.39
BARO,1532449107.0,1,5.798981,471.039,96696.59
BARO,1532549001.0,1,4.894745,470.1347,96706.36
BARO,1532650040.0,1,5.072784,470.3128,96704.44
BARO,1532749827.0,1,4.750641,469.9906,96707.93
BARO,1532851678.0,1,4.869324,470.1093,96706.66
BARO,1532951739.0,1,4.538696,469.7787,96710.22
BARO,1533054103.0,1,4.227875,469.4679,96713.59
BARO,1533153509.0,1,3.883148,469.1231,96717.34
BARO,1533255487.0,1,3.371674,468.6117,96722.86
BARO,1533355440.0,1,2.809357,468.0493,96728.96
BARO,1533456744.0,1,2.286621,467.5266,96734.62
BARO,1533557212.0,1,1.486938,466.7269,96743.28
BARO,1533659830.0,1,-3.271576,461.9684,96794.83
BARO,1533759683.0,1,-1.853058,463.3869,96779.48
BARO,1533862048.0,1,-1.293579,463.9464,96773.4
BARO,1533962053.0,1,-1.118378,464.1216,96771.49
BARO,1534063216.0,1,-1.485718,463.7543,96775.48
BARO,1534163170.0,1,-1.030792,464.2092,96770.56
BARO,1534263750.0,1,-1.423553,463.8164,96774.83
BARO,1534363623.0,1,-1.078827,464.1612,96771.07
BARO,1534463537.0,1,-1.180542,464.0594,96772.19
BARO,1534563514.0,1,-0.9121094,464.3279,96769.27
BARO,1534663609.0,1,-0.9460144,464.294,96769.64
BARO,1534763665.0,1,-1.194672,464.0453,96772.34
BARO,1534864431.0,1,-1.163605,464.0764,96771.98
BARO,1534964888.0,1,-1.157928,464.0821,96771.93
BARO,1535065097.0,1,-1.095764,464.1442,96771.27
BARO,1535164750.0,1,-1.138153,464.1018,96771.73
BARO,1535265077.0,1,-1.152283,464.0877,96771.88
BARO,1535365192.0,1,-1.208801,464.0312,96772.48
BARO,1535465133.0,1,-0.9968872,464.2431,96770.18
BARO,1535565093.0,1,-1.239899,464.0001,96772.82
GPS,1531793712.0,4,25,43.2382569,-7.6819255,467.54,3.633,-0.274,0.0
GPS,1532002284.0,4,25,43.2382561,-7.681917,467.63,3.507,-0.365,0.0
GPS,1532191480.0,4,25,43.2382553,-7.6819087,467.69,3.397,-0.235,0.0
GPS,1532420088.0,4,25,43.2382548,-7.6819009,467.74,3.11,-0.195,0.0
GPS,1532601649.0,4,25,43.2382544,-7.6818936,467.74,2.978,0.328,0.0
GPS,1532782279.0,4,24,43.2382538,-7.6818863,467.46,3.091,2.628,0.0
GPS,1532984453.0,4,25,43.2382528,-7.681879,466.76,2.983,4.448,0.0
GPS,1533186456.0,4,25,43.2382518,-7.6818721,465.72,2.842,6.183,0.0
GPS,1533428501.0,4,25,43.2382508,-7.6818654,464.33,2.684,7.821001,0.0
GPS,1533590519.0,4,25,43.2382498,-7.6818594,462.65,2.335,9.313001,0.0
GPS,1533792172.0,4,25,43.238248,-7.6818548,461.58,2.172,1.533,0.0
GPS,1533994130.0,4,24,43.2382466,-7.6818529,461.37,0.256,0.6720001,0.0
GPS,1534196076.0,4,25,43.2382464,-7.6818525,461.32,0.23,0.02,0.0
GPS,1534416270.0,4,25,43.2382462,-7.6818525,461.35,0.04,-0.13,0.0
GPS,1534596626.0,4,25,43.2382462,-7.6818526,461.45,0.129,-0.202,0.0
GPS,1534796685.0,4,25,43.238246,-7.6818528,461.53,0.118,-0.133,0.0
GPS,1534997347.0,4,24,43.2382458,-7.6818532,461.57,0.055,-0.117,0.0
GPS,1535197739.0,4,25,43.2382455,-7.6818532,461.59,0.026,-0.018,0.0
GPS,1535438134.0,4,25,43.2382453,-7.6818534,461.57,0.04,0.027,0.0
IMU,1531785198.0,0,0.02010262,0.09712,0.02544055,-0.1239212,0.8053199,-9.77529
IMU,1531826844.0,0,0.1021406,0.1599537,0.01195839,-1.041088,0.4641492,-9.349549
IMU,1531870229.0,0,-0.04091789,0.03071082,0.01166632,-0.06764089,0.4786406,-10.54685
IMU,1531910712.0,0,-0.03196286,0.2079884,0.1180321,-0.2554268,-0.07007781,-9.171913
IMU,1531950825.0,0,-0.1206567,0.2249179,0.09306261,-1.436809,-0.1715571,-9.182127
IMU,1531994458.0,0,0.004105504,0.1880183,0.06899514,-1.15874,0.433015,-8.963999
IMU,1532036222.0,0,-0.05198342,0.2156929,0.07694712,-0.6669775,-0.6016824,-9.725266
IMU,1532079445.0,0,0.006537611,0.1922144,0.119619,-0.4172589,-0.06789866,-8.81448
IMU,1532119855.0,0,-0.06371347,0.1400771,0.05242104,-1.42763,-0.1810901,-10.17533
IMU,1532159480.0,0,-0.05192337,-0.02700123,-0.03867018,-0.4256068,0.4164249,-10.8144
IMU,1532205725.0,0,-0.04493345,0.05144856,-0.03620724,-0.7377231,-0.1313792,-9.985133
IMU,1532245076.0,0,0.0510667,0.1126116,-0.02639137,-0.7097825,1.300459,-9.604132
IMU,1532288698.0,0,0.08379251,0.02416991,-0.09553106,-0.7711551,0.9392537,-10.1338
IMU,1532328986.0,0,0.1064187,0.001839747,0.04301421,-0.07795874,1.138853,-9.886452
IMU,1532369146.0,0,0.02370925,0.06241057,0.06352485,0.1806998,-0.06938363,-8.840188
IMU,1532412983.0,0,-0.007813922,0.1669702,0.08436983,0.06877773,0.4625634,-8.814869
IMU,1532453969.0,0,0.2448312,0.3407328,-0.01850106,-0.3492692,-1.109563,-1.596961
IMU,1532493621.0,0,0.3245161,0.4500628,-0.08291204,-0.5838813,1.288597,-1.124914
IMU,1532533483.0,0,0.4092815,0.5851069,-0.1308064,-0.2190515,0.237696,-0.7496328
IMU,1532573999.0,0,0.4174702,0.6349444,-0.1985343,-0.2729858,-0.1043798,-0.4629122
IMU,1532617843.0,0,0.440805,0.662769,-0.2334934,-0.1694072,-0.03866578,-0.340588
IMU,1532657421.0,0,0.466731,0.6684859,-0.2349428,-0.1584372,-0.05580446,-0.432845
IMU,1532697074.0,0,0.4620166,0.6742271,-0.2523543,-0.1451821,-0.0629273,-0.5106484
IMU,1532737480.0,0,0.477648,0.6807207,-0.2598829,-0.1027531,-0.06612816,-0.6300461
IMU,1532777617.0,0,0.480094,0.6999145,-0.262255,-0.1075945,-0.07261702,-0.7281219
IMU,1532821858.0,0,0.4692937,0.7026101,-0.2646266,-0.07331019,-0.1163974,-0.8439198
IMU,1532861977.0,0,0.4572402,0.6887709,-0.2690583,-0.06337957,-0.1456341,-0.9185227
IMU,1532901511.0,0,0.428758,0.6602792,-0.2717469,-0.01923176,-0.1368471,-0.9836441
IMU,1532942076.0,0,0.3878862,0.6240482,-0.2797726,-0.02347767,-0.1285064,-1.078316
IMU,1532981634.0,0,0.3398821,0.5875332,-0.2840022,0.003381848,-0.179561,-1.11268
IMU,1533023615.0,0,0.2895682,0.5286304,-0.2877871,0.02527149,-0.1575615,-1.252536
IMU,1533064065.0,0,0.2451487,0.464955,-0.2932782,0.0484739,-0.1415036,-1.330756
IMU,1533103620.0,0,0.1998542,0.4281365,-0.3028438,0.07523319,-0.1556463,-1.362253
IMU,1533144019.0,0,0.1571422,0.4049374,-0.3181109,0.08797177,-0.1749879,-1.525304
IMU,1533184022.0,0,0.08673109,0.3684869,-0.3255883,0.09251379,-0.2004474,-1.613434
IMU,1533225987.0,0,-0.005474191,0.3250208,-0.3301221,0.1326666,-0.2142359,-1.749536
IMU,1533265685.0,0,-0.08217973,0.243298,-0.3320587,0.1895592,-0.1879577,-1.883584
IMU,1533306033.0,0,-0.1428095,0.1309979,-0.345425,0.2121309,-0.1532609,-2.064856
IMU,1533345497.0,0,-0.1842318,-0.00897855,-0.3533139,0.2200919,-0.1464244,-2.172009
IMU,1533385273.0,0,-0.2134311,-0.1686922,-0.3607844,0.2953905,-0.1536383,-2.354841
IMU,1533426033.0,0,-0.2654555,-0.2970517,-0.4031933,0.2842098,-0.1840249,-2.448167
IMU,1533467048.0,0,-0.4251518,-0.467145,-0.4713522,1.734733,-1.687967,-3.887893
IMU,1533506537.0,0,-1.04766,-0.5784611,-0.5807399,1.439442,-3.170785,-7.603651
IMU,1533547714.0,0,-5.974845,-4.095773,-1.395538,18.66168,-5.535115,-32.88343
IMU,1533587225.0,0,-0.7100535,-6.369431,-1.910301,9.537034,34.26549,-94.6352
IMU,1533629229.0,0,3.622746,7.336994,-1.233523,-13.08302,4.502255,-114.4972
IMU,1533669404.0,0,0.8596546,-3.478455,0.5564549,10.11374,-0.4948537,-2.094336
IMU,1533710043.0,0,1.292507,-3.086429,-0.4289894,-1.002701,-1.400314,-2.713665
IMU,1533749849.0,0,2.058668,-0.6831629,-0.03379048,-1.637529,0.5645328,-1.441828
IMU,1533789645.0,0,2.28426,0.4706539,0.1945366,-0.2670798,-0.826499,-2.093799
IMU,1533831478.0,0,1.50784,0.8978686,0.09422287,-0.4642722,-1.452536,-3.45738
IMU,1533871991.0,0,0.2304707,0.3123872,-0.1026821,-0.6435081,-2.100014,-4.102758
IMU,1533912108.0,0,-0.8128241,0.0001668923,-0.05084229,-1.082889,-2.723089,-5.858994
IMU,1533951648.0,0,-1.192981,0.5256642,0.103798,-1.442375,-2.840867,-8.003606
IMU,1533991862.0,0,-1.10889,0.9082581,0.1115759,-0.6936414,-2.437038,-10.06983
IMU,1534033257.0,0,-0.7813235,0.7712371,0.115447,-0.2084034,-1.891143,-12.19179
IMU,1534073262.0,0,-0.3233086,0.3412622,0.04359676,-0.2197599,-1.430367,-13.47125
IMU,1534112872.0,0,0.03539878,-0.1705317,-0.06993159,-0.7844638,-1.273174,-13.40812
IMU,1534153437.0,0,0.1608385,-0.2507873,-0.07966748,-1.029372,-1.485066,-11.02956
IMU,1534193025.0,0,0.2026283,-0.1892237,-0.06220951,-0.06225155,-1.755934,-9.219242
IMU,1534233709.0,0,0.1634511,-0.1405256,-0.05808359,0.176166,-2.011257,-8.383084
IMU,1534273887.0,0,0.021369,-0.02678941,-0.0022827,0.02778843,-2.097682,-8.245627
IMU,1534313497.0,0,-0.09772791,0.08913231,0.04487956,-0.1770971,-2.029937,-9.256732
IMU,1534353209.0,0,-0.08710172,0.09612917,0.03215377,-0.4243368,-1.775491,-10.07739
IMU,1534393208.0,0,-0.02576428,0.04373066,0.008426503,-0.3951544,-1.555846,-10.56762
IMU,1534433737.0,0,0.03461326,-0.04079467,-0.01350467,-0.3495916,-1.693416,-10.20077
IMU,1534474001.0,0,0.04792854,-0.03946457,-0.01946258,-0.2051056,-1.901517,-9.509691
IMU,1534513478.0,0,-0.005067079,-0.002589513,0.001971421,-0.131496,-1.94932,-9.311706
IMU,1534553205.0,0,-0.02701364,0.01199616,0.01056964,-0.1941531,-1.831514,-9.596949
IMU,1534593211.0,0,-0.02333409,0.01317183,0.01032303,-0.3535634,-1.737287,-9.949116
IMU,1534633843.0,0,0.01013561,-0.002904485,-0.005110448,-0.3142079,-1.784342,-9.93614
IMU,1534673856.0,0,0.01008634,-0.00904565,-0.002945952,-0.2279241,-1.830766,-9.639499
IMU,1534713467.0,0,-0.002930119,-0.0003042734,0.002482524,-0.2089171,-1.853374,-9.586572
IMU,1534753260.0,0,-0.0140437,0.002970317,0.006502339,-0.2475215,-1.808881,-9.727528
IMU,1534793224.0,0,-0.00355462,0.0002955134,0.003558283,-0.2984626,-1.774158,-9.840346
IMU,1534834201.0,0,0.005631942,-0.004682032,-0.0005202768,-0.2478424,-1.807292,-9.731271
IMU,1534874867.0,0,-0.003096513,-0.001547355,0.004203875,-0.2487775,-1.833362,-9.68434
IMU,1534914685.0,0,-0.005602815,-0.001624809,0.005846959,-0.2336884,-1.794625,-9.742526
IMU,1534954845.0,0,0.0009834815,-0.000117594,0.002452802,-0.2728973,-1.802639,-9.755637
IMU,1534994400.0,0,0.001277501,-0.0017271,0.001285774,-0.2480386,-1.818028,-9.747946
IMU,1535035001.0,0,-0.0007178264,-0.0008128434,0.0008218004,-0.2231182,-1.814702,-9.711879
IMU,1535074705.0,0,-0.003267048,0.0003927446,0.003090487,-0.2513611,-1.828184,-9.722678
IMU,1535115255.0,0,-0.003687164,-0.001315398,0.001914823,-0.2493354,-1.818843,-9.738297
IMU,1535155035.0,0,0.001246417,-0.002896589,0.001992141,-0.2497385,-1.802153,-9.717327
IMU,1535194735.0,0,-0.0004375839,-0.001465759,0.002608371,-0.2566611,-1.819286,-9.738586
IMU,1535235471.0,0,-0.002760519,-0.001760738,0.004060627,-0.2517219,-1.803137,-9.741605
IMU,1535275695.0,0,-0.0008950543,-0.002711952,0.00149233,-0.2502303,-1.808109,-9.725872
IMU,1535315116.0,0,-0.002205397,-0.001671541,0.001648858,-0.2572684,-1.812974,-9.749887
IMU,1535355000.0,0,0.000814855,-0.000417444,0.001732082,-0.2455384,-1.808406,-9.701612
IMU,1535395182.0,0,0.0006251528,-0.003056508,0.0003504749,-0.2452498,-1.806314,-9.72775
IMU,1535435263.0,0,-0.000543272,-0.001808065,0.002122463,-0.2472282,-1.830982,-9.745234
IMU,1535475450.0,0,-0.002341053,-0.001326081,0.001403622,-0.247516,-1.820862,-9.740343
IMU,1535514970.0,0,0.0001178912,-0.001473656,0.0004899601,-0.2406347,-1.816496,-9.741393
IMU,1535555279.0,0,-0.003700327,-0.0005160542,0.00349774,-0.2556107,-1.817475,-9.702384
IMU,1535595093.0,0,-0.001791227,-0.001871836,0.002399992,-0.2398387,-1.805446,-9.724351
IMU,1535636470.0,0,-0.00308774,-0.0004330125,0.002577803,-0.2513428,-1.820544,-9.746711
IMU,1535676463.0,0,-1.652989e-05,-0.001990929,0.001852176,-0.2488537,-1.818493,-9.713208
IMU,1531785198.0,1,0.002091732,0.1129227,0.01625413,0.392207,0.6223696,-9.017901
IMU,1531826844.0,1,0.01974087,0.1356573,-0.02765863,-0.9217889,0.8976061,-8.967945
IMU,1531870229.0,1,-0.06527025,0.06202829,0.02106598,-0.2224828,1.340978,-10.08011
IMU,1531910712.0,1,-0.01445804,0.1751968,0.07105459,-0.02640649,0.2640345,-9.830481
IMU,1531950825.0,1,-0.09901144,0.1808855,-0.002690633,-0.4798163,0.1910374,-9.072684
IMU,1531994458.0,1,-0.004505435,0.1407146,0.03030878,-1.078837,0.3852288,-8.671882
IMU,1532036222.0,1,-0.001417909,0.172096,0.07140405,-0.3159841,-0.5236113,-9.686664
IMU,1532079445.0,1,0.004677677,0.1484496,0.07188234,-0.03948191,0.1026878,-8.343907
IMU,1532119855.0,1,-0.08221285,0.09682032,0.02027786,-1.170283,1.188916,-10.33103
IMU,1532159480.0,1,-0.04959828,0.1031793,0.05662965,0.8858367,1.595303,-11.18566
IMU,1532205725.0,1,-0.006152079,0.04605661,0.00485238,-1.081061,0.1871137,-9.855836
IMU,1532245076.0,1,-0.001772416,0.08692879,-0.04105897,-0.9281799,0.767218,-9.687566
IMU,1532288698.0,1,0.00769421,0.03456797,-0.03436911,-0.924166,0.6780867,-10.08409
IMU,1532328986.0,1,0.06038142,0.05067132,0.04553041,-0.5336007,1.123599,-10.06434
IMU,1532369146.0,1,-0.003880831,0.06550208,0.04396637,1.549167,0.7230867,-9.200562
IMU,1532412983.0,1,-0.0557592,0.1424569,-0.007281099,0.6137023,0.6507561,-8.290637
IMU,1532453969.0,1,0.1943252,0.2957292,-0.007062013,-0.5635709,-1.25703,-2.161065
IMU,1532493621.0,1,0.2987757,0.4228245,-0.05894261,-0.4187368,1.568738,-1.283127
IMU,1532533483.0,1,0.37423,0.5341378,-0.08856177,-0.2203535,0.5727509,-0.6607597
IMU,1532573999.0,1,0.3804239,0.5879263,-0.162861,-0.1779193,0.3034137,-0.2757958
IMU,1532617843.0,1,0.4017141,0.6178516,-0.1931713,-0.1453363,0.3461176,-0.2899965
IMU,1532657421.0,1,0.4287465,0.6233255,-0.1946756,-0.1868111,0.2308556,-0.2937466
IMU,1532697074.0,1,0.4237135,0.6289829,-0.2082065,-0.1721553,0.1769533,-0.3367526
IMU,1532737480.0,1,0.4399081,0.6403468,-0.2122785,-0.1084382,0.3821103,-0.5114413
IMU,1532777617.0,1,0.4392194,0.6523927,-0.2182132,-0.04915757,0.2518998,-0.5835983
IMU,1532821858.0,1,0.4311968,0.6590189,-0.2208802,0.01096974,0.2499591,-0.8207975
IMU,1532861977.0,1,0.4170814,0.6438714,-0.2231204,0.01245678,0.169983,-0.922754
IMU,1532901511.0,1,0.3920136,0.6110901,-0.2274516,0.01264409,0.1452317,-0.9796013
IMU,1532942076.0,1,0.3516285,0.5801935,-0.2408184,0.02734871,0.2285284,-1.02522
IMU,1532981634.0,1,0.3036301,0.5423304,-0.2437208,0.01304212,0.2590475,-0.8643832
IMU,1533023615.0,1,0.2492209,0.4908616,-0.2506555,0.003154673,0.2003103,-1.111602
IMU,1533064065.0,1,0.2061982,0.4268023,-0.2560252,0.09004094,0.1685899,-1.189836
IMU,1533103620.0,1,0.1619101,0.3978694,-0.2696115,0.1035133,0.2047333,-1.323342
IMU,1533144019.0,1,0.1190002,0.3638442,-0.2859792,0.09494415,0.2275738,-1.395656
IMU,1533184022.0,1,0.0481618,0.3349355,-0.2900109,0.1177881,0.1411314,-1.639495
IMU,1533225987.0,1,-0.01162482,0.2932913,-0.3052992,0.1405965,0.1937373,-1.610123
IMU,1533265685.0,1,-0.08770872,0.2262282,-0.3085062,0.2454873,0.1821527,-1.778037
IMU,1533306033.0,1,-0.1529371,0.1308233,-0.3210927,0.1575817,0.2941198,-1.98224
IMU,1533345497.0,1,-0.19462,0.01227275,-0.3309252,0.2292012,0.134996,-2.201588
IMU,1533385273.0,1,-0.2275816,-0.1475026,-0.3404451,0.31412,0.1649397,-2.311187
IMU,1533426033.0,1,-0.2783162,-0.2690748,-0.3794488,0.3173863,0.1610977,-2.386947
IMU,1533467048.0,1,-0.3814165,-0.3973574,-0.4360957,1.960839,-1.0349,-4.048949
IMU,1533506537.0,1,-0.9509063,-0.5752642,-0.5964934,1.672662,-2.581018,-7.855793
IMU,1533547714.0,1,-5.869817,-3.728128,-1.494203,19.9198,-5.008761,-35.22867
IMU,1533587225.0,1,-1.757486,-6.366872,-2.037626,9.337201,32.47057,-91.17141
IMU,1533629229.0,1,4.175854,8.156504,-1.669624,10.54256,-14.6002,-145.2946
IMU,1533669404.0,1,0.7833883,-3.369849,0.6122245,10.39865,1.592348,-0.7028795
IMU,1533710043.0,1,1.185181,-3.059188,-0.3563989,-0.8727109,-0.9986945,-2.219678
IMU,1533749849.0,1,1.960986,-0.7407058,0.03388456,-1.580009,0.8764274,-0.651866
IMU,1533789645.0,1,2.245845,0.3922897,0.247244,-0.1929726,-0.2476093,-2.025193
IMU,1533831478.0,1,1.518635,0.8405181,0.1513473,-0.4057258,-1.12044,-3.585738
IMU,1533871991.0,1,0.2571854,0.3107025,-0.07192717,-0.4535071,-1.688208,-4.412264
IMU,1533912108.0,1,-0.774517,0.01247338,-0.07684082,-1.034158,-2.375312,-6.009658
IMU,1533951648.0,1,-1.163571,0.4778268,0.05998696,-1.402177,-2.575375,-7.859892
IMU,1533991862.0,1,-1.097766,0.8644067,0.07301717,-0.7014226,-2.043379,-10.06783
IMU,1534033257.0,1,-0.7744321,0.7504467,0.08893958,-0.1627377,-1.538805,-12.01681
IMU,1534073262.0,1,-0.3264256,0.3295436,0.04030836,-0.06902507,-1.102441,-13.39834
IMU,1534112872.0,1,0.01404751,-0.1480088,-0.05808846,-0.7652647,-0.9797067,-13.33353
IMU,1534153437.0,1,0.1199732,-0.2413813,-0.06334398,-1.022915,-1.16178,-10.83477
IMU,1534193025.0,1,0.1627797,-0.1899312,-0.04310752,0.05377395,-1.576524,-9.069357
IMU,1534233709.0,1,0.1293238,-0.1356547,-0.04452142,0.2242815,-1.744097,-8.202188
IMU,1534273887.0,1,0.01629394,-0.0301409,0.001512057,0.01263718,-1.77485,-8.277965
IMU,1534313497.0,1,-0.09511428,0.0940425,0.04388503,-0.1420307,-1.683627,-9.300637
IMU,1534353209.0,1,-0.08352336,0.1061313,0.03377078,-0.3309518,-1.461083,-10.12654
IMU,1534393208.0,1,-0.02773713,0.05960855,0.01383469,-0.2798301,-1.30462,-10.43412
IMU,1534433737.0,1,0.01673508,-0.02665215,-0.004574106,-0.2855608,-1.375175,-10.08659
IMU,1534474001.0,1,0.02552889,-0.03788589,-0.01044765,-0.2126764,-1.546316,-9.379721
IMU,1534513478.0,1,-0.001656515,0.003380775,0.0009841818,-0.09923273,-1.636805,-9.231955
IMU,1534553205.0,1,-0.02464198,0.019772,0.01515395,-0.2049209,-1.444656,-9.589031
IMU,1534593211.0,1,-0.02235043,0.02994191,0.01528013,-0.2405115,-1.381405,-9.883807
IMU,1534633843.0,1,0.004741369,0.001517716,-0.008623547,-0.2404851,-1.418949,-9.673117
IMU,1534673856.0,1,0.005089558,-0.0006194771,-0.001514578,-0.1348491,-1.559833,-9.551802
IMU,1534713467.0,1,-0.00469433,0.01119663,0.003077103,-0.17837,-1.529937,-9.537985
IMU,1534753260.0,1,-0.01341747,0.01491751,0.008284443,-0.2387318,-1.477578,-9.754427
IMU,1534793224.0,1,-0.002056041,0.00612437,0.002407299,-0.137812,-1.449766,-9.771282
IMU,1534834201.0,1,0.002641897,0.0008264874,0.0008318631,-0.2117586,-1.414729,-9.521297
IMU,1534874867.0,1,-0.003193865,0.0007753753,0.007057999,-0.1764398,-1.607852,-9.391598
IMU,1534914685.0,1,-0.002720187,0.002832217,0.003125639,-0.2733707,-1.366547,-9.598594
IMU,1534954845.0,1,-0.0007506972,0.009719356,3.12818e-05,-0.202782,-1.526897,-9.740202
IMU,1534994400.0,1,0.00110227,0.001179737,0.003145565,-0.2198614,-1.55956,-9.603843
IMU,1535035001.0,1,0.001465207,0.00506457,-0.0007883792,-0.1849793,-1.390363,-9.639602
IMU,1535074705.0,1,-0.004741712,0.004167963,0.003057587,-0.1972133,-1.632894,-9.769581
IMU,1535115255.0,1,-0.002566195,0.01219981,-0.003180373,-0.1727422,-1.556561,-9.521071
IMU,1535155035.0,1,-0.002114248,0.007976125,0.0002056452,-0.2111829,-1.465928,-9.675735
IMU,1535194735.0,1,-0.001553267,0.008290226,0.001988494,-0.3030891,-1.546227,-9.755789
IMU,1535235471.0,1,-0.002808412,0.002543082,0.001519724,-0.1352035,-1.460531,-9.7462
IMU,1535275695.0,1,-0.004708168,0.005084849,0.005964166,-0.2548511,-1.523182,-9.660084
IMU,1535315116.0,1,0.0002698109,0.008678159,0.001357828,-0.2044429,-1.497269,-9.585398
IMU,1535355000.0,1,-0.001177668,0.001142882,0.003212881,-0.2146387,-1.376424,-9.563636
IMU,1535395182.0,1,-0.000597024,0.0007211441,-0.001553824,-0.1856297,-1.481348,-9.580611
IMU,1535435263.0,1,-0.002347482,-0.003786597,0.001761787,-0.1443782,-1.579228,-9.622543
IMU,1535475450.0,1,-0.0002933359,0.003328862,0.001868117,-0.1753767,-1.441578,-9.663912
IMU,1535514970.0,1,-0.0007927907,0.002741415,0.001559015,-0.2699853,-1.537761,-9.686036
IMU,1535555279.0,1,-0.004612116,0.004263092,0.006782894,-0.1801645,-1.493757,-9.56777
IMU,1535595093.0,1,-0.0003811471,0.005566449,0.001535875,-0.2395634,-1.450223,-9.53299
IMU,1535636470.0,1,-0.002185529,0.001872638,0.001856308,-0.3012526,-1.519965,-9.661823
IMU,1535676463.0,1,-0.0009940325,0.006188411,0.003730186,-0.2950837,-1.494637,-9.655031
IMU,1531785198.0,2,0.1378292,0.09207081,0.01536354,-0.5227212,0.8373228,-9.148859
IMU,1531826844.0,2,0.05027509,0.1050161,0.02501868,-0.6693242,0.5879346,-10.18965
IMU,1531870229.0,2,0.04969542,0.1076775,0.03939099,-0.7821186,0.486138,-9.436467
IMU,1531910712.0,2,0.05532551,0.1328627,0.0496508,-0.2937559,0.4601604,-9.118171
IMU,1531950825.0,2,-0.06001666,0.1630718,0.02232519,0.01570536,0.9521052,-10.61868
IMU,1531994458.0,2,0.003991061,0.090797,0.04862324,-0.5769972,0.610185,-8.773746
IMU,1532036222.0,2,-0.01130217,0.1249226,0.02771578,-0.2354672,0.8269944,-9.461471
IMU,1532079445.0,2,0.06281697,0.07048054,0.06271139,-0.5712028,-0.2987421,-10.6869
IMU,1532119855.0,2,-0.1075222,0.1155597,0.02158144,-0.7169496,0.5157105,-10.14525
IMU,1532159480.0,2,-0.05046675,0.1494896,0.04566815,-1.170513,0.08837944,-9.090767
IMU,1532205725.0,2,0.0723829,0.160285,0.01777602,-0.5058676,0.03543622,-8.481589
IMU,1532245076.0,2,0.007879024,0.1561197,0.04371855,-0.7288797,-1.045068,-9.356249
IMU,1532288698.0,2,0.03068983,0.1736142,0.002290919,-0.8424106,-0.8084764,-9.950685
IMU,1532328986.0,2,0.1390995,0.05324795,0.03016984,-1.249153,-0.1242035,-9.698819
IMU,1532369146.0,2,0.01563874,-0.02471606,-0.01037861,-0.2044808,-0.3541274,-9.245627
IMU,1532412983.0,2,0.01024314,0.1157019,0.01012931,-0.6423298,-0.6811855,-9.597651
IMU,1532453969.0,2,0.1597928,0.2874917,0.006167953,-0.2001624,-0.03779782,-2.822855
IMU,1532493621.0,2,0.3458996,0.4581012,-0.09613115,-0.5668541,0.2826286,-1.050856
IMU,1532533483.0,2,0.4261703,0.5804154,-0.130801,-0.1330443,0.07652214,-0.5067046
IMU,1532573999.0,2,0.4371185,0.6291177,-0.204597,-0.2464252,0.01055417,-0.3969861
IMU,1532617843.0,2,0.4526868,0.6590999,-0.2325992,-0.1847103,-0.02433083,-0.2561948
IMU,1532657421.0,2,0.4799275,0.6628363,-0.2382247,-0.1728065,-0.007969731,-0.2994767
IMU,1532697074.0,2,0.4762908,0.6659781,-0.252955,-0.1661955,-0.01823521,-0.344699
IMU,1532737480.0,2,0.4911203,0.6733721,-0.2624658,-0.1448962,-0.03589057,-0.4796217
IMU,1532777617.0,2,0.4937205,0.6926414,-0.2636734,-0.1242228,-0.02637899,-0.5813363
IMU,1532821858.0,2,0.4840913,0.6960229,-0.2666489,-0.09762132,-0.05527492,-0.6972258
IMU,1532861977.0,2,0.469788,0.682361,-0.269856,-0.08710585,-0.08853149,-0.8072429
IMU,1532901511.0,2,0.4415975,0.6551301,-0.272362,-0.06478048,-0.07711105,-0.8628631
IMU,1532942076.0,2,0.4013202,0.6195793,-0.2807054,-0.04814191,-0.07964134,-0.9234838
IMU,1532981634.0,2,0.3521194,0.5837252,-0.284524,-0.03061017,-0.1122341,-0.9683971
IMU,1533023615.0,2,0.3002636,0.5259722,-0.2885112,-0.001313593,-0.1099371,-1.088825
IMU,1533064065.0,2,0.2545114,0.4608546,-0.2948574,0.008256027,-0.09948788,-1.193259
IMU,1533103620.0,2,0.2100447,0.4272703,-0.304439,0.03442337,-0.09012713,-1.230484
IMU,1533144019.0,2,0.1668833,0.4015315,-0.3170015,0.06131281,-0.1207101,-1.375566
IMU,1533184022.0,2,0.09310675,0.3682158,-0.3276106,0.06996468,-0.1606666,-1.489847
IMU,1533225987.0,2,0.002542254,0.3257115,-0.3299062,0.08120458,-0.1775793,-1.610956
IMU,1533265685.0,2,-0.07623415,0.2442289,-0.3321022,0.1148375,-0.1606009,-1.746215
IMU,1533306033.0,2,-0.1377226,0.1315906,-0.3456172,0.1655855,-0.1258336,-1.881289
IMU,1533345497.0,2,-0.1823125,-0.009493902,-0.3526087,0.1706302,-0.1081359,-1.957148
IMU,1533385273.0,2,-0.2120285,-0.1665122,-0.3623087,0.2422492,-0.1272321,-2.182883
IMU,1533426033.0,2,-0.2658618,-0.2923656,-0.4035945,0.237334,-0.1534021,-2.30254
IMU,1533467048.0,2,-0.4921325,-0.495087,-0.469131,0.8574705,-0.6499617,-3.68536
IMU,1533506537.0,2,-1.059034,-0.5752006,-0.5832206,1.79661,-2.022023,-8.443027
IMU,1533547714.0,2,-5.811425,-3.819957,-1.26117,17.25473,-5.768784,-33.30341
IMU,1533587225.0,2,-1.085237,-6.203433,-1.831725,12.42053,26.49763,-83.76385
IMU,1533629229.0,2,5.582353,6.013315,-0.9565898,-34.56521,-8.570546,-111.1262
IMU,1533669404.0,2,0.9522421,-3.421427,0.4405861,10.11338,-1.483698,-2.827847
IMU,1533710043.0,2,1.220948,-3.088787,-0.4400297,-0.8480474,-0.9863437,-2.874841
IMU,1533749849.0,2,2.059048,-0.7137108,-0.05063795,-1.142525,-0.09898224,-1.374573
IMU,1533789645.0,2,2.278625,0.4267046,0.18607,-0.123721,-0.6849928,-2.235906
IMU,1533831478.0,2,1.51087,0.872658,0.08703714,-0.4354714,-1.286682,-3.62904
IMU,1533871991.0,2,0.219047,0.3021394,-0.1048796,-0.8407621,-1.856947,-4.138625
IMU,1533912108.0,2,-0.8186454,0.02555708,-0.04447402,-1.200674,-2.538166,-5.98324
IMU,1533951648.0,2,-1.170558,0.5558454,0.1040412,-1.481588,-2.858061,-7.984236
IMU,1533991862.0,2,-1.084486,0.9367025,0.11636,-0.795275,-2.561898,-9.869776
IMU,1534033257.0,2,-0.7629034,0.7964448,0.1183769,-0.4295062,-2.111642,-11.73472
IMU,1534073262.0,2,-0.323467,0.3694212,0.04832097,-0.3897783,-1.71296,-12.96044
IMU,1534112872.0,2,0.02983564,-0.1605322,-0.07304994,-0.9088767,-1.467772,-13.10216
IMU,1534153437.0,2,0.1589387,-0.2562983,-0.08584747,-1.160058,-1.545913,-10.92781
IMU,1534193025.0,2,0.2012855,-0.1938858,-0.06731715,-0.1634194,-1.837611,-9.083121
IMU,1534233709.0,2,0.1614684,-0.1429255,-0.06319571,0.09955477,-2.047157,-8.235986
IMU,1534273887.0,2,0.02431995,-0.02271723,-0.004896412,-0.08955447,-2.110199,-8.190065
IMU,1534313497.0,2,-0.09256357,0.09530729,0.0424316,-0.3027334,-2.082019,-9.123465
IMU,1534353209.0,2,-0.07861116,0.09873112,0.02911666,-0.5245141,-1.856321,-9.891344
IMU,1534393208.0,2,-0.0204924,0.04740316,0.006440452,-0.5159535,-1.650697,-10.34989
IMU,1534433737.0,2,0.03730202,-0.03906032,-0.01513508,-0.4327575,-1.767753,-9.93663
IMU,1534474001.0,2,0.0503254,-0.03927635,-0.02298367,-0.2968654,-1.966378,-9.347302
IMU,1534513478.0,2,-0.0004448261,-0.0003603688,-0.002096578,-0.2470049,-2.021359,-9.150687
IMU,1534553205.0,2,-0.02225216,0.01444629,0.008117566,-0.295927,-1.894589,-9.431672
IMU,1534593211.0,2,-0.01955898,0.016073,0.006687895,-0.4657788,-1.814334,-9.782849
IMU,1534633843.0,2,0.01458089,-0.0009945013,-0.007155172,-0.3964675,-1.860972,-9.753139
IMU,1534673856.0,2,0.01319133,-0.007390026,-0.006834076,-0.3561063,-1.905185,-9.466519
IMU,1534713467.0,2,0.002156981,0.002300682,-0.002647523,-0.3207608,-1.910027,-9.451015
IMU,1534753260.0,2,-0.009432656,0.004816446,0.003178192,-0.3514896,-1.889246,-9.573966
IMU,1534793224.0,2,0.0004757223,0.002452513,7.137691e-05,-0.3953362,-1.850013,-9.646979
IMU,1534834201.0,2,0.0108228,-0.002757132,-0.003585804,-0.3605344,-1.886294,-9.563218
IMU,1534874867.0,2,0.001714612,0.001554786,-0.0005928728,-0.3301021,-1.896875,-9.532721
IMU,1534914685.0,2,-0.001237932,0.0007642482,0.00113274,-0.3610519,-1.863994,-9.545088
IMU,1534954845.0,2,0.005493318,0.002265521,-0.001405267,-0.3669364,-1.878027,-9.578777
IMU,1534994400.0,2,0.004947056,-0.0006518937,-0.0006970696,-0.3614214,-1.879267,-9.564449
IMU,1535035001.0,2,0.004269104,1.413551e-05,-0.001817128,-0.3405134,-1.873639,-9.520612
IMU,1535074705.0,2,0.0009989963,0.002153249,-0.001110822,-0.3529775,-1.905923,-9.567553
IMU,1535115255.0,2,0.001413972,0.001416005,-0.0003663585,-0.3575401,-1.886247,-9.584085
IMU,1535155035.0,2,0.004819039,-0.0009031798,-0.001109029,-0.3334066,-1.871877,-9.548577
IMU,1535194735.0,2,0.003698465,0.0005149522,-0.001196425,-0.3383579,-1.898585,-9.557549
IMU,1535235471.0,2,0.0008036607,0.0003427195,-0.0002515064,-0.3520438,-1.88726,-9.554952
IMU,1535275695.0,2,0.003739071,0.001610017,-0.0001181596,-0.3460878,-1.876935,-9.561967
IMU,1535315116.0,2,0.002260313,0.002490792,-0.0009178067,-0.3521014,-1.895953,-9.556472
IMU,1535355000.0,2,0.003781954,0.000876968,-0.0005962862,-0.354004,-1.878536,-9.552934
IMU,1535395182.0,2,0.005554911,-0.001062176,-0.002194322,-0.3558799,-1.88641,-9.543558
IMU,1535435263.0,2,0.002179425,0.002262799,-0.001055796,-0.3583756,-1.903065,-9.567849
IMU,1535475450.0,2,0.002832228,0.0002455958,-0.001538118,-0.3513579,-1.88536,-9.57064
IMU,1535514970.0,2,0.004647034,0.0003463296,-0.001366302,-0.3599518,-1.885115,-9.550854
IMU,1535555279.0,2,0.001279108,0.0002217898,-0.001177664,-0.3462419,-1.894026,-9.54949
IMU,1535595093.0,2,0.003478489,0.0001040798,-0.001263498,-0.3378802,-1.89632,-9.546088
IMU,1535636470.0,2,0.001484702,0.000783459,-0.0004881316,-0.3516407,-1.879776,-9.573548
IMU,1535676463.0,2,0.003332799,0.0005835592,0.0002122757,-0.3470307,-1.877326,-9.567583
