ARM,1239555438.0,0.0
AHR2,1238766857.0,-2.33,-2.08,92.27,471.21,43.2382556,-7.6819215
AHR2,1238872665.0,-1.96,-1.59,92.48,471.26,43.2382547,-7.6819168
AHR2,1238976097.0,-2.45,-0.66,92.62,471.53,43.2382542,-7.6819123
AHR2,1239081129.0,-2.41,0.31,92.66,471.6,43.2382538,-7.6819086
AHR2,1239186078.0,-1.85,0.75,92.56,471.63,43.2382535,-7.681904
AHR2,1239290638.0,-2.05,0.83,92.51,471.53,43.2382531,-7.6818998
AHR2,1239397054.0,-2.16,1.64,92.63,471.69,43.2382526,-7.6818956
AHR2,1239502766.0,-1.72,2.33,92.7,471.51,43.2382525,-7.6818942
AHR2,1239608090.0,-1.39,3.51,92.8,471.54,43.2382521,-7.6818895
AHR2,1239708735.0,0.16,6.68,92.45,470.58,43.2382517,-7.681886
AHR2,1239810429.0,2.43,11.14,91.41,470.48,43.2382514,-7.6818828
AHR2,1239910510.0,5.02,15.64,90.44,470.3,43.2382511,-7.6818794
AHR2,1240011621.0,7.69,20.23,89.6,470.06,43.2382509,-7.681876
AHR2,1240111611.0,10.31,24.67,88.8,469.92,43.2382506,-7.6818726
AHR2,1240212519.0,12.71,29.34,88.08,469.55,43.23825,-7.6818692
AHR2,1240312474.0,14.35,33.92,87.45,469.35,43.2382496,-7.6818661
AHR2,1240412624.0,15.15,38.1,86.72,468.68,43.2382492,-7.6818629
AHR2,1240513878.0,14.81,41.32,85.45,468.24,43.2382489,-7.6818614
AHR2,1240616082.0,12.75,41.17,82.9,467.75,43.238248,-7.6818575
AHR2,1240716128.0,-0.02,6.78,82.4,470.14,43.2382475,-7.6818546
AHR2,1240817512.0,6.4,-7.08,89.13,464.05,43.238247,-7.6818542
AHR2,1240917530.0,9.91,-12.06,90.06,464.79,43.2382465,-7.6818523
AHR2,1241017470.0,3.14,5.47,91.72,464.81,43.2382495,-7.6818438
AHR2,1241117514.0,6.25,3.48,90.86,464.95,43.2382503,-7.6818395
AHR2,1241217494.0,6.72,3.87,91.18,464.52,43.2382481,-7.6818442
AHR2,1241317646.0,6.28,3.78,91.2,464.82,43.2382478,-7.6818431
AHR2,1241417458.0,6.21,3.91,91.3,464.89,43.2382485,-7.6818459
AHR2,1241517636.0,6.15,3.94,91.39,464.87,43.2382484,-7.6818457
AHR2,1241617456.0,6.1,3.97,91.48,464.91,43.2382491,-7.6818462
AHR2,1241717746.0,6.08,3.99,91.56,464.76,43.2382491,-7.6818461
AHR2,1241817639.0,6.05,4.02,91.65,464.64,43.2382496,-7.6818475
AHR2,1241917668.0,6.03,4.04,91.73,464.67,43.2382496,-7.6818476
AHR2,1242018478.0,6.0,4.06,91.82,464.83,43.2382498,-7.6818489
AHR2,1242118751.0,5.97,4.08,91.91,464.88,43.2382498,-7.6818489
AHR2,1242220508.0,5.95,4.11,92.0,464.76,43.23825,-7.6818501
AHR2,1242320862.0,5.92,4.13,92.07,464.82,43.2382501,-7.6818501
AHR2,1242422253.0,5.89,4.15,92.15,464.82,43.2382501,-7.6818509
AHR2,1242522730.0,5.87,4.17,92.23,464.82,43.23825,-7.6818509
AHR2,1242624705.0,5.85,4.19,92.31,464.78,43.2382504,-7.6818516
ATT,1238766093.0,-2.184387,-2.485895,-2.347112,-2.411489,98.71655,99.97618
ATT,1238871898.0,-2.315643,-2.134038,-1.733411,-1.989317,98.70682,100.0202
ATT,1238975469.0,-2.403,-2.654307,-1.1713,-1.132893,98.69637,100.0326
ATT,1239080617.0,-2.453606,-2.629458,-0.5823625,-0.1274586,98.68427,99.98414
ATT,1239185433.0,-2.524145,-2.092235,-0.01794424,0.3407963,98.6722,99.74997
ATT,1239289769.0,-2.513609,-2.267086,0.6494197,0.4466174,98.65753,99.56691
ATT,1239396278.0,-2.469824,-2.35743,1.42523,1.284497,98.64108,99.57756
ATT,1239502077.0,-2.368752,-1.936658,2.223809,1.967867,98.62582,99.5012
ATT,1239607533.0,-1.721555,-1.652269,2.078412,3.15941,99.50885,99.4842
ATT,1239708086.0,-0.8765259,-0.1578495,1.058214,6.455027,99.03982,99.03745
ATT,1239809672.0,-0.4426376,2.021356,0.5343902,11.04607,97.99176,98.02247
ATT,1239909714.0,-0.2251542,4.314709,0.2718256,15.73611,96.94155,97.00832
ATT,1240010987.0,-0.1140425,6.727366,0.1376815,20.5606,95.99167,96.09852
ATT,1240110997.0,-0.05822331,9.366694,0.07029152,25.54575,95.12291,95.27698
ATT,1240211873.0,-0.0295167,11.82047,0.03563576,30.76953,94.35952,94.56316
ATT,1240311821.0,-0.01506948,13.60194,0.01819297,35.92826,93.70228,93.95037
ATT,1240412015.0,-0.007693268,14.54282,0.009287318,40.68742,92.96986,93.25277
ATT,1240513195.0,-0.003902273,14.28938,0.004712312,44.46938,91.67428,91.96978
ATT,1240615464.0,-0.001965265,12.14358,0.002374094,44.86798,89.04459,89.29815
ATT,1240715448.0,-0.0009995715,-0.4890957,0.00120739,10.84362,88.90756,88.90014
ATT,1240816878.0,-0.0005068539,6.322306,0.0006109444,-2.54954,95.3465,95.44064
ATT,1240916894.0,-0.0002580923,9.468229,0.0003111393,-7.169735,95.92948,96.07106
ATT,1241016836.0,-0.0002580924,2.127403,0.0003111394,10.85375,97.35995,97.39221
ATT,1241116898.0,-0.0002580924,4.23737,0.0003111395,9.382509,96.75439,96.81834
ATT,1241216887.0,-0.0002580922,4.317087,0.0003111395,9.976462,96.9659,97.03118
ATT,1241317018.0,-0.0002580923,3.994119,0.0003111395,9.764492,96.93842,96.99878
ATT,1241416802.0,-0.0002535672,4.015668,0.0003058703,9.780557,96.92522,96.9859
ATT,1241517009.0,-0.0002535673,4.007439,0.0003058703,9.795797,96.91813,96.9787
ATT,1241616824.0,-0.0002445443,3.993453,0.0002950794,9.801317,96.90681,96.96716
ATT,1241717160.0,-0.0002445443,3.986006,0.0002950795,9.81584,96.90341,96.96367
ATT,1241817018.0,-0.0002399729,3.979392,0.0002894617,9.830806,96.89558,96.95573
ATT,1241917043.0,-0.0002399729,3.964298,0.0002894616,9.860233,96.90248,96.9624
ATT,1242017854.0,-0.0002349735,3.952395,0.0002832008,9.883273,96.90598,96.96572
ATT,1242118106.0,-0.0002349735,3.935958,0.0002832006,9.935882,96.93005,96.98958
ATT,1242219756.0,-0.0002250517,3.9229,0.00027154,9.981526,96.94914,97.00846
ATT,1242320243.0,-0.0002204021,3.903584,0.0002658955,10.0479,96.97825,97.0373
ATT,1242421636.0,-0.0002159162,3.887323,0.0002603348,10.08837,96.98703,97.04583
ATT,1242522061.0,-0.0002113921,3.868433,0.0002546103,10.16845,97.03146,97.09
ATT,1242624116.0,-0.0002065906,3.847338,0.0002490253,10.25373,97.07655,97.13478
BARO,1238758119.0,0,5.440125,470.6801,96720.29
BARO,1238864464.0,0,5.496613,470.7366,96719.67
BARO,1238968731.0,0,5.765076,471.0051,96716.77
BARO,1239072670.0,0,5.835724,471.0757,96716.02
BARO,1239176166.0,0,5.869629,471.1096,96715.63
BARO,1239281824.0,0,5.762238,471.0022,96716.81
BARO,1239386408.0,0,5.926147,471.1661,96715.02
BARO,1239491897.0,0,5.748108,470.9881,96716.97
BARO,1239602254.0,0,5.779205,471.0192,96716.62
BARO,1239702738.0,0,4.815643,470.0556,96727.06
BARO,1239804737.0,0,4.719543,469.9595,96728.1
BARO,1239905041.0,0,4.533051,469.773,96730.12
BARO,1240005720.0,0,4.295685,469.5357,96732.67
BARO,1240106221.0,0,4.157227,469.3972,96734.19
BARO,1240207069.0,0,3.787079,469.0271,96738.18
BARO,1240307010.0,0,3.58078,468.8208,96740.45
BARO,1240407058.0,0,2.919586,468.1596,96747.59
BARO,1240508021.0,0,2.470276,467.7103,96752.47
BARO,1240609991.0,0,1.987091,467.2271,96757.7
BARO,1240710853.0,0,4.374817,469.6148,96731.82
BARO,1240811829.0,0,-1.7146,463.5254,96797.81
BARO,1240912095.0,0,-0.9714355,464.2686,96789.75
BARO,1241012084.0,0,-0.9573059,464.2827,96789.6
BARO,1241111846.0,0,-0.8103638,464.4296,96788.02
BARO,1241211871.0,0,-1.245544,463.9944,96792.71
BARO,1241311761.0,0,-0.9403687,464.2996,96789.41
BARO,1241412525.0,0,-0.8725586,464.3674,96788.67
BARO,1241512115.0,0,-0.8951416,464.3448,96788.92
BARO,1241611695.0,0,-0.8527527,464.3872,96788.48
BARO,1241711970.0,0,-1.005341,464.2346,96790.11
BARO,1241811776.0,0,-1.121216,464.1188,96791.36
BARO,1241911816.0,0,-1.092957,464.147,96791.08
BARO,1242012527.0,0,-0.9347229,464.3053,96789.36
BARO,1242112867.0,0,-0.881012,464.359,96788.76
BARO,1242214443.0,0,-1.002533,464.2375,96790.09
BARO,1242314816.0,0,-0.9488525,464.2911,96789.5
BARO,1242421437.0,0,-0.9403687,464.2996,96789.42
BARO,1242521864.0,0,-0.9827576,464.2572,96789.87
BARO,1242624000.0,0,-0.7510376,464.489,96787.36
BARO,1238758119.0,1,5.290344,470.5303,96702.08
BARO,1238864464.0,1,5.312958,470.5529,96701.84
BARO,1238968731.0,1,5.312958,470.5529,96701.86
BARO,1239072670.0,1,5.646393,470.8864,96698.22
BARO,1239176166.0,1,5.626617,470.8666,96698.43
BARO,1239281824.0,1,5.338379,470.5784,96701.55
BARO,1239386408.0,1,5.801819,471.0418,96696.55
BARO,1239491897.0,1,5.372284,470.6123,96701.2
BARO,1239602254.0,1,5.821594,471.0616,96696.34
BARO,1239702738.0,1,4.804321,470.0443,96707.34
BARO,1239804737.0,1,4.550018,469.79,96710.09
BARO,1239905041.0,1,4.527405,469.7674,96710.35
BARO,1240005720.0,1,4.583923,469.8239,96709.73
BARO,1240106221.0,1,4.177002,469.417,96714.16
BARO,1240207069.0,1,3.835114,469.0751,96717.86
BARO,1240307010.0,1,3.507324,468.7473,96721.41
BARO,1240407058.0,1,3.026947,468.2669,96726.6
BARO,1240508021.0,1,2.54657,467.7866,96731.8
BARO,1240609991.0,1,2.102936,467.3429,96736.61
BARO,1240710853.0,1,-0.5306396,464.7094,96765.14
BARO,1240811829.0,1,-1.378357,463.8616,96774.31
BARO,1240912095.0,1,-0.9799194,464.2601,96770.0
BARO,1241012084.0,1,-1.276611,463.9634,96773.22
BARO,1241111846.0,1,-1.067505,464.1725,96770.96
BARO,1241211871.0,1,-0.8894958,464.3505,96769.02
BARO,1241311761.0,1,-0.8725586,464.3674,96768.85
BARO,1241412525.0,1,-1.189026,464.051,96772.27
BARO,1241512115.0,1,-0.9996948,464.2403,96770.23
BARO,1241611695.0,1,-1.208801,464.0312,96772.5
BARO,1241711970.0,1,-1.047729,464.1923,96770.75
BARO,1241811776.0,1,-1.118378,464.1216,96771.51
BARO,1241911816.0,1,-1.276611,463.9634,96773.23
BARO,1242012527.0,1,-1.276611,463.9634,96773.23
BARO,1242112867.0,1,-1.059052,464.1809,96770.88
BARO,1242214443.0,1,-1.126862,464.1131,96771.61
BARO,1242314816.0,1,-1.008179,464.2318,96770.33
BARO,1242421437.0,1,-1.157928,464.0821,96771.95
BARO,1242521864.0,1,-1.081635,464.1584,96771.12
BARO,1242624000.0,1,-0.770813,464.4692,96767.73
GPS,1238771748.0,4,25,43.2382559,-7.681926,466.25,3.512,-0.139,0.0
GPS,1238981227.0,4,25,43.2382548,-7.6819176,466.27,3.397,-0.057,0.0
GPS,1239169422.0,4,25,43.238254,-7.6819094,466.29,3.295,-0.055,0.0
GPS,1239419407.0,4,25,43.2382532,-7.6819016,466.31,3.047,-0.149,0.0
GPS,1239588745.0,4,25,43.2382525,-7.6818943,466.32,2.886,-0.132,0.0
GPS,1239790725.0,4,25,43.2382519,-7.6818874,466.21,2.781,1.005,0.0
GPS,1239992503.0,4,25,43.2382512,-7.6818806,465.81,2.776,3.081,0.0
GPS,1240173659.0,4,25,43.2382505,-7.6818741,465.02,2.599,4.873,0.0
GPS,1240415199.0,4,25,43.2382497,-7.6818679,463.88,2.502,6.436,0.0
GPS,1240576521.0,4,25,43.2382488,-7.6818619,462.4,2.385,8.275001,0.0
GPS,1240778638.0,4,25,43.2382477,-7.6818572,460.74,1.653,8.48,0.0
GPS,1240962732.0,4,25,43.2382481,-7.681851,459.42,3.557,4.766,0.0
GPS,1241162031.0,4,22,43.2382486,-7.681846,458.87,0.9490001,1.147,0.0
GPS,1241402057.0,4,25,43.2382485,-7.681846,458.94,0.13,-0.075,0.0
GPS,1241581999.0,4,24,43.238249,-7.6818463,459.05,0.114,-0.006,0.0
GPS,1241782489.0,4,24,43.2382496,-7.6818475,459.26,0.047,-0.004,0.0
GPS,1241982695.0,4,25,43.2382498,-7.6818489,459.44,0.026,0.034,0.0
GPS,1242182990.0,4,25,43.2382499,-7.6818501,459.63,0.094,0.033,0.0
GPS,1242405893.0,4,25,43.2382501,-7.6818509,459.74,0.08000001,0.021,0.0
IMU,1238758611.0,0,-0.06225832,0.03268042,0.008698966,-0.176397,0.3685735,-10.23642
IMU,1238806623.0,0,0.05086356,0.0581606,-0.05346525,-1.697598,0.2502475,-9.453444
IMU,1238847042.0,0,-0.04698886,0.05794369,0.04376315,-0.3318056,-1.502836,-9.883633
IMU,1238887067.0,0,0.06350553,0.279034,0.06476485,-1.021086,0.7802999,-9.465802
IMU,1238930850.0,0,-0.2700161,0.2227006,0.05382198,-0.7418374,0.1353359,-9.697949
IMU,1238970684.0,0,0.01259806,0.1738707,0.01220611,-1.201268,1.354769,-10.33458
IMU,1239017506.0,0,-0.03831182,0.1349113,-0.008129776,-0.2892676,1.648555,-9.537671
IMU,1239058200.0,0,0.01955667,0.2105417,0.02985393,-1.212263,-1.827276,-8.979825
IMU,1239097982.0,0,0.03967075,0.05021644,-0.08654136,-1.093224,1.084366,-9.705404
IMU,1239141845.0,0,0.08657374,-0.06394103,-0.1340394,-0.3368729,-0.1697748,-9.998303
IMU,1239188110.0,0,0.0707397,0.196881,0.03661409,-0.3531305,-1.092505,-9.716852
IMU,1239232480.0,0,-0.04139165,0.2092002,0.02238638,-0.5572798,0.8053498,-9.898541
IMU,1239271802.0,0,0.01071803,0.1118886,0.03409969,-0.8441482,-0.5379044,-10.6046
IMU,1239312747.0,0,0.03875231,0.03220662,-0.1185693,-0.8221372,1.982574,-10.67278
IMU,1239356491.0,0,-0.07909763,0.02826918,-0.06668623,-0.5742365,0.03682278,-9.504947
IMU,1239399454.0,0,0.005348388,0.09820448,-0.008201565,-0.5825311,-0.6436393,-10.04098
IMU,1239444680.0,0,0.1655298,0.1763073,-0.06454428,-1.129775,-0.0008006822,-10.3345
IMU,1239484972.0,0,0.1764738,0.06231358,0.007338648,-0.6406499,0.8831851,-9.807116
IMU,1239525019.0,0,0.1385741,0.09285181,-0.04876244,-0.6306823,1.086265,-10.80445
IMU,1239568216.0,0,0.04014981,-0.005064576,-0.1048067,-0.1575324,1.126943,-10.88447
IMU,1239610456.0,0,0.341417,0.323206,-0.002302364,-2.03109,1.149934,-2.452294
IMU,1239650766.0,0,0.324744,0.5069284,-0.07814662,-0.288393,-0.4307292,-1.376587
IMU,1239690215.0,0,0.3558006,0.7298964,-0.1118276,-0.1215567,-0.06996816,-0.5821934
IMU,1239731057.0,0,0.3587108,0.77131,-0.1402184,-0.2946578,0.002602307,-0.4214516
IMU,1239771392.0,0,0.4048414,0.7849561,-0.1929735,-0.1355844,-0.04225954,-0.5340412
IMU,1239812127.0,0,0.4339414,0.7823249,-0.2019093,-0.1776094,0.004374449,-0.6397583
IMU,1239852101.0,0,0.4370917,0.7965129,-0.2085799,-0.1455758,-0.04436643,-0.6961586
IMU,1239892724.0,0,0.4444167,0.8046857,-0.2139304,-0.1104078,-0.06551321,-0.6549501
IMU,1239932646.0,0,0.4485542,0.8090913,-0.2145046,-0.1006527,-0.04914131,-0.6969618
IMU,1239972679.0,0,0.4672114,0.8116652,-0.224361,-0.08427712,-0.05829187,-0.805702
IMU,1240013505.0,0,0.486655,0.8265961,-0.2319568,-0.06720734,-0.03511569,-0.955195
IMU,1240054045.0,0,0.513441,0.8414632,-0.2434896,-0.04399035,-0.05773024,-0.9777101
IMU,1240093840.0,0,0.5284771,0.847508,-0.2510096,-0.02949184,-0.07415432,-1.06285
IMU,1240133672.0,0,0.5185867,0.8534594,-0.2634691,-0.01857314,-0.09423368,-1.150781
IMU,1240173763.0,0,0.4831129,0.8694001,-0.2707046,-0.006814728,-0.1306177,-1.264989
IMU,1240214719.0,0,0.4435589,0.8747655,-0.2713453,0.04579394,-0.1381569,-1.329504
IMU,1240255128.0,0,0.3969163,0.8647388,-0.2801575,0.076392,-0.1424657,-1.409861
IMU,1240294442.0,0,0.3397459,0.849649,-0.2838436,0.09723426,-0.1518687,-1.481537
IMU,1240334256.0,0,0.2940992,0.8306839,-0.2861772,0.1332041,-0.1453992,-1.552872
IMU,1240374454.0,0,0.2403474,0.7880671,-0.2892237,0.1954013,-0.1718214,-1.671469
IMU,1240415328.0,0,0.181335,0.7149321,-0.2961484,0.2550068,-0.2048859,-1.766733
IMU,1240456288.0,0,0.1303814,0.6351373,-0.3096534,0.3311681,-0.2017038,-1.834653
IMU,1240495230.0,0,0.07736063,0.547905,-0.3225857,0.3654224,-0.1846877,-1.965743
IMU,1240535723.0,0,0.06379913,0.3480792,-0.3210887,1.240402,-0.4117848,-3.039386
IMU,1240576661.0,0,-0.1495755,0.03032543,-0.3811607,1.56098,-0.5441527,-2.087894
IMU,1240617856.0,0,0.0186764,-0.6499146,-0.2171228,5.424942,-1.910164,-7.389327
IMU,1240658489.0,0,-2.98888,-3.239142,-0.7249408,15.75533,-13.06711,-16.58154
IMU,1240698444.0,0,0.9976705,-14.69101,0.7368097,83.56474,40.77497,-74.64964
IMU,1240738475.0,0,-0.4247699,-1.791026,1.381541,-5.195527,-0.8739887,10.36589
IMU,1240778721.0,0,1.156921,-2.102046,1.379207,-1.643332,-0.6762204,5.773578
IMU,1240819127.0,0,1.568841,-2.00475,0.860468,-0.007822202,-1.561657,0.4958954
IMU,1240860221.0,0,1.249535,-1.58438,0.3812223,-0.4089377,-1.594145,-1.05035
IMU,1240899693.0,0,-0.01026831,-0.149446,-0.00666713,-1.388946,-1.814726,-2.271707
IMU,1240939366.0,0,-1.663386,1.973361,-0.165224,-1.468708,-0.8154345,-3.498224
IMU,1240979428.0,0,-1.832824,3.572559,-0.001416754,-0.19765,1.788102,-6.511377
IMU,1241019390.0,0,0.2110154,3.406883,0.1702071,5.426178,7.05704,-23.6156
IMU,1241060234.0,0,2.004838,-0.8681059,0.08446164,4.919184,-4.887863,-18.80085
IMU,1241099400.0,0,-1.241445,-0.4272547,-0.2486362,0.2169378,-3.934031,-5.734557
IMU,1241139646.0,0,-0.8218192,-0.2324744,-0.01454641,0.2092887,-1.336966,-6.511034
IMU,1241179526.0,0,0.3609293,0.2503724,0.09930123,0.4531421,0.8477713,-9.545785
IMU,1241219385.0,0,0.2522997,0.1977623,-0.02629412,1.935573,-0.3452139,-12.26513
IMU,1241260101.0,0,-0.1824935,-0.1186247,0.009791933,1.485846,-1.23942,-10.00662
IMU,1241299409.0,0,-0.02027359,-0.01612388,-0.003720068,0.7004318,-0.1253548,-8.916629
IMU,1241339766.0,0,0.06406622,0.0374606,0.006277821,1.347266,-0.863094,-10.19096
IMU,1241379463.0,0,-0.04236563,-0.02113709,2.844404e-05,1.162119,-0.5132445,-9.814425
IMU,1241419207.0,0,0.02366556,0.007092104,0.003937741,1.123796,-0.6377081,-9.725244
IMU,1241462534.0,0,-0.01271689,-0.008498658,0.002156859,1.230367,-0.62998,-9.88023
IMU,1241501644.0,0,0.004893714,0.004189675,0.002674435,1.122188,-0.5853261,-9.787127
IMU,1241541724.0,0,-0.00470137,-0.004595441,0.0004297072,1.205352,-0.6382086,-9.839406
IMU,1241582105.0,0,0.0004800821,-0.001239767,0.001554973,1.149341,-0.5982733,-9.781871
IMU,1241622116.0,0,-0.0006370236,-0.002116597,0.001938096,1.19421,-0.6188199,-9.81847
IMU,1241662026.0,0,0.0005531722,-0.002306923,0.002073996,1.163611,-0.6228064,-9.82093
IMU,1241702236.0,0,-0.0007761148,-0.001294785,0.002265546,1.169053,-0.613433,-9.835632
IMU,1241741830.0,0,0.00110544,-0.00348668,0.001827332,1.179606,-0.6027287,-9.834099
IMU,1241782630.0,0,-0.001408401,-0.00109711,0.001693562,1.167885,-0.6204774,-9.822851
IMU,1241822054.0,0,-0.0005585745,-0.002445815,0.001617964,1.178457,-0.619015,-9.81666
IMU,1241861971.0,0,-0.001382369,-0.002018832,0.003057661,1.161453,-0.6237113,-9.808524
IMU,1241901683.0,0,-0.002342535,-0.002045804,0.0005720757,1.175425,-0.6218547,-9.822559
IMU,1241941741.0,0,-0.002352599,-0.001453557,0.001900126,1.187749,-0.6157082,-9.814637
IMU,1241982768.0,0,-0.0002414438,-0.001851237,0.00270415,1.170209,-0.6149189,-9.837002
IMU,1242023191.0,0,-0.000882018,-0.003817689,0.00169359,1.166322,-0.6135378,-9.810488
IMU,1242062766.0,0,-0.0006329489,-0.001045343,0.003205641,1.1796,-0.6154214,-9.812227
IMU,1242103528.0,0,-0.001335348,-0.0009898328,0.00161337,1.167546,-0.6285838,-9.809767
IMU,1242143535.0,0,-0.001064815,-0.0006990698,0.002781032,1.173547,-0.6152564,-9.804803
IMU,1242183100.0,0,-0.000303096,-0.001884255,0.00228891,1.174296,-0.6152459,-9.81494
IMU,1242224862.0,0,-0.0006160708,-0.002005988,0.00123999,1.165419,-0.617285,-9.81699
IMU,1242264878.0,0,-0.0004579586,-0.001727389,0.001685985,1.174475,-0.6361831,-9.80221
IMU,1242305392.0,0,-0.001600962,-0.0009270009,0.0008190279,1.171745,-0.6153423,-9.814194
IMU,1242345197.0,0,-0.003109775,-0.001804186,0.002525525,1.175785,-0.6109048,-9.814453
IMU,1242385076.0,0,-0.001433252,-0.0009999798,5.334759e-05,1.165189,-0.6213641,-9.809211
IMU,1242427113.0,0,-0.001634395,-0.002495093,0.002429093,1.162078,-0.6159972,-9.797739
IMU,1242467748.0,0,-0.0007602516,-0.003102898,0.001439019,1.177648,-0.6174785,-9.81986
IMU,1242507215.0,0,0.000512031,-0.0008749756,0.002261206,1.164315,-0.6063376,-9.802007
IMU,1242546858.0,0,-0.001454856,-0.001706112,0.002009026,1.167985,-0.6193388,-9.822327
IMU,1242588215.0,0,-4.666354e-05,-0.00128503,0.001808019,1.169211,-0.6222717,-9.817813
IMU,1242629248.0,0,0.0003749244,-0.002034585,0.002736841,1.167067,-0.6244124,-9.797014
IMU,1242669808.0,0,-0.0007618237,-0.001144036,0.001634522,1.170145,-0.6214485,-9.82445
IMU,1238758611.0,1,-0.06746688,0.06293662,0.003337507,0.8913882,1.080692,-10.14193
IMU,1238806623.0,1,0.01150042,0.0181528,-0.04959328,-1.861315,-0.2447248,-8.638395
IMU,1238847042.0,1,-0.03759873,0.09895288,0.04243818,0.05455457,-0.6718524,-10.1137
IMU,1238887067.0,1,0.03929082,0.2282841,0.03957072,-0.7955624,0.6348885,-10.02592
IMU,1238930850.0,1,-0.1783593,0.1841327,0.0294039,-0.6170983,0.5028194,-8.555155
IMU,1238970684.0,1,-0.03588225,0.1504715,-0.01287387,-0.8074408,1.455706,-11.0389
IMU,1239017506.0,1,-0.08678918,0.1503789,-0.01950987,-0.32332,1.492283,-8.652369
IMU,1239058200.0,1,0.08429983,0.1527186,0.006111264,-0.5378212,-1.740528,-10.21611
IMU,1239097982.0,1,-0.01674004,0.02193418,-0.07161154,-1.277109,0.9540353,-8.865895
IMU,1239141845.0,1,0.07204936,-0.02968676,-0.06096709,-0.9274334,-0.1096332,-9.861148
IMU,1239188110.0,1,0.07789119,0.1551282,0.02337372,-0.4418468,-1.571316,-9.74722
IMU,1239232480.0,1,-0.07632751,0.1144084,-0.004117037,-1.05516,0.9377345,-9.625902
IMU,1239271802.0,1,0.06316715,0.08432289,0.03639042,-0.361303,-0.5172348,-11.57606
IMU,1239312747.0,1,-0.01938382,0.04337071,-0.09435901,-1.515698,1.894658,-9.915492
IMU,1239356491.0,1,-0.05487078,0.03147273,-0.09582204,-0.2655019,0.5738075,-8.969719
IMU,1239399454.0,1,0.018172,0.09861396,0.00290615,-0.4559338,-0.04042148,-9.956548
IMU,1239444680.0,1,0.1378944,0.124565,-0.04108157,-1.39417,-0.522127,-10.74303
IMU,1239484972.0,1,0.1240442,0.07178466,0.01147509,-0.9181644,0.9786479,-9.60504
IMU,1239525019.0,1,0.1036186,0.08901174,-0.04008906,-0.7975545,1.206589,-10.98381
IMU,1239568216.0,1,-0.06028403,0.0594012,-0.04180862,-0.05639914,1.322375,-10.12726
IMU,1239610456.0,1,0.1537099,0.220963,-0.02386853,-1.966605,0.109592,-1.907261
IMU,1239650766.0,1,0.3006207,0.4912062,-0.03743286,-0.4938427,0.3542775,-1.468265
IMU,1239690215.0,1,0.3094988,0.6719616,-0.08827962,-0.0419396,0.3408036,-0.6374426
IMU,1239731057.0,1,0.3280039,0.7166082,-0.1081973,-0.2651485,0.5364012,-0.3237023
IMU,1239771392.0,1,0.3674825,0.7407557,-0.1526464,-0.1096466,0.3856165,-0.429271
IMU,1239812127.0,1,0.3914333,0.733969,-0.1583334,-0.1117418,0.3952702,-0.5682896
IMU,1239852101.0,1,0.3981563,0.7493922,-0.1663474,-0.1413388,0.4563138,-0.5445569
IMU,1239892724.0,1,0.4041964,0.7581518,-0.1713145,-0.06306764,0.2937414,-0.5828524
IMU,1239932646.0,1,0.4150015,0.7562776,-0.1731599,0.003936623,0.396246,-0.6055645
IMU,1239972679.0,1,0.428013,0.7608324,-0.1806106,-0.05655533,0.3531895,-0.672639
IMU,1240013505.0,1,0.4500753,0.7689364,-0.1865846,-0.03564597,0.3431189,-0.8323044
IMU,1240054045.0,1,0.4727497,0.788695,-0.1961588,-0.03126126,0.3407659,-0.8367122
IMU,1240093840.0,1,0.4917087,0.790588,-0.2041486,-0.08454442,0.3789549,-0.8882127
IMU,1240133672.0,1,0.4829726,0.7975318,-0.2139382,0.03794715,0.2700926,-0.9319605
IMU,1240173763.0,1,0.444667,0.8152103,-0.2147604,0.0716445,0.1517544,-1.253652
IMU,1240214719.0,1,0.4041238,0.8197607,-0.2266263,0.1069302,0.2692651,-1.271073
IMU,1240255128.0,1,0.3615046,0.8093473,-0.2317815,0.1357757,0.2069025,-1.292645
IMU,1240294442.0,1,0.3009118,0.7972578,-0.239603,0.05101084,0.2628045,-1.507871
IMU,1240334256.0,1,0.2569976,0.7835352,-0.2480097,0.1446754,0.2371139,-1.381132
IMU,1240374454.0,1,0.2062445,0.7412477,-0.2493383,0.1199825,0.1828364,-1.466551
IMU,1240415328.0,1,0.1488609,0.67057,-0.258259,0.2679788,0.1973709,-1.670493
IMU,1240456288.0,1,0.09553305,0.597511,-0.2722045,0.3992514,0.2212044,-1.624926
IMU,1240495230.0,1,0.04284327,0.51056,-0.2854994,0.3468074,0.2199213,-1.897474
IMU,1240535723.0,1,0.04211264,0.3580622,-0.2829311,1.194662,0.001261992,-3.165257
IMU,1240576661.0,1,-0.1597598,0.1163494,-0.3199173,1.983151,-0.1910245,-2.095057
IMU,1240617856.0,1,-0.04799034,-0.6077635,-0.2242083,5.971354,-2.305288,-7.403464
IMU,1240658489.0,1,-2.601801,-2.794271,-0.7729735,16.37917,-13.88357,-21.19985
IMU,1240698444.0,1,1.060783,-17.95224,-0.1312588,53.22427,4.401824,-84.92145
IMU,1240738475.0,1,-0.3879555,-1.513598,1.514798,-3.06145,0.6535199,8.356762
IMU,1240778721.0,1,1.113965,-2.074435,1.307365,-0.8623312,-0.9500803,5.565432
IMU,1240819127.0,1,1.546942,-1.955133,0.8488914,0.09534,-1.065294,0.2477084
IMU,1240860221.0,1,1.241477,-1.577681,0.3811218,-0.3804576,-1.047588,-1.196826
IMU,1240899693.0,1,0.02796953,-0.2101358,0.006579347,-1.276992,-1.389371,-2.23742
IMU,1240939366.0,1,-1.593206,1.851353,-0.191476,-1.43143,-0.3694266,-3.304476
IMU,1240979428.0,1,-1.806356,3.427948,-0.04596088,-0.1410918,2.122149,-6.195193
IMU,1241019390.0,1,0.1241653,3.348433,0.1742934,6.054161,7.653162,-23.93054
IMU,1241060234.0,1,2.040365,-0.820752,0.1587156,4.722195,-5.070025,-18.91736
IMU,1241099400.0,1,-1.238605,-0.3911823,-0.2776422,0.2223283,-3.328281,-5.642268
IMU,1241139646.0,1,-0.8145896,-0.2013804,-0.04300044,0.1596632,-0.8631725,-6.109753
IMU,1241179526.0,1,0.3040972,0.223933,0.1052981,0.5308924,1.191476,-9.37746
IMU,1241219385.0,1,0.2368399,0.1876663,-0.003971651,1.991635,-0.2846121,-12.32483
IMU,1241260101.0,1,-0.1765856,-0.09986488,0.008944204,1.443958,-0.8766953,-9.736684
IMU,1241299409.0,1,-0.0432773,-0.01901092,-0.001309875,0.7666684,0.1784783,-8.826158
IMU,1241339766.0,1,0.04290331,0.04297484,0.01580192,1.33507,-0.4882285,-10.24904
IMU,1241379463.0,1,-0.04266343,-0.007010274,0.004173432,1.223842,-0.108366,-9.66437
IMU,1241419207.0,1,0.009626419,0.015318,0.007091849,1.125102,-0.3236222,-9.594272
IMU,1241462534.0,1,-0.0150515,0.01235993,0.005022495,1.193708,-0.2639635,-9.639289
IMU,1241501644.0,1,0.001010107,0.009995192,0.005686348,1.083562,-0.1717682,-9.617826
IMU,1241541724.0,1,-0.002470274,0.001748461,0.002088114,1.273782,-0.3394289,-9.739634
IMU,1241582105.0,1,-0.003923302,0.0105676,0.001425319,1.19806,-0.308958,-9.61199
IMU,1241622116.0,1,-0.002534945,0.00643802,0.005959754,1.196717,-0.1921052,-9.74877
IMU,1241662026.0,1,-0.004671159,0.009000761,0.003748154,1.22446,-0.1691751,-9.693513
IMU,1241702236.0,1,-0.002737753,0.003613538,0.003748646,1.216588,-0.3398286,-9.774852
IMU,1241741830.0,1,-0.002742675,0.00136302,0.004187399,1.192552,-0.2477563,-9.651077
IMU,1241782630.0,1,-0.001795244,0.003587313,0.005679545,1.16588,-0.215692,-9.705315
IMU,1241822054.0,1,-0.003460634,0.001251503,0.004022391,1.219567,-0.3281875,-9.736874
IMU,1241861971.0,1,-0.000466048,0.008725875,0.002081913,1.223658,-0.2861461,-9.651366
IMU,1241901683.0,1,0.0004355346,0.002173113,0.002131172,1.154944,-0.2738954,-9.743142
IMU,1241941741.0,1,-0.002579085,0.006593679,0.002482058,1.186337,-0.2514369,-9.907914
IMU,1241982768.0,1,0.0002476508,0.003941805,0.001482517,1.2104,-0.3805934,-9.654716
IMU,1242023191.0,1,-0.001850034,0.002872709,0.003333368,1.183588,-0.4018556,-9.56246
IMU,1242062766.0,1,-0.001949751,-0.000350798,0.001274288,1.224257,-0.2531805,-9.798279
IMU,1242103528.0,1,-0.001855768,0.002282993,0.0008229424,1.171282,-0.3721664,-9.613989
IMU,1242143535.0,1,-0.001032167,0.006812695,0.003876313,1.193918,-0.3355171,-9.56179
IMU,1242183100.0,1,-0.002756098,0.00846596,-0.001056163,1.205843,-0.372894,-9.70863
IMU,1242224862.0,1,0.0002134482,0.008898129,0.003619027,1.235466,-0.3437068,-9.580646
IMU,1242264878.0,1,-0.0007243894,0.003975755,0.002924349,1.198319,-0.2506557,-9.664097
IMU,1242305392.0,1,-0.005864848,0.002380655,0.000645727,1.221741,-0.3902188,-9.55715
IMU,1242345197.0,1,-0.0033389,0.003838947,0.001414943,1.195248,-0.2540027,-9.672814
IMU,1242385076.0,1,-0.001435785,0.005184117,0.001204515,1.148051,-0.323525,-9.73491
IMU,1242427113.0,1,-0.002300162,0.006089364,-0.0007179714,1.170039,-0.2345096,-9.816342
IMU,1242467748.0,1,-0.001219652,-0.000217642,0.002674651,1.104624,-0.2372494,-9.774762
IMU,1242507215.0,1,-0.002637741,0.003748188,0.003630928,1.202131,-0.2074491,-9.629625
IMU,1242546858.0,1,-0.002046069,0.006294889,0.002028988,1.249856,-0.2347353,-9.729255
IMU,1242588215.0,1,-0.001114854,0.005210573,4.537306e-05,1.176451,-0.2836408,-9.780852
IMU,1242629248.0,1,-0.002306848,0.009482779,0.005516673,1.10326,-0.3357699,-9.684274
IMU,1242669808.0,1,-0.002074332,0.007447341,0.002474022,1.227591,-0.2364135,-9.845856
IMU,1238758611.0,2,-0.01095588,-0.005768523,-0.0108455,-1.078086,0.6820771,-8.69696
IMU,1238806623.0,2,0.04613538,0.09734134,0.01487024,-0.7107806,-1.256226,-9.313997
IMU,1238847042.0,2,-0.06590459,0.058165,0.008779129,-0.4851901,0.3538073,-9.922688
IMU,1238887067.0,2,0.09595664,0.2052205,0.01977319,-0.8820944,-0.5705779,-9.57358
IMU,1238930850.0,2,-0.0826453,0.2077889,0.01283407,-0.650085,1.068718,-9.255694
IMU,1238970684.0,2,-0.1095423,0.1785754,-0.01676206,-0.1900008,0.3590248,-9.947515
IMU,1239017506.0,2,0.09750959,0.1246893,-0.005612255,-0.8340343,1.558769,-8.374497
IMU,1239058200.0,2,0.02065836,0.1249932,-0.008042284,-0.3840564,-0.3616339,-10.92194
IMU,1239097982.0,2,0.04227327,0.1323294,0.004814318,-0.5404773,-0.1194902,-8.826104
IMU,1239141845.0,2,0.06674647,0.05460856,-0.027866,-0.8549343,-0.3425249,-8.531014
IMU,1239188110.0,2,0.07224157,0.1318577,-0.002804667,-0.3550969,0.1798582,-9.795583
IMU,1239232480.0,2,0.01523792,0.1232649,-0.0113138,-1.448859,-0.2234991,-8.558496
IMU,1239271802.0,2,-0.1393159,0.08144362,-0.02153881,0.3625098,0.365643,-10.53242
IMU,1239312747.0,2,0.08174364,0.1424975,-0.02010003,-2.122239,-1.537375,-9.477572
IMU,1239356491.0,2,0.01660845,0.1311953,0.003947375,0.129342,-0.853636,-10.13455
IMU,1239399454.0,2,-0.006171898,0.1454985,0.004700224,-1.040202,0.3106456,-8.620684
IMU,1239444680.0,2,0.02466162,0.193004,0.004097128,-0.4108103,-0.1539571,-10.03603
IMU,1239484972.0,2,0.1333622,0.1009161,-0.01974555,0.06207476,0.8812833,-10.31008
IMU,1239525019.0,2,0.1343211,0.1260087,0.00694519,-1.591962,-0.6185113,-9.184117
IMU,1239568216.0,2,-0.03959222,0.06561384,-0.02809255,-1.101502,0.2919115,-9.605085
IMU,1239610456.0,2,0.2428117,0.2990069,-0.004931504,-0.969017,-1.216136,-2.141988
IMU,1239650766.0,2,0.3084969,0.5191939,-0.04705781,-0.5725429,0.5920228,-1.233195
IMU,1239690215.0,2,0.36617,0.7093753,-0.1186488,-0.1578408,-0.02354714,-0.423549
IMU,1239731057.0,2,0.385476,0.7663679,-0.1437173,-0.2693296,0.05732175,-0.303098
IMU,1239771392.0,2,0.421142,0.7798751,-0.1922739,-0.1670736,0.03267057,-0.3220744
IMU,1239812127.0,2,0.4480821,0.7767789,-0.2012804,-0.2089081,0.03598674,-0.4132199
IMU,1239852101.0,2,0.4541398,0.7914361,-0.2071982,-0.1753062,0.01980477,-0.532497
IMU,1239892724.0,2,0.4611465,0.799638,-0.212303,-0.1379591,0.006294493,-0.4788127
IMU,1239932646.0,2,0.4672044,0.8041746,-0.2136211,-0.1119544,0.009893207,-0.5215904
IMU,1239972679.0,2,0.4839662,0.8040715,-0.2229414,-0.09725059,0.003639536,-0.661573
IMU,1240013505.0,2,0.5059097,0.8194164,-0.2315616,-0.09426446,-0.002849913,-0.7496277
IMU,1240054045.0,2,0.5335385,0.8348411,-0.2419127,-0.05725616,-0.01422723,-0.8347132
IMU,1240093840.0,2,0.5469393,0.8404425,-0.2498611,-0.04468399,-0.02174894,-0.8710035
IMU,1240133672.0,2,0.5358727,0.8477866,-0.2631436,-0.03783177,-0.04053019,-0.9755966
IMU,1240173763.0,2,0.500873,0.8606732,-0.2687587,-0.02020054,-0.07052713,-1.120518
IMU,1240214719.0,2,0.4608123,0.8693851,-0.2700035,0.001688802,-0.08220681,-1.179421
IMU,1240255128.0,2,0.4162889,0.8604897,-0.2772494,0.04163054,-0.08702936,-1.238938
IMU,1240294442.0,2,0.3578962,0.843977,-0.2822821,0.06783982,-0.1136266,-1.327564
IMU,1240334256.0,2,0.3118798,0.8295189,-0.2837541,0.09820372,-0.09305407,-1.398206
IMU,1240374454.0,2,0.2580685,0.7848687,-0.2876594,0.1591826,-0.1285035,-1.481883
IMU,1240415328.0,2,0.1985856,0.7153881,-0.2928792,0.206559,-0.1431953,-1.596345
IMU,1240456288.0,2,0.1473237,0.6353042,-0.3075243,0.2865488,-0.1793725,-1.689561
IMU,1240495230.0,2,0.09167529,0.5471187,-0.3200009,0.3142717,-0.176609,-1.786263
IMU,1240535723.0,2,0.06869578,0.3650137,-0.3186776,0.6087582,-0.3156531,-2.504791
IMU,1240576661.0,2,-0.1483641,0.06342632,-0.3641396,0.8614877,-0.5791144,-2.100258
IMU,1240617856.0,2,-0.03857344,-0.6855314,-0.2509401,4.561577,-3.202482,-7.423402
IMU,1240658489.0,2,-2.872273,-2.998984,-0.7510961,14.33655,-13.07589,-19.10367
IMU,1240698444.0,2,1.933452,-19.4132,0.1999085,49.43529,6.995301,-88.24376
IMU,1240738475.0,2,-0.6152047,-1.561438,1.55872,-7.166825,0.0312993,9.975381
IMU,1240778721.0,2,1.080722,-2.201875,1.334903,-0.8384117,-0.7957327,5.458476
IMU,1240819127.0,2,1.513693,-2.04453,0.8469629,-0.04581019,-1.479843,0.5741353
IMU,1240860221.0,2,1.198719,-1.609224,0.3722427,-0.2259889,-1.476279,-1.423091
IMU,1240899693.0,2,-0.03127614,-0.1312211,-0.009558986,-0.9355686,-1.439469,-3.234143
IMU,1240939366.0,2,-1.610845,2.055527,-0.1541688,-1.165418,-0.5965525,-4.380322
IMU,1240979428.0,2,-1.737731,3.626186,0.005699248,-0.1660658,1.571881,-6.559082
IMU,1241019390.0,2,0.3143978,3.370065,0.1795773,6.573209,8.778317,-22.76077
IMU,1241060234.0,2,1.912444,-0.8828496,0.04944599,4.49436,-4.406005,-19.08069
IMU,1241099400.0,2,-1.231951,-0.3955116,-0.2451121,0.1428083,-3.778091,-5.879743
IMU,1241139646.0,2,-0.788928,-0.2029755,-0.00784025,0.1188742,-1.516154,-6.066343
IMU,1241179526.0,2,0.3789282,0.2569825,0.09346698,0.5221629,0.574199,-9.303317
IMU,1241219385.0,2,0.2305692,0.1758295,-0.02770852,1.809916,-0.5188595,-12.16887
IMU,1241260101.0,2,-0.1748156,-0.1107052,0.008876101,1.377878,-1.320648,-9.842649
IMU,1241299409.0,2,-0.01088078,-0.01189033,-0.004979027,0.6661887,-0.2829805,-8.676093
IMU,1241339766.0,2,0.05841536,0.03532059,0.003598028,1.25922,-0.9574047,-10.07343
IMU,1241379463.0,2,-0.03596604,-0.02002615,-0.001899104,1.067391,-0.6380615,-9.61719
IMU,1241419207.0,2,0.02445165,0.009193257,0.002806052,1.045409,-0.7495853,-9.550249
IMU,1241462534.0,2,-0.008575049,-0.005827636,0.0005407368,1.148348,-0.7331246,-9.679528
IMU,1241501644.0,2,0.008639836,0.004922501,0.0008297618,1.050797,-0.7078593,-9.59715
IMU,1241541724.0,2,-0.001653373,-0.001602746,0.0007625839,1.130247,-0.7531781,-9.677124
IMU,1241582105.0,2,0.004165767,0.002050348,0.0006012531,1.07149,-0.7218828,-9.607749
IMU,1241622116.0,2,0.003507371,-0.0006972948,0.0001723982,1.103848,-0.7423514,-9.650582
IMU,1241662026.0,2,0.001468862,-0.0009457663,0.001119425,1.09659,-0.7358462,-9.636843
IMU,1241702236.0,2,0.002436552,0.001939,0.0007942595,1.09323,-0.7188895,-9.629972
IMU,1241741830.0,2,0.001229738,0.00104308,-0.0003925847,1.087088,-0.7330835,-9.637394
IMU,1241782630.0,2,0.003032127,-0.0008666352,0.0002926184,1.084384,-0.7322932,-9.631524
IMU,1241822054.0,2,0.001526269,0.0009269088,-0.0014161,1.089438,-0.7419375,-9.638696
IMU,1241861971.0,2,0.001502749,0.0006780344,-0.0002259113,1.083775,-0.7336375,-9.616043
IMU,1241901683.0,2,0.002819988,0.001544383,0.001010013,1.075594,-0.7344404,-9.647142
IMU,1241941741.0,2,0.001817534,-0.0005727038,-0.0001335147,1.094504,-0.7286551,-9.629807
IMU,1241982768.0,2,0.002175859,-2.271366e-05,-0.0003141534,1.087519,-0.7392104,-9.622294
IMU,1242023191.0,2,0.002378805,0.0008110921,0.001149584,1.077332,-0.7389545,-9.638083
IMU,1242062766.0,2,0.001647511,-0.0003070738,0.0009294309,1.085307,-0.7288598,-9.634754
IMU,1242103528.0,2,0.001734779,-0.001105685,0.0004142235,1.093207,-0.7356471,-9.636445
IMU,1242143535.0,2,0.00164788,0.001049548,0.001132751,1.091253,-0.7300882,-9.645816
IMU,1242183100.0,2,0.001255309,0.0005636992,-0.0003572656,1.081393,-0.725532,-9.626208
IMU,1242224862.0,2,0.001408681,0.0002911005,0.0008277039,1.083129,-0.7301998,-9.610987
IMU,1242264878.0,2,0.002772147,-0.0004254986,0.001239691,1.080683,-0.7469558,-9.661527
IMU,1242305392.0,2,0.002909428,0.0001851684,-0.0008479059,1.088045,-0.7336339,-9.638378
IMU,1242345197.0,2,0.003337491,0.0003234204,-0.0003455591,1.090362,-0.7310383,-9.631536
IMU,1242385076.0,2,0.001666942,0.001252247,-0.0003819539,1.08599,-0.7290685,-9.636928
IMU,1242427113.0,2,0.002998968,0.001172093,0.0009340704,1.089942,-0.7390741,-9.633455
IMU,1242467748.0,2,0.002490916,0.001236727,0.0006577768,1.099612,-0.734262,-9.620613
IMU,1242507215.0,2,0.001906933,0.001145274,-0.0002616455,1.077531,-0.742239,-9.620563
IMU,1242546858.0,2,0.001086297,0.0003430844,0.001462579,1.085129,-0.7339475,-9.662778
IMU,1242588215.0,2,0.001832812,0.0003682754,-0.0002431135,1.085798,-0.7439662,-9.633325
IMU,1242629248.0,2,0.002829441,-0.0003157488,0.000703318,1.087988,-0.7356621,-9.655622
IMU,1242669808.0,2,0.001722272,0.001012581,-5.401452e-07,1.084984,-0.7290632,-9.647473
