ARM,660482022.0,0.0
AHR2,659964627.0,-1.62,-6.11,89.03,467.56,43.2382567,-7.6819415
AHR2,660069486.0,-1.98,-4.38,89.66,467.54,43.2382565,-7.6819372
AHR2,660177093.0,-2.31,-3.59,89.79,467.56,43.2382553,-7.6819317
AHR2,660280888.0,-2.31,-2.87,90.01,467.83,43.2382548,-7.681927
AHR2,660384763.0,-2.55,-2.24,90.12,467.73,43.2382542,-7.6819221
AHR2,660490719.0,-2.37,-1.56,90.03,467.46,43.2382544,-7.6819198
AHR2,660591842.0,-1.09,-0.81,90.24,467.06,43.2382536,-7.6819141
AHR2,660692090.0,1.38,0.84,89.25,467.15,43.2382532,-7.6819096
AHR2,660793436.0,3.87,2.75,87.96,467.37,43.2382527,-7.6819047
AHR2,660893889.0,6.02,4.78,86.74,467.31,43.2382523,-7.6819003
AHR2,660995121.0,8.33,7.37,85.63,466.99,43.2382519,-7.681896
AHR2,661094989.0,10.77,10.27,84.55,466.93,43.2382515,-7.6818915
AHR2,661196207.0,13.0,13.46,83.48,466.55,43.2382507,-7.6818877
AHR2,661296064.0,14.73,16.76,82.45,465.88,43.2382502,-7.6818834
AHR2,661396131.0,15.5,19.71,81.25,465.46,43.2382497,-7.6818791
AHR2,661497838.0,15.09,21.75,79.69,464.87,43.2382495,-7.6818768
AHR2,661599408.0,7.46,23.89,77.22,463.97,43.2382486,-7.6818718
AHR2,661699279.0,-9.2,-11.43,77.12,462.46,43.238248,-7.6818678
AHR2,661800247.0,-0.82,-45.25,84.37,460.95,43.2382484,-7.6818653
AHR2,661900364.0,-0.25,-53.33,86.18,461.44,43.2382482,-7.6818618
AHR2,662000808.0,-14.33,-51.88,97.02,461.36,43.2382435,-7.68187
AHR2,662100663.0,-9.5,-36.24,92.81,461.37,43.2382415,-7.6818712
AHR2,662200675.0,-8.57,-11.89,88.07,461.33,43.2382436,-7.6818716
AHR2,662300700.0,-10.12,-8.01,87.72,461.43,43.2382432,-7.6818724
AHR2,662400683.0,-11.2,-13.54,88.75,461.3,43.2382434,-7.6818717
AHR2,662501004.0,-11.25,-11.39,88.58,461.46,43.2382432,-7.6818719
AHR2,662600754.0,-11.23,-11.39,88.73,461.3,43.2382434,-7.6818723
AHR2,662700885.0,-11.26,-11.23,88.93,461.46,43.2382434,-7.6818725
AHR2,662800691.0,-11.27,-11.09,89.12,461.26,43.2382434,-7.6818724
AHR2,662900757.0,-11.29,-10.95,89.31,461.49,43.2382434,-7.6818724
AHR2,663001387.0,-11.31,-10.82,89.49,461.15,43.2382439,-7.6818723
AHR2,663101437.0,-11.33,-10.69,89.67,461.27,43.2382439,-7.6818723
AHR2,663202255.0,-11.35,-10.56,89.85,461.22,43.2382439,-7.6818724
AHR2,663302094.0,-11.36,-10.43,90.03,461.21,43.2382439,-7.6818723
AHR2,663403963.0,-11.37,-10.31,90.2,461.38,43.238243,-7.6818726
AHR2,663504625.0,-11.38,-10.19,90.37,461.36,43.238243,-7.6818726
AHR2,663605471.0,-11.38,-10.08,90.54,461.33,43.2382423,-7.6818727
AHR2,663705532.0,-11.39,-9.97,90.71,461.21,43.2382422,-7.6818727
ATT,659963922.0,-2.410904,-2.047612,-5.898494,-6.546134,98.79598,99.57122
ATT,660068866.0,-2.694123,-2.341615,-5.12533,-4.857415,98.79234,99.86398
ATT,660176488.0,-2.817325,-2.6098,-4.430088,-4.106453,98.78075,99.72431
ATT,660280199.0,-2.893137,-2.702612,-3.806376,-3.368931,98.76791,99.69445
ATT,660384097.0,-3.037622,-3.03931,-3.054975,-2.724302,98.75279,99.60161
ATT,660490048.0,-3.072487,-2.783083,-2.213204,-2.038857,99.33701,99.29552
ATT,660591267.0,-1.598594,-1.398758,-1.117718,-1.27629,99.23647,99.21561
ATT,660691496.0,-0.8160685,1.067163,-0.5705844,0.4814535,98.12929,98.14518
ATT,660792791.0,-0.4118345,3.701891,-0.2879492,2.607876,96.71161,96.7668
ATT,660893207.0,-0.2097111,6.242503,-0.1466271,5.101947,95.36981,95.46306
ATT,660994495.0,-0.1061677,8.84574,-0.07423087,8.157383,94.16213,94.29478
ATT,661094262.0,-0.05420018,11.3379,-0.03789598,11.47189,92.99245,93.16377
ATT,661195516.0,-0.02745851,13.63986,-0.0191986,15.07873,91.84856,92.05714
ATT,661295443.0,-0.01401927,15.45369,-0.00980207,18.73908,90.75502,90.99535
ATT,661395482.0,-0.007156918,16.29346,-0.005004014,22.05704,89.49679,89.75537
ATT,661497221.0,-0.003623504,15.95976,-0.002533503,24.5091,87.87917,88.13731
ATT,661598755.0,-0.001830436,8.238724,-0.001279815,27.15002,85.30679,85.44432
ATT,661698711.0,-0.0009323643,-8.512777,-0.0006518958,-7.87152,84.59205,84.46444
ATT,661799663.0,-0.0004729234,0.7530014,-0.0003306613,-41.0838,90.30026,90.31515
ATT,661899658.0,-0.0003322818,0.7661986,-0.0002323267,-48.03897,92.16587,92.18296
ATT,662000115.0,-0.0003266418,-11.98574,-0.0002283831,-45.26155,102.0084,101.7566
ATT,662099966.0,-0.0003201503,-7.740827,-0.0002238444,-27.36951,98.30651,98.17699
ATT,662200044.0,-0.0003201504,-7.186619,-0.0002238445,-0.6930247,94.11925,94.0124
ATT,662300043.0,-0.0003201503,-7.59562,-0.0002238444,5.512129,93.44175,93.32835
ATT,662400083.0,-0.0003201503,-7.353909,-0.0002238444,1.94467,93.72591,93.61655
ATT,662500235.0,-0.0003201502,-7.480862,-0.0002238443,3.806724,93.50173,93.3903
ATT,662600170.0,-0.0003142893,-7.443024,-0.0002197465,3.566824,93.51365,93.40281
ATT,662700361.0,-0.0003142894,-7.434964,-0.0002197465,3.6087,93.5061,93.39536
ATT,662800068.0,-0.0003142893,-7.425458,-0.0002197465,3.631004,93.49914,93.38854
ATT,662900103.0,-0.0003142892,-7.422212,-0.0002197464,3.653266,93.506,93.39545
ATT,663000740.0,-0.0003079114,-7.429812,-0.0002152871,3.672803,93.52166,93.411
ATT,663100764.0,-0.0003079114,-7.450615,-0.0002152871,3.699625,93.5761,93.46513
ATT,663201655.0,-0.0002957524,-7.475386,-0.0002067857,3.72107,93.62861,93.51727
ATT,663301606.0,-0.0002957523,-7.504218,-0.0002067856,3.743995,93.70372,93.59195
ATT,663403258.0,-0.0002837081,-7.519912,-0.0001983643,3.757461,93.74586,93.63387
ATT,663503898.0,-0.0002778807,-7.549985,-0.0001942899,3.769421,93.81989,93.70744
ATT,663604826.0,-0.0002664428,-7.571957,-0.0001862927,3.774567,93.86915,93.75637
ATT,663704868.0,-0.0002664428,-7.601685,-0.0001862926,3.776734,93.92782,93.8146
BARO,659958479.0,0,3.510132,468.7501,96741.19
BARO,660064117.0,0,3.490356,468.7303,96741.42
BARO,660167199.0,0,3.510132,468.7501,96741.19
BARO,660272642.0,0,3.784241,469.0242,96738.23
BARO,660376479.0,0,3.688171,468.9282,96739.25
BARO,660482274.0,0,3.419739,468.6597,96742.17
BARO,660583091.0,0,3.015656,468.2556,96746.56
BARO,660683734.0,0,3.103241,468.3432,96745.59
BARO,660785834.0,0,3.326477,468.5665,96743.19
BARO,660886204.0,0,3.261475,468.5015,96743.88
BARO,660987613.0,0,2.945007,468.185,96747.33
BARO,661087271.0,0,2.888489,468.1285,96747.94
BARO,661188138.0,0,2.507019,467.747,96752.08
BARO,661288464.0,0,1.831665,467.0717,96759.39
BARO,661388260.0,0,1.413452,466.6534,96763.92
BARO,661489438.0,0,0.8285522,466.0685,96770.25
BARO,661590754.0,0,-0.07003784,465.17,96779.99
BARO,661691659.0,0,-1.581787,463.6582,96796.37
BARO,661792050.0,0,-3.090729,462.1493,96812.72
BARO,661892101.0,0,-2.604706,462.6353,96807.45
BARO,661992234.0,0,-2.683838,462.5562,96808.3
BARO,662092834.0,0,-2.675354,462.5646,96808.23
BARO,662192612.0,0,-2.712097,462.5279,96808.6
BARO,662292773.0,0,-2.610352,462.6296,96807.52
BARO,662392616.0,0,-2.74881,462.4912,96809.01
BARO,662492699.0,0,-2.587769,462.6522,96807.27
BARO,662592675.0,0,-2.740356,462.4996,96808.91
BARO,662692675.0,0,-2.587769,462.6522,96807.28
BARO,662792665.0,0,-2.785553,462.4544,96809.41
BARO,662892722.0,0,-2.551025,462.689,96806.88
BARO,662993702.0,0,-2.89859,462.3414,96810.63
BARO,663093711.0,0,-2.771423,462.4686,96809.27
BARO,663194490.0,0,-2.825104,462.4149,96809.84
BARO,663294369.0,0,-2.839233,462.4008,96809.98
BARO,663397842.0,0,-2.664063,462.5759,96808.1
BARO,663498273.0,0,-2.686646,462.5533,96808.33
BARO,663600634.0,0,-2.717743,462.5222,96808.66
BARO,663700611.0,0,-2.83078,462.4092,96809.91
BARO,659958479.0,1,3.230408,468.4704,96724.39
BARO,660064117.0,1,3.091949,468.3319,96725.91
BARO,660167199.0,1,3.292572,468.5326,96723.73
BARO,660272642.0,1,3.193665,468.4337,96724.78
BARO,660376479.0,1,3.317993,468.558,96723.45
BARO,660482274.0,1,3.28125,468.5212,96723.86
BARO,660583091.0,1,2.978912,468.2189,96727.11
BARO,660683734.0,1,2.687866,467.9279,96730.27
BARO,660785834.0,1,3.210632,468.4506,96724.62
BARO,660886204.0,1,2.775452,468.0154,96729.33
BARO,660987613.0,1,2.950653,468.1906,96727.44
BARO,661087271.0,1,2.379852,467.6198,96733.59
BARO,661188138.0,1,2.461792,467.7018,96732.73
BARO,661288464.0,1,1.845795,467.0858,96739.38
BARO,661388260.0,1,1.308899,466.5489,96745.2
BARO,661489438.0,1,0.5855408,465.8255,96753.03
BARO,661590754.0,1,0.1136169,465.3536,96758.16
BARO,661691659.0,1,-1.545074,463.6949,96776.13
BARO,661792050.0,1,-3.18399,462.056,96793.89
BARO,661892101.0,1,-2.570801,462.6692,96787.25
BARO,661992234.0,1,-2.929657,462.3103,96791.15
BARO,662092834.0,1,-2.760132,462.4799,96789.3
BARO,662192612.0,1,-3.020081,462.2199,96792.13
BARO,662292773.0,1,-3.042694,462.1973,96792.35
BARO,662392616.0,1,-2.590576,462.6494,96787.47
BARO,662492699.0,1,-2.921204,462.3188,96791.05
BARO,662592675.0,1,-2.98053,462.2595,96791.68
BARO,662692675.0,1,-2.392792,462.8472,96785.31
BARO,662792665.0,1,-3.311127,461.9289,96795.26
BARO,662892722.0,1,-2.83078,462.4092,96790.06
BARO,662993702.0,1,-2.825104,462.4149,96790.01
BARO,663093711.0,1,-2.915527,462.3245,96790.97
BARO,663194490.0,1,-2.740356,462.4996,96789.08
BARO,663294369.0,1,-3.110504,462.1295,96793.1
BARO,663397842.0,1,-3.028564,462.2114,96792.22
BARO,663498273.0,1,-2.887268,462.3527,96790.68
BARO,663600634.0,1,-2.799683,462.4403,96789.73
BARO,663700611.0,1,-3.172668,462.0673,96793.77
GPS,659971881.0,4,24,43.2382571,-7.6819471,466.97,3.77,-0.044,0.0
GPS,660160665.0,4,24,43.238256,-7.6819379,466.98,3.808,-0.09,0.0
GPS,660410185.0,4,24,43.238255,-7.6819287,467.01,3.706,-0.072,0.0
GPS,660575713.0,4,24,43.2382541,-7.6819199,467.03,3.624,-0.075,0.0
GPS,660756690.0,4,23,43.2382533,-7.6819113,466.88,3.538,1.699,0.0
GPS,660958462.0,4,24,43.2382525,-7.6819027,466.36,3.61,3.505,0.0
GPS,661159748.0,4,23,43.2382515,-7.6818942,465.5,3.524,5.279,0.0
GPS,661401229.0,4,24,43.2382505,-7.6818858,464.28,3.457,7.002,0.0
GPS,661563005.0,4,23,43.2382495,-7.6818778,462.73,3.284,8.602,0.0
GPS,661764500.0,4,23,43.2382486,-7.6818705,460.96,2.805,9.252001,0.0
GPS,661964712.0,4,24,43.2382464,-7.6818683,459.94,2.385,1.143,0.0
GPS,662165013.0,4,24,43.2382441,-7.6818704,459.89,0.7590001,-0.347,0.0
GPS,662385995.0,4,24,43.2382435,-7.6818715,459.98,0.233,-0.044,0.0
GPS,662565624.0,4,23,43.2382434,-7.6818721,459.98,0.147,0.165,0.0
GPS,662765697.0,4,23,43.2382434,-7.6818724,460.01,0.006,0.032,0.0
GPS,662965423.0,4,24,43.2382438,-7.6818723,460.02,0.075,0.07300001,0.0
GPS,663166018.0,4,24,43.2382439,-7.6818724,460.05,0.035,-0.066,0.0
GPS,663387034.0,4,24,43.238243,-7.6818726,460.07,0.013,0.031,0.0
GPS,663569510.0,4,24,43.2382424,-7.6818727,460.13,0.094,-0.038,0.0
IMU,659911650.0,0,0.07094876,0.05608391,0.1079702,-0.1537469,1.662059,-10.00014
IMU,659951968.0,0,-0.2015609,0.2840081,0.06325541,-2.017016,-0.3283878,-9.336953
IMU,659993087.0,0,-0.1214472,0.3721699,0.1120871,-0.23384,-0.8003829,-9.651348
IMU,660036481.0,0,0.01281527,0.3706338,0.04072342,-0.7791019,1.479286,-10.04794
IMU,660076837.0,0,-0.0476242,0.2057077,0.1079885,-0.6944582,-0.3557772,-9.769125
IMU,660120466.0,0,-0.003017359,0.2910933,0.08768544,-1.307669,0.3613683,-8.842455
IMU,660162104.0,0,-0.1073567,0.1094584,-0.01757231,-1.8107,0.2915204,-9.116512
IMU,660204425.0,0,0.01520506,0.188562,-0.05490153,-0.09812676,0.3533767,-10.90098
IMU,660247647.0,0,-0.1031549,0.1419264,-0.06660765,-1.412318,0.6924466,-9.909589
IMU,660287782.0,0,0.04652442,0.1711975,-0.0005875751,-0.7204672,-0.911643,-9.466865
IMU,660331223.0,0,0.03799885,0.21668,-0.02008958,-1.039342,1.276154,-9.772477
IMU,660371629.0,0,-0.09793036,-0.02573116,-0.05955373,-0.1271152,-1.167768,-10.04668
IMU,660411875.0,0,0.1998994,0.1645534,0.03201925,-0.9144613,1.611592,-10.05942
IMU,660457205.0,0,0.00120645,0.1839339,0.01289176,-1.997884,1.043374,-9.582835
IMU,660497471.0,0,0.1369281,-0.02391642,-0.003191927,0.149334,-0.9654467,-10.53881
IMU,660537867.0,0,0.1331023,-0.03375852,-0.07555658,-1.196645,0.7726554,-4.883059
IMU,660580338.0,0,0.3844667,0.2244391,-0.0622948,-0.1167479,-1.050842,-0.739904
IMU,660621173.0,0,0.4100448,0.2859637,-0.1417601,0.04789894,0.006819886,-0.3829717
IMU,660661027.0,0,0.4434333,0.3231828,-0.1989777,-0.1780432,0.01027051,-0.7081665
IMU,660701257.0,0,0.4622945,0.332536,-0.2161217,-0.1696665,0.01350817,-0.4435851
IMU,660741514.0,0,0.4500229,0.3468282,-0.2474769,-0.1934078,0.05393835,-0.5301686
IMU,660782976.0,0,0.4678313,0.360618,-0.2628859,-0.1860857,0.04242025,-0.4641463
IMU,660823870.0,0,0.4646729,0.3852095,-0.2679882,-0.2278723,-0.03310517,-0.5978645
IMU,660863768.0,0,0.459732,0.4198586,-0.2626181,-0.2018905,0.006220252,-0.68392
IMU,660903248.0,0,0.4724863,0.4556477,-0.2620386,-0.1749954,0.006554578,-0.7142753
IMU,660943222.0,0,0.4775755,0.4909221,-0.2693258,-0.1518161,-0.0149153,-0.8810389
IMU,660984464.0,0,0.4773885,0.5152145,-0.2696348,-0.1443798,-0.06010835,-0.9865394
IMU,661024885.0,0,0.4724612,0.5295585,-0.2814363,-0.1296584,-0.05554148,-1.079026
IMU,661064697.0,0,0.4725558,0.5364143,-0.2967079,-0.1190505,-0.07907598,-1.103029
IMU,661104422.0,0,0.4690362,0.5479655,-0.304148,-0.1040803,-0.07637625,-1.252272
IMU,661144424.0,0,0.4499258,0.5639668,-0.313079,-0.1251612,-0.1068544,-1.385162
IMU,661185895.0,0,0.431858,0.5791255,-0.3218985,-0.09891398,-0.1157848,-1.471574
IMU,661227753.0,0,0.4082838,0.577828,-0.3251762,-0.07463419,-0.1484305,-1.567216
IMU,661267980.0,0,0.363879,0.571394,-0.3311884,-0.0508798,-0.179335,-1.701642
IMU,661307994.0,0,0.2974616,0.5581112,-0.3403769,0.005219284,-0.2082907,-1.877937
IMU,661348533.0,0,0.231405,0.5234019,-0.3532419,0.04185316,-0.1835062,-2.035688
IMU,661388610.0,0,0.1865512,0.4468049,-0.355382,0.101954,-0.1474263,-2.208155
IMU,661429237.0,0,0.1225357,0.3741117,-0.3581579,0.06148507,-0.2632596,-2.399911
IMU,661469224.0,0,0.0237249,0.3208759,-0.3548226,0.06743474,-0.1842241,-2.372766
IMU,661510202.0,0,-0.06858484,0.2618392,-0.3743054,0.01743274,-0.5667816,-2.895054
IMU,661549844.0,0,-0.701866,-0.04227479,-0.4007257,0.1523725,-2.250239,-5.323666
IMU,661591013.0,0,-2.161,0.7873581,-0.6776036,-0.9356836,-4.490818,-8.428055
IMU,661631223.0,0,-3.52666,1.339263,-0.8618497,5.459633,1.564881,-17.53129
IMU,661671622.0,0,-3.176178,-6.220071,-0.09889723,25.17766,-7.959339,-52.9823
IMU,661711277.0,0,0.2894745,-9.731543,1.398117,-46.88977,3.068356,-19.85753
IMU,661751243.0,0,2.571412,-7.166869,0.5417291,-2.115599,-0.02670053,0.5571731
IMU,661792271.0,0,1.436085,-4.313097,0.2513916,-3.552215,-1.370669,0.817499
IMU,661832973.0,0,0.2545218,-1.759062,0.2728575,-1.509887,-0.385136,2.200394
IMU,661872527.0,0,0.3675265,-0.867062,0.1967076,-1.232127,0.07420762,2.216741
IMU,661912308.0,0,-0.4104187,-0.3654709,0.4256968,-2.124165,0.1114102,1.471809
IMU,661952193.0,0,-1.038049,0.1939687,1.028038,-3.659267,0.1260956,0.9326854
IMU,661992614.0,0,-1.253556,0.7926597,1.848466,-5.925495,0.9580361,-0.3391217
IMU,662033464.0,0,0.6186652,3.652747,-0.4635359,-36.46146,22.36726,-6.724517
IMU,662073007.0,0,0.2747489,3.15793,0.2151648,-3.134034,-1.129425,-2.331703
IMU,662112680.0,0,0.4535569,3.758621,-0.1345557,-5.424583,0.5826674,-5.688714
IMU,662152501.0,0,-0.3011664,4.829477,-0.1352736,-3.122423,0.6762161,-5.440734
IMU,662192866.0,0,-0.2749638,4.994408,-0.07072433,1.294576,1.306404,-8.843775
IMU,662233276.0,0,-0.2281517,3.088702,0.05753034,5.841096,3.221364,-20.12055
IMU,662273041.0,0,0.1913262,0.09230467,0.07088441,8.078321,1.551795,-20.1258
IMU,662312626.0,0,-0.2556967,-1.535193,-0.1120843,-0.8719202,2.44781,-10.30837
IMU,662352837.0,0,0.03896473,-0.8225991,-0.02110928,-1.983615,1.103389,-6.123128
IMU,662392776.0,0,0.09086373,-0.06165176,0.01271985,-2.905025,1.69038,-6.721164
IMU,662433492.0,0,-0.05707872,0.4768129,-0.01575938,-1.486114,1.654758,-8.837289
IMU,662473081.0,0,-0.002373205,0.3639327,0.02320934,-0.1798527,1.994093,-10.96534
IMU,662512812.0,0,0.007073809,-0.04790401,-0.0009514955,-0.1384697,1.883406,-11.05765
IMU,662552648.0,0,0.01083848,-0.1083069,-0.0005852656,-1.209743,1.903991,-9.025838
IMU,662592872.0,0,0.004950172,0.05224329,-0.0001270446,-1.022452,1.808213,-9.444292
IMU,662635803.0,0,-0.001835251,0.001757286,0.003675116,-0.6741133,1.828117,-10.03686
IMU,662675197.0,0,-6.336333e-05,-0.006701652,0.001549266,-0.9930311,1.856216,-9.458712
IMU,662715003.0,0,0.005563245,0.005640754,0.001255241,-0.8073663,1.829483,-9.791332
IMU,662755485.0,0,-0.002490765,-0.00326729,0.001798373,-0.9204661,1.845584,-9.610965
IMU,662795451.0,0,0.003706792,0.001572471,0.0005786684,-0.8443522,1.836051,-9.738065
IMU,662836050.0,0,-0.001380737,-0.002946426,0.002867609,-0.8961225,1.83859,-9.653666
IMU,662875113.0,0,0.001054909,0.0007061397,0.0001815656,-0.8582825,1.845531,-9.695535
IMU,662915007.0,0,-0.0002262695,-0.001379004,0.001942262,-0.8936327,1.846437,-9.67314
IMU,662955010.0,0,0.001041144,-0.0009309561,0.0005834223,-0.8852091,1.861356,-9.700842
IMU,662995816.0,0,-0.001160363,0.000172011,0.001135867,-0.8742454,1.841593,-9.697503
IMU,663036623.0,0,6.942721e-05,-0.0004124959,0.0003639347,-0.8778923,1.84778,-9.67408
IMU,663075755.0,0,-0.0002010309,-0.0009671084,0.001852307,-0.8733923,1.84153,-9.666178
IMU,663115695.0,0,0.0001835807,-6.187372e-05,-0.0005937639,-0.8857474,1.834772,-9.673629
IMU,663156250.0,0,-0.0007969887,-0.0005103624,0.001430962,-0.8943577,1.839686,-9.694982
IMU,663196765.0,0,-0.0001987982,-0.0004178447,0.002537104,-0.8766564,1.854638,-9.667515
IMU,663236702.0,0,-0.0002053078,-0.001431456,0.001708721,-0.8905354,1.841443,-9.683426
IMU,663276676.0,0,0.0006515566,0.0002872597,0.001007708,-0.8833174,1.84442,-9.69061
IMU,663317042.0,0,0.002000475,-0.0003271436,0.0006043231,-0.8838359,1.849442,-9.700257
IMU,663357040.0,0,0.0001328137,0.0001686802,0.001880258,-0.8800879,1.84328,-9.679526
IMU,663398073.0,0,0.0009264514,-0.0003518481,0.001708486,-0.8678568,1.846463,-9.699507
IMU,663438229.0,0,0.001460751,-0.0005162556,0.002080253,-0.8785549,1.853616,-9.682538
IMU,663478692.0,0,0.001228575,-0.0006084704,0.000198959,-0.8733577,1.85076,-9.680399
IMU,663518857.0,0,0.001017174,-0.0006162503,0.00125828,-0.8767,1.845744,-9.674676
IMU,663559066.0,0,0.001441758,-0.0007648371,0.0008013152,-0.8917069,1.849783,-9.695408
IMU,663600855.0,0,0.001260192,-0.0009378096,-0.0003405626,-0.878392,1.839883,-9.669062
IMU,663640897.0,0,0.001075148,-0.001589184,0.002685663,-0.8752256,1.845591,-9.69247
IMU,663679892.0,0,0.0007396243,-0.0006461196,0.001803591,-0.873512,1.841503,-9.690625
IMU,663719883.0,0,0.000812869,0.001050817,0.0009264621,-0.8798999,1.847527,-9.700275
IMU,663760230.0,0,0.0003999358,0.0009313233,0.00059693,-0.8701662,1.844303,-9.687333
IMU,663801224.0,0,-0.0003890721,-0.0005707832,0.000382619,-0.8878468,1.835368,-9.687571
IMU,659911650.0,1,0.02627794,0.08931232,0.09854142,-0.552199,1.617833,-9.411799
IMU,659951968.0,1,-0.1594501,0.249206,0.0707639,-1.129245,0.4607353,-9.743001
IMU,659993087.0,1,-0.044544,0.3089579,0.04297991,-0.307031,-0.677493,-9.853439
IMU,660036481.0,1,0.0001189177,0.2740774,0.05280635,-0.5781279,1.100906,-9.78618
IMU,660076837.0,1,-0.04879408,0.1175351,0.1391442,-0.6956275,-0.2537548,-10.92464
IMU,660120466.0,1,0.001150058,0.2000459,0.05505657,-0.5538974,0.8934029,-8.868124
IMU,660162104.0,1,-0.04785188,0.09619773,-0.036719,-1.861966,0.7431108,-8.918595
IMU,660204425.0,1,-0.0476115,0.09289176,-0.03621809,-0.00557656,0.6027207,-10.72771
IMU,660247647.0,1,-0.08733094,0.09300172,-0.04617247,-0.7593033,1.178154,-9.15521
IMU,660287782.0,1,0.1420518,0.07905358,-0.06711809,-0.7629632,-0.07696127,-10.19554
IMU,660331223.0,1,-0.01203655,0.1560711,-0.04809578,-1.490754,0.8419933,-10.03146
IMU,660371629.0,1,-0.1017539,0.0100161,-0.04265274,0.1830201,-0.3709878,-10.72873
IMU,660411875.0,1,0.0861539,0.1154005,-0.02763748,-1.300696,1.297171,-10.11731
IMU,660457205.0,1,-0.01791379,0.09497565,-0.00161418,-1.679939,0.9092934,-9.364829
IMU,660497471.0,1,0.1222522,0.002682469,0.01833127,0.2464759,-0.5918684,-11.16992
IMU,660537867.0,1,0.1059591,0.005713329,-0.05590986,-1.813696,0.9219015,-3.854935
IMU,660580338.0,1,0.3797228,0.2089128,-0.05382704,0.005144941,-0.4307344,-0.9043202
IMU,660621173.0,1,0.3742015,0.2611919,-0.1101297,0.1661357,0.4978932,-0.1107703
IMU,660661027.0,1,0.4041327,0.2810239,-0.1620478,-0.1428431,0.4951284,-0.4844188
IMU,660701257.0,1,0.4199783,0.2909457,-0.1776944,-0.1348286,0.529847,-0.3383383
IMU,660741514.0,1,0.4104764,0.3101141,-0.2069814,-0.1615835,0.5070444,-0.4089484
IMU,660782976.0,1,0.4221175,0.3165146,-0.2209484,-0.2189788,0.4080464,-0.188201
IMU,660823870.0,1,0.4176672,0.3364349,-0.2231501,-0.1824112,0.3887772,-0.4342106
IMU,660863768.0,1,0.4141858,0.379041,-0.2194182,-0.1632465,0.5572241,-0.5224054
IMU,660903248.0,1,0.4286041,0.4051478,-0.2176623,-0.179798,0.4010653,-0.7342632
IMU,660943222.0,1,0.4330011,0.4424198,-0.2225978,-0.1363909,0.4523501,-0.714039
IMU,660984464.0,1,0.4355253,0.4668703,-0.2232433,-0.1664728,0.3672384,-0.9292813
IMU,661024885.0,1,0.4309654,0.4834099,-0.2321626,-0.03905525,0.3376046,-0.9183088
IMU,661064697.0,1,0.4319329,0.4913703,-0.2516613,-0.1002425,0.3848938,-1.004724
IMU,661104422.0,1,0.4265191,0.4996941,-0.2562217,-0.09662907,0.3195978,-1.116874
IMU,661144424.0,1,0.4076381,0.5176945,-0.2668744,-0.1639746,0.3170478,-1.24643
IMU,661185895.0,1,0.3883457,0.5289668,-0.2731954,-0.09002659,0.2948187,-1.324168
IMU,661227753.0,1,0.3671998,0.5244484,-0.2757448,-0.0002178447,0.2150218,-1.440099
IMU,661267980.0,1,0.3213401,0.5183025,-0.2864172,0.006569318,0.2244393,-1.676988
IMU,661307994.0,1,0.2598337,0.5164042,-0.2953005,0.01012584,0.2015282,-1.800667
IMU,661348533.0,1,0.1915876,0.4766231,-0.3129096,0.05671349,0.3362182,-1.921523
IMU,661388610.0,1,0.1456873,0.4069153,-0.3178188,0.1235784,0.2587014,-2.053311
IMU,661429237.0,1,0.08338447,0.3373016,-0.3206298,0.04653132,0.2385291,-2.340971
IMU,661469224.0,1,0.008028747,0.2850324,-0.3254199,0.03650757,0.2829427,-2.35681
IMU,661510202.0,1,-0.05697436,0.2310111,-0.3434022,-0.01072604,-0.1659052,-2.781469
IMU,661549844.0,1,-0.607581,0.002649245,-0.3872599,0.06782584,-1.649187,-5.545971
IMU,661591013.0,1,-2.038018,0.6584856,-0.6452896,0.0727002,-4.616189,-9.57535
IMU,661631223.0,1,-3.517869,1.373581,-0.9673638,6.525866,1.271479,-16.53932
IMU,661671622.0,1,-3.028429,-5.629402,-0.4541032,34.62457,-14.29889,-68.01633
IMU,661711277.0,1,0.1647945,-10.18726,1.030439,-46.82886,4.193727,-10.01572
IMU,661751243.0,1,2.626164,-7.084471,0.4477432,-1.512358,-0.6582658,1.674471
IMU,661792271.0,1,1.445056,-4.353137,0.2258066,-3.42754,-0.9525281,0.9159971
IMU,661832973.0,1,0.23373,-1.785181,0.2281397,-1.25999,0.2684223,2.438345
IMU,661872527.0,1,0.3522851,-0.8664196,0.1730522,-1.107139,0.3755294,2.23494
IMU,661912308.0,1,-0.3729282,-0.3620186,0.3448082,-2.19674,0.5531493,1.435398
IMU,661952193.0,1,-0.9812846,0.187212,0.8835864,-3.925581,0.4140009,0.8964574
IMU,661992614.0,1,-1.172699,0.7497045,1.651896,-6.067802,1.334036,-0.08409394
IMU,662033464.0,1,0.5638903,3.34438,-0.3071346,-34.50645,22.58138,-5.76991
IMU,662073007.0,1,0.3753492,3.033709,0.190662,-3.256922,-0.5219384,-2.31489
IMU,662112680.0,1,0.402797,3.552894,-0.04647249,-5.069744,0.9475083,-5.249383
IMU,662152501.0,1,-0.223389,4.647371,-0.09925809,-3.034427,1.211559,-5.528295
IMU,662192866.0,1,-0.2374816,4.854777,-0.03919048,1.411728,1.621535,-9.052965
IMU,662233276.0,1,-0.2130844,3.02951,0.06760066,5.915743,3.397822,-20.29806
IMU,662273041.0,1,0.1845097,0.2020845,0.07571385,8.030121,1.80029,-20.55136
IMU,662312626.0,1,-0.3008223,-1.506403,-0.1186857,-1.091189,2.909061,-10.11862
IMU,662352837.0,1,0.02759683,-0.7932007,-0.02094473,-2.007396,1.359517,-6.126742
IMU,662392776.0,1,0.06559074,-0.07201304,0.02100603,-2.759036,2.022345,-6.526832
IMU,662433492.0,1,-0.0571154,0.4349649,-0.006514673,-1.441859,2.021516,-8.732632
IMU,662473081.0,1,-0.004150311,0.3460784,0.01918781,-0.10008,2.270125,-10.93834
IMU,662512812.0,1,0.0021279,-0.02536574,-1.54335e-05,-0.1075305,2.196423,-11.08798
IMU,662552648.0,1,0.00240966,-0.104602,-0.00474418,-1.131861,2.252702,-9.014368
IMU,662592872.0,1,0.001631794,0.04785816,0.0003658771,-0.8792185,2.189476,-9.426017
IMU,662635803.0,1,-0.003178162,0.009447179,0.005507433,-0.6300893,2.12826,-9.952862
IMU,662675197.0,1,-0.003049974,-0.004926793,0.00215084,-0.9040284,2.031215,-9.38453
IMU,662715003.0,1,0.002982836,0.004107596,0.001307954,-0.7410108,2.199427,-9.810331
IMU,662755485.0,1,-0.00467429,-0.0003493282,0.002944583,-0.8726557,2.116906,-9.680809
IMU,662795451.0,1,0.0008447762,0.002207138,0.001578173,-0.7909195,2.136475,-9.701145
IMU,662836050.0,1,6.722422e-05,-0.002801755,0.001840262,-0.9060162,2.147703,-9.627274
IMU,662875113.0,1,-0.00284995,0.006192911,-0.001706037,-0.8264175,2.253438,-9.582434
IMU,662915007.0,1,-0.001002828,-0.001069953,0.001402514,-0.7864718,2.137322,-9.522202
IMU,662955010.0,1,-0.001330564,0.003766284,0.00266305,-0.847608,2.15113,-9.587412
IMU,662995816.0,1,-0.000761036,0.003985747,0.001125563,-0.8804192,2.155572,-9.480132
IMU,663036623.0,1,-0.001206846,0.004106244,0.0001761965,-0.8488323,2.153306,-9.656681
IMU,663075755.0,1,-0.002231193,0.007833503,0.004147481,-0.7923707,2.240182,-9.559693
IMU,663115695.0,1,0.0002408076,0.006204412,0.0005349173,-0.796168,2.326923,-9.684396
IMU,663156250.0,1,-0.00366293,0.006525439,0.003205223,-0.8027169,2.146251,-9.523546
IMU,663196765.0,1,-0.00381185,0.003647605,0.004366596,-0.8182111,2.21967,-9.716238
IMU,663236702.0,1,-0.002869833,-0.00225814,0.002560735,-0.8288029,2.304816,-9.647227
IMU,663276676.0,1,-0.0004219462,0.0011823,0.002356666,-0.907281,2.226498,-9.667893
IMU,663317042.0,1,-0.001656277,0.007965478,0.003455148,-0.8211564,2.174984,-9.637983
IMU,663357040.0,1,-0.002307702,0.00442237,0.001916907,-0.8581059,2.205278,-9.70681
IMU,663398073.0,1,-0.002964081,0.00245127,-0.002417828,-0.8445604,2.106521,-9.532702
IMU,663438229.0,1,-0.001594328,0.004465037,0.002304746,-0.8180199,2.221056,-9.584583
IMU,663478692.0,1,-0.001953099,-0.0001358266,0.0001214604,-0.8943555,2.1687,-9.69198
IMU,663518857.0,1,-0.002501249,-0.0007499621,-0.001193786,-0.8104861,2.177259,-9.644887
IMU,663559066.0,1,-0.002204773,-0.003189709,0.0001300556,-0.8072256,2.092371,-9.652639
IMU,663600855.0,1,0.0008414697,0.008192067,0.001109725,-0.8082917,2.119553,-9.682387
IMU,663640897.0,1,-4.025019e-07,0.007393752,0.002794653,-0.7672094,2.117604,-9.658398
IMU,663679892.0,1,1.324649e-06,0.0007735999,0.00388888,-0.7965596,2.165019,-9.716012
IMU,663719883.0,1,5.387908e-05,0.002304864,0.003382,-0.8457303,2.21461,-9.58374
IMU,663760230.0,1,-0.002088844,0.006732051,-0.0006876076,-0.759895,2.160477,-9.475071
IMU,663801224.0,1,-0.001744479,0.008780098,0.005142628,-0.8404316,2.19387,-9.736467
IMU,659911650.0,2,0.09301364,0.1083366,0.08232528,-1.284655,-0.6755804,-8.357525
IMU,659951968.0,2,-0.1789365,0.2435976,0.0472265,-0.4059788,1.51747,-10.78194
IMU,659993087.0,2,-0.08065241,0.3012168,0.06538323,-0.5791559,-0.1971717,-8.543406
IMU,660036481.0,2,0.006723622,0.256674,0.06716513,0.09195916,0.09110561,-9.613231
IMU,660076837.0,2,-0.1435668,0.2104331,0.00477334,-1.133619,0.3511822,-9.58838
IMU,660120466.0,2,0.03126323,0.2000582,0.003301374,0.6134755,0.6444497,-10.76605
IMU,660162104.0,2,-0.0441629,0.1298556,0.02865068,-1.44891,0.1777544,-8.376769
IMU,660204425.0,2,-0.05543661,0.1271705,-0.03092785,-0.7038151,-1.283075,-11.14357
IMU,660247647.0,2,-0.02864107,0.07636315,-0.04702251,-0.4455615,1.484452,-7.755725
IMU,660287782.0,2,0.01789512,0.1259478,-0.0262886,0.1697112,0.05560688,-10.64329
IMU,660331223.0,2,-0.01393042,0.1806991,-0.02723568,-1.15954,0.4117693,-8.988631
IMU,660371629.0,2,-0.1237951,0.0362536,-0.03524476,-0.7254384,0.5505711,-10.26969
IMU,660411875.0,2,0.1030125,0.1632524,-0.008268971,-0.8193843,-0.5091569,-8.279159
IMU,660457205.0,2,0.01268318,0.1608392,0.00368034,-1.103295,-0.6103829,-9.554319
IMU,660497471.0,2,0.01015742,0.01833755,0.01796726,-0.2031396,1.27192,-10.35794
IMU,660537867.0,2,0.1696264,0.07160225,-0.02952179,-1.499359,0.5528808,-3.391426
IMU,660580338.0,2,0.3765877,0.2054648,-0.07381669,-0.2684586,-0.1698667,-0.8272601
IMU,660621173.0,2,0.4333942,0.2768459,-0.1481412,-0.1649417,0.07084813,-0.3592724
IMU,660661027.0,2,0.4530322,0.3059994,-0.2041477,-0.1847851,0.1025032,-0.4467895
IMU,660701257.0,2,0.4701153,0.3210562,-0.2212484,-0.1694213,0.1000439,-0.3148877
IMU,660741514.0,2,0.4575184,0.3334613,-0.2490936,-0.2153052,0.103805,-0.3308546
IMU,660782976.0,2,0.471897,0.3507884,-0.2633307,-0.2045958,0.07918742,-0.2752004
IMU,660823870.0,2,0.4693863,0.3745112,-0.2678819,-0.2200662,0.02742938,-0.4095991
IMU,660863768.0,2,0.4669885,0.4078262,-0.2632761,-0.2193527,0.05246871,-0.4978215
IMU,660903248.0,2,0.4802213,0.4435177,-0.2629054,-0.1903229,0.03674567,-0.527271
IMU,660943222.0,2,0.4853354,0.4793552,-0.2670872,-0.1676705,0.02832233,-0.6760426
IMU,660984464.0,2,0.4851348,0.5062926,-0.2701906,-0.1650196,-0.002723686,-0.813945
IMU,661024885.0,2,0.4818944,0.5187473,-0.2799354,-0.1422313,-0.0139741,-0.8639455
IMU,661064697.0,2,0.482253,0.5265008,-0.296442,-0.1441204,-0.02423503,-0.960106
IMU,661104422.0,2,0.4789624,0.5378675,-0.3049549,-0.1383519,-0.04505903,-1.07289
IMU,661144424.0,2,0.4611678,0.5549614,-0.3139641,-0.1361054,-0.06785098,-1.194185
IMU,661185895.0,2,0.4432099,0.5696622,-0.3209646,-0.1143792,-0.07386784,-1.302761
IMU,661227753.0,2,0.4197161,0.5698653,-0.3257627,-0.1043782,-0.09746677,-1.386413
IMU,661267980.0,2,0.3755375,0.5623837,-0.3292309,-0.06531946,-0.1292423,-1.537547
IMU,661307994.0,2,0.3108339,0.5543798,-0.3415831,-0.03610934,-0.1537676,-1.704773
IMU,661348533.0,2,0.2443524,0.5196086,-0.3514634,-0.005038099,-0.137363,-1.858754
IMU,661388610.0,2,0.1967918,0.4431311,-0.3547104,0.02960951,-0.1346534,-2.038365
IMU,661429237.0,2,0.1290678,0.3686244,-0.3561802,0.01427758,-0.211107,-2.222971
IMU,661469224.0,2,0.03299907,0.3187675,-0.3542281,0.02419213,-0.1681636,-2.20157
IMU,661510202.0,2,-0.06558924,0.2567491,-0.370561,0.1957249,-0.3381957,-2.615431
IMU,661549844.0,2,-0.6655239,0.001673503,-0.3837215,-0.04106957,-1.722414,-5.120257
IMU,661591013.0,2,-2.075802,0.7349617,-0.6541169,0.05030079,-4.045594,-10.30533
IMU,661631223.0,2,-3.447215,1.421746,-0.9010838,6.194511,0.2140878,-14.18443
IMU,661671622.0,2,-3.839173,-6.333586,-0.5172076,26.53871,-13.32936,-50.51028
IMU,661711277.0,2,-0.1380023,-12.16945,0.4789111,-36.1883,4.575709,-23.57659
IMU,661751243.0,2,2.519173,-7.282125,0.5020211,-1.207494,-0.4142549,0.2042394
IMU,661792271.0,2,1.339032,-4.452348,0.2195853,-2.784043,-0.884814,-0.5105063
IMU,661832973.0,2,0.2365791,-1.844514,0.2581568,-1.24616,-0.04487142,1.9747
IMU,661872527.0,2,0.3585927,-0.9023614,0.1884266,-1.174753,0.2996126,2.125019
IMU,661912308.0,2,-0.4205366,-0.3478196,0.4248386,-2.107036,0.5463095,1.200911
IMU,661952193.0,2,-1.03023,0.2325711,1.036284,-3.979913,0.5825815,0.8586266
IMU,661992614.0,2,-1.227497,0.8365126,1.836424,-6.090762,1.117062,-0.2911706
IMU,662033464.0,2,0.8155574,3.539356,-0.387284,-31.61441,20.03362,-5.771841
IMU,662073007.0,2,0.3997421,3.193712,0.1861375,-3.768889,0.5871199,-2.834981
IMU,662112680.0,2,0.5218965,3.784171,-0.1316964,-4.873274,0.1845678,-5.546471
IMU,662152501.0,2,-0.167594,4.865131,-0.1232537,-3.336259,0.9472165,-5.936627
IMU,662192866.0,2,-0.1664832,5.007012,-0.06370964,0.7629715,1.114725,-8.657048
IMU,662233276.0,2,-0.1705807,3.098523,0.06906012,5.262342,2.515535,-19.4851
IMU,662273041.0,2,0.2147857,0.1452266,0.07347552,7.408005,1.248983,-19.3577
IMU,662312626.0,2,-0.2846662,-1.512844,-0.1017801,-0.6669534,2.075701,-10.15667
IMU,662352837.0,2,0.0205425,-0.8208715,-0.02334726,-2.036413,1.417312,-6.126854
IMU,662392776.0,2,0.08498292,-0.06000857,0.008530363,-2.790092,1.804013,-6.821774
IMU,662433492.0,2,-0.04601695,0.4716815,-0.0189442,-1.503668,1.62431,-8.68289
IMU,662473081.0,2,0.003883772,0.3652653,0.01919746,-0.2913322,1.925225,-10.64316
IMU,662512812.0,2,0.006769684,-0.04562021,-0.002625807,-0.2225116,1.77723,-10.78276
IMU,662552648.0,2,0.01068533,-0.104599,-0.002965345,-1.197302,1.836858,-8.922132
IMU,662592872.0,2,0.00422123,0.05061292,-0.001635223,-1.035679,1.75969,-9.239961
IMU,662635803.0,2,-5.294404e-05,0.004188889,0.002132356,-0.7228718,1.76811,-9.867956
IMU,662675197.0,2,0.0002389486,-0.006080276,0.0001793557,-0.9754475,1.81335,-9.300975
IMU,662715003.0,2,0.004315882,0.008011522,-0.0005146888,-0.8459371,1.768902,-9.6021
IMU,662755485.0,2,-0.001139356,-0.004766348,-3.269824e-05,-0.934393,1.791318,-9.477562
IMU,662795451.0,2,0.003967129,0.001657629,-0.0009912823,-0.8714562,1.787029,-9.544167
IMU,662836050.0,2,-0.000202464,-0.0009254219,-4.445099e-05,-0.9117032,1.776847,-9.464396
IMU,662875113.0,2,0.002588879,0.00252782,-0.001579229,-0.8903705,1.781102,-9.517838
IMU,662915007.0,2,0.0005061918,-0.001686275,-0.0001391931,-0.9089318,1.801994,-9.493021
IMU,662955010.0,2,0.002230791,0.001231433,-0.001974939,-0.8943553,1.773796,-9.508486
IMU,662995816.0,2,0.000568355,0.0007262699,-0.001862746,-0.8959378,1.780408,-9.499107
IMU,663036623.0,2,0.0004660969,0.0003137487,-0.002035883,-0.9005387,1.773277,-9.482732
IMU,663075755.0,2,-0.0007769537,0.001496189,-0.001411576,-0.8901973,1.787598,-9.48821
IMU,663115695.0,2,0.001264705,0.0008784095,-0.00110416,-0.8960469,1.793429,-9.526532
IMU,663156250.0,2,-0.0004698295,0.001094044,-0.0007185916,-0.8867049,1.791997,-9.508012
IMU,663196765.0,2,0.0006257302,0.0008673232,-0.0007860399,-0.9057873,1.780504,-9.493896
IMU,663236702.0,2,0.0006411877,0.001208166,-0.001296506,-0.8905717,1.789801,-9.503234
IMU,663276676.0,2,0.001218457,0.00124158,-0.001575914,-0.8943677,1.775436,-9.47566
IMU,663317042.0,2,0.002346489,0.0007435991,-0.0003107973,-0.8972552,1.784336,-9.519396
IMU,663357040.0,2,0.00164327,0.0001711926,-0.001217627,-0.883423,1.779349,-9.492151
IMU,663398073.0,2,0.0013142,0.0009888555,0.0001579931,-0.8979492,1.789719,-9.501076
IMU,663438229.0,2,0.002835204,0.001014503,-0.0007410445,-0.9028888,1.785577,-9.48717
IMU,663478692.0,2,0.0005087263,0.001280383,-0.002250244,-0.8951021,1.779365,-9.495364
IMU,663518857.0,2,0.0007759274,0.001668179,-0.0007750639,-0.900028,1.781232,-9.499635
IMU,663559066.0,2,0.001687288,0.001919211,-0.001190587,-0.9045184,1.780117,-9.481863
IMU,663600855.0,2,0.001738529,0.0005251779,-0.000355662,-0.8943641,1.78687,-9.483238
IMU,663640897.0,2,0.00235015,0.001354472,-0.0009800351,-0.9005014,1.788058,-9.496885
IMU,663679892.0,2,0.001327885,0.001207248,-0.001190411,-0.8916465,1.779008,-9.500842
IMU,663719883.0,2,0.001221619,0.001027201,-0.001288075,-0.8856674,1.780262,-9.528457
IMU,663760230.0,2,0.001907349,-0.0004031691,-0.0007863146,-0.891666,1.787224,-9.495454
IMU,663801224.0,2,0.001153622,0.0004282611,-0.001848282,-0.8974852,1.779153,-9.508197
