ARM,884801324.0,0.0
AHR2,884114494.0,-2.31,-0.92,83.81,468.55,43.2382543,-7.6819228
AHR2,884219235.0,-2.39,-0.75,84.05,468.58,43.238254,-7.6819187
AHR2,884322835.0,-2.63,-1.0,84.28,468.9,43.2382535,-7.681914
AHR2,884428002.0,-2.72,-0.05,84.81,468.05,43.2382531,-7.681911
AHR2,884531888.0,-3.31,0.56,85.63,468.23,43.2382526,-7.6819065
AHR2,884638088.0,-3.38,2.14,86.39,468.34,43.238252,-7.6819011
AHR2,884741507.0,-3.93,3.22,87.01,468.56,43.2382516,-7.6818968
AHR2,884846721.0,-3.47,3.2,87.19,468.16,43.2382512,-7.6818931
AHR2,884947237.0,0.01,4.02,86.9,467.65,43.2382508,-7.6818892
AHR2,885048447.0,4.96,4.83,85.84,468.19,43.2382502,-7.6818865
AHR2,885148335.0,9.86,5.48,84.76,468.41,43.2382498,-7.6818829
AHR2,885249732.0,14.75,6.06,83.69,468.41,43.2382491,-7.6818793
AHR2,885350434.0,19.61,6.9,82.75,468.08,43.2382487,-7.6818756
AHR2,885452045.0,24.41,8.45,81.97,467.97,43.2382489,-7.6818733
AHR2,885552229.0,28.31,10.31,81.3,467.48,43.2382486,-7.6818697
AHR2,885653682.0,30.86,12.08,80.59,466.72,43.2382477,-7.681865
AHR2,885753820.0,32.13,13.3,79.63,466.17,43.2382473,-7.6818614
AHR2,885854893.0,31.81,13.77,78.3,465.74,43.2382464,-7.6818587
AHR2,885955294.0,12.53,-4.17,79.02,465.06,43.2382458,-7.6818553
AHR2,886057714.0,-3.91,-12.77,81.75,460.71,43.2382449,-7.6818516
AHR2,886157701.0,-0.41,-13.42,79.03,462.47,43.2382443,-7.6818482
AHR2,886257755.0,9.64,-10.98,81.65,462.68,43.2382458,-7.6818345
AHR2,886357722.0,20.13,-8.31,83.67,462.78,43.2382459,-7.681828
AHR2,886458875.0,15.43,-11.01,82.64,462.62,43.2382483,-7.6818345
AHR2,886559437.0,16.32,-9.35,83.16,462.52,43.2382492,-7.6818318
AHR2,886659709.0,16.11,-9.42,83.15,462.87,43.238247,-7.6818372
AHR2,886759669.0,15.88,-9.43,83.29,462.69,43.2382469,-7.681837
AHR2,886860122.0,15.72,-9.4,83.41,463.11,43.2382471,-7.6818387
AHR2,886960420.0,15.56,-9.36,83.55,462.79,43.2382471,-7.6818387
AHR2,887061217.0,15.42,-9.32,83.67,462.79,43.2382466,-7.6818407
AHR2,887161209.0,15.28,-9.28,83.79,462.86,43.2382466,-7.6818407
AHR2,887261121.0,15.14,-9.24,83.92,462.79,43.2382463,-7.6818423
AHR2,887361240.0,15.01,-9.2,84.04,462.64,43.2382463,-7.6818423
AHR2,887462298.0,14.88,-9.16,84.16,462.87,43.2382458,-7.6818445
AHR2,887562483.0,14.75,-9.13,84.28,462.68,43.2382458,-7.6818445
AHR2,887662873.0,14.62,-9.09,84.41,462.82,43.2382458,-7.6818457
AHR2,887762871.0,14.5,-9.06,84.53,462.99,43.2382458,-7.6818457
AHR2,887863719.0,14.37,-9.02,84.65,462.75,43.2382459,-7.6818468
ATT,884113760.0,-3.102899,-2.606105,-2.087034,-1.293185,98.72829,98.59721
ATT,884218664.0,-3.327729,-2.687778,-1.6031,-1.198895,98.71836,98.50204
ATT,884322048.0,-3.523426,-2.911296,-1.037549,-1.450027,98.7037,98.4803
ATT,884427419.0,-3.852556,-2.997747,-0.3808315,-0.5101664,98.68459,98.72911
ATT,884531247.0,-4.234035,-3.611133,0.3879885,0.07536131,98.65747,99.20085
ATT,884637507.0,-4.543728,-3.662463,1.129274,1.622741,98.62701,99.66316
ATT,884740862.0,-4.582132,-4.168671,1.76593,2.678893,98.60114,99.95794
ATT,884846185.0,-3.714787,-3.677626,1.739342,2.653937,99.89752,99.8427
ATT,884946689.0,-1.896554,-0.15841,0.8880021,3.481307,99.30769,99.30534
ATT,885047735.0,-0.9576765,4.821618,0.4484015,4.463552,98.09545,98.16745
ATT,885147729.0,-0.4889361,9.729437,0.2289282,5.340042,96.83397,96.97891
ATT,885249098.0,-0.2478296,14.83495,0.1160388,6.330434,95.59081,95.81084
ATT,885349646.0,-0.1262484,19.95588,0.05911263,7.624469,94.52343,94.81753
ATT,885451481.0,-0.06360078,25.04774,0.02977863,9.602448,93.6563,94.02307
ATT,885551535.0,-0.03239772,29.25347,0.01516839,11.83773,92.93204,93.35859
ATT,885653017.0,-0.0163663,32.14012,0.007662715,13.92727,92.19279,92.66113
ATT,885753111.0,-0.008355999,33.7216,0.003913331,15.47229,91.21465,91.70693
ATT,885854406.0,-0.004238816,33.7312,0.0019857,16.29863,89.86328,90.35772
ATT,885954625.0,-0.00216408,14.67658,0.001013874,-1.384983,89.87398,90.0904
ATT,886057093.0,-0.00108251,-2.99376,0.0005068675,-8.725968,91.8588,91.81369
ATT,886157064.0,-0.0005526616,-1.591174,0.00025914,-7.73877,89.21172,89.18778
ATT,886257194.0,-0.0003692029,9.679715,0.0001730736,-5.267483,91.43382,91.57801
ATT,886357167.0,-0.0003626285,21.47255,0.0001701546,-2.599495,93.08337,93.39629
ATT,886458200.0,-0.0003486815,17.18515,0.0001637888,-5.628387,91.87009,92.12363
ATT,886558709.0,-0.0003416613,18.45802,0.0001604884,-4.468098,92.29993,92.57112
ATT,886659120.0,-0.0003345367,18.44221,0.0001570701,-4.580504,92.18459,92.45559
ATT,886759029.0,-0.0003282384,18.41247,0.0001539839,-4.602414,92.18347,92.45407
ATT,886859515.0,-0.0003282384,18.40631,0.0001539838,-4.599165,92.18597,92.45647
ATT,886959717.0,-0.0003219909,18.39888,0.0001508638,-4.590133,92.19236,92.46275
ATT,887060539.0,-0.0003157573,18.3837,0.0001476903,-4.568078,92.20776,92.47793
ATT,887160648.0,-0.0003092696,18.37587,0.0001448836,-4.551155,92.21416,92.48422
ATT,887260641.0,-0.0003092696,18.35485,0.0001448835,-4.518334,92.2515,92.52124
ATT,887360695.0,-0.0003092695,18.34294,0.0001448834,-4.490766,92.27369,92.54326
ATT,887461631.0,-0.0003028263,18.31675,0.0001420375,-4.452313,92.32643,92.5956
ATT,887561695.0,-0.0003028263,18.26706,0.0001420375,-4.38797,92.42121,92.68967
ATT,887662091.0,-0.0002965982,18.18801,0.000139228,-4.289311,92.58549,92.85278
ATT,887762100.0,-0.0002965982,18.13046,0.000139228,-4.216304,92.70548,92.97193
ATT,887863011.0,-0.0002965982,18.04417,0.0001392281,-4.115371,92.87681,93.14201
BARO,884108365.0,0,3.905762,469.1458,96736.91
BARO,884214117.0,0,3.93399,469.174,96736.62
BARO,884317735.0,0,4.258972,469.499,96733.07
BARO,884422054.0,0,3.402771,468.6428,96742.36
BARO,884526030.0,0,3.583618,468.8236,96740.41
BARO,884632092.0,0,3.699463,468.9395,96739.14
BARO,884735883.0,0,3.919861,469.1599,96736.77
BARO,884841192.0,0,3.510132,468.7501,96741.2
BARO,884941235.0,0,3.009979,468.25,96746.6
BARO,885043514.0,0,3.546875,468.7869,96740.8
BARO,885142872.0,0,3.761627,469.0016,96738.46
BARO,885243893.0,0,3.761627,469.0016,96738.45
BARO,885344228.0,0,3.43103,468.671,96742.06
BARO,885446653.0,0,3.320831,468.5608,96743.26
BARO,885547011.0,0,2.834808,468.0748,96748.52
BARO,885648101.0,0,2.077515,467.3175,96756.73
BARO,885748251.0,0,1.520844,466.7608,96762.76
BARO,885849450.0,0,1.094147,466.3341,96767.38
BARO,885949042.0,0,0.4159851,465.656,96774.7
BARO,886052435.0,0,-3.935638,461.3044,96821.88
BARO,886152231.0,0,-2.175201,463.0648,96802.8
BARO,886252610.0,0,-1.963287,463.2767,96800.5
BARO,886352083.0,0,-1.86438,463.3756,96799.42
BARO,886452735.0,0,-2.022614,463.2174,96801.13
BARO,886553175.0,0,-2.127167,463.1128,96802.28
BARO,886653994.0,0,-1.776764,463.4632,96798.48
BARO,886754879.0,0,-1.951965,463.288,96800.39
BARO,886854699.0,0,-1.539429,463.7006,96795.91
BARO,886954990.0,0,-1.855896,463.3841,96799.33
BARO,887055107.0,0,-1.85025,463.3897,96799.27
BARO,887156050.0,0,-1.788086,463.4519,96798.6
BARO,887256067.0,0,-1.855896,463.3841,96799.35
BARO,887356126.0,0,-2.002838,463.2372,96800.92
BARO,887456643.0,0,-1.771118,463.4689,96798.42
BARO,887556996.0,0,-1.966095,463.2739,96800.55
BARO,887657192.0,0,-1.821991,463.418,96798.95
BARO,887757230.0,0,-1.658081,463.5819,96797.2
BARO,887857993.0,0,-1.895447,463.3445,96799.78
BARO,884108365.0,1,3.761627,469.0016,96718.64
BARO,884214117.0,1,3.79837,469.0384,96718.26
BARO,884317735.0,1,3.685333,468.9253,96719.45
BARO,884422054.0,1,3.366028,468.606,96722.93
BARO,884526030.0,1,3.015656,468.2556,96726.72
BARO,884632092.0,1,3.487549,468.7275,96721.6
BARO,884735883.0,1,3.58078,468.8208,96720.59
BARO,884841192.0,1,3.609039,468.849,96720.29
BARO,884941235.0,1,3.083466,468.3235,96725.98
BARO,885043514.0,1,3.351898,468.5919,96723.09
BARO,885142872.0,1,3.772949,469.0129,96718.52
BARO,885243893.0,1,3.572327,468.8123,96720.69
BARO,885344228.0,1,3.422546,468.6625,96722.3
BARO,885446653.0,1,3.19931,468.4393,96724.74
BARO,885547011.0,1,2.608734,467.8487,96731.13
BARO,885648101.0,1,1.738434,466.9784,96740.55
BARO,885748251.0,1,1.472809,466.7128,96743.44
BARO,885849450.0,1,0.7296448,465.9696,96751.48
BARO,885949042.0,1,0.3848877,465.6249,96755.23
BARO,886052435.0,1,-6.006866,459.2331,96824.49
BARO,886152231.0,1,-1.935028,463.305,96780.35
BARO,886252610.0,1,-1.779602,463.4604,96778.68
BARO,886352083.0,1,-2.392792,462.8472,96785.31
BARO,886452735.0,1,-1.790894,463.4491,96778.78
BARO,886553175.0,1,-2.158234,463.0818,96782.77
BARO,886653994.0,1,-1.903931,463.3361,96780.02
BARO,886754879.0,1,-1.898285,463.3417,96779.96
BARO,886854699.0,1,-2.045227,463.1948,96781.55
BARO,886954990.0,1,-1.963287,463.2767,96780.66
BARO,887055107.0,1,-1.926544,463.3134,96780.26
BARO,887156050.0,1,-1.867188,463.3728,96779.61
BARO,887256067.0,1,-2.104553,463.1354,96782.18
BARO,887356126.0,1,-1.929352,463.3106,96780.29
BARO,887456643.0,1,-1.94632,463.2937,96780.46
BARO,887556996.0,1,-1.819153,463.4208,96779.11
BARO,887657192.0,1,-1.742859,463.4971,96778.28
BARO,887757230.0,1,-2.059357,463.1806,96781.71
BARO,887857993.0,1,-2.144104,463.0959,96782.63
GPS,884170532.0,4,24,43.2382546,-7.6819262,466.6,3.709,0.019,0.0
GPS,884398510.0,4,24,43.2382538,-7.6819174,466.61,3.612,0.027,0.0
GPS,884564829.0,4,24,43.2382528,-7.681909,466.62,3.422,-0.012,0.0
GPS,884761229.0,4,24,43.2382519,-7.681901,466.65,3.19,-0.184,0.0
GPS,884966867.0,4,24,43.2382509,-7.6818935,466.62,2.911,0.282,0.0
GPS,885168182.0,4,24,43.23825,-7.6818864,466.34,2.989,2.59,0.0
GPS,885410872.0,4,24,43.2382493,-7.6818791,465.6,2.984,4.421,0.0
GPS,885572065.0,4,24,43.2382486,-7.681872,464.49,2.926,6.296,0.0
GPS,885775501.0,4,23,43.2382476,-7.6818652,463.05,2.808,7.907001,0.0
GPS,885978021.0,4,24,43.2382462,-7.6818584,461.35,2.908,9.341001,0.0
GPS,886159716.0,4,24,43.2382457,-7.6818484,459.53,5.258,8.597,0.0
GPS,886379678.0,4,22,43.2382466,-7.6818396,458.41,2.367,3.141,0.0
GPS,886562011.0,4,22,43.2382472,-7.6818377,458.22,0.238,-0.139,0.0
GPS,886761985.0,4,24,43.2382471,-7.6818387,458.36,0.032,-0.048,0.0
GPS,886962971.0,4,24,43.2382466,-7.6818406,458.45,0.054,0.009000001,0.0
GPS,887163477.0,4,24,43.2382463,-7.6818423,458.56,0.019,0.163,0.0
GPS,887404457.0,4,24,43.2382458,-7.6818445,458.72,0.04,0.079,0.0
GPS,887565046.0,4,24,43.2382458,-7.6818457,458.86,0.028,0.039,0.0
GPS,887765405.0,4,24,43.238246,-7.6818468,458.85,0.085,0.112,0.0
IMU,884065785.0,0,-0.06277686,0.2672171,-0.02290337,-1.867115,0.230574,-10.73899
IMU,884106189.0,0,-0.05831553,0.08728466,-0.04042514,-0.8795097,0.01218297,-10.46654
IMU,884146433.0,0,0.08927418,-0.07153282,0.002045839,-0.9155117,1.15965,-9.897471
IMU,884191264.0,0,0.003901985,0.058125,0.008440439,-0.9684764,0.7406304,-9.809942
IMU,884231274.0,0,0.009829644,-0.0859119,-0.01847309,-0.8703536,0.9536981,-9.310643
IMU,884275247.0,0,0.04995944,-0.09211713,-0.09082631,-1.566023,1.13687,-10.07166
IMU,884314714.0,0,0.1470747,0.006310286,0.06241868,-1.326347,1.534687,-9.817541
IMU,884354699.0,0,-0.07959584,0.04985208,0.02716461,-0.3052975,0.07643094,-9.651114
IMU,884398639.0,0,0.1022196,0.136601,0.1057238,-0.8656361,2.469076,-9.800334
IMU,884439679.0,0,0.140459,0.1000047,0.04712107,-0.03500402,-0.1137138,-10.38906
IMU,884483787.0,0,0.009774405,0.1243296,0.0898193,-1.674528,0.6505306,-9.289093
IMU,884523634.0,0,-0.1046003,0.07658745,0.03437429,0.3808448,1.612027,-10.61831
IMU,884566506.0,0,0.08795505,0.006392015,0.04921104,-0.6006019,-0.2432784,-9.42449
IMU,884612238.0,0,0.08357928,0.3054464,0.1221645,-1.439525,1.155807,-11.07404
IMU,884652882.0,0,-0.05327219,0.153408,0.04385861,-0.7084245,0.80125,-10.83691
IMU,884696185.0,0,-0.08586898,0.1677609,0.001119525,-1.157662,0.69726,-10.40317
IMU,884736068.0,0,0.1384993,0.07076179,0.08773743,-0.5985097,0.8498309,-9.84873
IMU,884779444.0,0,0.1279299,0.07645642,0.01191925,-1.672325,0.6902574,-10.10101
IMU,884821072.0,0,0.08474913,-0.004151118,-0.03010061,0.297317,0.09436734,-10.0464
IMU,884861628.0,0,0.2645921,-0.06594903,-0.04012462,1.079866,-0.2745654,-4.72391
IMU,884901509.0,0,0.6406153,0.1660752,-0.109329,-0.437246,1.106149,-1.828436
IMU,884941498.0,0,0.7776679,0.1791299,-0.1471741,-0.06059902,0.2743219,-0.1836256
IMU,884983459.0,0,0.8554909,0.1615355,-0.1838273,-0.2325709,0.2093996,-0.472172
IMU,885022736.0,0,0.8745441,0.1558663,-0.2155474,-0.1075454,0.07896449,-0.6132066
IMU,885063523.0,0,0.868766,0.1407601,-0.2180436,-0.07620378,0.005054524,-0.3759542
IMU,885102870.0,0,0.871344,0.1255576,-0.2194209,-0.06218677,0.07427446,-0.3502226
IMU,885143064.0,0,0.8920368,0.1114483,-0.2261532,-0.0970457,0.05474427,-0.4565864
IMU,885183980.0,0,0.893074,0.1277128,-0.2292916,-0.09513609,-0.009506146,-0.5649516
IMU,885224204.0,0,0.9104403,0.1237256,-0.2290677,-0.08730322,0.02363371,-0.6118902
IMU,885264531.0,0,0.9241717,0.1146597,-0.232318,-0.1332007,-0.01576791,-0.6128241
IMU,885304406.0,0,0.9174067,0.149945,-0.2268565,-0.1607721,-0.03169327,-0.809522
IMU,885344489.0,0,0.9111513,0.2086803,-0.2306387,-0.1151699,-0.07733189,-1.045427
IMU,885388119.0,0,0.9082857,0.249603,-0.2427628,-0.07316337,-0.06957863,-1.143895
IMU,885428620.0,0,0.8872972,0.2682635,-0.2593778,-0.07850336,-0.1307394,-1.20068
IMU,885469005.0,0,0.8361956,0.2905993,-0.2704209,-0.08468488,-0.176479,-1.315022
IMU,885509485.0,0,0.7660547,0.2998856,-0.2793788,-0.02984008,-0.2244492,-1.467781
IMU,885549458.0,0,0.6910766,0.2866038,-0.2804127,-0.03779302,-0.2753989,-1.531644
IMU,885590508.0,0,0.5875794,0.2648256,-0.2792238,-0.03309377,-0.2946521,-1.672609
IMU,885630844.0,0,0.4782808,0.2330337,-0.2814957,-0.005842713,-0.3122161,-1.812907
IMU,885670963.0,0,0.3805709,0.1947306,-0.2829463,0.02221736,-0.3266782,-1.973251
IMU,885710801.0,0,0.3103504,0.1509078,-0.2808315,0.02876441,-0.3160398,-1.933583
IMU,885750712.0,0,0.2970417,0.08094578,-0.2740249,0.02996438,-0.3304533,-1.97076
IMU,885792191.0,0,0.2308479,0.02835103,-0.2783893,0.01250677,-0.4603012,-2.033838
IMU,885831269.0,0,-0.03092436,-0.02838637,-0.2428207,0.1647588,-0.7694835,-2.294169
IMU,885871828.0,0,-0.1542314,-0.1472073,-0.2459091,0.2628621,-0.3123781,-2.984548
IMU,885911839.0,0,-0.3838326,-0.3018988,-0.1671688,0.4504849,-1.891975,-5.127606
IMU,885951479.0,0,-6.872746,-7.142648,3.448969,45.0159,-90.2855,-80.12098
IMU,885995254.0,0,-4.126013,-3.369302,-0.8754428,-30.61339,48.48885,-27.26799
IMU,886034456.0,0,-1.631847,-0.7874275,-0.2146988,1.122862,4.667123,0.1406877
IMU,886074839.0,0,-0.4510525,-0.08808076,-0.5112911,-0.6663047,3.188954,-0.2860792
IMU,886115068.0,0,0.2129902,0.255837,-0.5528603,0.4051895,1.640984,-0.1249529
IMU,886154463.0,0,0.6283517,0.346653,-0.2051591,1.289519,1.71636,-0.0208778
IMU,886194421.0,0,1.07122,0.2552657,0.3604451,1.230484,2.273489,-1.966578
IMU,886234391.0,0,2.518585,0.5600114,0.4913355,0.6016327,2.834844,-4.036767
IMU,886274627.0,0,3.862688,0.8893087,0.3430154,-0.09241474,0.9569461,-6.30718
IMU,886314461.0,0,3.379245,0.764534,0.0923842,0.2991898,-5.695242,-13.96997
IMU,886354394.0,0,-1.215629,-0.0728534,0.2099086,0.5605625,-12.68144,-26.73916
IMU,886396118.0,0,-1.601549,-0.937188,0.0542604,-2.215502,0.7243199,-11.52886
IMU,886435667.0,0,-0.1483516,-0.4072466,-0.1824168,-1.588312,1.799467,-7.032698
IMU,886475794.0,0,0.6460891,0.1790179,-0.06163478,-0.9852453,-1.886676,-7.411768
IMU,886515901.0,0,0.2842692,0.3743844,0.02428505,-0.7077214,-3.35882,-9.639401
IMU,886555739.0,0,-0.1760662,-0.009379517,0.04439544,-0.3030148,-1.510835,-10.78347
IMU,886597223.0,0,-0.02244053,-0.08459914,-0.04045128,-1.066908,-0.6714018,-9.983434
IMU,886636443.0,0,0.05709776,0.04118598,0.003355086,-0.8903201,-1.932164,-9.548897
IMU,886676858.0,0,-0.01840724,-0.02030704,0.0003154009,-0.5823793,-1.531335,-9.675077
IMU,886717104.0,0,-0.000491588,0.007352144,0.009922205,-0.9693093,-1.479277,-9.859519
IMU,886757256.0,0,0.0009267132,-0.006328722,-0.002494826,-0.6973013,-1.503179,-9.722737
IMU,886796671.0,0,-0.0006352859,0.003499035,0.002773374,-0.8429678,-1.57456,-9.726333
IMU,886836746.0,0,3.916071e-05,-0.005684284,0.000454724,-0.7983005,-1.489881,-9.789865
IMU,886877035.0,0,-0.001363176,0.001982239,0.00247165,-0.7928568,-1.567032,-9.719688
IMU,886917434.0,0,0.001683515,-0.001845981,0.00209429,-0.8079343,-1.497917,-9.786172
IMU,886957661.0,0,-0.001326671,-0.0002618509,0.002991014,-0.7890978,-1.520998,-9.747705
IMU,886998019.0,0,-0.001213355,-6.08122e-05,0.00195566,-0.8005779,-1.530567,-9.749019
IMU,887037889.0,0,-0.0008294353,0.0001934236,0.001624915,-0.7939389,-1.509952,-9.779313
IMU,887078058.0,0,0.001831306,-0.001615404,0.0009442143,-0.8024095,-1.51598,-9.761175
IMU,887118453.0,0,-0.0006472415,-0.002373284,-0.0001749373,-0.783211,-1.513598,-9.755751
IMU,887158460.0,0,-0.0007143981,8.352281e-05,0.00164994,-0.7919746,-1.541506,-9.758915
IMU,887197983.0,0,-0.001028143,-0.0008895067,0.001717214,-0.7834381,-1.510213,-9.745538
IMU,887237857.0,0,0.002378651,-0.0008317626,0.001571447,-0.804107,-1.517629,-9.76706
IMU,887278278.0,0,0.0007610699,-0.001986841,0.002480344,-0.7899815,-1.53638,-9.72799
IMU,887318441.0,0,-0.0003621726,0.0005708663,0.0007987758,-0.801361,-1.517492,-9.766871
IMU,887358128.0,0,0.001682537,-0.000197709,0.001194246,-0.8051984,-1.513752,-9.753237
IMU,887398039.0,0,0.001648583,-0.001255061,0.001341279,-0.809936,-1.524578,-9.747061
IMU,887439430.0,0,-0.001266538,-0.0008372811,0.002605648,-0.8008324,-1.534114,-9.751848
IMU,887479443.0,0,0.0003870237,-0.0003113597,0.001143174,-0.7991828,-1.528859,-9.773242
IMU,887519077.0,0,-0.0009153455,-0.000777925,0.001293857,-0.7818394,-1.531399,-9.743842
IMU,887559405.0,0,-0.0003435996,-0.001408264,0.0006021153,-0.807146,-1.534837,-9.774132
IMU,887599685.0,0,0.0005626647,-0.001179486,0.001179525,-0.7917536,-1.525465,-9.757633
IMU,887640198.0,0,-0.001444341,-0.000207888,0.002607624,-0.7955819,-1.528975,-9.74397
IMU,887680068.0,0,0.001120115,-0.001337506,0.00174716,-0.8081505,-1.517392,-9.749439
IMU,887719824.0,0,-0.0002794151,-0.001266746,0.001563756,-0.8026044,-1.536594,-9.749965
IMU,887759866.0,0,0.001058851,-0.0004463978,0.001484346,-0.7880622,-1.516817,-9.765459
IMU,887800090.0,0,-0.0005659689,-0.0008410259,0.001464821,-0.7908294,-1.519885,-9.773478
IMU,887840425.0,0,-0.001405486,-0.001067943,0.0006516183,-0.7953766,-1.534258,-9.755102
IMU,887880630.0,0,0.0007320031,-0.0006638558,0.001920947,-0.7961653,-1.521973,-9.732374
IMU,887920926.0,0,-0.0001299486,0.0001787815,0.001815988,-0.799746,-1.534344,-9.764895
IMU,887960715.0,0,-0.0008180331,-0.000522912,0.00194673,-0.7865562,-1.534348,-9.759406
IMU,884065785.0,1,0.007892787,0.2169963,-0.05523017,-1.747263,0.0966619,-11.16008
IMU,884106189.0,1,-0.01638587,0.05877894,-0.0803121,-1.309406,0.02624364,-9.820956
IMU,884146433.0,1,0.02897328,-0.05368156,-0.03864739,-1.553483,0.9042512,-9.207223
IMU,884191264.0,1,-0.002804676,0.01740942,-0.02472784,-0.8231347,0.680709,-9.357909
IMU,884231274.0,1,-0.06370955,-0.06095169,-0.02914702,-0.4941935,0.5123811,-9.87767
IMU,884275247.0,1,0.03085534,-0.1248369,-0.1124706,-1.992462,1.049017,-8.990597
IMU,884314714.0,1,0.09468422,-0.02681641,0.02331899,-1.604398,1.134145,-9.454871
IMU,884354699.0,1,-0.09732798,0.0848766,0.05546,-0.02914821,0.7573695,-9.86942
IMU,884398639.0,1,0.02288274,0.1407797,0.1173203,-1.47292,1.951893,-9.052711
IMU,884439679.0,1,0.1172269,0.1303105,0.1310381,0.1122534,0.3978025,-9.796654
IMU,884483787.0,1,-0.05452394,0.1128953,0.06843869,-0.9054258,0.5297346,-9.929257
IMU,884523634.0,1,-0.09644178,0.1036574,0.03228253,0.4683996,2.420014,-9.883975
IMU,884566506.0,1,0.05661576,0.04170031,0.05600496,-0.2242082,0.7421584,-9.35222
IMU,884612238.0,1,0.04255847,0.2619729,0.1014556,-1.388727,0.9684643,-11.88717
IMU,884652882.0,1,-0.09397746,0.1913912,0.03686998,-1.230972,0.338506,-10.19916
IMU,884696185.0,1,-0.09659919,0.1634471,-0.06415232,-1.552819,0.6833671,-10.2491
IMU,884736068.0,1,0.0769854,0.07678733,0.06970327,-0.2892225,1.248893,-9.880571
IMU,884779444.0,1,0.09122697,0.06841093,0.02041684,-2.083544,0.3755737,-9.315074
IMU,884821072.0,1,0.07496621,0.002507125,-0.007366048,-0.2431048,0.2899812,-10.34982
IMU,884861628.0,1,0.2591943,-0.01139712,0.01121835,0.3120943,0.6765824,-5.627298
IMU,884901509.0,1,0.5869237,0.145048,-0.07180963,-0.2058912,1.3065,-1.87043
IMU,884941498.0,1,0.7210894,0.1573837,-0.09980495,0.06108465,0.5368937,-0.05861567
IMU,884983459.0,1,0.8084998,0.1419297,-0.1327353,-0.2080972,0.5760369,-0.4512317
IMU,885022736.0,1,0.8208998,0.140085,-0.1587415,-0.08348149,0.445059,-0.3383836
IMU,885063523.0,1,0.8165727,0.1327606,-0.162406,-0.06315626,0.4531408,-0.2172762
IMU,885102870.0,1,0.8191183,0.1220486,-0.1662632,0.0401546,0.4747959,-0.2366669
IMU,885143064.0,1,0.8399944,0.1084305,-0.1739636,-0.09463085,0.4263394,-0.4724185
IMU,885183980.0,1,0.8442422,0.1119615,-0.1718197,-0.07642379,0.4289498,-0.4191754
IMU,885224204.0,1,0.8560913,0.1158072,-0.172962,-0.08548445,0.4306915,-0.3855908
IMU,885264531.0,1,0.8693888,0.1065733,-0.1767571,-0.0990857,0.4014893,-0.4708236
IMU,885304406.0,1,0.8696597,0.138097,-0.1723826,-0.1700001,0.3221527,-0.6897463
IMU,885344489.0,1,0.859809,0.1780557,-0.1749684,-0.04950851,0.2597094,-0.8999959
IMU,885388119.0,1,0.8612759,0.2173454,-0.1854461,-0.1033341,0.296956,-0.9831262
IMU,885428620.0,1,0.8413865,0.235993,-0.2002058,-0.07536294,0.3105744,-1.02904
IMU,885469005.0,1,0.7867993,0.2520095,-0.2155438,-0.09883986,0.2475275,-1.226746
IMU,885509485.0,1,0.7197884,0.2625265,-0.2313607,0.03257761,0.1442871,-1.373142
IMU,885549458.0,1,0.6467026,0.2485542,-0.227501,-0.0598238,0.2008436,-1.40906
IMU,885590508.0,1,0.5394874,0.2347429,-0.2297886,-0.05428597,0.1069676,-1.551031
IMU,885630844.0,1,0.4396381,0.2079297,-0.2360865,0.01284015,0.07795715,-1.681277
IMU,885670963.0,1,0.3433542,0.1725166,-0.2466169,-0.01012898,0.1651559,-1.893047
IMU,885710801.0,1,0.2678321,0.1411261,-0.244462,0.09081876,0.07193195,-1.876144
IMU,885750712.0,1,0.2520194,0.08718616,-0.2370498,-0.01066142,0.04439205,-1.79664
IMU,885792191.0,1,0.1855265,0.03037144,-0.2437664,0.03369344,-0.1047782,-1.910112
IMU,885831269.0,1,-0.04791474,-0.01276511,-0.2192212,0.2126927,-0.6942313,-2.291874
IMU,885871828.0,1,-0.1820272,-0.1224982,-0.2286115,0.2549617,0.05665702,-3.058677
IMU,885911839.0,1,-0.3864002,-0.2690017,-0.1706355,0.56209,-1.560884,-5.188305
IMU,885951479.0,1,-6.617454,-6.525796,2.422936,67.09834,-124.6718,-116.137
IMU,885995254.0,1,-4.616133,-3.235624,-0.8555486,-26.3244,46.95202,-21.19976
IMU,886034456.0,1,-1.625468,-0.7384493,-0.2730337,0.6637871,5.826063,1.214119
IMU,886074839.0,1,-0.4958905,-0.1174934,-0.483303,-0.3990514,3.562497,0.2595733
IMU,886115068.0,1,0.1553682,0.2239891,-0.5038762,0.3818055,2.132852,0.2846921
IMU,886154463.0,1,0.5793598,0.3042543,-0.1740552,1.191512,2.104755,0.1585336
IMU,886194421.0,1,1.021243,0.2182542,0.3453773,1.144941,2.621103,-1.595166
IMU,886234391.0,1,2.437924,0.4893033,0.5367897,0.6456544,3.104397,-3.617808
IMU,886274627.0,1,3.776948,0.7907677,0.4563127,0.06348211,1.064661,-6.109245
IMU,886314461.0,1,3.352806,0.6898544,0.2038579,0.4436319,-5.689812,-14.72941
IMU,886354394.0,1,-1.094306,-0.03002054,0.1343275,0.647934,-12.46495,-27.98246
IMU,886396118.0,1,-1.659151,-0.8834578,0.004247275,-2.018019,1.254253,-10.90364
IMU,886435667.0,1,-0.2112347,-0.4151607,-0.1774431,-1.526556,2.074192,-6.506096
IMU,886475794.0,1,0.5952922,0.1330703,-0.03302041,-0.9067958,-1.578894,-7.240264
IMU,886515901.0,1,0.2970558,0.345476,0.0383485,-0.7245743,-2.947537,-9.70153
IMU,886555739.0,1,-0.1598485,0.0288776,0.04720264,-0.2928527,-1.181527,-10.92502
IMU,886597223.0,1,-0.03487089,-0.07675568,-0.03482106,-1.013942,-0.3622855,-9.751098
IMU,886636443.0,1,0.03298982,0.03846892,0.009577795,-0.8414045,-1.595306,-9.477364
IMU,886676858.0,1,-0.02398808,-0.008707385,0.005835584,-0.5431588,-1.092989,-9.545643
IMU,886717104.0,1,-0.001572551,0.007676869,0.01282099,-0.9157135,-1.189,-9.701715
IMU,886757256.0,1,-0.001597111,-0.003099731,5.608345e-05,-0.5818501,-1.246478,-9.554646
IMU,886796671.0,1,-0.0008777547,0.005572361,0.00585523,-0.9252352,-1.198893,-9.540117
IMU,886836746.0,1,-0.0009320807,0.002172696,0.004070038,-0.748638,-1.212193,-9.873503
IMU,886877035.0,1,-0.001957443,0.007780244,0.003064675,-0.7003778,-1.189354,-9.683554
IMU,886917434.0,1,0.001742598,0.004287801,0.001032739,-0.7455242,-1.161247,-9.785044
IMU,886957661.0,1,-0.0007652286,0.002597654,0.002520746,-0.756417,-1.217396,-9.701809
IMU,886998019.0,1,-0.00160772,0.004377943,0.002430109,-0.8089748,-1.243326,-9.68517
IMU,887037889.0,1,-0.0006131741,0.007774547,0.002228784,-0.7987946,-1.081906,-9.84674
IMU,887078058.0,1,0.0005287203,0.001506644,0.003362491,-0.7119402,-1.164607,-9.696638
IMU,887118453.0,1,-0.001651489,0.00384364,0.001749862,-0.6607971,-1.095165,-9.755056
IMU,887158460.0,1,-0.0007521556,0.003690142,0.004817694,-0.7545676,-1.271042,-9.648582
IMU,887197983.0,1,-0.004592053,0.001076138,0.009105702,-0.6445198,-1.186568,-9.630387
IMU,887237857.0,1,-0.001305626,0.005731057,-0.001924018,-0.7422006,-1.164013,-9.662309
IMU,887278278.0,1,-0.002285831,0.008099375,0.0005090027,-0.8594211,-1.272939,-9.725262
IMU,887318441.0,1,-0.002862535,0.009825311,0.002427353,-0.7475605,-1.187231,-9.66311
IMU,887358128.0,1,0.0004860063,0.004548726,0.0002770985,-0.7921922,-1.264414,-9.683995
IMU,887398039.0,1,7.281343e-05,0.009053688,-8.701784e-06,-0.7770653,-1.164047,-9.749228
IMU,887439430.0,1,-0.002425614,0.007165008,0.002398499,-0.7854663,-1.166512,-9.748539
IMU,887479443.0,1,-0.0009432185,0.005523129,0.0005394663,-0.8055382,-1.197498,-9.659411
IMU,887519077.0,1,-0.00148823,0.003925139,0.003594458,-0.6837822,-1.138552,-9.700729
IMU,887559405.0,1,-0.001568854,0.005906362,0.004608342,-0.7561184,-1.248848,-9.637346
IMU,887599685.0,1,-0.0005560358,0.002849514,0.005947346,-0.7549248,-1.103499,-9.575819
IMU,887640198.0,1,0.0004750132,0.003539019,0.003040075,-0.7496895,-1.153264,-9.593347
IMU,887680068.0,1,-0.00164424,0.000732758,0.002576081,-0.7373818,-1.23053,-9.634646
IMU,887719824.0,1,0.0003920642,0.009344427,0.001131175,-0.7306684,-1.22869,-9.668964
IMU,887759866.0,1,-0.0008073773,0.002727386,0.001945299,-0.7005351,-1.171298,-9.574744
IMU,887800090.0,1,-0.0005189577,0.009761613,0.005569307,-0.7123321,-1.23987,-9.853006
IMU,887840425.0,1,-0.002506053,0.008319555,0.006005168,-0.7941431,-1.309575,-9.670612
IMU,887880630.0,1,-0.001760593,0.005103209,0.006483851,-0.7022728,-1.218617,-9.661377
IMU,887920926.0,1,-0.00126441,-0.0006985263,0.003244463,-0.7013133,-1.091041,-9.742079
IMU,887960715.0,1,-0.0009212022,0.007611815,0.008883655,-0.73097,-1.103732,-9.715899
IMU,884065785.0,2,-0.04076312,0.1455484,-0.0623316,-0.04823262,1.310711,-8.21696
IMU,884106189.0,2,-0.08742093,0.1288292,-0.0166257,-1.011695,0.4290127,-9.455711
IMU,884146433.0,2,-0.003203028,0.06511076,-0.03111572,-0.3544838,0.1443589,-9.819049
IMU,884191264.0,2,0.0370003,0.03855365,-0.01277126,-0.2794222,-0.4209293,-10.49256
IMU,884231274.0,2,-0.08357881,-0.009149403,-0.02791706,-0.6188377,-0.6863979,-9.740069
IMU,884275247.0,2,0.07358144,-0.02496353,-0.01430109,-1.20114,0.3165462,-7.108986
IMU,884314714.0,2,0.06534886,0.04735417,0.03104667,-0.4699268,-0.5702511,-7.829559
IMU,884354699.0,2,-0.1019992,0.04592454,0.03589425,-0.6165765,0.6276819,-9.614862
IMU,884398639.0,2,0.05010783,0.2307877,0.1103517,-1.181533,0.7630346,-8.294166
IMU,884439679.0,2,0.02735664,0.1309753,0.08178761,-1.067633,0.495089,-9.532626
IMU,884483787.0,2,-0.1241924,0.1541132,0.09221438,-0.2643558,0.3377479,-11.10107
IMU,884523634.0,2,0.004258968,0.1861819,0.09131137,-1.762341,0.4830256,-9.466078
IMU,884566506.0,2,0.01635235,0.110681,0.08213751,-0.6707909,0.6137886,-10.37265
IMU,884612238.0,2,-0.02865435,0.2355193,0.07374799,-0.1881412,0.03628471,-11.34062
IMU,884652882.0,2,-0.1128965,0.3340349,0.09209102,-0.7513524,-0.5311832,-9.774419
IMU,884696185.0,2,-0.06952406,0.251086,0.04278212,-1.384914,0.006350244,-10.53079
IMU,884736068.0,2,0.05038654,0.08830753,0.03302412,-0.2675981,0.9302072,-9.587908
IMU,884779444.0,2,0.0005539794,0.1118084,0.02717224,-0.6631029,-0.8906649,-10.59181
IMU,884821072.0,2,0.04368332,0.01254627,0.03936048,-0.530347,0.1664234,-8.427987
IMU,884861628.0,2,0.2378242,-0.04542207,-0.01551252,-0.2012837,0.2173197,-4.028066
IMU,884901509.0,2,0.6093466,0.1304602,-0.1025194,-0.6393121,0.8400325,-1.158063
IMU,884941498.0,2,0.7696027,0.1511236,-0.1559598,-0.1367077,0.2003588,-0.1467653
IMU,884983459.0,2,0.8497493,0.1390059,-0.1866827,-0.1952881,0.2143229,-0.2417754
IMU,885022736.0,2,0.8706001,0.1346226,-0.2183292,-0.1260818,0.1142294,-0.3695526
IMU,885063523.0,2,0.866607,0.1206282,-0.2225746,-0.1014882,0.05587023,-0.2249599
IMU,885102870.0,2,0.8704344,0.1037018,-0.2215085,-0.1060761,0.1080288,-0.1880364
IMU,885143064.0,2,0.8882784,0.09186685,-0.2284482,-0.1103004,0.08092343,-0.2663202
IMU,885183980.0,2,0.8896808,0.1065247,-0.2339409,-0.1079459,0.05260954,-0.4070621
IMU,885224204.0,2,0.9068155,0.1005859,-0.2328909,-0.1150632,0.06544494,-0.4278631
IMU,885264531.0,2,0.9201801,0.09345483,-0.2365752,-0.1443402,0.01328808,-0.4807921
IMU,885304406.0,2,0.9145887,0.1298504,-0.2312164,-0.1530704,0.01089828,-0.637831
IMU,885344489.0,2,0.9097998,0.1844052,-0.2336963,-0.130072,-0.04072888,-0.9043469
IMU,885388119.0,2,0.9076827,0.2286875,-0.2454233,-0.08418494,-0.03638601,-0.9942312
IMU,885428620.0,2,0.8903893,0.2482143,-0.2632752,-0.09361339,-0.08558453,-1.105284
IMU,885469005.0,2,0.8386849,0.2696886,-0.2732089,-0.09465311,-0.1273679,-1.187796
IMU,885509485.0,2,0.7670094,0.2820268,-0.2823806,-0.05765673,-0.1760052,-1.332348
IMU,885549458.0,2,0.6938921,0.2715563,-0.2828688,-0.07546847,-0.212365,-1.408991
IMU,885590508.0,2,0.5873994,0.2514264,-0.2800561,-0.06823537,-0.254642,-1.541609
IMU,885630844.0,2,0.4784415,0.2217664,-0.2830815,-0.05618555,-0.2592581,-1.686719
IMU,885670963.0,2,0.3809475,0.1837146,-0.2855073,-0.002329239,-0.2868502,-1.826389
IMU,885710801.0,2,0.3127131,0.1412628,-0.2807307,-0.03253658,-0.2741189,-1.756277
IMU,885750712.0,2,0.2978847,0.07281266,-0.2760626,-0.01999919,-0.2949238,-1.802545
IMU,885792191.0,2,0.2255429,0.02126206,-0.2795391,-0.06087461,-0.4171928,-1.939232
IMU,885831269.0,2,-0.04349313,-0.03069468,-0.2435674,0.01129596,-0.8442358,-2.399178
IMU,885871828.0,2,-0.1710582,-0.1408785,-0.2412607,0.1882244,-0.6464379,-2.591172
IMU,885911839.0,2,-0.4006577,-0.3478877,-0.1724821,0.1711544,-2.361051,-4.328952
IMU,885951479.0,2,-9.839446,-8.463656,2.703532,46.82161,-99.21145,-89.74051
IMU,885995254.0,2,-4.21151,-2.651309,0.0478874,-27.34999,19.74463,-19.84881
IMU,886034456.0,2,-1.51417,-0.7411705,-0.2342691,0.9833107,4.533151,0.1994509
IMU,886074839.0,2,-0.4316083,-0.07432604,-0.5204381,0.0305012,3.060859,0.3568105
IMU,886115068.0,2,0.2211893,0.2552595,-0.5464389,0.631394,1.751302,0.006003737
IMU,886154463.0,2,0.6325474,0.32913,-0.2020941,1.213537,1.770304,0.01430072
IMU,886194421.0,2,1.087525,0.2428497,0.3613905,1.152624,2.240381,-1.614261
IMU,886234391.0,2,2.552551,0.5234681,0.4774228,0.7052321,2.435248,-3.376935
IMU,886274627.0,2,3.848531,0.8167527,0.325906,0.06532882,0.5412536,-6.005589
IMU,886314461.0,2,3.28819,0.6901309,0.08048124,0.2851738,-5.370889,-14.55458
IMU,886354394.0,2,-1.29428,-0.07531422,0.2125673,-0.170987,-11.56229,-27.34374
IMU,886396118.0,2,-1.566096,-0.8998367,0.05371469,-2.052721,-0.04594699,-11.23781
IMU,886435667.0,2,-0.1702665,-0.4224378,-0.1866996,-1.491706,1.613389,-6.697516
IMU,886475794.0,2,0.6376249,0.160811,-0.06591724,-1.033139,-1.829774,-7.280141
IMU,886515901.0,2,0.2899593,0.3712191,0.02268966,-0.9015223,-3.289181,-9.640371
IMU,886555739.0,2,-0.1653441,0.005344523,0.04497128,-0.4606403,-1.654492,-10.58244
IMU,886597223.0,2,-0.01859337,-0.07995461,-0.03976508,-1.118541,-0.8033976,-9.747166
IMU,886636443.0,2,0.05538867,0.03869932,-0.001543809,-0.9729491,-1.989192,-9.410995
IMU,886676858.0,2,-0.01560676,-0.01794621,-0.0002687855,-0.6809002,-1.610691,-9.488276
IMU,886717104.0,2,0.001628604,0.007177895,0.008634632,-1.056427,-1.549918,-9.656749
IMU,886757256.0,2,0.003333207,-0.004186156,-0.003614877,-0.8006473,-1.575125,-9.554158
IMU,886796671.0,2,0.001309161,0.004490955,0.001039157,-0.9519948,-1.640626,-9.540163
IMU,886836746.0,2,0.004400939,-0.002922172,-0.00205992,-0.8833094,-1.540741,-9.604945
IMU,886877035.0,2,0.0006730385,0.003432015,0.001661815,-0.8929494,-1.62029,-9.539093
IMU,886917434.0,2,0.002759417,0.0003320682,-0.001025146,-0.9041559,-1.561061,-9.612471
IMU,886957661.0,2,0.001793457,0.0003212146,-0.0004915252,-0.8844146,-1.601,-9.566996
IMU,886998019.0,2,0.001672816,0.001064937,0.0001248996,-0.9127629,-1.595948,-9.568186
IMU,887037889.0,2,0.002558522,0.0006198913,0.001254366,-0.8935434,-1.578088,-9.572625
IMU,887078058.0,2,0.003124428,0.000112861,-0.0007797499,-0.8978215,-1.594818,-9.568048
IMU,887118453.0,2,0.00212357,-0.001131928,-0.001342296,-0.8806007,-1.572471,-9.566447
IMU,887158460.0,2,0.003279281,0.0005522564,0.0009830643,-0.880358,-1.598186,-9.571525
IMU,887197983.0,2,0.0004947414,0.0003618707,-0.0001018777,-0.8992661,-1.581953,-9.56843
IMU,887237857.0,2,0.004657805,0.0008801381,-0.0008157517,-0.9089477,-1.591484,-9.575734
IMU,887278278.0,2,0.003515927,0.001428867,-0.0005481031,-0.8925416,-1.579608,-9.552615
IMU,887318441.0,2,0.001358697,0.0008028209,-0.001075463,-0.8930636,-1.587834,-9.566468
IMU,887358128.0,2,0.003547462,0.00110767,-0.0007001725,-0.8846424,-1.578432,-9.601765
IMU,887398039.0,2,0.004045481,-0.0004110813,-0.0007455997,-0.8957084,-1.600283,-9.586706
IMU,887439430.0,2,0.001286897,0.0009023894,0.000255067,-0.8834609,-1.593797,-9.570818
IMU,887479443.0,2,0.003713554,0.0007021215,-0.0004511962,-0.9033846,-1.581504,-9.593534
IMU,887519077.0,2,0.0006787829,0.0007034163,-0.0007215873,-0.890749,-1.576576,-9.573857
IMU,887559405.0,2,0.002193938,-6.935684e-05,-0.0001075377,-0.9096258,-1.590927,-9.589891
IMU,887599685.0,2,0.003212977,-0.0009457665,0.0004524296,-0.8878093,-1.582837,-9.571879
IMU,887640198.0,2,0.001850576,0.002493459,-0.0001461597,-0.8963535,-1.593454,-9.564314
IMU,887680068.0,2,0.00301673,-0.0002055542,1.965412e-08,-0.9077498,-1.582459,-9.562273
IMU,887719824.0,2,0.001346436,0.0004033738,-0.0006030949,-0.9077572,-1.589539,-9.60062
IMU,887759866.0,2,0.002647874,-0.0003881282,-0.0002554373,-0.9027522,-1.588338,-9.573518
IMU,887800090.0,2,0.001757818,8.378454e-05,-0.0002281873,-0.9053087,-1.597453,-9.555725
IMU,887840425.0,2,0.003110179,0.0005207037,-0.001081822,-0.8886609,-1.593768,-9.563016
IMU,887880630.0,2,0.002623593,0.0001763424,-0.001269252,-0.8940124,-1.598701,-9.579663
IMU,887920926.0,2,0.002023733,0.0009864972,0.0006012024,-0.9024363,-1.606647,-9.56494
IMU,887960715.0,2,0.002317828,0.0002430897,-0.0001652916,-0.8859175,-1.585301,-9.586961
