ARM,382770652.0,0.0
AHR2,382055255.0,-0.69,0.78,94.33,468.51,43.2382543,-7.6819093
AHR2,382160489.0,-0.45,1.36,94.51,468.49,43.2382538,-7.6819047
AHR2,382263865.0,-0.81,2.14,94.69,468.36,43.2382534,-7.6819002
AHR2,382366897.0,-0.41,2.56,94.73,468.45,43.2382529,-7.6818958
AHR2,382473121.0,-0.17,3.32,95.32,468.46,43.2382526,-7.6818935
AHR2,382578008.0,-0.34,4.16,95.22,468.41,43.2382521,-7.6818891
AHR2,382681442.0,-0.53,4.74,95.42,468.31,43.2382517,-7.6818852
AHR2,382785977.0,-0.95,5.91,94.85,468.18,43.2382514,-7.6818826
AHR2,382886209.0,0.98,7.7,94.18,467.6,43.238251,-7.6818793
AHR2,382987673.0,4.03,10.67,92.2,467.48,43.2382506,-7.6818762
AHR2,383087536.0,7.26,13.75,90.03,467.47,43.2382503,-7.6818732
AHR2,383188489.0,10.56,16.71,87.9,467.47,43.2382499,-7.6818701
AHR2,383289104.0,14.03,19.53,85.88,467.32,43.2382495,-7.681867
AHR2,383389831.0,17.24,22.33,83.77,466.86,43.2382492,-7.6818655
AHR2,383490693.0,19.52,24.9,81.54,466.44,43.2382488,-7.6818625
AHR2,383591062.0,20.55,27.03,79.02,466.25,43.2382482,-7.6818586
AHR2,383691256.0,20.26,28.5,75.88,465.75,43.2382478,-7.6818556
AHR2,383792224.0,18.69,28.88,71.86,465.03,43.238247,-7.6818529
AHR2,383892328.0,15.62,28.99,68.51,464.39,43.2382465,-7.68185
AHR2,383993670.0,6.08,-5.13,65.09,461.73,43.2382462,-7.6818482
AHR2,384094106.0,11.2,-21.47,67.98,460.71,43.2382459,-7.6818457
AHR2,384195209.0,10.98,-23.51,69.62,461.46,43.238241,-7.6818407
AHR2,384294981.0,5.25,-4.55,72.67,461.56,43.2382389,-7.6818372
AHR2,384395100.0,-1.35,9.74,69.38,461.62,43.2382433,-7.6818427
AHR2,384495049.0,0.22,8.18,68.48,461.51,43.2382436,-7.6818426
AHR2,384594975.0,0.29,7.66,68.4,461.65,43.2382436,-7.6818426
AHR2,384695056.0,0.01,7.97,68.4,461.52,43.2382439,-7.6818425
AHR2,384795247.0,-0.07,8.04,68.32,461.66,43.2382432,-7.6818427
AHR2,384895222.0,-0.15,8.09,68.26,461.44,43.2382431,-7.6818427
AHR2,384995194.0,-0.24,8.13,68.19,461.53,43.238243,-7.6818428
AHR2,385094981.0,-0.32,8.17,68.13,461.54,43.238243,-7.6818428
AHR2,385195096.0,-0.4,8.22,68.06,461.77,43.2382427,-7.6818428
AHR2,385295887.0,-0.48,8.26,67.98,461.63,43.2382426,-7.6818427
AHR2,385400889.0,-0.56,8.3,67.9,461.52,43.2382426,-7.6818429
AHR2,385500885.0,-0.63,8.34,67.83,461.62,43.2382427,-7.6818429
AHR2,385601709.0,-0.71,8.37,67.75,461.59,43.2382423,-7.6818429
AHR2,385701867.0,-0.78,8.41,67.68,461.54,43.2382422,-7.6818429
AHR2,385802697.0,-0.85,8.45,67.61,461.61,43.2382421,-7.6818428
AHR2,385902853.0,-0.92,8.48,67.53,461.48,43.2382422,-7.6818428
ATT,382054688.0,-1.326704,-1.043686,0.218741,0.786972,98.66923,99.51674
ATT,382159695.0,-1.180442,-0.841204,0.8990098,1.356971,98.66249,99.56635
ATT,382263073.0,-1.196118,-1.182459,1.605393,2.131083,98.65501,99.54986
ATT,382366243.0,-1.250835,-0.7796785,2.350833,2.543514,98.64611,99.40302
ATT,382472497.0,-1.289732,-0.5629488,3.061018,3.277107,98.63733,99.82279
ATT,382577418.0,-1.388992,-0.74907,3.868053,4.087547,98.62487,99.60394
ATT,382680714.0,-1.552098,-0.9265999,4.750572,4.672474,98.6074,99.5863
ATT,382785227.0,-1.618193,-1.338761,5.553401,5.852568,98.84458,98.82452
ATT,382885525.0,-0.8261775,0.6116343,3.030792,7.671033,98.05405,98.06327
ATT,382987011.0,-0.4189099,3.747783,1.53674,10.77306,96.01192,96.06874
ATT,383086892.0,-0.2129659,7.141929,0.7812495,14.1132,93.78454,93.89401
ATT,383187889.0,-0.1079912,10.55304,0.3961559,17.43617,91.58553,91.74946
ATT,383288506.0,-0.05513385,14.04963,0.2022538,20.72461,89.48572,89.70741
ATT,383389142.0,-0.02793623,17.27759,0.1024821,23.99281,87.33218,87.60988
ATT,383489885.0,-0.01420179,19.63127,0.05209756,26.99804,85.02694,85.34908
ATT,383590524.0,-0.007219107,20.71323,0.02648252,29.55206,82.45059,82.79799
ATT,383690712.0,-0.00368372,20.40738,0.0135141,31.45035,79.21524,79.5645
ATT,383791695.0,-0.00187221,18.71061,0.006867172,32.2832,75.05,75.37422
ATT,383891721.0,-0.0009526522,15.5349,0.003495068,32.8447,71.56374,71.83606
ATT,383992988.0,-0.0004837328,5.307434,0.001774812,-1.271325,68.22248,68.30149
ATT,384093634.0,-0.0002460638,9.758928,0.0009023551,-17.6313,71.10199,71.25386
ATT,384194680.0,-0.0001244346,9.157599,0.0004570459,-19.25413,72.47052,72.61448
ATT,384294427.0,-0.0001048083,3.543924,0.0003849708,0.678306,74.96114,75.01393
ATT,384394610.0,-0.0001048083,-3.53215,0.0003849709,15.53024,71.62464,71.57004
ATT,384494468.0,-0.0001029211,-1.586793,0.0003780834,13.8206,70.91358,70.88922
ATT,384594432.0,-0.0001029211,-1.227171,0.0003780834,13.20596,70.90507,70.88628
ATT,384694493.0,-0.000102921,-1.394791,0.0003780833,13.43128,70.94839,70.92702
ATT,384794643.0,-0.000102921,-1.394714,0.0003780834,13.43153,70.90875,70.88738
ATT,384894686.0,-0.0001010025,-1.389524,0.0003709536,13.43501,70.88543,70.86414
ATT,384994630.0,-9.913932e-05,-1.389575,0.0003638979,13.43326,70.85938,70.83809
ATT,385094445.0,-9.913935e-05,-1.387976,0.0003638979,13.43879,70.83512,70.81384
ATT,385194605.0,-9.913931e-05,-1.386427,0.0003638979,13.44603,70.81448,70.79324
ATT,385295186.0,-9.701648e-05,-1.388297,0.0003562924,13.4492,70.78841,70.76711
ATT,385400273.0,-9.701648e-05,-1.389162,0.0003562924,13.44993,70.7647,70.74342
ATT,385500368.0,-9.70166e-05,-1.395444,0.0003562924,13.45918,70.74604,70.72466
ATT,385601082.0,-9.504202e-05,-1.414642,0.0003490635,13.47427,70.74484,70.72318
ATT,385701250.0,-9.320395e-05,-1.444731,0.0003421945,13.49581,70.75156,70.72941
ATT,385802026.0,-9.124041e-05,-1.475063,0.0003347123,13.51133,70.75915,70.73653
ATT,385902083.0,-9.124039e-05,-1.518773,0.0003347123,13.5327,70.77197,70.74869
BARO,382140845.0,0,4.216583,469.4566,96733.54
BARO,382245505.0,0,4.080933,469.3209,96735.02
BARO,382349090.0,0,4.171356,469.4113,96734.05
BARO,382454922.0,0,4.185486,469.4255,96733.89
BARO,382562671.0,0,4.137451,469.3774,96734.38
BARO,382666199.0,0,4.035736,469.2757,96735.5
BARO,382771012.0,0,3.900085,469.1401,96736.98
BARO,382870563.0,0,3.326477,468.5665,96743.17
BARO,382971638.0,0,3.202148,468.4421,96744.53
BARO,383072474.0,0,3.19931,468.4393,96744.56
BARO,383173082.0,0,3.19931,468.4393,96744.56
BARO,383272849.0,0,3.041077,468.2811,96746.27
BARO,383373640.0,0,2.580475,467.8205,96751.27
BARO,383475049.0,0,2.1651,467.4051,96755.75
BARO,383575494.0,0,1.970123,467.2101,96757.89
BARO,383675388.0,0,1.478455,466.7184,96763.2
BARO,383776452.0,0,0.7522583,465.9922,96771.07
BARO,383877253.0,0,0.1108093,465.3508,96778.03
BARO,383977843.0,0,-2.54538,462.6946,96806.8
BARO,384078251.0,0,-3.56546,461.6745,96817.87
BARO,384179508.0,0,-2.810974,462.429,96809.69
BARO,384279445.0,0,-2.714905,462.5251,96808.64
BARO,384379242.0,0,-2.658386,462.5816,96808.05
BARO,384479465.0,0,-2.765778,462.4742,96809.2
BARO,384579258.0,0,-2.627319,462.6127,96807.7
BARO,384679426.0,0,-2.757294,462.4827,96809.09
BARO,384779330.0,0,-2.618835,462.6212,96807.61
BARO,384879501.0,0,-2.83078,462.4092,96809.91
BARO,384979390.0,0,-2.746002,462.494,96808.98
BARO,385079252.0,0,-2.731873,462.5081,96808.84
BARO,385179228.0,0,-2.502991,462.737,96806.35
BARO,385279495.0,0,-2.647095,462.5929,96807.92
BARO,385380110.0,0,-2.754486,462.4855,96809.06
BARO,385480506.0,0,-2.655579,462.5844,96808.0
BARO,385581207.0,0,-2.683838,462.5562,96808.3
BARO,385681031.0,0,-2.731873,462.5081,96808.84
BARO,385781847.0,0,-2.661224,462.5788,96808.05
BARO,385881715.0,0,-2.799683,462.4403,96809.58
BARO,382140845.0,1,3.843567,469.0836,96717.75
BARO,382245505.0,1,4.391785,469.6318,96711.82
BARO,382349090.0,1,3.911407,469.1514,96717.02
BARO,382454922.0,1,4.123322,469.3633,96714.72
BARO,382562671.0,1,3.541229,468.7812,96721.03
BARO,382666199.0,1,4.086578,469.3266,96715.12
BARO,382771012.0,1,3.241699,468.4817,96724.26
BARO,382870563.0,1,3.156921,468.3969,96725.2
BARO,382971638.0,1,2.916748,468.1567,96727.78
BARO,383072474.0,1,3.696655,468.9366,96719.36
BARO,383173082.0,1,3.142792,468.3828,96725.34
BARO,383272849.0,1,2.857391,468.0974,96728.45
BARO,383373640.0,1,2.89978,468.1398,96727.97
BARO,383475049.0,1,2.199005,467.439,96735.57
BARO,383575494.0,1,1.55191,466.7919,96742.59
BARO,383675388.0,1,1.365417,466.6054,96744.61
BARO,383776452.0,1,1.082855,466.3228,96747.66
BARO,383877253.0,1,-0.6634521,464.5765,96766.57
BARO,383977843.0,1,-4.432953,460.807,96807.43
BARO,384078251.0,1,-3.602203,461.6378,96798.43
BARO,384179508.0,1,-2.649933,462.5901,96788.11
BARO,384279445.0,1,-2.692322,462.5477,96788.55
BARO,384379242.0,1,-2.921204,462.3188,96791.05
BARO,384479465.0,1,-2.875977,462.364,96790.55
BARO,384579258.0,1,-2.802521,462.4375,96789.74
BARO,384679426.0,1,-2.384308,462.8557,96785.21
BARO,384779330.0,1,-2.983368,462.2566,96791.73
BARO,384879501.0,1,-2.875977,462.364,96790.55
BARO,384979390.0,1,-2.878815,462.3612,96790.57
BARO,385079252.0,1,-3.022919,462.2171,96792.13
BARO,385179228.0,1,-2.805328,462.4347,96789.79
BARO,385279495.0,1,-2.689484,462.5505,96788.52
BARO,385380110.0,1,-2.924011,462.316,96791.06
BARO,385480506.0,1,-2.729034,462.511,96788.96
BARO,385581207.0,1,-2.339081,462.9009,96784.74
BARO,385681031.0,1,-2.525604,462.7144,96786.74
BARO,385781847.0,1,-3.124634,462.1154,96793.26
BARO,385881715.0,1,-2.695129,462.5449,96788.59
GPS,382144126.0,3,24,43.2382543,-7.6819104,467.16,3.525,-0.011,0.0
GPS,382374505.0,3,24,43.2382534,-7.6819021,467.14,3.26,0.033,0.0
GPS,382549024.0,3,24,43.2382526,-7.6818945,467.14,3.067,0.079,0.0
GPS,382759233.0,3,24,43.2382518,-7.6818874,467.11,2.737,0.013,0.0
GPS,382941041.0,3,24,43.2382511,-7.6818811,467.04,2.474,0.587,0.0
GPS,383142506.0,3,24,43.2382504,-7.6818751,466.71,2.534,2.704,0.0
GPS,383384114.0,3,24,43.2382496,-7.6818691,466.0,2.441,4.495,0.0
GPS,383545649.0,3,24,43.2382488,-7.6818633,464.92,2.425,6.246,0.0
GPS,383746040.0,3,24,43.2382478,-7.6818576,463.48,2.405,7.999001,0.0
GPS,383947474.0,3,24,43.2382468,-7.6818523,461.77,2.084,9.299001,0.0
GPS,384148735.0,3,24,43.2382443,-7.6818463,460.15,3.627,6.77,0.0
GPS,384369629.0,3,24,43.2382428,-7.6818428,459.45,0.417,0.465,0.0
GPS,384550113.0,3,24,43.2382433,-7.6818427,459.47,0.27,-0.388,0.0
GPS,384750216.0,3,24,43.2382433,-7.6818427,459.52,0.101,0.043,0.0
GPS,384950269.0,3,24,43.238243,-7.6818428,459.54,0.033,-0.027,0.0
GPS,385150058.0,3,24,43.2382428,-7.6818428,459.58,0.09100001,-0.023,0.0
GPS,385390755.0,3,24,43.2382426,-7.6818429,459.6,0.056,-0.012,0.0
GPS,385550448.0,3,24,43.2382424,-7.6818429,459.61,0.11,0.101,0.0
GPS,385751685.0,3,24,43.2382421,-7.6818428,459.69,0.062,0.063,0.0
IMU,382044252.0,0,0.1711804,0.2825644,0.08708955,-0.3863364,0.08669432,-9.814398
IMU,382088652.0,0,0.0709342,0.2947181,-0.03810766,-0.8758857,1.316583,-10.4099
IMU,382128196.0,0,0.07297852,0.2139434,0.0411749,-0.7707362,-0.947093,-9.74678
IMU,382169740.0,0,-0.02821415,0.101986,-0.04569021,-0.3774449,1.334489,-10.21863
IMU,382213000.0,0,-0.0407006,0.1075495,-0.0187942,-0.03650881,-0.3296994,-10.13997
IMU,382253665.0,0,-0.1196766,0.1997007,0.02693544,-1.140426,0.8560112,-10.08624
IMU,382296832.0,0,-0.02692729,0.1732037,-0.003330156,-0.2064974,-0.4610318,-10.59581
IMU,382336620.0,0,0.02225683,0.1066625,0.02952447,-1.545857,0.351366,-9.769682
IMU,382376657.0,0,0.08876227,0.1178936,0.06709088,-0.9621667,-0.04523859,-10.58665
IMU,382422680.0,0,-0.007585611,0.1012948,-0.09330206,-1.633366,0.9720899,-10.17378
IMU,382462234.0,0,0.03153893,0.162688,0.08102597,0.8630784,-0.06648958,-10.20289
IMU,382507006.0,0,-0.09301587,0.18369,-0.03538527,-0.7353082,1.347932,-9.863011
IMU,382546728.0,0,-0.0606031,0.2208568,0.09024753,-0.2155218,-1.001365,-9.488935
IMU,382587412.0,0,-0.01909387,0.1123325,-0.161892,-0.4006625,0.3265331,-10.71818
IMU,382630725.0,0,-0.05738311,0.1804932,-0.1033913,0.5036362,-0.7436351,-10.06048
IMU,382670755.0,0,-0.06891502,0.08279952,-0.1034775,-0.9630221,0.7726887,-10.37439
IMU,382712271.0,0,-0.06083843,0.269082,-0.04835878,-0.4819102,-0.2684753,-9.891991
IMU,382754100.0,0,-0.1396341,0.210672,-0.06172126,-1.353131,0.7920314,-9.730045
IMU,382795235.0,0,0.06264153,0.342116,0.03587322,-0.5800098,0.04888602,-9.872157
IMU,382835118.0,0,0.4923459,0.364753,-0.05641628,-1.259771,0.3888156,-1.438093
IMU,382875711.0,0,0.4395947,0.3483654,-0.2473742,-0.5822831,-0.4795682,-0.509394
IMU,382916125.0,0,0.6077881,0.4854535,-0.3408954,-0.02115279,0.06562887,-0.7212528
IMU,382956690.0,0,0.6252556,0.5381221,-0.3716663,-0.220368,-0.0934072,-0.7573289
IMU,382997508.0,0,0.6504599,0.5367749,-0.4034733,-0.08263754,0.005426161,-0.5332941
IMU,383037196.0,0,0.6660929,0.5436776,-0.4167758,-0.1013504,-0.06281053,-0.5319164
IMU,383077484.0,0,0.6865631,0.5335943,-0.4283553,-0.05064082,0.01055704,-0.607837
IMU,383117007.0,0,0.6917955,0.5107857,-0.4361984,-0.07460097,-0.03569354,-0.7190342
IMU,383158416.0,0,0.691503,0.5187655,-0.4397419,-0.0401886,-0.09634961,-0.6886388
IMU,383197990.0,0,0.7122896,0.5041811,-0.4439576,-0.02792693,-0.06366828,-0.7449141
IMU,383238117.0,0,0.7348912,0.4922791,-0.4483128,-0.01628164,-0.08735946,-0.8041272
IMU,383278053.0,0,0.73559,0.4823902,-0.451102,0.0131075,-0.1166004,-0.8843107
IMU,383318444.0,0,0.7257179,0.4709835,-0.464097,0.01774469,-0.1152414,-0.9365774
IMU,383359107.0,0,0.7013174,0.4514674,-0.4755808,0.03922783,-0.1355827,-1.005365
IMU,383399828.0,0,0.6514987,0.4259789,-0.4863819,0.05615646,-0.1723261,-1.126917
IMU,383439824.0,0,0.5984493,0.3899505,-0.4933895,0.07408865,-0.2139338,-1.199317
IMU,383480120.0,0,0.5376237,0.356506,-0.5026962,0.09825234,-0.2344085,-1.259027
IMU,383520730.0,0,0.4636945,0.3180691,-0.5094313,0.1298475,-0.2693984,-1.349588
IMU,383561016.0,0,0.3865857,0.2753835,-0.5198563,0.1599217,-0.2773695,-1.460217
IMU,383600338.0,0,0.3186713,0.2237246,-0.536976,0.1809409,-0.2986109,-1.56333
IMU,383640526.0,0,0.2543132,0.1638549,-0.5592715,0.1875155,-0.2675916,-1.703611
IMU,383680690.0,0,0.1997857,0.09009484,-0.5850845,0.2405136,-0.2853426,-1.846292
IMU,383721101.0,0,0.1404779,0.01272053,-0.6060188,0.2779128,-0.3246407,-1.914265
IMU,383761529.0,0,0.09623089,-0.09181741,-0.6235796,0.3014318,-0.3465332,-1.955871
IMU,383801976.0,0,0.05332125,-0.07598186,-0.6780242,0.1263423,-0.5204965,-3.401228
IMU,383842027.0,0,0.1060837,0.202554,-0.7013916,2.021972,-0.3801304,-6.787114
IMU,383881701.0,0,-0.4911884,-0.8248994,-0.4243608,2.938908,-2.74334,-11.19306
IMU,383922612.0,0,-3.859203,-1.920196,-1.266725,28.10112,-12.11791,-41.0178
IMU,383962693.0,0,4.232193,-7.087971,1.969072,-4.660821,-10.38156,-45.4702
IMU,384003669.0,0,1.009763,-3.607181,1.089004,-5.711825,-1.48577,0.9188456
IMU,384043612.0,0,0.9064018,-2.90215,0.8837005,-3.329635,0.0964133,1.198772
IMU,384083015.0,0,0.5876098,-2.369689,0.6236265,-0.6260062,-0.4456481,0.3180901
IMU,384123835.0,0,0.353253,-1.507103,0.4678802,-0.18095,-0.04804021,-2.057765
IMU,384164488.0,0,-0.1205946,0.06261287,0.2036542,-0.8342537,-0.7261907,-3.970422
IMU,384204300.0,0,-0.6228568,1.837992,0.07590507,-2.254365,-0.5309474,-4.453228
IMU,384244466.0,0,-0.9416711,3.234837,0.1188761,-2.624857,-0.334567,-5.419234
IMU,384284246.0,0,-0.9649141,4.393775,0.03668384,-2.589299,0.04922665,-8.270109
IMU,384325107.0,0,-0.9427234,4.141043,-0.5801492,2.010061,1.264363,-12.79971
IMU,384364713.0,0,-1.391154,2.286645,-0.8318878,5.267629,2.049721,-18.2957
IMU,384404418.0,0,-0.5869277,0.2016201,-0.2484113,4.855645,3.578826,-16.22998
IMU,384444427.0,0,0.5269778,-0.2360689,-0.06690898,3.253363,0.8158341,-7.970187
IMU,384484251.0,0,0.4553553,-0.5424738,-0.1937976,2.254491,-0.2459778,-7.71907
IMU,384525199.0,0,0.2352154,-0.3677163,0.002855805,1.438749,0.03680759,-9.558147
IMU,384564849.0,0,-0.03805427,0.01310871,0.01139225,0.7997637,0.4918253,-10.57843
IMU,384604246.0,0,-0.09672874,0.1296264,-0.01212384,2.057718,0.4933264,-9.351303
IMU,384644264.0,0,-0.0414857,0.04732302,0.03015635,2.282936,0.9580452,-9.647202
IMU,384684261.0,0,0.0008504992,-0.01195559,-0.0003317191,1.899577,0.7888908,-9.853877
IMU,384725258.0,0,-0.003232618,0.002207538,-0.003667086,1.94755,0.6383821,-9.617414
IMU,384764655.0,0,0.001569316,-0.001732908,-0.002495894,1.960612,0.7655889,-9.70758
IMU,384804239.0,0,0.0004096663,-0.001019378,-0.002957583,1.948691,0.6807203,-9.634007
IMU,384844776.0,0,0.001077588,0.001019644,0.004730543,1.904064,0.7079193,-9.688196
IMU,384884485.0,0,0.0008189311,0.0004475408,-0.001361019,1.963285,0.7558879,-9.700004
IMU,384925200.0,0,0.00131218,-0.0002401291,0.0003623318,1.919886,0.7096384,-9.690558
IMU,384964720.0,0,-0.001047488,-0.001100682,-0.0005934539,1.948236,0.7389202,-9.683092
IMU,385004492.0,0,0.002358362,3.749747e-05,0.0006592515,1.943464,0.727549,-9.685395
IMU,385044458.0,0,0.0008398273,-0.0005418651,0.001519646,1.924933,0.7062431,-9.689946
IMU,385084296.0,0,0.0001682283,0.0004471071,0.001587606,1.948091,0.7392882,-9.690149
IMU,385125266.0,0,0.0005416815,-0.0004066256,0.0002057938,1.952405,0.7259494,-9.686497
IMU,385164713.0,0,0.0009161755,0.001124832,0.002828535,1.931307,0.7059793,-9.678829
IMU,385204301.0,0,-0.0007652197,8.723046e-05,0.0003401158,1.965465,0.7249913,-9.702952
IMU,385244670.0,0,0.001551134,-0.001397092,0.0008180538,1.942766,0.7147897,-9.673128
IMU,385285446.0,0,0.0003808061,-0.0008273346,-0.0004616547,1.937384,0.7108925,-9.696349
IMU,385325675.0,0,-0.001456963,-0.00130197,0.0009520559,1.946394,0.7160454,-9.701099
IMU,385364923.0,0,0.0001619289,-0.001449265,0.001923588,1.936508,0.7198517,-9.669418
IMU,385405008.0,0,0.001691222,0.001324354,-0.0006122704,1.941326,0.7278348,-9.679987
IMU,385445346.0,0,0.0001967254,-0.000907843,0.0005637569,1.941752,0.7126138,-9.688028
IMU,385484972.0,0,0.000515378,-0.0008735394,5.485507e-05,1.946107,0.7162626,-9.672922
IMU,385524897.0,0,0.001325456,-0.001043207,0.001963827,1.95161,0.7147934,-9.692961
IMU,385565796.0,0,-1.213154e-05,-0.0003522191,0.001084785,1.951126,0.7307164,-9.696247
IMU,385606504.0,0,-0.0001229895,-0.0004211462,0.000698586,1.950366,0.7169188,-9.696162
IMU,385646080.0,0,0.0007434586,-0.0002378268,-0.0007161891,1.938522,0.7127833,-9.684731
IMU,385686065.0,0,0.001031606,-0.001198576,0.0004705111,1.95158,0.7304882,-9.687097
IMU,385726866.0,0,0.0008250183,-0.0004273849,4.456309e-05,1.939783,0.7185575,-9.671
IMU,385767069.0,0,0.0006600633,-0.0002380153,0.001117893,1.943212,0.7336228,-9.68737
IMU,385806883.0,0,0.0009206087,-0.0009528368,0.001596571,1.953701,0.7246571,-9.687264
IMU,385847206.0,0,0.0003675581,0.0005124704,-0.0001624048,1.940331,0.7198101,-9.683597
IMU,385887064.0,0,0.001076959,-0.0005493744,0.0008961217,1.93424,0.7229201,-9.668785
IMU,385927048.0,0,0.0004214931,-0.001227343,0.0008695508,1.926118,0.7129549,-9.674237
IMU,385968024.0,0,0.0003558186,0.0004424903,0.0007514669,1.942091,0.7250934,-9.708959
IMU,382044252.0,1,0.1649463,0.2230809,0.004331701,0.2095173,-0.8574548,-10.54656
IMU,382088652.0,1,0.03457713,0.2389526,-0.03968779,-1.353588,0.8260505,-10.20494
IMU,382128196.0,1,0.09592028,0.154765,0.03087995,0.1025262,-0.4837151,-10.43418
IMU,382169740.0,1,-0.05836982,0.06291313,-0.07448069,-0.2035195,1.781937,-9.575173
IMU,382213000.0,1,-0.005315693,0.1260226,0.006212496,0.2137987,0.5349287,-10.15708
IMU,382253665.0,1,-0.1072358,0.1360146,-0.0323303,-1.174965,0.9242909,-9.835535
IMU,382296832.0,1,-0.02525876,0.1369989,0.0008445954,-0.1598185,-0.2514046,-10.58665
IMU,382336620.0,1,0.003153939,0.03036813,0.01134044,-1.393049,0.651221,-9.108927
IMU,382376657.0,1,0.05798728,0.08982264,0.07469851,-0.1651268,0.445136,-11.36141
IMU,382422680.0,1,-0.03898203,0.08313534,-0.05590849,-1.141215,1.725575,-10.25503
IMU,382462234.0,1,0.04268987,0.1575823,0.04396946,0.7488176,0.03971853,-10.02933
IMU,382507006.0,1,-0.09494352,0.1741012,-0.02881001,-0.9058506,1.626666,-9.443857
IMU,382546728.0,1,-0.02440718,0.1950394,0.03864263,0.3061763,-0.4811796,-9.665294
IMU,382587412.0,1,-0.03913245,0.07219782,-0.1091134,-1.131395,0.5317887,-9.919535
IMU,382630725.0,1,-0.03588695,0.1840049,-0.02091498,0.9029968,-0.2978508,-10.52014
IMU,382670755.0,1,-0.09469911,0.0772718,-0.1358716,-1.293641,0.9608495,-10.00333
IMU,382712271.0,1,-0.03503572,0.2153127,-0.02395532,0.4107826,-0.0398584,-10.89718
IMU,382754100.0,1,-0.1328871,0.181049,-0.1170829,-1.65633,1.342461,-8.5317
IMU,382795235.0,1,0.06133658,0.27266,0.03472671,-0.244386,0.4019014,-10.29542
IMU,382835118.0,1,0.4309029,0.3201642,-0.0679043,-0.8971958,-0.922479,-1.322903
IMU,382875711.0,1,0.4160033,0.3177884,-0.2068189,-0.5971621,0.4575745,-0.07132418
IMU,382916125.0,1,0.5565471,0.4332829,-0.2874646,-0.03467739,0.4555895,-0.6806291
IMU,382956690.0,1,0.579276,0.4833844,-0.314721,-0.0885883,0.229192,-0.7819349
IMU,382997508.0,1,0.5986228,0.48704,-0.3463044,0.01609258,0.4274219,-0.3868074
IMU,383037196.0,1,0.6158959,0.4982162,-0.3562903,-0.09273576,0.3641331,-0.3792331
IMU,383077484.0,1,0.6376758,0.4875346,-0.3651354,-0.005365649,0.375502,-0.4143305
IMU,383117007.0,1,0.6390669,0.4608727,-0.3746372,-0.07548459,0.4229423,-0.4233243
IMU,383158416.0,1,0.6421345,0.4597719,-0.3803279,-0.03427363,0.3494736,-0.640348
IMU,383197990.0,1,0.6634457,0.4539621,-0.3798586,-0.03144871,0.2864451,-0.6577752
IMU,383238117.0,1,0.6805944,0.4362637,-0.3827278,0.007473766,0.2972988,-0.548773
IMU,383278053.0,1,0.6808521,0.4303254,-0.3871489,-0.02264073,0.3270348,-0.7448646
IMU,383318444.0,1,0.6693449,0.4231126,-0.3986647,-0.006760569,0.1673938,-0.6537223
IMU,383359107.0,1,0.648819,0.3986569,-0.4095233,0.07027575,0.3112868,-0.8807997
IMU,383399828.0,1,0.5953674,0.3769232,-0.4252566,0.0710782,0.2094884,-1.051185
IMU,383439824.0,1,0.5467963,0.347283,-0.4282469,0.07346547,0.191485,-1.151055
IMU,383480120.0,1,0.4869036,0.3111201,-0.4406199,0.1164881,0.1811579,-1.050003
IMU,383520730.0,1,0.4135282,0.2727857,-0.4530294,0.1549241,0.2232008,-1.241953
IMU,383561016.0,1,0.340347,0.2370695,-0.4623877,0.2055234,0.1834714,-1.258209
IMU,383600338.0,1,0.2704453,0.2012674,-0.4862616,0.2068137,0.1646532,-1.472161
IMU,383640526.0,1,0.2047991,0.1482406,-0.5053031,0.1857449,0.2318078,-1.625728
IMU,383680690.0,1,0.1431295,0.0825697,-0.5314109,0.2595513,0.127776,-1.686005
IMU,383721101.0,1,0.08150861,0.01473479,-0.5567144,0.2793213,0.117765,-1.724618
IMU,383761529.0,1,0.04295935,-0.08905414,-0.5741897,0.2983779,0.1792749,-1.87611
IMU,383801976.0,1,-0.003140196,-0.111874,-0.6131487,0.2595972,-0.1528326,-3.065612
IMU,383842027.0,1,0.0005669956,0.1812978,-0.6527385,2.025235,-0.7062101,-6.359817
IMU,383881701.0,1,-0.5163837,-0.6911241,-0.3548658,3.331156,-2.372061,-11.24241
IMU,383922612.0,1,-3.840353,-1.562444,-1.094235,29.34192,-12.19558,-41.47482
IMU,383962693.0,1,3.065756,-8.51159,1.344556,-17.94895,-21.47803,-65.72687
IMU,384003669.0,1,0.9906904,-3.540001,1.016453,-5.836889,-0.905067,2.008739
IMU,384043612.0,1,0.8950182,-2.834293,0.8473409,-3.08088,0.7103835,1.113043
IMU,384083015.0,1,0.5593286,-2.315598,0.5772794,-0.6406647,-0.04699088,0.362249
IMU,384123835.0,1,0.3299395,-1.522151,0.4281943,-0.09254473,0.3963566,-2.031056
IMU,384164488.0,1,-0.09919258,-0.01392642,0.1748955,-0.7430345,-0.2748823,-3.681622
IMU,384204300.0,1,-0.5819593,1.692911,0.06821129,-2.183331,-0.1658426,-4.297079
IMU,384244466.0,1,-0.8914095,3.085808,0.09725982,-2.579704,0.1192778,-5.231368
IMU,384284246.0,1,-0.9172122,4.215044,0.04500875,-2.34438,0.4767841,-8.073175
IMU,384325107.0,1,-0.9117036,4.034911,-0.5124813,2.456366,1.718972,-12.94522
IMU,384364713.0,1,-1.385209,2.293141,-0.8139959,5.273804,2.198779,-18.73266
IMU,384404418.0,1,-0.6432696,0.2223527,-0.2724448,4.627229,3.804741,-15.43581
IMU,384444427.0,1,0.4728877,-0.2250474,-0.03148828,3.334534,1.112013,-7.909546
IMU,384484251.0,1,0.4129494,-0.5182003,-0.1633982,2.298972,0.09605871,-7.566361
IMU,384525199.0,1,0.2067178,-0.3646282,0.01240005,1.396028,0.3902325,-9.560697
IMU,384564849.0,1,-0.03303054,0.0008287172,0.01940971,0.7938846,0.8606186,-10.43302
IMU,384604246.0,1,-0.1004082,0.130941,-0.01124812,2.135636,0.7682374,-9.269617
IMU,384644264.0,1,-0.04490849,0.05501881,0.0305112,2.309999,1.304507,-9.544868
IMU,384684261.0,1,-0.001708722,-0.01160769,0.003986984,1.844015,1.049548,-9.804225
IMU,384725258.0,1,-0.002545382,-0.003531708,-0.003018235,1.910257,0.9343457,-9.417707
IMU,384764655.0,1,0.0002512575,-0.003182032,0.002147977,2.085402,1.033943,-9.600426
IMU,384804239.0,1,-0.000208229,0.00155494,-0.0003667357,2.006069,0.9199716,-9.544007
IMU,384844776.0,1,-0.0004531051,-0.002674052,0.006268701,2.008888,0.9768512,-9.562867
IMU,384884485.0,1,-0.002402714,0.001951537,-0.0007505805,1.991583,0.9803615,-9.656209
IMU,384925200.0,1,0.0004188557,0.005283119,0.00207405,1.991734,0.9988077,-9.486613
IMU,384964720.0,1,-0.001092822,-0.001634589,-0.001030966,1.945624,1.037867,-9.621242
IMU,385004492.0,1,0.0007236823,0.002806307,-0.003050097,2.071353,1.078618,-9.576563
IMU,385044458.0,1,-0.0009832656,-0.0008274907,0.001834461,1.937431,1.007665,-9.57749
IMU,385084296.0,1,-0.0007740762,0.006721986,0.002988229,1.880602,1.115346,-9.572095
IMU,385125266.0,1,0.0008207731,0.001240805,-0.0007435012,1.950217,1.00428,-9.407015
IMU,385164713.0,1,-0.001850396,0.005385765,0.003650344,1.942449,1.018399,-9.637814
IMU,385204301.0,1,0.0003266557,0.001525071,0.002743135,2.023825,1.074651,-9.548996
IMU,385244670.0,1,-0.001761414,0.006091296,0.001156807,1.979707,1.004544,-9.575047
IMU,385285446.0,1,0.0008410414,0.001888351,0.002060653,1.959434,1.079543,-9.599544
IMU,385325675.0,1,-0.002906512,0.004587959,0.001539086,1.918547,1.029763,-9.554221
IMU,385364923.0,1,0.0003984154,-0.0001248584,0.002525146,1.97309,1.045095,-9.500623
IMU,385405008.0,1,-0.001888157,-0.004266178,0.0009486432,1.994233,0.9790812,-9.748812
IMU,385445346.0,1,-0.0005979285,-0.003953978,0.0006739524,1.986513,1.090898,-9.626947
IMU,385484972.0,1,0.001142541,-0.0004689616,0.003394303,1.951331,1.048836,-9.574902
IMU,385524897.0,1,-0.001681296,-0.001048952,0.0007088221,2.020466,1.037716,-9.49518
IMU,385565796.0,1,-5.802359e-05,0.00594846,0.001528777,1.98945,0.9775776,-9.554646
IMU,385606504.0,1,0.0003504996,0.002144491,0.003273906,1.943565,1.08824,-9.544163
IMU,385646080.0,1,-6.333616e-05,-0.00327487,0.003214368,1.986188,1.112054,-9.716948
IMU,385686065.0,1,-0.0009913786,0.006780533,0.001228165,1.938538,1.044835,-9.577814
IMU,385726866.0,1,-0.001655303,0.0005258972,0.002329159,1.909811,1.027546,-9.553523
IMU,385767069.0,1,0.000434042,-0.007635918,0.0005817267,1.953414,1.047067,-9.655287
IMU,385806883.0,1,-0.0003633795,-0.006591531,-0.0006279986,2.024054,1.076869,-9.618484
IMU,385847206.0,1,0.0001959009,0.001918905,0.001078372,1.981483,0.9606726,-9.579872
IMU,385887064.0,1,0.001457267,0.0004858291,0.001940164,2.032123,1.079886,-9.566642
IMU,385927048.0,1,-0.001723519,0.004098621,0.004678553,1.993066,1.077455,-9.558294
IMU,385968024.0,1,-0.001259336,0.006008148,0.001367115,1.938639,1.05766,-9.623639
IMU,382044252.0,2,0.1095395,0.2337945,0.00270246,-0.2496099,-0.7610868,-9.725197
IMU,382088652.0,2,0.03514711,0.2207278,0.005443439,-0.8546992,-0.166757,-9.577414
IMU,382128196.0,2,-0.000809253,0.1503119,-0.03709709,-0.2053769,-0.4267672,-10.55921
IMU,382169740.0,2,0.05706214,0.1520671,0.01793041,-0.8221586,-0.4545637,-10.34204
IMU,382213000.0,2,-0.007755076,0.06361484,-0.0258077,-0.1503565,1.910496,-10.04878
IMU,382253665.0,2,-0.0668415,0.1878988,0.02806955,-1.26079,-0.07677808,-9.143268
IMU,382296832.0,2,-0.005613055,0.08277537,-0.01261023,-0.667673,0.2070269,-9.139544
IMU,382336620.0,2,0.05382054,0.1106401,0.02995711,-0.415295,-0.2121937,-10.94446
IMU,382376657.0,2,0.04644562,0.06039605,-0.013862,-0.5656434,0.4380321,-9.305896
IMU,382422680.0,2,-0.005672,0.09432261,-0.02939359,-1.107458,0.624855,-10.10243
IMU,382462234.0,2,0.07468458,0.1280864,0.04272593,-0.6727119,-0.7519339,-8.23548
IMU,382507006.0,2,0.03505373,0.1417382,0.002705805,-1.159519,0.1452114,-8.057915
IMU,382546728.0,2,-0.03761579,0.1588048,0.02813118,-0.3138747,-0.8961056,-10.05109
IMU,382587412.0,2,-0.03887919,0.1459098,-0.002398296,-1.710744,1.069824,-8.656747
IMU,382630725.0,2,-0.06087596,0.1035444,-0.06370433,-0.1782539,-0.1367525,-9.623009
IMU,382670755.0,2,-0.004915841,0.1655234,-0.02781201,-0.8042713,0.3858694,-10.14488
IMU,382712271.0,2,-0.08409031,0.1699331,-0.123786,-0.496791,0.2595033,-10.8161
IMU,382754100.0,2,-0.0501995,0.2335128,-0.05852516,-1.332614,0.02207722,-9.806594
IMU,382795235.0,2,0.03539384,0.196154,-0.04373635,-0.6512532,1.315587,-7.785402
IMU,382835118.0,2,0.4059311,0.269712,-0.1190719,-0.5616414,-1.364972,-1.313673
IMU,382875711.0,2,0.467998,0.3743424,-0.247328,-0.4045904,0.2254996,-0.4291586
IMU,382916125.0,2,0.6045331,0.4689044,-0.3394042,-0.09070119,0.06425436,-0.5717619
IMU,382956690.0,2,0.6282908,0.5236825,-0.3715347,-0.1792751,0.01838887,-0.4866978
IMU,382997508.0,2,0.6577981,0.5228493,-0.4015256,-0.0812507,0.02819099,-0.2948673
IMU,383037196.0,2,0.6739376,0.528787,-0.4151574,-0.1276854,0.01085515,-0.3272959
IMU,383077484.0,2,0.6913794,0.5185554,-0.4263195,-0.09269662,0.04560377,-0.3957739
IMU,383117007.0,2,0.6975201,0.4944223,-0.4352308,-0.1009916,-0.002290389,-0.4825154
IMU,383158416.0,2,0.6960336,0.5013301,-0.4388978,-0.08186988,-0.03329484,-0.5064297
IMU,383197990.0,2,0.7174768,0.4868817,-0.4432295,-0.05314984,-0.02174901,-0.5442018
IMU,383238117.0,2,0.7394093,0.4761261,-0.4481761,-0.04831365,-0.02998005,-0.6197855
IMU,383278053.0,2,0.7389076,0.4644726,-0.4501409,-0.02340057,-0.0571327,-0.7099148
IMU,383318444.0,2,0.727498,0.4528795,-0.4631465,0.007774474,-0.07178942,-0.7602454
IMU,383359107.0,2,0.7047646,0.432519,-0.4756622,0.01367569,-0.09718574,-0.86631
IMU,383399828.0,2,0.6537437,0.4096101,-0.4846457,0.01281216,-0.1245711,-0.9382949
IMU,383439824.0,2,0.6020423,0.3763502,-0.4924605,0.03822965,-0.1461432,-1.024587
IMU,383480120.0,2,0.5394319,0.3433191,-0.50194,0.03586043,-0.1856218,-1.075607
IMU,383520730.0,2,0.4661963,0.3056836,-0.5082831,0.08008186,-0.2127923,-1.165679
IMU,383561016.0,2,0.3899627,0.2645552,-0.5188082,0.1183376,-0.2361853,-1.257921
IMU,383600338.0,2,0.3203653,0.2125316,-0.536091,0.1343452,-0.233061,-1.383779
IMU,383640526.0,2,0.2563991,0.1552835,-0.558336,0.1383335,-0.2341262,-1.497928
IMU,383680690.0,2,0.1978349,0.08092429,-0.5839717,0.200716,-0.2569969,-1.639731
IMU,383721101.0,2,0.135839,0.003846595,-0.6052874,0.2061448,-0.2993017,-1.732396
IMU,383761529.0,2,0.09025504,-0.09715267,-0.6202813,0.23615,-0.3330421,-1.726364
IMU,383801976.0,2,0.0341027,-0.0926315,-0.6666358,0.3355473,-0.9022316,-2.908406
IMU,383842027.0,2,0.0979339,0.1927585,-0.6978483,1.668067,-1.917233,-5.760173
IMU,383881701.0,2,-0.422233,-0.6503129,-0.246456,3.256248,-3.498786,-10.19679
IMU,383922612.0,2,-3.980172,-1.762062,-1.021121,27.25764,-16.37944,-39.64062
IMU,383962693.0,2,2.614134,-8.845878,0.6614251,-22.29908,-9.117436,-53.55902
IMU,384003669.0,2,1.178037,-3.622948,1.199806,-5.63641,-3.708204,0.1316691
IMU,384043612.0,2,0.8564477,-2.931102,0.866047,-3.112149,-0.1979817,0.2099563
IMU,384083015.0,2,0.5275519,-2.401693,0.6123174,-0.7866359,-0.1678293,0.01927768
IMU,384123835.0,2,0.3016755,-1.508301,0.4583398,0.1162618,0.02292605,-2.236382
IMU,384164488.0,2,-0.1226216,0.1020867,0.1971135,-0.4649986,-0.6105799,-4.404563
IMU,384204300.0,2,-0.5761657,1.863861,0.08737715,-2.016078,-0.4613048,-4.821044
IMU,384244466.0,2,-0.8586308,3.287666,0.1353926,-2.572781,-0.2390388,-5.677881
IMU,384284246.0,2,-0.8581194,4.452322,0.05279209,-2.730382,-0.04603599,-8.469396
IMU,384325107.0,2,-0.8512098,4.146012,-0.5759724,1.820394,0.882619,-12.62425
IMU,384364713.0,2,-1.337122,2.324851,-0.8118759,4.454172,1.768919,-17.68289
IMU,384404418.0,2,-0.5377805,0.2249496,-0.2359509,4.378039,3.111738,-15.13987
IMU,384444427.0,2,0.5148138,-0.2582779,-0.07765528,3.183523,0.5955371,-7.540709
IMU,384484251.0,2,0.4327751,-0.5566239,-0.1938026,2.121086,-0.2994094,-7.548721
IMU,384525199.0,2,0.2225239,-0.3705394,0.001506391,1.383788,0.03243373,-9.550817
IMU,384564849.0,2,-0.03666755,0.01722903,0.01014373,0.8407369,0.3943278,-10.49931
IMU,384604246.0,2,-0.09146462,0.1308635,-0.01358506,1.970789,0.395721,-9.163292
IMU,384644264.0,2,-0.04076116,0.04945106,0.02701247,2.217181,0.8125823,-9.397458
IMU,384684261.0,2,0.001595407,-0.01149239,-0.002076402,1.84234,0.6633535,-9.649292
IMU,384725258.0,2,-0.003278219,0.002426637,-0.003771046,1.880341,0.5270917,-9.441482
IMU,384764655.0,2,0.0001964044,-0.00127041,-0.00383891,1.897062,0.6276562,-9.51037
IMU,384804239.0,2,-0.0006338172,-0.001279761,-0.002817683,1.870791,0.5602305,-9.445372
IMU,384844776.0,2,0.001532022,0.001984787,0.004301136,1.864515,0.5996211,-9.479808
IMU,384884485.0,2,0.0002759099,0.0007246725,-0.001348078,1.902226,0.6070629,-9.505455
IMU,384925200.0,2,0.001417845,0.0003844346,-0.001879363,1.876974,0.5811966,-9.515814
IMU,384964720.0,2,-0.001468688,0.0005259328,-0.002375877,1.874242,0.6061473,-9.483473
IMU,385004492.0,2,0.001646996,-0.000576051,-0.001112137,1.895996,0.6112669,-9.48712
IMU,385044458.0,2,0.0005471341,0.0004682258,-0.0007859551,1.861223,0.5808038,-9.502812
IMU,385084296.0,2,7.463051e-06,0.0008447298,8.500965e-06,1.874879,0.612377,-9.512547
IMU,385125266.0,2,0.0002522071,-0.002552344,-0.002098714,1.888762,0.6106378,-9.502177
IMU,385164713.0,2,4.403372e-05,0.0003584932,-5.114389e-05,1.865826,0.5790439,-9.510394
IMU,385204301.0,2,-0.001205605,0.0007744245,-0.001129799,1.897978,0.617295,-9.485276
IMU,385244670.0,2,0.001207865,-0.001741713,-0.002318232,1.873568,0.5828722,-9.492467
IMU,385285446.0,2,-0.001126324,0.001016595,-0.001505502,1.882077,0.6091359,-9.523355
IMU,385325675.0,2,-0.001737934,-0.0009472586,-0.0003475561,1.87612,0.5980185,-9.50043
IMU,385364923.0,2,6.599556e-05,-0.0002594364,-0.00117348,1.883863,0.595878,-9.491938
IMU,385405008.0,2,-0.0003283813,0.001152436,-0.002127502,1.893991,0.6136816,-9.496294
IMU,385445346.0,2,0.0005519171,0.0008098193,-0.0008994894,1.889413,0.5786489,-9.495759
IMU,385484972.0,2,0.0003275198,-0.0002510943,-0.001524653,1.874171,0.6046745,-9.498814
IMU,385524897.0,2,0.0007535634,5.817492e-05,9.78831e-05,1.897372,0.6007821,-9.499649
IMU,385565796.0,2,0.0004511813,-0.0002338856,-0.0004463167,1.878381,0.5988057,-9.491804
IMU,385606504.0,2,-0.0003794591,-0.0002081313,-0.001173495,1.87489,0.6054535,-9.48105
IMU,385646080.0,2,0.0008588565,-0.000193852,-0.002045778,1.87964,0.6008001,-9.473799
IMU,385686065.0,2,-0.0002698918,0.001387675,-0.0004499967,1.876626,0.5922629,-9.504554
IMU,385726866.0,2,-0.0001995861,0.0004399427,0.0002166008,1.888241,0.5934191,-9.484768
IMU,385767069.0,2,0.0009110652,0.001920509,-0.0004509266,1.873051,0.5951384,-9.497531
IMU,385806883.0,2,0.0006015309,0.0006495852,-0.001912954,1.892364,0.5971021,-9.493534
IMU,385847206.0,2,0.0004838295,-0.0002586503,0.0003134782,1.87353,0.6045163,-9.490384
IMU,385887064.0,2,-0.0002859184,-0.0004064286,-0.00283006,1.876378,0.602791,-9.503027
IMU,385927048.0,2,-0.001166895,-0.001342816,-0.00096271,1.883139,0.5964651,-9.484469
IMU,385968024.0,2,0.0007935094,0.0007674284,0.0001953038,1.883855,0.5994943,-9.493988
