ARM,1440761874.0,0.0
AHR2,1440099247.0,-1.46,-2.9,96.19,471.67,43.2382565,-7.6819275
AHR2,1440204606.0,-2.11,-2.6,96.07,471.78,43.2382562,-7.6819232
AHR2,1440308244.0,-1.64,-1.96,96.23,471.9,43.2382558,-7.6819184
AHR2,1440411605.0,-1.67,-1.25,96.36,471.87,43.2382553,-7.6819138
AHR2,1440517031.0,-2.04,-0.43,96.64,471.61,43.238255,-7.6819107
AHR2,1440622075.0,-2.02,0.0,96.74,471.68,43.2382542,-7.6819053
AHR2,1440726089.0,-1.54,1.01,96.95,471.59,43.2382537,-7.6819009
AHR2,1440831061.0,-1.43,2.29,97.2,471.69,43.2382536,-7.6818967
AHR2,1440931012.0,0.85,5.56,96.59,470.81,43.2382533,-7.6818927
AHR2,1441032052.0,3.11,9.02,95.55,470.79,43.2382528,-7.6818891
AHR2,1441132025.0,5.34,12.43,94.47,470.6,43.2382524,-7.6818852
AHR2,1441233235.0,7.76,16.06,93.47,470.39,43.2382517,-7.6818815
AHR2,1441333052.0,9.97,19.77,92.6,470.27,43.2382512,-7.6818777
AHR2,1441433075.0,11.55,23.18,91.57,470.07,43.2382509,-7.6818758
AHR2,1441534610.0,12.33,25.95,90.24,469.69,43.2382505,-7.681872
AHR2,1441635475.0,11.88,27.69,88.57,469.02,43.2382494,-7.6818673
AHR2,1441735432.0,10.15,27.94,86.4,468.74,43.2382489,-7.6818638
AHR2,1441836666.0,8.61,26.55,83.6,468.35,43.2382484,-7.681861
AHR2,1441936483.0,6.58,-2.61,80.66,467.53,43.2382478,-7.6818577
AHR2,1442037994.0,-6.84,-13.32,81.72,463.66,43.2382472,-7.6818558
AHR2,1442138467.0,-18.27,-13.37,80.64,464.7,43.2382467,-7.6818529
AHR2,1442238461.0,-12.14,-13.62,79.76,464.97,43.2382392,-7.6818541
AHR2,1442338436.0,-0.65,-11.01,78.62,464.97,43.238236,-7.6818528
AHR2,1442438269.0,-2.11,-11.41,79.09,464.86,43.2382361,-7.6818548
AHR2,1442538400.0,-3.07,-11.57,79.37,464.8,43.2382338,-7.6818547
AHR2,1442639818.0,-2.68,-11.31,79.34,464.92,43.2382368,-7.6818548
AHR2,1442740106.0,-2.89,-11.19,79.51,465.08,43.2382366,-7.6818548
AHR2,1442840483.0,-3.02,-11.09,79.64,464.92,43.2382366,-7.6818548
AHR2,1442941108.0,-3.05,-10.99,79.76,464.83,43.2382364,-7.6818546
AHR2,1443041634.0,-3.11,-10.9,79.88,464.9,43.238237,-7.6818548
AHR2,1443142073.0,-3.19,-10.81,80.0,464.8,43.2382369,-7.6818548
AHR2,1443242688.0,-3.25,-10.72,80.11,465.06,43.2382375,-7.6818549
AHR2,1443342684.0,-3.32,-10.63,80.23,464.87,43.2382375,-7.6818549
AHR2,1443442707.0,-3.38,-10.54,80.33,465.03,43.2382382,-7.6818549
AHR2,1443542672.0,-3.44,-10.46,80.45,464.86,43.2382381,-7.681855
AHR2,1443642992.0,-3.51,-10.37,80.56,464.93,43.2382386,-7.6818551
AHR2,1443743060.0,-3.57,-10.3,80.67,464.71,43.2382386,-7.6818551
AHR2,1443844204.0,-3.63,-10.22,80.78,464.94,43.2382388,-7.6818551
AHR2,1443944662.0,-3.69,-10.14,80.89,464.8,43.2382388,-7.6818551
ATT,1440098677.0,-1.772703,-1.411138,-3.769604,-3.51332,98.73013,100.1109
ATT,1440203880.0,-1.925127,-2.13272,-3.166664,-3.209889,98.72503,99.81065
ATT,1440307666.0,-1.989646,-1.636657,-2.520509,-2.570725,98.71556,99.78548
ATT,1440411017.0,-2.016919,-1.637679,-1.846855,-1.858952,98.70428,99.71385
ATT,1440516420.0,-2.021462,-2.023896,-1.149441,-1.045059,98.69209,99.80809
ATT,1440621498.0,-1.970468,-2.038431,-0.4322552,-0.6147762,98.67924,99.69154
ATT,1440725418.0,-2.061097,-1.596942,0.4631799,0.3498624,98.66343,99.66206
ATT,1440830465.0,-1.437469,-1.523891,0.5615765,1.647632,99.77309,99.75039
ATT,1440930466.0,-0.7314788,0.7662895,0.2857666,5.001325,99.13677,99.14825
ATT,1441031293.0,-0.3709873,3.121293,0.1449323,8.680151,98.06047,98.10752
ATT,1441131436.0,-0.1894042,5.557258,0.07399343,12.48459,96.97607,97.06078
ATT,1441232705.0,-0.09597968,8.11901,0.03749623,16.5573,95.96395,96.08979
ATT,1441332491.0,-0.04902241,10.38373,0.01915129,20.7522,95.07413,95.23875
ATT,1441432451.0,-0.02502793,12.01301,0.009777679,24.6589,94.04649,94.2421
ATT,1441533979.0,-0.01268502,12.84718,0.004955658,27.86531,92.69724,92.91206
ATT,1441634879.0,-0.006420204,12.41636,0.00250891,30.06473,90.97697,91.18917
ATT,1441734731.0,-0.003277616,10.63722,0.001281187,30.79178,88.70953,88.89307
ATT,1441836033.0,-0.0016596,8.95802,0.0006481103,29.88348,85.76337,85.91676
ATT,1441935898.0,-0.0008473391,6.675294,0.0003307695,1.175779,82.60117,82.70046
ATT,1442037195.0,-0.0004300298,-6.966232,0.0001678418,-9.37054,83.36729,83.26231
ATT,1442137861.0,-0.0003745906,-18.9012,0.0001458828,-9.637429,82.0895,81.80894
ATT,1442237770.0,-0.0003672711,-12.60676,0.0001432135,-10.0845,81.10307,80.91377
ATT,1442337747.0,-0.0003672711,-0.06877489,0.0001432135,-7.694756,79.59391,79.59289
ATT,1442437717.0,-0.000367271,-0.6232464,0.0001432134,-8.268682,79.6469,79.63754
ATT,1442537738.0,-0.0003672711,-1.51026,0.0001432134,-8.499274,79.79621,79.77345
ATT,1442639231.0,-0.0003580527,-1.002214,0.0001397845,-8.332908,79.628,79.61289
ATT,1442739466.0,-0.0003580526,-1.046086,0.0001397845,-8.327963,79.62868,79.61291
ATT,1442839791.0,-0.000350913,-1.051953,0.0001370606,-8.321032,79.62062,79.60477
ATT,1442940511.0,-0.0003440981,-0.9932936,0.0001344078,-8.275145,79.59056,79.57561
ATT,1443040974.0,-0.0003370372,-0.9646086,0.0001316048,-8.225083,79.57413,79.55959
ATT,1443141527.0,-0.0003305661,-0.9508584,0.0001289818,-8.178322,79.56278,79.54846
ATT,1443241871.0,-0.0003236111,-0.9400179,0.0001261077,-8.116698,79.56445,79.55029
ATT,1443341862.0,-0.000323611,-0.9352291,0.0001261076,-8.050532,79.57592,79.56184
ATT,1443441985.0,-0.0003236111,-0.9327055,0.0001261077,-8.006484,79.58806,79.57403
ATT,1443541895.0,-0.0003236111,-0.9428641,0.0001261078,-7.919191,79.62792,79.61374
ATT,1443642241.0,-0.0003236112,-0.9550578,0.0001261077,-7.844523,79.66459,79.65022
ATT,1443742228.0,-0.0003236111,-0.9870932,0.0001261077,-7.731122,79.73073,79.71588
ATT,1443843660.0,-0.0003170375,-1.047608,0.0001233326,-7.577176,79.84126,79.82552
ATT,1443944076.0,-0.0003104072,-1.113485,0.0001204758,-7.42519,79.9649,79.94817
BARO,1440177020.0,0,5.926147,471.1661,96715.04
BARO,1440282370.0,0,6.04483,471.2848,96713.74
BARO,1440385784.0,0,6.013733,471.2537,96714.07
BARO,1440491534.0,0,5.756592,470.9966,96716.85
BARO,1440595044.0,0,5.821594,471.0616,96716.16
BARO,1440700487.0,0,5.736816,470.9768,96717.06
BARO,1440805497.0,0,5.832886,471.0729,96716.04
BARO,1440905684.0,0,4.951263,470.1913,96725.59
BARO,1441006642.0,0,4.931488,470.1715,96725.79
BARO,1441106467.0,0,4.747803,469.9878,96727.78
BARO,1441207520.0,0,4.535889,469.7759,96730.09
BARO,1441307477.0,0,4.41156,469.6516,96731.44
BARO,1441407459.0,0,4.216583,469.4566,96733.55
BARO,1441508881.0,0,3.837921,469.0779,96737.63
BARO,1441609873.0,0,3.162598,468.4026,96744.98
BARO,1441709965.0,0,2.885651,468.1256,96747.96
BARO,1441811092.0,0,2.490051,467.73,96752.25
BARO,1441911059.0,0,1.670593,466.9106,96761.11
BARO,1442012240.0,0,-2.194977,463.045,96803.02
BARO,1442112683.0,0,-1.157928,464.0821,96791.77
BARO,1442212747.0,0,-0.8838501,464.3561,96788.8
BARO,1442312860.0,0,-0.8894958,464.3505,96788.87
BARO,1442412849.0,0,-0.9940491,464.2459,96789.98
BARO,1442512718.0,0,-1.053375,464.1866,96790.63
BARO,1442614277.0,0,-0.9347229,464.3053,96789.35
BARO,1442714652.0,0,-0.7764587,464.4635,96787.63
BARO,1442815085.0,0,-0.9347229,464.3053,96789.34
BARO,1442915451.0,0,-1.025146,464.2148,96790.34
BARO,1443016123.0,0,-0.9544983,464.2855,96789.58
BARO,1443116605.0,0,-1.053375,464.1866,96790.65
BARO,1443216714.0,0,-0.7990723,464.4409,96787.88
BARO,1443316996.0,0,-0.9884033,464.2516,96789.95
BARO,1443417193.0,0,-0.8273315,464.4127,96788.19
BARO,1443516982.0,0,-0.9912109,464.2488,96789.96
BARO,1443617206.0,0,-0.9205933,464.3194,96789.2
BARO,1443717281.0,0,-1.143799,464.0962,96791.63
BARO,1443818265.0,0,-0.9121094,464.3279,96789.09
BARO,1443919033.0,0,-1.056213,464.1838,96790.68
BARO,1440177020.0,1,6.050476,471.2905,96693.84
BARO,1440282370.0,1,5.7453,470.9853,96697.15
BARO,1440385784.0,1,5.533356,470.7733,96699.45
BARO,1440491534.0,1,5.912018,471.152,96695.36
BARO,1440595044.0,1,5.96286,471.2029,96694.8
BARO,1440700487.0,1,5.632263,470.8723,96698.4
BARO,1440805497.0,1,5.615295,470.8553,96698.59
BARO,1440905684.0,1,5.134949,470.3749,96703.77
BARO,1441006642.0,1,4.951263,470.1913,96705.76
BARO,1441106467.0,1,5.021912,470.2619,96704.98
BARO,1441207520.0,1,4.716736,469.9567,96708.3
BARO,1441307477.0,1,4.566956,469.8069,96709.94
BARO,1441407459.0,1,4.290039,469.53,96712.91
BARO,1441508881.0,1,3.823792,469.0638,96717.98
BARO,1441609873.0,1,3.470581,468.7106,96721.78
BARO,1441709965.0,1,2.781097,468.0211,96729.27
BARO,1441811092.0,1,2.518311,467.7583,96732.1
BARO,1441911059.0,1,1.009399,466.2494,96748.46
BARO,1442012240.0,1,-3.418518,461.8215,96796.44
BARO,1442112683.0,1,-1.036438,464.2036,96770.62
BARO,1442212747.0,1,-1.061859,464.1781,96770.88
BARO,1442312860.0,1,-1.177734,464.0623,96772.13
BARO,1442412849.0,1,-1.078827,464.1612,96771.09
BARO,1442512718.0,1,-1.095764,464.1442,96771.25
BARO,1442614277.0,1,-1.149475,464.0905,96771.84
BARO,1442714652.0,1,-1.044922,464.1951,96770.71
BARO,1442815085.0,1,-1.042084,464.1979,96770.68
BARO,1442915451.0,1,-0.8612366,464.3788,96768.71
BARO,1443016123.0,1,-1.172058,464.0679,96772.09
BARO,1443116605.0,1,-0.8838501,464.3561,96768.98
BARO,1443216714.0,1,-0.8216858,464.4183,96768.3
BARO,1443316996.0,1,-1.036438,464.2036,96770.62
BARO,1443417193.0,1,-1.304871,463.9351,96773.53
BARO,1443516982.0,1,-1.078827,464.1612,96771.08
BARO,1443617206.0,1,-1.056213,464.1838,96770.84
BARO,1443717281.0,1,-1.234222,464.0058,96772.77
BARO,1443818265.0,1,-1.191864,464.0481,96772.3
BARO,1443919033.0,1,-0.8188477,464.4211,96768.27
GPS,1440190044.0,4,25,43.2382567,-7.6819291,468.14,3.707,-0.016,0.0
GPS,1440419044.0,4,25,43.2382558,-7.6819201,468.13,3.595,0.072,0.0
GPS,1440593135.0,4,25,43.2382549,-7.6819115,468.13,3.497,0.023,0.0
GPS,1440782091.0,4,25,43.238254,-7.6819033,468.11,3.26,0.113,0.0
GPS,1440984074.0,4,25,43.2382533,-7.6818955,467.97,3.179,1.145,0.0
GPS,1441184704.0,4,25,43.2382524,-7.6818879,467.55,3.179,3.179,0.0
GPS,1441425445.0,4,25,43.2382514,-7.6818804,466.75,3.056,4.832,0.0
GPS,1441586876.0,4,25,43.2382503,-7.6818732,465.59,2.952,6.565001,0.0
GPS,1441787637.0,4,25,43.2382492,-7.6818664,464.1,2.737,8.216001,0.0
GPS,1441988644.0,4,25,43.2382481,-7.6818604,462.47,2.366,8.764001,0.0
GPS,1442190837.0,4,25,43.2382444,-7.6818562,461.51,3.691,1.069,0.0
GPS,1442410534.0,4,25,43.2382392,-7.6818548,461.39,2.454,0.354,0.0
GPS,1442572011.0,4,23,43.238237,-7.6818548,461.5,0.16,-1.189,0.0
GPS,1442792452.0,4,25,43.2382369,-7.6818549,461.64,0.235,-0.562,0.0
GPS,1442973486.0,4,25,43.238237,-7.6818549,461.67,0.079,-0.287,0.0
GPS,1443174523.0,4,25,43.2382375,-7.6818549,461.68,0.026,-0.107,0.0
GPS,1443414971.0,4,25,43.2382382,-7.6818549,461.66,0.089,0.027,0.0
GPS,1443614777.0,4,25,43.2382386,-7.6818551,461.62,0.028,0.051,0.0
GPS,1443775243.0,4,25,43.2382388,-7.6818551,461.59,0.025,0.034,0.0
IMU,1440106688.0,0,-0.1493245,0.07855736,0.01763771,-0.1065577,-0.1037972,-9.527595
IMU,1440149848.0,0,-0.03244855,0.09303986,0.02927767,-1.29967,0.2342401,-10.72025
IMU,1440190118.0,0,0.06817563,0.02050719,-0.05841536,-0.3105687,1.675516,-10.42979
IMU,1440235072.0,0,-0.06970873,0.1868664,-0.04545998,-1.161221,-0.4474142,-9.311912
IMU,1440274867.0,0,0.05587535,0.00352495,0.05364086,-0.7322712,0.7325045,-9.557612
IMU,1440315251.0,0,-0.165547,0.06527364,-0.01541433,-0.6627719,0.1488584,-9.914221
IMU,1440358605.0,0,-0.03004251,0.1381271,0.03926305,0.01317929,-0.3101236,-9.665068
IMU,1440398976.0,0,0.1228976,0.2093036,-0.1014343,-1.344118,1.029482,-10.11969
IMU,1440448894.0,0,0.1039461,0.05247111,0.03202428,-0.9010745,-0.5330963,-10.06514
IMU,1440488732.0,0,-0.1409472,-0.04016642,-0.04016874,-0.2550082,0.7425715,-9.803634
IMU,1440529525.0,0,0.03470415,0.1512312,0.05883311,-0.7637513,-0.001780324,-8.633961
IMU,1440572611.0,0,0.01421837,0.1903696,-0.008769432,-1.107147,1.039046,-9.162207
IMU,1440614398.0,0,-0.1020795,0.1269109,0.006254933,-0.5546746,0.4478536,-9.670848
IMU,1440658211.0,0,-0.07873239,0.1930426,0.06972936,-0.5816829,-0.6043192,-8.815808
IMU,1440697536.0,0,0.03783283,0.1714957,-0.05696995,-1.235615,0.5207971,-10.22161
IMU,1440738716.0,0,0.1332012,0.09482193,0.03172489,-0.8395735,0.7729207,-9.655101
IMU,1440782245.0,0,0.2023425,0.1232972,-0.005582837,-0.2079103,1.609729,-9.647619
IMU,1440822877.0,0,0.2208081,0.3522123,-0.02225981,-2.299879,1.866054,-2.423927
IMU,1440863098.0,0,0.3484284,0.5358802,-0.04857093,-0.3351614,0.1284279,-1.374054
IMU,1440903030.0,0,0.3853099,0.6016451,-0.1317475,-0.4776483,0.5160083,-0.6428983
IMU,1440943084.0,0,0.403107,0.6141113,-0.1699199,-0.1328806,-0.2467471,-0.5837746
IMU,1440985467.0,0,0.4361237,0.6227679,-0.2052946,-0.1540776,-0.08349986,-0.4262265
IMU,1441026653.0,0,0.4426562,0.6322023,-0.2175223,-0.1566455,0.06673073,-0.5161613
IMU,1441066293.0,0,0.4614265,0.6303938,-0.2254816,-0.1576789,0.0005915254,-0.6264322
IMU,1441106672.0,0,0.4621563,0.6520967,-0.2305988,-0.1867277,-0.02583728,-0.6525469
IMU,1441149740.0,0,0.4721563,0.6827133,-0.243468,-0.1380769,-0.07590868,-0.7493559
IMU,1441189418.0,0,0.4890924,0.6789315,-0.2434372,-0.1297717,-0.0457985,-0.8968639
IMU,1441230214.0,0,0.4948868,0.6764661,-0.2426103,-0.08433761,-0.05116449,-1.018034
IMU,1441270202.0,0,0.4705791,0.6961565,-0.2467998,-0.07783756,-0.1200605,-1.063464
IMU,1441310508.0,0,0.4258788,0.7076008,-0.2598372,-0.03638672,-0.09558238,-1.247453
IMU,1441350970.0,0,0.388152,0.6851092,-0.2732996,-0.002771887,-0.1212566,-1.376411
IMU,1441390380.0,0,0.3592564,0.6429949,-0.2866411,0.02964636,-0.1296148,-1.498876
IMU,1441430102.0,0,0.3213058,0.5904636,-0.298961,0.04700202,-0.151376,-1.567333
IMU,1441471439.0,0,0.2778399,0.5335498,-0.3146178,0.07075197,-0.1602415,-1.61672
IMU,1441511623.0,0,0.2318494,0.4677349,-0.3214822,0.09289952,-0.1927357,-1.692817
IMU,1441552184.0,0,0.1567235,0.3991078,-0.3264229,0.1281681,-0.212616,-1.729764
IMU,1441597209.0,0,0.06129839,0.3134604,-0.3298267,0.1380218,-0.1764834,-1.879849
IMU,1441637200.0,0,0.007736509,0.2100295,-0.3354985,0.1734181,-0.2057898,-2.097108
IMU,1441677419.0,0,-0.06872508,0.1044172,-0.3519091,0.2448336,-0.2317414,-2.240637
IMU,1441717723.0,0,-0.1458268,5.834688e-05,-0.3649974,0.2235965,-0.2289691,-2.34318
IMU,1441757984.0,0,-0.186718,-0.1128516,-0.3903041,0.2642547,-0.1815481,-2.390226
IMU,1441798509.0,0,-0.1769219,-0.2132746,-0.3906099,0.4174605,0.06973166,-3.161213
IMU,1441838518.0,0,0.3700146,-0.3862312,-0.4537918,1.726419,-0.3868501,-5.114546
IMU,1441878877.0,0,2.912187,-2.479577,-0.1018523,7.056777,-1.766298,-17.33437
IMU,1441918976.0,0,0.008371905,-7.423182,1.659555,31.96346,-43.10948,-71.66669
IMU,1441959235.0,0,-5.442346,-0.5298199,3.263762,12.1037,17.96039,-43.82056
IMU,1442002073.0,0,-1.486819,-2.787087,-0.6509154,8.245537,3.327163,-1.763061
IMU,1442042464.0,0,-1.558652,-2.351697,-0.398782,0.8247058,1.476345,-0.8879029
IMU,1442082279.0,0,-2.471814,-0.2391432,-0.2596359,-0.2298656,2.903149,-0.09651784
IMU,1442122479.0,0,-2.09103,0.8571485,-0.09960173,0.7582861,4.750448,-2.502398
IMU,1442163048.0,0,-0.1483255,0.007241509,-0.0575987,0.03513619,6.274503,-3.758397
IMU,1442205708.0,0,1.39528,-0.1743057,-0.2437702,-1.057767,6.064155,-4.148398
IMU,1442245484.0,0,2.332376,0.1959011,-0.1906913,-0.9587508,4.239539,-6.298874
IMU,1442285509.0,0,2.521052,0.4851145,-0.1536399,-0.6977709,1.639874,-9.857646
IMU,1442325242.0,0,1.829769,0.4827835,-0.2302806,-0.2839299,-0.9110551,-13.03016
IMU,1442365706.0,0,0.4024889,0.04068001,-0.1518342,-1.468985,-2.426028,-15.13207
IMU,1442405693.0,0,-0.3989914,-0.2186614,0.1130247,-3.879914,-0.446553,-13.18823
IMU,1442445375.0,0,-0.3187363,-0.1019346,0.06849909,-0.9883947,1.072109,-9.689128
IMU,1442485373.0,0,-0.2788534,-0.07641644,0.05982608,0.162046,1.444446,-8.097738
IMU,1442525326.0,0,-0.02351261,-0.007677308,-0.005595791,-0.4863893,1.929872,-8.329807
IMU,1442566002.0,0,0.2117443,0.07076112,-0.05218153,-0.9611306,1.164959,-9.709895
IMU,1442607007.0,0,0.0527771,0.01632271,-0.01711782,-1.305209,0.3983199,-10.68784
IMU,1442647112.0,0,-0.06910678,-0.02840935,0.02155845,-1.254067,0.8505816,-10.09432
IMU,1442686834.0,0,-0.04342904,-0.01041762,0.01624446,-0.7112035,1.240704,-9.393993
IMU,1442727107.0,0,0.03909662,0.006271416,-0.008700878,-0.9024687,1.109804,-9.574144
IMU,1442767474.0,0,0.01780275,0.006916551,-0.004420359,-1.089628,0.8190495,-10.0596
IMU,1442807034.0,0,-0.02173215,-0.01127687,0.009425985,-1.016142,0.9889905,-9.863072
IMU,1442847481.0,0,-0.003795685,-0.006524676,0.001669473,-0.9111519,1.088294,-9.615136
IMU,1442887464.0,0,0.01574358,0.004319427,-0.00110695,-0.9805914,0.9619854,-9.815398
IMU,1442927714.0,0,-0.003979725,-0.003186801,0.003861298,-1.03255,0.9446279,-9.901474
IMU,1442968721.0,0,-0.007902701,-0.00435762,0.003900597,-0.9499776,1.019385,-9.740358
IMU,1443007885.0,0,0.006040132,-0.0004923564,0.0006690583,-0.9795775,1.003859,-9.756121
IMU,1443048438.0,0,0.001337293,-0.001068543,0.002088768,-1.005627,0.9504648,-9.854382
IMU,1443088867.0,0,-0.004176031,-0.004894957,0.002636932,-0.978503,1.001743,-9.765914
IMU,1443128744.0,0,0.00021068,0.0001006494,0.001896035,-0.9801264,1.009205,-9.769578
IMU,1443169463.0,0,0.0004050083,-0.001319256,0.001532438,-0.9890999,0.9915568,-9.816257
IMU,1443209519.0,0,-0.002542856,-0.001568575,0.002329038,-0.9782658,0.9887504,-9.777797
IMU,1443249608.0,0,-0.0009731243,-0.001345053,0.0007853091,-0.9570577,0.9932117,-9.788505
IMU,1443289632.0,0,-0.0007942939,0.0001347014,0.002810955,-0.9881544,0.979388,-9.789835
IMU,1443329405.0,0,-0.001635709,-0.001784402,0.001080974,-0.9735706,0.9906442,-9.802526
IMU,1443369709.0,0,0.0002334264,-0.001442522,0.001283521,-0.9791875,0.9855088,-9.794404
IMU,1443409744.0,0,-2.97074e-05,-0.001412115,0.001445015,-0.9890991,0.9920364,-9.794308
IMU,1443449456.0,0,-0.001007527,-0.002086134,0.002277509,-0.9790471,0.9782175,-9.785848
IMU,1443489564.0,0,-0.0008306797,-0.001386628,0.004758125,-0.9672865,0.9841018,-9.802188
IMU,1443529522.0,0,-0.0003249573,-0.001713238,0.002157504,-0.9840772,0.9867744,-9.785462
IMU,1443569490.0,0,-0.00168889,-0.002056451,0.001141075,-0.9833722,0.9859008,-9.790952
IMU,1443609747.0,0,-0.0001084819,-0.001532323,0.001844524,-0.9796916,0.9843974,-9.807342
IMU,1443650221.0,0,-0.001919938,-0.001665819,0.002727918,-0.9837916,0.9804381,-9.793755
IMU,1443689897.0,0,-0.002299408,-0.00310732,0.003679286,-0.9846142,0.9837263,-9.785051
IMU,1443729870.0,0,-0.0009962884,-0.003127757,0.002300162,-0.9955099,0.9893352,-9.774035
IMU,1443770514.0,0,-0.002069439,-0.001628102,0.001421809,-0.9796985,0.9770037,-9.800249
IMU,1443810998.0,0,-0.001166016,-0.002781729,0.00224535,-0.9877774,0.9844078,-9.796761
IMU,1443851083.0,0,-0.001344607,-0.002408039,0.003165878,-0.9796146,0.9778829,-9.791553
IMU,1443891666.0,0,-0.000775056,-0.002235202,0.001055864,-0.9789066,0.9840917,-9.76677
IMU,1443931658.0,0,-0.0001371306,-0.002465296,0.002774096,-0.9831492,0.9880521,-9.814904
IMU,1443971626.0,0,-0.0002171174,-0.001951911,0.002438598,-0.9660155,0.9901555,-9.79598
IMU,1444011976.0,0,-0.00154516,-0.002478774,0.003252528,-0.9683444,0.9866273,-9.78768
IMU,1440106688.0,1,-0.1099424,0.07413922,-0.007593862,-0.3484129,0.3824109,-9.611987
IMU,1440149848.0,1,-0.01391453,0.08484763,0.01320116,-1.036358,0.403889,-11.18873
IMU,1440190118.0,1,-0.01177095,0.003460627,-0.0530378,-1.582294,1.412582,-9.36902
IMU,1440235072.0,1,-0.02711074,0.08043033,-0.05057732,-0.8963792,-0.1085241,-9.270996
IMU,1440274867.0,1,-0.0696649,0.1266434,0.08926501,-0.2783908,1.033946,-8.77982
IMU,1440315251.0,1,-0.1283592,0.1033441,-0.001641241,-0.2540151,0.7118106,-9.727178
IMU,1440358605.0,1,-0.04177516,0.1515919,0.01907861,0.5981596,0.265743,-10.51892
IMU,1440398976.0,1,0.08476126,0.1698682,-0.07514731,-1.794786,0.8778076,-9.59014
IMU,1440448894.0,1,0.04746717,0.08619978,2.403754e-05,-0.6126008,-0.7411285,-11.13047
IMU,1440488732.0,1,-0.1679155,0.02084012,-0.009514191,-0.1627876,1.032683,-9.448362
IMU,1440529525.0,1,0.01401728,0.1352097,0.005180894,-0.5058379,-0.03906982,-8.811838
IMU,1440572611.0,1,-0.03864041,0.1185332,-0.04765346,-1.389252,0.8750515,-8.772303
IMU,1440614398.0,1,-0.01529643,0.1380803,0.02711722,-0.04108791,0.9582366,-9.657465
IMU,1440658211.0,1,-0.05062551,0.1951934,0.03165529,0.07924045,0.6277385,-9.397792
IMU,1440697536.0,1,0.02199136,0.1233253,-0.03403422,-1.296885,0.5460113,-10.03571
IMU,1440738716.0,1,0.05951003,0.1154889,0.000254627,-0.8450074,0.4767343,-9.692493
IMU,1440782245.0,1,0.09955563,0.110879,-0.02493047,-0.8385122,0.3731342,-9.122358
IMU,1440822877.0,1,0.1610048,0.2889237,-0.04846103,-2.216243,1.482729,-1.776071
IMU,1440863098.0,1,0.3240991,0.507158,-0.03282402,-0.1892839,0.385509,-1.513857
IMU,1440903030.0,1,0.3460526,0.5478755,-0.0917342,-0.4912303,0.9822629,-0.5667698
IMU,1440943084.0,1,0.3738279,0.5790191,-0.1330541,-0.04951135,0.1513898,-0.6156831
IMU,1440985467.0,1,0.405378,0.5796994,-0.1634953,0.001112835,0.313141,-0.3755203
IMU,1441026653.0,1,0.4024673,0.5832379,-0.1774045,-0.141279,0.5501607,-0.4438902
IMU,1441066293.0,1,0.4219467,0.5830943,-0.1788389,-0.132796,0.3967002,-0.4817395
IMU,1441106672.0,1,0.4233843,0.6038932,-0.1887333,-0.1125351,0.3970072,-0.6596161
IMU,1441149740.0,1,0.4321275,0.6321714,-0.198616,-0.0455517,0.2968903,-0.5974368
IMU,1441189418.0,1,0.4506148,0.6274547,-0.1983499,-0.02628963,0.4156285,-0.618961
IMU,1441230214.0,1,0.4558938,0.6319584,-0.1972234,-0.05947244,0.324531,-0.9723284
IMU,1441270202.0,1,0.4336802,0.643013,-0.1987532,-0.03258944,0.2040408,-1.052225
IMU,1441310508.0,1,0.3903964,0.6629719,-0.2133408,-0.02531158,0.2761772,-1.096014
IMU,1441350970.0,1,0.3501674,0.630721,-0.2301293,0.0009115028,0.2917586,-1.110002
IMU,1441390380.0,1,0.3178068,0.6038093,-0.2453018,0.01543618,0.3094874,-1.388638
IMU,1441430102.0,1,0.2769016,0.5510567,-0.2571037,0.006129704,0.3276149,-1.504836
IMU,1441471439.0,1,0.2365844,0.4961308,-0.2728307,0.1458103,0.1518632,-1.507908
IMU,1441511623.0,1,0.1910609,0.4285192,-0.282241,0.1114825,0.2780628,-1.592174
IMU,1441552184.0,1,0.1189395,0.3612275,-0.2943409,0.185597,0.1417328,-1.577101
IMU,1441597209.0,1,0.02648748,0.2749636,-0.3007611,0.206972,0.2560005,-1.838006
IMU,1441637200.0,1,-0.00298604,0.1931766,-0.3143075,0.1820724,0.1253223,-1.980049
IMU,1441677419.0,1,-0.07808422,0.1152849,-0.3263435,0.1827033,0.1603185,-2.084634
IMU,1441717723.0,1,-0.1552974,0.01684718,-0.3406276,0.2056448,0.09501571,-2.004714
IMU,1441757984.0,1,-0.2009913,-0.09292103,-0.3646021,0.2550013,0.2906528,-2.313234
IMU,1441798509.0,1,-0.2101969,-0.1988839,-0.3715487,0.4466493,0.5072823,-2.971802
IMU,1441838518.0,1,0.2874077,-0.3615018,-0.4029041,1.855299,-0.3545685,-4.955871
IMU,1441878877.0,1,2.69587,-2.304076,-0.00727002,6.836291,-1.8989,-17.01595
IMU,1441918976.0,1,0.4946604,-6.959243,1.436636,32.47543,-45.38278,-76.91334
IMU,1441959235.0,1,-9.501754,0.9181322,3.030764,29.90069,29.93351,-73.03763
IMU,1442002073.0,1,-1.52513,-2.672541,-0.7140602,6.607009,3.789652,-1.621178
IMU,1442042464.0,1,-1.528285,-2.299262,-0.4544587,0.6032676,1.914285,-0.6772224
IMU,1442082279.0,1,-2.439951,-0.268214,-0.338234,-0.222037,3.284913,0.3467614
IMU,1442122479.0,1,-2.109291,0.8334194,-0.1676995,0.934151,5.113518,-2.310971
IMU,1442163048.0,1,-0.2866778,0.0704223,-0.05383659,0.04008359,6.689962,-3.400245
IMU,1442205708.0,1,1.29318,-0.1863235,-0.165151,-1.027178,6.377223,-3.818722
IMU,1442245484.0,1,2.241199,0.1510529,-0.09008297,-1.01845,4.285938,-6.094745
IMU,1442285509.0,1,2.460753,0.41583,-0.03493941,-0.627143,1.777019,-9.910397
IMU,1442325242.0,1,1.817207,0.4359363,-0.1323106,-0.2710357,-0.7476414,-13.41883
IMU,1442365706.0,1,0.4179103,0.0575361,-0.1258248,-1.665217,-2.154971,-15.41017
IMU,1442405693.0,1,-0.3871512,-0.1908415,0.08474556,-3.803506,-0.1337343,-13.03847
IMU,1442445375.0,1,-0.3174627,-0.08823919,0.05964047,-0.8287946,1.402871,-9.599529
IMU,1442485373.0,1,-0.2759346,-0.06437188,0.05213474,0.1516279,1.81796,-7.958889
IMU,1442525326.0,1,-0.03903711,0.000140612,0.004839143,-0.4242564,2.273931,-8.1585
IMU,1442566002.0,1,0.1780943,0.07816655,-0.03544874,-0.9386268,1.40467,-9.740911
IMU,1442607007.0,1,0.03678314,0.02163458,-0.01254432,-1.206141,0.5645353,-10.69415
IMU,1442647112.0,1,-0.06842001,-0.01303712,0.02266757,-1.172576,1.155448,-9.870096
IMU,1442686834.0,1,-0.04271078,0.001596137,0.02083044,-0.6102202,1.453928,-9.183077
IMU,1442727107.0,1,0.02054494,0.01009815,-0.00528084,-0.8864338,1.434526,-9.500535
IMU,1442767474.0,1,0.008012149,0.007700206,0.0001278433,-1.083693,1.028,-9.982969
IMU,1442807034.0,1,-0.01841714,-0.002856561,0.01583447,-1.010052,1.304869,-9.678353
IMU,1442847481.0,1,-0.004693538,0.002929365,0.004778382,-0.8700997,1.467324,-9.595088
IMU,1442887464.0,1,0.007175099,0.008375929,-0.003111675,-0.8981925,1.219496,-9.723355
IMU,1442927714.0,1,-0.004854002,0.01337126,0.005307549,-1.037528,1.253123,-9.769538
IMU,1442968721.0,1,-0.001953702,0.000433439,0.00263377,-0.8943906,1.307393,-9.615107
IMU,1443007885.0,1,0.003217294,0.002328631,-0.001287216,-0.9058248,1.287528,-9.71624
IMU,1443048438.0,1,-0.0005686726,0.001749478,0.003022781,-0.9373984,1.249425,-9.801127
IMU,1443088867.0,1,-0.001672589,0.0001992262,0.001424866,-0.8901243,1.297714,-9.657578
IMU,1443128744.0,1,-0.003478394,0.003248274,0.001879736,-0.9918914,1.393567,-9.751644
IMU,1443169463.0,1,-0.001098414,0.01059495,0.003438365,-1.022121,1.272567,-9.801583
IMU,1443209519.0,1,-0.002375575,0.006393092,0.0002651562,-0.911782,1.254253,-9.705867
IMU,1443249608.0,1,5.931494e-05,0.01007227,0.002517936,-0.9991112,1.294256,-9.788181
IMU,1443289632.0,1,0.0004661297,0.006656609,0.003943896,-1.017732,1.194613,-9.703241
IMU,1443329405.0,1,-0.002272513,-0.0008299611,0.003271857,-0.9593621,1.210787,-9.683909
IMU,1443369709.0,1,-0.002536623,0.009657579,0.002249382,-0.9692038,1.334629,-9.664059
IMU,1443409744.0,1,-0.0001237707,0.006007558,-0.0005476306,-0.8901116,1.3383,-9.701665
IMU,1443449456.0,1,-0.004789689,0.007151679,0.002204428,-0.9228979,1.214986,-9.791261
IMU,1443489564.0,1,-0.001258449,0.003838894,0.003505522,-0.9112279,1.252816,-9.643335
IMU,1443529522.0,1,8.976164e-05,0.004929058,0.001523423,-0.8781689,1.315001,-9.699885
IMU,1443569490.0,1,-0.00192002,0.004432242,-0.001367067,-0.9118471,1.229366,-9.556163
IMU,1443609747.0,1,-0.002531811,0.00365045,0.004465204,-0.9141607,1.18998,-9.751738
IMU,1443650221.0,1,-0.002361265,0.001916447,0.002407792,-0.8668923,1.303164,-9.707308
IMU,1443689897.0,1,-0.002513551,0.007428848,0.00774238,-0.9540009,1.184822,-9.828619
IMU,1443729870.0,1,-0.0019368,0.005509329,0.001758286,-0.9214673,1.293129,-9.724363
IMU,1443770514.0,1,-0.001944155,0.00779271,0.003672517,-0.8523152,1.318886,-9.734985
IMU,1443810998.0,1,-0.003273481,0.007911447,-0.0001659514,-0.9220471,1.361086,-9.669252
IMU,1443851083.0,1,0.0002305037,0.002729397,0.004443124,-0.8651634,1.294384,-9.731441
IMU,1443891666.0,1,-0.001255417,0.004577984,0.005478366,-0.9236177,1.297263,-9.743397
IMU,1443931658.0,1,-0.005598829,0.002996598,0.001203764,-0.8375335,1.250837,-9.680021
IMU,1443971626.0,1,-0.003439306,0.007089795,0.0008914552,-0.8806923,1.29933,-9.638779
IMU,1444011976.0,1,-0.0005488101,0.0002286008,0.006681872,-0.9361613,1.287199,-9.704142
IMU,1440106688.0,2,-0.01969011,0.08501972,0.01019704,-0.3555381,-0.5486125,-8.228465
IMU,1440149848.0,2,-0.08645225,0.08478503,-0.01033585,-0.1041295,0.01186755,-8.730205
IMU,1440190118.0,2,0.01850034,0.1340722,0.005018673,-2.108954,-0.3029659,-10.06105
IMU,1440235072.0,2,-0.02890847,0.1997996,0.001923482,-0.7969087,-0.3461826,-9.291172
IMU,1440274867.0,2,0.01843188,0.02885234,-0.01868767,-0.8620091,1.205917,-9.97727
IMU,1440315251.0,2,-0.08218298,0.09145023,-0.02782725,-1.574375,1.139113,-8.800403
IMU,1440358605.0,2,-0.03607295,0.08251271,-0.01845236,-0.8088979,0.4031889,-9.254745
IMU,1440398976.0,2,0.1063853,0.2193828,-0.01642037,-0.9418076,-0.8677607,-9.296716
IMU,1440448894.0,2,-0.04666742,0.06970592,-0.003916843,-1.032993,0.5703168,-9.081832
IMU,1440488732.0,2,0.01393187,0.04381184,0.0005578748,-1.425464,-0.5776969,-9.801699
IMU,1440529525.0,2,0.02523853,0.04615164,-0.003882837,-1.030842,0.4386567,-8.661851
IMU,1440572611.0,2,0.01527662,0.1463585,-0.00170351,-1.466283,-1.008684,-9.795939
IMU,1440614398.0,2,0.008919175,0.1228785,-0.03793956,-0.4316612,0.8307179,-10.35597
IMU,1440658211.0,2,-0.00791706,0.0979681,-0.005609876,-0.3342713,1.312107,-9.663751
IMU,1440697536.0,2,0.007845088,0.2216319,0.01023793,-1.132435,0.03300944,-10.26965
IMU,1440738716.0,2,-0.003475464,0.1427659,0.02287357,-0.7458363,0.7508157,-10.24902
IMU,1440782245.0,2,0.1256027,0.2029153,0.05554206,-0.8149082,-1.414542,-9.340235
IMU,1440822877.0,2,0.2503106,0.3496559,0.003067921,-0.8509517,-0.08044679,-1.974783
IMU,1440863098.0,2,0.3497141,0.5208554,-0.05582045,-0.4190901,0.0175064,-1.324308
IMU,1440903030.0,2,0.4059058,0.6022408,-0.1317684,-0.3686886,0.2833898,-0.6189824
IMU,1440943084.0,2,0.4144914,0.6134118,-0.1706877,-0.260557,-0.06003305,-0.438251
IMU,1440985467.0,2,0.4456583,0.6162166,-0.2051572,-0.1586599,0.06760682,-0.2699527
IMU,1441026653.0,2,0.4548469,0.6273658,-0.2192343,-0.1754155,0.08680718,-0.3407957
IMU,1441066293.0,2,0.4726518,0.6262191,-0.2266577,-0.1691702,0.02641314,-0.4553597
IMU,1441106672.0,2,0.4724575,0.6477852,-0.2336982,-0.199293,-0.004477814,-0.4735104
IMU,1441149740.0,2,0.4822232,0.6776853,-0.2462416,-0.1530705,-0.01298842,-0.5822522
IMU,1441189418.0,2,0.4990952,0.671702,-0.2459438,-0.1451228,0.007164863,-0.7312119
IMU,1441230214.0,2,0.5055745,0.6709018,-0.2457941,-0.1007814,-0.005160587,-0.8941472
IMU,1441270202.0,2,0.483798,0.6885235,-0.2512679,-0.08425957,-0.06293795,-0.9636709
IMU,1441310508.0,2,0.4382401,0.7025318,-0.2600177,-0.05544019,-0.0641537,-1.092487
IMU,1441350970.0,2,0.4017396,0.6806495,-0.2761733,-0.03587937,-0.07405446,-1.243998
IMU,1441390380.0,2,0.3711139,0.6405299,-0.2884586,-0.01244006,-0.09400621,-1.317588
IMU,1441430102.0,2,0.3317747,0.5869541,-0.3011946,0.0102349,-0.1066804,-1.413147
IMU,1441471439.0,2,0.2888532,0.5308977,-0.3168006,0.03903325,-0.1245885,-1.449439
IMU,1441511623.0,2,0.2430466,0.4668076,-0.3210388,0.04166005,-0.146984,-1.532064
IMU,1441552184.0,2,0.1646145,0.3966553,-0.3292497,0.08642039,-0.1834079,-1.597213
IMU,1441597209.0,2,0.06756393,0.3117886,-0.329825,0.08496982,-0.1447737,-1.749857
IMU,1441637200.0,2,0.01236719,0.2092495,-0.336631,0.1240129,-0.1650934,-1.928258
IMU,1441677419.0,2,-0.06495746,0.1042608,-0.3547644,0.1700503,-0.1927441,-2.077541
IMU,1441717723.0,2,-0.1443378,0.0009662166,-0.366806,0.1717936,-0.1860632,-2.161592
IMU,1441757984.0,2,-0.1840027,-0.1122379,-0.3917423,0.2186041,-0.1772982,-2.219283
IMU,1441798509.0,2,-0.1735047,-0.2191437,-0.3927226,0.4576761,-0.01512845,-2.732756
IMU,1441838518.0,2,0.3423464,-0.4206363,-0.4624503,1.526558,-0.8172171,-4.186499
IMU,1441878877.0,2,2.876114,-2.616306,-0.1634458,4.936346,-2.96979,-16.06998
IMU,1441918976.0,2,-0.6495994,-7.431731,1.325922,27.58066,-40.27843,-72.84809
IMU,1441959235.0,2,-5.957383,-0.391614,2.041395,-50.6706,-21.6786,-71.47807
IMU,1442002073.0,2,-1.572005,-2.442953,-0.5532327,7.288987,0.3855631,-3.314053
IMU,1442042464.0,2,-1.568098,-2.311301,-0.4052225,0.9042802,2.466054,-1.261284
IMU,1442082279.0,2,-2.438528,-0.183216,-0.2572134,0.173414,3.162993,-0.4536559
IMU,1442122479.0,2,-2.041047,0.88561,-0.09333567,0.6642593,4.609764,-1.961993
IMU,1442163048.0,2,-0.1599531,0.02496871,-0.05909345,-0.006340951,5.862584,-2.821344
IMU,1442205708.0,2,1.37701,-0.2000692,-0.248638,-0.8980122,5.796343,-3.765143
IMU,1442245484.0,2,2.310645,0.1553965,-0.1958888,-0.9095647,3.943876,-6.179005
IMU,1442285509.0,2,2.499921,0.4413027,-0.163144,-0.6575304,1.409146,-9.942811
IMU,1442325242.0,2,1.822881,0.4480875,-0.2342452,-0.410279,-0.864266,-13.29625
IMU,1442365706.0,2,0.3978598,0.04086225,-0.1529176,-1.852788,-2.192025,-15.32788
IMU,1442405693.0,2,-0.3854107,-0.2056319,0.1084566,-3.966714,-0.3322456,-12.94112
IMU,1442445375.0,2,-0.3073429,-0.09687089,0.06073707,-0.9983103,0.9848037,-9.499224
IMU,1442485373.0,2,-0.2718772,-0.07290024,0.05348948,0.1282994,1.389152,-7.927671
IMU,1442525326.0,2,-0.01708103,-0.003673506,-0.007313094,-0.4669323,1.811633,-8.090538
IMU,1442566002.0,2,0.2093559,0.06673781,-0.05572918,-1.023151,1.086773,-9.587957
IMU,1442607007.0,2,0.05574207,0.02009557,-0.01929766,-1.387284,0.3927357,-10.57082
IMU,1442647112.0,2,-0.0638999,-0.02468989,0.01805542,-1.31027,0.8088458,-9.904665
IMU,1442686834.0,2,-0.03464368,-0.008320373,0.01173613,-0.7310748,1.164276,-9.184351
IMU,1442727107.0,2,0.04193907,0.00721986,-0.0136722,-0.9494369,1.04329,-9.404647
IMU,1442767474.0,2,0.02125042,0.009608353,-0.007627233,-1.165634,0.7646375,-9.901719
IMU,1442807034.0,2,-0.0175957,-0.008444344,0.004088629,-1.066763,0.933248,-9.71569
IMU,1442847481.0,2,0.000817263,-0.002254625,-0.001265166,-0.9549756,1.008756,-9.442412
IMU,1442887464.0,2,0.01632042,0.006674475,-0.003372836,-1.038104,0.9000866,-9.642169
IMU,1442927714.0,2,0.0003135298,-0.002294359,0.0001327958,-1.089275,0.9059305,-9.732492
IMU,1442968721.0,2,-0.004766592,-0.002235893,0.0005161118,-0.9988433,0.9411457,-9.556947
IMU,1443007885.0,2,0.007888935,0.003030641,-0.003156568,-1.014528,0.9492834,-9.581346
IMU,1443048438.0,2,0.003386103,0.001574078,-0.0003509746,-1.055734,0.909524,-9.66969
IMU,1443088867.0,2,0.0008865747,-0.002876089,-0.0008891067,-1.021031,0.9284229,-9.62426
IMU,1443128744.0,2,0.005661345,0.002250988,-0.001650668,-1.024652,0.9318578,-9.597874
IMU,1443169463.0,2,0.004357046,0.002955387,-0.0005297465,-1.03733,0.9169357,-9.64117
IMU,1443209519.0,2,0.001399746,2.888124e-05,-0.001349995,-1.053499,0.9274719,-9.636945
IMU,1443249608.0,2,0.002639716,-0.001126035,-0.0007449154,-1.010475,0.943327,-9.606093
IMU,1443289632.0,2,0.002367084,0.003207023,-0.0001881432,-1.028494,0.9004021,-9.628672
IMU,1443329405.0,2,0.002257148,-0.001929213,-0.001656974,-1.024852,0.9348117,-9.627037
IMU,1443369709.0,2,0.002746332,-3.590037e-05,-0.001436633,-1.022852,0.9366684,-9.633944
IMU,1443409744.0,2,0.002677866,0.0001102409,-0.001322536,-1.02228,0.92983,-9.631324
IMU,1443449456.0,2,0.003512933,-0.0002498525,0.000399396,-1.029842,0.9269933,-9.641739
IMU,1443489564.0,2,0.002650117,0.001062162,-0.0001561375,-1.025882,0.9379245,-9.628448
IMU,1443529522.0,2,0.003298032,-2.949302e-05,0.0001049407,-1.036229,0.9258861,-9.62518
IMU,1443569490.0,2,0.002299431,0.00135542,-0.0002681558,-1.029079,0.9141997,-9.626835
IMU,1443609747.0,2,0.003753855,-0.0006734151,-0.000785129,-1.020048,0.9288911,-9.634777
IMU,1443650221.0,2,0.002201801,0.0003128158,-0.0002001033,-1.025833,0.922646,-9.636355
IMU,1443689897.0,2,0.003328434,-0.001413394,-0.001497169,-1.031528,0.9358035,-9.627912
IMU,1443729870.0,2,0.001990394,-0.001401262,-0.001484992,-1.032017,0.9296113,-9.60734
IMU,1443770514.0,2,0.00218492,0.001672887,-0.00144939,-1.045848,0.9366773,-9.642935
IMU,1443810998.0,2,0.002788926,-0.0003390868,-0.0004943089,-1.005792,0.937703,-9.626043
IMU,1443851083.0,2,0.003378552,-0.000473429,-0.001024708,-1.026149,0.9193842,-9.631124
IMU,1443891666.0,2,0.00269524,3.977577e-05,-0.001315524,-1.027106,0.9238052,-9.614971
IMU,1443931658.0,2,0.002359498,-0.000865614,-0.001287688,-1.029046,0.9146952,-9.622993
IMU,1443971626.0,2,0.003121188,-0.000268796,-0.0007053043,-1.042492,0.9159848,-9.605469
IMU,1444011976.0,2,0.003057349,0.001195934,-0.001709252,-1.025776,0.9277163,-9.654408
