ARM,784256826.0,0.0
AHR2,783648022.0,-0.87,-3.58,83.38,468.97,43.2382573,-7.6819256
AHR2,783751700.0,-0.9,-3.22,83.45,469.35,43.2382567,-7.6819211
AHR2,783857400.0,-0.63,-2.84,83.73,469.05,43.2382565,-7.6819171
AHR2,783961104.0,-0.7,-1.8,83.82,469.19,43.2382559,-7.6819125
AHR2,784066636.0,-0.71,-1.67,84.18,468.77,43.2382558,-7.6819082
AHR2,784176228.0,-1.83,-1.01,84.7,468.7,43.2382552,-7.6819037
AHR2,784279844.0,-1.33,-0.22,85.08,468.49,43.2382547,-7.6818995
AHR2,784380388.0,-1.15,2.24,85.33,468.25,43.2382543,-7.6818954
AHR2,784481868.0,0.2,6.03,84.41,467.59,43.2382543,-7.6818931
AHR2,784583221.0,1.64,9.95,83.4,467.63,43.2382535,-7.6818884
AHR2,784683670.0,3.3,13.92,82.44,467.6,43.238253,-7.6818846
AHR2,784785027.0,4.88,18.24,81.5,467.13,43.2382527,-7.6818808
AHR2,784885220.0,6.58,22.35,80.5,466.95,43.2382523,-7.681877
AHR2,784986731.0,8.2,26.0,79.46,466.63,43.2382518,-7.6818735
AHR2,785086475.0,9.5,28.63,78.31,466.36,43.2382515,-7.6818698
AHR2,785187417.0,10.01,30.38,76.79,465.77,43.2382508,-7.6818662
AHR2,785287265.0,8.34,31.08,74.79,465.27,43.2382504,-7.6818629
AHR2,785387703.0,-5.74,24.45,72.03,464.16,43.23825,-7.6818595
AHR2,785489090.0,5.38,-3.89,70.07,460.84,43.2382493,-7.6818581
AHR2,785590401.0,-5.07,1.49,71.12,460.96,43.2382521,-7.6818578
AHR2,785690765.0,-7.06,3.57,71.16,461.63,43.238253,-7.6818562
AHR2,785791747.0,-4.53,4.53,70.98,461.96,43.2382535,-7.681859
AHR2,785891736.0,-4.96,4.88,71.31,462.0,43.2382543,-7.6818592
AHR2,785993260.0,-4.94,5.16,71.39,461.94,43.238253,-7.681859
AHR2,786093521.0,-5.08,5.35,71.71,461.97,43.238253,-7.681859
AHR2,786194536.0,-5.04,5.47,71.88,462.1,43.238253,-7.681859
AHR2,786294456.0,-5.04,5.59,72.06,462.05,43.238253,-7.681859
AHR2,786394661.0,-5.05,5.73,72.25,461.81,43.238253,-7.681859
AHR2,786497004.0,-5.04,5.85,72.44,461.95,43.2382531,-7.681859
AHR2,786598187.0,-5.05,6.0,72.62,461.96,43.2382533,-7.6818592
AHR2,786698127.0,-5.07,6.15,72.82,461.8,43.2382533,-7.6818592
AHR2,786799443.0,-5.06,6.27,72.99,461.92,43.2382531,-7.6818591
AHR2,786899418.0,-5.06,6.4,73.17,462.07,43.2382531,-7.6818592
AHR2,787001222.0,-5.06,6.53,73.36,462.21,43.238253,-7.681859
AHR2,787101206.0,-5.06,6.64,73.54,462.13,43.238253,-7.681859
AHR2,787202062.0,-5.05,6.76,73.71,462.09,43.2382529,-7.6818589
AHR2,787302673.0,-5.05,6.88,73.88,462.1,43.2382529,-7.6818589
AHR2,787403868.0,-5.05,6.99,74.06,461.97,43.2382527,-7.6818588
ATT,783647449.0,-1.170331,-1.336106,-5.268572,-4.393836,98.72565,99.06541
ATT,783751054.0,-1.078283,-1.409291,-4.872474,-4.107827,98.7177,98.82864
ATT,783856712.0,-1.157247,-1.124665,-4.167361,-3.729759,98.71393,98.80919
ATT,783960507.0,-1.282553,-1.15295,-3.357893,-2.677635,98.70939,98.48825
ATT,784065972.0,-1.522546,-1.095598,-2.557359,-2.554663,98.70576,98.47868
ATT,784175526.0,-1.792994,-2.149348,-1.727909,-1.899729,98.69882,98.66529
ATT,784279203.0,-1.687528,-1.621518,-0.8418435,-1.165425,98.76898,98.74483
ATT,784379627.0,-0.8585327,-1.421108,-0.428289,1.267008,98.73054,98.70936
ATT,784481193.0,-0.4338233,-0.08203174,-0.2164176,5.180068,97.65618,97.65496
ATT,784582684.0,-0.2189616,1.326494,-0.1092314,9.302405,96.46856,96.48859
ATT,784683020.0,-0.1117889,2.958477,-0.05576704,13.80264,95.31528,95.36067
ATT,784784498.0,-0.05646123,4.492451,-0.02816632,18.67467,94.18177,94.25237
ATT,784884676.0,-0.02874937,6.151958,-0.01434195,23.29978,92.97716,93.0768
ATT,784986055.0,-0.01454543,7.725621,-0.007256155,27.47525,91.7494,91.87881
ATT,785085889.0,-0.007425764,8.979822,-0.003704427,30.57968,90.43565,90.59048
ATT,785186841.0,-0.003770671,9.4331,-0.001881042,32.81422,88.74649,88.91305
ATT,785286729.0,-0.001925145,7.644342,-0.0009603814,34.02299,86.57606,86.71314
ATT,785387055.0,-0.0009828444,-6.696508,-0.0004903032,27.84521,83.68506,83.57243
ATT,785488443.0,-0.0004954739,3.78619,-0.0002471729,1.076481,81.9742,82.03061
ATT,785589690.0,-0.0003513748,-7.088548,-0.0001752873,7.81496,82.79329,82.6869
ATT,785690134.0,-0.0003452422,-9.296497,-0.0001722279,10.22936,82.37082,82.23063
ATT,785791097.0,-0.0003248462,-6.855348,-0.0001620531,11.31495,82.06142,81.95747
ATT,785891194.0,-0.0003248463,-7.152677,-0.0001620532,11.31313,82.23003,82.12158
ATT,785992658.0,-0.0003117892,-7.070248,-0.0001555395,11.30974,82.13113,82.02393
ATT,786092848.0,-0.000305622,-7.215994,-0.0001524629,11.38236,82.24666,82.13724
ATT,786193969.0,-0.000299259,-7.192554,-0.0001492887,11.38011,82.22652,82.11745
ATT,786293811.0,-0.0002992591,-7.200595,-0.0001492888,11.36691,82.22949,82.12029
ATT,786394015.0,-0.000299259,-7.227368,-0.0001492886,11.37601,82.23335,82.12376
ATT,786496408.0,-0.0002864589,-7.231549,-0.0001429032,11.37588,82.22872,82.11906
ATT,786597657.0,-0.0002802427,-7.250499,-0.0001398023,11.40228,82.2357,82.12576
ATT,786697643.0,-0.0002802427,-7.286662,-0.0001398023,11.43638,82.25878,82.14826
ATT,786798807.0,-0.0002802427,-7.283677,-0.0001398023,11.43806,82.24973,82.13926
ATT,786898819.0,-0.0002802427,-7.293436,-0.0001398023,11.45219,82.25642,82.14581
ATT,787000630.0,-0.0002802427,-7.301061,-0.0001398022,11.46949,82.26341,82.15267
ATT,787100667.0,-0.0002802428,-7.308297,-0.0001398023,11.47478,82.26616,82.15532
ATT,787201501.0,-0.0002802428,-7.309829,-0.0001398022,11.49135,82.26814,82.15725
ATT,787301893.0,-0.0002802428,-7.317511,-0.0001398022,11.50861,82.27061,82.15961
ATT,787403194.0,-0.0002802429,-7.32726,-0.0001398021,11.51844,82.27382,82.16267
BARO,783645047.0,0,4.699768,469.9398,96728.31
BARO,783748538.0,0,5.07843,470.3184,96724.2
BARO,783854003.0,0,4.770416,470.0104,96727.55
BARO,783958465.0,0,4.917358,470.1573,96725.94
BARO,784063668.0,0,4.490662,469.7307,96730.56
BARO,784166770.0,0,4.420013,469.66,96731.33
BARO,784271462.0,0,4.219391,469.4594,96733.52
BARO,784372120.0,0,3.979218,469.2192,96736.13
BARO,784473785.0,0,3.317993,468.558,96743.28
BARO,784574988.0,0,3.351898,468.5919,96742.91
BARO,784675008.0,0,3.326477,468.5665,96743.17
BARO,784776049.0,0,2.854584,468.0946,96748.31
BARO,784877190.0,0,2.679382,467.9194,96750.18
BARO,784977001.0,0,2.354431,467.5944,96753.7
BARO,785078655.0,0,2.08316,467.3232,96756.66
BARO,785179193.0,0,1.492584,466.7326,96763.05
BARO,785279723.0,0,0.9980774,466.2381,96768.42
BARO,785379658.0,0,-0.1180725,465.1219,96780.51
BARO,785480865.0,0,-3.438293,461.8017,96816.48
BARO,785582667.0,0,-3.311127,461.9289,96815.12
BARO,785682241.0,0,-2.641449,462.5985,96807.86
BARO,785784244.0,0,-2.316498,462.9235,96804.32
BARO,785884532.0,0,-2.274109,462.9659,96803.86
BARO,785985237.0,0,-2.330627,462.9094,96804.48
BARO,786085896.0,0,-2.302368,462.9376,96804.19
BARO,786186465.0,0,-2.175201,463.0648,96802.8
BARO,786286480.0,0,-2.223236,463.0168,96803.33
BARO,786386464.0,0,-2.460602,462.7794,96805.88
BARO,786487745.0,0,-2.327789,462.9122,96804.44
BARO,786590737.0,0,-2.310822,462.9292,96804.27
BARO,786690979.0,0,-2.477539,462.7625,96806.08
BARO,786791837.0,0,-2.350403,462.8896,96804.69
BARO,786891886.0,0,-2.200623,463.0394,96803.09
BARO,786992993.0,0,-2.06781,463.1722,96801.63
BARO,787093504.0,0,-2.141296,463.0987,96802.43
BARO,787194208.0,0,-2.183685,463.0563,96802.89
BARO,787294420.0,0,-2.17804,463.062,96802.84
BARO,787395243.0,0,-2.302368,462.9376,96804.17
BARO,783645047.0,1,4.264618,469.5046,96713.2
BARO,783748538.0,1,4.708252,469.9482,96708.4
BARO,783854003.0,1,4.524567,469.7646,96710.38
BARO,783958465.0,1,4.606537,469.8465,96709.49
BARO,784063668.0,1,4.462402,469.7024,96711.06
BARO,784166770.0,1,4.369171,469.6092,96712.06
BARO,784271462.0,1,4.202454,469.4424,96713.88
BARO,784372120.0,1,3.592102,468.8321,96720.48
BARO,784473785.0,1,3.241699,468.4817,96724.27
BARO,784574988.0,1,3.258667,468.4987,96724.09
BARO,784675008.0,1,3.058044,468.298,96726.26
BARO,784776049.0,1,3.046722,468.2867,96726.4
BARO,784877190.0,1,2.594604,467.8346,96731.29
BARO,784977001.0,1,2.605927,467.8459,96731.15
BARO,785078655.0,1,2.018158,467.2581,96737.52
BARO,785179193.0,1,1.650818,466.8908,96741.51
BARO,785279723.0,1,0.7550659,465.9951,96751.21
BARO,785379658.0,1,-0.5673523,464.6726,96765.53
BARO,785480865.0,1,-4.896362,460.3436,96812.46
BARO,785582667.0,1,-3.234833,462.0052,96794.45
BARO,785682241.0,1,-2.779907,462.4601,96789.51
BARO,785784244.0,1,-2.443634,462.7964,96785.86
BARO,785884532.0,1,-2.29953,462.9405,96784.3
BARO,785985237.0,1,-2.607544,462.6324,96787.66
BARO,786085896.0,1,-2.573639,462.6664,96787.27
BARO,786186465.0,1,-2.596222,462.6438,96787.52
BARO,786286480.0,1,-2.502991,462.737,96786.5
BARO,786386464.0,1,-2.565155,462.6748,96787.2
BARO,786487745.0,1,-2.647095,462.5929,96788.08
BARO,786590737.0,1,-2.514282,462.7257,96786.63
BARO,786690979.0,1,-2.460602,462.7794,96786.05
BARO,786791837.0,1,-2.672516,462.5675,96788.35
BARO,786891886.0,1,-2.330627,462.9094,96784.64
BARO,786992993.0,1,-2.059357,463.1806,96781.71
BARO,787093504.0,1,-2.358887,462.8811,96784.95
BARO,787194208.0,1,-2.689484,462.5505,96788.53
BARO,787294420.0,1,-2.36734,462.8727,96785.02
BARO,787395243.0,1,-2.582092,462.6579,96787.36
GPS,783779009.0,4,24,43.2382575,-7.6819256,467.31,3.599,0.036,0.0
GPS,783971435.0,4,24,43.2382568,-7.6819172,467.34,3.471,0.047,0.0
GPS,784159738.0,4,24,43.2382558,-7.681909,467.31,3.307,0.172,0.0
GPS,784385765.0,4,24,43.238255,-7.6819012,467.3,3.142,0.168,0.0
GPS,784566752.0,4,24,43.2382541,-7.6818935,467.07,3.167,2.131,0.0
GPS,784768659.0,4,24,43.2382532,-7.6818859,466.47,3.134,4.001,0.0
GPS,784970106.0,4,24,43.2382523,-7.6818784,465.52,3.02,5.807,0.0
GPS,785151225.0,4,24,43.2382514,-7.6818713,464.19,2.752,7.527,0.0
GPS,785392991.0,4,24,43.2382503,-7.6818648,462.55,2.606,8.989,0.0
GPS,785554227.0,4,24,43.2382507,-7.6818601,461.15,1.615,5.077,0.0
GPS,785755260.0,4,24,43.2382524,-7.6818587,460.69,0.859,-0.223,0.0
GPS,785956993.0,4,23,43.238253,-7.681859,460.74,0.025,-0.09,0.0
GPS,786157966.0,4,24,43.238253,-7.681859,460.76,0.023,0.04,0.0
GPS,786398892.0,4,24,43.2382531,-7.681859,460.81,0.043,-0.075,0.0
GPS,786561833.0,4,24,43.2382533,-7.6818592,460.88,0.025,-0.024,0.0
GPS,786763043.0,4,24,43.2382531,-7.6818591,460.93,0.046,-0.01,0.0
GPS,786964866.0,4,24,43.238253,-7.681859,461.04,0.04,0.012,0.0
GPS,787166493.0,4,24,43.2382529,-7.6818589,461.11,0.034,0.029,0.0
GPS,787387723.0,4,24,43.2382527,-7.6818588,461.19,0.068,0.003,0.0
IMU,783620480.0,0,0.0394305,-0.08413487,-0.1634097,-0.4345506,-0.2544361,-10.04468
IMU,783660107.0,0,-0.1126156,0.05311667,-0.01265042,-1.150835,0.7097844,-10.36208
IMU,783703677.0,0,0.08346793,0.05410639,-0.1077338,0.005970233,-0.4715485,-10.71591
IMU,783743131.0,0,0.09869056,-0.07151708,-0.06000642,-0.02455823,0.8565056,-10.3679
IMU,783783678.0,0,-0.06084472,0.03186249,-0.02182007,-1.877146,-0.02585891,-8.438136
IMU,783829407.0,0,0.1343027,0.07513379,0.03936306,-0.6206415,0.4585904,-10.36781
IMU,783869518.0,0,-0.07679136,0.07312168,-0.05957336,-1.469756,-1.072882,-9.425214
IMU,783912752.0,0,0.119463,0.2555976,0.01095241,-1.142946,0.8942738,-10.23125
IMU,783953010.0,0,0.09232496,0.1318128,0.02225248,-1.302983,-1.473393,-11.11805
IMU,783994850.0,0,0.0439521,0.06253736,0.05086353,-1.0667,1.169087,-9.837741
IMU,784038420.0,0,0.1250188,0.06271468,-0.06997777,-1.311942,0.4533421,-10.45773
IMU,784078098.0,0,0.03557059,-0.09486596,0.01291517,-0.5605147,1.614621,-10.17676
IMU,784121892.0,0,-0.04506357,-0.0005949117,-0.04480953,-0.8503647,-1.314774,-10.09658
IMU,784161877.0,0,-0.1221931,0.06537059,-0.03556314,-0.5133835,1.261512,-10.66235
IMU,784203073.0,0,0.04783693,0.09353756,0.07759035,-0.307369,-0.7791246,-9.19306
IMU,784246535.0,0,-0.04100694,0.05982098,0.03892935,-0.4801081,0.6611932,-10.72517
IMU,784286861.0,0,-0.07908104,0.2017386,0.1210031,-0.1556737,0.09556232,-6.882219
IMU,784327021.0,0,0.122664,0.4031239,0.09073115,0.1772887,-2.532641,-3.208315
IMU,784367073.0,0,0.1378887,0.5628542,-0.06440694,-0.6722174,0.6086287,-0.6522205
IMU,784408711.0,0,0.2180016,0.6605254,-0.1421057,-0.4593695,0.2324308,-0.5080983
IMU,784448433.0,0,0.2446368,0.6612116,-0.1852968,-0.1598219,-0.2318433,-0.6581659
IMU,784488819.0,0,0.2680335,0.6882623,-0.1895464,-0.2369718,0.06664262,-0.6335338
IMU,784528675.0,0,0.2645279,0.6898615,-0.2058502,-0.2456609,-0.03553744,-0.5182154
IMU,784575204.0,0,0.2819631,0.7352058,-0.2131946,-0.2239854,0.0515409,-0.6776977
IMU,784615050.0,0,0.328921,0.7622134,-0.2139479,-0.1994732,-0.01111631,-0.7931968
IMU,784655260.0,0,0.3371957,0.7816303,-0.2185873,-0.1831836,-0.04430797,-0.7546143
IMU,784696033.0,0,0.3122641,0.8114176,-0.2255291,-0.1726053,-0.02811123,-0.7984391
IMU,784735439.0,0,0.3113517,0.8248818,-0.2275565,-0.1301815,-0.0261871,-0.909773
IMU,784776275.0,0,0.3290984,0.8184521,-0.239408,-0.08564487,-0.02574629,-1.040697
IMU,784817847.0,0,0.3552548,0.7986422,-0.2548981,-0.08069412,-0.0615353,-1.16794
IMU,784857523.0,0,0.373763,0.7839906,-0.2659304,-0.04351971,-0.03989306,-1.284855
IMU,784896967.0,0,0.3819773,0.7542958,-0.268204,-0.0245591,-0.03656531,-1.394876
IMU,784937099.0,0,0.3678704,0.7063143,-0.2679711,0.01357038,-0.08279824,-1.52203
IMU,784977145.0,0,0.342856,0.6375505,-0.2634262,0.0793025,-0.08356105,-1.600199
IMU,785019198.0,0,0.3370906,0.5578804,-0.26044,0.0732896,-0.1008076,-1.714915
IMU,785058269.0,0,0.3325999,0.4846233,-0.2686993,0.1079594,-0.09677812,-1.84936
IMU,785098277.0,0,0.3206083,0.4336618,-0.2884051,0.09121884,-0.1359336,-2.007274
IMU,785138196.0,0,0.2809421,0.362954,-0.2986243,0.1529056,-0.2171406,-2.254292
IMU,785179454.0,0,0.1596619,0.27864,-0.3070614,0.1780027,-0.2670156,-2.417421
IMU,785219003.0,0,0.002447403,0.1989554,-0.320291,0.2109392,-0.2300437,-2.604861
IMU,785259193.0,0,-0.0831233,0.06383261,-0.3362452,0.2657809,-0.2088534,-2.75912
IMU,785299122.0,0,-0.4185272,0.2454808,-0.370783,3.619535,-3.278636,-8.355016
IMU,785339514.0,0,-1.724383,0.454819,-0.577246,4.485944,-5.045838,-16.50064
IMU,785379766.0,0,-3.7371,-3.423648,-1.027212,15.83616,0.3165753,-45.77961
IMU,785420678.0,0,0.4593974,-7.041558,-1.479785,46.95654,32.83012,-137.44
IMU,785460880.0,0,4.099455,-2.780243,-0.7664085,-28.84929,-4.163355,-45.46415
IMU,785501044.0,0,-0.4967946,0.3852651,0.4220574,-2.405913,-4.89538,-7.457615
IMU,785541350.0,0,-2.10552,1.235292,0.1818368,-0.5800313,-0.9697631,-2.986511
IMU,785582833.0,0,-2.244275,1.388768,0.05603194,1.750203,-0.06345279,-2.769152
IMU,785622064.0,0,-1.213936,0.8814303,-0.04198572,2.554621,1.036745,-3.692291
IMU,785662693.0,0,0.07059805,0.2007042,-0.03170244,2.700379,1.924292,-4.632719
IMU,785702725.0,0,0.6613609,-0.06734626,0.04208754,2.640605,2.762987,-7.147473
IMU,785742693.0,0,0.5728961,0.2714644,0.006341885,2.540081,2.362612,-10.70849
IMU,785784454.0,0,0.1433626,0.2485855,-0.1152085,1.94848,1.605941,-12.41395
IMU,785824631.0,0,0.01616485,-0.03386214,0.01103481,1.33053,0.6737152,-11.62427
IMU,785864258.0,0,-0.1210593,-0.01709724,0.04427817,2.029416,0.5676988,-9.005342
IMU,785904189.0,0,-0.03837211,0.05899237,0.03265719,2.557477,1.05207,-8.864373
IMU,785944333.0,0,0.02542254,0.008182966,-0.03498393,2.297118,1.48487,-9.72271
IMU,785985497.0,0,0.0395181,-0.04073437,-0.02331503,1.820742,1.068589,-9.864584
IMU,786025239.0,0,-0.02289319,0.002211407,0.01951613,1.952065,0.7500144,-9.739528
IMU,786065860.0,0,-0.0341193,0.01806717,0.02581168,2.117349,1.150761,-9.617144
IMU,786105173.0,0,-0.02285847,0.003626279,0.01820928,2.176066,1.392655,-9.519097
IMU,786145410.0,0,0.01360684,0.00692134,-0.006655509,2.212262,1.175033,-9.481807
IMU,786186671.0,0,0.01609215,-0.01427319,-0.006313316,2.174761,1.132262,-9.674369
IMU,786226266.0,0,0.00659477,-0.01203617,-0.005009289,1.989334,1.163432,-9.595746
IMU,786266766.0,0,0.003124339,0.003919884,0.001139742,2.024491,1.132378,-9.701218
IMU,786306470.0,0,-0.01100132,-0.002248741,0.004475722,2.075832,1.223986,-9.611336
IMU,786347013.0,0,0.001247311,0.007052497,0.002136645,2.146486,1.055175,-9.529515
IMU,786386665.0,0,-0.006087857,-0.005397785,0.002601968,2.081541,1.173303,-9.613796
IMU,786427850.0,0,0.003092722,0.004276607,-0.0005611698,2.07807,1.21448,-9.63509
IMU,786468237.0,0,-0.0005752564,-0.004403434,-0.0006211385,2.150699,1.047263,-9.545007
IMU,786509438.0,0,0.001951775,-0.004494124,-0.003563375,2.027591,1.230622,-9.627563
IMU,786549201.0,0,0.002131109,0.003388636,0.0001049831,2.073755,1.083597,-9.645825
IMU,786590893.0,0,-0.007866345,0.001703692,0.003107113,2.101517,1.121232,-9.583323
IMU,786631091.0,0,-0.007688183,0.006141808,0.006179162,2.134421,1.143795,-9.612896
IMU,786670407.0,0,-0.00356562,0.001847144,0.003014703,2.088012,1.162602,-9.602599
IMU,786710173.0,0,0.0007529212,-0.002536596,-0.000497405,2.113915,1.180024,-9.594524
IMU,786750396.0,0,0.003082075,-0.0008188748,-0.001859928,2.09457,1.112272,-9.597894
IMU,786792027.0,0,0.00191976,-0.002130581,-0.0007518121,2.096904,1.164317,-9.6291
IMU,786831449.0,0,-0.0006049361,0.001574772,0.001843221,2.098781,1.112729,-9.607417
IMU,786871531.0,0,-8.522645e-05,-0.001352796,0.001440326,2.11256,1.128242,-9.588878
IMU,786911617.0,0,-0.001275762,-0.002782801,0.00163848,2.107697,1.167184,-9.620946
IMU,786952043.0,0,-0.0004293911,0.003059007,0.001556328,2.095171,1.155681,-9.624825
IMU,786993131.0,0,-0.001785928,0.0002728355,0.003050383,2.097343,1.138731,-9.615398
IMU,787033200.0,0,-0.001295542,-0.0008363064,0.0005623051,2.129518,1.139368,-9.596714
IMU,787073667.0,0,0.001199072,-0.001734354,-0.0001732998,2.097081,1.157262,-9.596528
IMU,787112989.0,0,0.001738683,-0.002149667,5.037949e-05,2.10273,1.155283,-9.618443
IMU,787153071.0,0,-0.001807063,-0.0007272857,0.002853688,2.090877,1.132151,-9.604762
IMU,787194506.0,0,0.0008657767,0.00160428,0.001082387,2.123244,1.135939,-9.607233
IMU,787235045.0,0,0.0005976043,-0.0009132154,-9.023862e-05,2.09698,1.131246,-9.584238
IMU,787274453.0,0,-0.001809999,-0.0005307482,0.002066214,2.092571,1.149222,-9.61342
IMU,787314834.0,0,-0.001329732,0.001684782,0.002221953,2.123869,1.141298,-9.603637
IMU,787354727.0,0,-0.001539711,-0.001487683,0.001762098,2.110531,1.123421,-9.591896
IMU,787395475.0,0,-0.001872413,-0.001052141,0.002079181,2.095311,1.146468,-9.60577
IMU,787436502.0,0,-0.001599302,0.001023714,0.00230555,2.120644,1.130475,-9.609145
IMU,787476072.0,0,-6.015389e-05,-0.0009103459,0.001340758,2.114751,1.137901,-9.605984
IMU,787516389.0,0,-0.001036343,-0.0006492222,0.00145985,2.092506,1.152814,-9.603842
IMU,783620480.0,1,-0.015363,-0.0385704,-0.108886,0.4813148,-0.2834977,-10.6444
IMU,783660107.0,1,-0.09148031,0.0911261,-0.03300303,-1.587635,0.8565185,-9.886022
IMU,783703677.0,1,0.04474146,0.07122558,-0.05359384,0.3038068,0.03494663,-11.59488
IMU,783743131.0,1,0.0449567,-0.0085187,-0.06362553,0.1418643,1.211338,-10.20975
IMU,783783678.0,1,-0.05516822,0.002584539,-0.07022311,-1.537362,-0.228716,-8.312948
IMU,783829407.0,1,0.1191477,0.05520955,-0.02292317,-0.6212311,0.2985891,-10.26731
IMU,783869518.0,1,-0.07118125,0.06444823,-0.06483677,-0.8710757,0.1051382,-10.26611
IMU,783912752.0,1,0.01730636,0.1641407,-0.04613672,-1.462592,1.436432,-9.863725
IMU,783953010.0,1,0.153006,0.153678,0.02725996,-0.8825143,-1.280338,-11.7717
IMU,783994850.0,1,-0.005497367,0.057971,0.008162102,-1.309861,0.8284217,-8.821709
IMU,784038420.0,1,0.07368478,0.04868825,-0.06844464,-0.9742463,0.563301,-10.35958
IMU,784078098.0,1,-0.03000677,-0.0562168,-0.002995339,-1.792604,1.355288,-9.103915
IMU,784121892.0,1,-0.05718037,0.001119535,-0.01723718,-0.2792619,-1.115578,-10.87867
IMU,784161877.0,1,-0.1473143,0.05959873,-0.08600837,-0.9818178,1.894531,-10.17353
IMU,784203073.0,1,0.04181466,0.09657092,0.04598793,-0.1824106,-0.7328876,-9.152815
IMU,784246535.0,1,-0.0806213,0.1097759,0.05215295,-0.7250533,1.217356,-10.07327
IMU,784286861.0,1,-0.05160181,0.2386588,0.09344721,-0.144909,-0.09023485,-6.335354
IMU,784327021.0,1,0.1595273,0.4259265,0.075108,0.1021047,-2.146098,-3.584705
IMU,784367073.0,1,0.1154478,0.5151247,-0.04908784,-0.845159,1.35902,-0.6592327
IMU,784408711.0,1,0.18552,0.6007713,-0.1129804,-0.2938578,0.7346063,-0.3735976
IMU,784448433.0,1,0.2132332,0.6172217,-0.1513688,-0.141144,0.05183877,-0.5255374
IMU,784488819.0,1,0.2281712,0.6379819,-0.1532353,-0.161686,0.5274261,-0.4675216
IMU,784528675.0,1,0.2303805,0.6450448,-0.1722275,-0.130372,0.3488622,-0.436359
IMU,784575204.0,1,0.2456074,0.6848419,-0.1734545,-0.2215962,0.4556774,-0.5808727
IMU,784615050.0,1,0.2914485,0.7096235,-0.1769231,-0.0993336,0.4044597,-0.6308505
IMU,784655260.0,1,0.2977625,0.7281798,-0.1833327,-0.2190472,0.3494972,-0.7079831
IMU,784696033.0,1,0.2755872,0.7588189,-0.1874262,-0.1143264,0.4325956,-0.7025127
IMU,784735439.0,1,0.2768342,0.7746226,-0.1859321,-0.1753917,0.3160295,-0.7530133
IMU,784776275.0,1,0.2932526,0.7649361,-0.2012011,0.02339236,0.3847581,-1.064316
IMU,784817847.0,1,0.3171827,0.7504025,-0.2102129,-0.08729105,0.3540312,-0.9529789
IMU,784857523.0,1,0.3320768,0.7265539,-0.2243688,-0.006033866,0.3167115,-1.197786
IMU,784896967.0,1,0.3469505,0.7001148,-0.2259408,-0.02451255,0.3123128,-1.333982
IMU,784937099.0,1,0.3316237,0.6586884,-0.2211503,-0.005657007,0.2822214,-1.488785
IMU,784977145.0,1,0.3039228,0.5926596,-0.2219217,0.09724303,0.2209438,-1.667797
IMU,785019198.0,1,0.2980469,0.5196985,-0.2164439,0.1786427,0.285225,-1.537995
IMU,785058269.0,1,0.2886191,0.4475639,-0.2273326,0.1649995,0.3071176,-1.615001
IMU,785098277.0,1,0.2791304,0.3929206,-0.250475,0.1317643,0.2603158,-1.895389
IMU,785138196.0,1,0.2382599,0.3273823,-0.260737,0.1608368,0.1922407,-2.052823
IMU,785179454.0,1,0.1219724,0.2431386,-0.2756858,0.211318,0.09293709,-2.325587
IMU,785219003.0,1,-0.008545563,0.1846774,-0.2941707,0.1949095,0.1202834,-2.441571
IMU,785259193.0,1,-0.09344556,0.06714017,-0.3146657,0.2791882,0.2416502,-2.611649
IMU,785299122.0,1,-0.3916699,0.240751,-0.3470832,3.703315,-2.95892,-8.458538
IMU,785339514.0,1,-1.665061,0.4346472,-0.5903052,5.167931,-4.930267,-17.47249
IMU,785379766.0,1,-3.917164,-2.998582,-0.9308478,16.83503,2.928099,-48.27943
IMU,785420678.0,1,-0.8957419,-6.135249,-1.553298,49.07473,30.20056,-142.7031
IMU,785460880.0,1,4.241855,-3.550311,-0.7324086,-29.17051,-5.006402,-42.37534
IMU,785501044.0,1,-0.3812825,0.3169987,0.3741958,-1.903735,-3.976173,-7.220479
IMU,785541350.0,1,-2.029223,1.179204,0.1035525,-0.3339448,-0.4298308,-2.95958
IMU,785582833.0,1,-2.228118,1.365316,-0.01519281,1.712239,0.2115351,-2.364364
IMU,785622064.0,1,-1.221954,0.8637655,-0.07572429,2.558275,1.41203,-3.380026
IMU,785662693.0,1,0.001261248,0.2076051,-0.02606995,2.637958,2.270157,-4.280236
IMU,785702725.0,1,0.6015887,-0.05873312,0.06352437,2.741312,3.074106,-6.931678
IMU,785742693.0,1,0.5628945,0.2085837,0.0379395,2.587392,2.695827,-10.58861
IMU,785784454.0,1,0.1397183,0.2403717,-0.08959322,1.939714,1.84578,-12.47961
IMU,785824631.0,1,0.01267572,-0.0197364,0.009997237,1.317549,0.8847115,-11.52488
IMU,785864258.0,1,-0.1204352,-0.01082401,0.04023054,2.031822,0.8514991,-9.005583
IMU,785904189.0,1,-0.04607847,0.06267839,0.03815876,2.615588,1.384101,-8.744489
IMU,785944333.0,1,0.009439213,0.02023764,-0.0318828,2.38264,1.835105,-9.636443
IMU,785985497.0,1,0.01902908,-0.03517785,-0.01607358,1.808472,1.432552,-9.714497
IMU,786025239.0,1,-0.02189434,0.007580128,0.02340517,2.008989,1.048548,-9.572451
IMU,786065860.0,1,-0.02833339,0.02597553,0.0313242,2.080479,1.522874,-9.479507
IMU,786105173.0,1,-0.02600252,0.01987683,0.02443136,2.257734,1.76139,-9.357548
IMU,786145410.0,1,0.006210328,0.008602176,-0.004047612,2.196737,1.466117,-9.17397
IMU,786186671.0,1,0.007702175,-0.01331509,-0.004944962,2.268327,1.518618,-9.551757
IMU,786226266.0,1,0.002602261,-0.001921144,-0.00370961,2.053404,1.476809,-9.568256
IMU,786266766.0,1,0.000650943,0.01225074,0.0006792393,2.098106,1.385249,-9.506535
IMU,786306470.0,1,-0.01416349,-0.003330612,0.009890817,2.15695,1.482683,-9.348418
IMU,786347013.0,1,-0.001227049,0.01298546,0.004393907,2.223064,1.430095,-9.315864
IMU,786386665.0,1,-0.00672483,0.0006562251,0.00344377,2.074193,1.422851,-9.506291
IMU,786427850.0,1,-0.003606757,0.01590235,0.003570406,2.072827,1.555585,-9.41251
IMU,786468237.0,1,-0.0004385698,0.002259607,0.002037533,2.193807,1.26085,-9.529943
IMU,786509438.0,1,0.0001947905,0.001951325,-0.001320845,2.082726,1.562718,-9.426452
IMU,786549201.0,1,0.0005586185,0.01386947,-0.001982488,2.111834,1.270942,-9.578903
IMU,786590893.0,1,-0.007622512,0.009949173,0.005631207,2.190589,1.412953,-9.439403
IMU,786631091.0,1,-0.009220518,0.01192858,0.01013141,2.122529,1.387495,-9.548801
IMU,786670407.0,1,-0.004162559,0.00690774,0.005232092,2.091197,1.353427,-9.488662
IMU,786710173.0,1,-0.0003263676,0.006039954,0.0006123158,2.198628,1.605451,-9.436945
IMU,786750396.0,1,0.0002922886,0.00596705,-0.001964556,2.13836,1.444984,-9.561523
IMU,786792027.0,1,0.0006950204,0.007770194,0.0007133222,2.104074,1.378924,-9.58639
IMU,786831449.0,1,-0.0005178129,0.00517225,0.001576201,2.130511,1.37955,-9.549884
IMU,786871531.0,1,-0.001288031,0.003625157,0.0001514577,2.136478,1.467445,-9.466866
IMU,786911617.0,1,-0.003850739,0.004831016,0.004231821,2.140455,1.410958,-9.426649
IMU,786952043.0,1,-0.003718033,0.003627419,0.001724032,2.135964,1.473296,-9.563089
IMU,786993131.0,1,-0.0008894804,0.002951219,0.004916682,2.135317,1.406421,-9.471635
IMU,787033200.0,1,-0.002917985,-0.001341644,0.002609199,2.169679,1.459393,-9.416101
IMU,787073667.0,1,0.0008407044,0.006318395,0.002785243,2.051503,1.54595,-9.510771
IMU,787112989.0,1,-0.000423208,0.0001403935,0.002888692,2.127305,1.359923,-9.412885
IMU,787153071.0,1,-0.006980797,0.004439233,0.006521638,2.143857,1.430029,-9.504375
IMU,787194506.0,1,6.724009e-05,0.005367777,0.0001332041,2.030306,1.399745,-9.461496
IMU,787235045.0,1,-0.0007493414,0.003818478,-0.001215979,2.152772,1.487428,-9.501848
IMU,787274453.0,1,-0.003729015,0.002544475,0.006043005,2.11853,1.470677,-9.425649
IMU,787314834.0,1,-0.000535457,0.003191854,0.003134966,2.139419,1.514516,-9.523396
IMU,787354727.0,1,-0.001778502,0.003909502,0.005265287,2.130763,1.349523,-9.576431
IMU,787395475.0,1,-0.003650165,0.004767128,0.005639336,2.091872,1.406378,-9.529326
IMU,787436502.0,1,-0.003669244,0.01196488,0.00234714,2.15151,1.428319,-9.431397
IMU,787476072.0,1,-0.00165886,0.004965457,0.006233364,2.018345,1.473507,-9.474724
IMU,787516389.0,1,-0.0007161013,0.005740824,-0.0009095708,2.17599,1.504237,-9.603893
IMU,783620480.0,2,-0.01651666,0.01527132,-0.05274619,-0.6196249,-0.3017303,-10.07065
IMU,783660107.0,2,-0.04449197,0.0921284,-0.0110796,-1.452288,0.159484,-9.56754
IMU,783703677.0,2,0.03673917,0.01612459,-0.0568415,-1.231096,-0.05417846,-10.1838
IMU,783743131.0,2,0.0988149,-0.03596879,-0.03438697,-1.915673,-1.285146,-9.664458
IMU,783783678.0,2,-0.0366096,0.006962639,-0.04320715,-0.8339238,0.8745914,-8.489603
IMU,783829407.0,2,0.0491316,0.1001292,-0.009668507,-1.492304,-0.4880626,-9.810724
IMU,783869518.0,2,-0.06737526,0.09308208,-0.03328663,-1.819777,-0.3490635,-8.330667
IMU,783912752.0,2,0.024226,0.3011364,0.004857828,-1.798082,-1.035186,-10.12469
IMU,783953010.0,2,0.04249128,0.1206141,-0.01304637,-0.7141811,-0.5518749,-10.98682
IMU,783994850.0,2,0.02606709,0.1352699,0.04258056,-0.794564,-0.6718099,-9.956433
IMU,784038420.0,2,0.01586953,0.06698077,-0.006230743,-0.907002,-0.5461865,-9.952353
IMU,784078098.0,2,0.03938472,0.04792091,0.03844777,-1.760503,-0.3044488,-8.342838
IMU,784121892.0,2,-0.1121456,-0.02246271,-0.03077676,-1.656177,0.6817036,-11.51901
IMU,784161877.0,2,-0.07444655,0.08166616,0.0352286,-2.013865,0.9395223,-8.112534
IMU,784203073.0,2,0.04715043,0.09849337,0.05521645,-1.382985,-1.202143,-10.37867
IMU,784246535.0,2,0.03403873,0.1625681,0.09798072,-1.852977,-0.2705787,-9.338408
IMU,784286861.0,2,-0.007744615,0.2072424,0.1167702,-0.6438724,-0.06777303,-6.061669
IMU,784327021.0,2,0.09871234,0.3953011,0.06206304,-0.4508173,-0.7633145,-2.07629
IMU,784367073.0,2,0.1581698,0.5624956,-0.06588557,-0.4886085,0.3268898,-0.7773668
IMU,784408711.0,2,0.234187,0.6565378,-0.1459206,-0.3160697,0.2153836,-0.1126246
IMU,784448433.0,2,0.2542025,0.6626686,-0.1831417,-0.2680084,-0.08491696,-0.5852018
IMU,784488819.0,2,0.2832377,0.6869329,-0.1890364,-0.2285724,0.05872323,-0.4579783
IMU,784528675.0,2,0.2790571,0.6860967,-0.2068741,-0.2351731,0.05978395,-0.399675
IMU,784575204.0,2,0.2968585,0.7315324,-0.2117658,-0.2390988,0.07479873,-0.5128759
IMU,784615050.0,2,0.3437538,0.7573754,-0.2155164,-0.2107143,0.04625069,-0.6182443
IMU,784655260.0,2,0.3537607,0.7789357,-0.2191333,-0.2001291,0.01229465,-0.6190639
IMU,784696033.0,2,0.3301445,0.8086052,-0.2255324,-0.1915225,0.02458166,-0.6526325
IMU,784735439.0,2,0.329076,0.8212953,-0.2249422,-0.1694915,0.02158547,-0.7419695
IMU,784776275.0,2,0.3460533,0.81358,-0.2384663,-0.1120276,0.01940435,-0.8504611
IMU,784817847.0,2,0.3723764,0.7960026,-0.2530741,-0.1243647,-0.006841746,-0.9742011
IMU,784857523.0,2,0.3902289,0.778668,-0.2656096,-0.08203334,-0.002514155,-1.111893
IMU,784896967.0,2,0.3986267,0.7486168,-0.2673958,-0.06376682,-0.01018394,-1.261813
IMU,784937099.0,2,0.3825105,0.7009012,-0.267677,-0.03234348,-0.04624178,-1.352223
IMU,784977145.0,2,0.3557501,0.6319728,-0.2618084,0.0039581,-0.04789887,-1.421375
IMU,785019198.0,2,0.3466031,0.5514825,-0.2587561,0.02420543,-0.05716438,-1.521063
IMU,785058269.0,2,0.3421763,0.4760354,-0.2707088,0.06462655,-0.06966361,-1.661618
IMU,785098277.0,2,0.3279505,0.4259009,-0.2895299,0.07117792,-0.1135704,-1.833266
IMU,785138196.0,2,0.2881722,0.3568201,-0.2997204,0.07885885,-0.1673028,-2.079574
IMU,785179454.0,2,0.1672428,0.2763515,-0.3068764,0.115639,-0.2242067,-2.263942
IMU,785219003.0,2,0.009444071,0.1985733,-0.3204917,0.170498,-0.2117464,-2.442184
IMU,785259193.0,2,-0.07791247,0.06705785,-0.3359035,0.2222622,-0.1908559,-2.543535
IMU,785299122.0,2,-0.3557228,0.2541338,-0.3820816,3.401235,-1.758034,-8.554686
IMU,785339514.0,2,-1.687909,0.4517253,-0.5819995,4.179897,-4.233325,-16.64025
IMU,785379766.0,2,-3.795073,-3.189709,-0.7453729,15.97961,-0.9001557,-46.78279
IMU,785420678.0,2,-0.02894072,-6.226598,-1.379058,46.08081,24.97211,-127.955
IMU,785460880.0,2,4.12423,-3.833602,-0.8022225,-25.76925,-2.318209,-54.11353
IMU,785501044.0,2,-0.2892098,0.2836458,0.4017279,-2.31415,-4.232849,-8.8594
IMU,785541350.0,2,-2.024542,1.275253,0.1842276,-0.4753981,-1.015805,-3.379209
IMU,785582833.0,2,-2.213809,1.463144,0.06940433,1.542572,-0.3978391,-2.359762
IMU,785622064.0,2,-1.206929,0.931614,-0.03471917,2.400052,0.6261055,-2.930017
IMU,785662693.0,2,0.06285129,0.2099514,-0.03363922,2.596815,1.630091,-4.082932
IMU,785702725.0,2,0.6539236,-0.08439888,0.03406642,2.570749,2.567858,-6.770352
IMU,785742693.0,2,0.5768337,0.2487835,0.00657704,2.649152,2.293981,-10.639
IMU,785784454.0,2,0.1546769,0.2530025,-0.1126355,1.872909,1.542255,-12.33307
IMU,785824631.0,2,0.01821407,-0.03192059,0.005977254,1.16957,0.6919013,-11.47515
IMU,785864258.0,2,-0.116357,-0.01585437,0.04103516,2.00282,0.4399811,-8.887081
IMU,785904189.0,2,-0.03538394,0.06171035,0.03059311,2.535117,0.9000211,-8.670113
IMU,785944333.0,2,0.02478958,0.01101214,-0.03601063,2.270362,1.312559,-9.49758
IMU,785985497.0,2,0.03972414,-0.03940132,-0.02542062,1.790923,0.9660914,-9.74362
IMU,786025239.0,2,-0.02211914,0.003354135,0.01611131,1.921183,0.6538697,-9.566154
IMU,786065860.0,2,-0.03327526,0.02108681,0.02475069,2.065257,1.040435,-9.444057
IMU,786105173.0,2,-0.01981683,0.00519364,0.01429877,2.128943,1.224847,-9.32832
IMU,786145410.0,2,0.01460965,0.008587257,-0.008440851,2.156653,1.011532,-9.328259
IMU,786186671.0,2,0.01677091,-0.01382824,-0.009627079,2.133892,0.9898798,-9.46995
IMU,786226266.0,2,0.008282119,-0.01070777,-0.006738341,1.952434,1.034947,-9.429985
IMU,786266766.0,2,0.002922813,0.005971772,-0.0003190444,1.987694,0.9814097,-9.531367
IMU,786306470.0,2,-0.007898399,-0.001882181,0.003437193,2.049235,1.08615,-9.432416
IMU,786347013.0,2,0.002360086,0.007493635,-0.0003997755,2.10644,0.9368807,-9.385855
IMU,786386665.0,2,-0.004541456,-0.005177452,0.001770384,2.050973,1.051265,-9.457827
IMU,786427850.0,2,0.00548045,0.005064609,-0.002960388,2.058666,1.075014,-9.476024
IMU,786468237.0,2,0.0009773655,-0.003836185,-0.003247013,2.114251,0.9139686,-9.382681
IMU,786509438.0,2,0.004517113,-0.00335871,-0.004897641,1.995751,1.09877,-9.435513
IMU,786549201.0,2,0.003531604,0.00376401,-0.001283612,2.004389,0.9642202,-9.476575
IMU,786590893.0,2,-0.004976505,0.002870176,0.001765371,2.052105,0.9886255,-9.429375
IMU,786631091.0,2,-0.006887988,0.008397795,0.004040305,2.091525,1.023069,-9.442456
IMU,786670407.0,2,-0.002159402,0.003063663,0.001754585,2.050865,1.039109,-9.418056
IMU,786710173.0,2,0.003101698,-0.001796767,-0.002254884,2.072353,1.044075,-9.435088
IMU,786750396.0,2,0.00521839,0.0002430711,-0.003795837,2.056259,0.9811574,-9.416628
IMU,786792027.0,2,0.004570415,-0.001138866,-0.002942886,2.045841,1.034262,-9.448167
IMU,786831449.0,2,0.0006860273,0.0006488636,0.0001532421,2.066876,0.9946269,-9.432723
IMU,786871531.0,2,0.0009334271,0.0006364809,-0.001808294,2.064112,1.001097,-9.41993
IMU,786911617.0,2,-0.001402687,-0.0009174043,-5.981827e-05,2.044473,1.021564,-9.419776
IMU,786952043.0,2,-0.000197725,0.00344245,-0.001359782,2.040573,1.021753,-9.427673
IMU,786993131.0,2,-0.0009049862,0.001003971,0.001551187,2.056954,1.010326,-9.438251
IMU,787033200.0,2,0.0009427782,-0.0006576816,-1.611907e-05,2.069952,1.027006,-9.419538
IMU,787073667.0,2,0.002993419,-0.001071644,-0.002428944,2.0623,1.026527,-9.417356
IMU,787112989.0,2,0.003506211,0.0002207369,-0.001352919,2.059056,1.028309,-9.449803
IMU,787153071.0,2,0.0002672726,-0.0003656162,0.0006117758,2.035461,0.9957568,-9.43438
IMU,787194506.0,2,0.002995588,0.001826275,-0.0004789563,2.061458,1.017882,-9.435007
IMU,787235045.0,2,0.002964363,0.0005106389,-0.0007725186,2.060381,1.004785,-9.435603
IMU,787274453.0,2,-0.0001522845,-0.0006207527,0.0004956118,2.060464,1.038565,-9.458364
IMU,787314834.0,2,0.0007440858,-0.0001227293,-3.680742e-05,2.059866,1.010973,-9.425396
IMU,787354727.0,2,0.001073658,0.0008230145,-7.011226e-05,2.066112,1.017681,-9.442093
IMU,787395475.0,2,-0.0001719347,0.001382938,-0.0004901646,2.060402,1.018516,-9.451
IMU,787436502.0,2,5.863249e-05,0.001381087,-0.0005426513,2.068674,1.015513,-9.440579
IMU,787476072.0,2,0.00100293,-0.000124211,-0.001107223,2.062503,1.0227,-9.433255
IMU,787516389.0,2,0.0003100759,0.0007070067,-0.0009099269,2.048131,1.019796,-9.419291
