ARM,1335407036.0,0.0
AHR2,1334715004.0,-3.37,0.76,94.22,471.21,43.2382548,-7.681918
AHR2,1334820507.0,-2.96,0.71,93.83,470.94,43.2382546,-7.6819142
AHR2,1334925071.0,-3.65,0.56,92.96,471.42,43.2382542,-7.6819099
AHR2,1335031206.0,-4.12,0.02,92.66,472.49,43.2382539,-7.6819056
AHR2,1335134681.0,-3.64,0.59,92.48,471.85,43.2382536,-7.6819015
AHR2,1335240634.0,-2.87,1.25,92.33,472.26,43.2382531,-7.6818979
AHR2,1335344443.0,-3.16,2.42,92.33,472.51,43.2382526,-7.6818939
AHR2,1335449708.0,-2.41,3.56,92.58,472.64,43.2382525,-7.6818918
AHR2,1335549709.0,-0.22,6.91,91.7,471.74,43.2382522,-7.6818882
AHR2,1335651998.0,3.32,11.75,89.81,471.98,43.2382517,-7.6818835
AHR2,1335751891.0,7.24,16.44,87.94,471.52,43.2382514,-7.68188
AHR2,1335854453.0,11.23,20.98,86.31,471.45,43.2382509,-7.6818769
AHR2,1335954854.0,14.73,25.1,84.76,471.15,43.2382505,-7.6818735
AHR2,1336056404.0,17.31,28.6,83.04,470.81,43.2382501,-7.6818702
AHR2,1336157226.0,18.46,31.36,81.14,470.39,43.2382497,-7.6818668
AHR2,1336258894.0,18.41,33.48,78.6,469.66,43.2382492,-7.6818634
AHR2,1336358700.0,16.78,33.84,75.36,469.35,43.2382489,-7.6818602
AHR2,1336460188.0,13.84,32.73,71.28,468.81,43.2382482,-7.6818587
AHR2,1336560742.0,13.92,27.18,67.51,468.42,43.2382478,-7.6818557
AHR2,1336662744.0,-19.92,-6.32,67.68,465.94,43.2382472,-7.6818529
AHR2,1336763564.0,-46.04,-14.48,72.25,465.28,43.2382467,-7.6818502
AHR2,1336863833.0,-63.22,-14.11,71.92,465.42,43.2382453,-7.6818425
AHR2,1336963848.0,-70.24,-11.72,70.16,465.28,43.2382446,-7.6818383
AHR2,1337064897.0,-65.6,-3.85,72.38,465.18,43.2382391,-7.6818331
AHR2,1337165870.0,-44.16,4.03,73.05,465.19,43.2382368,-7.6818286
AHR2,1337267047.0,-12.49,7.89,75.52,465.07,43.2382351,-7.6818295
AHR2,1337367532.0,-7.19,-2.09,78.31,465.32,43.238233,-7.6818266
AHR2,1337467635.0,-11.84,0.23,77.36,464.97,43.2382366,-7.6818339
AHR2,1337567645.0,-10.43,0.14,77.28,465.19,43.2382362,-7.6818336
AHR2,1337667533.0,-10.55,0.05,77.32,464.98,43.2382378,-7.6818369
AHR2,1337767885.0,-10.6,0.06,77.32,465.12,43.2382379,-7.6818369
AHR2,1337868049.0,-10.62,0.06,77.32,465.21,43.2382384,-7.6818393
AHR2,1337968444.0,-10.65,0.07,77.32,465.11,43.2382384,-7.6818393
AHR2,1338068848.0,-10.67,0.08,77.32,465.33,43.2382388,-7.6818416
AHR2,1338170495.0,-10.68,0.1,77.33,465.08,43.2382388,-7.6818417
AHR2,1338271102.0,-10.7,0.11,77.33,465.17,43.23824,-7.6818443
AHR2,1338371087.0,-10.72,0.13,77.33,465.15,43.23824,-7.6818443
AHR2,1338472121.0,-10.74,0.14,77.32,465.07,43.238241,-7.6818466
ATT,1334714441.0,-3.159013,-3.194587,-2.387046,0.1758482,98.73768,98.59082
ATT,1334819747.0,-3.384281,-2.814601,-1.914228,0.0827361,98.72837,98.05808
ATT,1334924461.0,-3.480971,-3.480352,-1.497896,-0.07795145,98.71732,97.03732
ATT,1335030615.0,-3.389105,-3.937684,-0.8769643,-0.6138688,98.69775,96.59112
ATT,1335134040.0,-3.031945,-3.47616,-0.04303646,-0.05355599,98.67294,96.29525
ATT,1335239850.0,-2.772517,-2.749398,1.027402,0.6032273,98.64692,96.03481
ATT,1335343831.0,-2.490609,-3.106951,2.062005,1.778285,98.62694,95.91621
ATT,1335449021.0,-1.795807,-2.39144,2.29717,2.956734,96.10387,96.06821
ATT,1335549090.0,-0.9117459,-0.1234961,1.166287,6.398553,95.19346,95.19163
ATT,1335651438.0,-0.4595993,3.458658,0.5879097,11.57132,93.34467,93.39725
ATT,1335751278.0,-0.2340174,7.370338,0.2993504,16.68817,91.53931,91.65367
ATT,1335853828.0,-0.1178574,11.42306,0.1507609,21.74864,89.95219,90.13432
ATT,1335954227.0,-0.05998623,15.02816,0.07673321,26.43911,88.47082,88.71818
ATT,1336055772.0,-0.03025804,17.73419,0.03870524,30.44864,86.81906,87.12093
ATT,1336156678.0,-0.01538579,18.99858,0.01968103,33.69839,84.9615,85.29585
ATT,1336258248.0,-0.007755223,19.0231,0.009921191,36.33386,82.44611,82.79185
ATT,1336358079.0,-0.003959346,17.34934,0.005064214,37.22504,79.15775,79.47773
ATT,1336459448.0,-0.00200856,14.193,0.002569631,36.65965,74.91293,75.17404
ATT,1336560191.0,-0.001021405,14.01759,0.00130562,31.64099,70.94748,71.19051
ATT,1336662061.0,-0.0005138596,-19.95346,0.0006566787,-1.948804,70.88625,70.59467
ATT,1336762758.0,-0.0002617397,-45.92702,0.000334622,-10.50834,75.07884,74.45533
ATT,1336863088.0,-0.0002433398,-62.66571,0.0003109449,-8.827147,74.56161,73.79481
ATT,1336963121.0,-0.0002389792,-69.28387,0.0003055594,-4.947595,72.24512,71.44397
ATT,1337064221.0,-0.0002296821,-63.81297,0.0002937526,3.153513,74.39896,73.63107
ATT,1337165181.0,-0.0002203211,-41.67036,0.0002813769,11.32996,75.22492,74.64541
ATT,1337266487.0,-0.0002112765,-6.921043,0.0002700442,15.53755,78.26832,78.16149
ATT,1337366854.0,-0.0002112765,1.462511,0.0002700442,5.517638,80.28482,80.30672
ATT,1337467013.0,-0.0002112766,-2.54752,0.0002700443,7.892887,79.88287,79.84455
ATT,1337567032.0,-0.0002112766,-1.61871,0.0002700444,7.606323,79.76662,79.74228
ATT,1337667005.0,-0.0002112766,-1.773947,0.0002700444,7.479682,79.78792,79.76125
ATT,1337767201.0,-0.0002112765,-1.768854,0.0002700444,7.51164,79.78078,79.7542
ATT,1337867395.0,-0.0002112765,-1.805311,0.0002700444,7.488123,79.81272,79.78558
ATT,1337967662.0,-0.0002112764,-1.845066,0.0002700444,7.461728,79.83693,79.8092
ATT,1338068223.0,-0.0002069213,-1.917257,0.0002644127,7.437119,79.92967,79.90086
ATT,1338169838.0,-0.0002022643,-1.97519,0.0002582638,7.421667,80.01376,79.98409
ATT,1338270622.0,-0.0002022642,-2.0786,0.0002582637,7.40619,80.18041,80.14918
ATT,1338370508.0,-0.0002022642,-2.169324,0.0002582637,7.394086,80.33073,80.29813
ATT,1338471532.0,-0.0001973304,-2.276838,0.0002522658,7.386104,80.51114,80.47691
BARO,1334712082.0,0,5.245148,470.4851,96722.41
BARO,1334817485.0,0,4.976685,470.2167,96725.3
BARO,1334921996.0,0,5.451416,470.6914,96720.17
BARO,1335027748.0,0,6.525177,471.7652,96708.53
BARO,1335131999.0,0,5.886566,471.1266,96715.45
BARO,1335237109.0,0,6.290649,471.5306,96711.07
BARO,1335341488.0,0,6.542145,471.7821,96708.37
BARO,1335446452.0,0,6.672119,471.9121,96706.94
BARO,1335547219.0,0,5.770721,471.0107,96716.72
BARO,1335648684.0,0,6.010895,471.2509,96714.09
BARO,1335748992.0,0,5.555969,470.796,96719.05
BARO,1335851052.0,0,5.485321,470.7253,96719.81
BARO,1335951805.0,0,5.185791,470.4258,96723.05
BARO,1336053771.0,0,4.843872,470.0839,96726.74
BARO,1336153835.0,0,4.420013,469.66,96731.33
BARO,1336255805.0,0,3.699463,468.9395,96739.16
BARO,1336355707.0,0,3.380157,468.6201,96742.59
BARO,1336456735.0,0,2.8461,468.0861,96748.38
BARO,1336557457.0,0,2.453339,467.6933,96752.66
BARO,1336659803.0,0,-0.02484131,465.2151,96779.48
BARO,1336759718.0,0,-0.6803894,464.5596,96786.61
BARO,1336860637.0,0,-0.5447693,464.6952,96785.13
BARO,1336960833.0,0,-0.6888733,464.5511,96786.7
BARO,1337061373.0,0,-0.782135,464.4579,96787.7
BARO,1337162821.0,0,-0.7792969,464.4607,96787.68
BARO,1337263864.0,0,-0.8951416,464.3448,96788.94
BARO,1337364204.0,0,-0.6436462,464.5963,96786.2
BARO,1337464747.0,0,-0.9968872,464.2431,96790.02
BARO,1337565050.0,0,-0.7736511,464.4663,96787.6
BARO,1337664509.0,0,-0.9827576,464.2572,96789.88
BARO,1337764675.0,0,-0.8414612,464.3985,96788.35
BARO,1337865044.0,0,-0.7595215,464.4805,96787.46
BARO,1337965108.0,0,-0.8555908,464.3844,96788.48
BARO,1338066043.0,0,-0.6380005,464.602,96786.14
BARO,1338167067.0,0,-0.8894958,464.3505,96788.88
BARO,1338268422.0,0,-0.7905884,464.4494,96787.78
BARO,1338368439.0,0,-0.8103638,464.4296,96788.0
BARO,1338469646.0,0,-0.8979797,464.342,96788.97
BARO,1334712082.0,1,4.945618,470.1856,96705.81
BARO,1334817485.0,1,5.44577,470.6858,96700.41
BARO,1334921996.0,1,4.518921,469.7589,96710.43
BARO,1335027748.0,1,5.801819,471.0418,96696.54
BARO,1335131999.0,1,5.550323,470.7903,96699.27
BARO,1335237109.0,1,5.810272,471.0503,96696.45
BARO,1335341488.0,1,6.796448,472.0364,96685.79
BARO,1335446452.0,1,6.290649,471.5306,96691.26
BARO,1335547219.0,1,5.832886,471.0729,96696.22
BARO,1335648684.0,1,5.790497,471.0305,96696.66
BARO,1335748992.0,1,5.555969,470.796,96699.21
BARO,1335851052.0,1,5.112335,470.3523,96704.01
BARO,1335951805.0,1,5.154724,470.3947,96703.55
BARO,1336053771.0,1,4.931488,470.1715,96705.97
BARO,1336153835.0,1,4.148773,469.3888,96714.45
BARO,1336255805.0,1,3.507324,468.7473,96721.4
BARO,1336355707.0,1,3.278442,468.5184,96723.88
BARO,1336456735.0,1,2.727417,467.9674,96729.83
BARO,1336557457.0,1,2.300751,467.5407,96734.45
BARO,1336659803.0,1,-0.626709,464.6133,96766.19
BARO,1336759718.0,1,-0.7340698,464.5059,96767.35
BARO,1336860637.0,1,-0.8979797,464.342,96769.13
BARO,1336960833.0,1,-0.7990723,464.4409,96768.05
BARO,1337061373.0,1,-0.6408386,464.5992,96766.34
BARO,1337162821.0,1,-0.6662598,464.5737,96766.62
BARO,1337263864.0,1,-0.8866577,464.3533,96769.01
BARO,1337364204.0,1,-1.1297,464.1103,96771.63
BARO,1337464747.0,1,-0.7453918,464.4946,96767.46
BARO,1337565050.0,1,-1.242706,463.9973,96772.84
BARO,1337664509.0,1,-0.8442993,464.3957,96768.52
BARO,1337764675.0,1,-1.087311,464.1527,96771.16
BARO,1337865044.0,1,-1.044922,464.1951,96770.72
BARO,1337965108.0,1,-0.8499451,464.39,96768.61
BARO,1338066043.0,1,-0.8725586,464.3674,96768.85
BARO,1338167067.0,1,-1.053375,464.1866,96770.81
BARO,1338268422.0,1,-0.9827576,464.2572,96770.05
BARO,1338368439.0,1,-0.8866577,464.3533,96768.99
BARO,1338469646.0,1,-0.7962646,464.4437,96768.02
GPS,1334788531.0,4,25,43.2382551,-7.6819204,467.55,3.414,-0.209,0.0
GPS,1334978734.0,4,25,43.2382544,-7.6819123,467.62,3.243,-0.273,0.0
GPS,1335188023.0,4,25,43.2382537,-7.6819044,467.66,3.18,-0.108,0.0
GPS,1335419855.0,4,25,43.2382529,-7.681897,467.69,2.918,-0.112,0.0
GPS,1335582670.0,4,25,43.2382522,-7.6818899,467.66,2.83,0.394,0.0
GPS,1335784429.0,4,25,43.2382515,-7.6818831,467.36,2.753,2.657,0.0
GPS,1335986663.0,4,25,43.2382507,-7.6818764,466.65,2.743,4.454,0.0
GPS,1336170107.0,4,25,43.2382499,-7.6818698,465.59,2.571,6.18,0.0
GPS,1336411243.0,4,24,43.238249,-7.6818637,464.21,2.502,7.774,0.0
GPS,1336592891.0,4,25,43.238248,-7.6818579,462.51,2.235,9.299001,0.0
GPS,1336775881.0,4,25,43.2382468,-7.6818511,460.31,3.503,12.43,0.0
GPS,1336975872.0,4,25,43.2382437,-7.6818424,458.19,4.451,8.621,0.0
GPS,1337177733.0,4,19,43.2382393,-7.6818354,456.91,3.306,4.673,0.0
GPS,1337399627.0,4,19,43.2382375,-7.6818346,456.61,0.627,1.503,0.0
GPS,1337579694.0,4,22,43.2382377,-7.6818368,456.79,0.105,0.11,0.0
GPS,1337780195.0,4,25,43.2382384,-7.6818393,457.15,0.03,0.118,0.0
GPS,1337980637.0,4,25,43.2382388,-7.6818416,457.53,0.039,0.106,0.0
GPS,1338183120.0,4,25,43.23824,-7.6818443,458.07,0.004,-0.026,0.0
GPS,1338406335.0,4,25,43.238241,-7.6818466,458.67,0.035,-0.121,0.0
IMU,1334679713.0,0,0.2097215,0.06635347,-0.05786474,-0.6755988,1.474723,-9.27666
IMU,1334719253.0,0,0.01174269,0.1206679,-0.04690411,-0.3618434,-0.7210145,-9.49564
IMU,1334768461.0,0,0.01646338,-0.02087045,-0.08803937,0.221158,0.2763287,-10.38735
IMU,1334810455.0,0,0.03636996,-0.1220362,-0.1418331,-0.5868345,0.9904048,-9.882198
IMU,1334850868.0,0,-0.0558278,0.03654715,-0.1243214,-1.312047,-0.1185032,-8.659492
IMU,1334894112.0,0,-0.1596682,-0.05948422,-0.121696,-0.3865256,0.7598251,-10.53966
IMU,1334934510.0,0,-0.1505976,-0.1394955,-0.1462573,-0.3155246,-0.09970666,-10.20152
IMU,1334978884.0,0,0.0473217,-0.1506124,-0.1236425,-0.9478191,0.7610574,-8.667755
IMU,1335020648.0,0,0.2021567,-0.0383996,-0.01026082,-0.5944311,-0.5843883,-9.843511
IMU,1335060854.0,0,0.2120111,-0.09194008,-0.06006658,-0.6278155,-0.2394912,-9.284922
IMU,1335104475.0,0,0.06487969,0.1465493,-0.06349479,-0.2996718,1.260214,-10.40616
IMU,1335144650.0,0,0.1211828,0.1307365,-0.07045564,-0.8855042,1.342092,-10.04656
IMU,1335188183.0,0,0.02232171,0.2505921,0.05496467,-1.228055,-0.8140216,-9.072515
IMU,1335229609.0,0,-0.08735828,0.2580061,-0.01862941,-0.9480872,-1.505052,-9.201582
IMU,1335270503.0,0,-0.2433801,0.1535926,-0.0737205,-0.3335426,0.194265,-9.355635
IMU,1335313717.0,0,-0.07674087,0.1455908,-0.0189582,-0.8706868,1.101366,-9.540218
IMU,1335353750.0,0,-0.0422052,0.1885132,-0.000624601,-0.9698876,0.5174983,-9.305094
IMU,1335397687.0,0,0.1034081,0.1996454,0.07468788,-0.8808458,0.5955334,-9.09149
IMU,1335438398.0,0,0.274016,0.2096792,0.137022,-0.6461515,-0.4552514,-6.859822
IMU,1335479041.0,0,0.2894447,0.3678894,-0.02046479,-0.04044779,2.620157,-2.677264
IMU,1335519533.0,0,0.5302754,0.6711909,-0.1370381,-0.1507881,-0.5421136,-0.7890254
IMU,1335559740.0,0,0.5892504,0.852771,-0.2573259,-0.2081688,-0.05652139,-0.4563531
IMU,1335600991.0,0,0.6651239,0.8831553,-0.328195,-0.06547997,0.0186771,-0.7262308
IMU,1335641228.0,0,0.6997668,0.8663587,-0.3438573,-0.1674742,0.02680238,-0.8910986
IMU,1335681280.0,0,0.7482806,0.8696095,-0.3633532,-0.1406329,0.02791931,-0.7557273
IMU,1335721437.0,0,0.763267,0.8573587,-0.3763357,-0.09444641,-0.04491039,-0.817333
IMU,1335761682.0,0,0.7706838,0.850169,-0.3789652,-0.02369601,-0.06914259,-0.850202
IMU,1335803869.0,0,0.7881712,0.8204042,-0.3747205,-0.02606581,-0.08000543,-1.006251
IMU,1335844033.0,0,0.7780497,0.7917866,-0.3805197,-0.008089589,-0.1233072,-1.068635
IMU,1335883881.0,0,0.7443805,0.7621666,-0.3879699,0.008983234,-0.1218051,-1.123893
IMU,1335923876.0,0,0.7199074,0.730312,-0.3998297,0.05908854,-0.1319888,-1.182713
IMU,1335964499.0,0,0.6864824,0.6920297,-0.4110318,0.1055747,-0.1907543,-1.217233
IMU,1336005670.0,0,0.6265062,0.6079389,-0.4178504,0.1521914,-0.2999255,-1.452781
IMU,1336045663.0,0,0.5279059,0.5279769,-0.4237508,0.06817982,-0.272945,-1.468123
IMU,1336086304.0,0,0.4447701,0.4781287,-0.4235006,0.09855638,-0.2406048,-1.502429
IMU,1336126672.0,0,0.3716195,0.447589,-0.4262551,0.1400876,-0.2148301,-1.578944
IMU,1336167101.0,0,0.322553,0.4069881,-0.449161,0.149861,-0.194506,-1.613408
IMU,1336208208.0,0,0.2766491,0.3459513,-0.4730313,0.2053336,-0.2500105,-1.70911
IMU,1336248492.0,0,0.2026896,0.2397503,-0.4817372,0.2517641,-0.3197668,-1.813211
IMU,1336288708.0,0,0.1241652,0.09872958,-0.4781565,0.2827804,-0.3342879,-1.939034
IMU,1336328072.0,0,0.03916948,-0.02630571,-0.479077,0.3130181,-0.364339,-2.099072
IMU,1336368431.0,0,-0.02407479,-0.144145,-0.4928606,0.3337952,-0.3479475,-2.192299
IMU,1336407987.0,0,-0.07288133,-0.2368127,-0.535113,0.3542825,-0.3598522,-2.188608
IMU,1336449481.0,0,-0.1347758,-0.3077709,-0.5507697,0.3645142,-0.2639531,-2.307199
IMU,1336489525.0,0,-0.06154247,-0.4984452,-0.5334291,0.838051,-0.5390416,-3.360598
IMU,1336529523.0,0,0.5436402,-1.06626,-0.2805211,1.185096,-0.1361522,-3.432543
IMU,1336570993.0,0,1.275622,-2.054486,-0.01326767,2.709123,0.3128066,-6.466921
IMU,1336611700.0,0,-18.66301,-17.93509,4.213977,-43.27376,-49.081,-123.0926
IMU,1336652038.0,0,-5.723114,-2.153153,-2.040339,-3.119601,7.513674,16.47383
IMU,1336692072.0,0,-5.172867,-2.444214,-0.4084346,0.6421797,3.00202,2.070542
IMU,1336732481.0,0,-4.179905,-1.456581,-0.1036798,0.09666367,1.421359,2.831829
IMU,1336773615.0,0,-3.511129,-0.4947344,0.04838732,-0.1025455,1.199779,0.09450592
IMU,1336813024.0,0,-3.072685,0.2191577,0.1751915,0.2273985,1.150447,0.806196
IMU,1336852787.0,0,-2.550241,0.5704284,0.2760518,0.1298365,1.825534,0.4825518
IMU,1336892879.0,0,-1.762479,0.6444537,0.3806905,-0.3226421,3.187802,0.4983684
IMU,1336933058.0,0,-1.038707,0.6568478,0.4854199,-1.187127,5.198667,0.5743159
IMU,1336973028.0,0,-0.3691581,0.5184693,0.6423769,-2.310318,7.856461,0.9949366
IMU,1337014030.0,0,0.31984,0.02862841,1.181455,-5.095132,15.31429,1.488568
IMU,1337053841.0,0,2.1222,0.2379069,2.104825,-10.15429,20.36375,-0.5471907
IMU,1337095103.0,0,3.035257,0.3563451,1.562262,0.4724062,9.939537,0.08912155
IMU,1337134853.0,0,4.077686,0.8227341,1.074322,1.957716,8.050175,-0.7474626
IMU,1337175425.0,0,4.938158,0.8561096,0.8818489,3.40544,6.319568,-2.113347
IMU,1337216261.0,0,5.845129,0.5711191,0.9494557,3.090543,4.259365,-4.073256
IMU,1337255885.0,0,6.256599,0.1578776,0.9174768,3.28942,0.5796079,-8.464072
IMU,1337296531.0,0,4.269574,-1.708154,0.8017795,2.938403,-5.986956,-20.04665
IMU,1337336981.0,0,0.09179672,-2.627278,0.4539296,1.519413,-9.274379,-17.60996
IMU,1337377428.0,0,-1.454028,0.01264026,-0.2604379,0.415324,-0.2933172,-8.742965
IMU,1337417014.0,0,-0.8209164,0.6722495,-0.07254813,-0.8895818,2.595005,-7.773967
IMU,1337457044.0,0,-0.2738233,0.2851093,0.0168384,-1.145784,3.63846,-8.464413
IMU,1337497447.0,0,0.1744335,-0.2009335,0.01858608,-0.6534537,3.352459,-9.797979
IMU,1337537237.0,0,0.2415106,-0.006227411,-0.05670083,0.3031892,1.573888,-10.63484
IMU,1337577452.0,0,0.01006347,0.1081742,0.02095001,0.8779274,1.003276,-9.638145
IMU,1337616837.0,0,-0.02329776,-0.04602892,0.00788934,0.4616885,1.439799,-9.257403
IMU,1337656990.0,0,-0.03373186,-0.04759244,-0.004206263,0.07092363,1.771482,-10.05433
IMU,1337697281.0,0,0.01196274,0.02981035,0.007668383,0.1410619,1.829268,-9.810833
IMU,1337737451.0,0,0.007477678,0.001918721,-0.001587596,0.400048,1.438006,-9.634354
IMU,1337777451.0,0,-0.01449583,-0.01278552,0.00309722,0.2931149,1.681624,-9.786481
IMU,1337817380.0,0,0.003752593,0.0006534421,0.0005508729,0.1633023,1.67133,-9.763577
IMU,1337858051.0,0,0.001935018,0.003683222,0.004882721,0.3226743,1.59125,-9.743104
IMU,1337897672.0,0,-0.004904344,-0.008553249,0.001292632,0.2699427,1.628004,-9.757732
IMU,1337937358.0,0,0.0002407418,0.0003691872,0.002293861,0.2240616,1.648427,-9.765677
IMU,1337977857.0,0,-0.0001607632,-0.001864031,0.002979515,0.3078438,1.600712,-9.721463
IMU,1338018219.0,0,-0.002720262,-0.004326304,0.001381204,0.2510142,1.641924,-9.757383
IMU,1338058860.0,0,0.0005306614,-0.001093569,0.001716936,0.2680008,1.641251,-9.773726
IMU,1338099737.0,0,-0.0004544378,-0.002454477,0.003377014,0.2821347,1.620238,-9.772505
IMU,1338139182.0,0,-0.001327728,-0.002347239,0.002207423,0.2598311,1.630752,-9.759888
IMU,1338180419.0,0,-0.0003834419,-0.001335123,0.001733702,0.2784936,1.625178,-9.746795
IMU,1338220532.0,0,-0.001090094,-0.002431606,0.001955654,0.2828322,1.629107,-9.756134
IMU,1338260627.0,0,-0.001631756,-0.002054094,0.002285121,0.266536,1.634111,-9.746051
IMU,1338300523.0,0,-0.0009450319,-0.002183981,0.002875473,0.2728867,1.629209,-9.748214
IMU,1338340910.0,0,-0.001634397,-0.001784049,0.001778946,0.2745827,1.632658,-9.761208
IMU,1338380977.0,0,-0.0009185312,-0.0007574897,0.002643848,0.2636822,1.624448,-9.744857
IMU,1338421697.0,0,6.772772e-05,-0.001467219,0.002375356,0.2726926,1.616868,-9.740611
IMU,1338461672.0,0,-0.001167908,-0.001876448,0.002303528,0.2656309,1.624612,-9.756628
IMU,1338501881.0,0,-0.001459747,-0.002751203,0.00107682,0.2698338,1.613509,-9.755598
IMU,1338541607.0,0,-0.00133758,-0.001081618,0.001535538,0.2668532,1.612688,-9.763542
IMU,1338582616.0,0,-0.001053405,-0.00186453,0.003501111,0.2886485,1.628773,-9.752158
IMU,1334679713.0,1,0.1206073,0.04518302,-0.1380603,-0.7467064,0.3139143,-9.600172
IMU,1334719253.0,1,-0.0152626,0.1482997,-0.007371634,0.1451726,-0.3309525,-9.770494
IMU,1334768461.0,1,-0.03253106,0.02139391,-0.07289958,0.9060922,1.799439,-10.28864
IMU,1334810455.0,1,-0.01765751,-0.09898323,-0.131928,-0.3760028,0.9821271,-9.499983
IMU,1334850868.0,1,-0.0722596,-0.005634263,-0.1340825,-0.8684501,0.103091,-8.63613
IMU,1334894112.0,1,-0.2093083,-0.007885003,-0.1145274,0.2095739,1.411139,-10.25401
IMU,1334934510.0,1,-0.1470345,-0.1151276,-0.1369701,0.3169237,0.7626563,-10.27566
IMU,1334978884.0,1,-0.02848691,-0.1524002,-0.1088921,-0.9545034,0.3061071,-8.678851
IMU,1335020648.0,1,0.1719179,-0.04227281,-0.03896162,-0.2402269,-0.4823658,-11.40689
IMU,1335060854.0,1,0.1509112,-0.07968903,-0.05173849,0.3367037,0.4660314,-10.74021
IMU,1335104475.0,1,0.06314685,0.1039802,-0.05543015,-0.9806766,1.392163,-9.877756
IMU,1335144650.0,1,0.06525297,0.09265484,-0.05789218,-1.597979,0.9719436,-9.504703
IMU,1335188183.0,1,0.0249623,0.2177134,0.01712679,-0.9313201,-0.004555322,-9.451488
IMU,1335229609.0,1,-0.05389634,0.2392772,-0.02517085,-1.013454,-0.2205053,-9.710015
IMU,1335270503.0,1,-0.2043909,0.154436,-0.06927881,-0.1236907,1.309533,-8.975592
IMU,1335313717.0,1,-0.04704338,0.122646,0.001590281,-1.059767,1.828762,-8.189276
IMU,1335353750.0,1,-0.04620509,0.1942899,-0.05127611,-0.9064688,0.6525062,-9.051517
IMU,1335397687.0,1,0.02700392,0.1685983,0.05994508,-0.6529705,1.089025,-8.745461
IMU,1335438398.0,1,0.2187552,0.180468,0.125976,-0.6131133,-1.382312,-7.310065
IMU,1335479041.0,1,0.2389378,0.3677441,0.000134892,-0.2847714,3.100245,-2.092997
IMU,1335519533.0,1,0.5088888,0.6223847,-0.1002951,-0.07739241,-0.2692282,-0.5898602
IMU,1335559740.0,1,0.5482543,0.7985358,-0.2052789,-0.2373937,0.4227643,-0.4186435
IMU,1335600991.0,1,0.6170239,0.8270332,-0.2706528,-0.05364513,0.4218729,-0.6335148
IMU,1335641228.0,1,0.6539045,0.8101877,-0.2821945,-0.08562654,0.3595669,-0.7550737
IMU,1335681280.0,1,0.7022738,0.8161999,-0.2951362,-0.1383601,0.4802346,-0.5757421
IMU,1335721437.0,1,0.7192357,0.8021457,-0.3113548,-0.106664,0.3615869,-0.768316
IMU,1335761682.0,1,0.7243907,0.7903935,-0.3111259,0.009219931,0.3525215,-0.7163453
IMU,1335803869.0,1,0.7384238,0.7603861,-0.3102192,-0.06640464,0.3773311,-0.8967063
IMU,1335844033.0,1,0.7299363,0.7411972,-0.3143789,-0.04973755,0.2552983,-0.9557174
IMU,1335883881.0,1,0.694854,0.7091878,-0.3292836,-0.01554743,0.3095981,-1.003036
IMU,1335923876.0,1,0.6706,0.6822847,-0.3364267,0.05370557,0.2722423,-1.125355
IMU,1335964499.0,1,0.6370502,0.6381859,-0.3471319,0.0997098,0.2018447,-1.088579
IMU,1336005670.0,1,0.5844333,0.5727211,-0.3593687,0.1314584,0.04689004,-1.362137
IMU,1336045663.0,1,0.4854037,0.4886136,-0.3662161,0.2017862,0.01349195,-1.381422
IMU,1336086304.0,1,0.3986652,0.4318769,-0.3754258,0.212704,0.2122885,-1.329522
IMU,1336126672.0,1,0.3278374,0.4084973,-0.3765259,0.1853523,0.3373093,-1.600926
IMU,1336167101.0,1,0.2786619,0.3670304,-0.3970886,0.1366052,0.2602365,-1.511553
IMU,1336208208.0,1,0.2342373,0.3151425,-0.424058,0.2208657,0.1284944,-1.678979
IMU,1336248492.0,1,0.157361,0.2196993,-0.4380489,0.2937743,0.1303943,-1.680011
IMU,1336288708.0,1,0.07448742,0.1043963,-0.4389738,0.2843324,0.02797182,-1.874403
IMU,1336328072.0,1,0.01077049,-0.02200597,-0.4440071,0.3185468,0.04403197,-1.998773
IMU,1336368431.0,1,-0.0441239,-0.1301244,-0.4547188,0.3746263,0.08680661,-2.095379
IMU,1336407987.0,1,-0.08661503,-0.2159954,-0.4995198,0.3088684,0.08412958,-2.128358
IMU,1336449481.0,1,-0.1555208,-0.2882305,-0.5158523,0.3640457,0.1408144,-2.066144
IMU,1336489525.0,1,-0.1049443,-0.4625268,-0.5038385,0.7239769,-0.01498633,-3.249528
IMU,1336529523.0,1,0.4611079,-1.013504,-0.2602243,1.041609,0.2128889,-3.193874
IMU,1336570993.0,1,1.161458,-1.958174,0.008216504,2.407856,0.5299701,-6.261192
IMU,1336611700.0,1,-20.17242,-21.3231,2.931841,-12.76791,-93.35892,-170.2766
IMU,1336652038.0,1,-5.796553,-1.968892,-1.864812,-2.982956,7.048403,20.06273
IMU,1336692072.0,1,-5.173573,-2.308581,-0.5974507,0.8830762,3.125214,2.432636
IMU,1336732481.0,1,-4.170476,-1.386159,-0.2688737,0.2238175,1.649812,3.122364
IMU,1336773615.0,1,-3.479046,-0.4489624,-0.08663285,-0.2416446,1.46371,0.30386
IMU,1336813024.0,1,-3.028863,0.2309076,0.05287946,0.2138233,1.502277,1.240081
IMU,1336852787.0,1,-2.519209,0.5559473,0.1449369,0.1187724,2.187034,0.6748121
IMU,1336892879.0,1,-1.749416,0.6266118,0.2635694,-0.2859318,3.668942,0.7604246
IMU,1336933058.0,1,-1.023659,0.6314518,0.3917982,-1.178859,5.577428,0.8222128
IMU,1336973028.0,1,-0.3700383,0.5071259,0.5517293,-2.408482,8.331213,1.139729
IMU,1337014030.0,1,0.2729811,0.065657,1.018674,-5.269914,15.47248,1.651999
IMU,1337053841.0,1,2.036183,0.1720268,2.016549,-10.20348,20.65025,-0.1768334
IMU,1337095103.0,1,2.949766,0.2758113,1.589577,0.5830109,10.29376,0.5684521
IMU,1337134853.0,1,3.982332,0.7145913,1.165107,2.081984,8.228224,-0.5036404
IMU,1337175425.0,1,4.85342,0.7645123,0.9973381,3.42606,6.339449,-1.868625
IMU,1337216261.0,1,5.777904,0.4765542,1.088222,3.05105,4.215548,-3.789674
IMU,1337255885.0,1,6.190189,0.1077753,1.076683,3.441306,0.3688225,-8.760536
IMU,1337296531.0,1,4.390726,-1.565737,0.8867285,2.99428,-5.987428,-21.53805
IMU,1337336981.0,1,0.2577729,-2.614001,0.4378638,1.814615,-8.803279,-18.0447
IMU,1337377428.0,1,-1.456209,-0.04263281,-0.2879619,0.4013407,0.1141784,-8.32354
IMU,1337417014.0,1,-0.8335262,0.6428635,-0.09736068,-0.9832568,2.834911,-7.540799
IMU,1337457044.0,1,-0.2864725,0.2928355,0.008626865,-1.160865,3.994389,-8.439465
IMU,1337497447.0,1,0.1301927,-0.1872173,0.03310239,-0.5333721,3.491861,-9.686206
IMU,1337537237.0,1,0.214119,-0.01354321,-0.03916829,0.3446136,1.798194,-10.43181
IMU,1337577452.0,1,0.005554351,0.1118277,0.02287696,0.9175184,1.223706,-9.394245
IMU,1337616837.0,1,-0.02689638,-0.02666649,0.01719736,0.4626138,1.72534,-9.267667
IMU,1337656990.0,1,-0.0360421,-0.0382973,0.00310424,0.05932727,2.12224,-9.945845
IMU,1337697281.0,1,0.007191244,0.04053251,0.01019701,0.1867989,2.165088,-9.646607
IMU,1337737451.0,1,0.004425819,0.01079245,-0.0006676849,0.4126617,1.718334,-9.439915
IMU,1337777451.0,1,-0.01448486,-0.003843483,0.007885017,0.2997185,1.91867,-9.700546
IMU,1337817380.0,1,0.003786103,0.003972027,0.002375549,0.174259,2.00612,-9.599897
IMU,1337858051.0,1,0.0008367405,0.007589439,0.004274399,0.3453113,1.912827,-9.713053
IMU,1337897672.0,1,-0.003577381,-0.002061535,0.002951077,0.2871632,2.020673,-9.702778
IMU,1337937358.0,1,-0.003119271,0.01341178,0.003186393,0.258906,1.960314,-9.851946
IMU,1337977857.0,1,-3.785717e-05,0.00652456,0.001782491,0.2900065,1.916833,-9.506873
IMU,1338018219.0,1,-0.003091185,0.004729146,0.003390311,0.2939565,1.89904,-9.63067
IMU,1338058860.0,1,-0.001277935,0.005897711,0.004568508,0.1878591,1.933569,-9.670633
IMU,1338099737.0,1,-0.002145852,0.002666704,0.005501971,0.3344509,1.989845,-9.73921
IMU,1338139182.0,1,-0.001308243,0.003850923,0.003138894,0.2396314,1.955401,-9.636135
IMU,1338180419.0,1,-0.0009980794,0.004561216,0.004362321,0.3170851,1.98242,-9.603706
IMU,1338220532.0,1,0.0001413436,0.001961777,0.00328486,0.2383257,1.955702,-9.452231
IMU,1338260627.0,1,-0.006080289,0.005592852,0.001787923,0.2298992,1.971575,-9.735426
IMU,1338300523.0,1,-0.0005758403,0.002964921,0.003978301,0.3288997,1.998536,-9.601844
IMU,1338340910.0,1,-0.002406674,-0.001407518,0.002761348,0.3502893,1.937216,-9.709644
IMU,1338380977.0,1,-0.002099141,0.0006239001,0.002340325,0.3379822,2.003794,-9.799704
IMU,1338421697.0,1,-0.003237364,0.006245819,0.004466537,0.3240778,1.903412,-9.597578
IMU,1338461672.0,1,-0.00154571,0.005434337,0.002198552,0.3169313,1.92044,-9.674348
IMU,1338501881.0,1,-0.002491862,0.00502329,0.004166854,0.324798,1.914395,-9.644618
IMU,1338541607.0,1,-0.002831866,0.006283443,0.001497422,0.2627527,1.919624,-9.651925
IMU,1338582616.0,1,-0.0002915815,0.007404275,0.001184801,0.3543106,1.924317,-9.606521
IMU,1334679713.0,2,0.08608729,0.1077373,-0.06969501,-0.3536718,-0.5570141,-9.389713
IMU,1334719253.0,2,-0.0142683,0.1256518,-0.07138124,-1.2171,-0.1468044,-12.04669
IMU,1334768461.0,2,0.1137548,-0.03841592,-0.07769979,-1.068459,0.7722541,-9.147399
IMU,1334810455.0,2,0.05676611,-0.06186498,-0.0940709,-0.6324934,0.5444782,-10.4276
IMU,1334850868.0,2,-0.05402797,0.02966913,-0.1125862,-0.6962172,-0.3054799,-9.498286
IMU,1334894112.0,2,-0.1577544,0.02387579,-0.1234518,-1.231421,-0.09358058,-8.496834
IMU,1334934510.0,2,-0.03091709,-0.1039344,-0.1146452,-1.269014,-0.3738329,-7.97291
IMU,1334978884.0,2,-0.09134353,-0.1349847,-0.1208436,-1.573964,-0.2001839,-9.909178
IMU,1335020648.0,2,0.01292418,-0.09964603,-0.08073938,0.1704924,0.01289845,-9.079811
IMU,1335060854.0,2,0.09521656,-0.06713732,-0.05077686,-0.7539541,1.397882,-9.387304
IMU,1335104475.0,2,0.1065186,0.1696112,-0.02787345,0.07802423,0.5182042,-8.605411
IMU,1335144650.0,2,0.1148865,0.2020546,-0.02967145,-0.7627401,-0.3696321,-9.656927
IMU,1335188183.0,2,0.06173219,0.121799,-0.0603563,-0.06271029,0.4432535,-9.533341
IMU,1335229609.0,2,-0.01058376,0.1544017,-0.05896405,-0.6754646,1.215778,-9.321206
IMU,1335270503.0,2,-0.07429033,0.1611362,-0.04750651,-0.7915112,0.6431412,-8.817536
IMU,1335313717.0,2,-0.007128498,0.161182,-0.0143763,-1.463225,-0.5102306,-9.227547
IMU,1335353750.0,2,0.03401553,0.2414006,0.020618,-0.6539457,-0.08140101,-8.214284
IMU,1335397687.0,2,0.04525564,0.184577,0.04894768,-0.5626795,0.3919964,-10.46517
IMU,1335438398.0,2,0.1530239,0.1907299,0.10931,-0.8791314,-0.5383225,-8.038465
IMU,1335479041.0,2,0.3368624,0.3978204,-0.02220162,-0.06802922,0.8054311,-1.689703
IMU,1335519533.0,2,0.5417206,0.6585058,-0.1459544,-0.176045,-0.3103472,-1.003813
IMU,1335559740.0,2,0.6086956,0.8464592,-0.2583995,-0.2619494,0.06034688,-0.386073
IMU,1335600991.0,2,0.6792287,0.8680966,-0.3270781,-0.04633802,0.07063894,-0.5218049
IMU,1335641228.0,2,0.7169465,0.8511372,-0.347068,-0.1463622,0.02059139,-0.6541611
IMU,1335681280.0,2,0.7674578,0.8564959,-0.3651328,-0.1588696,0.05304987,-0.5788378
IMU,1335721437.0,2,0.779763,0.8432621,-0.3787072,-0.1167836,-0.01987191,-0.6818638
IMU,1335761682.0,2,0.7861812,0.834281,-0.3778121,-0.05398201,-0.0386475,-0.7049757
IMU,1335803869.0,2,0.8048021,0.8033471,-0.3766263,-0.0384628,-0.0358218,-0.871056
IMU,1335844033.0,2,0.7902572,0.7758101,-0.3800561,-0.02282505,-0.08042381,-0.9260972
IMU,1335883881.0,2,0.7595268,0.7452538,-0.390277,-0.008869608,-0.09251101,-0.9608276
IMU,1335923876.0,2,0.7331306,0.7148607,-0.3997269,0.0340274,-0.08913942,-1.005347
IMU,1335964499.0,2,0.6994731,0.6776008,-0.4136598,0.09019897,-0.1711161,-1.063081
IMU,1336005670.0,2,0.6393944,0.5959131,-0.4180618,0.09272872,-0.2453823,-1.293576
IMU,1336045663.0,2,0.5401111,0.5168881,-0.4262949,0.02645073,-0.2134235,-1.337645
IMU,1336086304.0,2,0.4553101,0.4672927,-0.4234676,0.06427872,-0.1902661,-1.341944
IMU,1336126672.0,2,0.3816083,0.4397106,-0.4266963,0.08830067,-0.1728873,-1.440424
IMU,1336167101.0,2,0.3335082,0.399795,-0.4479591,0.127619,-0.166731,-1.43603
IMU,1336208208.0,2,0.2860751,0.3403562,-0.471613,0.1633772,-0.2184674,-1.534984
IMU,1336248492.0,2,0.2096767,0.2355369,-0.480453,0.1926042,-0.2749312,-1.648187
IMU,1336288708.0,2,0.1271476,0.09442805,-0.4775179,0.2197178,-0.2917511,-1.754503
IMU,1336328072.0,2,0.04297701,-0.03023367,-0.478422,0.2512483,-0.3130173,-1.922818
IMU,1336368431.0,2,-0.0248396,-0.1457797,-0.490953,0.2716635,-0.3139023,-1.991105
IMU,1336407987.0,2,-0.07300348,-0.2408783,-0.5342681,0.3187616,-0.3300749,-2.005434
IMU,1336449481.0,2,-0.1367517,-0.3080228,-0.5506911,0.3131023,-0.2613536,-2.124218
IMU,1336489525.0,2,-0.08061782,-0.4940437,-0.5283127,0.7740461,-0.5899626,-3.009814
IMU,1336529523.0,2,0.5085766,-1.083329,-0.2883704,0.9610191,-0.2795655,-2.929117
IMU,1336570993.0,2,1.149037,-2.031878,-0.03054872,2.056757,-0.02969319,-4.812455
IMU,1336611700.0,2,-19.7523,-21.93339,1.489857,8.886403,-73.95682,-90.82384
IMU,1336652038.0,2,-6.284272,-3.400187,-0.9969232,-7.903521,11.88062,4.116078
IMU,1336692072.0,2,-5.158601,-2.364115,-0.4298009,0.4585398,2.909297,1.716799
IMU,1336732481.0,2,-4.205617,-1.422577,-0.08984713,-0.005203496,1.397767,3.233591
IMU,1336773615.0,2,-3.50504,-0.435917,0.06862453,-0.2122566,0.8928226,0.3617772
IMU,1336813024.0,2,-3.044243,0.2727919,0.1815109,0.2155328,1.02067,0.8821492
IMU,1336852787.0,2,-2.51876,0.6260581,0.2854355,0.1299906,1.627611,0.8153648
IMU,1336892879.0,2,-1.749427,0.6878508,0.3808663,-0.3333922,2.910232,0.9096966
IMU,1336933058.0,2,-1.021667,0.6923828,0.4867651,-1.234873,4.946437,1.008947
IMU,1336973028.0,2,-0.3462648,0.5408992,0.6374019,-2.378491,7.842435,1.399026
IMU,1337014030.0,2,0.3315338,0.06373701,1.155251,-5.061673,15.1771,1.907982
IMU,1337053841.0,2,2.052142,0.1840312,2.076903,-9.809268,20.78429,0.05588393
IMU,1337095103.0,2,3.00611,0.3061133,1.543492,0.8830084,9.550673,0.4990168
IMU,1337134853.0,2,4.053122,0.7512436,1.05316,2.331722,7.587895,-0.4485271
IMU,1337175425.0,2,4.8926,0.7751781,0.8539465,3.488389,5.857303,-1.691688
IMU,1337216261.0,2,5.804731,0.4747432,0.9196414,3.330551,3.809763,-3.962916
IMU,1337255885.0,2,6.187422,0.04806953,0.8864326,3.205166,0.005069436,-8.308842
IMU,1337296531.0,2,4.152504,-1.795898,0.7678115,2.224721,-5.643043,-20.50238
IMU,1337336981.0,2,0.05888052,-2.610795,0.4295097,1.818709,-8.933414,-19.3381
IMU,1337377428.0,2,-1.415889,0.01831575,-0.2540714,0.7142959,-0.6840811,-9.168196
IMU,1337417014.0,2,-0.7975059,0.6960902,-0.07021183,-0.8941045,2.342785,-7.378959
IMU,1337457044.0,2,-0.2752876,0.3093612,0.0152098,-1.271981,3.439469,-7.9288
IMU,1337497447.0,2,0.1598902,-0.199185,0.01808672,-0.6305001,3.150906,-9.48331
IMU,1337537237.0,2,0.2420479,-0.01319948,-0.06096774,0.2728958,1.525366,-10.59481
IMU,1337577452.0,2,0.02189183,0.1111708,0.01500492,0.7985316,0.9564657,-9.553742
IMU,1337616837.0,2,-0.01991496,-0.03855115,0.007452027,0.4149938,1.322644,-9.039078
IMU,1337656990.0,2,-0.03047018,-0.04658825,-0.008528129,0.03548658,1.701363,-9.924928
IMU,1337697281.0,2,0.01536179,0.0293596,0.004068487,0.1305903,1.72901,-9.629089
IMU,1337737451.0,2,0.01175999,0.003873173,-0.005639938,0.3435384,1.356185,-9.477041
IMU,1337777451.0,2,-0.0107833,-0.01029345,-0.0003200546,0.2339067,1.577989,-9.62326
IMU,1337817380.0,2,0.007231426,0.001176991,-0.00234736,0.1400211,1.565921,-9.602998
IMU,1337858051.0,2,0.005274789,0.005274695,0.0006334673,0.2853205,1.50337,-9.568797
IMU,1337897672.0,2,-0.001447356,-0.007816489,-0.001095801,0.2339707,1.539074,-9.601869
IMU,1337937358.0,2,0.003395497,0.002567459,-0.001252756,0.1898198,1.551102,-9.582314
IMU,1337977857.0,2,0.004136008,0.0003402535,-0.001150273,0.2582424,1.522511,-9.590005
IMU,1338018219.0,2,-0.0005228725,-0.002731725,-0.001013809,0.2045258,1.538647,-9.59272
IMU,1338058860.0,2,0.003940051,0.001059605,-0.0009385435,0.2355636,1.538318,-9.593305
IMU,1338099737.0,2,0.001620423,0.0005601318,-0.001339256,0.2391282,1.527282,-9.581517
IMU,1338139182.0,2,0.00231116,0.0004022402,-0.0008804438,0.2101215,1.55352,-9.610692
IMU,1338180419.0,2,0.002582967,0.001969242,-0.001539468,0.2293537,1.537865,-9.589353
IMU,1338220532.0,2,0.002523948,-0.0008116037,-0.001988224,0.2285508,1.526267,-9.609999
IMU,1338260627.0,2,0.001885878,-0.0006047349,-0.002018207,0.2241959,1.54725,-9.574248
IMU,1338300523.0,2,0.001997318,0.0004927412,-0.0007496012,0.2297334,1.529247,-9.601415
IMU,1338340910.0,2,0.001112177,0.001540403,-0.001437267,0.2319611,1.531,-9.599522
IMU,1338380977.0,2,0.002936225,-0.0007181049,-0.0009893267,0.2211893,1.538096,-9.597059
IMU,1338421697.0,2,0.002645326,0.0008216883,-0.001150477,0.2193552,1.534924,-9.593913
IMU,1338461672.0,2,0.002214201,0.0008973739,-0.001358994,0.2213421,1.534235,-9.5834
IMU,1338501881.0,2,0.001576002,0.001044524,-0.0009232777,0.223213,1.534881,-9.611824
IMU,1338541607.0,2,0.001183952,-1.257873e-05,-0.00158374,0.2146762,1.533965,-9.597713
IMU,1338582616.0,2,0.002879366,-0.0001557026,-0.001681905,0.2325348,1.541537,-9.579317
