ARM,284698101.0,0.0
AHR2,283979090.0,-1.3,-2.71,93.17,468.25,43.2382552,-7.6819237
AHR2,284082824.0,-1.64,-2.1,93.71,468.3,43.2382547,-7.6819192
AHR2,284187116.0,-1.62,-0.96,93.81,468.17,43.2382542,-7.6819141
AHR2,284290463.0,-1.49,-0.21,94.26,468.16,43.2382537,-7.6819096
AHR2,284393969.0,-1.3,1.15,94.72,468.26,43.2382533,-7.681905
AHR2,284499483.0,-1.41,1.97,94.73,468.34,43.2382531,-7.681903
AHR2,284604662.0,-1.79,2.78,94.81,468.32,43.2382526,-7.6818973
AHR2,284708226.0,-1.91,3.43,94.92,468.41,43.2382523,-7.6818932
AHR2,284809110.0,-0.77,5.47,94.19,467.81,43.2382519,-7.6818899
AHR2,284909141.0,1.74,9.67,92.37,467.38,43.2382516,-7.6818861
AHR2,285010487.0,4.44,14.09,90.27,467.48,43.2382512,-7.6818827
AHR2,285110519.0,7.11,18.55,88.32,467.23,43.2382509,-7.6818791
AHR2,285211887.0,9.81,22.91,86.55,467.06,43.2382505,-7.681876
AHR2,285311691.0,12.38,26.75,84.82,466.83,43.2382501,-7.6818726
AHR2,285413002.0,14.56,29.9,83.0,466.21,43.2382499,-7.6818698
AHR2,285512984.0,16.42,32.13,80.99,465.91,43.2382495,-7.6818664
AHR2,285615219.0,17.36,32.95,78.44,465.63,43.2382485,-7.6818619
AHR2,285715978.0,18.83,31.44,75.92,464.81,43.238248,-7.6818586
AHR2,285818045.0,0.93,4.88,73.37,464.16,43.2382476,-7.681856
AHR2,285917973.0,-13.55,-10.96,79.3,461.08,43.2382472,-7.6818528
AHR2,286020208.0,-9.71,-5.92,77.81,462.05,43.2382439,-7.6818538
AHR2,286120118.0,-3.59,3.9,77.5,461.95,43.2382425,-7.6818521
AHR2,286221988.0,-0.44,8.57,79.06,461.86,43.2382452,-7.6818559
AHR2,286322265.0,-2.11,6.75,77.74,462.11,43.2382452,-7.6818561
AHR2,286423475.0,-2.03,7.8,77.94,461.94,43.2382452,-7.6818554
AHR2,286523500.0,-1.99,7.79,77.88,461.97,43.2382452,-7.6818553
AHR2,286624975.0,-2.0,7.84,77.83,461.92,43.238245,-7.6818556
AHR2,286724979.0,-2.0,7.9,77.78,461.91,43.2382449,-7.6818557
AHR2,286826021.0,-2.0,7.94,77.74,461.83,43.2382451,-7.6818556
AHR2,286926499.0,-1.99,7.98,77.69,461.94,43.2382451,-7.6818556
AHR2,287028410.0,-1.98,8.0,77.63,462.02,43.2382453,-7.6818555
AHR2,287128076.0,-1.97,8.04,77.58,461.82,43.2382453,-7.6818555
AHR2,287229661.0,-1.97,8.07,77.52,461.92,43.2382454,-7.6818553
AHR2,287329734.0,-1.96,8.1,77.48,462.14,43.2382454,-7.6818553
AHR2,287430845.0,-1.94,8.14,77.43,462.0,43.2382455,-7.6818552
AHR2,287531475.0,-1.94,8.17,77.38,461.88,43.2382455,-7.6818552
AHR2,287633101.0,-1.93,8.21,77.33,461.91,43.2382456,-7.681855
AHR2,287733228.0,-1.92,8.24,77.28,461.97,43.2382456,-7.681855
AHR2,287835206.0,-1.9,8.27,77.23,461.97,43.2382458,-7.681855
ATT,283978510.0,-1.257484,-0.9988625,-2.363923,-2.827269,98.69776,98.74923
ATT,284082063.0,-1.296833,-1.31737,-1.571348,-2.193803,98.68959,99.10104
ATT,284186618.0,-1.336287,-1.279227,-0.7502871,-1.042194,98.68053,99.02865
ATT,284289723.0,-1.325592,-1.149381,0.02718197,-0.2970861,98.67149,99.29696
ATT,284393109.0,-1.339117,-0.9632002,0.7546443,1.079701,98.66296,99.59373
ATT,284498812.0,-1.462173,-1.087503,1.404713,1.878451,98.65386,99.38493
ATT,284604016.0,-1.60656,-1.431417,1.960454,2.628088,98.64432,99.2477
ATT,284707649.0,-1.672502,-1.477999,2.47695,3.204099,99.22044,99.19839
ATT,284808516.0,-0.8507176,-0.352265,1.291052,5.295451,98.37331,98.36803
ATT,284908514.0,-0.4343267,2.088392,0.659134,9.663918,96.58986,96.62142
ATT,285009696.0,-0.2198666,4.840336,0.3336698,14.30798,94.54266,94.61703
ATT,285109876.0,-0.1122508,7.652258,0.1703526,19.0302,92.65191,92.77219
ATT,285211198.0,-0.05680227,10.45824,0.08620325,23.84808,90.94261,91.11211
ATT,285311077.0,-0.02900748,13.09403,0.04402226,28.2812,89.27522,89.49496
ATT,285412272.0,-0.01466938,15.32127,0.02226241,32.00434,87.48891,87.7551
ATT,285512442.0,-0.00748931,17.23392,0.01136696,34.74647,85.48307,85.79114
ATT,285614647.0,-0.003777066,18.19327,0.005732563,36.11188,82.90247,83.2327
ATT,285715205.0,-0.00192326,19.61307,0.00291911,35.1379,80.28487,80.6356
ATT,285817480.0,-0.0009663302,1.345594,0.00146722,8.974054,77.31052,77.33083
ATT,285917251.0,-0.0004921168,-12.56888,0.000746862,-6.714078,82.47507,82.28796
ATT,286019523.0,-0.0002474212,-8.852269,0.000375559,-1.410706,80.94111,80.80965
ATT,286119495.0,-0.0002236827,-2.765965,0.0003391242,8.629951,80.76451,80.72282
ATT,286221443.0,-0.000213519,0.9779083,0.0003240541,12.87694,82.54802,82.56297
ATT,286321714.0,-0.000213519,-0.2636386,0.0003240541,10.50745,81.21436,81.21036
ATT,286422770.0,-0.0002052519,0.1934909,0.0003112354,11.13256,81.50206,81.50498
ATT,286522757.0,-0.0002009962,0.2165636,0.0003050043,11.05741,81.48637,81.48966
ATT,286624215.0,-0.0001966681,0.1987798,0.000298533,11.05095,81.485,81.48801
ATT,286724364.0,-0.000192799,0.1998293,0.0002926205,11.07037,81.481,81.48404
ATT,286825258.0,-0.0001885356,0.1750537,0.0002859749,11.07526,81.47581,81.47845
ATT,286925688.0,-0.0001885357,0.1742666,0.0002859749,11.09031,81.46601,81.46866
ATT,287027703.0,-0.000183914,0.1562358,0.0002792776,11.08314,81.4576,81.45998
ATT,287127525.0,-0.0001839141,0.1412442,0.0002792775,11.09531,81.46226,81.4644
ATT,287229063.0,-0.0001794719,0.1141272,0.0002726786,11.09942,81.46758,81.46933
ATT,287329106.0,-0.0001794719,0.1010868,0.0002726786,11.10981,81.47845,81.48
ATT,287430121.0,-0.0001794719,0.08955604,0.0002726787,11.1266,81.49547,81.49682
ATT,287530773.0,-0.0001794719,0.06127016,0.0002726786,11.13409,81.51482,81.51576
ATT,287632623.0,-0.0001749804,0.02941971,0.0002658412,11.14802,81.54462,81.54507
ATT,287732659.0,-0.0001749803,0.002064121,0.0002658412,11.15695,81.56633,81.56638
ATT,287834667.0,-0.0001704892,-0.03354856,0.0002588289,11.1675,81.59708,81.59657
BARO,283969047.0,0,3.928345,469.1683,96736.66
BARO,284072016.0,0,3.979218,469.2192,96736.12
BARO,284176979.0,0,3.843567,469.0836,96737.59
BARO,284279640.0,0,3.832275,469.0723,96737.71
BARO,284383638.0,0,3.939667,469.1797,96736.53
BARO,284488247.0,0,4.013123,469.2531,96735.74
BARO,284594526.0,0,3.990509,469.2305,96736.0
BARO,284698463.0,0,4.083771,469.3238,96734.99
BARO,284798623.0,0,3.481903,468.7219,96741.5
BARO,284898975.0,0,3.052368,468.2924,96746.16
BARO,284999769.0,0,3.154114,468.3941,96745.04
BARO,285099821.0,0,2.905457,468.1454,96747.74
BARO,285201629.0,0,2.733063,467.9731,96749.63
BARO,285301635.0,0,2.507019,467.747,96752.05
BARO,285402983.0,0,1.888184,467.1282,96758.77
BARO,285503082.0,0,1.588654,466.8286,96762.0
BARO,285604697.0,0,1.308899,466.5489,96765.03
BARO,285705078.0,0,0.4809875,465.721,96774.02
BARO,285807077.0,0,-0.1689453,465.071,96781.05
BARO,285907263.0,0,-3.240509,461.9995,96814.35
BARO,286009680.0,0,-2.271271,462.9687,96803.84
BARO,286109698.0,0,-2.370178,462.8698,96804.91
BARO,286211971.0,0,-2.469086,462.7709,96805.98
BARO,286312148.0,0,-2.21759,463.0224,96803.25
BARO,286412361.0,0,-2.38147,462.8585,96805.03
BARO,286513038.0,0,-2.35321,462.8868,96804.73
BARO,286614057.0,0,-2.409729,462.8303,96805.33
BARO,286714276.0,0,-2.418213,462.8218,96805.45
BARO,286815459.0,0,-2.491669,462.7483,96806.23
BARO,286915460.0,0,-2.38147,462.8585,96805.05
BARO,287017896.0,0,-2.302368,462.9376,96804.17
BARO,287118011.0,0,-2.500153,462.7398,96806.33
BARO,287219222.0,0,-2.404083,462.8359,96805.29
BARO,287319082.0,0,-2.180847,463.0591,96802.87
BARO,287419832.0,0,-2.327789,462.9122,96804.45
BARO,287520246.0,0,-2.440826,462.7992,96805.69
BARO,287623014.0,0,-2.415375,462.8246,96805.41
BARO,287722985.0,0,-2.35321,462.8868,96804.71
BARO,287825196.0,0,-2.358887,462.8811,96804.8
BARO,283969047.0,1,3.781403,469.0214,96718.42
BARO,284072016.0,1,3.165405,468.4054,96725.09
BARO,284176979.0,1,4.145935,469.3859,96714.48
BARO,284279640.0,1,3.917053,469.157,96716.95
BARO,284383638.0,1,3.597748,468.8377,96720.41
BARO,284488247.0,1,4.004639,469.2446,96716.02
BARO,284594526.0,1,4.445465,469.6855,96711.23
BARO,284698463.0,1,3.900085,469.1401,96717.13
BARO,284798623.0,1,3.93399,469.174,96716.77
BARO,284898975.0,1,3.171051,468.411,96725.02
BARO,284999769.0,1,3.14563,468.3856,96725.31
BARO,285099821.0,1,3.026947,468.2669,96726.59
BARO,285201629.0,1,2.945007,468.185,96727.48
BARO,285301635.0,1,2.377045,467.617,96733.63
BARO,285402983.0,1,1.939056,467.179,96738.39
BARO,285503082.0,1,1.766663,467.0067,96740.24
BARO,285604697.0,1,0.7974548,466.0374,96750.74
BARO,285705078.0,1,0.3848877,465.6249,96755.23
BARO,285807077.0,1,-0.7680054,464.472,96767.7
BARO,285907263.0,1,-4.38208,460.8579,96806.86
BARO,286009680.0,1,-2.31366,462.9263,96784.45
BARO,286109698.0,1,-2.497345,462.7426,96786.45
BARO,286211971.0,1,-2.632965,462.607,96787.92
BARO,286312148.0,1,-2.070648,463.1693,96781.84
BARO,286412361.0,1,-2.630127,462.6099,96787.9
BARO,286513038.0,1,-2.621674,462.6183,96787.79
BARO,286614057.0,1,-2.180847,463.0591,96783.02
BARO,286714276.0,1,-2.36734,462.8727,96785.02
BARO,286815459.0,1,-3.11618,462.1238,96793.15
BARO,286915460.0,1,-1.855896,463.3841,96779.51
BARO,287017896.0,1,-2.805328,462.4347,96789.77
BARO,287118011.0,1,-1.793732,463.4463,96778.82
BARO,287219222.0,1,-2.892944,462.347,96790.73
BARO,287319082.0,1,-2.562317,462.6777,96787.14
BARO,287419832.0,1,-1.731567,463.5084,96778.16
BARO,287520246.0,1,-2.548187,462.6918,96786.99
BARO,287623014.0,1,-2.788391,462.4516,96789.59
BARO,287722985.0,1,-2.58493,462.6551,96787.38
BARO,287825196.0,1,-2.194977,463.045,96783.18
GPS,284143276.0,3,23,43.2382549,-7.6819212,467.07,3.615,-0.006,0.0
GPS,284393014.0,3,23,43.238254,-7.6819125,467.05,3.497,0.096,0.0
GPS,284545818.0,3,23,43.2382532,-7.6819043,467.03,3.252,0.062,0.0
GPS,284750854.0,3,23,43.2382525,-7.6818965,467.03,3.096,-0.004,0.0
GPS,284951606.0,3,23,43.2382518,-7.6818891,466.84,2.978,1.514,0.0
GPS,285152883.0,3,23,43.2382511,-7.681882,466.35,2.805,3.409,0.0
GPS,285374843.0,3,23,43.2382504,-7.6818752,465.52,2.836,5.021,0.0
GPS,285535259.0,3,24,43.2382495,-7.6818684,464.32,2.742,6.793,0.0
GPS,285738072.0,3,24,43.2382485,-7.681862,462.81,2.566,8.395,0.0
GPS,285940986.0,3,24,43.2382466,-7.6818571,461.15,2.088,8.552,0.0
GPS,286142727.0,3,24,43.2382452,-7.6818556,460.02,0.14,2.464,0.0
GPS,286384226.0,3,24,43.2382452,-7.6818556,459.8,0.121,-0.193,0.0
GPS,286546199.0,3,24,43.2382452,-7.6818555,459.81,0.13,-0.12,0.0
GPS,286747841.0,3,24,43.2382451,-7.6818556,459.81,0.03,-0.169,0.0
GPS,286949265.0,3,24,43.2382453,-7.6818555,459.82,0.035,-0.022,0.0
GPS,287150440.0,3,24,43.2382454,-7.6818553,459.79,0.017,-0.014,0.0
GPS,287371875.0,3,24,43.2382455,-7.6818552,459.78,0.039,0.016,0.0
GPS,287553737.0,3,24,43.2382456,-7.681855,459.85,0.014,-0.051,0.0
GPS,287755055.0,3,24,43.2382458,-7.681855,459.87,0.019,-0.087,0.0
IMU,284001111.0,0,-0.1002355,0.03562942,0.09573685,-0.4826926,-0.9527411,-9.100554
IMU,284044800.0,0,0.09113491,0.2109645,0.06616047,-0.6694885,0.2139788,-10.07831
IMU,284084524.0,0,0.0274042,0.1221002,0.09192809,-0.6844169,-0.9921977,-9.097294
IMU,284127610.0,0,0.1932729,0.1609765,0.03236206,-0.3776598,1.160351,-9.866678
IMU,284169435.0,0,0.002833776,0.1433731,0.05964755,-1.226816,-0.7107116,-9.421222
IMU,284209047.0,0,0.170774,0.1399036,0.003982585,-0.1428594,1.950946,-10.5427
IMU,284252214.0,0,0.1001561,-0.05031091,-0.09291893,-0.4554365,-0.01653173,-9.451674
IMU,284292127.0,0,-0.00926396,0.1020448,0.06304517,-1.007359,0.8314441,-9.419964
IMU,284335270.0,0,-0.06283088,0.1152417,-0.1054498,-0.1371236,-0.9512606,-9.869029
IMU,284375980.0,0,-0.01547807,0.2069003,0.01974433,-1.852941,0.8576832,-9.808239
IMU,284417419.0,0,-0.02194687,0.2703915,0.01247798,0.1235769,0.4023856,-10.7929
IMU,284461243.0,0,-0.2022583,0.0794869,-0.03468241,-0.7742724,-0.6400425,-9.272448
IMU,284501216.0,0,0.01915427,0.1782539,-0.03994481,-0.7430547,1.622105,-10.41417
IMU,284547283.0,0,0.002817545,0.08474752,0.09061722,-0.3583007,0.3321587,-9.239878
IMU,284589070.0,0,0.06858177,0.06157853,-0.1142976,-0.6250953,1.891241,-10.68137
IMU,284629075.0,0,-0.07050633,0.1529068,0.02542732,-0.58358,0.2150538,-10.04308
IMU,284673129.0,0,-0.06998809,0.02549098,0.0006755675,-0.9070684,-0.3671423,-9.124479
IMU,284712604.0,0,-0.05421737,0.06190199,-0.1243911,-0.803782,1.071425,-10.14454
IMU,284752638.0,0,0.07768586,0.1369281,-0.1522551,-0.6854838,1.393014,-4.76738
IMU,284794012.0,0,0.3767818,0.5279314,-0.1925501,-0.326736,0.4651444,-2.511079
IMU,284833732.0,0,0.4259572,0.7348772,-0.2753212,-0.001812767,-0.02015783,-0.4356363
IMU,284873728.0,0,0.4527794,0.7841622,-0.3100877,-0.2423013,0.08641335,-0.6837981
IMU,284913650.0,0,0.518415,0.7752241,-0.3515947,-0.1182424,-0.1146971,-0.6446083
IMU,284956897.0,0,0.5412356,0.7676637,-0.3772304,-0.1745912,0.004294171,-0.634666
IMU,284997759.0,0,0.561213,0.7772966,-0.3904119,-0.1336349,-0.04863734,-0.6441904
IMU,285037452.0,0,0.5800799,0.7943809,-0.3934672,-0.136819,-0.03751612,-0.716706
IMU,285077702.0,0,0.5946255,0.7831927,-0.3930607,-0.09391873,-0.06578816,-0.85128
IMU,285117750.0,0,0.5941006,0.7848718,-0.394686,-0.07765736,-0.0926687,-0.9551589
IMU,285157999.0,0,0.5968584,0.7820129,-0.3912549,-0.05815201,-0.08376114,-0.9942576
IMU,285198686.0,0,0.5907881,0.7805482,-0.3898399,-0.03449566,-0.105306,-0.9737336
IMU,285239264.0,0,0.5943141,0.7463751,-0.3959564,0.01477184,-0.1131678,-1.135618
IMU,285278728.0,0,0.5920272,0.6990224,-0.4041823,0.02780748,-0.1286389,-1.296875
IMU,285318971.0,0,0.568546,0.6496556,-0.4100142,0.05239755,-0.1513619,-1.443882
IMU,285359458.0,0,0.5422536,0.585972,-0.4072057,0.06808309,-0.1563776,-1.424803
IMU,285400114.0,0,0.5325537,0.5137708,-0.4046808,0.09960096,-0.1516686,-1.501121
IMU,285440832.0,0,0.5353547,0.4456407,-0.4036237,0.1221612,-0.1580882,-1.477734
IMU,285480608.0,0,0.5296382,0.371088,-0.4037268,0.1636329,-0.2119935,-1.589139
IMU,285520125.0,0,0.5068035,0.2752319,-0.4052161,0.1850904,-0.2751699,-1.693977
IMU,285561678.0,0,0.4486665,0.1482681,-0.4021983,0.248964,-0.3311936,-1.788106
IMU,285602014.0,0,0.3745726,0.03580156,-0.404164,0.2599164,-0.3492422,-1.946151
IMU,285642879.0,0,0.2923557,-0.05976896,-0.4130386,0.239436,-0.3723128,-2.0356
IMU,285682050.0,0,0.3548656,-0.16383,-0.3882988,0.9779779,-0.6175493,-3.848746
IMU,285722968.0,0,0.9656448,-0.7425325,0.08600565,1.789851,-2.154767,-6.064731
IMU,285764933.0,0,0.3068541,-0.8768535,0.27916,5.298573,-7.502937,-12.58439
IMU,285804853.0,0,-4.233806,-6.604801,1.145487,51.36066,-57.66452,-90.95797
IMU,285845168.0,0,-3.95982,-3.224961,2.021566,-29.43755,32.84775,-68.10178
IMU,285884699.0,0,-1.233793,-2.135462,0.3365071,-4.788823,1.204045,-5.527198
IMU,285925220.0,0,-0.05029455,-0.01688035,-0.1011659,-2.672096,1.359956,-0.8835785
IMU,285967023.0,0,0.6115621,0.8435673,-0.09532214,-0.9108779,1.444534,0.6747174
IMU,286007180.0,0,0.8329693,1.277858,0.003713055,0.1584065,1.326006,-0.1691476
IMU,286047242.0,0,0.8721436,1.428519,0.107254,0.8541062,1.432191,-2.281283
IMU,286087413.0,0,1.024119,1.818738,0.2087032,1.27806,1.628949,-5.125691
IMU,286127093.0,0,1.315896,2.094517,0.2975474,2.591967,0.3480276,-9.654135
IMU,286169041.0,0,0.9503747,1.182936,0.4767997,5.232854,-1.366616,-15.92222
IMU,286209010.0,0,-0.003354172,-0.2000526,0.2748488,5.867858,-0.2008974,-17.69266
IMU,286249638.0,0,-0.6261331,-0.5679075,-0.3201206,2.044461,2.833195,-9.979546
IMU,286289253.0,0,-0.07201108,-0.4424165,-0.2669265,1.039354,0.886174,-8.76606
IMU,286329028.0,0,0.323691,-0.09481432,-0.03451508,0.483279,-0.4421799,-8.829424
IMU,286369003.0,0,0.09662629,0.1896078,0.06801277,1.468996,-0.7731711,-9.737366
IMU,286410242.0,0,-0.05817619,0.1026269,0.05365705,2.445094,0.1394996,-9.562157
IMU,286450477.0,0,-0.02350474,-0.04890469,-0.006708517,2.040085,0.5694114,-10.04873
IMU,286490438.0,0,0.006782307,-0.01279181,-0.003454016,1.416376,0.372968,-9.752717
IMU,286530712.0,0,0.03796856,0.03352485,0.007953234,1.849246,0.06783871,-9.785015
IMU,286571247.0,0,-0.002812514,0.0009749152,0.002814702,1.942249,0.174955,-9.606318
IMU,286611712.0,0,-0.01185123,-0.0187118,-0.004560107,1.706468,0.1190189,-9.813004
IMU,286651835.0,0,0.00332404,0.009243836,0.0007758013,1.745607,0.3548245,-9.742601
IMU,286691723.0,0,0.004140629,0.004723274,0.002607935,1.871557,0.2043159,-9.733559
IMU,286732195.0,0,-0.007179054,-0.0075067,-0.0002489546,1.736736,0.1073409,-9.701947
IMU,286772860.0,0,-0.004575799,0.004594411,0.004383604,1.855812,0.2391384,-9.729128
IMU,286812863.0,0,0.002346679,-0.00523833,-0.0007571281,1.771608,0.2559325,-9.752159
IMU,286853104.0,0,0.004987663,0.002164121,-0.0003518457,1.796655,0.1614149,-9.722999
IMU,286893251.0,0,-0.001182607,-0.0008149021,-0.002138347,1.805323,0.2104888,-9.758082
IMU,286933493.0,0,0.004033316,0.003036033,-9.225481e-05,1.810025,0.2154721,-9.797721
IMU,286974974.0,0,-0.0003734056,-0.005088307,-0.003535799,1.815778,0.165372,-9.71831
IMU,287015018.0,0,-0.001239978,-0.001108305,-0.0002366133,1.766222,0.199616,-9.775246
IMU,287055523.0,0,2.309348e-05,0.003604627,0.001864303,1.81035,0.2537619,-9.729631
IMU,287095228.0,0,0.0004410955,-0.0009093801,0.001052102,1.793452,0.1778103,-9.765219
IMU,287135063.0,0,-0.0007386477,0.002633731,-3.878374e-05,1.763755,0.1969104,-9.74111
IMU,287176243.0,0,-0.001087056,0.0003874877,-0.0004893527,1.8189,0.2129203,-9.744872
IMU,287216704.0,0,-6.282291e-05,-0.003866802,0.0004374264,1.794011,0.2045659,-9.742847
IMU,287256883.0,0,0.002189339,0.002949911,0.001424265,1.776974,0.2252278,-9.735288
IMU,287296224.0,0,0.002014135,0.002172373,0.001324277,1.816666,0.2026207,-9.738819
IMU,287336718.0,0,0.001336982,-0.002774389,-0.0003975703,1.799042,0.1972205,-9.748126
IMU,287376824.0,0,0.00155595,0.002346904,0.001597899,1.779402,0.2232373,-9.758818
IMU,287417665.0,0,0.003233155,0.002942147,0.002104521,1.800907,0.1994609,-9.744939
IMU,287457815.0,0,0.002225795,0.002012276,0.002641706,1.803719,0.1845431,-9.712843
IMU,287497621.0,0,-0.0005032056,0.000220706,0.0003782327,1.784762,0.2038847,-9.728462
IMU,287538376.0,0,1.971891e-05,0.0003835307,-0.0004295812,1.795521,0.2107945,-9.742412
IMU,287580531.0,0,0.0008446837,0.001417678,0.001840922,1.798204,0.200814,-9.738959
IMU,287619868.0,0,0.001016304,1.427713e-05,0.0009206666,1.81265,0.1976594,-9.742927
IMU,287660647.0,0,0.001260616,0.0001834828,0.001147197,1.810135,0.1978212,-9.724331
IMU,287700414.0,0,0.002177983,-5.436122e-05,0.0005943932,1.79513,0.2127222,-9.753926
IMU,287740064.0,0,0.001271941,0.0009893242,0.0002837491,1.791264,0.2043841,-9.746965
IMU,287782666.0,0,0.001161676,0.0002141329,-0.0003176909,1.79845,0.193386,-9.750093
IMU,287821926.0,0,0.001308759,0.0008071613,0.000501514,1.807964,0.2095743,-9.734622
IMU,287862290.0,0,0.001034833,-1.328826e-05,5.459952e-05,1.802119,0.1899302,-9.732998
IMU,287901995.0,0,0.0009611925,0.001273287,0.00282232,1.7958,0.2000264,-9.763043
IMU,284001111.0,1,-0.1011974,0.0301756,0.06413136,-0.03037703,-0.3306763,-9.581931
IMU,284044800.0,1,0.08146557,0.1630926,0.01924261,-0.736263,-0.7542959,-10.31405
IMU,284084524.0,1,-0.04430539,0.08842439,0.09761851,0.2034547,-0.386515,-9.301115
IMU,284127610.0,1,0.113485,0.1419274,-0.01633787,-0.6878896,0.9851786,-9.626648
IMU,284169435.0,1,-0.01273836,0.121963,0.06603881,-0.9773757,-0.6076652,-9.64798
IMU,284209047.0,1,0.1073491,0.1371175,0.01057469,-0.8097758,1.540529,-10.04465
IMU,284252214.0,1,0.03839403,-0.0131569,-0.03505148,-0.2398424,0.2834915,-8.744793
IMU,284292127.0,1,-0.01649596,0.102595,0.04109253,-1.348954,1.807671,-8.739732
IMU,284335270.0,1,-0.07377844,0.1573054,-0.05289552,-0.6395669,-0.3704054,-9.642516
IMU,284375980.0,1,-0.05461997,0.1855868,-0.01874039,-2.121415,1.183898,-9.53495
IMU,284417419.0,1,-0.005316896,0.2573209,0.06162939,0.6329927,0.4166757,-10.66995
IMU,284461243.0,1,-0.1772887,0.1410193,0.0002549439,-0.2953718,-0.1871457,-9.428076
IMU,284501216.0,1,-0.03065838,0.1196614,-0.05373609,-1.084005,1.596427,-10.23167
IMU,284547283.0,1,-0.0002220255,0.08441427,0.03202747,-0.3592931,0.2484331,-9.26783
IMU,284589070.0,1,-0.01476893,0.07535553,-0.09715044,-1.552362,1.468502,-9.878179
IMU,284629075.0,1,-0.05480408,0.1532349,-0.01461207,0.4370435,0.4914073,-9.741288
IMU,284673129.0,1,-0.03803454,0.07654902,-0.07508884,-0.8054635,0.1194586,-8.877565
IMU,284712604.0,1,-0.1145358,0.04606432,-0.07222054,-0.6003587,1.347409,-9.338369
IMU,284752638.0,1,0.2011088,0.04797966,-0.1499173,-0.3998698,1.761502,-4.884905
IMU,284794012.0,1,0.3257929,0.489988,-0.1509206,-0.6075494,0.3850637,-2.399992
IMU,284833732.0,1,0.3735583,0.672489,-0.2353479,0.2236244,0.2700202,-0.3975253
IMU,284873728.0,1,0.4105994,0.7267766,-0.2638407,-0.1817911,0.562884,-0.459964
IMU,284913650.0,1,0.4740833,0.719399,-0.2943727,-0.09421843,0.2251368,-0.4475491
IMU,284956897.0,1,0.4951017,0.7124435,-0.3211411,-0.1253186,0.4302447,-0.5318182
IMU,284997759.0,1,0.5159838,0.7163579,-0.3357579,-0.1426782,0.4220727,-0.4149689
IMU,285037452.0,1,0.5358287,0.7318004,-0.3356466,-0.1505031,0.3773306,-0.7388784
IMU,285077702.0,1,0.5420678,0.7274204,-0.3359011,-0.03460794,0.2820611,-0.7115825
IMU,285117750.0,1,0.5496021,0.7268813,-0.3337035,-0.04579688,0.3106506,-0.8296903
IMU,285157999.0,1,0.5519913,0.7293093,-0.3352958,-0.004571417,0.2905402,-0.8730646
IMU,285198686.0,1,0.5439132,0.7160173,-0.3349576,-0.09028216,0.2985346,-0.8917797
IMU,285239264.0,1,0.5447466,0.6927317,-0.3318022,0.06763299,0.2404334,-0.9772955
IMU,285278728.0,1,0.5422655,0.6440998,-0.3432888,0.03677587,0.2714627,-1.148806
IMU,285318971.0,1,0.5214215,0.5958209,-0.3515052,0.03072324,0.2460364,-1.275613
IMU,285359458.0,1,0.4933748,0.5365186,-0.3477233,0.1650359,0.3412707,-1.223774
IMU,285400114.0,1,0.4869906,0.4710131,-0.3487094,0.06631962,0.167465,-1.392266
IMU,285440832.0,1,0.4888561,0.4025935,-0.3484736,0.1255812,0.1757095,-1.489198
IMU,285480608.0,1,0.4833885,0.333767,-0.3542916,0.07853971,0.1470407,-1.469045
IMU,285520125.0,1,0.4566891,0.2443115,-0.3572658,0.1451657,0.08310448,-1.622674
IMU,285561678.0,1,0.4013263,0.1442609,-0.3517702,0.2033285,0.06196217,-1.778415
IMU,285602014.0,1,0.3252451,0.03346469,-0.3576352,0.2967182,0.04649637,-1.853782
IMU,285642879.0,1,0.242999,-0.06111522,-0.365685,0.3303276,0.03496576,-2.001114
IMU,285682050.0,1,0.29948,-0.1588317,-0.3503944,0.9866737,-0.1459495,-3.776962
IMU,285722968.0,1,0.9346403,-0.7282893,0.07639974,1.501326,-1.90445,-6.209139
IMU,285764933.0,1,0.4023251,-0.8044,0.2255166,6.512497,-8.894749,-15.8723
IMU,285804853.0,1,-3.51828,-5.643112,0.6160168,76.67375,-83.50856,-111.4891
IMU,285845168.0,1,-4.171788,-3.723615,1.631333,-40.78785,33.09157,-74.85123
IMU,285884699.0,1,-1.239409,-2.133879,0.2422394,-4.417448,1.264362,-5.628846
IMU,285925220.0,1,-0.06986038,-0.06134371,-0.09113626,-2.674868,1.63839,0.01907891
IMU,285967023.0,1,0.5525874,0.7588264,-0.05808404,-0.8572536,1.885103,0.9885233
IMU,286007180.0,1,0.7996557,1.199252,0.04243105,0.1225704,1.675019,-0.2076062
IMU,286047242.0,1,0.8311313,1.347129,0.1305932,0.8939359,1.762201,-2.206108
IMU,286087413.0,1,0.9950582,1.707232,0.2226422,1.38839,1.998763,-4.919606
IMU,286127093.0,1,1.297698,1.994555,0.3168445,2.700911,0.5748585,-9.664613
IMU,286169041.0,1,0.9630485,1.182906,0.4678535,5.425761,-1.168562,-16.41596
IMU,286209010.0,1,0.04411004,-0.1481941,0.2636376,5.979003,0.3096336,-17.73608
IMU,286249638.0,1,-0.633904,-0.5272498,-0.3054922,2.044007,3.139035,-9.865351
IMU,286289253.0,1,-0.1095771,-0.4349836,-0.2600114,0.9950984,1.132596,-8.462939
IMU,286329028.0,1,0.2864362,-0.1034326,-0.01975076,0.4133067,-0.135373,-8.659759
IMU,286369003.0,1,0.07721299,0.1697477,0.07132967,1.53321,-0.3846247,-9.590508
IMU,286410242.0,1,-0.04975339,0.1133549,0.05715737,2.526616,0.5274203,-9.427527
IMU,286450477.0,1,-0.03035568,-0.04583122,-0.0001535682,2.026468,0.8910344,-9.826582
IMU,286490438.0,1,-4.986146e-05,-0.01325332,-0.005070526,1.445045,0.7802834,-9.571504
IMU,286530712.0,1,0.01918228,0.03046336,0.01775836,1.904444,0.4313374,-9.725265
IMU,286571247.0,1,-0.002496948,0.00216634,0.004754393,2.008653,0.3527641,-9.451601
IMU,286611712.0,1,-0.01637975,-0.01304211,-0.002962227,1.627898,0.3857118,-9.648619
IMU,286651835.0,1,-0.00364823,0.01617686,0.002364067,1.75167,0.6881639,-9.622466
IMU,286691723.0,1,0.0008416857,0.008052563,0.003983786,1.93331,0.4540749,-9.514235
IMU,286732195.0,1,-0.009892237,-0.00236377,-0.0006961933,1.807432,0.4885346,-9.580528
IMU,286772860.0,1,-0.009242754,0.005282889,0.004422134,1.871684,0.5498119,-9.790413
IMU,286812863.0,1,-0.0004593797,0.001665162,0.000391038,1.715239,0.5456221,-9.645423
IMU,286853104.0,1,0.0008474943,0.004338576,0.002061847,1.760565,0.3775267,-9.598305
IMU,286893251.0,1,-0.003950822,0.001080881,-0.002414313,1.837172,0.5367836,-9.666323
IMU,286933493.0,1,-0.0009439932,0.002189395,0.00143198,1.862252,0.4839407,-9.661915
IMU,286974974.0,1,-0.002033731,-0.005036459,-0.00574394,1.831546,0.4545696,-9.669744
IMU,287015018.0,1,-0.003125814,0.002606672,-0.0006524312,1.882468,0.5761349,-9.635056
IMU,287055523.0,1,-0.00452558,0.01395217,0.002829352,1.856567,0.6108612,-9.707048
IMU,287095228.0,1,-0.001857256,0.005102581,0.0005246605,1.758898,0.4434873,-9.554652
IMU,287135063.0,1,-0.005669425,0.005478756,0.002901289,1.774072,0.5320603,-9.577258
IMU,287176243.0,1,-0.001182624,-0.00300392,-0.003283097,1.895685,0.4880767,-9.623772
IMU,287216704.0,1,-0.003139519,0.007549626,0.001096616,1.875962,0.4711822,-9.485882
IMU,287256883.0,1,0.0008003153,0.006371759,-0.001446134,1.824466,0.4656316,-9.706141
IMU,287296224.0,1,-0.0002520321,0.004579267,0.004445448,1.835124,0.5324543,-9.57578
IMU,287336718.0,1,-0.0001813644,-0.004904803,-0.001467123,1.761753,0.5554461,-9.664731
IMU,287376824.0,1,-0.003298001,0.004569077,0.002531837,1.751531,0.6589867,-9.676685
IMU,287417665.0,1,-0.0006560402,0.009965419,7.496181e-05,1.86799,0.5003459,-9.579422
IMU,287457815.0,1,0.002510929,0.006350659,0.002089862,1.83741,0.4915595,-9.487759
IMU,287497621.0,1,-0.0006132352,-0.002771809,0.002884047,1.800956,0.5359238,-9.679003
IMU,287538376.0,1,-0.001339144,0.002938026,0.003990672,1.804701,0.5781477,-9.530855
IMU,287580531.0,1,-0.001057307,0.00664038,-0.002072339,1.801672,0.5265301,-9.716292
IMU,287619868.0,1,-0.00153692,0.002715419,0.002350775,1.834546,0.5834135,-9.668097
IMU,287660647.0,1,-0.0005133993,-0.0001936734,0.001164997,1.783983,0.5059043,-9.665461
IMU,287700414.0,1,-0.0002516241,0.004801323,0.001284485,1.840206,0.5002729,-9.628963
IMU,287740064.0,1,-0.001096613,0.0003906009,0.00289601,1.797924,0.4413129,-9.621038
IMU,287782666.0,1,-0.003412648,0.005486049,0.002783124,1.840603,0.6032638,-9.828131
IMU,287821926.0,1,-0.0008442859,0.003971752,0.003482709,1.836988,0.4809221,-9.587453
IMU,287862290.0,1,0.0001524599,0.002279419,0.0007558189,1.862716,0.4664312,-9.53756
IMU,287901995.0,1,0.0002804121,-0.0008472315,0.0004019858,1.800757,0.5201718,-9.545788
IMU,284001111.0,2,-0.1004506,0.04300104,0.03511833,-0.2409521,-1.229589,-9.98546
IMU,284044800.0,2,0.03102332,0.1544968,0.05405036,-0.159879,-0.5454624,-9.388235
IMU,284084524.0,2,-0.03458991,0.1360269,0.03443449,-0.4535258,-0.5738636,-10.51587
IMU,284127610.0,2,0.1154662,0.1910861,0.07043632,-1.178106,-1.202478,-9.486961
IMU,284169435.0,2,-0.03971159,0.154333,0.03282075,-0.206881,-0.3125503,-9.615684
IMU,284209047.0,2,0.1550202,0.1765183,0.06653868,-1.388932,0.9229138,-9.482594
IMU,284252214.0,2,0.03040927,0.06191786,0.009120794,-1.340379,-0.2706398,-8.977845
IMU,284292127.0,2,0.1718761,0.1072719,0.06002335,-0.9195808,-0.04488739,-9.143585
IMU,284335270.0,2,0.002345741,0.19863,0.02033825,-1.481769,0.3845391,-9.430728
IMU,284375980.0,2,0.01078692,0.2617418,0.05408751,-0.8456739,0.1988702,-10.34775
IMU,284417419.0,2,0.01020204,0.1999074,-0.009220616,-0.0974725,1.092669,-9.401356
IMU,284461243.0,2,-0.1355388,0.1077899,-0.01318221,-1.094553,0.5719022,-8.026822
IMU,284501216.0,2,-0.02607362,0.1569429,0.01987139,-0.5100294,0.5548285,-9.733756
IMU,284547283.0,2,-0.02261223,0.09282754,-0.005143152,-0.3776158,-0.1765658,-10.36532
IMU,284589070.0,2,0.01713306,0.1331179,-0.03097523,-1.945845,-0.1606201,-9.789163
IMU,284629075.0,2,-0.01967175,0.1304292,-0.02664137,-0.1957357,0.3093171,-9.612744
IMU,284673129.0,2,-0.01618065,0.09397126,-0.0359524,-0.8185058,0.1062893,-8.12007
IMU,284712604.0,2,-0.08208203,0.07097516,-0.07368327,-0.8661805,0.527153,-10.57997
IMU,284752638.0,2,0.05972043,0.1947626,-0.1048569,-1.187859,0.6901481,-3.088027
IMU,284794012.0,2,0.363042,0.5124737,-0.1773726,-0.4791452,0.3327617,-1.270002
IMU,284833732.0,2,0.4506334,0.712521,-0.2805448,-0.2846825,-0.05425656,-0.3695424
IMU,284873728.0,2,0.469552,0.7795941,-0.3070056,-0.1830207,0.1057397,-0.4404646
IMU,284913650.0,2,0.5294603,0.7645775,-0.348603,-0.1584655,0.001401428,-0.4343942
IMU,284956897.0,2,0.5545597,0.7547818,-0.3735883,-0.1940065,0.03415621,-0.4378227
IMU,284997759.0,2,0.575959,0.7676414,-0.3874112,-0.1721293,0.01986828,-0.4763765
IMU,285037452.0,2,0.5917397,0.7812126,-0.3898359,-0.1480795,0.001796578,-0.5080364
IMU,285077702.0,2,0.6053225,0.7711479,-0.3910391,-0.1259142,-0.02514487,-0.6336653
IMU,285117750.0,2,0.606026,0.772368,-0.3913299,-0.1208027,-0.03470519,-0.7039957
IMU,285157999.0,2,0.6095644,0.7701631,-0.3888006,-0.09250937,-0.04386659,-0.7849599
IMU,285198686.0,2,0.60359,0.7685962,-0.3872789,-0.07743967,-0.06722341,-0.8004333
IMU,285239264.0,2,0.6055106,0.7350317,-0.3939139,-0.03305402,-0.06408786,-0.9474761
IMU,285278728.0,2,0.6014183,0.6874944,-0.4010836,-0.02066914,-0.08072015,-1.080915
IMU,285318971.0,2,0.5783501,0.635302,-0.4061827,-0.002206905,-0.1088299,-1.232381
IMU,285359458.0,2,0.5496053,0.5731477,-0.4031473,0.01322886,-0.1115211,-1.228254
IMU,285400114.0,2,0.5408654,0.5028598,-0.4017441,0.04382051,-0.1242132,-1.263852
IMU,285440832.0,2,0.539059,0.4343343,-0.402358,0.06987119,-0.117175,-1.262002
IMU,285480608.0,2,0.534595,0.3605164,-0.403308,0.1048852,-0.1747731,-1.381406
IMU,285520125.0,2,0.5078518,0.2634749,-0.405269,0.133647,-0.2285482,-1.49343
IMU,285561678.0,2,0.4497951,0.1408543,-0.4013338,0.1745471,-0.2759033,-1.591299
IMU,285602014.0,2,0.3719529,0.02871159,-0.4042575,0.1934569,-0.3117634,-1.744284
IMU,285642879.0,2,0.2873611,-0.0691909,-0.4120441,0.1780478,-0.3353342,-1.865002
IMU,285682050.0,2,0.3473684,-0.1724904,-0.3883647,0.800409,-0.6343589,-3.134976
IMU,285722968.0,2,0.9231659,-0.7559268,0.08110015,1.944963,-1.81231,-6.193928
IMU,285764933.0,2,0.1197025,-1.032687,0.2188591,6.105608,-7.266295,-13.075
IMU,285804853.0,2,-5.697947,-6.997243,0.4184682,63.45829,-70.92269,-97.42162
IMU,285845168.0,2,-4.862383,-5.218814,1.244046,-45.49969,18.58468,-63.27271
IMU,285884699.0,2,-1.339174,-2.168545,0.3599016,-3.082582,1.386541,-5.611074
IMU,285925220.0,2,-0.0402311,-0.05599326,-0.1114735,-2.353871,1.752708,-0.9842823
IMU,285967023.0,2,0.620322,0.8255093,-0.09685417,-0.7976169,1.34948,0.7530729
IMU,286007180.0,2,0.8470044,1.256132,0.0001331542,0.1376256,1.475254,-0.04704448
IMU,286047242.0,2,0.8921865,1.410606,0.1042681,0.8046333,1.408426,-2.008868
IMU,286087413.0,2,1.058089,1.798795,0.2091999,1.326289,1.684354,-5.053121
IMU,286127093.0,2,1.339626,2.068893,0.2939874,2.449789,0.309424,-9.363592
IMU,286169041.0,2,0.976926,1.198917,0.471624,4.789338,-1.455985,-15.59841
IMU,286209010.0,2,0.02289822,-0.1809093,0.2814634,5.772826,-0.4280505,-17.68257
IMU,286249638.0,2,-0.6255788,-0.5511951,-0.3146002,2.133936,2.62024,-9.756357
IMU,286289253.0,2,-0.08953722,-0.444795,-0.2703191,0.9884269,0.7709462,-8.428681
IMU,286329028.0,2,0.3156108,-0.1024701,-0.03807868,0.433959,-0.4580125,-8.670372
IMU,286369003.0,2,0.0970174,0.1884614,0.06649397,1.366063,-0.8035797,-9.646921
IMU,286410242.0,2,-0.05376328,0.1064295,0.05302803,2.361379,-0.02935831,-9.341634
IMU,286450477.0,2,-0.02726897,-0.04893721,-0.009368979,1.960421,0.4323938,-9.823257
IMU,286490438.0,2,0.00923225,-0.009001697,-0.004499218,1.377277,0.2571819,-9.565063
IMU,286530712.0,2,0.03593246,0.03237518,0.005379052,1.752772,-0.02747315,-9.582914
IMU,286571247.0,2,-0.002542555,0.0002006227,0.001556932,1.860726,0.04444181,-9.436795
IMU,286611712.0,2,-0.01372883,-0.01608234,-0.004849497,1.638458,0.001089953,-9.611309
IMU,286651835.0,2,0.002529898,0.008521365,-0.0008828681,1.674621,0.2073548,-9.550628
IMU,286691723.0,2,0.002716439,0.006097429,0.0007449986,1.799758,0.09081072,-9.505441
IMU,286732195.0,2,-0.006549274,-0.00573712,-0.002075936,1.681626,-0.0137045,-9.522251
IMU,286772860.0,2,-0.005541982,0.006848249,0.0002445721,1.773983,0.1117384,-9.533195
IMU,286812863.0,2,0.002253935,-0.004445299,-0.001066641,1.709146,0.1350084,-9.550807
IMU,286853104.0,2,0.005037627,0.002710907,-0.001397987,1.720711,0.04399464,-9.510356
IMU,286893251.0,2,-0.001966886,0.0007423045,-0.001902178,1.725109,0.08723412,-9.551387
IMU,286933493.0,2,0.002800033,0.003000625,-0.001783864,1.742392,0.1050919,-9.570226
IMU,286974974.0,2,0.0005767966,-0.003852667,-0.004833089,1.750653,0.04953835,-9.529155
IMU,287015018.0,2,-0.00250435,-8.32313e-05,-0.00101662,1.693362,0.08646446,-9.543234
IMU,287055523.0,2,-0.002706373,0.003416704,0.001302151,1.739626,0.1304291,-9.540267
IMU,287095228.0,2,-0.0007688603,-0.0009067109,-0.001147656,1.728962,0.07266852,-9.556715
IMU,287135063.0,2,-0.001868656,0.003295505,0.0003238833,1.692326,0.07432043,-9.537879
IMU,287176243.0,2,-0.0003938698,0.001250635,-0.001872538,1.753946,0.09949346,-9.567843
IMU,287216704.0,2,-0.001287473,-0.002718801,-0.0005942998,1.727962,0.07841197,-9.544216
IMU,287256883.0,2,0.001705653,0.004740945,-0.0001026749,1.712091,0.1014932,-9.549516
IMU,287296224.0,2,0.002230879,0.0006838183,-0.001507241,1.74449,0.07218102,-9.530097
IMU,287336718.0,2,0.0001754275,-0.00107979,-0.002679803,1.717473,0.07306134,-9.528587
IMU,287376824.0,2,-0.0005765208,0.0006950457,0.0007763376,1.716832,0.1050413,-9.556836
IMU,287417665.0,2,0.003864908,0.005262965,0.00102624,1.734789,0.07472127,-9.537932
IMU,287457815.0,2,0.001321525,0.002240783,0.0001222296,1.722795,0.07672662,-9.523817
IMU,287497621.0,2,-0.002777451,-0.001242438,-0.0009608713,1.713766,0.0896332,-9.52609
IMU,287538376.0,2,0.0003029818,0.0002222753,-0.0004657136,1.716383,0.09779081,-9.550171
IMU,287580531.0,2,0.0008497537,0.001763389,-0.0003304627,1.72811,0.0754201,-9.562766
IMU,287619868.0,2,-0.0004477665,0.0006969224,-0.0004729236,1.729221,0.09203201,-9.544959
IMU,287660647.0,2,0.002082031,0.001386911,1.546905e-05,1.732291,0.07475785,-9.530825
IMU,287700414.0,2,-5.207918e-05,0.001033743,-0.001475012,1.737753,0.09223671,-9.533573
IMU,287740064.0,2,5.716302e-05,0.001598618,-0.0004658515,1.726184,0.08005645,-9.54794
IMU,287782666.0,2,-0.0006630214,0.0006801078,-0.0004224627,1.727045,0.07999912,-9.549801
IMU,287821926.0,2,-0.0002488567,0.001882909,-0.0006826501,1.734332,0.0919995,-9.537987
IMU,287862290.0,2,0.0001824999,-0.0001950024,-0.001749864,1.722168,0.0685,-9.560463
IMU,287901995.0,2,-0.0006535535,0.0002918547,-0.000255198,1.729458,0.08488963,-9.538403
