ARM,296862524.0,0.0
AHR2,295818113.0,-1.49,-5.11,156.63,466.97,43.2382745,-7.6818091
AHR2,295920226.0,-1.39,-5.26,156.78,466.76,43.2382723,-7.6818076
AHR2,296023515.0,-2.18,-5.55,157.21,466.71,43.2382693,-7.6818054
AHR2,296125004.0,-1.79,-5.26,157.06,467.1,43.2382671,-7.6818039
AHR2,296228268.0,-1.04,-4.83,157.31,466.89,43.2382652,-7.6818026
AHR2,296330030.0,-1.52,-4.08,157.17,466.97,43.2382629,-7.6818013
AHR2,296435566.0,-2.0,-3.08,157.17,466.52,43.2382607,-7.681799
AHR2,296537685.0,-1.78,-2.16,156.66,466.53,43.2382586,-7.6817976
AHR2,296640576.0,-1.69,-1.34,156.83,466.76,43.2382568,-7.6817958
AHR2,296742407.0,-1.49,-0.68,156.31,466.8,43.2382547,-7.6817943
AHR2,296845730.0,-1.26,-0.46,155.75,466.57,43.2382536,-7.6817929
AHR2,296945533.0,-0.16,-0.24,155.57,466.64,43.2382517,-7.6817914
AHR2,297046682.0,1.21,0.18,154.55,465.67,43.2382502,-7.6817894
AHR2,297147195.0,2.46,0.58,153.04,465.32,43.2382485,-7.681788
AHR2,297248501.0,3.58,1.56,151.52,465.0,43.2382467,-7.6817859
AHR2,297348250.0,4.67,3.27,150.03,464.98,43.238245,-7.6817845
AHR2,297450039.0,5.76,5.79,148.4,465.07,43.2382433,-7.6817825
AHR2,297550736.0,6.82,8.75,146.62,464.44,43.2382416,-7.681781
AHR2,297651788.0,8.6,10.35,144.42,463.89,43.23824,-7.6817794
AHR2,297752095.0,8.44,-9.28,144.92,463.29,43.2382383,-7.6817779
AHR2,297853220.0,3.64,-11.69,143.9,461.31,43.2382338,-7.6817761
AHR2,297953257.0,14.85,-3.6,147.12,461.68,43.238231,-7.6817744
AHR2,298053182.0,12.24,0.68,147.78,461.78,43.2382358,-7.6817883
AHR2,298153095.0,9.09,-0.2,148.04,461.78,43.2382356,-7.6817918
AHR2,298253241.0,8.67,-0.11,148.04,462.01,43.2382353,-7.681789
AHR2,298353223.0,8.52,0.05,148.02,461.86,43.238235,-7.6817906
AHR2,298453753.0,8.43,0.17,148.0,461.78,43.2382351,-7.6817889
AHR2,298553732.0,8.34,0.28,147.99,461.77,43.238235,-7.6817896
AHR2,298653762.0,8.26,0.39,147.97,461.81,43.2382353,-7.6817879
AHR2,298753793.0,8.18,0.49,147.95,461.92,43.2382353,-7.681788
AHR2,298855449.0,8.1,0.6,147.94,461.99,43.238235,-7.6817873
AHR2,298955283.0,8.02,0.71,147.92,461.87,43.238235,-7.6817874
AHR2,299056292.0,7.95,0.8,147.9,461.91,43.2382351,-7.6817866
AHR2,299156000.0,7.87,0.9,147.88,461.73,43.2382351,-7.6817867
AHR2,299256487.0,7.79,0.99,147.87,461.69,43.238235,-7.6817855
AHR2,299356698.0,7.72,1.09,147.85,461.83,43.2382349,-7.6817856
AHR2,299457779.0,7.65,1.17,147.84,461.64,43.2382352,-7.6817836
AHR2,299561736.0,7.57,1.26,147.82,461.73,43.2382355,-7.6817824
AHR2,299662023.0,7.51,1.35,147.81,461.82,43.2382355,-7.6817824
ATT,295817532.0,-1.128447,-0.6861762,-6.393026,-5.053209,151.6318,150.6789
ATT,295919546.0,-1.09262,-0.5813516,-6.423186,-5.170115,151.6302,150.8686
ATT,296022806.0,-0.9366356,-1.353157,-6.30659,-5.476869,151.6206,151.3382
ATT,296124432.0,-0.6588312,-0.9312775,-5.852977,-5.23608,151.6026,151.2446
ATT,296227676.0,-0.4402057,-0.2094349,-5.217246,-4.843056,151.5891,151.5411
ATT,296329262.0,-0.4614335,-0.7521803,-4.5154,-4.106385,151.5872,151.4309
ATT,296434830.0,-0.6582831,-1.269613,-3.64936,-3.123547,151.59,151.4602
ATT,296537018.0,-0.7693499,-1.063295,-2.942051,-2.215637,151.5888,150.9836
ATT,296639969.0,-0.8300101,-0.9932466,-2.318081,-1.413917,151.5858,151.2031
ATT,296741715.0,-0.7259016,-0.809587,-1.68906,-0.7782995,151.5797,150.7367
ATT,296845106.0,-0.4492595,-0.5632983,-0.9134687,-0.564006,151.5726,150.2521
ATT,296944816.0,-0.2135547,0.5585324,-0.4383091,-0.3690992,150.1597,150.168
ATT,297046060.0,-0.1082004,1.916078,-0.2220753,0.146318,149.2905,149.3191
ATT,297146469.0,-0.05523697,3.139495,-0.1133707,0.6650122,147.9348,147.9816
ATT,297247775.0,-0.02789307,4.3189,-0.05724898,1.90324,146.5736,146.6379
ATT,297347692.0,-0.01424037,5.486839,-0.02922756,3.882152,145.2339,145.3157
ATT,297449260.0,-0.007205348,6.651805,-0.01478857,6.647712,143.7742,143.8738
ATT,297550058.0,-0.003663485,7.796475,-0.007519091,9.851615,142.14,142.2576
ATT,297651342.0,-0.001850494,9.674323,-0.003798032,11.6865,140.0766,140.2232
ATT,297751422.0,-0.0009447501,9.630837,-0.001939046,-7.917022,140.2442,140.3884
ATT,297852607.0,-0.0004771003,5.11389,-0.0009792217,-9.87506,139.0283,139.1055
ATT,297952637.0,-0.0002435792,16.73282,-0.0004999326,-1.322225,142.204,142.4499
ATT,298052576.0,-0.0001769919,17.07255,-0.0003632661,3.987044,142.9431,143.1945
ATT,298152530.0,-0.0001739843,17.18174,-0.000357093,4.150154,143.085,143.338
ATT,298252712.0,-0.000170885,17.23927,-0.0003507319,4.194453,143.0965,143.3503
ATT,298352676.0,-0.000170885,17.25057,-0.0003507321,4.199616,143.1139,143.3679
ATT,298453084.0,-0.0001708849,17.24956,-0.0003507322,4.225186,143.2115,143.4654
ATT,298553162.0,-0.0001674935,17.24163,-0.0003437713,4.242746,143.3004,143.5542
ATT,298653128.0,-0.0001674934,17.21742,-0.0003437712,4.27509,143.5223,143.7758
ATT,298753209.0,-0.0001674935,17.20002,-0.0003437713,4.302009,143.7057,143.959
ATT,298854746.0,-0.0001607715,17.16352,-0.0003299748,4.334655,144.0081,144.2609
ATT,298954704.0,-0.0001576236,17.11676,-0.0003235139,4.373807,144.3789,144.631
ATT,299055733.0,-0.0001543723,17.02857,-0.0003168409,4.428154,145.015,145.2659
ATT,299155272.0,-0.0001543723,16.95182,-0.0003168409,4.474943,145.5514,145.8012
ATT,299255751.0,-0.0001512303,16.82944,-0.0003103921,4.537402,146.3368,146.5849
ATT,299356057.0,-0.0001512303,16.73438,-0.000310392,4.589793,146.9516,147.1983
ATT,299457167.0,-0.0001450933,16.58345,-0.0002977965,4.659163,147.8364,148.0809
ATT,299561210.0,-0.0001419225,16.45769,-0.0002912886,4.717876,148.539,148.7818
ATT,299661312.0,-0.0001419226,16.25961,-0.0002912885,4.801487,149.5589,149.7989
BARO,295837494.0,0,3.169342,466.7693,96943.86
BARO,295940192.0,0,3.115631,466.7156,96944.44
BARO,296043008.0,0,3.505585,467.1056,96940.2
BARO,296144959.0,0,3.293671,466.8936,96942.5
BARO,296247703.0,0,3.37561,466.9756,96941.61
BARO,296350209.0,0,2.929138,466.5291,96946.47
BARO,296452558.0,0,2.934784,466.5348,96946.41
BARO,296554544.0,0,3.166504,466.7665,96943.9
BARO,296657684.0,0,3.203247,466.8032,96943.48
BARO,296759605.0,0,2.971527,466.5715,96946.02
BARO,296862769.0,0,3.045013,466.645,96945.2
BARO,296962466.0,0,2.078613,465.6786,96955.7
BARO,297063419.0,0,1.722565,465.3225,96959.57
BARO,297165110.0,0,1.406097,465.0061,96962.98
BARO,297265154.0,0,1.380646,464.9806,96963.26
BARO,297365536.0,0,1.476715,465.0767,96962.22
BARO,297467016.0,0,0.8409424,464.4409,96969.15
BARO,297568458.0,0,0.2927551,463.8927,96975.08
BARO,297668719.0,0,-0.3034668,463.2965,96981.55
BARO,297769271.0,0,-2.28714,461.3128,97003.09
BARO,297870758.0,0,-1.9198,461.6802,96999.13
BARO,297971205.0,0,-1.815247,461.7847,96997.97
BARO,298070977.0,0,-1.818054,461.7819,96998.0
BARO,298173532.0,0,-1.580688,462.0193,96995.41
BARO,298273058.0,0,-1.736115,461.8639,96997.11
BARO,298372565.0,0,-1.815247,461.7847,96997.98
BARO,298473047.0,0,-1.820892,461.7791,96998.03
BARO,298572968.0,0,-1.789795,461.8102,96997.7
BARO,298673092.0,0,-1.67395,461.926,96996.45
BARO,298773104.0,0,-1.608948,461.991,96995.74
BARO,298874783.0,0,-1.721985,461.878,96996.97
BARO,298975022.0,0,-1.682434,461.9175,96996.52
BARO,299075779.0,0,-1.863281,461.7367,96998.51
BARO,299179507.0,0,-1.90567,461.6943,96998.95
BARO,299278460.0,0,-1.77002,461.83,96997.48
BARO,299379757.0,0,-1.950867,461.6491,96999.45
BARO,299479799.0,0,-1.863281,461.7367,96998.51
BARO,299580987.0,0,-1.772858,461.8271,96997.52
BARO,295837494.0,1,3.38974,466.9897,96922.21
BARO,295940192.0,1,3.174988,466.775,96924.55
BARO,296043008.0,1,3.409515,467.0095,96921.99
BARO,296144959.0,1,3.231506,466.8315,96923.93
BARO,296247703.0,1,3.319092,466.9191,96923.0
BARO,296350209.0,1,2.923492,466.5235,96927.28
BARO,296452558.0,1,3.064789,466.6648,96925.73
BARO,296554544.0,1,3.183472,466.7834,96924.47
BARO,296657684.0,1,3.392578,466.9926,96922.2
BARO,296759605.0,1,2.968719,466.5687,96926.77
BARO,296862769.0,1,2.931976,466.532,96927.2
BARO,296962466.0,1,2.202942,465.8029,96935.1
BARO,297063419.0,1,1.821472,465.4214,96939.23
BARO,297165110.0,1,1.496521,465.0965,96942.78
BARO,297265154.0,1,1.62085,465.2208,96941.41
BARO,297365536.0,1,1.36087,464.9608,96944.23
BARO,297467016.0,1,1.058533,464.6585,96947.52
BARO,297568458.0,1,0.733551,464.3335,96951.05
BARO,297668719.0,1,-0.02938843,463.5706,96959.34
BARO,297769271.0,1,-2.250397,461.3496,96983.45
BARO,297870758.0,1,-1.535492,462.0645,96975.67
BARO,297971205.0,1,-1.778503,461.8215,96978.31
BARO,298070977.0,1,-1.625916,461.9741,96976.65
BARO,298173532.0,1,-1.642883,461.9571,96976.84
BARO,298273058.0,1,-1.815247,461.7847,96978.71
BARO,298372565.0,1,-1.693726,461.9063,96977.38
BARO,298473047.0,1,-1.555267,462.0447,96975.91
BARO,298572968.0,1,-1.772858,461.8271,96978.26
BARO,298673092.0,1,-1.744598,461.8554,96977.95
BARO,298773104.0,1,-1.640045,461.9599,96976.83
BARO,298874783.0,1,-1.656982,461.943,96977.01
BARO,298975022.0,1,-1.829376,461.7706,96978.86
BARO,299075779.0,1,-1.75589,461.8441,96978.07
BARO,299179507.0,1,-1.59201,462.008,96976.28
BARO,299278460.0,1,-1.733276,461.8667,96977.84
BARO,299379757.0,1,-1.648529,461.9514,96976.91
BARO,299479799.0,1,-1.690918,461.9091,96977.36
BARO,299580987.0,1,-1.651337,461.9486,96976.93
GPS,295801555.0,4,23,43.2382774,-7.681811,464.48,2.712,0.259,0.0
GPS,295967470.0,4,24,43.238273,-7.6818079,464.39,2.689,0.424,0.0
GPS,296171971.0,4,24,43.2382689,-7.6818049,464.31,2.673,0.535,0.0
GPS,296357422.0,4,24,43.2382648,-7.6818018,464.21,2.624,0.452,0.0
GPS,296562264.0,4,24,43.2382608,-7.6817986,464.11,2.572,0.446,0.0
GPS,296786961.0,4,24,43.238257,-7.6817954,464.02,2.477,0.409,0.0
GPS,296970220.0,4,24,43.2382536,-7.6817922,463.95,2.292,0.271,0.0
GPS,297151744.0,4,24,43.2382502,-7.681789,463.68,2.21,2.209,0.0
GPS,297355781.0,4,24,43.2382469,-7.6817857,463.04,2.281,3.986,0.0
GPS,297557965.0,4,24,43.2382436,-7.6817823,462.03,2.226,5.824,0.0
GPS,297779527.0,4,24,43.2382391,-7.6817794,460.76,3.407,7.212,0.0
GPS,297960723.0,4,24,43.2382362,-7.6817809,459.69,2.868,3.463,0.0
GPS,298160999.0,4,24,43.2382358,-7.6817858,459.15,1.298,2.172,0.0
GPS,298363216.0,4,23,43.2382353,-7.6817875,458.96,0.583,0.438,0.0
GPS,298563528.0,4,23,43.2382353,-7.6817876,459.0,0.127,-0.127,0.0
GPS,298783811.0,4,24,43.2382351,-7.6817872,459.08,0.093,-0.23,0.0
GPS,298965451.0,4,24,43.2382351,-7.6817865,459.2,0.063,-0.079,0.0
GPS,299166036.0,4,24,43.2382351,-7.6817853,459.24,0.133,-0.163,0.0
GPS,299365967.0,4,24,43.2382352,-7.6817836,459.31,0.033,-0.07300001,0.0
GPS,299547746.0,4,24,43.2382355,-7.6817824,459.39,0.026,-0.08400001,0.0
IMU,295808440.0,0,0.07888382,0.03893322,-0.03023505,-0.885242,1.802924,-9.732392
IMU,295850099.0,0,0.004052571,-0.01640921,0.002883428,-0.1634843,1.318454,-8.307759
IMU,295891539.0,0,0.02309903,-0.01992881,0.03175104,-1.526402,-0.3055275,-8.553428
IMU,295932193.0,0,0.06744958,-0.1267049,0.0799503,-1.026327,0.9762575,-9.239107
IMU,295978586.0,0,-0.1042649,-0.03986498,0.0003485211,-0.84938,-0.9610239,-9.071467
IMU,296020466.0,0,-0.01194217,-0.06983389,0.04723892,-0.6565811,0.37099,-10.15745
IMU,296060474.0,0,0.1478744,-0.02798442,0.001411218,-0.8789495,1.405008,-9.173847
IMU,296102215.0,0,-0.001300805,0.09866618,0.06041422,-1.166465,-0.8585241,-8.313542
IMU,296141969.0,0,0.01488767,0.1205872,0.09022937,-1.402985,-0.1038955,-9.085271
IMU,296190378.0,0,0.07858647,0.08075196,0.04909949,-1.038402,0.2708794,-8.897943
IMU,296230748.0,0,-0.04815076,0.03174453,0.1133591,-1.41611,-0.02722579,-9.142932
IMU,296270279.0,0,-0.05050545,-0.007065915,0.02515983,-0.8626846,1.275059,-9.963386
IMU,296310112.0,0,-0.04372245,0.1765085,0.04593829,-1.433819,-0.8325343,-8.666438
IMU,296351993.0,0,-0.1271815,0.2281961,-0.05070688,-0.8127062,-0.6868876,-9.049556
IMU,296393537.0,0,-0.06596396,0.1674492,-0.06900623,-0.7052335,-0.1640578,-10.04445
IMU,296437819.0,0,-0.1133573,0.2041211,0.02495893,-1.241241,-0.7911921,-9.6799
IMU,296477514.0,0,-0.03099886,0.1724048,-0.0165034,-0.6534335,-0.3739913,-10.23657
IMU,296519503.0,0,0.06784023,0.1215354,-0.0716118,-0.3966902,1.014403,-11.19935
IMU,296560040.0,0,0.1103881,0.1173524,-0.0873721,0.1030799,1.772575,-11.06215
IMU,296602191.0,0,0.1350576,0.05380574,0.002609809,-0.9554552,1.327216,-10.80428
IMU,296642415.0,0,-0.08852626,0.1751095,0.008291087,-0.9426488,-0.4332207,-8.72005
IMU,296683016.0,0,-0.07978247,0.1434246,0.03716277,-1.342224,-0.3802402,-9.526721
IMU,296723042.0,0,-0.02953299,0.1193437,-0.01206773,-1.2518,-0.6753641,-9.85279
IMU,296764080.0,0,-0.04423189,0.1049566,-0.1639564,-0.9793746,-0.5922715,-10.32148
IMU,296807252.0,0,0.05826461,0.0247507,-0.0855106,-0.911962,-0.8539771,-9.560147
IMU,296848048.0,0,0.1160722,-0.04780034,-0.02682852,-1.397025,0.2174022,-10.68064
IMU,296887387.0,0,0.2705885,-0.009708144,-0.02390223,0.9820353,2.262374,-9.037738
IMU,296927556.0,0,0.2863187,0.06565297,0.05423794,-0.2469499,1.380267,-1.692116
IMU,296967482.0,0,0.2686676,0.07536633,-0.1004722,-0.09026697,-0.02344229,-0.9918458
IMU,297009074.0,0,0.2542343,0.09764315,-0.1747137,-0.1059474,-0.208789,-0.647058
IMU,297048982.0,0,0.2470527,0.08321004,-0.2317168,-0.2098278,0.06189408,-0.3027843
IMU,297088507.0,0,0.2340932,0.0783071,-0.2575099,-0.1163402,0.04446409,-0.3834294
IMU,297128236.0,0,0.2144667,0.06723408,-0.2605391,-0.1863616,0.03870497,-0.4894124
IMU,297170419.0,0,0.1988596,0.1407001,-0.2622695,-0.2332081,0.0534609,-0.5969083
IMU,297211002.0,0,0.2176254,0.204635,-0.270429,-0.197868,0.05570535,-0.7435877
IMU,297250781.0,0,0.2426946,0.2479432,-0.2712563,-0.1971579,0.03935839,-0.8883361
IMU,297290147.0,0,0.2230343,0.2917862,-0.2670381,-0.2050515,0.01802945,-0.976576
IMU,297330406.0,0,0.2157598,0.3484586,-0.2755214,-0.2029491,0.01447961,-1.080851
IMU,297371247.0,0,0.2259615,0.4161458,-0.2972418,-0.2001223,0.04369823,-1.137708
IMU,297412019.0,0,0.2315468,0.4466308,-0.3139807,-0.1523688,0.0509319,-1.16348
IMU,297452264.0,0,0.2431728,0.4720218,-0.3311253,-0.138495,0.07699658,-1.255388
IMU,297491809.0,0,0.2506132,0.5093591,-0.3536435,-0.1186925,0.07948092,-1.42962
IMU,297532090.0,0,0.2540201,0.5337546,-0.3711324,-0.05565067,0.0142989,-1.44818
IMU,297573803.0,0,0.2495447,0.5521154,-0.3850136,-0.02460961,-0.005323786,-1.497308
IMU,297614465.0,0,0.1318849,0.3359767,-0.4016469,0.1638271,-0.03516291,-2.583181
IMU,297653797.0,0,1.18924,-0.05937222,-0.3779076,1.429316,0.3364485,-20.61477
IMU,297693723.0,0,-1.237637,-3.034462,0.9736726,6.054784,31.55311,-0.006640773
IMU,297733605.0,0,-1.143807,-2.546495,0.5942621,-0.606863,1.692692,1.183271
IMU,297774215.0,0,-1.566861,-2.001797,-0.1467379,-1.923807,1.508176,1.379146
IMU,297816061.0,0,-1.330394,-0.4582285,-0.4831994,-4.986204,8.515768,-5.298757
IMU,297855108.0,0,0.6780872,1.385223,0.3703178,-0.1570531,2.652778,-0.5918562
IMU,297895546.0,0,2.222216,1.250934,0.2922456,-1.385057,4.723435,-4.524755
IMU,297935201.0,0,3.78511,0.7151478,0.363072,-2.332184,0.01641397,-6.498569
IMU,297975112.0,0,0.2388982,4.309555,-0.1394529,3.42747,1.502294,-10.62145
IMU,298015050.0,0,-0.5650256,-0.3823119,-0.2060568,10.8626,-3.939188,-17.68908
IMU,298055099.0,0,-0.2953211,-0.5456657,-0.02411762,-0.1115772,-0.3800548,-6.942313
IMU,298095586.0,0,-0.06208339,-0.003820054,-0.007974409,0.284824,0.1267489,-9.181796
IMU,298135521.0,0,0.1514789,0.2079155,0.04950833,1.016896,-0.4483998,-10.04692
IMU,298175115.0,0,0.0586389,0.06539498,-0.005432712,1.313317,-0.9068924,-9.680131
IMU,298215042.0,0,-0.02749791,-0.02977083,-0.000964658,1.021524,-0.4616603,-9.69734
IMU,298255071.0,0,0.01248161,0.01363964,0.005462422,1.137552,-0.6286936,-9.720123
IMU,298295566.0,0,-0.003252615,-0.007876808,-0.000607734,1.004474,-0.5561799,-9.667595
IMU,298335469.0,0,0.004497891,0.002923652,0.0006278907,1.071652,-0.6129889,-9.675768
IMU,298376040.0,0,0.002041736,0.0005108735,0.0009690762,1.02528,-0.5612926,-9.672554
IMU,298415038.0,0,0.0001779888,-0.002018013,-0.0001250343,1.058965,-0.6002828,-9.671247
IMU,298456159.0,0,0.002987495,0.001700069,0.0008429111,1.045354,-0.5892892,-9.676042
IMU,298495601.0,0,0.0003010547,-0.001396522,0.002058895,1.043586,-0.5871089,-9.68108
IMU,298536008.0,0,0.001755613,-0.001052276,0.001088223,1.061122,-0.5914966,-9.699342
IMU,298575594.0,0,0.0009613447,0.00010551,0.001469521,1.03524,-0.5868093,-9.68293
IMU,298615556.0,0,0.001639611,-0.0005323421,0.0005994055,1.046853,-0.5792466,-9.670801
IMU,298656248.0,0,0.001907534,-7.002122e-05,0.0003387779,1.056653,-0.5929294,-9.677691
IMU,298696195.0,0,0.002335903,0.0003204254,0.001133666,1.052623,-0.595305,-9.678257
IMU,298735691.0,0,0.001192292,0.0004734305,-0.0003746768,1.039483,-0.5845076,-9.678852
IMU,298776000.0,0,0.001340225,-0.0001786435,0.001155795,1.053216,-0.5821278,-9.666046
IMU,298816004.0,0,0.0004594638,0.0003545538,7.965078e-05,1.055343,-0.5913379,-9.685714
IMU,298857696.0,0,0.002695095,-0.0003057074,0.0003171101,1.055646,-0.5829648,-9.681239
IMU,298897231.0,0,0.00138567,-0.0008002995,-7.385626e-05,1.053135,-0.5857835,-9.689649
IMU,298937235.0,0,0.002490761,0.0007753163,0.0004674635,1.050012,-0.5940784,-9.663258
IMU,298980496.0,0,0.00178425,-4.938459e-05,0.000754823,1.041185,-0.5936947,-9.686309
IMU,299022757.0,0,0.001960934,-0.0004753631,-3.148744e-05,1.055961,-0.588735,-9.6594
IMU,299063243.0,0,0.00175499,-0.001244966,0.0006901905,1.041657,-0.586574,-9.681236
IMU,299103265.0,0,0.001354453,-0.0001085519,0.001493625,1.052579,-0.5823274,-9.684251
IMU,299142780.0,0,0.002009961,0.0001846853,1.893444e-05,1.050018,-0.5785215,-9.688622
IMU,299183481.0,0,0.0008153609,-0.001264399,0.0007886051,1.037581,-0.5924613,-9.688574
IMU,299226540.0,0,0.001274169,0.0008222616,0.001234718,1.047717,-0.5960824,-9.681772
IMU,299266022.0,0,0.00168551,0.0009209525,0.001169312,1.049672,-0.592678,-9.690094
IMU,299305935.0,0,0.001638191,0.0002481016,0.001048953,1.053834,-0.5958354,-9.697604
IMU,299346518.0,0,0.002004344,0.0004457821,0.00126075,1.043656,-0.5939049,-9.681767
IMU,299387486.0,0,0.002689652,-0.001077964,0.001262777,1.044629,-0.5919093,-9.674344
IMU,299426984.0,0,0.001382672,-0.0002263219,0.001847072,1.049566,-0.5981413,-9.691446
IMU,299467193.0,0,0.002491312,-0.0003054909,0.0007892658,1.049429,-0.5974774,-9.7042
IMU,299507043.0,0,0.002151821,-0.001600342,0.001236882,1.06235,-0.5909702,-9.673295
IMU,299547830.0,0,0.001404158,0.0008390578,-0.0004561607,1.054476,-0.6009382,-9.677386
IMU,299588434.0,0,0.001711978,-0.000978264,0.0008386633,1.060809,-0.5891769,-9.676982
IMU,299628449.0,0,0.001690739,0.0006934173,0.00111956,1.057725,-0.598763,-9.69301
IMU,299669565.0,0,0.001438102,-0.0002949357,0.0009928006,1.049815,-0.597193,-9.710878
IMU,299709108.0,0,0.001030089,-0.0001886344,0.000651069,1.054245,-0.5865647,-9.682698
IMU,295808440.0,1,-0.01319049,0.03712536,-0.04801223,-1.682399,0.8954374,-10.2091
IMU,295850099.0,1,-0.03539328,0.02302162,-0.01711486,-0.2328604,1.785528,-8.469545
IMU,295891539.0,1,0.03604424,-0.09618732,-0.003099408,-1.394529,-0.3165388,-8.397698
IMU,295932193.0,1,0.04969751,-0.1273889,0.02944056,-1.574397,-0.2237504,-7.66565
IMU,295978586.0,1,-0.106354,-0.07242,-0.002494186,-0.7023467,-1.048021,-8.528714
IMU,296020466.0,1,-0.05070542,-0.0579465,0.03325608,-1.161529,-0.2791928,-9.858337
IMU,296060474.0,1,0.07215818,-0.03421023,-0.006334748,-2.045547,1.608795,-8.951171
IMU,296102215.0,1,0.01357803,0.08016307,0.02887336,-0.6606591,-0.6273353,-7.941615
IMU,296141969.0,1,0.01084953,0.1058111,0.0531596,-1.024333,-0.5168556,-9.389943
IMU,296190378.0,1,0.07777586,0.0593081,0.02122522,-0.633683,0.5321704,-9.095373
IMU,296230748.0,1,-0.03571733,0.01032932,0.0614084,-1.234255,-1.885532,-9.125943
IMU,296270279.0,1,-0.05234983,0.006594783,0.006048142,-0.7426944,1.000078,-10.58153
IMU,296310112.0,1,-0.06018903,0.1353158,0.02313252,0.008215664,-0.4035212,-9.328148
IMU,296351993.0,1,-0.1316262,0.1728543,-0.03821262,-0.656126,-0.8624588,-9.714063
IMU,296393537.0,1,-0.0900531,0.147599,-0.06775111,-1.138118,-1.182558,-8.836941
IMU,296437819.0,1,-0.08137625,0.1748246,-0.07155401,-0.5356539,-0.6075723,-8.556984
IMU,296477514.0,1,-0.02733237,0.1492788,-0.06998055,-0.6633049,-1.957017,-10.77849
IMU,296519503.0,1,0.04349876,0.1161236,-0.07290797,-1.397922,-0.4222977,-10.86263
IMU,296560040.0,1,0.04881256,0.1288146,-0.08245081,-0.7755176,1.795742,-11.11171
IMU,296602191.0,1,0.1022681,0.05713023,-0.01217325,-0.5830833,0.9604499,-10.93383
IMU,296642415.0,1,-0.08857795,0.1570389,-0.02642035,0.2282882,-0.1878213,-9.640737
IMU,296683016.0,1,-0.04912291,0.1280662,-0.004381668,-0.2262951,0.01336127,-9.074625
IMU,296723042.0,1,-0.02988139,0.09863122,-0.04476746,-0.5679956,-1.344261,-10.24691
IMU,296764080.0,1,-0.06925464,0.08014359,-0.1436737,-1.213011,-1.105115,-10.78893
IMU,296807252.0,1,0.03306821,0.01513431,-0.08058073,-1.033252,-0.9659155,-8.829922
IMU,296848048.0,1,0.09580019,-0.04846487,-0.06521212,-1.73338,-1.033221,-10.45961
IMU,296887387.0,1,0.2090556,-0.0105152,-0.03125857,0.4819031,0.7609131,-8.450587
IMU,296927556.0,1,0.2338119,0.0242107,0.03959293,-0.2776684,0.3479335,-1.213606
IMU,296967482.0,1,0.2356824,0.06823403,-0.07994128,-0.2245745,-0.0006596466,-0.8372071
IMU,297009074.0,1,0.2160775,0.07900693,-0.1491474,-0.1369509,-0.2142856,-0.8964602
IMU,297048982.0,1,0.2020865,0.07502026,-0.2036727,-0.1762727,-0.02549553,-0.2673806
IMU,297088507.0,1,0.1904387,0.0671962,-0.2299388,-0.107847,0.03088347,-0.498168
IMU,297128236.0,1,0.1697663,0.05859528,-0.2328551,-0.2795788,0.004866052,-0.5349157
IMU,297170419.0,1,0.1603663,0.1234593,-0.2317572,-0.2239585,0.02902205,-0.6403608
IMU,297211002.0,1,0.1736869,0.1751896,-0.2401803,-0.2811294,-0.07565147,-0.7884145
IMU,297250781.0,1,0.2057233,0.2076706,-0.2442071,-0.2794438,0.05490985,-0.8457146
IMU,297290147.0,1,0.181172,0.2508956,-0.2371054,-0.2273287,-0.03585133,-0.9284207
IMU,297330406.0,1,0.1737535,0.2994077,-0.2427942,-0.2816455,0.03587256,-1.055797
IMU,297371247.0,1,0.1854614,0.3639123,-0.2641971,-0.2023436,0.07128702,-1.155658
IMU,297412019.0,1,0.1853833,0.4025263,-0.2793803,-0.1856928,0.06323464,-1.304201
IMU,297452264.0,1,0.2011255,0.4181185,-0.2915469,-0.2617933,-0.05505867,-1.25141
IMU,297491809.0,1,0.2061878,0.4575052,-0.3112922,-0.1323512,-0.01092059,-1.512599
IMU,297532090.0,1,0.2101781,0.4850496,-0.3309787,-0.09543752,-0.02821961,-1.499895
IMU,297573803.0,1,0.2054481,0.5073397,-0.3456234,-0.05028257,-0.0566612,-1.609429
IMU,297614465.0,1,0.09293453,0.3000461,-0.3660651,0.2881557,-0.15543,-2.790493
IMU,297653797.0,1,0.8843305,-0.003657574,-0.3251062,1.044293,-0.08380722,-19.83387
IMU,297693723.0,1,-1.353593,-2.971379,0.06633908,4.300102,29.30234,5.013389
IMU,297733605.0,1,-1.133376,-2.461928,0.5112764,-0.5005654,1.6656,0.9204116
IMU,297774215.0,1,-1.54564,-1.979446,-0.1686898,-1.687285,1.528272,1.335036
IMU,297816061.0,1,-1.446266,-0.5770788,-0.5328167,-5.348937,8.713063,-4.464874
IMU,297855108.0,1,0.6441771,1.333671,0.3558185,-0.08354528,2.641412,-0.8878582
IMU,297895546.0,1,2.122906,1.156799,0.3318607,-1.165569,4.442521,-4.174097
IMU,297935201.0,1,3.677657,0.5976287,0.4805002,-2.731066,-1.096064,-6.743155
IMU,297975112.0,1,0.1985045,4.232769,-0.09314304,3.626048,1.701046,-10.8145
IMU,298015050.0,1,-0.5439845,-0.2755267,-0.1819134,10.9978,-3.474685,-17.26529
IMU,298055099.0,1,-0.3016347,-0.5371809,-0.05183173,-0.2883274,-0.7572498,-7.015921
IMU,298095586.0,1,-0.07452444,-0.01774544,-0.003131688,0.3795465,-0.0385831,-9.183687
IMU,298135521.0,1,0.1230298,0.1790425,0.05492459,0.9910483,-0.6285143,-10.05405
IMU,298175115.0,1,0.0356975,0.06089503,0.002372544,1.289239,-1.159156,-9.821807
IMU,298215042.0,1,-0.0298329,-0.04255838,0.0005912352,0.9784428,-0.6145145,-9.75771
IMU,298255071.0,1,0.006059164,0.006310917,0.003350552,1.161321,-0.673151,-9.695369
IMU,298295566.0,1,-0.00445731,-0.008793022,-0.001189117,0.9293624,-0.687918,-9.756929
IMU,298335469.0,1,0.002344615,-0.009524476,0.002453811,1.025602,-0.7045449,-9.770633
IMU,298376040.0,1,-0.0006312584,-0.0110625,-0.005695435,1.104788,-0.6448318,-9.762671
IMU,298415038.0,1,7.227752e-05,-0.009461531,-0.005512143,1.067778,-0.6505854,-9.86169
IMU,298456159.0,1,0.001280715,-0.0009303645,-0.003141193,1.084085,-0.685006,-9.768291
IMU,298495601.0,1,-0.0027554,-0.003424732,0.001221977,1.070233,-0.6229625,-9.7028
IMU,298536008.0,1,0.0001832591,-0.002039557,0.001138465,0.9137396,-0.6899323,-9.81912
IMU,298575594.0,1,0.0005570982,-0.005287349,4.563647e-05,1.077657,-0.7139309,-9.843982
IMU,298615556.0,1,-0.001917345,-0.008226899,0.001019633,1.006073,-0.6565888,-9.798801
IMU,298656248.0,1,0.001813818,-0.01225688,-0.001628874,1.002828,-0.7990383,-9.692647
IMU,298696195.0,1,-0.00214326,-0.009500521,0.0008283664,1.073093,-0.8005523,-9.841011
IMU,298735691.0,1,-0.001608882,-0.01111329,-0.001135339,1.01078,-0.7905928,-9.695082
IMU,298776000.0,1,0.000135886,-0.009061996,-0.002452858,1.115561,-0.7740835,-9.624956
IMU,298816004.0,1,-0.002011159,-0.004377466,2.148824e-06,1.062955,-0.7468166,-9.839115
IMU,298857696.0,1,0.002758465,0.0005475392,0.001294596,0.9699274,-0.7161419,-9.720006
IMU,298897231.0,1,-0.001770038,-0.008558047,-0.001996023,1.043236,-0.7057108,-9.886504
IMU,298937235.0,1,-9.01362e-05,0.0001925504,-0.001615803,1.028038,-0.5940468,-9.678678
IMU,298980496.0,1,-0.002371223,-0.003517742,-0.0006324364,1.065874,-0.6493558,-9.866704
IMU,299022757.0,1,-0.001008694,-0.008476108,-0.001786512,0.9612943,-0.5388835,-9.694058
IMU,299063243.0,1,0.0001740252,-0.0121922,0.0001801237,0.9630705,-0.7170668,-9.589805
IMU,299103265.0,1,-0.002776791,-0.002586991,0.001730371,1.024775,-0.67296,-9.832537
IMU,299142780.0,1,0.001214544,-0.009086818,-0.000737933,1.062985,-0.7550675,-9.868073
IMU,299183481.0,1,-0.001194711,-0.004567312,-0.0003638438,1.018041,-0.726392,-9.787448
IMU,299226540.0,1,-0.001089499,-0.001402828,-0.001867991,1.068264,-0.7099971,-9.829898
IMU,299266022.0,1,0.0002499121,-0.009595823,0.001036522,0.9998282,-0.7098137,-9.688708
IMU,299305935.0,1,-0.002298869,-0.005824922,-0.006154687,1.015885,-0.6729589,-9.658616
IMU,299346518.0,1,-0.001627822,-0.001224474,-0.0007823956,1.031368,-0.5816479,-9.831954
IMU,299387486.0,1,-0.001524321,-0.001125526,0.0004263737,0.9932015,-0.6188322,-9.714522
IMU,299426984.0,1,-0.002556173,-0.000262151,-0.0004003208,0.978389,-0.7566538,-9.700457
IMU,299467193.0,1,0.002564892,-0.007875769,-0.002940334,1.054821,-0.7193334,-9.728074
IMU,299507043.0,1,-0.0002208563,-0.01054683,-0.003923479,1.033033,-0.7301728,-9.733634
IMU,299547830.0,1,-0.005381896,-0.01059439,0.0009479051,1.117272,-0.6759275,-9.610824
IMU,299588434.0,1,-0.001619439,-0.008251616,0.0004946322,1.206312,-0.7176592,-9.705849
IMU,299628449.0,1,-0.001899358,-0.01019659,-0.002837691,1.066092,-0.6359561,-9.755252
IMU,299669565.0,1,-0.001007524,0.000531872,-0.001676017,1.070114,-0.6806883,-9.717085
IMU,299709108.0,1,0.001179231,-0.007325205,0.0009702073,1.073815,-0.6643239,-9.832851
IMU,295808440.0,2,-0.05432428,0.06358995,0.04359843,-1.565804,-0.07658389,-8.594018
IMU,295850099.0,2,-0.001439322,-0.01182245,0.01144062,-0.8613552,0.6587384,-10.56069
IMU,295891539.0,2,0.02886303,-0.05362684,0.05603634,-0.7452461,0.3777568,-9.756207
IMU,295932193.0,2,0.05725032,-0.112264,0.06414057,-0.7140264,-0.1979257,-9.178734
IMU,295978586.0,2,-0.06972017,-0.04119203,-0.009132126,-0.8930426,-0.1182298,-8.335772
IMU,296020466.0,2,-0.04494973,-0.02082865,0.08155237,-1.388636,-0.2160318,-9.996287
IMU,296060474.0,2,0.1470401,-0.03241504,0.0576783,-1.247135,-0.05148788,-9.701615
IMU,296102215.0,2,0.03385944,0.08792875,0.0454597,-0.2673285,0.3070053,-9.655762
IMU,296141969.0,2,0.02387425,0.1313602,0.04275488,-0.6422641,-0.8365516,-8.617742
IMU,296190378.0,2,0.1126603,0.08436806,0.04314037,-1.171809,0.3799433,-9.68479
IMU,296230748.0,2,-0.02590041,0.04449143,0.05618984,-0.6410816,-0.5768231,-9.04618
IMU,296270279.0,2,-0.03523147,0.02741313,0.01159149,-0.7928903,-0.04014224,-9.124806
IMU,296310112.0,2,-0.05289043,0.1432294,-0.006136571,0.0991469,0.03477363,-10.02038
IMU,296351993.0,2,-0.0842987,0.212157,-0.0429781,-0.7371647,-0.08998146,-8.675754
IMU,296393537.0,2,-0.09483209,0.2026206,-0.01063073,-0.6957986,0.1111093,-8.511106
IMU,296437819.0,2,-0.01854045,0.2046342,-0.06659006,-0.03442792,-0.0727466,-10.73958
IMU,296477514.0,2,-0.04993307,0.1705963,-0.02155776,-0.8114553,-0.2061002,-9.573522
IMU,296519503.0,2,0.004674637,0.1609818,-0.03694602,-1.181655,-0.3986457,-9.048937
IMU,296560040.0,2,0.1062984,0.111857,0.002234221,-1.156727,0.1192845,-10.45512
IMU,296602191.0,2,0.1021196,0.07067357,0.002853945,-0.7634277,-0.1745349,-9.938755
IMU,296642415.0,2,-0.07223366,0.1656908,-0.04374138,-0.258292,0.2370068,-9.618656
IMU,296683016.0,2,0.006831667,0.151703,-0.07363079,-0.3170519,0.5443462,-9.843326
IMU,296723042.0,2,-0.05647847,0.1103807,-0.08994634,-0.4932967,0.2782144,-10.58786
IMU,296764080.0,2,-0.06774817,0.1129522,-0.1389043,-1.018352,-0.9325206,-12.10516
IMU,296807252.0,2,0.044982,0.03846934,-0.03485813,-0.4719357,0.4089132,-9.13928
IMU,296848048.0,2,0.03233957,-0.006728373,-0.005217473,-1.235602,0.3692091,-10.48581
IMU,296887387.0,2,0.2217216,-0.007763096,-0.04665823,0.2618818,0.192873,-8.949274
IMU,296927556.0,2,0.2856004,0.03667868,0.03419534,-0.3029999,0.9621283,-1.247817
IMU,296967482.0,2,0.2707468,0.07230279,-0.1022036,-0.1137284,-0.02234874,-1.039523
IMU,297009074.0,2,0.2447838,0.09262783,-0.1763703,-0.1040493,-0.1434699,-0.7846814
IMU,297048982.0,2,0.2484751,0.07869127,-0.2312522,-0.09967332,0.02844838,-0.436191
IMU,297088507.0,2,0.2327378,0.07219981,-0.2575251,-0.0692557,0.04954245,-0.4811741
IMU,297128236.0,2,0.2112799,0.06528545,-0.2584812,-0.1424488,0.06788954,-0.5719517
IMU,297170419.0,2,0.1987124,0.138811,-0.2601677,-0.1700071,0.06707072,-0.7629797
IMU,297211002.0,2,0.2171572,0.1978166,-0.2678414,-0.1605852,0.054439,-0.852703
IMU,297250781.0,2,0.2423769,0.2440606,-0.2673548,-0.1388647,0.05285553,-1.016051
IMU,297290147.0,2,0.2252504,0.2885782,-0.2628641,-0.1513976,0.002030837,-1.098866
IMU,297330406.0,2,0.2199994,0.3459283,-0.2725303,-0.1678558,0.01147292,-1.189508
IMU,297371247.0,2,0.2291915,0.4144461,-0.2943574,-0.1404967,0.04418818,-1.26649
IMU,297412019.0,2,0.2378537,0.4440426,-0.3109335,-0.1052103,0.04454329,-1.295438
IMU,297452264.0,2,0.2488884,0.4678106,-0.3270761,-0.1039814,0.05251265,-1.402166
IMU,297491809.0,2,0.256424,0.5055354,-0.3476622,-0.05627198,0.05916712,-1.516463
IMU,297532090.0,2,0.2611408,0.5310786,-0.3655595,-0.01366104,0.01666225,-1.601788
IMU,297573803.0,2,0.2547893,0.5511013,-0.3806887,0.009319738,-0.0171735,-1.652742
IMU,297614465.0,2,0.133047,0.3163964,-0.3991868,0.1507158,-0.1017184,-2.753237
IMU,297653797.0,2,1.06444,-0.07029618,-0.3744368,0.3738459,-2.104965,-18.51833
IMU,297693723.0,2,-1.138891,-3.134165,1.11932,-12.44433,-7.579938,-3.618092
IMU,297733605.0,2,-1.211401,-2.524084,0.4983934,-0.4188655,2.193344,0.9186922
IMU,297774215.0,2,-1.605153,-1.978377,-0.148523,-1.164298,1.295502,0.8877252
IMU,297816061.0,2,-1.404668,-0.4991507,-0.4790371,-4.047678,7.554983,-4.643425
IMU,297855108.0,2,0.6947606,1.383309,0.3742981,-0.3361371,2.708446,-0.7401509
IMU,297895546.0,2,2.206435,1.185325,0.2799775,-1.534882,4.492233,-3.9157
IMU,297935201.0,2,3.692875,0.6844882,0.3660389,-1.966792,-0.7777274,-7.209575
IMU,297975112.0,2,0.3157558,4.378414,-0.1149764,2.46397,0.7994574,-9.711083
IMU,298015050.0,2,-0.461797,-0.2884774,-0.1954775,9.937793,-4.234238,-18.29043
IMU,298055099.0,2,-0.3133388,-0.5404193,-0.02675836,-0.3223903,-0.3130157,-7.33949
IMU,298095586.0,2,-0.06660216,-0.006427178,-0.004212713,0.4297281,-0.1179318,-9.22624
IMU,298135521.0,2,0.1554122,0.2086718,0.05025599,0.9091044,-0.5115855,-10.18913
IMU,298175115.0,2,0.05679625,0.06480572,-0.002540079,1.287201,-1.010445,-9.821106
IMU,298215042.0,2,-0.02790762,-0.03078772,0.001863901,1.035915,-0.6022707,-9.819307
IMU,298255071.0,2,0.01449617,0.01547894,0.007703228,1.061019,-0.7280458,-9.834025
IMU,298295566.0,2,-0.002964117,-0.005709707,0.001400336,0.9929748,-0.6936343,-9.786525
IMU,298335469.0,2,0.003355423,0.003382001,0.003229749,1.055533,-0.7414781,-9.822951
IMU,298376040.0,2,0.0009959769,0.0008991968,0.00359128,0.9938886,-0.6779094,-9.807631
IMU,298415038.0,2,-0.0003059784,0.001420758,0.002957906,1.034809,-0.7139047,-9.80248
IMU,298456159.0,2,0.001926926,0.001795017,0.002770761,1.029531,-0.7011331,-9.807715
IMU,298495601.0,2,0.001400398,0.001197346,0.003215103,1.022308,-0.6946505,-9.82546
IMU,298536008.0,2,0.0006940657,0.001405059,0.003395444,1.035223,-0.7116767,-9.800683
IMU,298575594.0,2,0.001978468,0.0003950698,0.003083569,1.020478,-0.6982008,-9.829298
IMU,298615556.0,2,0.001802899,0.0009495142,0.00324995,1.027213,-0.6965771,-9.795136
IMU,298656248.0,2,0.0008690904,0.0007732987,0.003771691,1.037648,-0.7097466,-9.792749
IMU,298696195.0,2,0.0008632626,0.000529972,0.003033741,1.034551,-0.7155418,-9.821815
IMU,298735691.0,2,0.00224078,0.001050884,0.004226719,1.030065,-0.7050451,-9.823406
IMU,298776000.0,2,0.0008525673,-0.0001121749,0.002916957,1.028149,-0.7062856,-9.819378
IMU,298816004.0,2,0.001467574,0.001001257,0.003693564,1.037999,-0.7023407,-9.830873
IMU,298857696.0,2,0.001672997,7.215294e-05,0.00398572,1.040641,-0.703133,-9.806854
IMU,298897231.0,2,0.0006020287,0.001039769,0.003968267,1.03326,-0.7042325,-9.802979
IMU,298937235.0,2,0.001511789,0.001010656,0.003032481,1.029543,-0.7034056,-9.808109
IMU,298980496.0,2,0.00139722,0.0004343139,0.004961418,1.033091,-0.7007481,-9.809932
IMU,299022757.0,2,0.0007547558,0.000518063,0.003025342,1.032064,-0.7031072,-9.845005
IMU,299063243.0,2,0.001339639,-0.0005534195,0.002812712,1.02723,-0.7050658,-9.814701
IMU,299103265.0,2,0.0005436459,0.000967868,0.002588104,1.028187,-0.7085148,-9.808094
IMU,299142780.0,2,0.0009796366,0.0009155243,0.002933555,1.029635,-0.6993017,-9.828761
IMU,299183481.0,2,0.001218743,0.0002938387,0.003953508,1.028119,-0.7012311,-9.802998
IMU,299226540.0,2,0.002924081,0.0006219696,0.003405649,1.031625,-0.7110067,-9.827604
IMU,299266022.0,2,0.0009341024,0.0003870291,0.004282352,1.024638,-0.6992525,-9.804935
IMU,299305935.0,2,-0.0005922646,0.0009156718,0.003444741,1.026547,-0.7148254,-9.823911
IMU,299346518.0,2,0.001655758,0.001059781,0.003004583,1.024277,-0.7037089,-9.823185
IMU,299387486.0,2,0.0004626008,0.0002260715,0.004674896,1.031424,-0.711894,-9.808502
IMU,299426984.0,2,0.000143061,0.0007119748,0.003341473,1.040399,-0.7119461,-9.810395
IMU,299467193.0,2,0.001460815,0.00127328,0.003356938,1.020876,-0.715281,-9.834273
IMU,299507043.0,2,0.001077947,0.001681775,0.003258841,1.027232,-0.7055127,-9.808918
IMU,299547830.0,2,0.001874955,0.001578661,0.002913421,1.033819,-0.7079338,-9.818393
IMU,299588434.0,2,0.0007089357,-0.0002589228,0.004627959,1.032453,-0.7027835,-9.797048
IMU,299628449.0,2,0.001326602,0.0004067065,0.003265128,1.030456,-0.6956914,-9.817421
IMU,299669565.0,2,0.0006564204,9.13281e-05,0.002422595,1.034385,-0.6989253,-9.834108
IMU,299709108.0,2,0.001062123,0.0008319479,0.00387051,1.027153,-0.7003661,-9.825625
