ARM,235903604.0,0.0
AHR2,235025903.0,-1.0,-2.95,150.02,469.21,43.2382744,-7.681813
AHR2,235128384.0,-1.28,-2.52,150.21,469.33,43.2382723,-7.6818115
AHR2,235230444.0,-1.74,-2.5,150.19,469.21,43.2382701,-7.6818099
AHR2,235334080.0,-1.68,-3.09,150.06,469.52,43.238268,-7.6818083
AHR2,235437405.0,-2.04,-3.48,150.11,469.38,43.2382662,-7.6818073
AHR2,235537493.0,-2.45,-3.13,150.24,469.43,43.2382642,-7.6818059
AHR2,235645516.0,-2.69,-2.88,150.67,469.16,43.2382626,-7.6818044
AHR2,235748126.0,-2.96,-2.41,151.13,469.44,43.2382606,-7.6818029
AHR2,235851938.0,-2.43,-2.09,151.67,469.24,43.2382587,-7.6818014
AHR2,235951585.0,-2.82,-1.62,152.21,469.04,43.2382568,-7.6818
AHR2,236052855.0,-2.1,-1.31,152.45,468.73,43.2382549,-7.6817983
AHR2,236152827.0,-1.43,-1.16,152.18,468.77,43.2382531,-7.6817969
AHR2,236256851.0,-1.03,-0.99,151.77,468.73,43.2382515,-7.6817951
AHR2,236358255.0,-0.67,-0.73,151.27,468.65,43.2382498,-7.6817936
AHR2,236459658.0,-0.02,-0.13,150.58,468.53,43.2382479,-7.6817923
AHR2,236559569.0,0.86,1.11,149.76,468.18,43.2382461,-7.6817909
AHR2,236663115.0,1.89,2.97,148.76,468.05,43.2382443,-7.6817898
AHR2,236763199.0,2.85,4.48,147.69,467.51,43.2382424,-7.6817885
AHR2,236864115.0,-2.26,9.64,146.54,466.98,43.23824,-7.6817873
AHR2,236964503.0,3.76,-14.02,146.3,465.45,43.2382381,-7.6817861
AHR2,237065075.0,7.72,-32.86,143.06,463.63,43.2382371,-7.6817852
AHR2,237165123.0,-2.37,-33.21,146.94,464.38,43.2382356,-7.681784
AHR2,237265184.0,-2.38,-11.65,141.37,464.33,43.2382433,-7.6817969
AHR2,237365576.0,-3.02,-1.53,140.17,464.37,43.238245,-7.6818005
AHR2,237465577.0,-4.71,-2.78,140.73,464.13,43.2382443,-7.6817948
AHR2,237565625.0,-4.62,-2.63,140.77,464.24,43.2382453,-7.6817955
AHR2,237665586.0,-4.57,-2.51,140.81,464.35,43.2382436,-7.681794
AHR2,237765956.0,-4.58,-2.46,140.84,464.4,43.2382437,-7.6817941
AHR2,237866125.0,-4.58,-2.4,140.88,464.2,43.238244,-7.6817937
AHR2,237965965.0,-4.55,-2.34,140.92,464.3,43.2382442,-7.6817937
AHR2,238066139.0,-4.53,-2.27,140.95,464.1,43.2382441,-7.6817933
AHR2,238165905.0,-4.5,-2.21,140.99,464.35,43.2382441,-7.6817933
AHR2,238269892.0,-4.49,-2.15,141.02,464.2,43.2382439,-7.6817932
AHR2,238370576.0,-4.46,-2.1,141.06,464.27,43.2382439,-7.6817932
AHR2,238471501.0,-4.44,-2.04,141.09,464.21,43.2382439,-7.681793
AHR2,238571582.0,-4.42,-1.99,141.12,464.49,43.2382439,-7.681793
AHR2,238672445.0,-4.4,-1.94,141.16,464.35,43.2382437,-7.6817921
AHR2,238772442.0,-4.37,-1.89,141.19,464.4,43.2382438,-7.6817922
AHR2,238874169.0,-4.35,-1.85,141.22,464.23,43.2382435,-7.6817908
ATT,235025356.0,-1.547592,-1.109071,-4.397373,-3.101778,151.6284,151.9968
ATT,235127803.0,-1.863488,-1.364143,-4.293936,-2.691688,151.6389,152.1105
ATT,235229870.0,-2.190583,-1.807078,-4.461872,-2.680836,151.6544,152.0229
ATT,235333175.0,-2.411124,-1.726834,-4.683115,-3.257048,151.6676,151.8155
ATT,235436826.0,-2.604343,-2.093203,-4.645234,-3.657743,151.6746,151.8053
ATT,235536927.0,-2.824813,-2.556009,-4.328241,-3.337677,151.6758,151.8624
ATT,235644942.0,-2.995167,-2.852946,-3.768233,-3.117123,151.6676,152.2165
ATT,235747483.0,-2.896207,-3.150708,-3.197878,-2.610923,151.6499,152.6205
ATT,235851201.0,-2.844973,-2.640768,-2.600845,-2.283038,151.6336,153.1149
ATT,235950951.0,-2.181007,-3.051124,-1.707769,-1.877403,153.6252,153.5797
ATT,236052211.0,-1.104845,-2.327624,-0.8651116,-1.562036,153.8304,153.7957
ATT,236152116.0,-0.5640532,-1.617846,-0.4416625,-1.344046,153.5508,153.5267
ATT,236256211.0,-0.2806907,-0.9998417,-0.2197852,-0.9827713,153.1162,153.1013
ATT,236357621.0,-0.1425203,-0.2961437,-0.1115956,-0.4560021,152.5874,152.5829
ATT,236459083.0,-0.07173506,0.6301444,-0.05616966,0.3627289,151.8764,151.8858
ATT,236558945.0,-0.03662388,1.743034,-0.02867709,1.778158,151.0417,151.0677
ATT,236662460.0,-0.01826149,2.947052,-0.01429904,3.817253,150.0244,150.0684
ATT,236762636.0,-0.009323285,4.015359,-0.007300279,5.508226,148.9385,148.9986
ATT,236863380.0,-0.00472766,-1.028633,-0.00370183,10.80426,147.8465,147.8309
ATT,236963892.0,-0.00240766,5.106278,-0.001885234,-12.67607,147.0385,147.1164
ATT,237064459.0,-0.00122467,9.653672,-0.0009589353,-31.33016,142.9495,143.1171
ATT,237164480.0,-0.0006252484,0.6313086,-0.0004895791,-31.73139,146.3326,146.3436
ATT,237264605.0,-0.000319214,0.1113421,-0.0002499495,-8.150747,142.0341,142.0357
ATT,237364936.0,-0.0003074476,-0.7057586,-0.0002407362,4.318919,141.3338,141.3232
ATT,237464961.0,-0.0003017433,-2.43185,-0.0002362697,3.461058,141.8559,141.8196
ATT,237565081.0,-0.0003017432,-2.429435,-0.0002362696,3.445333,141.8693,141.8331
ATT,237664980.0,-0.0002961931,-2.437157,-0.0002319238,3.459099,141.8666,141.8302
ATT,237765387.0,-0.0002961931,-2.447069,-0.0002319238,3.482666,141.8721,141.8355
ATT,237865395.0,-0.0002906325,-2.456062,-0.0002275698,3.50933,141.8879,141.8512
ATT,237965405.0,-0.0002906325,-2.468254,-0.0002275698,3.536948,141.9121,141.8753
ATT,238065563.0,-0.0002906324,-2.481101,-0.0002275698,3.56995,141.9541,141.9171
ATT,238165385.0,-0.0002906323,-2.491889,-0.0002275698,3.598662,141.9869,141.9497
ATT,238269132.0,-0.0002846841,-2.51418,-0.0002229123,3.633118,142.0372,141.9996
ATT,238369936.0,-0.0002723328,-2.53589,-0.0002132411,3.674294,142.1133,142.0754
ATT,238470928.0,-0.0002668463,-2.567923,-0.000208945,3.728261,142.2158,142.1775
ATT,238570982.0,-0.0002668463,-2.593186,-0.000208945,3.776969,142.2997,142.2609
ATT,238671902.0,-0.0002614665,-2.613933,-0.0002047326,3.814128,142.363,142.324
ATT,238771879.0,-0.0002614665,-2.645689,-0.0002047326,3.86586,142.4635,142.424
ATT,238873475.0,-0.0002560036,-2.686713,-0.0002004551,3.924931,142.5933,142.5531
BARO,235081451.0,0,2.297821,469.8578,96948.84
BARO,235183443.0,0,2.173492,469.7335,96950.18
BARO,235286511.0,0,2.48996,470.05,96946.74
BARO,235388880.0,0,2.34021,469.9002,96948.38
BARO,235492371.0,0,2.396729,469.9567,96947.77
BARO,235593587.0,0,2.128265,469.6883,96950.67
BARO,235697971.0,0,2.405212,469.9652,96947.66
BARO,235800215.0,0,2.201752,469.7617,96949.88
BARO,235903972.0,0,2.009613,469.5696,96951.95
BARO,236003491.0,0,1.693115,469.2531,96955.4
BARO,236105190.0,0,1.732666,469.2927,96954.97
BARO,236210891.0,0,1.690277,469.2503,96955.45
BARO,236311876.0,0,1.611176,469.1712,96956.28
BARO,236414513.0,0,1.492493,469.0525,96957.59
BARO,236514471.0,0,1.144928,468.7049,96961.34
BARO,236614379.0,0,1.014954,468.575,96962.75
BARO,236715134.0,0,0.4724121,468.0324,96968.66
BARO,236816369.0,0,-0.050354,467.5096,96974.33
BARO,236916378.0,0,-1.587555,465.9724,96991.03
BARO,237016872.0,0,-3.40448,464.1555,97010.77
BARO,237116912.0,0,-2.658478,464.9015,97002.65
BARO,237217304.0,0,-2.700867,464.8591,97003.12
BARO,237317860.0,0,-2.6698,464.8902,97002.78
BARO,237417851.0,0,-2.901489,464.6585,97005.28
BARO,237517903.0,0,-2.79129,464.7687,97004.09
BARO,237617917.0,0,-2.683929,464.8761,97002.95
BARO,237717886.0,0,-2.633057,464.9269,97002.38
BARO,237820667.0,0,-2.830872,464.7291,97004.52
BARO,237920744.0,0,-2.731964,464.828,97003.45
BARO,238020887.0,0,-2.935425,464.6246,97005.65
BARO,238120875.0,0,-2.689575,464.8704,97002.98
BARO,238221362.0,0,-2.833679,464.7263,97004.56
BARO,238322590.0,0,-2.765869,464.7941,97003.84
BARO,238424099.0,0,-2.828033,464.732,97004.48
BARO,238523826.0,0,-2.542633,465.0174,97001.39
BARO,238623982.0,0,-2.689575,464.8704,97003.01
BARO,238724983.0,0,-2.635895,464.9241,97002.41
BARO,238825563.0,0,-2.80542,464.7546,97004.25
BARO,235081451.0,1,2.133942,469.6939,96927.67
BARO,235183443.0,1,2.159363,469.7194,96927.39
BARO,235286511.0,1,2.289337,469.8493,96925.96
BARO,235388880.0,1,2.187622,469.7476,96927.08
BARO,235492371.0,1,2.023712,469.5837,96928.87
BARO,235593587.0,1,2.148071,469.7081,96927.5
BARO,235697971.0,1,2.173492,469.7335,96927.24
BARO,235800215.0,1,1.970032,469.53,96929.45
BARO,235903972.0,1,1.893738,469.4537,96930.26
BARO,236003491.0,1,1.639435,469.1994,96933.02
BARO,236105190.0,1,1.503784,469.0638,96934.51
BARO,236210891.0,1,1.532043,469.092,96934.19
BARO,236311876.0,1,1.557495,469.1175,96933.92
BARO,236414513.0,1,1.484009,469.044,96934.72
BARO,236514471.0,1,1.159058,468.7191,96938.24
BARO,236614379.0,1,0.947113,468.5071,96940.53
BARO,236715134.0,1,0.5430603,468.1031,96944.93
BARO,236816369.0,1,0.09658813,467.6566,96949.77
BARO,236916378.0,1,-6.091736,461.4683,97016.97
BARO,237016872.0,1,-3.164307,464.3957,96985.18
BARO,237116912.0,1,-2.794128,464.7659,96981.16
BARO,237217304.0,1,-2.73761,464.8224,96980.54
BARO,237317860.0,1,-3.059753,464.5002,96984.05
BARO,237417851.0,1,-2.96933,464.5907,96983.08
BARO,237517903.0,1,-2.870422,464.6896,96981.99
BARO,237617917.0,1,-3.05127,464.5087,96983.95
BARO,237717886.0,1,-2.972137,464.5879,96983.09
BARO,237820667.0,1,-3.11908,464.4409,96984.7
BARO,237920744.0,1,-3.161469,464.3985,96985.16
BARO,238020887.0,1,-2.88736,464.6726,96982.16
BARO,238120875.0,1,-3.079529,464.4805,96984.27
BARO,238221362.0,1,-3.079529,464.4805,96984.27
BARO,238322590.0,1,-2.994751,464.5652,96983.33
BARO,238424099.0,1,-2.853455,464.7065,96981.81
BARO,238523826.0,1,-2.870422,464.6896,96981.98
BARO,238623982.0,1,-2.946716,464.6133,96982.81
BARO,238724983.0,1,-2.861938,464.6981,96981.89
BARO,238825563.0,1,-3.096466,464.4635,96984.45
GPS,235194108.0,4,23,43.2382731,-7.6818121,467.24,2.546,-0.057,0.0
GPS,235398985.0,4,22,43.2382692,-7.6818093,467.34,2.459,-0.086,0.0
GPS,235626901.0,4,22,43.2382653,-7.6818063,467.38,2.506,-0.003,0.0
GPS,235813169.0,4,22,43.2382616,-7.6818035,467.42,2.381,0.172,0.0
GPS,235996887.0,4,22,43.238258,-7.6818006,467.44,2.314,0.217,0.0
GPS,236197437.0,4,22,43.2382545,-7.6817976,467.23,2.267,2.189,0.0
GPS,236400871.0,4,22,43.2382509,-7.6817947,466.64,2.251,3.988,0.0
GPS,236621882.0,4,22,43.2382472,-7.6817918,465.66,2.324,5.809,0.0
GPS,236802883.0,4,22,43.2382432,-7.6817893,464.35,2.246,7.392,0.0
GPS,237003754.0,4,21,43.2382397,-7.6817873,462.81,1.935,8.364,0.0
GPS,237185453.0,4,22,43.23824,-7.6817897,461.46,3.511,5.205,0.0
GPS,237385470.0,4,22,43.2382425,-7.6817936,460.93,1.181,0.7,0.0
GPS,237625269.0,4,22,43.2382434,-7.681794,460.94,0.161,-0.333,0.0
GPS,237805873.0,4,22,43.2382437,-7.6817937,461.03,0.215,-0.234,0.0
GPS,237985601.0,4,22,43.2382441,-7.6817933,461.16,0.014,-0.211,0.0
GPS,238205851.0,4,22,43.2382439,-7.6817932,461.27,0.009000001,-0.199,0.0
GPS,238390875.0,4,22,43.2382439,-7.681793,461.41,0.026,-0.097,0.0
GPS,238631112.0,4,22,43.2382437,-7.6817921,461.55,0.057,-0.024,0.0
GPS,238792259.0,4,22,43.2382434,-7.6817909,461.74,0.11,-0.048,0.0
IMU,235051137.0,0,-0.01188758,0.02801189,-0.01594181,-0.1353098,-0.426338,-9.575163
IMU,235091190.0,0,0.1227902,0.0237091,0.04029894,-0.3609406,1.852809,-9.848062
IMU,235133550.0,0,-0.1102274,0.08179425,0.001647464,-1.007957,-0.1327493,-8.593469
IMU,235172849.0,0,-0.1775561,-0.01613859,0.07413264,-1.015528,-0.08229152,-9.589056
IMU,235215821.0,0,0.02680437,-0.07044374,-0.1374506,-0.3924079,0.3839029,-10.25583
IMU,235256831.0,0,0.05391447,-0.04504379,-0.03329695,0.07123372,1.565314,-10.14681
IMU,235296639.0,0,-0.01253863,-0.05630082,-0.009278548,-0.682795,1.17461,-9.156663
IMU,235339085.0,0,-0.1304953,-0.126155,0.01671623,-1.273449,-1.016146,-9.045856
IMU,235378840.0,0,0.09510125,-0.2060222,0.02787775,-0.6522192,1.072071,-9.640258
IMU,235420372.0,0,0.04204211,-0.03512948,-0.08163992,-0.2009977,1.048197,-10.44906
IMU,235461886.0,0,-0.1845414,0.1123886,0.005613815,-0.3357605,-0.8616325,-9.209637
IMU,235502446.0,0,-0.00616322,-0.02516505,0.009284082,-0.5003046,0.3804773,-9.876061
IMU,235545981.0,0,-0.1229184,-0.005095816,0.05430561,-0.8701223,1.047808,-9.769076
IMU,235585960.0,0,-0.1044007,0.1267591,0.02471633,-0.2391086,0.677538,-9.396286
IMU,235626962.0,0,-0.0796041,0.118824,0.03793081,-0.67472,-0.3087952,-9.364486
IMU,235670179.0,0,-0.1539237,0.06041455,0.07935631,-1.422538,-0.7069423,-8.669172
IMU,235710646.0,0,-0.02565449,0.06212443,0.03229474,-0.5411318,0.3890921,-10.19402
IMU,235752837.0,0,0.1921918,0.08320626,0.09102049,-0.2499608,1.705234,-10.08982
IMU,235792989.0,0,0.02810621,0.1097098,0.1043986,-1.128782,-0.5505723,-8.822004
IMU,235835168.0,0,0.02396605,0.04844634,0.1071898,-0.8767995,0.2413395,-9.872287
IMU,235876408.0,0,0.02615744,0.04376787,0.05303648,0.08098871,1.94279,-10.7473
IMU,235915958.0,0,-0.1237105,0.1347176,0.1100856,-1.535491,0.1038579,-8.654297
IMU,235956408.0,0,-0.03033552,-0.001722288,0.1243932,-0.9319561,0.8179109,-1.203395
IMU,235996964.0,0,0.1288907,0.05224206,0.04526743,-0.5854884,0.1125471,-0.9598649
IMU,236037130.0,0,0.1232975,0.02160511,0.001868328,-0.02032359,0.03220179,-0.06396567
IMU,236077191.0,0,0.1395227,0.0391614,-0.02939556,-0.1791528,0.1671691,-0.3157086
IMU,236117598.0,0,0.1155433,0.03776585,-0.05318374,-0.1356832,0.09002105,-0.2195328
IMU,236157480.0,0,0.1254537,0.03869944,-0.06309906,-0.1352958,0.08277573,-0.2974266
IMU,236197593.0,0,0.1041908,0.05265384,-0.07298829,-0.1444963,0.109659,-0.2877047
IMU,236238896.0,0,0.0985543,0.07462582,-0.07349931,-0.1494216,0.1249986,-0.3005837
IMU,236279836.0,0,0.1202265,0.08106237,-0.07931402,-0.1222016,0.165478,-0.497247
IMU,236319855.0,0,0.1286378,0.08696018,-0.0930905,-0.1483465,0.1510941,-0.6564906
IMU,236360356.0,0,0.1253998,0.114809,-0.1085562,-0.1548556,0.1386946,-0.7718818
IMU,236400973.0,0,0.1491675,0.1391708,-0.1140771,-0.1305993,0.1314535,-0.9122603
IMU,236441942.0,0,0.1807869,0.1399988,-0.1310373,-0.1688198,0.1367955,-0.9303203
IMU,236481641.0,0,0.1950842,0.1724523,-0.1377094,-0.2062769,0.1407132,-1.01104
IMU,236521418.0,0,0.2009625,0.247259,-0.1468906,-0.2696761,0.1376791,-1.19516
IMU,236562071.0,0,0.1986749,0.3079305,-0.1619966,-0.2053899,0.1482892,-1.410255
IMU,236601519.0,0,0.203844,0.3557056,-0.174973,-0.1509328,0.1309389,-1.584315
IMU,236642902.0,0,0.2257336,0.329578,-0.187315,-0.07863008,0.1030602,-1.677568
IMU,236682416.0,0,0.21676,0.291176,-0.1997355,-0.03248961,0.08940841,-1.908715
IMU,236722910.0,0,0.2165073,0.2885019,-0.1985665,-0.02273616,0.03957712,-2.11071
IMU,236765747.0,0,0.1754468,0.2655077,-0.2092427,0.04479057,0.01117389,-2.157317
IMU,236807922.0,0,0.1372393,0.2168579,-0.2192452,0.09354111,0.01279593,-2.214119
IMU,236849064.0,0,-1.875314,1.581666,-0.2074827,-0.1124374,0.247857,-4.025729
IMU,236889187.0,0,-3.570624,0.4945218,0.3507798,13.3665,6.24984,-44.14598
IMU,236928665.0,0,4.002268,-2.539048,-0.8201882,0.2643668,-14.36273,5.201571
IMU,236968648.0,0,0.7953919,-3.890103,-0.3726563,0.9646949,-1.290691,0.3740645
IMU,237014607.0,0,0.7235768,-3.560419,-0.1907196,-0.1013298,-0.608348,1.158887
IMU,237054176.0,0,0.2965265,-2.845924,-0.1495746,-1.863448,-1.424135,-0.5779886
IMU,237094835.0,0,-0.782608,-1.160078,0.08036338,-3.097754,-1.360849,-1.190242
IMU,237134844.0,0,-1.631358,0.2894994,0.8329138,-4.129033,-1.13404,-1.66986
IMU,237174451.0,0,-0.7596015,2.082343,0.02263736,-20.28352,2.948242,-9.404087
IMU,237214367.0,0,-0.01042839,3.730801,-1.329177,-5.758199,-0.4018682,-3.65333
IMU,237255064.0,0,-1.148057,4.789916,-0.2294626,-3.261763,-1.554358,-7.267794
IMU,237295402.0,0,-1.478217,5.268071,-0.3923065,1.24222,-1.303995,-11.44281
IMU,237334865.0,0,1.267022,0.237528,0.2676708,15.7947,7.087831,-27.44864
IMU,237375080.0,0,-0.1612631,-0.6144244,0.1602824,-1.172484,-2.250841,-4.434584
IMU,237415138.0,0,-0.887444,-0.2071264,0.1402174,-0.7248865,2.748583,-10.26789
IMU,237455635.0,0,0.04171082,0.08591638,-0.03620036,0.5914258,-0.6542022,-8.094329
IMU,237495432.0,0,-0.01394478,-0.02703966,0.01644559,0.0597985,0.5933136,-9.634456
IMU,237534963.0,0,0.0002622829,0.002397786,-0.004284394,0.272877,0.5193693,-9.863519
IMU,237574967.0,0,-0.001598118,0.0003797667,0.0001130416,0.2516316,0.6437825,-9.686047
IMU,237615116.0,0,-4.369049e-05,-0.001910425,0.001156806,0.2329097,0.6011882,-9.728803
IMU,237655590.0,0,-0.0008486116,-6.119453e-05,-0.0006079593,0.2222337,0.590839,-9.776423
IMU,237695433.0,0,-0.001448353,0.001221777,-0.001633557,0.2275891,0.5970854,-9.74754
IMU,237735170.0,0,-0.0004634795,0.0009667047,0.000877853,0.2439212,0.5981508,-9.763326
IMU,237775375.0,0,-0.0005093948,0.0005495973,-0.000832369,0.2279979,0.5913929,-9.762887
IMU,237815454.0,0,0.0004380365,-0.0005245678,0.0001409623,0.2246695,0.5925005,-9.765954
IMU,237855848.0,0,-0.0009226018,0.0009778716,-0.0007436357,0.2332471,0.5922708,-9.774164
IMU,237895622.0,0,-0.0004597542,5.062778e-05,0.0001547199,0.2222911,0.5923259,-9.769854
IMU,237935197.0,0,-4.759627e-05,0.001274625,0.0002892687,0.2280613,0.5912238,-9.786508
IMU,237975354.0,0,-0.000655858,-0.0005519201,0.0004214613,0.2365545,0.5874948,-9.756427
IMU,238015185.0,0,0.0003828506,-0.0006805852,0.0001431468,0.2247376,0.5795544,-9.761999
IMU,238055853.0,0,-0.0005828902,-5.726037e-06,0.000286979,0.2351959,0.5915554,-9.767302
IMU,238095647.0,0,0.000426627,-0.0005220223,0.001489955,0.2121381,0.6005171,-9.756372
IMU,238135369.0,0,0.0006515113,0.0009411307,-0.0007165554,0.2304931,0.5975012,-9.759671
IMU,238175390.0,0,5.613243e-05,-0.0001139863,-0.0008026037,0.2200436,0.5911402,-9.760385
IMU,238215254.0,0,-0.001646242,0.0004451814,0.0005117028,0.2327049,0.584244,-9.754033
IMU,238256450.0,0,-0.001088286,-1.399913e-05,0.0002702757,0.2321954,0.5940702,-9.768666
IMU,238297549.0,0,-9.500674e-06,-4.769988e-05,0.0007147055,0.2340046,0.5926257,-9.759861
IMU,238337877.0,0,0.0007059954,-0.0003366293,0.0006917404,0.2279512,0.5869439,-9.745441
IMU,238377553.0,0,0.0005605477,-3.536408e-05,0.0001634922,0.2168305,0.5885624,-9.758252
IMU,238418404.0,0,-0.0001184145,-0.0003044555,0.0005558901,0.2229307,0.5932987,-9.756557
IMU,238458372.0,0,0.0006760912,0.0009590327,0.001622751,0.235859,0.5851873,-9.763882
IMU,238498958.0,0,-0.0003798839,0.0005955946,-0.0001182474,0.2240449,0.5948015,-9.763508
IMU,238538887.0,0,0.0008295652,7.125706e-06,-0.0001274041,0.2315777,0.5812045,-9.76889
IMU,238578566.0,0,0.0009252068,0.0003121226,-0.0004897602,0.2209469,0.589368,-9.762744
IMU,238618386.0,0,0.001460525,-0.0003607964,0.000736818,0.2157785,0.5949809,-9.767002
IMU,238659453.0,0,-0.0009896867,-0.0001797561,0.0004156714,0.2191119,0.5948449,-9.75443
IMU,238699911.0,0,-0.0007793972,-0.0001152952,0.0006781393,0.2208049,0.5832294,-9.75294
IMU,238739437.0,0,0.0008368677,0.0004137107,0.0003430095,0.225274,0.5980427,-9.775178
IMU,238779629.0,0,0.001618448,0.0007133901,-0.0002353061,0.2271326,0.588014,-9.748899
IMU,238820865.0,0,0.0008889397,-0.0004268852,-0.0009307303,0.2221822,0.5968314,-9.768434
IMU,238860449.0,0,-0.0005614516,-0.0001232642,-0.001028869,0.2263432,0.6057183,-9.751728
IMU,238901163.0,0,0.000434437,0.001119675,0.0003878694,0.216693,0.5904968,-9.768413
IMU,238940899.0,0,-0.0004586692,-0.0002521377,-2.338008e-05,0.232734,0.5968979,-9.771156
IMU,235051137.0,1,-0.0177551,0.0269107,-0.03820065,-0.471605,-1.093545,-9.442826
IMU,235091190.0,1,0.05242443,0.03668939,0.02224288,-0.5684513,1.168635,-11.4849
IMU,235133550.0,1,-0.1077223,0.06378289,-0.02601533,-0.3169703,-0.5578996,-8.987432
IMU,235172849.0,1,-0.1596975,-0.01392249,0.0265201,-0.5077102,-0.9011524,-9.455205
IMU,235215821.0,1,-0.02240851,-0.0654338,-0.1095243,-1.187203,-0.06504413,-10.5046
IMU,235256831.0,1,-0.009851948,-0.04864406,-0.03548532,-0.3688224,0.8215949,-10.67194
IMU,235296639.0,1,-0.05094317,-0.06988439,-0.03004482,-0.1999205,1.076219,-9.211161
IMU,235339085.0,1,-0.08981937,-0.1259205,-0.0118571,-0.4761545,-0.2625955,-9.092057
IMU,235378840.0,1,0.0605584,-0.2011618,0.01273381,-0.5153909,-0.3737451,-9.759608
IMU,235420372.0,1,-0.02901971,-0.02501264,-0.05354092,0.2959939,0.5190356,-10.47573
IMU,235461886.0,1,-0.2022503,0.06784134,0.004670177,-0.2775866,-1.055169,-9.065046
IMU,235502446.0,1,-0.04547111,-0.01811533,-0.01161508,-1.62967,-0.6862922,-9.089812
IMU,235545981.0,1,-0.1285315,-0.002519518,0.04380956,-0.6713446,0.2010942,-9.528993
IMU,235585960.0,1,-0.1225407,0.09470659,0.02580292,-0.2100841,1.034686,-10.05396
IMU,235626962.0,1,-0.070227,0.06966674,0.03861735,-0.7443426,-0.08411232,-8.713477
IMU,235670179.0,1,-0.0927833,0.01062714,0.05852584,-1.088513,-0.4530036,-7.77091
IMU,235710646.0,1,-0.02495342,0.04270694,0.0582657,-0.2513059,-0.02931426,-10.79202
IMU,235752837.0,1,0.127309,0.06920387,0.08636536,-0.6457347,1.133203,-11.305
IMU,235792989.0,1,0.03431574,0.08637444,0.07520804,-0.8530143,-0.8527922,-8.678028
IMU,235835168.0,1,0.03559579,0.03130052,0.09436318,-0.4493293,-0.6228927,-9.678421
IMU,235876408.0,1,-0.04721912,0.08851758,0.05655334,-0.3783462,2.027169,-11.37724
IMU,235915958.0,1,-0.1024514,0.09515294,0.05492445,-1.738118,0.1130885,-8.333961
IMU,235956408.0,1,-0.029147,-0.01952149,0.09773295,-1.164907,0.3624164,-0.9838393
IMU,235996964.0,1,0.108602,0.02341333,0.04155248,-0.7874807,-0.009403162,-1.045093
IMU,236037130.0,1,0.09152016,0.02301533,0.007651331,-0.01585619,-0.04126436,-0.05435009
IMU,236077191.0,1,0.1077039,0.03350613,-0.01853419,-0.2143381,0.1312764,-0.4402795
IMU,236117598.0,1,0.08011696,0.03668499,-0.03713074,-0.1781306,0.2479403,-0.2497112
IMU,236157480.0,1,0.0914259,0.03420482,-0.0515662,-0.1626339,0.1467668,-0.2327067
IMU,236197593.0,1,0.07069348,0.0450576,-0.05988313,-0.2231336,0.1573705,-0.2081871
IMU,236238896.0,1,0.0607904,0.06593288,-0.06243649,-0.1699351,0.2566449,-0.3259215
IMU,236279836.0,1,0.08184225,0.07839467,-0.06062201,-0.1793028,0.288843,-0.3982643
IMU,236319855.0,1,0.09518912,0.07986104,-0.07556558,-0.1584573,0.2557118,-0.6931759
IMU,236360356.0,1,0.0887481,0.1011444,-0.08942892,-0.1148129,0.105522,-0.8974859
IMU,236400973.0,1,0.1140503,0.1256453,-0.09448469,-0.1553062,0.09558811,-0.9296603
IMU,236441942.0,1,0.1406541,0.1287982,-0.1086389,-0.1111628,0.1110609,-0.9835121
IMU,236481641.0,1,0.1599386,0.1504055,-0.1187133,-0.2760722,0.2105741,-0.9282362
IMU,236521418.0,1,0.1642057,0.2142879,-0.1252993,-0.3556183,0.13005,-1.24704
IMU,236562071.0,1,0.1637345,0.2659804,-0.1369804,-0.2303171,0.09380957,-1.534175
IMU,236601519.0,1,0.1635488,0.3159524,-0.15033,-0.1610434,0.1328573,-1.509553
IMU,236642902.0,1,0.1872586,0.2876574,-0.1605967,-0.1448676,0.01752722,-1.788129
IMU,236682416.0,1,0.1765599,0.255661,-0.1745387,-0.07390311,0.1127141,-1.984151
IMU,236722910.0,1,0.1787397,0.2470826,-0.1743506,-0.1278784,0.02126227,-2.079239
IMU,236765747.0,1,0.137356,0.2261937,-0.1854242,-0.02986193,0.06247877,-2.256399
IMU,236807922.0,1,0.09850753,0.1908813,-0.1931913,0.08503602,0.1530087,-2.099031
IMU,236849064.0,1,-1.839448,1.59227,-0.2777942,-1.058131,-2.47249,-3.801623
IMU,236889187.0,1,-3.579074,1.041204,0.187678,30.61489,17.26173,-57.14287
IMU,236928665.0,1,4.236364,-2.556696,-0.5949563,6.830244,-16.01335,13.64691
IMU,236968648.0,1,0.7385645,-3.815638,-0.352739,1.339068,-1.337475,0.645112
IMU,237014607.0,1,0.6539153,-3.491679,-0.1788837,-0.1391565,-0.7450753,0.8821946
IMU,237054176.0,1,0.2593408,-2.816861,-0.144658,-1.967544,-1.361521,-0.7342017
IMU,237094835.0,1,-0.7588312,-1.157979,0.02635929,-3.170141,-1.417407,-1.044976
IMU,237134844.0,1,-1.554748,0.209572,0.6529567,-4.222787,-1.091246,-1.664479
IMU,237174451.0,1,-0.8236654,1.93716,0.07433456,-19.82067,3.51457,-8.424835
IMU,237214367.0,1,0.0707458,3.555714,-1.287421,-6.088365,-0.5307239,-4.099301
IMU,237255064.0,1,-1.101324,4.57432,-0.2165963,-3.208073,-1.442117,-7.157024
IMU,237295402.0,1,-1.318194,5.192782,-0.4059028,1.144681,-1.2496,-12.02616
IMU,237334865.0,1,1.102538,0.4931069,0.2717752,15.44278,6.100406,-26.33978
IMU,237375080.0,1,-0.09612656,-0.6541593,0.09369169,-1.261524,-2.34252,-4.556396
IMU,237415138.0,1,-0.9457552,-0.202729,0.109838,-0.4874693,3.009879,-10.31214
IMU,237455635.0,1,0.08218221,0.0739762,-0.03426721,0.5950531,-0.6799514,-8.260581
IMU,237495432.0,1,-0.009223076,-0.03328983,0.01438237,0.07330664,0.6083924,-9.621298
IMU,237534963.0,1,-0.002719425,0.002267975,-0.002460429,0.2097642,0.4750118,-9.851389
IMU,237574967.0,1,-0.001795853,0.001940869,-0.002450214,0.2504334,0.4762524,-9.810597
IMU,237615116.0,1,-0.00147096,0.003659236,0.002329218,0.2268883,0.4665351,-9.657614
IMU,237655590.0,1,-0.00202096,-2.715427e-05,-0.0006507811,0.1887813,0.5203593,-9.80319
IMU,237695433.0,1,0.00201508,-0.006363073,-0.0030603,0.2633618,0.472768,-9.894736
IMU,237735170.0,1,-5.997009e-05,-0.003129854,-0.004901945,0.2100288,0.5278177,-9.901704
IMU,237775375.0,1,-0.001352808,0.001915838,-0.001665481,0.2144623,0.5450011,-9.769677
IMU,237815454.0,1,3.7859e-05,-0.002561624,-0.002791301,0.2385945,0.581726,-9.789771
IMU,237855848.0,1,-0.001982818,0.001748241,0.001448594,0.2276587,0.6003,-9.914245
IMU,237895622.0,1,-0.001384844,0.005239472,-0.0008078195,0.2757602,0.493246,-9.817327
IMU,237935197.0,1,-0.001436462,-0.00144077,0.004415936,0.2216381,0.6498036,-9.763174
IMU,237975354.0,1,3.855104e-05,0.005345371,-0.000803948,0.2009214,0.4695864,-9.675222
IMU,238015185.0,1,-9.069761e-05,0.002577048,0.0001000818,0.2624995,0.629636,-9.870204
IMU,238055853.0,1,0.002817836,-0.004743023,-0.001758285,0.2690554,0.5217673,-9.835191
IMU,238095647.0,1,-0.00143312,0.002219421,-0.001969315,0.2198978,0.38498,-9.837251
IMU,238135369.0,1,-0.002043692,0.004923332,0.001436347,0.2124961,0.4135993,-9.759952
IMU,238175390.0,1,-0.001543104,0.00432253,0.0005922475,0.2523907,0.5390293,-9.679271
IMU,238215254.0,1,-0.0006864902,0.003405901,-0.002790046,0.2388733,0.5636464,-9.783044
IMU,238256450.0,1,-0.003172897,0.004270198,0.002065867,0.1940013,0.5920263,-9.729037
IMU,238297549.0,1,-0.003375597,0.001547473,0.001017975,0.1556084,0.5473287,-9.705278
IMU,238337877.0,1,0.0003279489,-0.002566007,-0.002073959,0.2705138,0.6156695,-9.871997
IMU,238377553.0,1,0.0003119584,5.985097e-05,-1.141045e-05,0.2266587,0.5714828,-9.817319
IMU,238418404.0,1,-0.001882038,0.0008589391,0.001524731,0.1499391,0.5001444,-9.725099
IMU,238458372.0,1,-0.001655815,0.0006451667,0.002498013,0.2277549,0.5471302,-9.865841
IMU,238498958.0,1,-0.001624268,0.004662804,-0.004786491,0.1871205,0.5120081,-9.62136
IMU,238538887.0,1,-0.001978539,0.001277351,-0.001832741,0.2350895,0.5461342,-9.750963
IMU,238578566.0,1,0.000863342,-0.004191709,-0.001249743,0.2511793,0.5976474,-9.749693
IMU,238618386.0,1,-0.001157302,-0.002177825,0.0008472044,0.2414175,0.5921557,-9.750187
IMU,238659453.0,1,-0.0009755563,-0.002073162,-0.002900098,0.2849989,0.5535342,-9.748466
IMU,238699911.0,1,0.0004133537,0.001660754,-0.00130866,0.2142074,0.5620811,-9.902166
IMU,238739437.0,1,8.286281e-05,0.002667654,0.0004493722,0.164974,0.4844904,-9.819777
IMU,238779629.0,1,0.0006884143,0.0003911773,-0.002406049,0.2738756,0.5030802,-9.817722
IMU,238820865.0,1,0.0008643545,0.001172471,-0.0004875122,0.2357326,0.4899528,-9.859455
IMU,238860449.0,1,0.0005014309,-0.002024857,0.0006924991,0.2124149,0.5125247,-9.741442
IMU,238901163.0,1,-0.0006518074,-0.002625717,-0.003780623,0.1280721,0.4707869,-9.753997
IMU,238940899.0,1,-0.001836739,0.003046435,0.003168116,0.2350586,0.5902035,-9.781223
IMU,235051137.0,2,-0.04931966,0.05978255,0.03390596,-0.7198817,0.2582845,-9.056412
IMU,235091190.0,2,0.04660793,-0.01194083,0.06119454,-0.8178732,-0.1659747,-9.662199
IMU,235133550.0,2,-0.05303816,0.05500447,-0.02213219,-0.02103589,0.3860326,-9.148406
IMU,235172849.0,2,-0.1433899,0.02159862,-0.0135642,-0.4185449,0.08095059,-10.49888
IMU,235215821.0,2,-0.01771043,-0.03019864,-0.05327434,-0.5746449,0.1475822,-10.21646
IMU,235256831.0,2,-0.01656315,-0.03638239,-0.01780574,-1.138804,0.6171718,-9.263922
IMU,235296639.0,2,-0.005412483,-0.0601318,-0.02848885,-0.4954945,0.1049092,-9.91259
IMU,235339085.0,2,-0.06995298,-0.1264631,-0.01202088,-0.08630929,0.8105211,-8.899096
IMU,235378840.0,2,0.01479585,-0.161883,-0.01044252,-0.3916171,-0.2163323,-9.324893
IMU,235420372.0,2,0.04651733,-0.04556774,-0.03911275,-0.5032495,0.4789947,-10.11489
IMU,235461886.0,2,-0.1589241,0.04676485,-0.002015262,-0.2775295,0.966633,-9.001628
IMU,235502446.0,2,-0.08340235,0.03180298,0.05659459,-1.109485,-0.2009251,-9.983276
IMU,235545981.0,2,-0.1343458,0.05606951,0.02079012,-0.0447977,0.1439757,-9.415255
IMU,235585960.0,2,-0.06851131,0.07507202,0.04031175,-1.061246,0.2401862,-8.91247
IMU,235626962.0,2,0.001653824,0.1000049,0.03432539,-0.8064683,0.9556811,-8.967985
IMU,235670179.0,2,-0.02743357,0.07375904,0.05374089,-0.238141,-0.2565595,-8.667797
IMU,235710646.0,2,-0.07638589,0.05484445,0.03954418,-0.4640344,-0.03411487,-10.57765
IMU,235752837.0,2,0.1073447,0.07298498,0.1267555,-1.275843,0.3691737,-9.951306
IMU,235792989.0,2,0.05393866,0.08567452,0.08665981,-0.1063958,0.7190487,-9.176039
IMU,235835168.0,2,0.01648102,0.06629911,0.07047064,0.01547115,0.2986313,-9.493927
IMU,235876408.0,2,-0.01748407,0.05401578,0.1197533,-1.350523,-0.07606392,-9.603178
IMU,235915958.0,2,-0.08098879,0.1029764,0.07290444,-0.2339536,0.7980776,-8.87958
IMU,235956408.0,2,0.01628875,0.02308064,0.1292259,-0.7044898,0.7140489,-2.712834
IMU,235996964.0,2,0.1202841,0.0450977,0.04782951,-0.3753698,0.08860454,-1.137404
IMU,236037130.0,2,0.1230924,0.02085631,0.001226489,-0.01083877,0.03068283,-0.09999708
IMU,236077191.0,2,0.1376774,0.03849623,-0.03064139,-0.06733642,0.1841439,-0.3705557
IMU,236117598.0,2,0.1161218,0.03399013,-0.05267351,-0.08665592,0.1279006,-0.3230241
IMU,236157480.0,2,0.1255956,0.03434659,-0.06434958,-0.1073352,0.1198197,-0.3958637
IMU,236197593.0,2,0.1047239,0.04959907,-0.07211458,-0.1118309,0.134628,-0.3905776
IMU,236238896.0,2,0.1000648,0.07237969,-0.07312968,-0.08771341,0.1682122,-0.3910786
IMU,236279836.0,2,0.1212442,0.08026312,-0.07960347,-0.1009062,0.1714741,-0.5758714
IMU,236319855.0,2,0.1305775,0.08485555,-0.09347363,-0.09991604,0.1603759,-0.7417848
IMU,236360356.0,2,0.1255769,0.1137077,-0.1086005,-0.09443238,0.1617229,-0.8933111
IMU,236400973.0,2,0.1500463,0.1353328,-0.1138959,-0.07940829,0.1418263,-0.9811791
IMU,236441942.0,2,0.1810563,0.1365315,-0.128538,-0.1341148,0.1459387,-1.05272
IMU,236481641.0,2,0.1964954,0.1699933,-0.1368771,-0.1685417,0.1443879,-1.125633
IMU,236521418.0,2,0.2035734,0.2461525,-0.1468223,-0.2163068,0.1555019,-1.32995
IMU,236562071.0,2,0.2026619,0.3041334,-0.1602898,-0.1479975,0.1555472,-1.505468
IMU,236601519.0,2,0.2080502,0.3525995,-0.1720906,-0.1218569,0.1277402,-1.675205
IMU,236642902.0,2,0.2298537,0.3283289,-0.185154,-0.03863551,0.1055437,-1.77267
IMU,236682416.0,2,0.2203859,0.2887607,-0.198836,0.009017042,0.09776167,-2.020221
IMU,236722910.0,2,0.2209808,0.2843646,-0.1968949,0.01637031,0.02317158,-2.230068
IMU,236765747.0,2,0.1794887,0.2641373,-0.2077088,0.06584331,0.01549457,-2.289623
IMU,236807922.0,2,0.1463518,0.2124114,-0.2213964,0.01533355,-0.09955177,-2.406264
IMU,236849064.0,2,-1.834128,1.650625,-0.2175193,-0.9984367,-0.4496113,-4.852112
IMU,236889187.0,2,-3.031927,0.1673734,0.3555815,22.74694,13.32184,-42.17933
IMU,236928665.0,2,0.7688664,-4.557158,-0.6287711,-6.496305,0.2401773,4.987831
IMU,236968648.0,2,0.7951539,-3.887864,-0.3888965,0.1659451,-0.4735934,1.049108
IMU,237014607.0,2,0.6652316,-3.610608,-0.2160574,-0.1780958,-0.4088334,0.5801839
IMU,237054176.0,2,0.26397,-2.899461,-0.1677976,-1.566993,-1.07496,-1.515267
IMU,237094835.0,2,-0.7857678,-1.171316,0.07116598,-2.960083,-1.033681,-1.918472
IMU,237134844.0,2,-1.608459,0.3172628,0.8300718,-4.09961,-0.8787502,-2.451606
IMU,237174451.0,2,-0.8313556,2.073301,0.1824876,-17.82628,0.9289594,-8.561779
IMU,237214367.0,2,0.1017505,3.737528,-1.326641,-6.101283,0.4792572,-4.930729
IMU,237255064.0,2,-1.051945,4.838484,-0.1914475,-3.191437,-1.707307,-7.593977
IMU,237295402.0,2,-1.370806,5.33604,-0.3497041,0.4788056,-1.127637,-11.89908
IMU,237334865.0,2,1.340688,0.2002826,0.2381852,13.96185,5.913806,-25.02697
IMU,237375080.0,2,-0.1541427,-0.6284108,0.1472882,-0.8952546,-2.365811,-5.708961
IMU,237415138.0,2,-0.8872058,-0.1956922,0.1439459,-0.4983717,2.318557,-10.28956
IMU,237455635.0,2,0.0568797,0.08003974,-0.04296519,0.4876062,-0.2760779,-8.497799
IMU,237495432.0,2,-0.008347164,-0.02655616,0.01245608,0.07546145,0.5271724,-9.856127
IMU,237534963.0,2,2.440849e-05,0.003414145,-0.005821436,0.2619245,0.4419914,-9.912451
IMU,237574967.0,2,-0.001669059,-0.0008943476,-0.002840689,0.2502951,0.5443477,-9.800014
IMU,237615116.0,2,0.00126977,-0.002261166,-0.0008145737,0.2269295,0.484019,-9.844165
IMU,237655590.0,2,-0.001377904,0.000369303,-0.0007315205,0.2207243,0.4657051,-9.853929
IMU,237695433.0,2,0.0008364583,-0.000212055,-0.00361437,0.2348582,0.494667,-9.859941
IMU,237735170.0,2,0.001160189,0.001191721,-0.0003607067,0.2307978,0.4852088,-9.855024
IMU,237775375.0,2,-0.0004080331,-0.00172032,-0.001562733,0.2319739,0.4772437,-9.837932
IMU,237815454.0,2,0.0001725882,-0.001547399,-0.00282596,0.2203223,0.4820573,-9.847608
IMU,237855848.0,2,0.0002399777,0.0006396716,-0.002968901,0.2295215,0.4893892,-9.856337
IMU,237895622.0,2,0.000189184,-4.37276e-05,-0.002312495,0.2369067,0.4780146,-9.840201
IMU,237935197.0,2,0.001257583,0.002174969,-0.001385161,0.2203876,0.4824198,-9.857
IMU,237975354.0,2,0.0003159929,0.0008168496,-0.002406036,0.2192432,0.4870323,-9.866823
IMU,238015185.0,2,0.0006287501,-0.0003933159,-0.001788384,0.2293309,0.484075,-9.860087
IMU,238055853.0,2,0.0003261248,0.0001799818,-0.001849978,0.2276515,0.477832,-9.870523
IMU,238095647.0,2,0.0001296647,-0.001804005,-0.003077099,0.2187587,0.4880852,-9.872475
IMU,238135369.0,2,2.940221e-05,0.0008139707,-0.001835995,0.2251937,0.483539,-9.869887
IMU,238175390.0,2,0.0006757425,0.0001297562,-0.001744649,0.2238238,0.4753184,-9.858292
IMU,238215254.0,2,0.0005846985,-6.167975e-05,-0.002508208,0.2180327,0.486054,-9.866196
IMU,238256450.0,2,-0.0006357557,4.349596e-06,-0.002275832,0.2208959,0.4914741,-9.846682
IMU,238297549.0,2,-0.0004361394,0.0006350766,-0.003077161,0.2194732,0.4827802,-9.836824
IMU,238337877.0,2,-0.0005599102,-0.0001400566,-0.001622762,0.2227647,0.4868264,-9.87397
IMU,238377553.0,2,-0.0005886881,0.002100917,-0.001536227,0.2227542,0.4769947,-9.850631
IMU,238418404.0,2,0.001569377,-0.0001395863,-0.002142737,0.2251082,0.4715566,-9.856381
IMU,238458372.0,2,-0.0002578966,-0.00116601,-0.002014323,0.2218778,0.4774058,-9.84605
IMU,238498958.0,2,0.0003302855,-0.0002897812,-0.001852049,0.2278728,0.4789011,-9.863679
IMU,238538887.0,2,0.0002746338,0.0007236426,-0.001102634,0.2335904,0.4964923,-9.844258
IMU,238578566.0,2,0.0005418797,0.0009717668,-0.00186909,0.2185166,0.4830859,-9.870057
IMU,238618386.0,2,0.0002667736,-0.0005706457,-0.001520809,0.2068027,0.4883905,-9.867989
IMU,238659453.0,2,-0.0008056462,-0.000671587,-0.001432971,0.2265264,0.4839826,-9.864484
IMU,238699911.0,2,-0.0005129962,0.0005261606,-0.001673918,0.2165516,0.4891759,-9.874937
IMU,238739437.0,2,-0.0001578339,5.284566e-05,-0.001049342,0.2143133,0.4857523,-9.860135
IMU,238779629.0,2,0.0007929279,0.0006432293,-0.001285764,0.2304417,0.4791299,-9.86448
IMU,238820865.0,2,0.0005321751,0.0006680601,-0.001800472,0.2225597,0.4796329,-9.852406
IMU,238860449.0,2,0.0009070961,3.707634e-05,-0.002700697,0.2337769,0.4756121,-9.854227
IMU,238901163.0,2,-0.001141744,0.0003361023,-0.002007805,0.2210767,0.480932,-9.867791
IMU,238940899.0,2,0.0004070945,0.001890317,-0.002141219,0.2147519,0.4845154,-9.837663
