ARM,324167099.0,0.0
AHR2,323330414.0,-1.67,-4.39,149.94,468.49,43.2382821,-7.6818164
AHR2,323432469.0,-1.9,-3.91,150.3,468.32,43.2382798,-7.6818152
AHR2,323532938.0,-2.49,-2.86,150.28,468.29,43.2382776,-7.6818138
AHR2,323633481.0,-3.09,-2.19,150.64,468.11,43.2382753,-7.6818124
AHR2,323734973.0,-3.11,-1.85,150.62,468.19,43.2382737,-7.6818111
AHR2,323837628.0,-3.07,-2.13,150.67,468.29,43.2382707,-7.6818089
AHR2,323937906.0,-3.08,-2.4,151.13,468.22,43.2382685,-7.6818073
AHR2,324040113.0,-3.06,-2.18,151.32,468.46,43.2382665,-7.6818056
AHR2,324142483.0,-2.89,-1.43,151.23,468.37,43.2382644,-7.6818039
AHR2,324243939.0,-2.36,-1.24,151.02,468.18,43.2382624,-7.681803
AHR2,324343888.0,-1.39,-1.11,150.42,468.1,43.2382602,-7.6818014
AHR2,324445920.0,-0.49,-0.96,149.39,468.08,43.2382578,-7.6817996
AHR2,324545747.0,0.22,-0.76,148.3,468.28,43.2382558,-7.6817981
AHR2,324646423.0,0.98,-0.25,147.21,468.06,43.2382537,-7.6817965
AHR2,324748166.0,1.61,0.56,146.14,467.96,43.2382524,-7.681796
AHR2,324850585.0,2.3,1.58,144.96,467.83,43.2382493,-7.6817943
AHR2,324950981.0,2.93,2.75,143.76,467.49,43.2382473,-7.6817928
AHR2,325052596.0,3.21,4.37,142.44,466.85,43.2382451,-7.6817917
AHR2,325152486.0,1.67,8.51,141.07,466.31,43.2382431,-7.6817904
AHR2,325254615.0,2.78,-6.06,140.23,463.76,43.2382409,-7.6817893
AHR2,325354645.0,3.5,-19.91,140.24,462.85,43.2382389,-7.681788
AHR2,325455064.0,-4.58,-18.62,141.77,464.03,43.238238,-7.6817917
AHR2,325554879.0,-2.14,9.14,139.27,463.87,43.2382365,-7.6817924
AHR2,325654968.0,1.69,9.93,139.99,464.01,43.2382362,-7.681792
AHR2,325755143.0,1.02,10.55,139.53,463.93,43.238235,-7.6817923
AHR2,325854941.0,0.96,10.59,139.52,463.98,43.238237,-7.6817917
AHR2,325954917.0,0.92,10.62,139.52,463.75,43.2382371,-7.6817917
AHR2,326055101.0,0.9,10.63,139.52,463.89,43.2382369,-7.6817917
AHR2,326154985.0,0.87,10.62,139.53,463.85,43.238237,-7.6817917
AHR2,326255156.0,0.85,10.62,139.54,463.88,43.2382368,-7.6817919
AHR2,326355453.0,0.82,10.62,139.55,463.75,43.2382369,-7.6817919
AHR2,326456967.0,0.79,10.62,139.55,463.83,43.2382366,-7.6817921
AHR2,326557092.0,0.77,10.61,139.56,463.94,43.2382366,-7.6817921
AHR2,326658604.0,0.75,10.61,139.57,463.83,43.2382363,-7.6817925
AHR2,326759170.0,0.73,10.6,139.57,463.69,43.2382363,-7.6817925
AHR2,326860497.0,0.7,10.59,139.58,463.9,43.2382357,-7.6817927
AHR2,326960494.0,0.68,10.59,139.59,463.92,43.2382357,-7.6817926
AHR2,327062060.0,0.66,10.58,139.6,463.65,43.2382352,-7.6817931
ATT,323329824.0,-2.008189,-1.632143,-5.419897,-4.589605,151.6641,152.4116
ATT,323431906.0,-2.326043,-1.839071,-4.737244,-4.103088,151.6652,152.7019
ATT,323532274.0,-2.615873,-2.470301,-4.105751,-3.076604,151.6628,152.5991
ATT,323632754.0,-2.829104,-3.119739,-3.646693,-2.439571,151.6591,152.8904
ATT,323734431.0,-2.923726,-3.113539,-3.479346,-2.137967,151.6578,152.8127
ATT,323837072.0,-2.969543,-3.040185,-3.45024,-2.449415,151.6585,152.8071
ATT,323937359.0,-2.889365,-2.981452,-3.245331,-2.734369,151.6509,153.1939
ATT,324039347.0,-2.819283,-2.924769,-2.762116,-2.536836,151.637,153.3243
ATT,324141890.0,-2.619037,-2.775495,-2.152922,-1.806799,151.6182,153.1974
ATT,324243278.0,-1.596223,-2.258995,-1.205114,-1.619511,153.0036,152.9699
ATT,324343206.0,-0.8123854,-1.313506,-0.6133323,-1.439643,152.3734,152.3538
ATT,324445361.0,-0.4094557,-0.4439669,-0.3091295,-1.220935,151.3095,151.3028
ATT,324545132.0,-0.2090435,0.2727019,-0.157823,-0.9410804,150.1768,150.1809
ATT,324645821.0,-0.1067252,1.018391,-0.08057499,-0.3430578,149.0497,149.0649
ATT,324747581.0,-0.05387665,1.834914,-0.0406756,0.5902695,147.9422,147.9696
ATT,324849961.0,-0.02701661,2.68733,-0.02039691,1.719501,146.7208,146.7609
ATT,324950401.0,-0.01375164,3.429239,-0.01038217,2.972133,145.4973,145.5484
ATT,325052085.0,-0.006927342,3.801254,-0.005229983,4.681338,144.1471,144.2039
ATT,325151891.0,-0.003536686,2.336459,-0.002670117,8.917187,142.78,142.8153
ATT,325253988.0,-0.001782796,3.148904,-0.00134597,-5.31644,141.784,141.8311
ATT,325354107.0,-0.0009102062,3.407243,-0.0006871847,-18.24376,141.7186,141.772
ATT,325454418.0,-0.0004631899,-5.103407,-0.0003496977,-15.54824,143.2244,143.1456
ATT,325554233.0,-0.0003198494,-3.4252,-0.0002414791,13.924,140.2746,140.222
ATT,325654362.0,-0.0003198494,0.1327344,-0.000241479,16.16956,141.2202,141.2223
ATT,325754571.0,-0.0003143543,-0.5644383,-0.0002373303,16.79295,140.7254,140.7166
ATT,325854210.0,-0.0003085409,-0.5787973,-0.0002329412,16.82158,140.6889,140.6799
ATT,325954361.0,-0.0003085409,-0.5788078,-0.0002329411,16.83685,140.6615,140.6525
ATT,326054528.0,-0.0003085409,-0.5712944,-0.0002329411,16.83611,140.6447,140.6358
ATT,326154410.0,-0.0003085409,-0.5661021,-0.0002329411,16.83332,140.6401,140.6313
ATT,326254605.0,-0.0003085409,-0.5633436,-0.0002329411,16.83653,140.6383,140.6296
ATT,326354896.0,-0.000302837,-0.5648662,-0.0002286348,16.83916,140.6314,140.6226
ATT,326456385.0,-0.0002845198,-0.5667856,-0.0002148059,16.84025,140.6431,140.6343
ATT,326556467.0,-0.0002845199,-0.5709395,-0.000214806,16.84247,140.6648,140.6559
ATT,326657789.0,-0.0002677766,-0.5727026,-0.0002021652,16.83933,140.6758,140.6669
ATT,326758605.0,-0.0002677766,-0.5769636,-0.0002021652,16.8376,140.7103,140.7013
ATT,326859940.0,-0.0002677766,-0.586705,-0.0002021652,16.83213,140.7524,140.7433
ATT,326959926.0,-0.0002677767,-0.5956367,-0.0002021652,16.82388,140.7915,140.7822
ATT,327061424.0,-0.0002620659,-0.6035888,-0.0001978537,16.81655,140.8281,140.8187
BARO,323357886.0,0,1.450104,469.0101,96958.05
BARO,323459366.0,0,1.42749,468.9875,96958.29
BARO,323559978.0,0,1.246643,468.8066,96960.25
BARO,323661855.0,0,1.328613,468.8886,96959.36
BARO,323761851.0,0,1.421844,468.9818,96958.34
BARO,323864635.0,0,1.354034,468.914,96959.09
BARO,323964982.0,0,1.597046,469.157,96956.45
BARO,324067083.0,0,1.500977,469.061,96957.5
BARO,324167390.0,0,1.314484,468.8745,96959.5
BARO,324268395.0,0,1.232513,468.7925,96960.41
BARO,324368193.0,0,1.215576,468.7756,96960.57
BARO,324470220.0,0,1.419037,468.979,96958.37
BARO,324570178.0,0,1.192963,468.753,96960.83
BARO,324672188.0,0,1.094055,468.6541,96961.9
BARO,324772662.0,0,0.9697266,468.5297,96963.24
BARO,324875459.0,0,0.6221619,468.1822,96967.02
BARO,324975912.0,0,-0.01080322,467.5492,96973.9
BARO,325077194.0,0,-0.5561523,467.0038,96979.82
BARO,325177392.0,0,-3.10495,464.455,97007.51
BARO,325278906.0,0,-4.014832,463.5452,97017.39
BARO,325378882.0,0,-2.830872,464.7291,97004.52
BARO,325479420.0,0,-2.991913,464.5681,97006.27
BARO,325579440.0,0,-2.853455,464.7065,97004.77
BARO,325679570.0,0,-2.932587,464.6274,97005.64
BARO,325779483.0,0,-2.88736,464.6726,97005.16
BARO,325879368.0,0,-3.11908,464.4409,97007.66
BARO,325979183.0,0,-2.974976,464.585,97006.09
BARO,326079372.0,0,-3.011719,464.5483,97006.48
BARO,326179158.0,0,-2.983459,464.5765,97006.19
BARO,326279475.0,0,-3.110596,464.4494,97007.58
BARO,326380380.0,0,-3.034302,464.5257,97006.74
BARO,326481362.0,0,-2.921295,464.6387,97005.52
BARO,326581862.0,0,-3.03714,464.5229,97006.76
BARO,326683498.0,0,-3.178436,464.3816,97008.3
BARO,326783837.0,0,-2.960846,464.5992,97005.95
BARO,326884899.0,0,-2.943878,464.6161,97005.74
BARO,326985574.0,0,-3.217987,464.342,97008.74
BARO,327086461.0,0,-2.997589,464.5624,97006.33
BARO,323357886.0,1,1.481201,469.0412,96934.76
BARO,323459366.0,1,1.031891,468.5919,96939.61
BARO,323559978.0,1,1.320129,468.8801,96936.49
BARO,323661855.0,1,1.020599,468.5806,96939.74
BARO,323761851.0,1,1.099731,468.6597,96938.88
BARO,323864635.0,1,1.308807,468.8688,96936.62
BARO,323964982.0,1,1.000824,468.5608,96939.95
BARO,324067083.0,1,1.068634,468.6286,96939.22
BARO,324167390.0,1,1.354034,468.914,96936.12
BARO,324268395.0,1,1.130798,468.6908,96938.55
BARO,324368193.0,1,1.322937,468.8829,96936.48
BARO,324470220.0,1,1.303162,468.8632,96936.69
BARO,324570178.0,1,1.342743,468.9027,96936.24
BARO,324672188.0,1,1.116669,468.6767,96938.7
BARO,324772662.0,1,0.989502,468.5495,96940.07
BARO,324875459.0,1,0.6052246,468.1652,96944.25
BARO,324975912.0,1,0.01464844,467.5746,96950.66
BARO,325077194.0,1,-0.6437378,466.9163,96957.81
BARO,325177392.0,1,-3.41861,464.1414,96987.93
BARO,325278906.0,1,-3.918762,463.6412,96993.36
BARO,325378882.0,1,-2.845001,464.715,96981.73
BARO,325479420.0,1,-3.042786,464.5172,96983.87
BARO,325579440.0,1,-3.237762,464.3222,96985.98
BARO,325679570.0,1,-3.452515,464.1075,96988.31
BARO,325779483.0,1,-3.008881,464.5511,96983.48
BARO,325879368.0,1,-3.274506,464.2855,96986.38
BARO,325979183.0,1,-3.226471,464.3335,96985.86
BARO,326079372.0,1,-3.226471,464.3335,96985.86
BARO,326179158.0,1,-3.234924,464.3251,96985.95
BARO,326279475.0,1,-3.201019,464.359,96985.59
BARO,326380380.0,1,-3.223633,464.3364,96985.82
BARO,326481362.0,1,-3.251892,464.3081,96986.15
BARO,326581862.0,1,-3.020172,464.5398,96983.62
BARO,326683498.0,1,-2.994751,464.5652,96983.33
BARO,326783837.0,1,-3.110596,464.4494,96984.59
BARO,326884899.0,1,-3.17276,464.3872,96985.27
BARO,326985574.0,1,-3.266022,464.294,96986.28
BARO,327086461.0,1,-3.257538,464.3025,96986.18
GPS,323412895.0,4,22,43.2382828,-7.681817,467.37,2.717,-0.31,0.0
GPS,323635790.0,4,22,43.2382784,-7.6818142,467.44,2.724,-0.222,0.0
GPS,323797087.0,4,22,43.238274,-7.6818113,467.48,2.719,-0.124,0.0
GPS,323999878.0,4,22,43.2382697,-7.6818081,467.45,2.658,0.105,0.0
GPS,324222234.0,4,22,43.2382653,-7.6818051,467.43,2.716,0.018,0.0
GPS,324403620.0,4,22,43.2382611,-7.6818021,467.29,2.632,1.298,0.0
GPS,324645622.0,4,22,43.2382569,-7.6817992,466.82,2.634,3.361,0.0
GPS,324808052.0,4,22,43.2382525,-7.6817965,465.96,2.545,5.043,0.0
GPS,325010974.0,4,22,43.2382483,-7.6817939,464.74,2.51,6.713,0.0
GPS,325212272.0,4,22,43.2382441,-7.6817914,463.24,2.508,8.13,0.0
GPS,325394243.0,4,22,43.2382406,-7.6817906,461.95,1.736,4.644,0.0
GPS,325634983.0,4,22,43.2382379,-7.6817916,461.16,1.417,3.146,0.0
GPS,325795056.0,4,22,43.2382369,-7.6817918,460.92,0.127,-0.405,0.0
GPS,325995071.0,4,21,43.2382369,-7.6817918,460.96,0.07600001,0.153,0.0
GPS,326195079.0,4,19,43.2382368,-7.6817919,460.98,0.05,0.056,0.0
GPS,326395771.0,4,21,43.2382366,-7.6817921,461.02,0.017,0.06,0.0
GPS,326636830.0,4,21,43.2382363,-7.6817925,461.1,0.021,0.071,0.0
GPS,326799066.0,4,22,43.2382357,-7.6817928,461.07,0.074,0.08800001,0.0
GPS,327000634.0,4,22,43.2382352,-7.6817933,461.11,0.094,0.031,0.0
IMU,323269877.0,0,0.06812208,0.0450383,-0.01577975,-0.9466813,-0.08909968,-9.851565
IMU,323309653.0,0,0.09144805,-0.01065839,0.06380986,-0.2243594,1.428359,-9.72766
IMU,323349966.0,0,-0.1359822,0.04886362,0.04150359,-1.104121,0.2582069,-9.1071
IMU,323390666.0,0,-0.05871898,0.0787734,0.04486243,-0.5300617,0.07445436,-9.619624
IMU,323434417.0,0,-0.1006965,0.09880701,0.1171862,-0.8195843,-0.2473614,-9.198719
IMU,323474202.0,0,-0.1218744,0.1506556,0.05063156,0.2388022,1.171468,-10.06026
IMU,323514272.0,0,-0.1475822,0.2064112,0.01583652,-0.7530292,-0.6032969,-8.89335
IMU,323555365.0,0,0.00842796,0.1209353,-0.05519558,0.7230684,0.510551,-10.46066
IMU,323595596.0,0,-0.01981626,0.1077147,0.05014475,-0.3740767,1.379039,-9.242532
IMU,323635917.0,0,-0.1945156,0.1076727,0.04533729,-0.912654,-0.8635845,-8.42692
IMU,323677184.0,0,0.008042358,0.01993288,-0.0340503,-0.08475088,0.5696544,-10.24477
IMU,323717113.0,0,-0.00978875,0.06148649,-0.02211468,0.245048,0.6977308,-9.221815
IMU,323757084.0,0,-0.01310733,-0.03793531,-0.02379233,-1.309319,-0.2936001,-9.294201
IMU,323797191.0,0,0.06724808,-0.1257029,0.06684034,-0.5169857,1.365587,-9.548633
IMU,323839599.0,0,0.1075441,-0.01660009,-0.03127542,0.5840192,1.084182,-10.13852
IMU,323880090.0,0,0.04003973,-0.01985305,0.04285969,-0.8731897,0.3736189,-9.365972
IMU,323919778.0,0,0.03724521,-0.06783696,0.09893239,-0.4815143,0.6288878,-9.611929
IMU,323959586.0,0,-0.0307185,0.06440627,-0.03246912,-0.09951597,1.169752,-9.68512
IMU,323999962.0,0,-0.03134824,0.0793917,-4.065791e-05,-0.8616311,-0.7363778,-9.505004
IMU,324041820.0,0,0.04863226,0.005147172,0.1151444,-0.3990785,0.8591489,-9.823428
IMU,324082485.0,0,0.02671585,0.1352096,-0.04416916,-0.1376798,0.7633935,-9.910351
IMU,324122396.0,0,0.01305338,0.1725304,-0.008104668,-0.3973101,-0.7484222,-9.549256
IMU,324162128.0,0,0.1538155,0.02716801,-0.0241831,0.2080614,2.057848,-10.40828
IMU,324201891.0,0,0.1322463,0.1309102,-0.1628635,-0.8581129,-2.243068,-4.447471
IMU,324245585.0,0,0.1361103,-0.02742212,-0.02012931,-0.4471192,1.09229,-1.543242
IMU,324286172.0,0,0.1661625,0.03236325,-0.08875191,0.06425527,-0.03772367,-0.2151092
IMU,324325901.0,0,0.1667171,0.04065319,-0.1516885,-0.1181061,0.2363765,-0.1344378
IMU,324366107.0,0,0.1596092,0.04252004,-0.1670301,-0.08023091,0.1162535,-0.2160885
IMU,324405657.0,0,0.1514453,0.03529813,-0.1815384,-0.09295413,0.091872,-0.3837021
IMU,324448132.0,0,0.1285084,0.04917984,-0.1928051,-0.1101083,0.07617199,-0.2782956
IMU,324488270.0,0,0.1232486,0.04900984,-0.1960079,-0.07350036,0.08981545,-0.3941106
IMU,324527873.0,0,0.1296871,0.04893783,-0.1983095,-0.09206789,0.09770774,-0.4777479
IMU,324567863.0,0,0.1229585,0.07094461,-0.1995229,-0.1171485,0.0707938,-0.5275415
IMU,324607855.0,0,0.1346869,0.1056402,-0.1970602,-0.10428,0.08984071,-0.5903757
IMU,324654386.0,0,0.1362283,0.1379566,-0.1898168,-0.100076,0.06781702,-0.7045231
IMU,324694472.0,0,0.1422141,0.1557215,-0.1913859,-0.1130554,0.1086967,-0.8688611
IMU,324734891.0,0,0.1531364,0.161933,-0.1984321,-0.07298229,0.08597298,-0.9508564
IMU,324775460.0,0,0.1553963,0.1693346,-0.2047661,-0.07857604,0.07275613,-1.089084
IMU,324816968.0,0,0.1513399,0.188222,-0.2172277,-0.06251523,0.07415762,-1.168925
IMU,324857383.0,0,0.14855,0.198271,-0.2201429,-0.05638437,0.05735059,-1.303035
IMU,324897882.0,0,0.1439403,0.2063934,-0.2225877,-0.05183849,0.05329913,-1.395545
IMU,324937895.0,0,0.1399641,0.2086598,-0.2268726,-0.05500853,0.04359053,-1.510902
IMU,324977662.0,0,0.1168104,0.231334,-0.2374131,-0.06883074,0.02802372,-1.665056
IMU,325018630.0,0,0.08463937,0.2843797,-0.2526512,-0.03728237,-0.004754304,-1.686973
IMU,325059899.0,0,0.01300115,0.3390494,-0.2622733,-0.05266686,-0.03282689,-2.033489
IMU,325099506.0,0,-0.2511616,0.6228937,-0.2495187,-0.7873419,-0.1315226,-3.156142
IMU,325139628.0,0,-0.2159902,0.8475119,-0.3126083,-4.230469,-2.075453,-7.979498
IMU,325179567.0,0,0.1031383,-2.684314,-0.5297459,7.325394,13.1478,-32.90999
IMU,325220118.0,0,0.05945339,-2.476625,-0.3021824,-4.269222,-0.2622638,-0.08405901
IMU,325261490.0,0,0.04948883,-2.561051,-0.1428109,-1.35894,-0.6310739,2.95892
IMU,325301136.0,0,0.3273659,-2.622102,0.08573783,-1.675718,-0.09167456,1.485524
IMU,325341179.0,0,-0.08588858,-1.862219,0.2625764,-1.671361,-0.6284753,-0.5753796
IMU,325381383.0,0,-1.062942,-0.7041466,0.3311051,-2.035542,-0.8894011,-1.000426
IMU,325422486.0,0,-1.605469,0.6271379,0.2817479,-2.829479,-0.7149339,-1.862102
IMU,325461575.0,0,-1.517624,2.254078,0.1944146,-4.114143,0.1320629,-3.175962
IMU,325501533.0,0,-0.3641649,4.581957,0.08997884,-4.869078,2.711387,-5.013296
IMU,325541689.0,0,1.451689,6.638598,-0.0812102,-2.242609,3.822915,-8.084524
IMU,325581924.0,0,1.803568,2.817501,0.1509491,28.31027,4.178992,-46.50652
IMU,325622448.0,0,0.3749072,-1.085558,0.4840972,2.494867,-2.080482,-10.79319
IMU,325661941.0,0,0.08218401,0.5635436,-0.2520865,2.288565,-1.143431,-7.341768
IMU,325701840.0,0,-0.3094822,0.1314041,-0.1255441,2.290245,0.8994768,-8.930516
IMU,325741495.0,0,0.07055798,-0.0934104,0.05533343,1.874031,0.4891267,-9.970857
IMU,325782454.0,0,-0.02975233,0.0324327,-0.01554539,1.644937,0.02816913,-9.592495
IMU,325822618.0,0,0.01395636,-0.01057952,0.009339404,2.277982,0.2551502,-9.468112
IMU,325861616.0,0,-0.003346594,0.006152313,-0.002030654,1.728816,0.2240869,-9.549417
IMU,325901882.0,0,0.001503477,-0.004510649,0.001777935,2.070636,0.2911538,-9.569949
IMU,325941531.0,0,-0.004300721,0.004947257,-0.0007555048,1.84883,0.2052553,-9.558218
IMU,325982190.0,0,0.00156319,-0.00384697,0.002211109,2.037996,0.2601295,-9.545343
IMU,326022484.0,0,-0.002537237,0.004576308,0.00196646,1.936072,0.2247713,-9.547829
IMU,326061635.0,0,0.00265398,-0.003002154,0.00157743,1.961271,0.2475554,-9.538535
IMU,326101872.0,0,-0.001021257,0.0009267748,0.00288995,1.946825,0.2404539,-9.550118
IMU,326141651.0,0,-0.0009207766,0.0001180947,0.004274113,1.957107,0.2392415,-9.573088
IMU,326182163.0,0,-0.0001754668,0.0006777411,0.002739999,1.954297,0.2516416,-9.54438
IMU,326222577.0,0,-0.0006857944,0.001379445,0.002071679,1.957414,0.2449834,-9.548433
IMU,326261771.0,0,0.00033755,1.994903e-05,0.002570251,1.9408,0.2392214,-9.561031
IMU,326301782.0,0,7.392782e-05,-0.0001514289,0.001671152,1.954326,0.2502101,-9.537346
IMU,326342114.0,0,0.0008929304,0.0005440983,0.0006284879,1.957909,0.2456796,-9.56847
IMU,326382947.0,0,-0.0003791052,0.0009193675,0.002691365,1.963255,0.2442924,-9.558477
IMU,326423463.0,0,-3.94201e-05,-0.000309919,0.001133596,1.958091,0.2403836,-9.544608
IMU,326463409.0,0,0.001365491,0.0001431163,0.002563296,1.966086,0.2429916,-9.524864
IMU,326503824.0,0,-0.0008725362,0.001155737,0.001776311,1.944394,0.2476015,-9.567173
IMU,326543873.0,0,0.0006420709,0.0007127017,0.001883656,1.949536,0.2596775,-9.554218
IMU,326584131.0,0,4.945861e-06,-0.0002110498,0.001463256,1.95687,0.2313564,-9.548582
IMU,326624098.0,0,0.0004096211,-0.0003151901,0.0010668,1.956767,0.2604451,-9.533125
IMU,326665440.0,0,-5.617764e-05,-0.00177338,0.001674618,1.95722,0.236327,-9.532928
IMU,326705850.0,0,0.0003488906,-0.0005850446,0.00163907,1.95465,0.2418386,-9.559197
IMU,326745848.0,0,0.001320609,-0.001968078,0.001725781,1.946994,0.2383951,-9.565427
IMU,326786168.0,0,0.0003167879,0.0005611693,0.001686947,1.959764,0.2359958,-9.556548
IMU,326828096.0,0,0.0001212608,-0.0009344565,0.001745082,1.946254,0.2453692,-9.543768
IMU,326867794.0,0,2.696619e-05,-0.001398966,0.001245927,1.954245,0.2436337,-9.564845
IMU,326907209.0,0,0.00130046,-0.001685889,0.001995115,1.950136,0.2505257,-9.557518
IMU,326947190.0,0,-0.0007316843,-0.0008300785,0.001624384,1.96305,0.247034,-9.542348
IMU,326988085.0,0,-0.0003556811,0.0001192609,0.001401899,1.953189,0.2437543,-9.560436
IMU,327031395.0,0,-0.0005486937,-0.001256822,0.002388872,1.962948,0.2360935,-9.510745
IMU,327071498.0,0,0.001039883,0.0005599235,0.0028138,1.947058,0.2465958,-9.541743
IMU,327111475.0,0,-0.0004903892,-0.001443108,0.001611972,1.965942,0.2417281,-9.556504
IMU,327151915.0,0,0.0007812182,-0.0009406946,0.003828287,1.960442,0.2500395,-9.552333
IMU,327191430.0,0,0.0008404211,0.0003695699,0.001993014,1.95345,0.2496745,-9.553432
IMU,323269877.0,1,0.06103391,0.05131748,-0.02350151,-1.70073,-0.7150208,-9.632548
IMU,323309653.0,1,0.05716139,0.003926408,0.03442807,-0.2016911,0.8194613,-9.927428
IMU,323349966.0,1,-0.1233095,0.03733134,0.005827714,-0.4048714,-0.2182376,-8.70573
IMU,323390666.0,1,-0.07848554,0.06923769,0.03730065,-0.453681,-0.423302,-9.533858
IMU,323434417.0,1,-0.04133575,0.09283583,0.05108076,-1.530691,-1.46213,-9.399258
IMU,323474202.0,1,-0.115044,0.13634,0.05388663,0.4225226,1.220901,-9.84716
IMU,323514272.0,1,-0.1532739,0.1816743,0.03884342,-0.3173855,-0.555012,-7.933516
IMU,323555365.0,1,-0.02593176,0.122371,-0.04059234,-0.08850531,-0.7053005,-10.41444
IMU,323595596.0,1,-0.09800566,0.1248148,0.02718494,-0.5072818,1.258599,-10.0958
IMU,323635917.0,1,-0.1415397,0.08296908,-0.01389348,-0.8138499,-1.696348,-8.028844
IMU,323677184.0,1,-0.0278671,0.01368299,-0.02851393,-0.2191846,0.515659,-10.0718
IMU,323717113.0,1,-0.06529586,0.04040748,-0.01025955,0.5374702,0.5961372,-10.01812
IMU,323757084.0,1,-0.01643107,-0.05840269,-0.04368875,-1.805712,-0.8318849,-9.338757
IMU,323797191.0,1,0.03005676,-0.1047724,0.03590049,-0.4040552,0.732345,-9.549823
IMU,323839599.0,1,0.0367168,-0.02380619,-0.02372173,-0.1340619,0.5584008,-10.38067
IMU,323880090.0,1,0.02320962,-0.03539785,0.002016925,-0.7846435,0.4532345,-9.404427
IMU,323919778.0,1,0.03187321,-0.05460401,0.05458222,-0.544412,0.05963856,-9.905357
IMU,323959586.0,1,-0.05932616,0.03878115,-0.0269957,0.471479,1.794783,-9.37243
IMU,323999962.0,1,-0.03086013,0.05573885,0.00478765,-1.16405,-1.554957,-9.557014
IMU,324041820.0,1,0.02488496,0.01375123,0.06764182,-0.4159746,0.5106008,-10.08955
IMU,324082485.0,1,-0.02210858,0.1162042,-0.02675165,1.892094,1.107687,-10.38721
IMU,324122396.0,1,0.02898585,0.1194386,-0.001505608,-0.6830284,-0.6315758,-9.808065
IMU,324162128.0,1,0.07005661,0.0555462,-0.05827529,-0.4076506,1.325016,-11.16153
IMU,324201891.0,1,0.1140884,0.07108833,-0.1656727,-0.973575,-3.026646,-4.243636
IMU,324245585.0,1,0.1047167,-0.02877478,-0.01254609,-0.6162215,1.06785,-1.052581
IMU,324286172.0,1,0.1307959,0.01988735,-0.07161901,-0.09636807,-0.1001781,-0.1481095
IMU,324325901.0,1,0.1303113,0.02987515,-0.1285815,-0.04697952,0.2651199,-0.1521792
IMU,324366107.0,1,0.1223026,0.03459564,-0.1418786,-0.1598179,0.03517049,-0.2801768
IMU,324405657.0,1,0.1147586,0.02796355,-0.158973,-0.1485352,0.1548027,-0.2210957
IMU,324448132.0,1,0.0865135,0.04212084,-0.1740947,-0.152331,0.08710123,-0.3364648
IMU,324488270.0,1,0.08200998,0.04818504,-0.1730913,-0.1374127,0.09433252,-0.3598722
IMU,324527873.0,1,0.08899861,0.04316891,-0.1776585,-0.1341639,0.09954813,-0.5879319
IMU,324567863.0,1,0.08280012,0.06427719,-0.1799645,-0.09813025,0.03028099,-0.7408408
IMU,324607855.0,1,0.0950511,0.09889607,-0.1773718,-0.1692236,0.1608563,-0.5383485
IMU,324654386.0,1,0.1002248,0.1251086,-0.1703099,-0.08033168,0.1951206,-0.7314347
IMU,324694472.0,1,0.1070525,0.13716,-0.1693874,-0.1228828,0.04702584,-0.8895565
IMU,324734891.0,1,0.11846,0.1444936,-0.176645,-0.07316171,0.1078526,-0.9578602
IMU,324775460.0,1,0.1217599,0.1565755,-0.1804138,-0.1106954,0.04608024,-1.11461
IMU,324816968.0,1,0.1172336,0.1599336,-0.1940936,-0.119215,-0.02021306,-1.221804
IMU,324857383.0,1,0.1069869,0.175184,-0.1939666,-0.1067699,0.02559263,-1.26957
IMU,324897882.0,1,0.1074304,0.1819707,-0.1981307,-0.09531116,0.09964114,-1.464025
IMU,324937895.0,1,0.09994522,0.1793713,-0.2001019,-0.1799602,-0.01671041,-1.548861
IMU,324977662.0,1,0.08169671,0.194204,-0.2143923,-0.1178199,0.014837,-1.661545
IMU,325018630.0,1,0.04932973,0.241941,-0.2270706,-0.08318999,0.03781634,-1.666113
IMU,325059899.0,1,0.001754825,0.2983468,-0.243461,-0.04227054,-0.1578692,-2.188262
IMU,325099506.0,1,-0.2501006,0.5800908,-0.2346756,-0.8175945,-0.07426412,-3.197469
IMU,325139628.0,1,-0.1930522,0.7175376,-0.284853,-4.67773,-2.390977,-9.342912
IMU,325179567.0,1,-0.575455,-3.242248,-0.3458672,7.025889,5.558103,-30.66748
IMU,325220118.0,1,0.02720279,-2.411721,-0.3043513,-4.861237,-0.3597749,0.285251
IMU,325261490.0,1,-0.001590727,-2.493541,-0.1448635,-1.395275,-0.5467196,2.770435
IMU,325301136.0,1,0.2650923,-2.554074,0.06116442,-1.665802,-0.1149993,1.308546
IMU,325341179.0,1,-0.09437652,-1.834872,0.1973116,-1.615639,-0.6303456,-0.8646352
IMU,325381383.0,1,-1.036635,-0.6883365,0.2337143,-2.055342,-0.8140927,-1.112453
IMU,325422486.0,1,-1.573841,0.5882223,0.1833795,-2.8534,-0.6638704,-1.838738
IMU,325461575.0,1,-1.48535,2.17178,0.1227639,-4.098594,0.1100881,-2.935342
IMU,325501533.0,1,-0.3393132,4.416677,0.09588753,-4.596353,2.978786,-4.543673
IMU,325541689.0,1,1.448249,6.434715,0.03111888,-1.804097,3.698386,-8.029629
IMU,325581924.0,1,1.742305,2.860751,0.1819184,30.11932,1.535477,-53.85889
IMU,325622448.0,1,0.3499279,-1.098879,0.4372977,2.935688,-2.194933,-9.901109
IMU,325661941.0,1,0.06057212,0.519348,-0.2254947,2.451883,-0.9839803,-7.542562
IMU,325701840.0,1,-0.3058681,0.1274823,-0.1261747,2.143417,0.8287085,-9.085499
IMU,325741495.0,1,0.03987294,-0.1018068,0.05371349,1.930148,0.3857913,-9.899343
IMU,325782454.0,1,-0.02864006,0.03670092,-0.01776627,1.64295,-0.02129629,-9.531243
IMU,325822618.0,1,0.008697818,-0.0172924,0.009035163,2.17475,0.2237802,-9.602864
IMU,325861616.0,1,-0.001668364,0.006051816,-0.006651112,1.781058,0.1394312,-9.607928
IMU,325901882.0,1,-0.0004631534,-0.00648506,0.0008979071,2.035036,0.3156408,-9.684519
IMU,325941531.0,1,-0.00519052,0.009386684,-0.001510863,1.81126,0.151141,-9.753121
IMU,325982190.0,1,0.00150963,-0.003936585,0.0009109016,2.083194,0.2081079,-9.620145
IMU,326022484.0,1,-0.001458034,0.005037719,0.0001328041,1.912412,0.1363283,-9.644508
IMU,326061635.0,1,0.0007346225,0.003188546,-0.0009836429,1.873313,0.2462127,-9.631592
IMU,326101872.0,1,0.000414016,0.002099053,-0.004141521,1.985373,0.1353761,-9.635758
IMU,326141651.0,1,-0.001367057,-0.001366922,-0.004197521,1.875046,0.1918604,-9.565812
IMU,326182163.0,1,-0.001424648,6.618354e-05,-0.003402603,1.916806,0.2052842,-9.642725
IMU,326222577.0,1,-0.001656885,0.003447366,0.0001640212,1.937536,0.1276798,-9.564913
IMU,326261771.0,1,0.001504781,0.000140533,0.0005596841,1.902017,0.2268636,-9.731992
IMU,326301782.0,1,-0.002776066,0.001790995,-0.002214165,1.940433,0.1377948,-9.558293
IMU,326342114.0,1,-0.001861409,0.001049638,-0.0009176245,1.891267,0.1440567,-9.634885
IMU,326382947.0,1,-0.003165541,-8.802478e-05,7.780329e-05,2.008635,0.09232282,-9.701909
IMU,326423463.0,1,-0.000123496,-0.003156298,-0.0005281547,2.026814,0.1691968,-9.750666
IMU,326463409.0,1,-0.001750902,0.003627331,-0.0009752558,1.976189,0.1851097,-9.713656
IMU,326503824.0,1,0.0001913503,-0.0003067751,-0.00186228,1.914953,0.1519071,-9.528949
IMU,326543873.0,1,-0.003077047,0.0005668435,0.0001955556,2.010128,0.207133,-9.584563
IMU,326584131.0,1,-0.00137174,-0.003908095,-0.004693322,1.946993,0.08092603,-9.568403
IMU,326624098.0,1,-0.001751642,0.001254999,-0.003901893,1.904616,0.1015732,-9.650287
IMU,326665440.0,1,-9.350595e-05,0.00234855,-0.0008592822,1.969886,0.1998319,-9.656936
IMU,326705850.0,1,-0.00197971,-0.0005728424,0.0002294905,1.982408,0.08472247,-9.623409
IMU,326745848.0,1,-0.001751553,-0.002964212,-0.004856473,2.011267,0.08467329,-9.510631
IMU,326786168.0,1,0.0004247749,-0.0003754212,-0.002852412,1.962391,0.1723339,-9.472558
IMU,326828096.0,1,-0.003050623,0.001135836,0.002765522,1.889195,0.1770278,-9.518245
IMU,326867794.0,1,-0.002010522,0.000268671,-0.001661006,1.929206,0.2553295,-9.52142
IMU,326907209.0,1,-0.0005661434,-0.005505161,-0.003392542,1.831346,0.2143607,-9.548382
IMU,326947190.0,1,-0.002420897,0.001201894,0.0005525992,1.953775,0.1578423,-9.610078
IMU,326988085.0,1,-0.0004576244,0.009447345,-0.002044946,1.949797,0.191671,-9.618722
IMU,327031395.0,1,-0.002605479,0.002769184,-0.000975279,1.963932,0.1856819,-9.56735
IMU,327071498.0,1,0.000203107,0.001114885,-0.003125215,1.956267,0.2772789,-9.61307
IMU,327111475.0,1,0.0001787743,-0.004606998,-0.002613729,1.983861,0.1799424,-9.561789
IMU,327151915.0,1,-0.001229641,-0.001054799,0.002070345,1.900406,0.2961653,-9.653942
IMU,327191430.0,1,-0.0001901682,-0.008426365,-0.006378692,1.952773,0.1083744,-9.536839
IMU,323269877.0,2,0.08214714,0.0762497,0.04811332,-1.162166,0.2519084,-9.627646
IMU,323309653.0,2,0.0770684,0.01795492,0.03771022,-0.5168299,0.312634,-8.118263
IMU,323349966.0,2,-0.07818685,0.0663764,0.008734597,0.07046549,0.2017291,-9.388621
IMU,323390666.0,2,-0.1000143,0.1224751,0.009838157,-0.5329399,0.05784579,-10.1757
IMU,323434417.0,2,-0.0731755,0.1297178,0.07552586,-0.6462319,0.2665456,-10.93856
IMU,323474202.0,2,-0.1023506,0.133018,0.02264748,-0.02867347,0.09220971,-10.99581
IMU,323514272.0,2,-0.1213968,0.1947015,0.003870299,-0.03434727,0.5949734,-9.315302
IMU,323555365.0,2,-0.07407996,0.1485092,0.01533183,-0.3523711,-0.5283891,-9.800234
IMU,323595596.0,2,-0.009502986,0.07459246,0.06057555,-0.8076382,0.9200528,-10.43564
IMU,323635917.0,2,-0.09484033,0.11774,0.02689925,-0.03828862,0.4512321,-7.655608
IMU,323677184.0,2,-0.04445067,0.05675382,-0.03325855,-0.1280941,0.1432827,-8.995798
IMU,323717113.0,2,0.01903587,-0.02088747,0.04428967,-0.3970907,0.4329768,-9.87324
IMU,323757084.0,2,-0.03246425,-0.02392074,0.02369365,-0.3176204,1.513855,-10.75379
IMU,323797191.0,2,-0.01994955,-0.07181192,0.03064694,-0.392731,0.9038903,-8.956402
IMU,323839599.0,2,0.07113823,-0.0410037,0.0001285022,-0.7555905,0.7097704,-9.704562
IMU,323880090.0,2,0.06930915,-0.02116722,0.02168054,-0.2682446,0.4414313,-9.329172
IMU,323919778.0,2,0.01694505,-0.03171897,0.04155152,0.04322504,-0.3982447,-8.204396
IMU,323959586.0,2,-0.008390795,0.03661146,-0.01843962,-0.1137109,0.2799034,-9.39546
IMU,323999962.0,2,-0.02327579,0.06576252,0.004505389,-0.9965335,0.4655727,-10.19072
IMU,324041820.0,2,-0.02294156,0.04288012,0.03625692,-0.4145553,0.2520761,-10.46527
IMU,324082485.0,2,0.08490268,0.09338486,-0.04952681,0.3836541,0.2861568,-10.05019
IMU,324122396.0,2,0.03549234,0.147492,-0.001493647,-0.4168833,0.3487877,-9.855662
IMU,324162128.0,2,0.0922768,0.06151977,0.01428761,-1.127168,0.1392775,-10.05024
IMU,324201891.0,2,0.1160987,0.08643322,-0.1638909,-0.9794859,-0.3285376,-4.778395
IMU,324245585.0,2,0.1555156,-0.01184031,-0.02600904,-0.4429167,0.501157,-1.367755
IMU,324286172.0,2,0.1653401,0.02877132,-0.09107507,-0.03288249,-0.05529664,-0.4650225
IMU,324325901.0,2,0.1673649,0.03595988,-0.1538385,-0.02483939,0.1483049,-0.2211382
IMU,324366107.0,2,0.158368,0.03902093,-0.1673805,-0.03741923,0.0853316,-0.2988604
IMU,324405657.0,2,0.1490655,0.03206529,-0.1842993,-0.05443869,0.09767827,-0.484433
IMU,324448132.0,2,0.1269886,0.04575368,-0.1937262,-0.05244277,0.1075556,-0.3832532
IMU,324488270.0,2,0.1228382,0.04701518,-0.1977077,-0.02864045,0.1245772,-0.4832522
IMU,324527873.0,2,0.1271038,0.04537246,-0.2007699,-0.04286806,0.1025176,-0.5761961
IMU,324567863.0,2,0.1223107,0.06858073,-0.2026784,-0.0668748,0.07683965,-0.6141439
IMU,324607855.0,2,0.1341887,0.1028152,-0.1992038,-0.05722419,0.1071058,-0.6878529
IMU,324654386.0,2,0.1366532,0.1349555,-0.1915461,-0.05848486,0.08345052,-0.816701
IMU,324694472.0,2,0.1435084,0.152762,-0.1931342,-0.05679892,0.09431212,-0.9568805
IMU,324734891.0,2,0.1524274,0.1595524,-0.2004731,-0.0411614,0.09674302,-1.10042
IMU,324775460.0,2,0.1562396,0.1680886,-0.2055643,-0.02509287,0.07603309,-1.204296
IMU,324816968.0,2,0.1523911,0.1853748,-0.2199581,-0.0142444,0.07318155,-1.285705
IMU,324857383.0,2,0.1503231,0.195634,-0.2204379,0.001952757,0.05810372,-1.390484
IMU,324897882.0,2,0.1455031,0.203887,-0.2231559,-0.01076688,0.0487295,-1.497135
IMU,324937895.0,2,0.1400258,0.2052322,-0.2271462,-0.02167621,0.05302782,-1.620566
IMU,324977662.0,2,0.1185359,0.2280125,-0.2375857,-0.0106595,0.02506921,-1.790404
IMU,325018630.0,2,0.08680264,0.285064,-0.2516338,-0.01251198,0.01995347,-1.857884
IMU,325059899.0,2,0.01884905,0.3377373,-0.2612141,0.01680191,-0.02698212,-2.138694
IMU,325099506.0,2,-0.235943,0.626306,-0.2453618,-0.6522372,-0.1125431,-3.394918
IMU,325139628.0,2,-0.2265587,0.8899893,-0.2867306,-3.714108,-2.011518,-11.01217
IMU,325179567.0,2,0.145739,-5.030641,0.1874756,-3.762168,-6.938861,-36.95472
IMU,325220118.0,2,0.05563477,-2.499035,-0.336287,-4.653881,0.6321586,-0.3430178
IMU,325261490.0,2,-0.005436727,-2.596522,-0.1611063,-1.339534,-0.4527835,2.482626
IMU,325301136.0,2,0.2622013,-2.651522,0.06558885,-1.730941,-0.04093043,1.165301
IMU,325341179.0,2,-0.1378921,-1.865406,0.2461537,-1.529458,-0.4172847,-1.073909
IMU,325381383.0,2,-1.067707,-0.6955157,0.3253401,-1.733886,-0.6794003,-1.779129
IMU,325422486.0,2,-1.582707,0.7031274,0.2834684,-2.569857,-0.672878,-2.420109
IMU,325461575.0,2,-1.440415,2.372329,0.2019877,-3.778838,-0.0300277,-3.674162
IMU,325501533.0,2,-0.2263472,4.646259,0.1050233,-4.480134,2.431362,-5.38243
IMU,325541689.0,2,1.614543,6.667897,-0.06082041,-2.036764,3.78329,-8.601865
IMU,325581924.0,2,1.352296,2.225908,-0.1226853,20.38866,2.139121,-43.24311
IMU,325622448.0,2,0.3697264,-1.006005,0.42079,4.09705,-3.046739,-11.43967
IMU,325661941.0,2,0.0884813,0.5664145,-0.2563649,2.408091,-1.357441,-7.776396
IMU,325701840.0,2,-0.29878,0.1300597,-0.1199437,2.113945,0.7975691,-8.972484
IMU,325741495.0,2,0.06870511,-0.09637352,0.04763356,1.87556,0.2897299,-10.0224
IMU,325782454.0,2,-0.03153091,0.03789972,-0.02159965,1.667326,-0.1071163,-9.800773
IMU,325822618.0,2,0.01064598,-0.01206478,0.003041797,2.270161,0.1268284,-9.61867
IMU,325861616.0,2,-0.002730234,0.007717151,-0.006224795,1.749816,0.08754412,-9.710054
IMU,325901882.0,2,0.001245142,-0.006071111,-0.004616037,2.057346,0.1594955,-9.69684
IMU,325941531.0,2,-0.003745795,0.007252541,-0.00639092,1.863435,0.07235771,-9.714622
IMU,325982190.0,2,0.001182506,-0.003965877,-0.001620513,2.035311,0.1230866,-9.690941
IMU,326022484.0,2,-0.003328502,0.004379182,-0.003713619,1.935169,0.08905198,-9.712998
IMU,326061635.0,2,0.001052773,-0.002530051,-0.004246586,1.954508,0.1115873,-9.679118
IMU,326101872.0,2,-0.002352112,0.001997705,-0.003162977,1.949756,0.09767938,-9.679446
IMU,326141651.0,2,-0.0008098633,-0.0008128766,-0.002915172,1.953749,0.09543631,-9.695342
IMU,326182163.0,2,-0.001652272,-0.0001488567,-0.002050547,1.966389,0.1072954,-9.693822
IMU,326222577.0,2,-0.002100719,0.001472785,-0.003356875,1.955433,0.1196391,-9.688947
IMU,326261771.0,2,-0.001194073,-0.001250021,-0.0028251,1.953585,0.09889824,-9.681714
IMU,326301782.0,2,-0.001773742,0.0008518806,-0.003160719,1.949551,0.1115619,-9.702419
IMU,326342114.0,2,7.234167e-05,0.0008146658,-0.00521066,1.956826,0.1054789,-9.711486
IMU,326382947.0,2,-0.001769993,-0.0001732443,-0.002110109,1.955649,0.1050123,-9.672359
IMU,326423463.0,2,-0.002351069,-2.537717e-05,-0.00340508,1.962517,0.1136801,-9.693712
IMU,326463409.0,2,-0.0009436765,0.0008286251,-0.002954575,1.964456,0.1001113,-9.703903
IMU,326503824.0,2,-0.001417547,-0.002735173,-0.003244495,1.944048,0.1038843,-9.694098
IMU,326543873.0,2,-0.0008973638,0.001826646,-0.003811998,1.962986,0.1149988,-9.68533
IMU,326584131.0,2,-0.001555238,-0.0008070942,-0.003451076,1.955088,0.097372,-9.684457
IMU,326624098.0,2,-0.0004772727,-0.0007755788,-0.003910922,1.962867,0.1053151,-9.715446
IMU,326665440.0,2,-0.001021883,0.0008728385,-0.003405247,1.961915,0.1175159,-9.692562
IMU,326705850.0,2,-0.001831686,0.001250022,-0.003467766,1.972802,0.09661017,-9.701413
IMU,326745848.0,2,-0.0006157194,-4.920991e-05,-0.004651323,1.952524,0.1154737,-9.687963
IMU,326786168.0,2,-0.001271068,-0.0001108048,-0.003911822,1.956239,0.1128733,-9.710161
IMU,326828096.0,2,-0.0009824545,-0.0003811748,-0.004656565,1.951053,0.1079368,-9.702835
IMU,326867794.0,2,-0.0008997567,0.0005653292,-0.004588474,1.951103,0.1144031,-9.709057
IMU,326907209.0,2,-0.0008657831,-0.0001779993,-0.003118878,1.9591,0.09717069,-9.711574
IMU,326947190.0,2,-0.001340171,0.0001000773,-0.00466189,1.961485,0.09997491,-9.675835
IMU,326988085.0,2,-0.001465915,3.204275e-05,-0.002732689,1.947137,0.1133237,-9.702765
IMU,327031395.0,2,-0.001360843,0.0007954994,-0.003326302,1.961689,0.1066144,-9.703816
IMU,327071498.0,2,-0.0002216407,9.50525e-05,-0.00280506,1.947723,0.1131798,-9.6497
IMU,327111475.0,2,-0.001365532,0.000107649,-0.004015712,1.945659,0.104876,-9.707221
IMU,327151915.0,2,-0.0008022469,-0.0008384721,-0.003286499,1.974187,0.1009618,-9.706509
IMU,327191430.0,2,-0.001785715,0.001042066,-0.004648871,1.968977,0.1131679,-9.662612
