ARM,396242037.0,0.0
AHR2,395221075.0,-2.28,-2.91,155.52,466.85,43.2382746,-7.6818119
AHR2,395321066.0,-2.37,-3.36,154.87,466.74,43.2382724,-7.6818106
AHR2,395423700.0,-2.3,-3.56,154.53,466.77,43.2382705,-7.6818096
AHR2,395523680.0,-1.83,-4.14,154.45,466.76,43.2382684,-7.6818084
AHR2,395625794.0,-2.1,-4.63,155.03,466.61,43.2382667,-7.6818068
AHR2,395726181.0,-2.53,-4.48,155.67,466.61,43.2382646,-7.6818056
AHR2,395827874.0,-2.56,-4.37,156.03,466.15,43.2382636,-7.6818047
AHR2,395927995.0,-3.34,-3.75,156.39,466.06,43.2382615,-7.6818036
AHR2,396030037.0,-3.41,-3.2,155.84,466.27,43.2382587,-7.6818012
AHR2,396130590.0,-3.03,-2.58,155.7,466.45,43.2382567,-7.6817999
AHR2,396232704.0,-3.15,-1.57,155.31,466.65,43.2382552,-7.6817982
AHR2,396333080.0,-2.9,-1.14,155.19,466.24,43.2382532,-7.6817969
AHR2,396434727.0,-2.51,-1.01,154.48,465.32,43.2382515,-7.681795
AHR2,396534755.0,-2.06,-1.07,153.43,465.48,43.2382497,-7.6817935
AHR2,396636371.0,-2.07,-0.93,152.26,465.41,43.2382479,-7.6817918
AHR2,396736249.0,-1.84,-0.13,151.03,465.33,43.2382461,-7.6817904
AHR2,396837578.0,-1.5,1.71,149.64,465.06,43.2382448,-7.6817892
AHR2,396937701.0,-1.02,4.28,148.1,464.86,43.238243,-7.6817878
AHR2,397038737.0,-0.59,7.11,146.51,464.61,43.2382409,-7.6817863
AHR2,397138791.0,-1.96,2.78,145.29,464.08,43.2382391,-7.681785
AHR2,397240180.0,1.39,-18.43,144.53,462.24,43.2382371,-7.6817838
AHR2,397340525.0,0.96,-28.32,140.0,461.79,43.2382354,-7.6817826
AHR2,397440839.0,-2.38,-10.66,139.32,462.06,43.2382386,-7.6817913
AHR2,397541067.0,-12.65,5.29,138.66,461.89,43.2382385,-7.6817935
AHR2,397641756.0,-11.46,0.94,138.44,461.96,43.2382382,-7.6817882
AHR2,397741575.0,-11.52,1.71,138.56,461.95,43.2382381,-7.6817879
AHR2,397842038.0,-11.42,1.81,138.61,462.17,43.2382383,-7.6817888
AHR2,397942237.0,-11.36,1.78,138.64,462.08,43.2382383,-7.6817891
AHR2,398042560.0,-11.3,1.79,138.67,461.81,43.2382381,-7.6817889
AHR2,398142534.0,-11.23,1.81,138.7,462.06,43.238238,-7.6817891
AHR2,398242497.0,-11.17,1.83,138.73,462.04,43.238238,-7.6817888
AHR2,398343045.0,-11.1,1.85,138.76,461.99,43.2382379,-7.6817889
AHR2,398444732.0,-11.04,1.87,138.79,462.06,43.2382381,-7.6817886
AHR2,398545078.0,-10.98,1.89,138.81,461.96,43.2382381,-7.6817886
AHR2,398646695.0,-10.93,1.91,138.84,461.87,43.2382381,-7.6817883
AHR2,398746765.0,-10.87,1.93,138.86,461.78,43.2382382,-7.6817884
AHR2,398848570.0,-10.82,1.95,138.89,462.1,43.2382386,-7.681788
AHR2,398949131.0,-10.76,1.96,138.91,462.0,43.2382386,-7.6817881
AHR2,399050594.0,-10.71,1.98,138.93,462.14,43.2382387,-7.6817878
ATT,395220494.0,-2.912868,-2.581406,-4.875497,-3.138967,151.6931,152.7252
ATT,395320466.0,-2.909555,-2.645891,-5.207038,-3.619536,151.7013,152.0651
ATT,395423041.0,-2.872413,-2.606829,-5.448002,-3.82507,151.7057,151.7256
ATT,395523047.0,-2.945296,-2.187436,-5.562272,-4.417597,151.7121,151.6487
ATT,395625093.0,-3.124002,-2.444378,-5.542066,-4.908095,151.7203,152.2112
ATT,395725572.0,-3.294406,-2.822826,-5.175625,-4.769381,151.718,152.8385
ATT,395827165.0,-3.599839,-2.825995,-4.554975,-4.659112,151.7122,153.1849
ATT,395927419.0,-3.802555,-3.65688,-4.101104,-4.011168,151.7052,153.535
ATT,396029317.0,-3.694242,-3.706966,-3.556771,-3.42786,151.6838,152.9721
ATT,396130039.0,-3.448821,-3.267613,-2.817858,-2.771753,151.6539,152.824
ATT,396232041.0,-3.318158,-3.355678,-2.041954,-1.772098,151.6282,152.4218
ATT,396332425.0,-1.937863,-3.082059,-1.087996,-1.369859,152.3513,152.3053
ATT,396434004.0,-0.9787105,-2.70971,-0.5494875,-1.192811,151.6817,151.6413
ATT,396534176.0,-0.4985605,-2.313643,-0.2799118,-1.174124,150.6688,150.6344
ATT,396635740.0,-0.2518056,-2.237245,-0.1413736,-0.8780171,149.5333,149.5
ATT,396735695.0,-0.1285587,-1.853638,-0.07217794,0.1180078,148.3273,148.2997
ATT,396836969.0,-0.06522567,-1.360348,-0.03662025,2.206019,146.966,146.9457
ATT,396937159.0,-0.03320056,-0.7176411,-0.01864009,5.042206,145.4651,145.4543
ATT,397038211.0,-0.01682886,-0.1919493,-0.009448374,8.081951,143.918,143.9151
ATT,397138275.0,-0.008591741,-1.553927,-0.004823736,3.941349,142.6777,142.6545
ATT,397239566.0,-0.004345227,1.555744,-0.002439579,-16.46243,141.7863,141.8104
ATT,397339912.0,-0.002218415,0.6714901,-0.001245504,-25.40275,137.1908,137.2018
ATT,397440147.0,-0.001128829,-3.769789,-0.0006337682,-6.856169,136.7105,136.654
ATT,397540499.0,-0.0005748359,-15.26225,-0.0003227351,9.998668,136.0394,135.8111
ATT,397641211.0,-0.0003455926,-14.42006,-0.0001940291,5.610363,136.0574,135.8437
ATT,397741006.0,-0.0003395748,-14.69503,-0.0001906504,6.128416,136.0886,135.8707
ATT,397841441.0,-0.0003395747,-14.69501,-0.0001906503,6.159172,136.062,135.8441
ATT,397941588.0,-0.0003327944,-14.68585,-0.0001868436,6.166106,136.0154,135.7977
ATT,398041950.0,-0.0003203575,-14.66179,-0.000179861,6.180792,135.9289,135.7115
ATT,398141800.0,-0.0003203574,-14.63259,-0.000179861,6.19863,135.8481,135.631
ATT,398241773.0,-0.0003203575,-14.60324,-0.000179861,6.220423,135.7124,135.4958
ATT,398342367.0,-0.0003203574,-14.56999,-0.000179861,6.23954,135.5915,135.3754
ATT,398444038.0,-0.0003063465,-14.50712,-0.0001719947,6.275595,135.2749,135.0597
ATT,398544426.0,-0.0003002461,-14.4429,-0.0001685698,6.313814,134.9409,134.7266
ATT,398646071.0,-0.0002939909,-14.35496,-0.0001650578,6.364689,134.4861,134.273
ATT,398746172.0,-0.0002939909,-14.28777,-0.0001650578,6.400629,134.1463,133.9342
ATT,398847971.0,-0.0002814544,-14.22315,-0.0001580193,6.431109,133.8437,133.6325
ATT,398948450.0,-0.0002814544,-14.16027,-0.0001580193,6.461086,133.5576,133.3474
ATT,399050033.0,-0.0002754538,-14.09187,-0.0001546503,6.48832,133.2662,133.057
BARO,395230569.0,0,2.977173,466.5771,96945.94
BARO,395331054.0,0,3.005432,466.6054,96945.65
BARO,395433372.0,0,2.996948,466.5969,96945.73
BARO,395533201.0,0,2.841553,466.4415,96947.43
BARO,395635552.0,0,2.847198,466.4472,96947.35
BARO,395736099.0,0,2.383789,465.9838,96952.38
BARO,395837210.0,0,2.296173,465.8961,96953.32
BARO,395937396.0,0,2.508118,466.1081,96951.02
BARO,396039802.0,0,2.683319,466.2833,96949.13
BARO,396140517.0,0,2.889587,466.4896,96946.89
BARO,396242267.0,0,2.47702,466.077,96951.38
BARO,396342988.0,0,1.553009,465.153,96961.41
BARO,396444203.0,0,1.716919,465.3169,96959.63
BARO,396544975.0,0,1.643433,465.2434,96960.41
BARO,396645519.0,0,1.569977,465.17,96961.22
BARO,396745689.0,0,1.29306,464.893,96964.23
BARO,396846976.0,0,1.098083,464.6981,96966.34
BARO,396947022.0,0,0.8409424,464.4409,96969.14
BARO,397048387.0,0,0.3153687,463.9153,96974.84
BARO,397148738.0,0,-1.529846,462.0701,96994.87
BARO,397249532.0,0,-1.979126,461.6208,96999.75
BARO,397350014.0,0,-1.705048,461.8949,96996.79
BARO,397450528.0,0,-1.877411,461.7226,96998.66
BARO,397550582.0,0,-1.809601,461.7904,96997.91
BARO,397650827.0,0,-1.812408,461.7876,96997.93
BARO,397750774.0,0,-1.59201,462.008,96995.56
BARO,397851446.0,0,-1.685242,461.9147,96996.55
BARO,397951492.0,0,-1.956512,461.6435,96999.51
BARO,398051720.0,0,-1.702209,461.8978,96996.74
BARO,398151738.0,0,-1.721985,461.878,96996.97
BARO,398251798.0,0,-1.772858,461.8271,96997.52
BARO,398352258.0,0,-1.707855,461.8921,96996.8
BARO,398454591.0,0,-1.806763,461.7932,96997.88
BARO,398554518.0,0,-1.894348,461.7056,96998.83
BARO,398656570.0,0,-1.981964,461.618,96999.79
BARO,398756078.0,0,-1.668304,461.9317,96996.37
BARO,398858719.0,0,-1.761536,461.8384,96997.4
BARO,398958686.0,0,-1.625916,461.9741,96995.92
BARO,395230569.0,1,3.056305,466.6563,96925.82
BARO,395331054.0,1,3.115631,466.7156,96925.2
BARO,395433372.0,1,3.118469,466.7184,96925.16
BARO,395533201.0,1,3.449066,467.049,96921.56
BARO,395635552.0,1,2.810455,466.4104,96928.49
BARO,395736099.0,1,2.448761,466.0487,96932.44
BARO,395837210.0,1,2.183167,465.7831,96935.31
BARO,395937396.0,1,2.621155,466.2211,96930.55
BARO,396039802.0,1,2.725708,466.3257,96929.41
BARO,396140517.0,1,2.917847,466.5178,96927.34
BARO,396242267.0,1,2.513763,466.1137,96931.72
BARO,396342988.0,1,1.538879,465.1389,96942.3
BARO,396444203.0,1,1.634979,465.235,96941.27
BARO,396544975.0,1,1.971222,465.5712,96937.61
BARO,396645519.0,1,1.685822,465.2858,96940.71
BARO,396745689.0,1,1.51062,465.1106,96942.6
BARO,396846976.0,1,1.343903,464.9439,96944.42
BARO,396947022.0,1,0.9709167,464.5709,96948.46
BARO,397048387.0,1,0.289917,463.8899,96955.87
BARO,397148738.0,1,-2.275818,461.3242,96983.72
BARO,397249532.0,1,-1.75589,461.8441,96978.06
BARO,397350014.0,1,-1.68808,461.9119,96977.32
BARO,397450528.0,1,-1.775665,461.8243,96978.3
BARO,397550582.0,1,-1.832184,461.7678,96978.89
BARO,397650827.0,1,-1.767212,461.8328,96978.2
BARO,397750774.0,1,-1.801117,461.7989,96978.57
BARO,397851446.0,1,-1.580688,462.0193,96976.19
BARO,397951492.0,1,-1.801117,461.7989,96978.57
BARO,398051720.0,1,-1.501587,462.0984,96975.33
BARO,398151738.0,1,-1.784149,461.8158,96978.37
BARO,398251798.0,1,-1.656982,461.943,96976.99
BARO,398352258.0,1,-1.642883,461.9571,96976.86
BARO,398454591.0,1,-1.628754,461.9712,96976.71
BARO,398554518.0,1,-1.62027,461.9797,96976.61
BARO,398656570.0,1,-1.699371,461.9006,96977.45
BARO,398756078.0,1,-1.789795,461.8102,96978.43
BARO,398858719.0,1,-1.484619,462.1154,96975.12
BARO,398958686.0,1,-1.623077,461.9769,96976.63
GPS,395154545.0,4,24,43.2382785,-7.6818142,465.81,2.611,-0.059,0.0
GPS,395356245.0,4,24,43.2382744,-7.6818116,465.83,2.556,-0.103,0.0
GPS,395558472.0,4,24,43.2382704,-7.681809,465.86,2.497,-0.021,0.0
GPS,395800747.0,4,24,43.2382665,-7.6818064,465.86,2.465,0.07,0.0
GPS,395962561.0,4,24,43.2382625,-7.6818035,465.83,2.528,0.138,0.0
GPS,396166065.0,4,24,43.2382587,-7.6818007,465.82,2.427,0.15,0.0
GPS,396368598.0,4,24,43.2382549,-7.6817976,465.76,2.395,0.191,0.0
GPS,396569215.0,4,24,43.2382513,-7.6817945,465.5,2.386,2.338,0.0
GPS,396791605.0,4,24,43.2382477,-7.6817915,464.83,2.326,4.118,0.0
GPS,396972214.0,4,24,43.2382441,-7.6817886,463.82,2.232,5.884,0.0
GPS,397153704.0,4,24,43.2382406,-7.6817863,462.57,2.169,6.77,0.0
GPS,397355201.0,4,24,43.2382387,-7.6817871,461.88,1.717,0.049,0.0
GPS,397556439.0,4,22,43.2382385,-7.6817888,461.9,0.314,-0.122,0.0
GPS,397776540.0,4,24,43.2382383,-7.6817885,461.98,0.178,-0.791,0.0
GPS,397957200.0,4,23,43.2382382,-7.6817887,462.08,0.136,-0.613,0.0
GPS,398157510.0,4,22,43.2382381,-7.6817887,462.13,0.121,-0.337,0.0
GPS,398358115.0,4,24,43.2382381,-7.6817886,462.13,0.011,-0.205,0.0
GPS,398560425.0,4,24,43.2382381,-7.6817882,462.16,0.082,-0.106,0.0
GPS,398781377.0,4,24,43.2382386,-7.6817879,462.1,0.068,-0.011,0.0
IMU,395163041.0,0,-0.09892027,0.1027866,-0.05015302,-0.6857851,-0.5741447,-8.757544
IMU,395203599.0,0,-0.1034035,-0.1095701,-0.1074751,-1.064123,0.1254611,-9.99819
IMU,395243015.0,0,-0.07796191,-0.1379349,-0.1322089,-0.3255276,0.6848792,-9.807402
IMU,395283157.0,0,-0.1664213,-0.01866411,-0.1047414,-0.5521897,-0.8037596,-9.149714
IMU,395323565.0,0,0.08084197,-0.06491431,-0.1758728,-0.9923094,-0.05962379,-9.933116
IMU,395367735.0,0,0.0408103,-0.1499714,-0.01900523,-1.140212,-0.3611247,-8.90528
IMU,395408081.0,0,0.1172907,-0.1394876,-0.02008124,-0.7770154,1.636371,-9.794249
IMU,395448500.0,0,-0.01098144,-0.0361476,0.01800984,-0.08491923,0.7633346,-8.227975
IMU,395488741.0,0,-0.06529498,-0.08341451,0.08840025,-1.327534,-0.3778856,-8.644668
IMU,395528048.0,0,0.06762499,-0.09425646,0.07998025,-1.050547,1.08708,-9.341859
IMU,395569961.0,0,-0.08528252,-0.1239375,0.08977088,-0.2448913,1.352158,-9.32677
IMU,395609789.0,0,-0.09776319,-0.04343789,0.1529387,-1.534714,-0.9265138,-8.770511
IMU,395650367.0,0,-0.04832941,-0.08356544,0.03715124,-0.865239,0.2899605,-9.390819
IMU,395690487.0,0,-0.04429885,0.06860672,0.05311285,-0.2053901,0.5142318,-9.502436
IMU,395730729.0,0,0.03228417,0.1211278,0.1077448,-0.9991969,-0.613561,-9.474716
IMU,395770771.0,0,0.09295359,-0.04808386,0.03519256,-0.05879285,1.182847,-9.890135
IMU,395812123.0,0,-0.2220169,0.04522181,0.1026072,-1.349391,-0.8884358,-8.820107
IMU,395852243.0,0,-0.2076763,0.03287312,0.08217032,-0.7576743,1.773233,-9.007971
IMU,395892766.0,0,-0.1330605,0.1384559,0.03865523,-0.8462383,-0.6092154,-9.038337
IMU,395932697.0,0,-0.1132941,0.09980198,-0.09793597,0.106208,0.2793735,-10.29908
IMU,395974045.0,0,-0.01695882,0.1143778,-0.01983232,-0.7072626,1.566918,-8.918539
IMU,396014485.0,0,-0.05074844,0.1280086,0.01253952,-1.668111,-0.4877663,-9.337181
IMU,396054318.0,0,0.1334326,-0.006407675,-0.05659123,-0.9234769,1.065385,-9.550798
IMU,396095067.0,0,0.07136571,0.1468298,-0.01606144,-0.7570497,0.03985387,-9.103734
IMU,396134977.0,0,0.02032295,0.1987355,-0.08497091,-0.7747409,-0.499821,-10.24958
IMU,396180448.0,0,-0.1473062,0.1601045,0.02052376,-1.169875,-0.7618349,-9.46609
IMU,396219734.0,0,-0.04690442,0.1591314,-0.05610266,-0.3273575,0.8727131,-9.74629
IMU,396259573.0,0,-0.05959449,0.1945214,-0.05176612,-0.3224171,0.1983481,-9.494276
IMU,396299987.0,0,-0.005917005,0.0132425,0.002090591,-0.49873,0.2987878,-1.644378
IMU,396340473.0,0,0.08223777,0.07447313,-0.03682408,0.08569286,0.3769134,-1.487924
IMU,396384047.0,0,0.07248225,0.01912008,-0.1047206,-0.02593393,-0.03492199,-0.6154483
IMU,396423778.0,0,0.07981879,0.007019715,-0.1447631,-0.1724412,0.2261029,-0.3291544
IMU,396464017.0,0,0.05805676,-0.01282546,-0.1775426,-0.1157622,0.1620984,-0.3514132
IMU,396504585.0,0,0.08409651,0.01537212,-0.1796226,-0.2383144,0.08019363,-0.3377637
IMU,396546540.0,0,0.04171943,0.03479753,-0.1862866,-0.197465,0.0521936,-0.5036686
IMU,396588687.0,0,0.00619884,0.04953915,-0.1946256,-0.2012502,0.1193707,-0.495336
IMU,396628427.0,0,0.01651397,0.0795569,-0.1950892,-0.2151199,0.1717243,-0.5600367
IMU,396668035.0,0,0.05250626,0.1318806,-0.2004317,-0.2405082,0.1852623,-0.6145686
IMU,396708060.0,0,0.08458509,0.1964099,-0.2058868,-0.293936,0.1912865,-0.7293842
IMU,396748030.0,0,0.09286764,0.2781298,-0.2164728,-0.2821775,0.1580173,-0.8717951
IMU,396788820.0,0,0.0935785,0.3549794,-0.2268998,-0.2345585,0.1606838,-1.019575
IMU,396829698.0,0,0.1027351,0.4310111,-0.2314659,-0.1861374,0.1673487,-1.123487
IMU,396869634.0,0,0.1165305,0.4720419,-0.2432311,-0.1585007,0.1659503,-1.234264
IMU,396909682.0,0,0.1398722,0.5038381,-0.2534545,-0.1490077,0.1568464,-1.274729
IMU,396950028.0,0,0.1687046,0.5382999,-0.2607405,-0.1281648,0.1239245,-1.370029
IMU,396990743.0,0,0.1810535,0.5664483,-0.2734873,-0.0489022,0.07521519,-1.568611
IMU,397030589.0,0,0.05056011,0.4764102,-0.2563866,-0.2006589,-0.02549443,-2.278489
IMU,397070771.0,0,-0.5042802,0.7673697,-0.2712413,-1.306091,-2.310156,-11.20314
IMU,397110519.0,0,3.187886,-1.313221,0.4599779,3.359545,-38.63906,-13.78932
IMU,397151489.0,0,0.9280151,-2.393206,0.1980074,-0.2831478,-0.4283859,6.99455
IMU,397192138.0,0,0.4300357,-3.761192,-0.03056042,-1.330633,-1.550565,3.802513
IMU,397232227.0,0,-0.1463849,-4.009302,-0.3514124,-0.8742231,-1.57876,0.7165927
IMU,397272538.0,0,-0.08251334,-2.972553,-0.7005836,-1.424718,-1.985737,-0.9376355
IMU,397311805.0,0,-0.6256632,-1.108985,-0.7803077,-4.048027,-2.991596,-3.804679
IMU,397352677.0,0,-0.8370407,1.079227,-0.4678062,-8.144497,-3.349418,-4.948029
IMU,397392506.0,0,-0.5375969,2.995949,-0.1186845,-6.842772,-2.775994,-6.082729
IMU,397432832.0,0,-1.095319,4.379284,0.3213598,-3.236614,-1.907998,-6.665178
IMU,397472735.0,0,-2.10809,4.695147,0.4817451,0.940354,-1.790271,-10.07872
IMU,397512701.0,0,-2.806958,3.305834,0.3006745,8.022837,2.199722,-15.77393
IMU,397553007.0,0,0.02601559,-2.083676,-0.367234,2.990781,3.019615,-10.31707
IMU,397593439.0,0,0.257307,-0.9961947,-0.2862298,-2.219602,1.514579,-7.557721
IMU,397633464.0,0,0.03177515,0.3146787,0.03660897,0.3976163,1.755468,-8.970801
IMU,397674025.0,0,-0.1470582,0.2983906,0.08129444,0.9281008,0.9948357,-10.66096
IMU,397713439.0,0,0.009951566,-0.1101818,-0.02580864,0.5333728,1.979816,-9.962933
IMU,397753758.0,0,0.004896039,0.03938236,0.01770547,0.900212,1.358902,-9.209028
IMU,397794075.0,0,0.004779927,-0.02433818,-0.008255797,0.4670347,1.526968,-9.876728
IMU,397833982.0,0,-0.0007691135,0.01112524,0.008129465,0.7765262,1.435914,-9.539803
IMU,397874516.0,0,0.002027423,-0.004171596,-0.001525605,0.5744135,1.522031,-9.656243
IMU,397914160.0,0,0.001279213,-0.0004037739,0.002224374,0.6929833,1.432662,-9.629763
IMU,397954022.0,0,0.001525089,-0.001315821,0.0001345845,0.6315249,1.495714,-9.657843
IMU,397995189.0,0,0.0009994293,-0.001399209,0.001271053,0.6513105,1.463585,-9.599959
IMU,398034734.0,0,0.002909858,-0.002111597,0.0005146742,0.6440144,1.487475,-9.6436
IMU,398074248.0,0,0.002314828,-0.001563106,0.0003530206,0.6501244,1.48263,-9.64297
IMU,398114488.0,0,0.004839173,-0.0002071838,0.0004183688,0.6489761,1.473931,-9.649303
IMU,398154243.0,0,0.001988452,-0.0003215697,0.000701458,0.6533847,1.477055,-9.642491
IMU,398194994.0,0,0.001802895,-4.627478e-05,-0.0006473922,0.6397077,1.486158,-9.626714
IMU,398234693.0,0,0.004259977,-0.001710807,-0.0001207565,0.6479211,1.47587,-9.627543
IMU,398274430.0,0,0.002638529,-0.0009023717,0.0001382233,0.6337801,1.478981,-9.643523
IMU,398314276.0,0,0.003359623,-0.0007627662,-0.0002224358,0.6384146,1.466564,-9.623618
IMU,398354968.0,0,0.001771461,-0.001946331,0.001645566,0.6577293,1.481146,-9.63905
IMU,398396109.0,0,0.003320422,-0.002250111,0.001680373,0.6553652,1.470806,-9.643749
IMU,398436212.0,0,0.001880726,0.0007173436,-0.0002873317,0.6459074,1.466059,-9.64667
IMU,398476708.0,0,0.001528005,0.0006012419,0.0005443851,0.6542344,1.468924,-9.653985
IMU,398516995.0,0,0.002106103,0.0001347537,6.535381e-05,0.6399244,1.482533,-9.616179
IMU,398557184.0,0,0.002709627,-0.001124243,0.001916304,0.6491497,1.461629,-9.65385
IMU,398598164.0,0,0.002778343,-0.001136668,5.835743e-05,0.6373236,1.478978,-9.634725
IMU,398638525.0,0,0.00174926,0.0004193269,0.0009295972,0.6403182,1.46972,-9.639686
IMU,398678532.0,0,0.002736468,-0.0005723474,0.001352639,0.6314923,1.454441,-9.628829
IMU,398718440.0,0,0.001956491,-0.001725496,0.0007980935,0.6552815,1.454676,-9.632241
IMU,398758462.0,0,0.002067683,9.545917e-05,0.0003979347,0.6405793,1.467994,-9.627223
IMU,398800052.0,0,0.0009224532,-0.000265715,-1.940676e-05,0.6467576,1.473939,-9.641142
IMU,398840439.0,0,0.002353763,-0.00200258,0.0007656894,0.6394468,1.474407,-9.656949
IMU,398881211.0,0,0.001921476,0.0006429707,0.0007065811,0.6458068,1.46675,-9.642615
IMU,398920819.0,0,0.001623557,-0.0009395225,0.0005538949,0.6504894,1.465549,-9.626832
IMU,398961223.0,0,0.0009445462,-0.00068268,0.00086377,0.6523658,1.471269,-9.632677
IMU,399002696.0,0,0.0008010265,-0.002531714,0.0005456624,0.6497659,1.47251,-9.630359
IMU,399042732.0,0,0.002877004,-0.0004032521,0.0004358033,0.6438404,1.452809,-9.646573
IMU,399082429.0,0,0.001332433,-0.001254612,-1.882887e-05,0.6425537,1.469188,-9.626325
IMU,395163041.0,1,-0.08894271,0.07366607,-0.04529007,0.02060552,-0.1474358,-8.99613
IMU,395203599.0,1,-0.1113759,-0.1340795,-0.1180148,-0.4733801,-0.04222891,-9.547852
IMU,395243015.0,1,-0.1130813,-0.1502091,-0.1186854,0.668766,0.7241326,-10.11067
IMU,395283157.0,1,-0.1701225,-0.05683588,-0.08441616,-0.2383566,-0.4730665,-8.972447
IMU,395323565.0,1,0.02791302,-0.1038608,-0.1426944,-1.159653,-0.2690279,-10.45703
IMU,395367735.0,1,0.04421074,-0.1509832,-0.05817559,-0.760041,-0.8675925,-8.545126
IMU,395408081.0,1,0.05662613,-0.1044222,-0.05035521,-1.346796,0.7949333,-9.863206
IMU,395448500.0,1,-0.002814859,-0.0417637,-0.0130238,0.437672,0.4953788,-8.779847
IMU,395488741.0,1,-0.03167398,-0.08960205,0.04000998,-0.3148157,-0.3105789,-8.190218
IMU,395528048.0,1,0.03495719,-0.08619558,0.03885759,-1.000366,-1.116462,-9.93166
IMU,395569961.0,1,-0.05683615,-0.116641,0.05780895,0.09716276,1.900281,-9.055914
IMU,395609789.0,1,-0.09459767,-0.06247461,0.09906054,-0.7589388,-1.71785,-9.196164
IMU,395650367.0,1,-0.08628234,-0.1068965,0.04699073,-1.119494,0.1925598,-9.629042
IMU,395690487.0,1,-0.0894217,0.03793516,0.07464216,0.02148539,0.8429695,-10.23709
IMU,395730729.0,1,0.02992638,0.05743733,0.1006875,-0.8816209,-0.6437756,-9.360551
IMU,395770771.0,1,0.04789162,-0.035508,0.05907745,-0.9519615,0.982662,-11.08736
IMU,395812123.0,1,-0.2007788,0.01865236,0.06521273,-0.4214299,-1.219208,-9.123546
IMU,395852243.0,1,-0.1806689,0.04683457,0.04052472,-0.2940216,0.2892142,-9.523543
IMU,395892766.0,1,-0.1175496,0.1151314,0.008047753,-0.02660917,-0.7924132,-9.287429
IMU,395932697.0,1,-0.1388669,0.08149806,-0.0956164,0.05555725,-0.3579764,-10.37056
IMU,395974045.0,1,-0.1088323,0.1497663,-0.03806698,-0.9993148,1.034601,-8.627676
IMU,396014485.0,1,0.04697751,0.08041885,-0.05975006,-1.957325,-0.8039767,-8.931406
IMU,396054318.0,1,0.08929737,-0.03141902,-0.02438576,-1.193336,-0.4547992,-9.94041
IMU,396095067.0,1,0.05833089,0.1199647,-0.01952636,0.97516,0.3334457,-8.613326
IMU,396134977.0,1,0.01892664,0.1612179,-0.07516858,-0.8021057,-0.6904073,-9.911752
IMU,396180448.0,1,-0.04451745,0.1140355,-0.0004604223,-0.6118892,-1.145042,-10.02444
IMU,396219734.0,1,-0.137816,0.1380873,-0.006544101,0.2194821,0.4435776,-9.994792
IMU,396259573.0,1,-0.06139094,0.1456319,0.01576576,0.4776405,0.5115149,-9.815258
IMU,396299987.0,1,-0.00697859,0.008657035,-0.01164,-1.137006,0.5835755,-1.470954
IMU,396340473.0,1,0.05823537,0.04904096,-0.03199409,0.2430799,0.3965275,-1.691677
IMU,396384047.0,1,0.04946299,0.01155061,-0.08996713,-0.04161008,-0.0467029,-0.8124482
IMU,396423778.0,1,0.04072487,0.0004513183,-0.1259828,-0.1308207,0.06220293,-0.3350643
IMU,396464017.0,1,0.03022217,-0.01863742,-0.1614228,-0.1555297,0.1579301,-0.5188956
IMU,396504585.0,1,0.04413978,0.008680875,-0.1603401,-0.3709233,0.1119178,-0.3417514
IMU,396546540.0,1,0.01825663,0.0250976,-0.1678989,-0.2305396,0.1001745,-0.6193588
IMU,396588687.0,1,-0.003841138,0.04038864,-0.1822675,-0.2025444,0.1307144,-0.6462134
IMU,396628427.0,1,0.002826759,0.07169317,-0.1886139,-0.3442044,0.0282793,-0.5698649
IMU,396668035.0,1,0.01852896,0.1093929,-0.1853732,-0.2577505,0.1827234,-0.50454
IMU,396708060.0,1,0.04189531,0.1613915,-0.1832969,-0.2617703,0.2104292,-0.7469856
IMU,396748030.0,1,0.0528299,0.2351646,-0.2004847,-0.3065524,0.1321788,-0.8169544
IMU,396788820.0,1,0.05627055,0.308598,-0.2019055,-0.2703919,0.08700588,-1.066805
IMU,396829698.0,1,0.06529082,0.383878,-0.206228,-0.2158115,0.09541723,-1.177847
IMU,396869634.0,1,0.07597066,0.4184785,-0.2199882,-0.2215046,0.2409351,-1.370748
IMU,396909682.0,1,0.1021273,0.4576321,-0.2249434,-0.1824954,0.1133936,-1.250363
IMU,396950028.0,1,0.1294692,0.493243,-0.2292151,-0.1819215,0.2249232,-1.31571
IMU,396990743.0,1,0.1411622,0.5102019,-0.2410415,-0.04428639,0.0006026065,-1.664534
IMU,397030589.0,1,0.02836454,0.4285213,-0.2315126,-0.3151986,-0.1246359,-2.158865
IMU,397070771.0,1,-0.4494259,0.6954554,-0.2637534,-1.401954,-2.560845,-12.32745
IMU,397110519.0,1,6.487906,-3.516778,0.06604275,1.62741,-48.42652,-40.98523
IMU,397151489.0,1,0.778008,-2.292143,0.1985897,0.6933548,-2.01415,8.269596
IMU,397192138.0,1,0.4239723,-3.623847,-0.04413369,-1.059646,-1.925927,3.062131
IMU,397232227.0,1,-0.2107875,-3.939261,-0.3486415,-0.6912953,-1.425716,0.7873579
IMU,397272538.0,1,-0.1314392,-2.936491,-0.6684747,-1.405177,-2.093173,-0.9393181
IMU,397311805.0,1,-0.6342036,-1.167087,-0.7631973,-4.231292,-3.211138,-3.735179
IMU,397352677.0,1,-0.8493934,0.9532821,-0.4759496,-8.21946,-3.386524,-4.782999
IMU,397392506.0,1,-0.5107014,2.844302,-0.1186749,-6.804255,-2.859907,-5.967473
IMU,397432832.0,1,-1.013671,4.233637,0.257457,-3.163123,-2.016741,-6.70899
IMU,397472735.0,1,-2.001349,4.586088,0.3844567,0.9648352,-1.808545,-10.53145
IMU,397512701.0,1,-2.726868,3.286769,0.1861845,8.051978,2.101346,-16.2104
IMU,397553007.0,1,-0.02597399,-1.973108,-0.3427298,3.202152,2.937526,-10.82637
IMU,397593439.0,1,0.2031989,-1.065448,-0.2764089,-2.175907,1.327032,-7.28426
IMU,397633464.0,1,0.0268041,0.2690779,0.04037663,0.3292999,1.570578,-9.027175
IMU,397674025.0,1,-0.1414327,0.2745973,0.07432388,0.9907832,0.8323341,-10.84813
IMU,397713439.0,1,-0.000378306,-0.1004192,-0.02750093,0.476041,1.838558,-9.976108
IMU,397753758.0,1,-0.001314707,0.04340645,0.01204854,0.9349336,1.154919,-9.224983
IMU,397794075.0,1,-2.927474e-05,-0.0267319,-0.0113068,0.4719536,1.410016,-9.935842
IMU,397833982.0,1,-0.002541465,0.01341109,0.006373124,0.6945294,1.226773,-9.597686
IMU,397874516.0,1,-0.0003173867,-0.00666805,-0.005153252,0.5538932,1.412667,-9.574864
IMU,397914160.0,1,-0.002530131,-0.003017857,0.002060378,0.7631376,1.257975,-9.816085
IMU,397954022.0,1,-0.0002074685,0.00319449,-0.001009244,0.7445975,1.29487,-9.744907
IMU,397995189.0,1,-0.002431222,-0.003946787,-0.0001700874,0.7211567,1.366601,-9.785093
IMU,398034734.0,1,-0.001924374,-0.000375294,-0.002525075,0.6140553,1.318863,-9.78467
IMU,398074248.0,1,0.0004153096,-0.005140314,-0.003318722,0.6684118,1.389259,-9.710606
IMU,398114488.0,1,-2.847395e-05,0.001344822,-0.001005816,0.6206206,1.504974,-9.673215
IMU,398154243.0,1,-0.001234281,-0.004122381,0.0009774832,0.5459178,1.396644,-9.635012
IMU,398194994.0,1,-0.001965566,6.56464e-05,0.0003589256,0.6418219,1.364579,-9.644735
IMU,398234693.0,1,0.0004165842,-0.005796498,0.0003268124,0.6517119,1.384924,-9.82373
IMU,398274430.0,1,-0.0009197376,0.002575352,-0.00200738,0.6615273,1.423873,-9.755996
IMU,398314276.0,1,-0.001023799,-0.001993087,-0.001161856,0.6809648,1.337092,-9.742883
IMU,398354968.0,1,0.001289375,-0.0069224,-0.002297805,0.6321291,1.367479,-9.764901
IMU,398396109.0,1,-0.001567515,0.0002802906,0.0001418139,0.5891984,1.350996,-9.735989
IMU,398436212.0,1,-0.0003772251,0.001296297,-0.002498971,0.5529159,1.428843,-9.807159
IMU,398476708.0,1,-0.001821511,-0.004064764,-0.0004705754,0.6669568,1.358132,-9.651921
IMU,398516995.0,1,-0.003802583,-0.002529419,0.004444051,0.6624916,1.380789,-9.720041
IMU,398557184.0,1,0.001673423,0.001852328,-0.004372051,0.6260387,1.354911,-9.746304
IMU,398598164.0,1,-0.0007006046,-0.001048791,-0.0007347879,0.5368784,1.355159,-9.723024
IMU,398638525.0,1,-0.002016264,-0.002918782,-0.002598473,0.658967,1.38514,-9.931479
IMU,398678532.0,1,-0.002190123,-0.003570267,-0.0033038,0.6805499,1.405065,-9.707793
IMU,398718440.0,1,-0.0009878703,-0.002217135,-0.001912142,0.6552559,1.305809,-9.702417
IMU,398758462.0,1,-0.001995086,-0.003488394,-0.0007313567,0.5838839,1.336389,-9.724006
IMU,398800052.0,1,-0.004388734,-0.001059963,0.0014664,0.5916634,1.409324,-9.677213
IMU,398840439.0,1,-0.0001515954,-0.006596431,-0.0003659966,0.6250694,1.326774,-9.711698
IMU,398881211.0,1,-0.0005635914,0.003665905,-0.002524805,0.6206375,1.313875,-9.673088
IMU,398920819.0,1,-0.0004094991,-0.006958837,-0.0009027009,0.6341484,1.241412,-9.817371
IMU,398961223.0,1,-0.001638651,-0.004903751,-0.002360508,0.5895902,1.237877,-9.721925
IMU,399002696.0,1,-0.002725405,-0.003988176,-0.001909337,0.6390979,1.31411,-9.680924
IMU,399042732.0,1,-0.002869874,0.001742802,-0.0006748937,0.667279,1.222366,-9.607903
IMU,399082429.0,1,0.0006851474,-0.001459044,5.12868e-05,0.6342887,1.366688,-9.774333
IMU,395163041.0,2,-0.04362483,0.08828964,-0.08487447,-0.19488,0.598548,-8.27953
IMU,395203599.0,2,-0.1112072,-0.07996307,-0.1363647,-0.2191741,0.1857492,-8.589173
IMU,395243015.0,2,-0.09761082,-0.1782343,-0.1338021,-0.4460869,0.3956026,-8.887912
IMU,395283157.0,2,-0.1441916,-0.04818918,-0.1093245,-0.3550223,1.137635,-7.907893
IMU,395323565.0,2,0.02623731,-0.05949662,-0.1342298,-0.766099,-0.3585798,-9.060047
IMU,395367735.0,2,0.01153966,-0.1214735,-0.04013927,-0.2866011,0.514509,-8.501388
IMU,395408081.0,2,0.07228898,-0.08331803,0.01018806,-0.7446405,-0.2128109,-9.25815
IMU,395448500.0,2,0.03910526,-0.03752793,-0.01572582,-0.2143557,0.4851963,-8.82674
IMU,395488741.0,2,0.008888983,-0.06519429,0.04065708,-0.381523,0.1768736,-9.699414
IMU,395528048.0,2,0.007098004,-0.05774583,0.06533439,-0.9671854,-0.6119031,-10.00523
IMU,395569961.0,2,0.007226444,-0.1090409,0.04197491,-0.4809248,-0.3613085,-9.981917
IMU,395609789.0,2,-0.09530059,-0.05787777,0.09135893,-0.473622,0.3196235,-10.0147
IMU,395650367.0,2,-0.08454143,-0.0661084,0.04689039,-0.6750568,-0.1515981,-9.841861
IMU,395690487.0,2,-0.04741304,0.04590737,0.09097454,-0.5274252,0.6691945,-10.06529
IMU,395730729.0,2,0.02749273,0.1037741,0.1144696,-0.9361642,1.546085,-8.599168
IMU,395770771.0,2,0.1450986,-0.04441031,0.140299,-1.673253,0.3300387,-8.185604
IMU,395812123.0,2,-0.2170438,0.02607983,0.07725958,-0.9048532,1.41452,-9.80279
IMU,395852243.0,2,-0.1072885,0.07705066,0.04104902,-0.9204034,0.487236,-9.46242
IMU,395892766.0,2,-0.1076715,0.1376733,0.0009486075,0.7605811,0.8800566,-10.05526
IMU,395932697.0,2,-0.1485573,0.08253988,-0.06900525,-1.157455,-0.6734952,-9.961596
IMU,395974045.0,2,0.007592742,0.1060278,0.008303892,-1.376346,1.220004,-9.132783
IMU,396014485.0,2,0.005271059,0.1212973,-0.0122498,-0.6510921,0.1832433,-9.145962
IMU,396054318.0,2,0.07215209,0.01997264,-0.06519023,-0.8730032,0.6612951,-9.616252
IMU,396095067.0,2,0.1233467,0.1549569,-0.0651694,-0.4315606,0.6910864,-10.47291
IMU,396134977.0,2,0.03353785,0.1997303,-0.06979108,-0.5904177,0.7484945,-8.605523
IMU,396180448.0,2,-0.05908965,0.1327742,-0.02883911,0.03701418,-0.2411433,-9.685249
IMU,396219734.0,2,-0.0817505,0.1652826,-0.03936937,-0.5906699,-1.29057,-10.994
IMU,396259573.0,2,-0.01857486,0.1728896,-0.03564432,0.6440341,0.8828462,-9.75462
IMU,396299987.0,2,0.04182135,0.03894745,0.01764366,-0.7734386,0.5950361,-2.583896
IMU,396340473.0,2,0.07660201,0.06732155,-0.0326819,0.2268119,0.1985222,-1.564097
IMU,396384047.0,2,0.06994762,0.02255236,-0.102622,0.01888843,0.01867373,-0.7336034
IMU,396423778.0,2,0.07795632,0.003765279,-0.1434769,-0.1045611,0.240943,-0.4965525
IMU,396464017.0,2,0.05712888,-0.01134256,-0.1741748,-0.1012409,0.1723032,-0.4771279
IMU,396504585.0,2,0.08352722,0.01238461,-0.1788447,-0.1567121,0.1126662,-0.4805828
IMU,396546540.0,2,0.04306972,0.03466632,-0.1828383,-0.1497627,0.08541676,-0.6304864
IMU,396588687.0,2,0.006283436,0.04765434,-0.1899302,-0.1581376,0.1112758,-0.6195519
IMU,396628427.0,2,0.0166963,0.07916126,-0.1919532,-0.1477171,0.1755473,-0.6420904
IMU,396668035.0,2,0.05198836,0.1312307,-0.1965764,-0.1970175,0.2076809,-0.7026303
IMU,396708060.0,2,0.08499938,0.1940015,-0.2016901,-0.2273428,0.2097357,-0.862883
IMU,396748030.0,2,0.09663577,0.2749092,-0.2130872,-0.2093064,0.1590508,-1.024627
IMU,396788820.0,2,0.09992611,0.3537899,-0.2219379,-0.1710557,0.1810713,-1.151217
IMU,396829698.0,2,0.1107688,0.4301697,-0.2252648,-0.1303332,0.1716091,-1.247402
IMU,396869634.0,2,0.1243183,0.4724704,-0.2382379,-0.1043561,0.1608679,-1.34687
IMU,396909682.0,2,0.1494514,0.50414,-0.247612,-0.08432343,0.1576796,-1.384823
IMU,396950028.0,2,0.1775919,0.5376216,-0.2546024,-0.06949035,0.1273311,-1.511899
IMU,396990743.0,2,0.189808,0.5677576,-0.2658053,-0.003747426,0.06381322,-1.701452
IMU,397030589.0,2,0.0572729,0.483181,-0.247518,-0.06857584,-0.03527733,-2.597939
IMU,397070771.0,2,-0.5340456,0.7838183,-0.2551538,-1.131815,-1.723051,-12.40491
IMU,397110519.0,2,6.708586,-4.433302,-0.5024737,-8.499225,-0.4458399,-37.71814
IMU,397151489.0,2,0.8129164,-2.401284,0.2699274,-2.123868,-1.168761,4.566864
IMU,397192138.0,2,0.3617626,-3.76498,-0.04857034,-1.600743,-1.044268,3.043385
IMU,397232227.0,2,-0.2396653,-4.047966,-0.3613472,-0.8175122,-1.690637,0.3955996
IMU,397272538.0,2,-0.1456916,-3.006752,-0.7045625,-1.154285,-2.074035,-1.415036
IMU,397311805.0,2,-0.6504911,-1.113044,-0.7746898,-3.573687,-2.76881,-4.647957
IMU,397352677.0,2,-0.8105263,1.11242,-0.4519445,-7.75564,-3.210071,-5.416486
IMU,397392506.0,2,-0.4792886,3.040339,-0.09420866,-6.780015,-2.562476,-6.667317
IMU,397432832.0,2,-1.006124,4.447661,0.3514285,-3.411999,-1.781585,-7.359069
IMU,397472735.0,2,-1.994772,4.77822,0.5154524,0.4497492,-1.795858,-10.54687
IMU,397512701.0,2,-2.722407,3.446374,0.3367727,7.011343,1.623572,-15.02225
IMU,397553007.0,2,-0.05061213,-2.036295,-0.3921118,3.259037,4.73711,-11.36843
IMU,397593439.0,2,0.2359338,-1.019166,-0.2888442,-1.903543,1.622482,-8.063029
IMU,397633464.0,2,0.02589736,0.3312131,0.04515175,0.4951621,1.769028,-9.470212
IMU,397674025.0,2,-0.139499,0.3022818,0.08382199,0.8774268,0.7915471,-10.61288
IMU,397713439.0,2,0.009145741,-0.1074548,-0.0245159,0.5941104,1.807285,-10.08806
IMU,397753758.0,2,0.002630897,0.03959245,0.01924257,0.9227194,1.239863,-9.382295
IMU,397794075.0,2,0.005396632,-0.02150373,-0.005458293,0.4934687,1.427485,-10.01189
IMU,397833982.0,2,-0.001028694,0.01056001,0.008568975,0.7940626,1.316409,-9.671287
IMU,397874516.0,2,0.002117925,-0.00174677,-0.0001562571,0.6216854,1.41274,-9.768815
IMU,397914160.0,2,0.0006655143,0.0001260779,0.002232739,0.7232347,1.334592,-9.786501
IMU,397954022.0,2,0.00210485,-0.0002752765,0.004047696,0.680263,1.392412,-9.780442
IMU,397995189.0,2,0.001797755,0.001692093,0.003267625,0.6809217,1.346237,-9.754603
IMU,398034734.0,2,0.002790293,-0.0009201212,0.00291824,0.6781791,1.376391,-9.776121
IMU,398074248.0,2,0.001641852,0.0009651541,0.002213511,0.6799253,1.383127,-9.781709
IMU,398114488.0,2,0.00420061,-0.0004686989,0.003115774,0.6832151,1.350184,-9.748345
IMU,398154243.0,2,0.0008735837,0.0008005866,0.002208469,0.6811299,1.354104,-9.783198
IMU,398194994.0,2,0.001860546,0.00199586,0.002244462,0.6708886,1.356194,-9.780536
IMU,398234693.0,2,0.003901232,-0.001775996,0.003258073,0.687362,1.356302,-9.762714
IMU,398274430.0,2,0.003189551,-0.0001575654,0.002437758,0.6811255,1.380432,-9.758461
IMU,398314276.0,2,0.003003944,0.0002913792,0.002239253,0.683979,1.349579,-9.783086
IMU,398354968.0,2,0.001633619,-0.0008036735,0.003647818,0.68187,1.357758,-9.77778
IMU,398396109.0,2,0.002197929,0.0007625868,0.002764215,0.6686174,1.358409,-9.767854
IMU,398436212.0,2,0.003323618,-0.0002713759,0.002453628,0.6803658,1.35965,-9.770029
IMU,398476708.0,2,0.001618391,0.0006012559,0.002562434,0.6790625,1.353577,-9.755704
IMU,398516995.0,2,0.001213476,0.0005727219,0.002283954,0.6629609,1.359658,-9.756866
IMU,398557184.0,2,0.00152668,-0.0009411499,0.002767974,0.6871971,1.358946,-9.769446
IMU,398598164.0,2,0.001690465,0.001093992,0.002653924,0.6751062,1.360491,-9.756783
IMU,398638525.0,2,0.00102146,0.0002029403,0.002391975,0.6878686,1.346623,-9.778988
IMU,398678532.0,2,0.002449866,-3.587224e-05,0.002890225,0.6774505,1.345264,-9.758945
IMU,398718440.0,2,0.0019846,0.0005415662,0.002081856,0.6867208,1.362574,-9.771495
IMU,398758462.0,2,0.002092042,0.0008323427,0.003055756,0.6918172,1.351918,-9.771927
IMU,398800052.0,2,0.00146387,-3.729466e-05,0.003074598,0.6735591,1.360024,-9.766837
IMU,398840439.0,2,0.001561459,0.0007612231,0.002656358,0.6814302,1.35897,-9.772135
IMU,398881211.0,2,0.001002795,0.0003033126,0.002046518,0.6870044,1.35731,-9.773125
IMU,398920819.0,2,0.001390386,-4.646248e-05,0.001690746,0.6750388,1.344005,-9.770656
IMU,398961223.0,2,0.001488429,-0.0003970599,0.00296509,0.6695033,1.345102,-9.775947
IMU,399002696.0,2,0.001817098,0.001293709,0.002285779,0.6768879,1.363029,-9.751308
IMU,399042732.0,2,0.001317363,-0.0002768459,0.003204701,0.6831538,1.350231,-9.780085
IMU,399082429.0,2,0.001180921,-2.970261e-05,0.003201958,0.6824288,1.375349,-9.759704
