ARM,417644596.0,0.0
AHR2,416736146.0,-2.39,-6.11,148.26,469.23,43.2382821,-7.681819
AHR2,416838627.0,-2.27,-5.69,148.11,469.07,43.2382792,-7.6818169
AHR2,416939164.0,-1.54,-5.05,147.92,469.26,43.2382771,-7.6818154
AHR2,417040812.0,-1.29,-4.25,148.15,469.17,43.2382753,-7.681814
AHR2,417140835.0,-1.03,-3.35,147.86,469.18,43.2382733,-7.6818126
AHR2,417242769.0,-1.57,-3.42,147.99,469.03,43.2382716,-7.6818106
AHR2,417342934.0,-1.67,-4.0,148.59,468.49,43.2382696,-7.681809
AHR2,417445615.0,-2.25,-5.21,148.96,467.82,43.2382676,-7.6818076
AHR2,417546062.0,-2.04,-5.67,149.28,468.05,43.2382657,-7.6818061
AHR2,417650639.0,-2.71,-5.18,149.41,467.68,43.2382642,-7.6818052
AHR2,417751198.0,-2.54,-3.89,149.57,467.35,43.2382622,-7.6818038
AHR2,417852603.0,-1.75,-2.71,148.93,467.78,43.2382598,-7.6818024
AHR2,417952832.0,-1.01,-1.78,147.94,467.57,43.2382578,-7.6818011
AHR2,418053890.0,-0.27,-0.72,146.82,467.61,43.2382562,-7.6817991
AHR2,418153877.0,0.09,0.43,145.64,467.2,43.2382544,-7.6817977
AHR2,418255429.0,0.77,2.39,144.22,466.8,43.2382522,-7.6817963
AHR2,418355495.0,1.83,5.36,142.64,466.71,43.2382503,-7.6817949
AHR2,418457196.0,4.0,7.25,140.87,466.3,43.2382479,-7.6817933
AHR2,418557481.0,3.14,6.06,141.13,464.16,43.238246,-7.681792
AHR2,418658601.0,-6.83,4.32,141.65,463.15,43.2382455,-7.6817904
AHR2,418759662.0,-8.15,-1.98,142.78,463.74,43.2382438,-7.6817888
AHR2,418859742.0,5.3,-0.88,142.11,463.6,43.2382454,-7.681791
AHR2,418959878.0,3.08,4.07,140.84,463.53,43.2382452,-7.6817911
AHR2,419059836.0,2.09,3.87,141.06,463.65,43.2382456,-7.681791
AHR2,419159576.0,2.09,3.87,141.06,463.73,43.2382457,-7.681791
AHR2,419260093.0,2.06,3.86,141.06,463.59,43.2382456,-7.6817912
AHR2,419360203.0,2.0,3.87,141.05,463.77,43.2382456,-7.6817913
AHR2,419460379.0,1.96,3.88,141.06,463.8,43.2382456,-7.6817911
AHR2,419560473.0,1.92,3.89,141.05,463.56,43.2382457,-7.6817911
AHR2,419660465.0,1.87,3.89,141.05,463.73,43.2382456,-7.6817906
AHR2,419762187.0,1.83,3.9,141.05,463.62,43.2382457,-7.6817905
AHR2,419862394.0,1.79,3.91,141.04,463.8,43.2382456,-7.6817909
AHR2,419962621.0,1.75,3.92,141.05,463.75,43.2382456,-7.6817909
AHR2,420063064.0,1.71,3.93,141.05,463.58,43.2382456,-7.6817908
AHR2,420163399.0,1.67,3.93,141.05,463.6,43.2382457,-7.6817907
AHR2,420266492.0,1.64,3.94,141.06,463.64,43.2382455,-7.681791
AHR2,420366417.0,1.6,3.95,141.06,463.77,43.2382455,-7.681791
AHR2,420468167.0,1.57,3.96,141.07,463.87,43.2382455,-7.6817911
ATT,416735580.0,-2.264017,-2.209186,-6.98816,-5.982789,151.7072,150.9584
ATT,416837913.0,-2.009822,-2.125294,-6.518775,-5.551569,151.6835,150.7617
ATT,416938411.0,-1.673533,-1.456335,-5.920748,-4.912265,151.6555,150.5278
ATT,417040149.0,-1.604373,-1.260614,-5.404207,-4.142119,151.6447,150.7232
ATT,417140119.0,-1.834896,-1.020366,-5.077301,-3.304573,151.6504,150.3842
ATT,417242147.0,-2.180478,-1.568229,-5.051579,-3.417743,151.6652,150.4507
ATT,417342379.0,-2.367846,-1.654746,-5.296593,-4.024191,151.6786,151.0287
ATT,417444970.0,-2.587157,-2.235052,-5.462486,-5.256494,151.6925,151.3259
ATT,417545454.0,-2.74435,-2.041438,-5.251785,-5.722095,151.6949,151.5999
ATT,417650094.0,-2.923318,-2.726447,-4.59811,-5.240724,151.7299,151.6892
ATT,417750569.0,-1.570884,-2.567859,-2.429702,-3.948167,151.8683,151.8299
ATT,417851979.0,-0.7928182,-1.711532,-1.226252,-2.781441,151.225,151.1995
ATT,417952135.0,-0.4047651,-0.7800869,-0.6260492,-1.844246,150.1994,150.1877
ATT,418053175.0,-0.2044266,0.1448506,-0.3161856,-0.7323776,149.0517,149.0538
ATT,418153176.0,-0.1043682,0.6872768,-0.1614255,0.6042085,147.8659,147.8762
ATT,418254750.0,-0.05289909,1.533302,-0.08181868,2.794661,146.4453,146.4682
ATT,418354928.0,-0.02692822,2.735927,-0.04164969,6.068038,144.9009,144.9419
ATT,418456604.0,-0.01358112,5.005041,-0.02100581,8.243319,143.1428,143.2181
ATT,418556931.0,-0.006933712,4.122602,-0.01072432,7.232873,143.3721,143.434
ATT,418657905.0,-0.003507154,-5.831221,-0.005424486,5.736337,143.8473,143.7601
ATT,418758971.0,-0.00178325,-7.271429,-0.002758136,-0.196534,144.8746,144.7665
ATT,418859068.0,-0.0009077546,6.939816,-0.001404016,0.4994763,144.1653,144.2685
ATT,418959130.0,-0.0004634579,6.297014,-0.0007168261,4.352272,142.899,142.993
ATT,419059122.0,-0.0002366138,6.030918,-0.0003659684,3.606955,143.0083,143.0982
ATT,419158923.0,-0.0002174185,5.99988,-0.0003362791,3.61278,143.0114,143.1009
ATT,419259487.0,-0.0002174186,5.968443,-0.0003362791,3.615725,143.037,143.1259
ATT,419359615.0,-0.0002132412,5.94628,-0.0003298181,3.633714,143.0721,143.1608
ATT,419459804.0,-0.0002055889,5.930094,-0.0003179823,3.660336,143.1217,143.2101
ATT,419559909.0,-0.0002016771,5.913326,-0.0003119322,3.68399,143.1859,143.274
ATT,419659930.0,-0.0002016771,5.894972,-0.0003119321,3.698444,143.2274,143.3153
ATT,419761473.0,-0.0001969605,5.862206,-0.0003046371,3.739003,143.3498,143.4372
ATT,419861787.0,-0.0001926234,5.827653,-0.0002979289,3.791935,143.5019,143.5888
ATT,419961930.0,-0.0001926234,5.789873,-0.000297929,3.842595,143.6636,143.7499
ATT,420062420.0,-0.0001888762,5.74767,-0.0002921333,3.893527,143.8298,143.9155
ATT,420162826.0,-0.0001888763,5.702531,-0.0002921334,3.946347,144.0086,144.0937
ATT,420265938.0,-0.0001850106,5.632662,-0.0002861544,4.027768,144.2843,144.3683
ATT,420365850.0,-0.0001850106,5.541186,-0.0002861544,4.125343,144.6395,144.7222
ATT,420467522.0,-0.0001772192,5.444276,-0.0002741034,4.225087,145.0053,145.0865
BARO,416732644.0,0,2.554962,470.115,96946.05
BARO,416835192.0,0,2.391083,469.9511,96947.82
BARO,416936099.0,0,2.583221,470.1432,96945.73
BARO,417037839.0,0,2.498444,470.0584,96946.66
BARO,417137870.0,0,2.504089,470.0641,96946.59
BARO,417239649.0,0,2.35434,469.9143,96948.21
BARO,417340587.0,0,1.817444,469.3774,96954.06
BARO,417442188.0,0,1.147766,468.7078,96961.31
BARO,417542642.0,0,1.379456,468.9395,96958.81
BARO,417644978.0,0,1.00647,468.5665,96962.85
BARO,417745179.0,0,0.6786804,468.2387,96966.41
BARO,417846986.0,0,1.102539,468.6625,96961.83
BARO,417947055.0,0,0.8934326,468.4534,96964.09
BARO,418048396.0,0,0.9330139,468.493,96963.66
BARO,418148403.0,0,0.5260925,468.0861,96968.08
BARO,418249846.0,0,0.1248474,467.6848,96972.41
BARO,418350104.0,0,0.03442383,467.5944,96973.42
BARO,418451948.0,0,-0.3753052,467.1847,96977.84
BARO,418551860.0,0,-2.52002,465.04,97001.14
BARO,418655935.0,0,-3.528809,464.0312,97012.1
BARO,418756182.0,0,-2.932587,464.6274,97005.62
BARO,418856627.0,0,-3.071045,464.489,97007.13
BARO,418956636.0,0,-3.141693,464.4183,97007.9
BARO,419056838.0,0,-3.025848,464.5341,97006.63
BARO,419156621.0,0,-2.946716,464.6133,97005.78
BARO,419256822.0,0,-3.082336,464.4777,97007.25
BARO,419357073.0,0,-2.904327,464.6557,97005.31
BARO,419456919.0,0,-2.87326,464.6867,97004.98
BARO,419557155.0,0,-3.11908,464.4409,97007.67
BARO,419657232.0,0,-2.941071,464.6189,97005.73
BARO,419758184.0,0,-3.054077,464.5059,97006.95
BARO,419859866.0,0,-2.87326,464.6867,97005.0
BARO,419959740.0,0,-2.929749,464.6302,97005.59
BARO,420059891.0,0,-3.093658,464.4663,97007.39
BARO,420160061.0,0,-3.079529,464.4805,97007.23
BARO,420261148.0,0,-3.039978,464.52,97006.8
BARO,420361372.0,0,-2.901489,464.6585,97005.3
BARO,420462493.0,0,-2.808258,464.7517,97004.28
BARO,420562621.0,0,-2.833679,464.7263,97004.55
BARO,416732644.0,1,2.376953,469.937,96925.04
BARO,416835192.0,1,2.085907,469.6459,96928.2
BARO,416936099.0,1,1.995483,469.5555,96929.16
BARO,417037839.0,1,2.280853,469.8409,96926.07
BARO,417137870.0,1,2.419342,469.9793,96924.57
BARO,417239649.0,1,2.292175,469.8522,96925.94
BARO,417340587.0,1,1.534882,469.0949,96934.16
BARO,417442188.0,1,0.9443054,468.5043,96940.59
BARO,417542642.0,1,1.167542,468.7275,96938.15
BARO,417644978.0,1,0.8058472,468.3658,96942.08
BARO,417745179.0,1,0.6419373,468.2019,96943.84
BARO,417846986.0,1,0.7380371,468.298,96942.81
BARO,417947055.0,1,0.9697266,468.5297,96940.3
BARO,418048396.0,1,0.5487061,468.1087,96944.86
BARO,418148403.0,1,0.5458679,468.1059,96944.91
BARO,418249846.0,1,0.1220093,467.682,96949.48
BARO,418350104.0,1,-0.1125183,467.4475,96952.05
BARO,418451948.0,1,-0.6861267,466.8739,96958.29
BARO,418551860.0,1,-3.859436,463.7006,96992.72
BARO,418655935.0,1,-3.77182,463.7882,96991.77
BARO,418756182.0,1,-3.065399,464.4946,96984.1
BARO,418856627.0,1,-3.328186,464.2318,96986.97
BARO,418956636.0,1,-2.983459,464.5765,96983.2
BARO,419056838.0,1,-3.206665,464.3533,96985.63
BARO,419156621.0,1,-3.266022,464.294,96986.28
BARO,419256822.0,1,-3.17276,464.3872,96985.27
BARO,419357073.0,1,-3.155823,464.4042,96985.09
BARO,419456919.0,1,-3.305573,464.2544,96986.7
BARO,419557155.0,1,-3.217987,464.342,96985.75
BARO,419657232.0,1,-3.169952,464.39,96985.24
BARO,419758184.0,1,-3.367737,464.1923,96987.39
BARO,419859866.0,1,-3.175598,464.3844,96985.3
BARO,419959740.0,1,-3.271667,464.2883,96986.34
BARO,420059891.0,1,-3.246246,464.3138,96986.08
BARO,420160061.0,1,-3.25473,464.3053,96986.17
BARO,420261148.0,1,-3.33667,464.2233,96987.05
BARO,420361372.0,1,-3.045624,464.5144,96983.9
BARO,420462493.0,1,-3.364929,464.1951,96987.36
BARO,420562621.0,1,-3.240601,464.3194,96986.01
GPS,416803858.0,4,23,43.2382822,-7.681819,467.2,2.548,0.094,0.0
GPS,417006305.0,4,22,43.2382783,-7.6818161,467.18,2.52,0.234,0.0
GPS,417208621.0,4,22,43.2382744,-7.681813,467.13,2.496,0.259,0.0
GPS,417410516.0,4,22,43.2382705,-7.6818099,467.1,2.468,0.291,0.0
GPS,417633144.0,4,22,43.2382667,-7.681807,467.08,2.414,0.243,0.0
GPS,417816069.0,4,22,43.2382629,-7.6818042,467.01,2.47,0.548,0.0
GPS,418017189.0,4,22,43.238259,-7.6818013,466.65,2.336,2.958,0.0
GPS,418218871.0,4,22,43.2382552,-7.6817983,465.83,2.447,4.826,0.0
GPS,418400585.0,4,22,43.2382512,-7.6817955,464.66,2.396,6.639,0.0
GPS,418642360.0,4,22,43.2382476,-7.6817925,463.3,2.242,7.466001,0.0
GPS,418804379.0,4,21,43.2382457,-7.681791,462.5,0.245,0.496,0.0
GPS,419004461.0,4,22,43.2382456,-7.681791,462.42,0.054,0.44,0.0
GPS,419204304.0,4,22,43.2382456,-7.6817911,462.36,0.085,0.09200001,0.0
GPS,419405601.0,4,21,43.2382456,-7.6817911,462.37,0.048,0.039,0.0
GPS,419644901.0,4,21,43.2382456,-7.6817908,462.36,0.138,0.072,0.0
GPS,419807126.0,4,21,43.2382456,-7.6817908,462.42,0.054,0.104,0.0
GPS,420007462.0,4,21,43.2382456,-7.6817908,462.41,0.058,0.023,0.0
GPS,420208136.0,4,22,43.2382455,-7.681791,462.41,0.027,-0.029,0.0
GPS,420408934.0,4,22,43.2382455,-7.6817911,462.4,0.03,0.064,0.0
IMU,416680364.0,0,-0.02419034,0.110636,-0.03251609,-0.4767637,0.765819,-9.538434
IMU,416720161.0,0,-0.01468484,0.06363638,-0.135063,-0.6873131,-0.4417256,-9.756971
IMU,416760926.0,0,0.03105509,-0.05595,-0.09227011,0.02476169,1.027148,-10.27025
IMU,416800868.0,0,0.1763148,0.06171883,-0.0966978,-0.09490477,1.281291,-9.721128
IMU,416843118.0,0,0.1134018,0.04794409,-0.03807862,-0.3335544,1.390716,-9.707329
IMU,416882983.0,0,0.05261022,0.2059359,-0.07489237,-1.233405,-0.7118278,-9.21455
IMU,416923497.0,0,0.1559238,0.1470083,-0.06959034,-0.9747682,0.1492136,-10.07335
IMU,416963636.0,0,0.2223038,0.1103338,-0.08315098,0.2342738,1.207951,-10.23395
IMU,417003488.0,0,0.09166685,0.1746807,-0.06180627,-0.4753314,0.3399036,-9.495584
IMU,417045672.0,0,0.03760958,0.20783,-0.05226271,-0.113134,0.5047385,-9.259692
IMU,417085922.0,0,-0.1505456,0.1920096,-0.05994168,-1.053497,-0.80767,-8.978709
IMU,417125205.0,0,-0.1185087,0.1217758,0.07505812,-0.9213688,-0.1106926,-9.12943
IMU,417165264.0,0,0.01963028,0.03070723,0.03319367,-0.9848271,0.512064,-9.573968
IMU,417205139.0,0,0.03481058,-0.05235748,-0.03859786,-0.4822063,1.342499,-9.748452
IMU,417247958.0,0,-0.0874064,-0.031012,0.0225415,-0.7548972,0.3823438,-9.534833
IMU,417290428.0,0,0.0464799,-0.02794254,0.06880665,-0.9243504,0.03568028,-9.164272
IMU,417330087.0,0,0.07179081,-0.1472087,0.008400635,-1.039477,0.1910291,-9.848857
IMU,417370074.0,0,-0.06048186,-0.1944982,-0.03167157,-0.1061718,1.60113,-9.563827
IMU,417410634.0,0,-0.158492,-0.1588034,0.003372465,-0.4526124,0.4028239,-9.493363
IMU,417453060.0,0,0.06554762,-0.06014837,-0.002360151,-0.7498774,-0.09471973,-9.194684
IMU,417492638.0,0,0.09254745,-0.1340366,-0.02017917,-0.6412835,1.112515,-10.29286
IMU,417532492.0,0,-0.01879716,-0.0377934,-0.0164603,-0.06991898,1.089344,-9.233528
IMU,417573081.0,0,-0.09268646,-0.0349671,0.01813902,-0.8415611,-0.2796615,-9.803477
IMU,417613276.0,0,-0.04242957,0.06543566,-0.0250695,-0.1587517,1.534081,-10.03093
IMU,417655093.0,0,-0.03876506,0.141531,0.09094536,-1.005915,1.887911,-9.616532
IMU,417695819.0,0,-0.07304596,0.1280251,0.0116396,-0.3663268,-0.009680466,-3.903299
IMU,417735466.0,0,0.099121,0.2635824,-0.005415953,-0.5208662,0.8892427,-1.225148
IMU,417775649.0,0,0.1062442,0.2416433,-0.09124451,-0.09977867,0.01813958,-0.7055581
IMU,417816174.0,0,0.1382871,0.197607,-0.1008532,-0.1813673,0.2371452,-0.5541044
IMU,417857154.0,0,0.1518305,0.1757648,-0.1464905,-0.09895846,0.2093444,-0.5196154
IMU,417896802.0,0,0.1568803,0.1518542,-0.1735156,-0.1567245,0.0595469,-0.6107527
IMU,417936674.0,0,0.15806,0.1788647,-0.1781455,-0.1990728,0.1347952,-0.4697987
IMU,417977138.0,0,0.1744124,0.1939396,-0.1876774,-0.1653241,0.08418752,-0.6136954
IMU,418017392.0,0,0.1618222,0.1893803,-0.1966629,-0.2175056,0.03970778,-0.6085555
IMU,418058887.0,0,0.1264608,0.1896868,-0.2017862,-0.2277491,0.03636659,-0.6829892
IMU,418098416.0,0,0.09462533,0.2132655,-0.2061618,-0.263152,0.041878,-0.6649168
IMU,418138160.0,0,0.09648193,0.2488104,-0.2172286,-0.2937444,0.1822859,-0.7365666
IMU,418178376.0,0,0.1272965,0.3063822,-0.2352326,-0.3005162,0.1700312,-0.8406339
IMU,418218942.0,0,0.1633029,0.3745009,-0.2581135,-0.3231108,0.1649152,-0.9908491
IMU,418260573.0,0,0.1962172,0.4604779,-0.2721209,-0.3040493,0.1567543,-1.170517
IMU,418300077.0,0,0.2309275,0.5323961,-0.2804528,-0.3391238,0.1173624,-1.342124
IMU,418340065.0,0,0.2515386,0.6090503,-0.2991592,-0.2728027,0.01821509,-1.829817
IMU,418379900.0,0,0.2652047,0.6153787,-0.3139013,-0.2696728,0.01580777,-2.456343
IMU,418422060.0,0,0.4183853,0.4697348,-0.294333,0.9668776,-0.8932518,-3.907648
IMU,418461671.0,0,0.9224839,-0.3658779,-0.3061596,0.8422927,1.232322,-8.182337
IMU,418501894.0,0,1.598212,-2.515591,-0.1397863,0.8125287,-2.107599,-14.59768
IMU,418542180.0,0,-4.840405,3.341662,0.3685686,-34.27113,-33.51453,-66.13782
IMU,418582302.0,0,-2.038471,0.4706585,0.5663342,4.099257,4.106398,7.163014
IMU,418621637.0,0,-1.483157,-0.3107225,-0.05813922,2.244455,2.675211,-2.134478
IMU,418663457.0,0,-1.404369,-0.9793797,-0.1096397,1.502967,2.402118,0.3730746
IMU,418703473.0,0,-0.8835172,-1.127764,-0.04345375,1.856845,2.879337,-1.874649
IMU,418743601.0,0,0.4019752,-1.018533,0.1177197,1.860125,3.833357,-5.010581
IMU,418784223.0,0,2.138684,-0.628215,0.1793338,0.7646026,3.485988,-7.417051
IMU,418824484.0,0,3.156612,-0.04003717,-0.1279757,-0.5124781,1.182284,-10.88111
IMU,418864480.0,0,1.38213,1.515114,-0.5875188,-3.244222,-3.219766,-16.03747
IMU,418904172.0,0,-0.3346251,1.285846,-0.5054989,1.710667,-2.605868,-12.37684
IMU,418944138.0,0,-0.06115688,-0.2872068,-0.08384833,4.43742,-0.0475985,-10.74394
IMU,418984108.0,0,-0.1351678,-0.4242986,0.1396153,0.1714176,-0.05635546,-9.351284
IMU,419024432.0,0,-0.06555215,-0.03446754,-0.01495199,-0.1401835,0.7674086,-8.998777
IMU,419064489.0,0,0.07303086,0.08373586,-0.01198198,1.148417,-0.006159704,-10.00395
IMU,419104144.0,0,-0.03371879,-0.03504117,0.007380065,1.052711,-0.06937894,-9.670806
IMU,419144165.0,0,0.00681282,0.0132956,-0.0008141291,0.774943,0.2856422,-9.787866
IMU,419184092.0,0,-0.003369577,-0.009482374,0.003323235,0.9546099,-0.02072052,-9.6432
IMU,419224492.0,0,-0.001900349,0.00273418,0.002549325,0.8513002,0.2086987,-9.742361
IMU,419264636.0,0,-0.002433247,-0.001204509,0.0005226911,0.9197008,0.09901308,-9.642204
IMU,419304656.0,0,0.0003441636,-0.001407382,0.000342931,0.9295058,0.1279013,-9.699585
IMU,419344610.0,0,-0.002517738,-0.001228451,0.001323602,0.9401263,0.1137936,-9.706889
IMU,419384460.0,0,-0.001369174,0.001913857,0.001479261,0.8876622,0.12566,-9.684325
IMU,419424940.0,0,0.0008016298,-0.001273087,0.002130404,0.9178661,0.1068898,-9.669412
IMU,419464774.0,0,-0.001145091,0.0008850445,0.001908026,0.9093882,0.1261538,-9.720475
IMU,419504842.0,0,0.0007748344,-0.00152924,0.002410153,0.9044482,0.1296451,-9.686988
IMU,419544621.0,0,0.001049426,0.0004536533,0.001433654,0.8914353,0.1175251,-9.703547
IMU,419584834.0,0,-0.001848326,-0.0008658609,0.003187985,0.90759,0.1233881,-9.720085
IMU,419625451.0,0,-0.0008539186,-0.0003580811,0.001360055,0.9046959,0.114359,-9.696575
IMU,419665252.0,0,-3.792429e-05,-0.0005652087,0.00198467,0.8966136,0.1146356,-9.71883
IMU,419705592.0,0,-0.0009108513,-0.002558035,0.002598838,0.911393,0.1131012,-9.724533
IMU,419745606.0,0,0.0001823951,-0.0004053911,0.002279984,0.909101,0.1203579,-9.704651
IMU,419786650.0,0,0.001178884,0.0005024485,0.0008109379,0.9130234,0.1360204,-9.703299
IMU,419826680.0,0,-0.00104875,-0.0004878413,0.00217695,0.9212269,0.1171193,-9.703535
IMU,419866699.0,0,0.000879764,0.0005438275,0.001203892,0.8995138,0.1199133,-9.691218
IMU,419906641.0,0,0.0003024347,0.0003547551,0.002090832,0.9146572,0.1199347,-9.705502
IMU,419947192.0,0,-0.0004283931,-0.001824703,0.002111404,0.9137989,0.1224323,-9.690022
IMU,419987487.0,0,0.0001491981,2.983719e-05,0.001385953,0.8944537,0.1234868,-9.718745
IMU,420027166.0,0,-0.001068293,-0.0009758382,0.002612162,0.9030619,0.1282123,-9.704929
IMU,420067869.0,0,0.00134062,-0.001283795,0.001589171,0.9076159,0.1232558,-9.710394
IMU,420107426.0,0,-0.0002319854,-0.001526888,0.001603433,0.9117439,0.1221823,-9.701725
IMU,420147501.0,0,-0.000373142,-0.001003966,0.001270597,0.9111667,0.1246195,-9.696085
IMU,420188376.0,0,-0.0005760518,0.0001607279,0.00314962,0.9069156,0.1208484,-9.684669
IMU,420228878.0,0,0.0006078801,-0.000309361,0.001539157,0.9063807,0.1315978,-9.713494
IMU,420268595.0,0,0.0001032113,0.0003232337,0.0004804336,0.9017834,0.1172311,-9.705894
IMU,420308349.0,0,0.0001373368,-9.599515e-05,0.001914238,0.9035066,0.1314426,-9.719638
IMU,420348860.0,0,0.0004645741,-0.0007380036,0.001619512,0.8980074,0.1296981,-9.701937
IMU,420388824.0,0,0.0009032791,-0.0004708057,0.001503879,0.8986254,0.1301284,-9.727856
IMU,420429884.0,0,0.0001041727,-0.0008938362,0.00287354,0.9084166,0.1270227,-9.707119
IMU,420470408.0,0,0.000325842,-0.001187747,0.001826392,0.8973752,0.1204165,-9.718857
IMU,420510193.0,0,0.0006771736,-0.0006884942,0.001885449,0.8952166,0.1373691,-9.711761
IMU,420550097.0,0,0.0004519576,-0.001416774,0.002059673,0.9199939,0.1266434,-9.726642
IMU,420590105.0,0,0.0002859287,-0.001028339,0.0009969859,0.9053628,0.1428609,-9.693857
IMU,416680364.0,1,-0.1121939,0.09837364,-0.01757583,-0.4302515,-0.4242838,-9.312056
IMU,416720161.0,1,-0.02516538,-0.009200648,-0.1008044,-0.6286082,-0.1718604,-10.14189
IMU,416760926.0,1,-0.0446295,-0.02334119,-0.07497004,-0.1960169,0.09817806,-10.49994
IMU,416800868.0,1,0.04441119,0.04245874,-0.07418079,-0.2494878,1.417436,-9.966498
IMU,416843118.0,1,0.03416167,0.09196832,-0.06318173,-0.506741,0.852586,-10.15784
IMU,416882983.0,1,0.01932093,0.1408421,-0.1069261,-1.579731,-1.074948,-9.268014
IMU,416923497.0,1,0.1368773,0.1227162,-0.06691325,-1.034258,-0.4480346,-10.59355
IMU,416963636.0,1,0.1297751,0.1026427,-0.06003324,0.1616517,0.5673658,-10.76059
IMU,417003488.0,1,0.01891735,0.1492023,-0.004524044,-0.500824,0.2921942,-10.00187
IMU,417045672.0,1,-0.01494483,0.1593896,0.02469246,0.1093201,0.5498855,-8.950498
IMU,417085922.0,1,-0.113133,0.1366523,-0.0288942,-0.2979331,-0.5674425,-8.603848
IMU,417125205.0,1,-0.05268449,0.09402237,0.01916514,-1.015922,0.000927457,-9.525413
IMU,417165264.0,1,0.004144195,0.06989153,-0.02873186,-1.312928,0.2882201,-10.00426
IMU,417205139.0,1,-0.05771128,-0.009790821,-0.117146,-0.7641048,1.240088,-9.756552
IMU,417247958.0,1,-0.1299737,-0.04789272,-0.01059604,-1.078672,-0.09372292,-9.768173
IMU,417290428.0,1,0.02109235,-0.0489224,0.03416381,-0.7946471,-0.1000311,-9.150032
IMU,417330087.0,1,0.04603259,-0.1386847,-0.05011209,-1.357456,0.01916406,-9.824055
IMU,417370074.0,1,-0.09788065,-0.1929527,-0.01805856,0.1839362,1.587605,-9.790998
IMU,417410634.0,1,-0.1976951,-0.1537691,0.03672979,-0.1469636,-0.2177878,-9.380789
IMU,417453060.0,1,0.03176477,-0.1020826,-0.008584411,-0.799417,-0.432881,-9.359412
IMU,417492638.0,1,0.03864731,-0.1228238,-0.01153075,-0.8288684,0.3536965,-10.14101
IMU,417532492.0,1,-0.07732045,-0.06859363,-0.002037941,-0.5253847,1.263998,-9.65247
IMU,417573081.0,1,-0.09508135,-0.04547353,0.01897744,-1.240766,0.181658,-9.299538
IMU,417613276.0,1,-0.08068939,0.03929486,-0.01686046,-0.5339399,0.3535653,-10.29929
IMU,417655093.0,1,-0.06254402,0.1724232,0.01484017,-1.29124,1.99477,-10.34351
IMU,417695819.0,1,-0.05829631,0.1368976,0.005615762,-0.8087769,-0.134398,-3.733933
IMU,417735466.0,1,0.063738,0.2471388,0.003942369,-0.7593024,0.7941825,-1.101291
IMU,417775649.0,1,0.08785012,0.2101567,-0.07493939,-0.04087742,0.2700589,-0.7611843
IMU,417816174.0,1,0.107181,0.1791692,-0.08751906,-0.2724776,0.2714156,-0.7042392
IMU,417857154.0,1,0.1195977,0.1567968,-0.1274152,-0.1109907,0.2349402,-0.509051
IMU,417896802.0,1,0.1170872,0.1375108,-0.1542955,-0.2484851,0.01879276,-0.6346459
IMU,417936674.0,1,0.1191952,0.1605233,-0.1575057,-0.2822624,0.1482645,-0.5682016
IMU,417977138.0,1,0.14088,0.1730585,-0.1650496,-0.1276261,0.04734434,-0.5797028
IMU,418017392.0,1,0.1255261,0.1694468,-0.1755266,-0.1733616,0.1786546,-0.655203
IMU,418058887.0,1,0.09162283,0.1647477,-0.1817909,-0.325055,0.08265275,-0.6963989
IMU,418098416.0,1,0.0594787,0.185401,-0.1814133,-0.286695,-0.002760472,-1.041592
IMU,418138160.0,1,0.05766175,0.2129956,-0.1946515,-0.3191867,0.1565566,-0.7835392
IMU,418178376.0,1,0.09073743,0.2719162,-0.2123256,-0.3506139,0.1231344,-0.9011633
IMU,418218942.0,1,0.1191108,0.3281947,-0.2309466,-0.3146457,0.2159169,-1.001023
IMU,418260573.0,1,0.1561048,0.4188174,-0.2396765,-0.3416976,0.1976659,-1.242548
IMU,418300077.0,1,0.1925309,0.4839754,-0.2481024,-0.317961,0.1294908,-1.493443
IMU,418340065.0,1,0.2109641,0.5643715,-0.2625035,-0.2778829,0.02553751,-1.92881
IMU,418379900.0,1,0.2276082,0.5699658,-0.2746206,-0.2922834,-0.0005970693,-2.407121
IMU,418422060.0,1,0.3807372,0.4630225,-0.2621019,0.8805311,-1.313088,-4.428702
IMU,418461671.0,1,0.8281583,-0.325267,-0.2606097,0.7465276,0.9565077,-7.986456
IMU,418501894.0,1,1.537923,-2.417375,-0.1048002,0.3477035,-1.920164,-15.39651
IMU,418542180.0,1,-8.363771,3.7243,-0.1389526,-49.7554,-45.71302,-84.42994
IMU,418582302.0,1,-1.727077,0.494101,0.466368,4.239142,4.992287,7.307643
IMU,418621637.0,1,-1.487607,-0.288516,-0.1134072,2.350515,2.330312,-2.473764
IMU,418663457.0,1,-1.403603,-0.9081068,-0.1556353,1.435521,2.43963,0.2811458
IMU,418703473.0,1,-0.919949,-1.081572,-0.08679675,1.712427,2.848598,-1.659387
IMU,418743601.0,1,0.3108217,-0.9923355,0.1012945,1.735171,3.81622,-4.647799
IMU,418784223.0,1,1.990578,-0.6556793,0.2178195,0.776428,3.471132,-7.01229
IMU,418824484.0,1,3.067701,-0.1191536,0.03328849,-0.3772452,0.9248431,-10.79034
IMU,418864480.0,1,1.524305,1.318007,-0.473959,-3.096341,-3.39794,-16.72967
IMU,418904172.0,1,-0.3281599,1.335773,-0.4783919,1.837915,-2.713028,-12.6357
IMU,418944138.0,1,-0.06913024,-0.2302212,-0.1165682,4.199351,-0.1428924,-10.90919
IMU,418984108.0,1,-0.1407147,-0.4121225,0.116939,0.2154389,-0.2237069,-9.430924
IMU,419024432.0,1,-0.07593549,-0.04449051,-0.01232428,-0.07851612,0.7279381,-9.022909
IMU,419064489.0,1,0.04035627,0.08407313,-0.004487216,1.153235,-0.1857724,-10.12634
IMU,419104144.0,1,-0.03091116,-0.01676432,0.0060724,1.005903,-0.138448,-9.794539
IMU,419144165.0,1,0.001560805,0.01480677,0.002578192,0.7969269,0.2083631,-9.84904
IMU,419184092.0,1,-0.005231681,0.003259325,0.0007180525,0.9334183,-0.04015458,-9.689461
IMU,419224492.0,1,-0.006416691,0.0053144,0.002682111,0.8000772,0.04341421,-9.779613
IMU,419264636.0,1,-0.005660354,0.002753758,0.008065507,0.9063513,0.04192831,-9.684231
IMU,419304656.0,1,-0.002689501,0.00290112,-0.001396749,0.9702525,0.05745384,-9.800458
IMU,419344610.0,1,-0.001554168,0.007524165,-0.004653242,0.8563974,-0.02965363,-9.73548
IMU,419384460.0,1,-0.004791048,0.01533023,0.005981348,0.8838177,-0.004034263,-9.683653
IMU,419424940.0,1,-0.002044621,0.002386669,-0.0004614998,0.8986796,-0.002434167,-9.749796
IMU,419464774.0,1,-0.001662931,0.005220106,0.000620569,0.9115198,0.00195537,-9.680936
IMU,419504842.0,1,-0.002510768,0.0108641,0.0001522736,0.9032831,0.0656572,-9.776255
IMU,419544621.0,1,-0.001214849,0.004742507,-0.004075001,0.8366004,0.03363815,-9.847495
IMU,419584834.0,1,-0.003416864,0.0077763,-0.001794165,0.9174034,-0.02849935,-9.805392
IMU,419625451.0,1,-0.002438284,0.006570302,-0.000380557,0.8957736,0.05881039,-9.808893
IMU,419665252.0,1,-0.003541585,0.00557779,0.0001214767,0.8516428,0.04922528,-9.807756
IMU,419705592.0,1,-0.002827792,0.002437295,0.003787918,0.9645925,0.09027934,-9.812673
IMU,419745606.0,1,-0.0007841983,0.005979837,-0.001358849,0.8716735,0.04578537,-9.836303
IMU,419786650.0,1,0.001497384,0.008348702,-0.0007924833,0.9311521,0.1141985,-9.703614
IMU,419826680.0,1,-0.004691398,0.004757139,0.002166465,0.9410526,0.05608463,-9.839179
IMU,419866699.0,1,-0.001813499,0.01021169,0.001246078,0.908408,-0.01629872,-9.683488
IMU,419906641.0,1,-0.002439359,0.01236236,0.001211494,0.8651226,0.07083862,-9.834423
IMU,419947192.0,1,-0.001280616,0.007896709,-0.0008483988,0.867761,-0.04912384,-9.806284
IMU,419987487.0,1,-0.001449815,0.008557606,0.0001754329,0.9755802,0.03016109,-9.72543
IMU,420027166.0,1,-0.004207427,0.0009113078,-0.001374586,0.8152375,0.1560694,-9.720687
IMU,420067869.0,1,-0.0004203243,0.006816933,-0.001650272,0.89428,0.1098808,-9.772741
IMU,420107426.0,1,-0.0002639496,0.005662363,0.004047521,0.9001439,0.02883375,-9.840045
IMU,420147501.0,1,-0.004249773,0.005088015,0.001169768,0.8719125,0.1314899,-9.889718
IMU,420188376.0,1,-0.002451504,0.001958302,-0.001329208,0.8932591,0.07094694,-9.743844
IMU,420228878.0,1,0.001062838,0.004927656,-0.002301825,0.8977736,0.1044046,-9.894326
IMU,420268595.0,1,-0.003058281,0.003340715,0.003533042,0.9180188,-0.04181677,-9.801391
IMU,420308349.0,1,-0.003079436,0.007039436,-0.001675748,0.8408903,0.05341049,-9.729755
IMU,420348860.0,1,-0.002680276,0.002585058,-0.0005656217,0.9446978,0.08021522,-9.845502
IMU,420388824.0,1,-0.0004826595,0.002792914,-0.002343028,0.8452668,0.03256819,-9.842818
IMU,420429884.0,1,-0.00041015,0.001421325,0.001141942,0.9723858,0.1423608,-9.792983
IMU,420470408.0,1,-0.002529935,0.004345051,-0.001286826,0.948839,0.1647289,-9.774053
IMU,420510193.0,1,-0.006234116,0.01691731,0.001448571,0.8831885,0.06094333,-9.654252
IMU,420550097.0,1,0.0008216722,0.007525661,-0.003625628,0.9102656,0.02958387,-9.722397
IMU,420590105.0,1,0.001496686,0.0033033,-0.001264237,0.8823847,0.1179024,-9.876039
IMU,416680364.0,2,-0.0167714,0.09897815,-0.009207966,-0.9814413,0.8732407,-9.645041
IMU,416720161.0,2,-0.03855472,0.05210876,-0.0969506,-0.8334332,0.4832222,-10.959
IMU,416760926.0,2,-0.002778955,-0.01262959,-0.04287336,-1.019487,-0.07705192,-9.60119
IMU,416800868.0,2,0.1211635,0.04020107,-0.05841349,-0.4816424,0.4005993,-8.666352
IMU,416843118.0,2,0.1067966,0.07561279,-0.03640462,-0.2104133,0.411254,-9.962496
IMU,416882983.0,2,0.03853011,0.1641871,-0.1017619,-0.76398,-0.02236354,-11.25839
IMU,416923497.0,2,0.130449,0.1579634,-0.01127619,-0.2475292,0.872003,-9.266109
IMU,416963636.0,2,0.1758495,0.1201943,-0.04031658,-1.056183,-0.4069045,-9.711987
IMU,417003488.0,2,0.06848249,0.159245,-0.02473702,-0.6928816,0.7849054,-9.683792
IMU,417045672.0,2,0.05944491,0.1652038,-0.03562812,-0.3770059,0.2606431,-10.11839
IMU,417085922.0,2,-0.08914295,0.1692927,-0.06646117,-0.5732257,0.6514789,-9.405719
IMU,417125205.0,2,-0.1181252,0.1440213,0.009616608,-0.4372213,0.5431382,-9.449115
IMU,417165264.0,2,-0.0005940442,0.05818194,0.0129333,-1.19877,-0.231991,-9.516739
IMU,417205139.0,2,0.01248959,-0.04853253,-0.01216376,-0.6794725,0.1535051,-9.800157
IMU,417247958.0,2,-0.1128331,-0.04782369,0.02007267,-1.283926,1.210703,-8.674901
IMU,417290428.0,2,0.02150901,-0.06278847,0.07855745,-1.048758,0.5523889,-9.584299
IMU,417330087.0,2,0.03593007,-0.1288277,0.04203584,-0.5142311,-0.2140089,-9.631794
IMU,417370074.0,2,-0.07276164,-0.2001433,-0.01003355,-0.5976391,0.597239,-9.196267
IMU,417410634.0,2,-0.1317023,-0.1786851,0.02901306,-0.8626294,1.110379,-8.703422
IMU,417453060.0,2,0.0401101,-0.1020778,0.004852069,-0.7459168,0.9098263,-8.748837
IMU,417492638.0,2,0.05304208,-0.09731877,0.02533086,-0.960672,0.4762735,-9.91751
IMU,417532492.0,2,-0.04014922,-0.06629427,0.003754756,-0.8002856,0.6623702,-9.8134
IMU,417573081.0,2,-0.0526223,-0.01520574,0.04841292,-1.101191,0.8970643,-7.985727
IMU,417613276.0,2,-0.04687219,0.0594145,0.01824878,-1.24453,0.6711725,-9.016203
IMU,417655093.0,2,-0.06234073,0.185115,0.08378015,-1.203987,0.529622,-8.830577
IMU,417695819.0,2,-0.06766225,0.1504078,0.01052257,-0.5418717,0.3934668,-3.790613
IMU,417735466.0,2,0.0987305,0.2713335,-0.006927487,-0.4508102,0.7979729,-1.531892
IMU,417775649.0,2,0.1141337,0.2352046,-0.09393392,-0.01880941,0.1775391,-0.9470111
IMU,417816174.0,2,0.1399066,0.197308,-0.1046301,-0.1097223,0.2069435,-0.6217961
IMU,417857154.0,2,0.156552,0.1704492,-0.1535262,-0.06797051,0.2027434,-0.5847701
IMU,417896802.0,2,0.1555142,0.1497564,-0.178457,-0.1080224,0.122538,-0.7387943
IMU,417936674.0,2,0.1579576,0.176022,-0.1822041,-0.1242793,0.1272748,-0.6232995
IMU,417977138.0,2,0.1764489,0.1912909,-0.190481,-0.1091112,0.1146761,-0.7327014
IMU,418017392.0,2,0.1632918,0.1860331,-0.1998788,-0.1525997,0.07153969,-0.7691371
IMU,418058887.0,2,0.1292186,0.1871562,-0.2060981,-0.1767143,0.07280159,-0.8147799
IMU,418098416.0,2,0.09582977,0.2120207,-0.2087334,-0.2025956,0.08128181,-0.8285777
IMU,418138160.0,2,0.09912727,0.2473367,-0.219793,-0.2397584,0.1837297,-0.869328
IMU,418178376.0,2,0.1306027,0.3045877,-0.2378548,-0.2414003,0.1909562,-0.9821256
IMU,418218942.0,2,0.166604,0.3716607,-0.2588528,-0.2454218,0.1919698,-1.132031
IMU,418260573.0,2,0.2027492,0.4594072,-0.2750727,-0.2573092,0.168831,-1.292104
IMU,418300077.0,2,0.237195,0.5333703,-0.2828417,-0.268964,0.1162673,-1.526708
IMU,418340065.0,2,0.2591222,0.6073827,-0.3005709,-0.2001463,0.03011649,-1.983977
IMU,418379900.0,2,0.2740072,0.6159343,-0.3152595,-0.2037219,0.0209181,-2.580063
IMU,418422060.0,2,0.3949066,0.4546754,-0.3030539,0.2790847,-0.5065233,-3.7966
IMU,418461671.0,2,0.9105819,-0.4021107,-0.3145862,0.6404173,0.904662,-7.030204
IMU,418501894.0,2,1.527388,-2.536146,-0.1604692,0.6180709,-1.461346,-13.46142
IMU,418542180.0,2,-7.796398,4.285397,0.4971209,-63.65823,-59.15821,-103.4373
IMU,418582302.0,2,-1.822564,0.5695818,0.6625156,3.599886,6.399852,6.894302
IMU,418621637.0,2,-1.498529,-0.2827847,-0.06273862,2.356015,2.51481,-1.257102
IMU,418663457.0,2,-1.406979,-0.93855,-0.1105312,1.525125,2.418551,0.2282576
IMU,418703473.0,2,-0.9050725,-1.111536,-0.04826838,2.019253,2.687014,-1.829959
IMU,418743601.0,2,0.3766191,-1.027543,0.1066323,1.932374,3.4641,-4.617128
IMU,418784223.0,2,2.116914,-0.6695052,0.1595462,0.9375647,3.037874,-7.071102
IMU,418824484.0,2,3.119816,-0.112922,-0.1380295,-0.1362471,0.8868089,-11.17462
IMU,418864480.0,2,1.405885,1.484435,-0.5812872,-2.898353,-2.644941,-17.67955
IMU,418904172.0,2,-0.2989807,1.288342,-0.503797,1.114241,-2.710157,-12.12569
IMU,418944138.0,2,-0.06495669,-0.2880859,-0.08098833,4.137021,-0.1737945,-10.75113
IMU,418984108.0,2,-0.1425144,-0.4203624,0.1349934,0.3018426,-0.216523,-9.560797
IMU,419024432.0,2,-0.06534582,-0.03677179,-0.01963227,-0.05877091,0.6270887,-9.145675
IMU,419064489.0,2,0.07308621,0.0820671,-0.01740485,1.121846,-0.09834743,-10.15852
IMU,419104144.0,2,-0.03329965,-0.03080191,0.004266052,1.044912,-0.1859102,-9.853695
IMU,419144165.0,2,0.004566376,0.01389679,-0.004641103,0.7695636,0.1715856,-9.902756
IMU,419184092.0,2,-0.004086872,-0.008962221,-0.001655648,0.9335361,-0.1350549,-9.800156
IMU,419224492.0,2,-0.0004074404,0.001430777,-0.00225452,0.8702472,0.0878875,-9.868152
IMU,419264636.0,2,-0.003517253,-0.0004905156,-0.0006530457,0.9028005,-0.02802708,-9.81566
IMU,419304656.0,2,-0.000791579,0.0006577753,-0.002514911,0.9125859,0.01405104,-9.839746
IMU,419344610.0,2,-0.001465938,0.0002245789,-0.001955985,0.9123024,-0.00196806,-9.838499
IMU,419384460.0,2,0.0003098122,0.00212086,-0.00175359,0.8814095,0.01124483,-9.845794
IMU,419424940.0,2,0.0002519046,-0.001473388,-0.002185747,0.9026974,-0.02131104,-9.862691
IMU,419464774.0,2,-5.264091e-05,0.000247378,-0.004236924,0.889554,-0.001656897,-9.861655
IMU,419504842.0,2,-0.002483858,-0.001604847,0.0002715898,0.8958576,0.01450761,-9.839252
IMU,419544621.0,2,-0.0003593981,0.0007385662,-0.002767664,0.8730268,0.006012716,-9.85399
IMU,419584834.0,2,-0.0004864327,0.0007770286,-0.0008727664,0.8970491,-0.003932746,-9.837897
IMU,419625451.0,2,0.0008614091,-0.00128807,-0.002806074,0.8855171,-0.002963831,-9.863785
IMU,419665252.0,2,0.0005538893,-0.0002739952,-0.002598685,0.9175764,0.005397343,-9.873113
IMU,419705592.0,2,-0.002564619,-0.001693845,-0.001127239,0.8849862,0.009612918,-9.850382
IMU,419745606.0,2,-4.031969e-05,0.0005578574,-0.001470638,0.9067776,-0.0100241,-9.853824
IMU,419786650.0,2,0.0002205633,-0.001547441,-0.0005530056,0.912373,0.01624039,-9.866716
IMU,419826680.0,2,-0.0008641338,-0.0009580422,-0.003137014,0.905763,0.006535784,-9.841676
IMU,419866699.0,2,0.000477433,0.0004367662,-0.00282274,0.8850642,0.01701217,-9.852427
IMU,419906641.0,2,0.0001738949,-0.0001168352,-0.002213878,0.9045786,-0.004714568,-9.834614
IMU,419947192.0,2,-0.001547197,-0.001419078,-0.0005937997,0.8866311,0.01548654,-9.845401
IMU,419987487.0,2,-0.002041016,0.001889636,-0.001272026,0.8881101,0.009893169,-9.845668
IMU,420027166.0,2,-0.0002185374,-0.0004839857,-0.001651883,0.9033566,0.01249626,-9.852454
IMU,420067869.0,2,0.0001416144,0.001056525,-0.002685697,0.9107132,0.01450138,-9.83805
IMU,420107426.0,2,-0.0007869437,-0.0009479497,-0.0005854212,0.893611,0.00461197,-9.865888
IMU,420147501.0,2,0.000329517,-4.094381e-06,-0.0007562212,0.8813794,0.00860611,-9.851919
IMU,420188376.0,2,-0.00143656,0.0001132679,-0.002182952,0.8884144,-0.0003621126,-9.867528
IMU,420228878.0,2,0.0005533076,0.0007656507,-0.001174249,0.8826829,0.005466749,-9.841511
IMU,420268595.0,2,-0.0008268505,0.0006243272,-0.002336585,0.8862441,0.01501744,-9.838768
IMU,420308349.0,2,0.0001930019,-1.906661e-05,-0.001616556,0.9133313,0.01366391,-9.844646
IMU,420348860.0,2,-0.001253625,-0.0001456703,-0.001562356,0.9088092,0.0125902,-9.860797
IMU,420388824.0,2,0.0003370858,-0.0001729165,-0.002180995,0.8870469,0.01882092,-9.871173
IMU,420429884.0,2,-0.0004474932,0.000812383,-0.0009564382,0.9060064,0.002369357,-9.831819
IMU,420470408.0,2,-0.001966979,-0.001416404,-0.001649501,0.8939915,0.02132394,-9.863082
IMU,420510193.0,2,-0.0002856228,-0.0007484758,-0.002475543,0.8994544,0.03134178,-9.84945
IMU,420550097.0,2,-0.0003921272,-2.367089e-05,-0.001796504,0.8933487,0.002811955,-9.853231
IMU,420590105.0,2,-0.0002403698,0.0003176776,-0.00321694,0.9016586,0.02310892,-9.851202
