ARM,521017478.0,0.0
AHR2,520125576.0,-0.79,-2.63,149.67,468.63,43.2382696,-7.681806
AHR2,520229087.0,-0.75,-2.5,149.83,468.79,43.2382675,-7.6818049
AHR2,520330493.0,-1.03,-2.41,149.89,468.68,43.2382652,-7.6818037
AHR2,520433970.0,-0.65,-1.75,149.65,468.87,43.2382633,-7.681802
AHR2,520535919.0,-0.77,-0.87,149.97,468.64,43.2382611,-7.6818006
AHR2,520637437.0,-1.12,-0.49,150.07,468.72,43.238259,-7.6817991
AHR2,520741447.0,-0.78,0.16,149.94,468.57,43.2382575,-7.6817981
AHR2,520844856.0,-0.6,0.66,150.23,468.82,43.238255,-7.6817962
AHR2,520946452.0,-0.61,1.49,150.16,468.75,43.2382531,-7.6817949
AHR2,521049807.0,-0.31,1.85,150.29,468.97,43.2382515,-7.6817936
AHR2,521150094.0,-0.18,2.17,150.23,468.14,43.2382496,-7.6817922
AHR2,521250926.0,-0.09,3.76,149.24,467.73,43.2382481,-7.6817913
AHR2,521351416.0,-0.1,5.27,148.06,467.5,43.2382463,-7.6817901
AHR2,521453080.0,-0.48,6.66,146.8,467.6,43.2382446,-7.6817885
AHR2,521553591.0,-1.12,7.99,145.45,467.14,43.238243,-7.6817873
AHR2,521656861.0,-1.87,9.36,143.78,466.73,43.2382421,-7.6817862
AHR2,521757398.0,-2.81,10.83,141.93,466.45,43.2382404,-7.6817849
AHR2,521859210.0,-1.71,12.13,140.04,465.86,43.2382383,-7.6817835
AHR2,521959941.0,7.22,-1.99,140.9,463.06,43.2382366,-7.6817824
AHR2,522061205.0,7.6,-7.79,142.42,462.96,43.238234,-7.6817816
AHR2,522161480.0,4.96,-12.71,143.37,463.91,43.2382319,-7.6817806
AHR2,522261658.0,7.45,-9.12,142.07,463.82,43.2382339,-7.6817869
AHR2,522361416.0,5.69,-2.09,139.36,464.04,43.2382333,-7.6817886
AHR2,522461431.0,5.64,-2.89,139.75,463.9,43.2382346,-7.6817862
AHR2,522561269.0,5.59,-2.77,139.73,463.82,43.2382346,-7.6817866
AHR2,522661388.0,5.54,-2.78,139.73,463.76,43.2382351,-7.6817862
AHR2,522761495.0,5.46,-2.79,139.73,464.08,43.2382352,-7.6817864
AHR2,522861930.0,5.38,-2.79,139.73,463.76,43.2382355,-7.6817857
AHR2,522961847.0,5.3,-2.78,139.72,463.85,43.2382355,-7.6817857
AHR2,523062352.0,5.23,-2.77,139.72,463.86,43.2382362,-7.6817854
AHR2,523162384.0,5.17,-2.78,139.72,463.82,43.2382362,-7.6817854
AHR2,523262900.0,5.1,-2.78,139.72,463.78,43.2382368,-7.6817849
AHR2,523362615.0,5.04,-2.78,139.72,463.77,43.2382368,-7.6817849
AHR2,523464371.0,4.97,-2.77,139.73,464.03,43.2382373,-7.6817845
AHR2,523567187.0,4.91,-2.78,139.72,463.74,43.2382373,-7.6817845
AHR2,523668442.0,4.86,-2.79,139.72,463.93,43.2382381,-7.6817836
AHR2,523768863.0,4.8,-2.78,139.72,463.72,43.2382381,-7.6817836
AHR2,523870077.0,4.74,-2.78,139.72,463.73,43.2382391,-7.6817825
AHR2,523969733.0,4.68,-2.78,139.72,463.89,43.2382391,-7.6817826
ATT,520124943.0,-0.843286,-0.797056,-3.600122,-2.738685,151.5955,150.9867
ATT,520228378.0,-0.9650277,-0.741579,-3.422867,-2.659598,151.5978,151.0733
ATT,520329870.0,-1.048193,-1.043356,-3.041219,-2.568629,151.5968,151.0621
ATT,520433169.0,-1.114461,-0.6874114,-2.544068,-1.906492,151.5938,150.731
ATT,520535278.0,-1.108895,-0.8265522,-2.001751,-1.071159,151.5884,150.9715
ATT,520636855.0,-1.042275,-1.200921,-1.387601,-0.7308406,151.5816,151.0047
ATT,520740861.0,-0.9516588,-0.8686907,-0.8070002,-0.1126885,151.5757,150.8112
ATT,520844132.0,-0.813377,-0.6858795,-0.2627696,0.3432716,151.5709,151.0294
ATT,520945874.0,-0.6827781,-0.6887836,0.2163865,1.108687,151.5677,150.9095
ATT,521049147.0,-0.493679,-0.3881551,0.493365,1.431176,151.0035,150.9977
ATT,521149468.0,-0.2511342,-0.2679567,0.250975,1.758948,150.923,150.919
ATT,521250302.0,-0.127728,-0.1798403,0.127647,3.406271,149.913,149.9103
ATT,521350720.0,-0.06502208,-0.2284036,0.06498059,5.111786,148.6753,148.6719
ATT,521452480.0,-0.03280767,-0.6240811,0.03278835,6.688929,147.3753,147.366
ATT,521552956.0,-0.01670613,-1.272442,0.01669666,8.201249,145.9858,145.9667
ATT,521656214.0,-0.008298271,-2.04711,0.008293856,9.761451,144.2663,144.2353
ATT,521756843.0,-0.00423646,-3.041186,0.00423462,11.37786,142.3753,142.3291
ATT,521858583.0,-0.002138063,-1.988155,0.002137149,12.84861,140.4316,140.4013
ATT,521959159.0,-0.001086929,6.984795,0.001085934,-0.9530455,141.3614,141.4653
ATT,522060645.0,-0.0005491932,7.197958,0.0005495083,-6.587181,142.9365,143.0442
ATT,522160786.0,-0.0002851372,4.229564,0.0002854068,-11.35815,143.9413,144.0055
ATT,522261118.0,-0.0002794725,6.848666,0.0002799791,-7.823554,142.507,142.6098
ATT,522360812.0,-0.00027436,5.664127,0.0002749812,-0.9931415,139.5483,139.6326
ATT,522460888.0,-0.0002694033,5.948161,0.0002700453,-1.879064,139.8516,139.9402
ATT,522560664.0,-0.0002694034,5.929983,0.0002700453,-1.72807,139.8415,139.9298
ATT,522660659.0,-0.0002694033,5.929276,0.0002700452,-1.702414,139.8591,139.9474
ATT,522760940.0,-0.0002694033,5.925503,0.0002700453,-1.666777,139.8904,139.9786
ATT,522861350.0,-0.0002694033,5.918557,0.0002700453,-1.627758,139.9289,140.017
ATT,522961164.0,-0.0002640817,5.901688,0.0002646485,-1.578743,139.9722,140.06
ATT,523061650.0,-0.0002587736,5.885506,0.000259157,-1.532894,140.0511,140.1387
ATT,523161626.0,-0.0002587735,5.863662,0.0002591569,-1.493502,140.1704,140.2577
ATT,523262345.0,-0.0002587735,5.836851,0.0002591571,-1.450502,140.3084,140.3953
ATT,523361980.0,-0.0002587734,5.798338,0.0002591568,-1.396132,140.4673,140.5536
ATT,523463662.0,-0.0002480207,5.757085,0.0002488312,-1.334436,140.6232,140.7089
ATT,523566481.0,-0.0002429148,5.717845,0.0002437693,-1.280027,140.7977,140.8828
ATT,523667694.0,-0.0002380386,5.693593,0.0002388335,-1.244202,140.9234,141.0081
ATT,523768123.0,-0.0002380387,5.646938,0.0002388334,-1.188623,141.0965,141.1805
ATT,523869365.0,-0.0002283014,5.602482,0.0002286701,-1.138283,141.2471,141.3305
ATT,523969098.0,-0.0002283015,5.55712,0.0002286703,-1.09162,141.3999,141.4827
BARO,520095213.0,0,1.868317,469.4283,96953.51
BARO,520196911.0,0,2.02655,469.5865,96951.78
BARO,520300364.0,0,1.910706,469.4707,96953.05
BARO,520402082.0,0,2.102844,469.6628,96950.96
BARO,520504979.0,0,1.871124,469.4311,96953.48
BARO,520607467.0,0,1.950256,469.5103,96952.6
BARO,520710588.0,0,1.803314,469.3633,96954.2
BARO,520813611.0,0,2.051971,469.612,96951.5
BARO,520916188.0,0,1.987,469.547,96952.2
BARO,521017845.0,0,2.201752,469.7617,96949.88
BARO,521119405.0,0,1.376648,468.9366,96958.84
BARO,521219353.0,0,0.9612427,468.5212,96963.35
BARO,521320421.0,0,0.7323608,468.2924,96965.84
BARO,521422108.0,0,0.8369141,468.3969,96964.69
BARO,521522823.0,0,0.3706665,467.9307,96969.77
BARO,521623207.0,0,-0.03622437,467.5238,96974.2
BARO,521724521.0,0,-0.3103027,467.2497,96977.15
BARO,521826175.0,0,-0.9065552,466.6534,96983.63
BARO,521926436.0,0,-3.70401,463.856,97014.01
BARO,522028164.0,0,-3.802917,463.7571,97015.09
BARO,522128058.0,0,-2.853455,464.7065,97004.77
BARO,522228602.0,0,-2.946716,464.6133,97005.8
BARO,522328415.0,0,-2.72348,464.8365,97003.37
BARO,522428313.0,0,-2.867584,464.6924,97004.93
BARO,522528382.0,0,-2.946716,464.6133,97005.79
BARO,522628374.0,0,-3.008881,464.5511,97006.45
BARO,522728410.0,0,-2.689575,464.8704,97002.98
BARO,522828587.0,0,-3.000397,464.5596,97006.36
BARO,522929203.0,0,-2.912811,464.6472,97005.41
BARO,523029926.0,0,-2.901489,464.6585,97005.28
BARO,523130084.0,0,-2.946716,464.6133,97005.79
BARO,523229891.0,0,-2.983459,464.5765,97006.2
BARO,523329968.0,0,-2.991913,464.5681,97006.28
BARO,523430963.0,0,-2.731964,464.828,97003.44
BARO,523531638.0,0,-3.025848,464.5341,97006.64
BARO,523631792.0,0,-2.830872,464.7291,97004.52
BARO,523732915.0,0,-3.045624,464.5144,97006.85
BARO,523834885.0,0,-3.031494,464.5285,97006.7
BARO,523934580.0,0,-2.876068,464.6839,97005.01
BARO,520095213.0,1,1.382294,468.9423,96935.82
BARO,520196911.0,1,1.876801,469.4368,96930.44
BARO,520300364.0,1,1.44162,469.0016,96935.16
BARO,520402082.0,1,1.856995,469.417,96930.68
BARO,520504979.0,1,1.438812,468.9988,96935.2
BARO,520607467.0,1,1.529236,469.0892,96934.22
BARO,520710588.0,1,1.416199,468.9762,96935.45
BARO,520813611.0,1,1.837219,469.3972,96930.87
BARO,520916188.0,1,1.435974,468.996,96935.25
BARO,521017845.0,1,2.083069,469.6431,96928.22
BARO,521119405.0,1,1.094055,468.6541,96938.95
BARO,521219353.0,1,0.8312683,468.3913,96941.81
BARO,521320421.0,1,0.6560669,468.2161,96943.71
BARO,521422108.0,1,0.5939026,468.1539,96944.38
BARO,521522823.0,1,0.359375,467.9194,96946.92
BARO,521623207.0,1,-0.07296753,467.487,96951.63
BARO,521724521.0,1,-0.2763977,467.2836,96953.82
BARO,521826175.0,1,-0.9573975,466.6026,96961.22
BARO,521926436.0,1,-3.415771,464.1442,96987.91
BARO,522028164.0,1,-4.325653,463.2343,96997.8
BARO,522128058.0,1,-3.121918,464.4381,96984.73
BARO,522228602.0,1,-2.989105,464.5709,96983.29
BARO,522328415.0,1,-3.274506,464.2855,96986.38
BARO,522428313.0,1,-3.121918,464.4381,96984.73
BARO,522528382.0,1,-3.234924,464.3251,96985.95
BARO,522628374.0,1,-3.10495,464.455,96984.55
BARO,522728410.0,1,-3.33667,464.2233,96987.05
BARO,522828587.0,1,-3.133209,464.4268,96984.84
BARO,522929203.0,1,-3.319702,464.2403,96986.86
BARO,523029926.0,1,-3.113434,464.4466,96984.62
BARO,523130084.0,1,-3.09082,464.4692,96984.39
BARO,523229891.0,1,-3.297089,464.2629,96986.63
BARO,523329968.0,1,-3.234924,464.3251,96985.95
BARO,523430963.0,1,-3.215149,464.3448,96985.73
BARO,523531638.0,1,-3.184082,464.3759,96985.38
BARO,523631792.0,1,-3.17276,464.3872,96985.29
BARO,523732915.0,1,-3.17276,464.3872,96985.28
BARO,523834885.0,1,-3.15863,464.4014,96985.12
BARO,523934580.0,1,-3.110596,464.4494,96984.59
GPS,520212075.0,4,22,43.2382704,-7.6818065,467.96,2.674,0.04,0.0
GPS,520416911.0,4,22,43.2382661,-7.6818038,467.97,2.627,0.023,0.0
GPS,520641985.0,4,22,43.2382619,-7.6818009,467.93,2.515,0.058,0.0
GPS,520808591.0,4,22,43.2382579,-7.6817982,467.88,2.376,0.221,0.0
GPS,521015594.0,4,22,43.2382542,-7.6817955,467.82,2.299,0.129,0.0
GPS,521217184.0,4,22,43.2382507,-7.6817929,467.7,2.176,0.9540001,0.0
GPS,521399095.0,4,22,43.2382473,-7.6817906,467.32,2.047,3.084,0.0
GPS,521643667.0,4,22,43.2382443,-7.6817879,466.54,2.171,4.883,0.0
GPS,521804650.0,4,22,43.2382412,-7.6817854,465.44,2.103,6.582,0.0
GPS,522007490.0,4,21,43.2382375,-7.6817833,463.99,2.48,7.973001,0.0
GPS,522209136.0,4,22,43.2382349,-7.6817839,463.18,1.595,0.083,0.0
GPS,522409491.0,4,22,43.2382346,-7.6817856,463.06,0.302,0.8240001,0.0
GPS,522631414.0,4,22,43.238235,-7.6817859,463.02,0.197,-0.296,0.0
GPS,522811153.0,4,21,43.2382355,-7.6817857,463.06,0.031,-0.164,0.0
GPS,523011433.0,4,22,43.2382361,-7.6817854,463.05,0.072,-0.101,0.0
GPS,523211919.0,4,22,43.2382368,-7.6817849,463.01,0.011,-0.09100001,0.0
GPS,523412438.0,4,22,43.2382373,-7.6817845,463.08,0.017,-0.064,0.0
GPS,523634459.0,4,22,43.2382381,-7.6817836,463.19,0.018,-0.01,0.0
GPS,523818399.0,4,22,43.2382391,-7.6817825,463.34,0.042,0.008,0.0
IMU,520122861.0,0,-0.07297423,-0.03008625,-0.002226933,-1.390689,-0.7737175,-9.139079
IMU,520164731.0,0,-0.1423539,0.04792055,0.09781624,-0.8733491,-0.8130548,-8.999647
IMU,520204602.0,0,-0.06072233,-0.02367329,0.05698447,-0.6601809,-0.4588851,-9.409648
IMU,520247632.0,0,0.02217961,0.02298754,-0.1148963,-0.8857872,-0.4802151,-10.48031
IMU,520287854.0,0,0.05671094,0.0333457,-0.031383,-0.05512192,0.9477981,-10.19677
IMU,520327224.0,0,0.1798406,0.07356989,-0.0370663,-0.1003886,1.233147,-10.31054
IMU,520369128.0,0,-0.08425067,0.06377852,0.007866103,-0.08266942,0.5342699,-9.091603
IMU,520409126.0,0,-0.03818395,0.1769587,0.04844861,-1.187983,-0.9402199,-8.833064
IMU,520451478.0,0,-0.1109608,0.1211663,0.03918746,-0.9669943,-0.4857675,-8.853668
IMU,520492383.0,0,-0.1055925,0.179156,-0.02395817,-0.7603093,-1.146151,-9.65805
IMU,520532258.0,0,0.02903309,0.07956626,-0.07292905,-0.7864187,-0.1495512,-9.681235
IMU,520574879.0,0,0.04230189,0.03752026,-0.03762203,-0.7091712,-0.0072456,-10.20558
IMU,520614471.0,0,0.09249444,0.03894004,0.003199849,-0.2547742,0.9273275,-9.941239
IMU,520657645.0,0,0.03063517,-0.003634915,0.05407624,-0.6358665,0.8433036,-10.00493
IMU,520698226.0,0,-0.06220097,0.1055574,-0.002865039,0.1924554,0.2354038,-9.2334
IMU,520737924.0,0,-0.09112486,0.1459778,0.01537707,-0.1261949,-0.1101998,-9.479466
IMU,520780747.0,0,0.171471,0.1192221,-0.02745914,-0.04465498,0.9962773,-9.749852
IMU,520824629.0,0,0.1313471,0.02884972,0.04780144,-0.2058707,0.981626,-9.30934
IMU,520865891.0,0,0.0238947,0.07604127,0.07727158,-0.05599877,0.8843563,-9.943581
IMU,520906189.0,0,-0.1204058,0.06014344,0.05252043,-0.6207802,-0.2981041,-8.835747
IMU,520948375.0,0,-0.04775983,0.1161957,-0.05555424,0.08413184,-0.06007229,-10.12198
IMU,520990514.0,0,0.05038028,0.1485314,0.001301454,-0.7562655,0.629738,-9.417074
IMU,521031376.0,0,-0.008341575,0.05097619,0.08819734,-0.5748641,-0.377352,-9.421334
IMU,521072174.0,0,0.02748126,0.03295036,-0.02007111,0.1691318,-1.130472,-3.255916
IMU,521111770.0,0,0.00378423,0.07559896,-0.01901846,0.05725329,0.2935047,-0.80349
IMU,521151810.0,0,0.03695894,0.1886173,-0.09562506,-0.4685903,0.1035723,-0.3612449
IMU,521192153.0,0,0.04255699,0.2797647,-0.1699001,-0.2248133,-0.07723753,-0.3106666
IMU,521232842.0,0,0.01185041,0.3091479,-0.1943202,-0.1572612,0.00971493,-0.3871784
IMU,521272628.0,0,0.01523012,0.2913288,-0.2072634,-0.1318726,-0.01348075,-0.4541735
IMU,521313079.0,0,0.01265584,0.3095983,-0.2104829,-0.08976138,-0.03866506,-0.5386862
IMU,521353855.0,0,0.003280602,0.2766805,-0.2129265,-0.07080457,-0.0196752,-0.5873611
IMU,521393480.0,0,-0.02995566,0.2741887,-0.2164458,-0.1021652,-0.06388369,-0.6026425
IMU,521435112.0,0,-0.05610319,0.2672096,-0.2228897,-0.08818281,-0.01833619,-0.7324018
IMU,521474965.0,0,-0.07061726,0.2632186,-0.2291659,-0.05453734,-0.02304751,-0.7741516
IMU,521515395.0,0,-0.0779181,0.2658631,-0.2366748,-0.07196967,-0.008590664,-0.867746
IMU,521556091.0,0,-0.07554198,0.2713339,-0.2564934,-0.03110539,-0.002365972,-0.9427744
IMU,521595456.0,0,-0.07171442,0.2663689,-0.2713746,-0.05143305,0.03154126,-1.029591
IMU,521635452.0,0,-0.08225585,0.2674615,-0.2893224,-0.04620933,0.01229803,-1.15158
IMU,521676408.0,0,-0.09901319,0.2829506,-0.3045012,-0.03434333,-0.0002017355,-1.288348
IMU,521716902.0,0,-0.1051029,0.2988732,-0.3148601,-0.01218411,0.03474445,-1.440345
IMU,521759938.0,0,-0.107258,0.3053932,-0.328282,0.01892722,0.04020512,-1.563897
IMU,521799611.0,0,-0.1035551,0.2946237,-0.3422594,0.0588816,0.06526948,-1.694197
IMU,521840862.0,0,0.3399821,0.356151,-0.3088206,1.075799,1.759069,-6.681747
IMU,521881571.0,0,2.120217,-1.248274,0.1212525,6.066663,2.659379,-16.06599
IMU,521921586.0,0,6.98325,-3.600495,3.683276,-2.027403,7.011309,8.474233
IMU,521962227.0,0,-0.04070327,-1.074968,-0.2739885,1.113539,4.59705,2.882692
IMU,522001839.0,0,0.2708978,-0.9232296,0.405263,1.043116,0.2301579,0.3996032
IMU,522042788.0,0,-0.1318616,-0.9559596,0.4292339,0.2424319,0.390599,-0.06254005
IMU,522083108.0,0,-0.4582156,-0.9021654,0.3908449,-0.4924744,-0.180365,0.6180648
IMU,522123114.0,0,-0.5926777,-0.7494553,0.258243,-0.3031286,0.3031244,-0.462533
IMU,522163120.0,0,-0.3246982,-0.7896175,0.1014936,-0.3168127,0.6898648,-0.8295749
IMU,522203153.0,0,0.1165747,-0.8850237,-0.09673135,-0.3228247,1.076004,-2.017078
IMU,522243672.0,0,1.884145,0.1367053,-0.8351508,-20.13975,3.951473,-16.70132
IMU,522283595.0,0,0.7663351,4.690064,-0.7915488,5.061203,2.002797,-7.553959
IMU,522323186.0,0,-1.196329,0.03714861,-1.066989,11.3214,-3.311384,-20.18736
IMU,522363220.0,0,-0.425071,-0.5620054,-0.02450616,0.3086858,-1.578816,-15.46091
IMU,522403386.0,0,-0.06075135,-0.3546857,0.1552034,-1.756588,-0.07874514,-9.61953
IMU,522443591.0,0,-0.01587159,-0.06380162,0.0470108,-1.415379,0.3509568,-8.030486
IMU,522483832.0,0,0.008391041,0.1119953,-0.0269843,-0.3766445,-0.3834813,-9.690434
IMU,522523456.0,0,-0.01108781,-0.00548472,0.001417787,0.05188457,-0.3349134,-10.1807
IMU,522563156.0,0,0.004130667,-0.01091044,0.01316506,-0.7267252,0.0358361,-9.404408
IMU,522603167.0,0,0.00488137,0.02182657,-0.001743169,-0.3220692,-0.2427984,-9.821158
IMU,522644171.0,0,0.002164463,-0.017026,0.01015556,-0.4091828,-0.2454594,-9.645288
IMU,522683697.0,0,-0.001422273,0.006387702,0.002541414,-0.5088905,-0.1572919,-9.564681
IMU,522723371.0,0,0.0008626708,-0.0005216589,0.005582214,-0.3837055,-0.1755506,-9.803304
IMU,522763420.0,0,0.00274986,-0.002130204,0.005725306,-0.490977,-0.1968649,-9.588399
IMU,522803156.0,0,0.001699417,0.003778745,0.003344747,-0.4160134,-0.1928077,-9.68863
IMU,522843790.0,0,-0.0001403821,0.00297976,0.003987856,-0.4378002,-0.201521,-9.662094
IMU,522884195.0,0,0.0009424204,-0.002929732,0.004163324,-0.4476777,-0.1862796,-9.659514
IMU,522923636.0,0,0.00309514,0.009743823,0.002880769,-0.4165739,-0.2202344,-9.716942
IMU,522963587.0,0,-0.001988052,0.0008989121,0.001041175,-0.4525686,-0.2099395,-9.653146
IMU,523004118.0,0,-0.00104777,0.003020556,0.002755588,-0.4309694,-0.1884973,-9.69638
IMU,523044627.0,0,0.002096373,0.002366247,0.004886924,-0.4088597,-0.1857464,-9.707258
IMU,523084502.0,0,0.002850052,-0.002507674,0.005255775,-0.4310345,-0.1969247,-9.696645
IMU,523124408.0,0,0.000668663,0.001784133,0.00369321,-0.4498699,-0.1843556,-9.671849
IMU,523164220.0,0,0.001503665,-0.001235284,0.004009489,-0.4117849,-0.1974907,-9.707337
IMU,523204836.0,0,0.001369628,0.000288471,0.005327081,-0.4532878,-0.189169,-9.648107
IMU,523245271.0,0,0.002269702,-0.000335415,0.00518727,-0.4172485,-0.1937627,-9.720594
IMU,523284858.0,0,0.001551862,0.0006198543,0.004286672,-0.434756,-0.1783071,-9.678905
IMU,523324846.0,0,-0.001042958,-9.94754e-05,0.005270247,-0.4490037,-0.1960943,-9.672557
IMU,523365402.0,0,0.001447047,0.0002329406,0.003291409,-0.4356502,-0.1871985,-9.679637
IMU,523405274.0,0,-9.843825e-05,0.003962903,0.003081348,-0.4453758,-0.1962,-9.683369
IMU,523445990.0,0,0.00134069,0.001715332,0.00379853,-0.4249908,-0.1902252,-9.69581
IMU,523485890.0,0,0.002961068,0.0007759958,0.003952139,-0.4270053,-0.1913076,-9.68697
IMU,523526502.0,0,0.00226926,-0.0003275402,0.003849612,-0.4456325,-0.1752803,-9.658078
IMU,523569136.0,0,0.001495207,-0.0006390952,0.004451189,-0.4204327,-0.191362,-9.684754
IMU,523609275.0,0,0.003088427,-0.0004080274,0.003338484,-0.4400941,-0.1898776,-9.680426
IMU,523649983.0,0,0.001920514,-0.001090494,0.004662887,-0.4249132,-0.1860819,-9.654092
IMU,523690576.0,0,0.002061426,0.0005304331,0.003173156,-0.4299221,-0.1901352,-9.667599
IMU,523730389.0,0,0.0002761452,0.00151548,0.004245422,-0.4258777,-0.179691,-9.675818
IMU,523770968.0,0,0.0009569257,0.00126638,0.002861318,-0.4352111,-0.198087,-9.682499
IMU,523810785.0,0,0.001599956,0.001350767,0.003291968,-0.4291182,-0.1823188,-9.665959
IMU,523852114.0,0,-4.358762e-05,0.001231643,0.00394759,-0.4257468,-0.1817162,-9.674957
IMU,523891579.0,0,-7.00486e-05,0.002875889,0.004545109,-0.4279768,-0.1816217,-9.663014
IMU,523931600.0,0,-0.0001387046,0.0007626552,0.004105567,-0.424117,-0.182462,-9.703804
IMU,523972146.0,0,0.00193814,-0.0002910763,0.003922167,-0.4364079,-0.1847548,-9.670756
IMU,524015184.0,0,0.0003071367,0.0007115054,0.004421471,-0.4313918,-0.1904438,-9.679787
IMU,520122861.0,1,-0.04992708,-0.0605465,-0.04827256,-0.9891318,-0.8972602,-9.434202
IMU,520164731.0,1,-0.111447,0.02770045,0.06060991,0.2324833,-1.276403,-9.386869
IMU,520204602.0,1,0.0017811,-0.07831768,0.03096827,-0.4419637,-0.7699307,-9.668461
IMU,520247632.0,1,-0.005708437,-0.01451449,-0.08143057,-1.152547,-1.139698,-10.58699
IMU,520287854.0,1,-0.04840878,0.05123056,-0.03288022,-0.619416,0.8568044,-10.30365
IMU,520327224.0,1,0.06909908,0.09410146,-0.05438178,-0.1816233,0.4176153,-11.10874
IMU,520369128.0,1,-0.08916685,0.06109948,-0.02223778,-0.1271162,0.3890161,-9.143011
IMU,520409126.0,1,-0.03026879,0.1522526,0.01237434,-1.044769,-1.022234,-9.132694
IMU,520451478.0,1,-0.08492043,0.08134362,0.02087053,-0.4897417,-0.3321826,-8.955647
IMU,520492383.0,1,-0.08441173,0.1399305,-0.01756158,-0.3466959,-0.58757,-9.763644
IMU,520532258.0,1,0.002957475,0.04929127,-0.04969974,-1.459713,-0.8674834,-9.455535
IMU,520574879.0,1,0.02843589,0.03052461,-0.04149596,-1.534934,-0.525479,-10.5434
IMU,520614471.0,1,0.03610514,0.04666463,-0.03137933,-0.6305114,-0.4202572,-10.18045
IMU,520657645.0,1,0.02919255,0.003666772,0.03529845,-0.5140282,0.5835965,-10.40668
IMU,520698226.0,1,-0.06452721,0.1113013,-0.008350038,1.186842,0.4664877,-9.34853
IMU,520737924.0,1,-0.0953153,0.1314664,0.02255344,0.847515,-0.4634197,-9.883416
IMU,520780747.0,1,0.05357995,0.1111007,-0.003386552,0.2152011,0.2902008,-10.48214
IMU,520824629.0,1,0.1147978,0.06154481,0.004305291,-0.40564,0.3548846,-9.232441
IMU,520865891.0,1,0.02245753,0.07924931,0.05361033,0.9226568,0.2406247,-10.31173
IMU,520906189.0,1,-0.08137748,0.04745438,0.02096782,0.001759367,0.2007555,-9.012867
IMU,520948375.0,1,-0.05626062,0.08573543,-0.03487984,0.1753833,0.2953879,-9.89213
IMU,520990514.0,1,-0.02035126,0.1110193,-0.01164234,-1.050567,1.184237,-9.504889
IMU,521031376.0,1,0.001354138,0.05118459,0.03814451,-0.2301163,0.3626449,-9.730478
IMU,521072174.0,1,0.01860057,0.01671708,-0.02741911,0.644511,-0.7223626,-3.745009
IMU,521111770.0,1,-8.063057e-05,0.06351664,-0.01584873,-0.2297442,0.2348552,-0.9406826
IMU,521151810.0,1,0.01886414,0.1685232,-0.08329973,-0.4739352,0.180464,-0.3575038
IMU,521192153.0,1,0.02325609,0.2412218,-0.1539643,-0.2583876,-0.02260861,-0.3876471
IMU,521232842.0,1,0.003094001,0.2714444,-0.1809431,-0.1569279,0.05306475,-0.5079859
IMU,521272628.0,1,0.006810871,0.2549103,-0.1972896,-0.1936096,0.02436563,-0.5527444
IMU,521313079.0,1,0.003862803,0.2721976,-0.1978603,-0.1133856,0.07697903,-0.6292244
IMU,521353855.0,1,-0.001110938,0.2454315,-0.1980655,-0.1053035,0.04461618,-0.7003641
IMU,521393480.0,1,-0.03469049,0.2367048,-0.2027133,-0.1597976,-0.03244267,-0.742321
IMU,521435112.0,1,-0.06237251,0.2423578,-0.2076508,-0.06033501,-0.03120609,-0.8093142
IMU,521474965.0,1,-0.07860186,0.230843,-0.2135945,-0.02655644,0.01219649,-0.7741863
IMU,521515395.0,1,-0.08217167,0.2289974,-0.2174861,-0.06812508,0.05022399,-0.9021819
IMU,521556091.0,1,-0.08610311,0.2397225,-0.2357914,-0.09482403,-0.0117624,-0.9804888
IMU,521595456.0,1,-0.07722826,0.2322975,-0.2534493,-0.05642123,0.02181975,-1.136172
IMU,521635452.0,1,-0.09047615,0.2369325,-0.2726594,0.02578596,0.02192982,-1.185273
IMU,521676408.0,1,-0.106136,0.2471577,-0.2855311,-0.02208464,0.009588378,-1.275178
IMU,521716902.0,1,-0.115464,0.2622078,-0.2966561,0.02745308,0.168518,-1.37606
IMU,521759938.0,1,-0.1152292,0.2675405,-0.3054326,-0.01848382,0.04219131,-1.645098
IMU,521799611.0,1,-0.1104668,0.2528428,-0.320409,0.02281971,0.06736332,-1.772245
IMU,521840862.0,1,0.2720597,0.3181973,-0.2769692,1.103944,1.892508,-6.272457
IMU,521881571.0,1,2.013498,-1.17376,0.1512385,6.673636,1.922488,-17.20465
IMU,521921586.0,1,4.734713,-4.773098,2.392757,-18.6762,-22.3151,-7.780838
IMU,521962227.0,1,-0.05180023,-1.01572,-0.3091103,-0.7726846,3.2476,4.41972
IMU,522001839.0,1,0.2424857,-0.9109973,0.3542532,1.329227,-0.8627592,0.02316974
IMU,522042788.0,1,-0.1309455,-0.9224095,0.3596635,-0.1084636,0.3389267,-0.03237356
IMU,522083108.0,1,-0.4388988,-0.8878045,0.3180866,-0.5926916,-0.1684818,0.4328839
IMU,522123114.0,1,-0.5878433,-0.7230459,0.1884458,-0.0851641,0.2208007,-0.3646296
IMU,522163120.0,1,-0.3397937,-0.7595752,0.07960966,-0.202558,0.7867957,-1.08994
IMU,522203153.0,1,0.05150039,-0.8616577,-0.08808377,-0.3370315,1.154969,-2.098561
IMU,522243672.0,1,1.496724,-0.4307305,-0.6132023,-24.3444,2.949626,-18.95399
IMU,522283595.0,1,0.601582,4.745302,-0.6294721,5.020931,2.938506,-8.035534
IMU,522323186.0,1,-1.036796,0.2703918,-0.9990625,11.72158,-3.552886,-20.63796
IMU,522363220.0,1,-0.5541732,-0.7054504,-0.0892684,0.1630584,-2.014155,-15.4338
IMU,522403386.0,1,-0.04899964,-0.3537846,0.1231053,-2.104014,0.1303737,-9.693652
IMU,522443591.0,1,-0.0124318,-0.07512908,0.04773702,-1.226479,0.2743123,-8.139688
IMU,522483832.0,1,0.003080853,0.1090105,-0.03313924,-0.4486118,-0.4149386,-9.898301
IMU,522523456.0,1,-0.01190505,-0.001599441,-0.000450259,0.01389418,-0.5688142,-10.49186
IMU,522563156.0,1,0.0009794419,-0.01982971,0.005035434,-0.7192416,-0.01391467,-9.549223
IMU,522603167.0,1,-0.0008621355,0.01901488,-0.004221425,-0.2795185,-0.2088532,-9.911167
IMU,522644171.0,1,-0.0002325398,-0.02173957,0.005378752,-0.3677888,-0.3260974,-9.831815
IMU,522683697.0,1,-0.001643591,0.002678256,-0.0001832089,-0.4846876,-0.2384437,-9.705579
IMU,522723371.0,1,-0.0007225999,-0.004874942,0.0006495269,-0.4304576,-0.2285206,-9.999512
IMU,522763420.0,1,0.00136952,-0.001400615,-0.001544894,-0.4192282,-0.2356361,-9.70709
IMU,522803156.0,1,-0.002678425,0.0008984866,-0.0006202635,-0.4046641,-0.2806505,-9.814451
IMU,522843790.0,1,-6.475117e-05,-0.004962523,-0.001579301,-0.4045447,-0.2259742,-9.782699
IMU,522884195.0,1,-0.003775033,-0.005799063,-0.005493539,-0.4581696,-0.2117514,-9.869909
IMU,522923636.0,1,0.001263935,0.008316061,-0.002194672,-0.3090941,-0.2519352,-9.816957
IMU,522963587.0,1,-0.003108339,-7.372121e-05,-0.002401831,-0.422177,-0.313701,-9.974995
IMU,523004118.0,1,-0.002170101,0.003626009,-0.001352865,-0.3621985,-0.3159332,-9.903216
IMU,523044627.0,1,-0.001066515,0.0006123206,0.001575119,-0.2828776,-0.1514726,-9.936874
IMU,523084502.0,1,-0.002389874,-0.01290275,-0.004239198,-0.4316142,-0.2840034,-9.7837
IMU,523124408.0,1,8.984098e-06,0.003691324,0.00186336,-0.4731078,-0.2930335,-9.798678
IMU,523164220.0,1,-0.003425741,-0.003919459,0.00190479,-0.3348608,-0.1622863,-9.858158
IMU,523204836.0,1,-0.001032989,-0.0002409278,-0.002724191,-0.4578114,-0.2462172,-9.735817
IMU,523245271.0,1,-0.001017372,7.105922e-05,0.002450573,-0.4141073,-0.23174,-9.9282
IMU,523284858.0,1,0.001490833,0.0009774062,-0.001007536,-0.404444,-0.2787192,-9.718729
IMU,523324846.0,1,-0.0004045502,-0.007134239,-0.0009297515,-0.4566417,-0.2916771,-9.793942
IMU,523365402.0,1,-0.001114123,-0.003117096,-0.0007143106,-0.4006006,-0.2102291,-9.891392
IMU,523405274.0,1,-0.003416442,-0.002837687,-0.0005838776,-0.5062515,-0.2432937,-9.801633
IMU,523445990.0,1,-0.0007052595,0.002808289,-0.003623843,-0.3593996,-0.2393361,-9.901124
IMU,523485890.0,1,0.0006232053,-0.002486597,-0.004871095,-0.3736418,-0.2084254,-9.80213
IMU,523526502.0,1,-0.0006415605,-0.003211065,0.003044261,-0.4294013,-0.2926272,-9.751589
IMU,523569136.0,1,-0.0002101359,0.005881887,-0.004272369,-0.409209,-0.2130648,-9.836054
IMU,523609275.0,1,-0.001076621,0.008327483,-0.0006897849,-0.4935977,-0.2014452,-9.917158
IMU,523649983.0,1,-0.0001570678,0.006063026,-0.0021273,-0.4894823,-0.26364,-9.887789
IMU,523690576.0,1,0.0006394273,0.0007570592,-0.001927516,-0.3555419,-0.2531739,-9.755134
IMU,523730389.0,1,-0.0005683138,-0.003853838,-0.001576956,-0.4506685,-0.2646832,-9.732682
IMU,523770968.0,1,-0.0007291337,-0.003530177,0.001030015,-0.3905129,-0.2513135,-9.876328
IMU,523810785.0,1,-0.002295199,0.001683567,0.001165789,-0.4456662,-0.2267083,-9.848179
IMU,523852114.0,1,-0.001450867,-1.142943e-05,-0.003370328,-0.3469266,-0.2897288,-9.796074
IMU,523891579.0,1,-0.003131825,0.001238507,-0.0009372225,-0.3712907,-0.2709933,-9.968176
IMU,523931600.0,1,-0.0005914941,0.003648923,-0.002167211,-0.4453596,-0.1815444,-9.835341
IMU,523972146.0,1,-0.003353919,-0.001226552,0.00268131,-0.4233591,-0.2093573,-9.874206
IMU,524015184.0,1,-0.001299463,-0.002835336,-0.0007829036,-0.3960288,-0.1569923,-9.790703
IMU,520122861.0,2,-0.0607117,-0.03446741,0.01216202,-0.1017436,0.4614844,-8.869021
IMU,520164731.0,2,-0.08306415,0.01589626,0.02746444,0.2484237,0.4023685,-9.775714
IMU,520204602.0,2,-0.04647145,-0.004297034,-0.002680512,-0.3471809,-1.000324,-8.446174
IMU,520247632.0,2,-0.02880684,0.03350491,-0.0498805,-0.7389455,-0.96079,-11.02049
IMU,520287854.0,2,0.005653002,0.0605721,-0.001363326,-1.015966,-0.3701654,-8.763703
IMU,520327224.0,2,0.1227229,0.04005995,-0.00407795,-0.5485524,0.001067884,-10.02137
IMU,520369128.0,2,-0.001074112,0.033044,-0.01874325,-0.4704559,0.05016294,-9.745284
IMU,520409126.0,2,-0.03762822,0.146346,0.02623464,-0.1187232,0.2542915,-10.04301
IMU,520451478.0,2,-0.01789834,0.1319982,-0.05221867,0.2643447,0.6741977,-8.965585
IMU,520492383.0,2,-0.0599189,0.1611971,-0.009462438,-0.2755332,0.9224618,-9.944851
IMU,520532258.0,2,-0.002559562,0.09026389,-0.04936988,-0.3299382,-0.484016,-10.29112
IMU,520574879.0,2,0.01559769,0.05734397,0.02351013,-0.9293431,-0.1471686,-9.92004
IMU,520614471.0,2,0.01661198,0.05588442,0.01663636,-0.3548606,-0.05668562,-9.715699
IMU,520657645.0,2,0.008002558,0.05632899,0.0128505,-0.07392,0.001545029,-9.315484
IMU,520698226.0,2,-0.02723022,0.11647,-0.03373704,-0.8589414,0.7472363,-10.74629
IMU,520737924.0,2,-0.04922481,0.118716,-0.03279384,-0.6099411,-0.1866969,-9.69316
IMU,520780747.0,2,0.179045,0.06666499,0.02269143,-0.6616029,0.6413925,-10.15541
IMU,520824629.0,2,0.1372823,0.06619269,0.03844394,-0.129326,-0.1817445,-9.564651
IMU,520865891.0,2,0.01117833,0.04695638,0.00182473,-0.02745998,-0.6777133,-11.1746
IMU,520906189.0,2,0.006728665,0.03305021,-0.007062147,-0.4880932,-0.124668,-10.34019
IMU,520948375.0,2,-0.03251289,0.07760469,-0.01384219,-0.6135322,0.2861765,-10.89366
IMU,520990514.0,2,0.06346074,0.09449442,0.01846894,-1.116762,-0.1738872,-9.923742
IMU,521031376.0,2,0.01768913,0.04598261,0.05531152,-0.5523636,1.571231,-9.194714
IMU,521072174.0,2,0.0285159,-0.0007761921,-0.02317957,-0.2605744,-0.8934246,-3.052561
IMU,521111770.0,2,0.01309761,0.08025271,-0.0225664,0.09602512,0.304821,-0.8141105
IMU,521151810.0,2,0.03838786,0.1954499,-0.09844767,-0.3522162,0.02630767,-0.548822
IMU,521192153.0,2,0.04268456,0.285983,-0.1727342,-0.08879119,-0.01966203,-0.520853
IMU,521232842.0,2,0.01579722,0.3093997,-0.195722,-0.05306301,0.02762797,-0.5447965
IMU,521272628.0,2,0.01810441,0.2925189,-0.21066,-0.08800568,0.01522346,-0.6085718
IMU,521313079.0,2,0.01614131,0.3091492,-0.2121035,-0.04053801,0.01942267,-0.6723365
IMU,521353855.0,2,0.006094679,0.2798734,-0.2132962,-0.03122849,0.003640656,-0.7152014
IMU,521393480.0,2,-0.02533503,0.2766441,-0.2186414,-0.0256553,0.004248071,-0.7561026
IMU,521435112.0,2,-0.05196263,0.2693368,-0.2244209,-0.02552018,0.005397516,-0.8725069
IMU,521474965.0,2,-0.06824569,0.2668394,-0.2314715,0.003090629,0.004203109,-0.9186461
IMU,521515395.0,2,-0.0748173,0.269455,-0.2369943,-0.006802477,0.01565408,-1.007226
IMU,521556091.0,2,-0.07291496,0.2722808,-0.255081,0.029492,0.03427949,-1.063633
IMU,521595456.0,2,-0.06694581,0.2676263,-0.2724379,0.02948591,0.03223673,-1.166318
IMU,521635452.0,2,-0.07696346,0.2700683,-0.289594,0.02363368,0.01830085,-1.307541
IMU,521676408.0,2,-0.0948265,0.2856926,-0.3059917,0.02708453,0.02109439,-1.448686
IMU,521716902.0,2,-0.1015898,0.3015363,-0.3147998,0.04785708,0.03845751,-1.563503
IMU,521759938.0,2,-0.1031271,0.3056451,-0.326517,0.0695103,0.034936,-1.708698
IMU,521799611.0,2,-0.09852639,0.2968819,-0.3420588,0.08773303,0.08228919,-1.879011
IMU,521840862.0,2,0.3809692,0.3285204,-0.3170646,0.981448,1.024653,-6.598067
IMU,521881571.0,2,2.026956,-1.342566,0.08624134,5.37326,2.043321,-15.0724
IMU,521921586.0,2,-2.573948,-4.249705,0.02404186,-11.18462,-30.54924,-25.94366
IMU,521962227.0,2,0.311787,-1.023805,0.08572914,-0.2038057,3.841197,4.476768
IMU,522001839.0,2,0.2162777,-0.9637244,0.3798177,1.28444,-0.7197893,-0.06355087
IMU,522042788.0,2,-0.1582015,-0.9436095,0.4185613,0.04801515,0.4022971,-0.2737721
IMU,522083108.0,2,-0.4735135,-0.8921191,0.3807925,-0.1583217,0.03612212,0.478118
IMU,522123114.0,2,-0.6000874,-0.7473575,0.2420777,-0.03808032,0.4674972,-0.5645704
IMU,522163120.0,2,-0.3441528,-0.7886313,0.09460701,-0.2182892,0.7433736,-0.9020425
IMU,522203153.0,2,0.07918236,-0.8960814,-0.1032623,-0.2612478,0.8522519,-1.890633
IMU,522243672.0,2,1.566699,0.2562906,-0.5592044,-19.84692,0.1836775,-21.01565
IMU,522283595.0,2,0.9297246,4.690703,-0.7787098,2.047889,2.940304,-6.557331
IMU,522323186.0,2,-1.061414,0.1695359,-1.084585,9.71762,-3.163579,-20.35821
IMU,522363220.0,2,-0.5160984,-0.6208812,-0.0314187,0.8598773,-2.217815,-15.10016
IMU,522403386.0,2,-0.05186238,-0.3368948,0.1547095,-1.536295,-0.02256229,-9.934254
IMU,522443591.0,2,-0.01391679,-0.06793271,0.0389915,-1.3295,0.3677427,-8.414292
IMU,522483832.0,2,0.008285137,0.1143181,-0.03255572,-0.3957362,-0.4744377,-9.881158
IMU,522523456.0,2,-0.01226631,-0.004322401,-0.002793157,0.02269923,-0.4068222,-10.37169
IMU,522563156.0,2,0.006670908,-0.01365543,0.007814727,-0.6561332,-0.04281043,-9.61334
IMU,522603167.0,2,0.004196681,0.02154193,-0.006881995,-0.33789,-0.3378158,-9.987709
IMU,522644171.0,2,0.0004795359,-0.01869841,0.005135136,-0.3748667,-0.3342003,-9.851178
IMU,522683697.0,2,-0.00116561,0.005799979,-0.001907515,-0.4620007,-0.257818,-9.770232
IMU,522723371.0,2,-0.0007450257,-0.0004756556,0.001003268,-0.358092,-0.2674841,-9.977192
IMU,522763420.0,2,0.002195287,-0.003390328,0.002025011,-0.4634046,-0.2605634,-9.819251
IMU,522803156.0,2,-0.0005173065,0.003503627,-0.002124015,-0.4084437,-0.2844285,-9.886612
IMU,522843790.0,2,0.000524596,0.002527575,-0.001701328,-0.4160844,-0.2820923,-9.861732
IMU,522884195.0,2,-0.0006697142,-0.002974601,-0.001817302,-0.4283138,-0.2703331,-9.88803
IMU,522923636.0,2,0.000980406,0.008318293,-0.001929905,-0.4203996,-0.3014846,-9.895079
IMU,522963587.0,2,-0.002136989,-0.0005668222,-0.004092798,-0.433782,-0.281742,-9.862564
IMU,523004118.0,2,-0.001391509,0.00346544,-0.0031316,-0.411756,-0.2629083,-9.879263
IMU,523044627.0,2,0.001082266,0.0003612665,0.001004266,-0.3913005,-0.2792662,-9.909589
IMU,523084502.0,2,0.001883987,-0.002492532,0.0002865025,-0.4325155,-0.2793253,-9.883997
IMU,523124408.0,2,0.0004475608,0.001853663,-0.0003608942,-0.4278666,-0.2720058,-9.859379
IMU,523164220.0,2,0.0002612505,-9.96306e-05,-0.0009815502,-0.398185,-0.266908,-9.887543
IMU,523204836.0,2,0.00169585,1.353419e-05,0.0001242692,-0.417589,-0.2685474,-9.853516
IMU,523245271.0,2,-0.000279184,-0.0002398258,0.0005863503,-0.3965884,-0.2640799,-9.881502
IMU,523284858.0,2,0.0006981231,-0.0009468431,-0.0009201136,-0.4146689,-0.2922767,-9.843772
IMU,523324846.0,2,0.001248365,0.0007075163,-0.001982392,-0.4033468,-0.2761585,-9.888672
IMU,523365402.0,2,-0.0003320582,0.001294384,-0.002408111,-0.4182887,-0.2616023,-9.893545
IMU,523405274.0,2,-0.0005955669,0.004233122,-0.001785003,-0.4174201,-0.2771946,-9.849142
IMU,523445990.0,2,8.10823e-05,0.002132775,-0.00184101,-0.4040247,-0.2762201,-9.875436
IMU,523485890.0,2,9.664035e-05,0.0003545327,-0.0008830084,-0.4055949,-0.2743168,-9.870608
IMU,523526502.0,2,0.001158841,0.0008610098,-0.0004161399,-0.4271274,-0.2734645,-9.85762
IMU,523569136.0,2,0.0001312313,-0.001608466,-0.0008208851,-0.395384,-0.289746,-9.888531
IMU,523609275.0,2,0.001610928,-0.0007087429,-7.94814e-05,-0.4295647,-0.2833697,-9.867429
IMU,523649983.0,2,0.001146966,-0.0002750003,8.169981e-05,-0.405165,-0.2552079,-9.8754
IMU,523690576.0,2,0.00174101,0.001056554,-0.0009636256,-0.4062025,-0.2790841,-9.863439
IMU,523730389.0,2,0.002022779,0.0004996658,-0.0002741708,-0.4000624,-0.281367,-9.881015
IMU,523770968.0,2,0.0003141232,0.0009731133,-0.000295048,-0.4054658,-0.2690298,-9.868021
IMU,523810785.0,2,0.001562821,0.0006870056,-0.001095995,-0.4173815,-0.2777747,-9.879238
IMU,523852114.0,2,0.0006476303,-0.001144367,0.0002396258,-0.4002385,-0.2685744,-9.87808
IMU,523891579.0,2,-0.0001763161,0.0005493829,-0.0002948857,-0.4178658,-0.2843894,-9.90166
IMU,523931600.0,2,0.0006789799,0.0006571305,-0.001468348,-0.4159266,-0.2683261,-9.887348
IMU,523972146.0,2,0.0003903537,0.0006568528,-0.001279587,-0.4117398,-0.2765055,-9.877283
IMU,524015184.0,2,0.0006657834,-0.0008030334,-0.000920423,-0.4013621,-0.2787303,-9.896721
