ARM,500204542.0,0.0
AHR2,499273582.0,-2.08,-2.84,159.08,466.23,43.2382753,-7.6818137
AHR2,499375565.0,-2.33,-2.27,159.16,466.35,43.2382731,-7.6818121
AHR2,499476267.0,-2.06,-2.12,158.94,466.15,43.238271,-7.6818107
AHR2,499577959.0,-1.99,-2.35,159.07,466.23,43.238269,-7.6818097
AHR2,499678184.0,-1.86,-2.42,159.22,466.27,43.238267,-7.6818085
AHR2,499778247.0,-2.37,-1.98,159.1,466.4,43.2382649,-7.6818073
AHR2,499880525.0,-2.23,-1.97,159.16,466.46,43.2382638,-7.6818062
AHR2,499983021.0,-2.16,-1.3,159.08,466.05,43.238261,-7.6818042
AHR2,500083106.0,-2.13,-0.96,158.87,466.24,43.238259,-7.6818029
AHR2,500185118.0,-2.36,-0.62,159.12,466.33,43.2382573,-7.6818011
AHR2,500285747.0,-2.59,0.13,158.82,466.33,43.2382555,-7.6817995
AHR2,500387515.0,-2.95,0.79,157.99,465.85,43.2382535,-7.6817983
AHR2,500487788.0,-3.42,1.69,156.65,465.71,43.2382516,-7.6817969
AHR2,500591074.0,-3.98,2.71,155.24,465.54,43.23825,-7.6817951
AHR2,500691382.0,-4.68,3.68,153.8,465.88,43.2382482,-7.6817936
AHR2,500791466.0,-5.42,4.79,152.25,465.47,43.2382464,-7.681792
AHR2,500893042.0,-5.73,6.02,150.49,465.32,43.2382449,-7.6817905
AHR2,500994273.0,-5.72,7.34,148.61,464.92,43.2382427,-7.6817889
AHR2,501094502.0,-7.56,7.12,147.01,464.42,43.2382409,-7.6817873
AHR2,501196024.0,-1.37,-6.08,149.6,463.74,43.2382391,-7.6817858
AHR2,501296082.0,10.59,-21.57,152.23,461.71,43.2382375,-7.6817843
AHR2,501396361.0,9.98,-21.79,148.83,461.69,43.2382338,-7.6817971
AHR2,501496416.0,-6.12,-12.43,146.83,461.98,43.2382314,-7.6818014
AHR2,501596486.0,-11.65,-0.29,145.14,461.89,43.2382315,-7.6818004
AHR2,501696737.0,-8.83,-2.44,145.7,461.85,43.2382301,-7.6818028
AHR2,501796794.0,-5.72,-4.95,146.29,461.91,43.2382324,-7.6817993
AHR2,501896633.0,-6.6,-3.97,146.11,461.76,43.2382321,-7.6817999
AHR2,501997087.0,-6.33,-4.16,146.17,461.83,43.2382324,-7.6817996
AHR2,502097523.0,-6.39,-4.0,146.14,461.9,43.2382324,-7.6817998
AHR2,502197467.0,-6.32,-3.98,146.14,461.73,43.2382324,-7.6817989
AHR2,502297691.0,-6.25,-3.96,146.14,461.93,43.2382324,-7.6817989
AHR2,502399080.0,-6.21,-3.91,146.13,461.95,43.2382331,-7.6817977
AHR2,502500635.0,-6.17,-3.86,146.12,461.91,43.2382332,-7.6817976
AHR2,502602513.0,-6.13,-3.82,146.12,461.91,43.2382338,-7.6817961
AHR2,502702708.0,-6.08,-3.79,146.11,461.8,43.2382339,-7.681796
AHR2,502804183.0,-6.04,-3.75,146.1,461.78,43.2382342,-7.6817949
AHR2,502903980.0,-6.01,-3.71,146.1,462.02,43.2382342,-7.6817949
AHR2,503005278.0,-5.97,-3.67,146.09,461.83,43.238235,-7.6817931
ATT,499272787.0,-1.273045,-1.464195,-3.300707,-2.758056,151.6057,150.9506
ATT,499374815.0,-1.360497,-1.753559,-2.945987,-2.198272,151.604,151.1196
ATT,499475591.0,-1.353217,-1.470502,-2.806421,-2.026771,151.6022,150.9986
ATT,499577241.0,-1.317336,-1.404454,-2.802378,-2.258257,151.6012,151.2082
ATT,499677540.0,-1.435445,-1.338775,-2.789257,-2.367575,151.604,151.4443
ATT,499777538.0,-1.578729,-1.91517,-2.62162,-1.9653,151.6052,151.4073
ATT,499879767.0,-1.646908,-1.77975,-2.230966,-1.959131,151.6011,151.5446
ATT,499982262.0,-1.754376,-1.695423,-1.821832,-1.277973,151.5969,151.5472
ATT,500082546.0,-1.826982,-1.648819,-1.28837,-0.9342006,151.5896,151.4186
ATT,500184455.0,-1.861876,-1.852795,-0.6768699,-0.5864741,151.58,151.7561
ATT,500285149.0,-1.138117,-1.963147,-0.3110673,0.1698289,151.587,151.5578
ATT,500386813.0,-0.5733246,-2.218749,-0.1566996,0.8528735,150.897,150.8639
ATT,500487194.0,-0.2919626,-2.641469,-0.0797984,1.870093,149.6841,149.6447
ATT,500590521.0,-0.1455868,-3.151386,-0.0397913,3.008075,148.3866,148.3396
ATT,500690574.0,-0.07432174,-3.79548,-0.02031337,4.120023,147.0764,147.0197
ATT,500790745.0,-0.03794518,-4.478642,-0.01037103,5.377653,145.643,145.576
ATT,500892424.0,-0.01916471,-4.827531,-0.005238018,6.73922,144.0167,143.9444
ATT,500993728.0,-0.009669775,-4.85769,-0.002642903,8.189356,142.2564,142.1833
ATT,501093758.0,-0.004936747,-6.764449,-0.001349292,8.112362,140.7426,140.641
ATT,501195299.0,-0.002494281,-0.6936972,-0.0006817275,-4.673665,143.236,143.2256
ATT,501295306.0,-0.00127343,10.72176,-0.000348049,-18.81711,146.0793,146.2471
ATT,501395698.0,-0.000650135,8.667421,-0.0001776924,-18.32685,143.4849,143.6205
ATT,501495753.0,-0.0003849674,-9.617049,-0.0001052178,-9.323535,142.1239,141.9793
ATT,501595761.0,-0.0003783715,-16.68985,-0.000103415,2.424392,139.8637,139.6182
ATT,501696089.0,-0.0003783716,-14.23912,-0.000103415,0.1387281,140.653,140.4429
ATT,501796181.0,-0.0003710589,-11.45804,-0.0001014163,-2.482399,141.5323,141.3625
ATT,501896070.0,-0.0003710589,-12.30992,-0.0001014163,-1.581523,141.2404,141.0582
ATT,501996536.0,-0.0003710589,-12.01708,-0.0001014163,-1.813894,141.2868,141.109
ATT,502096819.0,-0.0003637043,-12.09401,-9.940618e-05,-1.67811,141.1954,141.0164
ATT,502196773.0,-0.0003567479,-12.04406,-9.750486e-05,-1.671804,141.1525,140.9743
ATT,502297029.0,-0.0003567478,-11.98782,-9.750483e-05,-1.661359,141.0643,140.8869
ATT,502398444.0,-0.0003412303,-11.95808,-9.326368e-05,-1.627124,140.9755,140.7985
ATT,502500040.0,-0.0003330135,-11.91282,-9.101789e-05,-1.578101,140.8144,140.6381
ATT,502601789.0,-0.0003190391,-11.87439,-8.719844e-05,-1.542264,140.6977,140.5219
ATT,502702064.0,-0.000319039,-11.80992,-8.719834e-05,-1.49437,140.4645,140.2897
ATT,502803567.0,-0.0003050745,-11.77298,-8.338166e-05,-1.461498,140.3425,140.1682
ATT,502903271.0,-0.0003050745,-11.70146,-8.338165e-05,-1.396679,140.0266,139.8534
ATT,503004691.0,-0.0003050746,-11.63684,-8.33817e-05,-1.334995,139.7484,139.5761
BARO,499192957.0,0,2.474213,466.0742,96951.39
BARO,499293075.0,0,2.598541,466.1985,96950.05
BARO,499395742.0,0,2.392273,465.9922,96952.3
BARO,499496402.0,0,2.474213,466.0742,96951.39
BARO,499597683.0,0,2.519409,466.1194,96950.92
BARO,499698045.0,0,2.64093,466.2409,96949.59
BARO,499797576.0,0,2.70874,466.3087,96948.86
BARO,499900575.0,0,2.299011,465.899,96953.3
BARO,500002541.0,0,2.482697,466.0827,96951.32
BARO,500102502.0,0,2.575928,466.1759,96950.29
BARO,500204963.0,0,2.575928,466.1759,96950.29
BARO,500305070.0,0,2.092743,465.6927,96955.54
BARO,500406968.0,0,1.95993,465.5599,96956.99
BARO,500506800.0,0,1.781891,465.3819,96958.91
BARO,500608364.0,0,2.129456,465.7294,96955.14
BARO,500708199.0,0,1.719727,465.3197,96959.6
BARO,500812272.0,0,1.569977,465.17,96961.22
BARO,500912574.0,0,1.163086,464.7631,96965.64
BARO,501013979.0,0,0.6629333,464.2629,96971.06
BARO,501114083.0,0,-0.01242065,463.5876,96978.4
BARO,501215453.0,0,-2.049774,461.5502,97000.53
BARO,501315732.0,0,-2.066711,461.5333,97000.7
BARO,501415753.0,0,-1.778503,461.8215,96997.59
BARO,501515740.0,0,-1.860443,461.7395,96998.45
BARO,501616107.0,0,-1.902832,461.6971,96998.91
BARO,501716457.0,0,-1.843506,461.7565,96998.29
BARO,501816486.0,0,-1.990417,461.6096,96999.88
BARO,501916083.0,0,-1.922607,461.6774,96999.13
BARO,502016960.0,0,-1.854797,461.7452,96998.41
BARO,502116966.0,0,-2.021515,461.5785,97000.2
BARO,502217129.0,0,-1.826538,461.7734,96998.09
BARO,502317229.0,0,-1.806763,461.7932,96997.88
BARO,502418605.0,0,-1.846313,461.7537,96998.33
BARO,502520277.0,0,-1.840668,461.7593,96998.26
BARO,502621687.0,0,-1.959351,461.6406,96999.52
BARO,502721692.0,0,-1.97348,461.6265,96999.71
BARO,502823595.0,0,-1.736115,461.8639,96997.11
BARO,502924048.0,0,-1.928253,461.6717,96999.2
BARO,503025105.0,0,-2.013031,461.5869,97000.13
BARO,499192957.0,1,2.075775,465.6758,96936.48
BARO,499293075.0,1,2.592896,466.1929,96930.88
BARO,499395742.0,1,2.197296,465.7973,96935.17
BARO,499496402.0,1,2.663513,466.2635,96930.09
BARO,499597683.0,1,2.383789,465.9838,96933.13
BARO,499698045.0,1,2.493988,466.094,96931.95
BARO,499797576.0,1,2.468567,466.0685,96932.22
BARO,499900575.0,1,2.338562,465.9385,96933.63
BARO,500002541.0,1,2.414856,466.0148,96932.8
BARO,500102502.0,1,2.660706,466.2607,96930.12
BARO,500204963.0,1,2.502472,466.1024,96931.84
BARO,500305070.0,1,2.262268,465.8622,96934.45
BARO,500406968.0,1,2.239685,465.8397,96934.71
BARO,500506800.0,1,2.270752,465.8707,96934.38
BARO,500608364.0,1,2.169037,465.769,96935.47
BARO,500708199.0,1,1.855377,465.4554,96938.87
BARO,500812272.0,1,1.615173,465.2151,96941.48
BARO,500912574.0,1,1.318481,464.9185,96944.69
BARO,501013979.0,1,0.6827087,464.2827,96951.59
BARO,501114083.0,1,0.1345215,463.7345,96957.54
BARO,501215453.0,1,-4.889618,458.7104,97012.11
BARO,501315732.0,1,-1.936737,461.6632,96980.02
BARO,501415753.0,1,-1.654175,461.9458,96976.98
BARO,501515740.0,1,-1.967834,461.6321,96980.36
BARO,501616107.0,1,-1.775665,461.8243,96978.28
BARO,501716457.0,1,-1.764374,461.8356,96978.17
BARO,501816486.0,1,-1.736115,461.8639,96977.85
BARO,501916083.0,1,-2.035645,461.5643,96981.13
BARO,502016960.0,1,-1.90567,461.6943,96979.71
BARO,502116966.0,1,-1.863281,461.7367,96979.23
BARO,502217129.0,1,-1.820892,461.7791,96978.78
BARO,502317229.0,1,-1.922607,461.6774,96979.88
BARO,502418605.0,1,-2.00174,461.5982,96980.76
BARO,502520277.0,1,-1.922607,461.6774,96979.89
BARO,502621687.0,1,-1.877411,461.7226,96979.41
BARO,502721692.0,1,-1.908478,461.6915,96979.72
BARO,502823595.0,1,-1.948059,461.6519,96980.16
BARO,502924048.0,1,-1.849152,461.7508,96979.1
BARO,503025105.0,1,-1.772858,461.8271,96978.27
GPS,499361306.0,4,24,43.2382758,-7.6818139,465.49,2.59,-0.198,0.0
GPS,499563572.0,4,23,43.2382717,-7.6818112,465.52,2.497,-0.223,0.0
GPS,499805759.0,4,24,43.2382676,-7.6818087,465.56,2.479,-0.339,0.0
GPS,499967728.0,4,24,43.2382636,-7.6818059,465.53,2.48,0.058,0.0
GPS,500170202.0,4,24,43.2382597,-7.6818031,465.5,2.421,-0.09100001,0.0
GPS,500373374.0,4,24,43.2382559,-7.6818,465.46,2.365,0.225,0.0
GPS,500574980.0,4,24,43.2382523,-7.6817971,465.14,2.342,2.616,0.0
GPS,500796521.0,4,24,43.2382487,-7.6817939,464.41,2.378,4.367,0.0
GPS,500977993.0,4,24,43.238245,-7.6817909,463.34,2.336,6.133,0.0
GPS,501158838.0,4,24,43.2382416,-7.681788,461.93,2.177,7.66,0.0
GPS,501360595.0,4,24,43.2382375,-7.6817906,460.64,4.405,5.009,0.0
GPS,501560985.0,4,24,43.2382337,-7.6817969,459.74,2.51,3.829,0.0
GPS,501781424.0,4,23,43.2382326,-7.6817987,459.38,0.486,0.39,0.0
GPS,501961463.0,4,23,43.2382324,-7.6817992,459.4,0.221,-0.247,0.0
GPS,502162099.0,4,22,43.2382324,-7.6817989,459.44,0.037,-0.117,0.0
GPS,502362180.0,4,22,43.238233,-7.6817977,459.56,0.096,-0.117,0.0
GPS,502566224.0,4,22,43.2382338,-7.6817962,459.65,0.09,-0.061,0.0
GPS,502787561.0,4,23,43.2382342,-7.6817949,459.8,0.027,-0.057,0.0
GPS,502968828.0,4,23,43.238235,-7.6817931,459.97,0.025,-0.017,0.0
IMU,499195486.0,0,-0.01606004,0.07893679,-0.0130699,-0.9384432,-0.1438099,-9.755136
IMU,499235784.0,0,-0.08742508,0.0679799,0.118722,-0.6637336,-0.1015301,-9.366949
IMU,499275785.0,0,-0.01239635,-0.0002800739,0.01438655,-0.6347055,0.8838765,-10.51889
IMU,499316020.0,0,-0.01435723,0.08535305,-0.04059007,0.2795921,0.6736355,-10.13242
IMU,499356231.0,0,-0.02636456,0.07173327,-0.01517471,0.1008646,0.5911185,-9.844565
IMU,499398080.0,0,0.01659825,0.01998283,0.03668793,-0.2242076,0.6827102,-9.260077
IMU,499437739.0,0,-0.07913321,0.06104329,0.06238805,-0.5537416,-1.080103,-9.51298
IMU,499478072.0,0,0.05066001,0.02739891,-0.04637415,-0.8864504,-0.8109916,-9.66521
IMU,499518075.0,0,0.04521332,-0.1280287,0.06388396,-0.2846404,1.141229,-10.02672
IMU,499558807.0,0,0.02926483,-0.02978426,0.06649208,-0.1299811,0.6528533,-9.46981
IMU,499599975.0,0,0.01719611,0.01678012,-0.05299468,-0.01619101,0.4972221,-9.817958
IMU,499640469.0,0,-0.036004,0.08829951,0.02017278,-0.1870129,-0.6853331,-8.998893
IMU,499680250.0,0,0.01850559,-0.03461004,0.1079202,-0.9618841,0.476647,-9.654073
IMU,499720168.0,0,-0.01580894,-0.03013688,0.006821786,-0.2259712,0.6660442,-9.525419
IMU,499760216.0,0,-0.1007131,0.05790792,-0.02620497,-0.1354728,0.02989567,-9.282587
IMU,499800257.0,0,-0.06810597,0.1033223,-0.0331579,-0.2308759,-0.7741284,-9.215519
IMU,499842558.0,0,-0.06344326,0.04060186,0.07822289,-0.9618855,-0.1293084,-9.40352
IMU,499882522.0,0,0.02939909,0.04859699,-0.02417025,-0.6158612,0.7545071,-9.608255
IMU,499922807.0,0,-0.00818841,0.113686,-0.04445245,0.01212749,-0.1409792,-9.683312
IMU,499962533.0,0,0.04096324,0.138029,-0.01007663,-0.4442672,-0.5151334,-9.042645
IMU,500005470.0,0,-0.1098838,0.09735047,0.02822156,-0.7896052,-0.9765494,-8.480538
IMU,500044825.0,0,0.02469241,0.085894,0.03430103,-0.8574032,0.5995865,-9.72225
IMU,500085521.0,0,0.02903606,0.04941408,-0.07018173,-0.04007678,0.6590003,-9.718334
IMU,500125528.0,0,-0.019002,0.1748281,-0.00936274,-0.146695,-0.7333527,-9.362565
IMU,500164831.0,0,-0.03026855,0.03898701,0.03678704,-0.1505144,0.3593166,-9.794902
IMU,500207277.0,0,-0.01804889,0.08775128,0.0300564,-0.3480101,0.4791892,-10.05077
IMU,500247701.0,0,-0.1273786,0.1259143,0.02051542,0.3675509,-3.059586,-3.776732
IMU,500287940.0,0,-0.07897515,0.09128986,-0.01959372,-0.2871661,-0.429134,-0.8081384
IMU,500327540.0,0,-0.04612016,0.1113348,-0.09102815,-0.2794211,0.09842487,-0.3988879
IMU,500367580.0,0,-0.04774603,0.1486675,-0.1479453,-0.1313339,-0.04718336,-0.07486876
IMU,500409817.0,0,-0.05509531,0.1705921,-0.2003263,-0.1421445,0.06391462,-0.3649625
IMU,500450421.0,0,-0.06627534,0.1866984,-0.2065715,-0.05065242,-0.002914823,-0.2240897
IMU,500489735.0,0,-0.07428014,0.1909203,-0.2087628,-0.08123732,0.0502799,-0.3691993
IMU,500529272.0,0,-0.07432616,0.2126578,-0.2117561,-0.08491538,0.06137636,-0.4240147
IMU,500569277.0,0,-0.06811434,0.1996424,-0.2170612,-0.05485316,0.04419618,-0.516677
IMU,500610697.0,0,-0.07110197,0.190435,-0.2219009,-0.05654252,0.006538365,-0.5546321
IMU,500651224.0,0,-0.09382071,0.2073036,-0.2242715,-0.04773459,0.0290196,-0.6087534
IMU,500693126.0,0,-0.1074159,0.2189133,-0.2240003,-0.07067419,0.04843948,-0.7122157
IMU,500733514.0,0,-0.1005175,0.2322329,-0.2350881,-0.04037812,0.05907927,-0.7674581
IMU,500773196.0,0,-0.08405411,0.2419602,-0.2465957,-0.03378837,0.06623436,-0.8437877
IMU,500814572.0,0,-0.0536992,0.246322,-0.2595091,-0.0252611,0.08571524,-0.9643822
IMU,500854703.0,0,-0.02168522,0.2538715,-0.2628788,-0.004886011,0.1065105,-1.076251
IMU,500895256.0,0,0.01289937,0.2655337,-0.2737582,-0.01025981,0.1035288,-1.213915
IMU,500935749.0,0,0.03759778,0.2705289,-0.2780889,0.004162777,0.09810463,-1.369025
IMU,500975469.0,0,0.04875616,0.2720703,-0.2881187,0.001248245,0.1031957,-1.529234
IMU,501016234.0,0,0.05863833,0.2831995,-0.2969375,-0.000314652,0.1361958,-1.722051
IMU,501056410.0,0,-0.3898888,-0.008297651,-0.3002957,1.95073,-2.963911,-1.884722
IMU,501096140.0,0,-0.7144787,-0.3447232,-0.2198731,-0.0807199,0.07339767,-3.762577
IMU,501136333.0,0,-0.8359485,-2.68157,-1.630726,-15.51245,20.84971,-71.23038
IMU,501178048.0,0,2.028948,-2.72092,0.7724946,1.746327,-4.743225,6.692832
IMU,501218023.0,0,2.372103,-2.724181,0.9171443,-1.286388,-1.007298,2.622624
IMU,501257732.0,0,2.154446,-2.423965,0.7508637,0.3626209,-1.734815,0.5570477
IMU,501297799.0,0,1.714389,-2.183011,0.3755719,0.1999185,-1.737583,0.1425831
IMU,501338581.0,0,0.9492803,-1.483839,-0.09377615,-0.6322207,-3.140351,-2.345465
IMU,501378098.0,0,-2.012269,1.582249,-0.9754387,-2.546831,-4.955233,-2.697754
IMU,501418727.0,0,-2.432222,1.650123,-0.6207681,-1.458838,-5.150037,-3.361431
IMU,501458079.0,0,-3.525122,1.475686,-0.1881353,-0.7284945,-3.733005,-6.52331
IMU,501498096.0,0,-3.224989,1.795452,-0.09278244,-10.00159,10.94351,-23.26532
IMU,501538722.0,0,-1.250867,2.978745,-0.01334788,6.695717,-2.251065,-15.61508
IMU,501578402.0,0,-1.300348,1.163105,0.0256083,1.619931,3.525257,-12.03073
IMU,501618086.0,0,-0.3212217,-0.0214418,-0.05298454,0.8086905,4.395777,-8.055705
IMU,501658184.0,0,0.5926824,-0.5161588,0.05259391,0.869171,2.441787,-8.988156
IMU,501698450.0,0,0.818971,-0.7431316,0.05525838,0.7118062,0.7211941,-10.63185
IMU,501738473.0,0,0.677402,-0.6868831,0.06218861,-0.5686429,0.2887433,-9.54135
IMU,501778824.0,0,0.3179901,-0.3246738,0.04462032,-0.8729554,0.2349712,-9.381736
IMU,501818581.0,0,-0.07255776,0.08335859,-0.0126916,-0.880981,0.03233927,-9.731194
IMU,501859221.0,0,-0.2223921,0.2267403,-0.02053341,-0.1380604,0.801216,-9.705544
IMU,501898825.0,0,-0.1104896,0.1148694,-0.01080555,0.1080425,1.040275,-9.8128
IMU,501938677.0,0,0.06163245,-0.05983037,0.006523144,0.05389334,1.014309,-9.759309
IMU,501978755.0,0,0.07899548,-0.0767457,0.007481007,-0.2847233,0.6416063,-9.74727
IMU,502019548.0,0,-0.01861594,0.02056565,-0.001893258,-0.3392664,0.6210842,-9.692542
IMU,502059086.0,0,-0.03789205,0.03990022,-0.002597871,-0.09234638,0.8678062,-9.733849
IMU,502099476.0,0,0.02150391,-0.01809782,0.001916092,-0.0928074,0.8382256,-9.772608
IMU,502140074.0,0,0.02166936,-0.01891535,0.001437278,-0.242462,0.7174932,-9.730559
IMU,502179743.0,0,-0.01416186,0.01502709,-0.0009458458,-0.2172213,0.7247486,-9.737128
IMU,502219440.0,0,-0.004586967,0.005590289,0.0007012415,-0.1481171,0.827364,-9.746826
IMU,502259355.0,0,0.01285985,-0.01139155,0.0002837669,-0.1777475,0.7847638,-9.735505
IMU,502299476.0,0,0.001175209,0.0003957569,-0.0009552954,-0.2036829,0.7103786,-9.7706
IMU,502340076.0,0,-0.003848894,0.006077521,-0.0008513588,-0.1608749,0.7825413,-9.727763
IMU,502381217.0,0,0.005761557,-0.005234222,0.001340475,-0.1603875,0.7621458,-9.731256
IMU,502421521.0,0,0.003862974,-0.0008810607,-6.980516e-05,-0.180179,0.7542993,-9.724216
IMU,502461023.0,0,-0.002175516,0.003731837,0.0004393339,-0.1825563,0.769885,-9.731985
IMU,502503056.0,0,0.004963238,-0.001209711,0.001397901,-0.1638076,0.7758453,-9.745791
IMU,502542748.0,0,0.003447127,-0.0004371628,0.0005330479,-0.1823843,0.7527742,-9.736176
IMU,502584038.0,0,0.0007898588,0.000904223,0.0001947236,-0.1742644,0.7756155,-9.728282
IMU,502624697.0,0,0.00280617,-0.0003470569,-0.0005465123,-0.1656916,0.7686717,-9.732157
IMU,502665223.0,0,0.003583001,-0.001686724,0.0006716789,-0.1786455,0.765636,-9.744983
IMU,502704518.0,0,0.002133493,-0.001177175,-0.0003911233,-0.1765799,0.7599583,-9.709619
IMU,502744493.0,0,0.002102209,-0.001192448,0.0004079078,-0.1759423,0.7659031,-9.738182
IMU,502784553.0,0,0.002384295,-0.001814003,0.0004354743,-0.1822623,0.7577573,-9.735662
IMU,502826384.0,0,0.001917934,-0.0003202917,-0.0001634685,-0.1928292,0.7667161,-9.741292
IMU,502865917.0,0,0.0001361164,0.0004158978,7.145426e-05,-0.1761362,0.7596512,-9.732997
IMU,502905809.0,0,0.002948212,-0.000809238,0.001098875,-0.1632782,0.7662606,-9.717048
IMU,502946062.0,0,0.00226501,1.256999e-05,0.0001992363,-0.1703752,0.7596966,-9.744718
IMU,502987598.0,0,0.0009677541,-0.000427657,6.837434e-05,-0.1780622,0.7649555,-9.730244
IMU,503027163.0,0,0.00175799,-0.001033471,0.0002332164,-0.1712181,0.7681983,-9.733612
IMU,503067212.0,0,0.003014091,-0.0002923671,0.0008210344,-0.1638354,0.7601506,-9.75259
IMU,503107024.0,0,0.001514648,0.000446242,0.0005151074,-0.1755111,0.7542678,-9.716877
IMU,499195486.0,1,-0.03519272,0.05923955,-0.01998276,-0.8528536,-0.2865196,-9.885921
IMU,499235784.0,1,-0.0939768,0.05189558,0.133251,-0.1263335,-0.9721748,-10.17702
IMU,499275785.0,1,-0.05067855,0.0215127,0.02127781,-0.5269283,0.05598791,-10.24444
IMU,499316020.0,1,-0.03316296,0.06297603,-0.03310031,-0.1024897,0.3632345,-11.12714
IMU,499356231.0,1,-0.05553153,0.04017136,-0.01359792,-0.5874659,1.066652,-10.03582
IMU,499398080.0,1,-0.03405943,0.04303977,-0.05038751,0.6189186,-0.1351671,-10.69061
IMU,499437739.0,1,-0.05110479,0.02589571,-0.01297583,-0.2911871,-0.07887825,-8.746064
IMU,499478072.0,1,0.02437685,-0.009618346,-0.04216911,-0.935162,-0.8397499,-9.970343
IMU,499518075.0,1,0.008858201,-0.1120164,0.04923654,-0.5970435,0.2019977,-9.64483
IMU,499558807.0,1,0.01967914,-0.03820987,0.04106086,0.3129182,-0.1232751,-10.38506
IMU,499599975.0,1,-0.1075516,0.01690765,0.007445125,0.2081902,0.1653806,-9.738523
IMU,499640469.0,1,-0.03877344,0.05692617,-0.0307819,-0.3566336,-1.078726,-9.52502
IMU,499680250.0,1,0.01957937,-0.04164692,0.04937115,-1.47656,-0.5322224,-8.623985
IMU,499720168.0,1,-0.03668216,-0.01858219,-0.0001272939,-0.2549775,-0.694287,-9.972013
IMU,499760216.0,1,-0.114499,0.0266711,-0.01874006,1.046472,0.6417846,-9.825567
IMU,499800257.0,1,-0.07646111,0.05381893,-0.02724213,-0.09087056,-1.146249,-9.164721
IMU,499842558.0,1,-0.01045429,-0.0001972921,0.05718049,-0.617295,-0.479738,-9.095201
IMU,499882522.0,1,-0.004150239,0.03652399,-0.004719864,-0.4318791,0.0277811,-9.911145
IMU,499922807.0,1,-0.03586986,0.08930705,-0.01712837,0.1632428,0.7104633,-9.987076
IMU,499962533.0,1,0.004765087,0.09979839,-0.01799029,-0.5719805,-0.1815839,-9.34635
IMU,500005470.0,1,-0.07133276,0.05736739,0.003019383,0.164202,-0.7666285,-8.511971
IMU,500044825.0,1,0.03916752,0.04967205,0.01381679,-0.4114138,-1.09098,-10.38189
IMU,500085521.0,1,-0.03942455,0.04753685,-0.01503164,-0.134589,1.490148,-9.790191
IMU,500125528.0,1,-0.04342174,0.1281233,-0.02177604,0.156356,-0.5197214,-9.665662
IMU,500164831.0,1,-0.0255614,0.03537554,-0.0005709262,-0.3726113,0.134268,-9.452399
IMU,500207277.0,1,0.01201554,0.08243538,0.03244453,0.05391143,-0.7944931,-10.23626
IMU,500247701.0,1,-0.08751366,0.1456657,0.003266412,1.154111,-2.22687,-4.298346
IMU,500287940.0,1,-0.09000506,0.06869914,-0.01088193,-0.2523571,0.3636437,-0.870158
IMU,500327540.0,1,-0.05471194,0.09403192,-0.07936741,-0.1232837,0.05946305,-0.4948037
IMU,500367580.0,1,-0.05128199,0.1305629,-0.1368186,-0.07163945,-0.0568743,-0.3038924
IMU,500409817.0,1,-0.06250681,0.151567,-0.1885193,-0.2020925,0.1191371,-0.4690385
IMU,500450421.0,1,-0.07235903,0.1633108,-0.1950769,-0.1423873,-0.08977833,-0.2864459
IMU,500489735.0,1,-0.08286487,0.1686444,-0.1919793,-0.08993381,-0.05317492,-0.4905439
IMU,500529272.0,1,-0.07962484,0.1845894,-0.2013744,-0.05088973,0.03677488,-0.5144916
IMU,500569277.0,1,-0.07897155,0.1731616,-0.2002354,-0.072569,-0.1582503,-0.6879858
IMU,500610697.0,1,-0.07957087,0.1714665,-0.207814,-0.1790605,0.006671921,-0.5973021
IMU,500651224.0,1,-0.09687678,0.1798859,-0.2098845,-0.07012925,0.00215754,-0.7833428
IMU,500693126.0,1,-0.1174913,0.1917345,-0.2127101,-0.1368591,0.02418404,-0.7975979
IMU,500733514.0,1,-0.1103477,0.1991559,-0.2186613,-0.07494529,0.1283405,-0.7268857
IMU,500773196.0,1,-0.09481139,0.2126651,-0.2296457,-0.02256507,-0.002449898,-0.9389325
IMU,500814572.0,1,-0.06903608,0.2130871,-0.2362503,-0.08778252,0.1337128,-0.8867152
IMU,500854703.0,1,-0.03257106,0.2189716,-0.2419291,0.03436449,0.05048366,-1.115814
IMU,500895256.0,1,0.001723535,0.2240957,-0.2563756,-0.06734616,0.09649784,-1.191599
IMU,500935749.0,1,0.01327428,0.2299443,-0.2604382,-0.03020064,0.08633012,-1.351221
IMU,500975469.0,1,0.01601995,0.2241102,-0.2684795,-0.03013759,0.1513278,-1.62893
IMU,501016234.0,1,0.02035207,0.2361243,-0.2713832,-0.0370431,0.1727787,-1.735745
IMU,501056410.0,1,-0.3757843,0.06164991,-0.2677645,2.390485,-2.588388,-2.920847
IMU,501096140.0,1,-0.7009219,-0.3271188,-0.2457618,-0.1846217,0.06410279,-3.689737
IMU,501136333.0,1,1.215114,-2.712076,-0.8224968,-35.94192,26.29353,-95.07052
IMU,501178048.0,1,1.785028,-2.599384,0.7565388,1.636327,-5.344583,6.702026
IMU,501218023.0,1,2.322887,-2.703734,0.914426,-1.386739,-0.8253433,2.796429
IMU,501257732.0,1,2.139302,-2.409055,0.7462012,0.2799354,-1.636001,0.2679018
IMU,501297799.0,1,1.675567,-2.166698,0.3915401,0.3617213,-1.650393,0.007876732
IMU,501338581.0,1,0.9489275,-1.52828,-0.02767792,-0.5052459,-2.912746,-2.474927
IMU,501378098.0,1,-2.017655,1.481081,-0.9681366,-2.503182,-5.124946,-2.678396
IMU,501418727.0,1,-2.393635,1.606854,-0.6685714,-1.576843,-5.159158,-3.701494
IMU,501458079.0,1,-3.459638,1.453384,-0.3041904,-0.8027931,-4.22728,-6.753287
IMU,501498096.0,1,-3.352639,1.634808,-0.1933492,-10.97746,11.67072,-22.21442
IMU,501538722.0,1,-1.125664,2.981655,-0.03435198,6.938587,-2.296052,-17.39715
IMU,501578402.0,1,-1.322823,1.125366,-0.012316,1.726685,3.298568,-11.41246
IMU,501618086.0,1,-0.344791,-0.008832595,-0.06913363,0.6104499,4.399817,-7.961442
IMU,501658184.0,1,0.5341992,-0.500691,0.07342485,0.8025196,2.222687,-9.096765
IMU,501698450.0,1,0.7705138,-0.7307414,0.06967573,0.7260249,0.6087096,-10.64332
IMU,501738473.0,1,0.6338284,-0.6759897,0.07781049,-0.6079552,0.1672855,-9.64169
IMU,501778824.0,1,0.2888416,-0.3237457,0.05858202,-0.822772,0.09694911,-9.38407
IMU,501818581.0,1,-0.06342637,0.06240894,-0.008077915,-0.9156474,-0.03503849,-9.8573
IMU,501859221.0,1,-0.2248289,0.1986887,-0.02147554,-0.1201155,0.684232,-9.807154
IMU,501898825.0,1,-0.1191824,0.1174416,-0.01052834,0.1898103,0.974421,-9.963647
IMU,501938677.0,1,0.03024271,-0.05887516,0.01046354,0.06588163,0.9074429,-9.995698
IMU,501978755.0,1,0.04614065,-0.08438381,0.01312633,-0.3176714,0.5161974,-9.859701
IMU,502019548.0,1,-0.01643548,0.01601443,-0.002011543,-0.3556266,0.4897639,-9.718485
IMU,502059086.0,1,-0.04055421,0.03434186,-0.001745072,-0.08003131,0.8149147,-9.911633
IMU,502099476.0,1,0.009245303,-0.0207443,0.0009916965,-0.1457896,0.7539803,-9.766072
IMU,502140074.0,1,0.01009764,-0.02751852,0.005689453,-0.2641223,0.5479433,-9.698967
IMU,502179743.0,1,-0.01606948,0.01105882,0.003885485,-0.250246,0.6017437,-9.850769
IMU,502219440.0,1,-0.00636023,0.004787963,0.001076574,-0.09663852,0.8051307,-9.79673
IMU,502259355.0,1,0.00476421,-0.01359141,-0.00290469,-0.1721267,0.6525522,-9.953937
IMU,502299476.0,1,-0.0006964907,-0.002643781,-0.003475961,-0.2211291,0.59335,-9.932879
IMU,502340076.0,1,-0.008269455,0.003380584,-3.090626e-05,-0.1303972,0.6150292,-9.738039
IMU,502381217.0,1,0.003411097,-0.005812775,-0.004266701,-0.1727691,0.7754093,-9.825928
IMU,502421521.0,1,0.0001324187,-0.007486372,-0.003745923,-0.2119234,0.7174222,-9.71304
IMU,502461023.0,1,-0.007281379,0.003434247,-0.003125724,-0.1807323,0.7049512,-9.757147
IMU,502503056.0,1,-0.0002156221,-0.001509805,-0.002492469,-0.1759063,0.7813787,-9.838223
IMU,502542748.0,1,5.004765e-05,0.0002314188,-0.003326762,-0.2615213,0.6412148,-9.789515
IMU,502584038.0,1,-0.005678047,-0.001702797,0.004784074,-0.2677208,0.6854745,-9.869728
IMU,502624697.0,1,-0.0006719417,-0.005379604,-0.0007004303,-0.1749652,0.5714382,-9.874004
IMU,502665223.0,1,0.001334076,-0.01173966,-0.002567258,-0.2165741,0.6910747,-9.90723
IMU,502704518.0,1,-0.0002645961,-0.002155729,-0.002476099,-0.1659451,0.7249813,-9.844432
IMU,502744493.0,1,-0.003439074,-0.002295893,0.001893823,-0.1301879,0.6587418,-9.781479
IMU,502784553.0,1,-0.002253735,-0.002542987,-0.0004959373,-0.1474258,0.6090968,-9.842124
IMU,502826384.0,1,-0.002208697,-0.0009969373,-0.002445695,-0.221905,0.5921858,-9.838672
IMU,502865917.0,1,-0.001958949,-0.001113287,-0.0005576996,-0.1869799,0.667772,-9.812613
IMU,502905809.0,1,-0.002297418,-0.005104061,-0.002280295,-0.204528,0.6819532,-9.973716
IMU,502946062.0,1,-0.0004857049,-0.001379316,-0.002805373,-0.1949705,0.7012473,-9.867689
IMU,502987598.0,1,-0.0004233073,0.002076886,-0.001628895,-0.1173992,0.6633266,-9.774601
IMU,503027163.0,1,0.0003468377,-0.006338304,7.86985e-05,-0.1428278,0.7249333,-9.758819
IMU,503067212.0,1,-0.001623142,-0.006683078,-0.002470883,-0.2310397,0.7199844,-9.680726
IMU,503107024.0,1,-0.0005748369,-0.006793633,-0.002936454,-0.126279,0.7264767,-9.930968
IMU,499195486.0,2,0.01389123,0.08776307,0.03666127,-0.8139631,0.1342564,-9.390697
IMU,499235784.0,2,-0.1156505,0.09476227,0.03955936,-0.7709888,-0.2875163,-9.359332
IMU,499275785.0,2,-0.08190726,0.09682945,-0.01522313,-0.4490728,-0.6404016,-10.56299
IMU,499316020.0,2,0.01759769,0.0702647,0.00916601,-0.7309897,-0.3069282,-10.08425
IMU,499356231.0,2,-0.0137125,0.03123867,0.02665981,-0.5745133,0.7339705,-8.331064
IMU,499398080.0,2,0.02563313,0.0206349,0.01343026,-0.0610135,0.1733144,-10.73697
IMU,499437739.0,2,0.02750503,0.007013762,0.003577116,-0.5803688,0.3261748,-9.346049
IMU,499478072.0,2,0.02058858,0.01610716,0.002068392,-0.7755778,-0.1746215,-9.816262
IMU,499518075.0,2,0.01005843,-0.05716475,0.07202522,0.12691,-0.5229754,-9.520188
IMU,499558807.0,2,0.02921233,-0.04371098,0.0330455,-0.4772584,0.2484676,-10.86947
IMU,499599975.0,2,0.03554524,0.005231868,0.00326783,-0.8405395,0.8128032,-9.692009
IMU,499640469.0,2,-0.0307096,0.04225586,0.01887583,-0.847718,0.9725024,-8.886084
IMU,499680250.0,2,7.890768e-05,0.02491741,0.07209408,-0.5490006,-0.7756667,-9.824911
IMU,499720168.0,2,-0.0404397,0.004227102,-0.01572129,0.2759017,-0.4678914,-10.09613
IMU,499760216.0,2,-0.05745478,0.03676058,-0.02788625,0.3930708,0.6796094,-9.582969
IMU,499800257.0,2,-0.03875653,0.05796788,-0.02257295,-0.3204312,0.8138524,-9.608058
IMU,499842558.0,2,-0.01573371,0.04939875,0.04405882,-0.3672319,-0.3278165,-9.328032
IMU,499882522.0,2,-0.007759638,0.08008698,-0.02859521,-0.2821375,-1.183276,-10.34628
IMU,499922807.0,2,0.04004651,0.1004483,-0.008808696,0.02348316,0.01522709,-9.212632
IMU,499962533.0,2,0.04751844,0.0909076,-0.008333683,-0.3568395,0.7642785,-11.11647
IMU,500005470.0,2,-0.038748,0.09091067,0.02751479,-0.02025205,0.6924911,-8.778741
IMU,500044825.0,2,0.008029142,0.05912628,0.007733349,0.005866621,-0.3954913,-9.703305
IMU,500085521.0,2,0.02155332,0.06064859,-0.03153558,-0.7572069,0.558135,-9.145432
IMU,500125528.0,2,-0.02766915,0.1066248,-0.02461492,0.09587649,0.4786862,-10.42102
IMU,500164831.0,2,0.005712765,0.07512002,0.03517102,-0.6366674,0.244771,-8.806254
IMU,500207277.0,2,-0.02683332,0.08686519,0.01324788,-0.2700643,-0.5436426,-9.15905
IMU,500247701.0,2,-0.06526055,0.1129257,0.001597546,-0.3296127,-0.7692918,-4.4221
IMU,500287940.0,2,-0.04940866,0.09537806,-0.01822194,-0.249472,-0.2460587,-1.067924
IMU,500327540.0,2,-0.04522009,0.1097756,-0.09089197,-0.1198456,0.03847285,-0.358137
IMU,500367580.0,2,-0.04599893,0.1479869,-0.1445997,-0.09744652,0.02851931,-0.3173917
IMU,500409817.0,2,-0.05172852,0.1721346,-0.1978572,-0.05799243,0.08139426,-0.4687804
IMU,500450421.0,2,-0.06228364,0.1890734,-0.2040727,0.003860074,0.02176986,-0.3483383
IMU,500489735.0,2,-0.07263783,0.1924201,-0.202949,-0.0354113,0.06336804,-0.4604357
IMU,500529272.0,2,-0.07102755,0.2140639,-0.2075783,-0.03624387,0.07167064,-0.5101182
IMU,500569277.0,2,-0.06559409,0.2014492,-0.2112221,-0.02448003,0.06500749,-0.6186416
IMU,500610697.0,2,-0.06938493,0.193537,-0.2172265,-0.009335102,0.04240964,-0.6951733
IMU,500651224.0,2,-0.09202491,0.2111259,-0.2200741,-0.01075703,0.02341208,-0.7493618
IMU,500693126.0,2,-0.1039508,0.2229542,-0.2198635,-0.007121315,0.06063148,-0.8186152
IMU,500733514.0,2,-0.09706421,0.2359034,-0.2316042,0.01711705,0.06725417,-0.8721334
IMU,500773196.0,2,-0.08006284,0.2440807,-0.2420715,0.01502711,0.07108255,-0.9594522
IMU,500814572.0,2,-0.05055843,0.2492818,-0.2549335,0.02590562,0.08607443,-1.062872
IMU,500854703.0,2,-0.01534404,0.255762,-0.2582056,0.03052497,0.1046832,-1.179104
IMU,500895256.0,2,0.01704727,0.2658088,-0.2674185,0.03253296,0.09533905,-1.326725
IMU,500935749.0,2,0.04079843,0.2706459,-0.2741555,0.04924971,0.1000768,-1.482482
IMU,500975469.0,2,0.05385755,0.2723789,-0.2838472,0.03962696,0.1074787,-1.641273
IMU,501016234.0,2,0.06224926,0.2817808,-0.2929526,0.06847664,0.1231395,-1.849425
IMU,501056410.0,2,-0.3797109,0.004948329,-0.3034359,0.3968315,0.0201401,-0.8456981
IMU,501096140.0,2,-0.7012061,-0.3261394,-0.2191772,0.1330093,-0.2614751,-3.375297
IMU,501136333.0,2,0.6156715,-2.575278,-0.3689959,-10.25256,24.37205,-71.73782
IMU,501178048.0,2,2.272542,-2.85775,0.9158702,0.7321752,-5.605039,1.502709
IMU,501218023.0,2,2.297466,-2.767846,0.9297191,-1.54537,-0.2046021,1.330295
IMU,501257732.0,2,2.106237,-2.492966,0.7272301,0.3699296,-1.755555,0.02388132
IMU,501297799.0,2,1.666214,-2.235298,0.3616942,0.4243281,-1.670974,-0.4209562
IMU,501338581.0,2,0.9015167,-1.503018,-0.1015182,-0.256786,-3.037307,-2.990076
IMU,501378098.0,2,-1.97704,1.593096,-0.9508291,-2.717087,-5.541437,-3.138572
IMU,501418727.0,2,-2.382375,1.69627,-0.5988913,-1.736465,-4.940953,-3.760107
IMU,501458079.0,2,-3.479311,1.544444,-0.1615328,-1.151682,-4.101377,-6.802028
IMU,501498096.0,2,-3.347232,1.901172,0.1057586,-7.528633,7.690547,-20.69577
IMU,501538722.0,2,-1.143892,3.067322,-0.01117841,4.78083,-0.8197228,-16.02463
IMU,501578402.0,2,-1.283125,1.199257,0.0391445,1.753156,2.85216,-11.80651
IMU,501618086.0,2,-0.32004,-0.006079596,-0.04644151,0.7194137,4.074389,-7.550664
IMU,501658184.0,2,0.5602089,-0.5211066,0.04987825,0.8636583,2.177617,-8.657036
IMU,501698450.0,2,0.7943596,-0.7652355,0.0488917,0.6307552,0.7277051,-10.72463
IMU,501738473.0,2,0.654603,-0.6943955,0.05784803,-0.5336293,0.2591889,-9.864326
IMU,501778824.0,2,0.2977216,-0.3197147,0.04255574,-0.7673905,0.2011048,-9.76898
IMU,501818581.0,2,-0.07498187,0.0867407,-0.009732098,-0.8213838,-0.001021974,-10.03289
IMU,501859221.0,2,-0.2170942,0.2327504,-0.0162161,-0.1352039,0.7131415,-9.826877
IMU,501898825.0,2,-0.1044709,0.1165926,-0.006117179,0.07961418,0.8819981,-9.858743
IMU,501938677.0,2,0.06131941,-0.06235442,0.008411323,0.02876198,0.9001026,-9.790067
IMU,501978755.0,2,0.07540929,-0.07634099,0.008504894,-0.266592,0.5732459,-9.890574
IMU,502019548.0,2,-0.01903494,0.02152673,0.001365014,-0.3228639,0.5396984,-9.93877
IMU,502059086.0,2,-0.03760057,0.0434674,0.0005482282,-0.1185396,0.7541425,-9.81179
IMU,502099476.0,2,0.02118295,-0.01709901,0.003485634,-0.1108118,0.73398,-9.791631
IMU,502140074.0,2,0.02056432,-0.01807486,0.003728821,-0.2299687,0.6209648,-9.908825
IMU,502179743.0,2,-0.01421338,0.01791747,0.001610193,-0.2102114,0.6433467,-9.884878
IMU,502219440.0,2,-0.004336575,0.006765711,0.001660197,-0.1318996,0.7058319,-9.849318
IMU,502259355.0,2,0.01216588,-0.01075867,0.002188749,-0.15801,0.6815922,-9.84814
IMU,502299476.0,2,0.0006687598,0.00203473,0.002696967,-0.1939731,0.638828,-9.863401
IMU,502340076.0,2,-0.005352415,0.007072429,0.001397858,-0.1566053,0.6761705,-9.853137
IMU,502381217.0,2,0.006815603,-0.003488916,0.00191053,-0.1534087,0.673947,-9.846596
IMU,502421521.0,2,0.003548342,-0.0005656215,0.003381032,-0.1854891,0.6704646,-9.870801
IMU,502461023.0,2,-0.002203313,0.004532695,0.003536397,-0.1755534,0.6691161,-9.842813
IMU,502503056.0,2,0.002853924,-0.0007719491,0.0024989,-0.1617853,0.6730302,-9.842105
IMU,502542748.0,2,0.002556946,0.0005822917,0.0031826,-0.1786755,0.6615764,-9.845071
IMU,502584038.0,2,0.0004323786,0.001165429,0.00383032,-0.1794164,0.6715016,-9.862365
IMU,502624697.0,2,0.00237109,0.0009538228,0.002624025,-0.168617,0.676734,-9.847564
IMU,502665223.0,2,0.001727752,-0.001101748,0.002871356,-0.1760342,0.674603,-9.86729
IMU,502704518.0,2,0.001175656,0.0004818458,0.003308687,-0.1767553,0.6608712,-9.849325
IMU,502744493.0,2,0.0002473116,0.0006028996,0.003758874,-0.1863429,0.6651905,-9.852106
IMU,502784553.0,2,0.001669532,-0.0003322787,0.003204492,-0.1724564,0.6651552,-9.872655
IMU,502826384.0,2,0.0006343352,0.000826786,0.002357277,-0.1621405,0.6611021,-9.847507
IMU,502865917.0,2,9.61284e-05,0.0002594194,0.001444237,-0.1672072,0.6709861,-9.852972
IMU,502905809.0,2,0.0004147521,-0.0004379725,0.003068472,-0.177628,0.6710147,-9.860596
IMU,502946062.0,2,0.0004875474,0.002266579,0.002138524,-0.1731474,0.6811532,-9.865845
IMU,502987598.0,2,0.002065798,0.0005029363,0.002586698,-0.1708426,0.6703461,-9.86349
IMU,503027163.0,2,0.0007316141,0.0002342744,0.002104574,-0.1728556,0.6663644,-9.857165
IMU,503067212.0,2,0.001377421,0.0005607546,0.00252032,-0.1701444,0.658433,-9.852158
IMU,503107024.0,2,0.001168522,0.0005427244,0.002599739,-0.1791584,0.6611325,-9.87189
