ARM,335059045.0,0.0
AHR2,334131177.0,2.11,-10.02,206.96,475.87,43.2375765,-7.6813893
AHR2,334234311.0,1.29,-9.93,206.83,475.63,43.2375732,-7.6813925
AHR2,334338858.0,2.03,-9.55,206.82,475.84,43.2375704,-7.6813957
AHR2,334441948.0,2.03,-8.75,206.7,475.98,43.2375669,-7.6813992
AHR2,334545725.0,1.44,-7.91,206.31,475.98,43.2375632,-7.6814029
AHR2,334648893.0,0.97,-7.75,206.08,475.98,43.2375597,-7.6814063
AHR2,334754153.0,0.97,-6.96,206.04,476.01,43.237556,-7.6814097
AHR2,334857119.0,1.2,-7.09,205.94,475.86,43.2375524,-7.6814131
AHR2,334961798.0,1.45,-7.69,206.04,475.85,43.2375482,-7.6814172
AHR2,335064536.0,1.63,-7.62,206.05,475.53,43.2375446,-7.6814207
AHR2,335165153.0,1.58,-6.16,206.2,475.08,43.2375407,-7.6814242
AHR2,335265153.0,1.86,-2.98,206.33,474.1,43.2375371,-7.6814275
AHR2,335365184.0,2.3,0.42,206.37,474.21,43.2375345,-7.6814291
AHR2,335465304.0,2.65,4.47,206.35,474.1,43.2375307,-7.6814323
AHR2,335565549.0,3.4,9.15,206.42,474.08,43.2375263,-7.6814372
AHR2,335665502.0,4.34,14.43,206.59,473.86,43.2375228,-7.6814404
AHR2,335766124.0,5.68,20.34,206.97,473.51,43.2375196,-7.6814434
AHR2,335865732.0,7.36,26.34,207.33,472.99,43.2375162,-7.6814465
AHR2,335966321.0,17.35,-13.48,203.74,472.03,43.2375131,-7.6814497
AHR2,336066504.0,26.79,-34.81,190.99,470.33,43.2375098,-7.6814529
AHR2,336166349.0,19.99,-41.61,192.15,470.56,43.2375036,-7.6814598
AHR2,336266382.0,16.3,-27.19,199.33,470.55,43.2374993,-7.6814641
AHR2,336366325.0,17.99,-7.81,203.06,470.77,43.2375102,-7.6814533
AHR2,336466707.0,17.63,-10.94,202.27,470.49,43.2375109,-7.6814526
AHR2,336566355.0,17.58,-11.05,202.37,470.49,43.2375098,-7.6814539
AHR2,336666764.0,17.58,-10.95,202.37,470.64,43.2375098,-7.681454
AHR2,336766483.0,17.55,-10.93,202.36,470.45,43.2375096,-7.6814536
AHR2,336866502.0,17.5,-10.91,202.36,470.5,43.2375095,-7.6814535
AHR2,336966373.0,17.47,-10.89,202.34,470.43,43.2375099,-7.6814536
AHR2,337066336.0,17.45,-10.86,202.33,470.67,43.2375099,-7.6814536
AHR2,337166780.0,17.42,-10.83,202.32,470.71,43.2375099,-7.6814536
AHR2,337266763.0,17.4,-10.81,202.31,470.5,43.2375099,-7.6814535
AHR2,337366736.0,17.37,-10.78,202.3,470.63,43.2375099,-7.6814539
AHR2,337466706.0,17.35,-10.75,202.28,470.72,43.2375099,-7.6814539
AHR2,337566785.0,17.33,-10.73,202.26,470.6,43.23751,-7.6814542
AHR2,337666790.0,17.31,-10.71,202.26,470.67,43.2375101,-7.6814543
AHR2,337767397.0,17.29,-10.68,202.25,470.71,43.23751,-7.6814544
AHR2,337867335.0,17.26,-10.66,202.23,470.6,43.2375101,-7.6814544
AHR2,337967344.0,17.24,-10.63,202.23,470.52,43.2375102,-7.6814548
ATT,334130728.0,1.39,1.41,-11.17,-10.06,213.84,212.93
ATT,334233729.0,1.26,0.63,-10.75,-9.89,213.86,212.83
ATT,334338304.0,1.16,1.39,-10.15,-9.46,213.88,212.85
ATT,334441368.0,0.9,1.37,-9.56,-8.64,213.9,212.85
ATT,334545244.0,0.78,0.79,-9.02,-7.84,213.92,212.53
ATT,334648348.0,0.72,0.36,-8.56,-7.78,213.92,212.36
ATT,334753414.0,0.84,0.4,-8.24,-7.04,213.92,212.34
ATT,334856560.0,1.0,0.66,-8.18,-7.16,213.91,212.24
ATT,334961317.0,1.06,0.91,-8.23,-7.74,213.9,212.37
ATT,335064169.0,1.0,1.08,-8.1,-7.66,212.4,212.42
ATT,335164746.0,0.51,1.03,-5.07,-6.18,212.54,212.56
ATT,335264568.0,0.26,1.31,-2.59,-2.99,212.57,212.59
ATT,335364747.0,0.13,1.76,-1.31,0.55,212.46,212.49
ATT,335464834.0,0.06,2.12,-0.67,4.89,212.3,212.32
ATT,335565234.0,0.03,2.97,-0.34,9.99,212.23,212.26
ATT,335664975.0,0.01,4.01,-0.17,15.73,212.31,212.36
ATT,335765566.0,0.0,5.42,-0.08,22.18,212.62,212.67
ATT,335865303.0,0.0,7.17,-0.04,28.72,212.92,213.0
ATT,335965927.0,0.0,16.83,-0.02,-10.72,209.52,209.67
ATT,336065995.0,0.0,25.21,-0.01,-31.74,197.81,198.06
ATT,336165948.0,0.0,17.85,0.0,-37.45,199.22,199.41
ATT,336265967.0,0.0,14.57,0.0,-21.72,205.44,205.58
ATT,336365924.0,0.0,16.35,0.0,-1.14,208.47,208.61
ATT,336466259.0,0.0,15.74,0.0,-3.39,207.84,207.98
ATT,336565967.0,0.0,15.66,0.0,-3.44,207.97,208.11
ATT,336666231.0,0.0,15.62,0.0,-3.43,208.0,208.14
ATT,336765988.0,0.0,15.64,0.0,-3.41,207.99,208.13
ATT,336866002.0,0.0,15.64,0.0,-3.4,208.0,208.14
ATT,336965991.0,0.0,15.64,0.0,-3.37,207.97,208.11
ATT,337065921.0,0.0,15.64,0.0,-3.35,207.95,208.09
ATT,337166353.0,0.0,15.64,0.0,-3.33,207.91,208.05
ATT,337266285.0,0.0,15.65,0.0,-3.3,207.88,208.02
ATT,337366292.0,0.0,15.66,0.0,-3.27,207.84,207.98
ATT,337466262.0,0.0,15.66,0.0,-3.24,207.8,207.94
ATT,337566346.0,0.0,15.68,0.0,-3.19,207.72,207.86
ATT,337666351.0,0.0,15.69,0.0,-3.16,207.67,207.81
ATT,337766976.0,0.0,15.7,0.0,-3.1,207.6,207.74
ATT,337866948.0,0.0,15.71,0.0,-3.05,207.55,207.69
ATT,337966962.0,0.0,15.72,0.0,-2.99,207.47,207.61
BARO,334125215.0,0,4.035617,96583.15,41.75
BARO,334229049.0,0,3.795431,96585.74,41.76
BARO,334333966.0,0,4.004534,96583.48,41.76
BARO,334436815.0,0,4.140169,96582.01,41.76
BARO,334540397.0,0,4.148645,96581.91,41.75
BARO,334643530.0,0,4.142994,96581.97,41.75
BARO,334747964.0,0,4.179729,96581.56,41.75
BARO,334851541.0,0,4.029965,96583.2,41.75
BARO,334956315.0,0,4.013011,96583.38,41.75
BARO,335059326.0,0,3.696531,96586.8,41.75
BARO,335159486.0,0,3.24159,96591.73,41.75
BARO,335259363.0,0,2.266716,96602.27,41.75
BARO,335359532.0,0,2.374094,96601.12,41.75
BARO,335459716.0,0,2.263891,96602.31,41.75
BARO,335560000.0,0,2.244111,96602.52,41.75
BARO,335660213.0,0,2.02653,96604.87,41.75
BARO,335760828.0,0,1.67049,96608.73,41.75
BARO,335860771.0,0,1.150557,96614.34,41.74
BARO,335961341.0,0,0.1926382,96624.72,41.75
BARO,336061516.0,0,-1.508445,96643.11,41.74
BARO,336161406.0,0,-1.276736,96640.62,41.74
BARO,336261415.0,0,-1.285213,96640.7,41.74
BARO,336361322.0,0,-1.064807,96638.31,41.73
BARO,336461329.0,0,-1.347379,96641.39,41.73
BARO,336561327.0,0,-1.347379,96641.38,41.74
BARO,336661316.0,0,-1.197616,96639.77,41.74
BARO,336761337.0,0,-1.389765,96641.84,41.74
BARO,336861270.0,0,-1.336076,96641.24,41.74
BARO,336961367.0,0,-1.403893,96642.0,41.74
BARO,337061486.0,0,-1.160881,96639.35,41.74
BARO,337161515.0,0,-1.129799,96639.01,41.74
BARO,337261809.0,0,-1.33325,96641.21,41.75
BARO,337361742.0,0,-1.208919,96639.88,41.75
BARO,337461913.0,0,-1.112844,96638.85,41.76
BARO,337561803.0,0,-1.237176,96640.17,41.76
BARO,337661913.0,0,-1.163707,96639.39,41.76
BARO,337762344.0,0,-1.129799,96639.01,41.76
BARO,337862497.0,0,-1.231524,96640.13,41.77
BARO,337962129.0,0,-1.319122,96641.06,41.77
BARO,334125215.0,1,3.801082,96706.3,34.3
BARO,334229049.0,1,3.671099,96707.71,34.3
BARO,334333966.0,1,3.854771,96705.71,34.3
BARO,334436815.0,1,3.922588,96704.97,34.3
BARO,334540397.0,1,3.894331,96705.3,34.3
BARO,334643530.0,1,3.851945,96705.75,34.3
BARO,334747964.0,1,3.94802,96704.69,34.3
BARO,334851541.0,1,4.236243,96701.58,34.3
BARO,334956315.0,1,3.919762,96705.0,34.3
BARO,335059326.0,1,3.59763,96708.5,34.3
BARO,335159486.0,1,3.173772,96713.08,34.3
BARO,335259363.0,1,2.289322,96722.66,34.3
BARO,335359532.0,1,2.484297,96720.54,34.29
BARO,335459716.0,1,2.47582,96720.65,34.3
BARO,335560000.0,1,2.470168,96720.71,34.3
BARO,335660213.0,1,2.198899,96723.65,34.29
BARO,335760828.0,1,1.893721,96726.95,34.3
BARO,335860771.0,1,1.164686,96734.85,34.29
BARO,335961341.0,1,-1.245653,96760.98,34.29
BARO,336061516.0,1,-1.615822,96764.98,34.29
BARO,336161406.0,1,-1.302167,96761.56,34.29
BARO,336261415.0,1,-1.355856,96762.14,34.29
BARO,336361322.0,1,-1.624299,96765.06,34.29
BARO,336461329.0,1,-1.522573,96763.96,34.29
BARO,336561327.0,1,-1.423673,96762.88,34.29
BARO,336661316.0,1,-1.443453,96763.12,34.28
BARO,336761337.0,1,-1.612997,96764.93,34.29
BARO,336861270.0,1,-1.556482,96764.33,34.28
BARO,336961367.0,1,-1.550831,96764.27,34.28
BARO,337061486.0,1,-1.564959,96764.41,34.28
BARO,337161515.0,1,-1.576262,96764.53,34.28
BARO,337261809.0,1,-1.43215,96762.98,34.28
BARO,337361742.0,1,-1.677988,96765.66,34.28
BARO,337461913.0,1,-1.367159,96762.29,34.27
BARO,337561803.0,1,-1.446279,96763.14,34.28
BARO,337661913.0,1,-1.649731,96765.35,34.28
BARO,337762344.0,1,-1.593217,96764.73,34.28
BARO,337862497.0,1,-1.519748,96763.92,34.28
BARO,337962129.0,1,-1.539528,96764.13,34.27
GPS,334304516.0,3,19,43.2375756,-7.6813906,472.86,4.676,0.405,0.0
GPS,334491845.0,3,19,43.2375689,-7.6813973,472.78,4.597,0.405,0.0
GPS,334699337.0,3,19,43.237562,-7.681404,472.73,4.724,0.356,0.0
GPS,334884312.0,3,19,43.2375551,-7.6814107,472.66,4.783,0.431,0.0
GPS,335074503.0,3,19,43.2375481,-7.6814174,472.59,4.767,0.411,0.0
GPS,335314500.0,3,19,43.2375408,-7.6814238,472.41,4.897,1.522,0.0
GPS,335474729.0,3,19,43.2375336,-7.6814304,471.94,4.73,3.554,0.0
GPS,335675502.0,3,19,43.2375267,-7.6814368,471.05,4.569,5.286,0.0
GPS,335875539.0,3,19,43.23752,-7.6814431,469.84,4.494,6.993001,0.0
GPS,336075969.0,3,19,43.2375125,-7.6814507,468.46,5.942,7.022,0.0
GPS,336336403.0,3,18,43.2375091,-7.6814542,467.58,0.9960001,1.698,0.0
GPS,336476120.0,3,19,43.2375098,-7.6814537,467.42,0.09200001,0.252,0.0
GPS,336676154.0,3,19,43.2375097,-7.6814537,467.38,0.11,0.287,0.0
GPS,336876265.0,3,17,43.2375098,-7.6814537,467.36,0.079,0.247,0.0
GPS,337075996.0,3,16,43.2375099,-7.6814537,467.38,0.075,0.172,0.0
GPS,337297211.0,3,16,43.2375099,-7.6814539,467.43,0.037,0.23,0.0
GPS,337476483.0,3,16,43.23751,-7.6814542,467.47,0.053,0.159,0.0
GPS,337676450.0,3,16,43.23751,-7.6814545,467.53,0.06500001,0.09200001,0.0
GPS,337877061.0,3,16,43.2375101,-7.6814547,467.57,0.068,0.068,0.0
IMU,334115726.0,0,-0.2067097,0.05338261,0.02309871,-1.210839,0.7584935,-10.02633
IMU,334155905.0,0,-0.3148949,0.02508394,-0.03439813,-1.303957,0.07555859,-9.211523
IMU,334198809.0,0,-0.1919024,-0.02811739,-0.0143839,-1.4374,0.4261618,-9.408503
IMU,334238633.0,0,0.02091826,0.110824,-0.02130818,-1.49887,0.5158841,-10.09464
IMU,334282354.0,0,0.3399285,-0.004607925,0.005720792,-0.2461549,0.9809519,-9.67074
IMU,334323734.0,0,0.0399119,0.1064857,0.01351962,-1.338513,0.5753097,-10.26015
IMU,334363250.0,0,-0.02931969,0.1406102,-0.01641511,-0.8688942,0.2057744,-9.51441
IMU,334406879.0,0,0.02423549,0.1114762,-0.01383135,-1.243667,0.3301228,-9.732131
IMU,334446542.0,0,-0.1165888,0.2025913,-0.02020531,-1.562785,0.1316623,-9.422634
IMU,334489384.0,0,-0.1662274,0.0553823,-0.04266112,-0.9569892,0.5036879,-10.1236
IMU,334530796.0,0,-0.302736,0.06701335,-0.06621405,-1.559886,0.519255,-10.23514
IMU,334570251.0,0,-0.01717803,0.1518224,-0.04860855,-1.344436,0.5006075,-9.722096
IMU,334613739.0,0,-0.003520986,0.05602464,-0.007317404,-0.8688518,0.3431736,-9.826692
IMU,334653954.0,0,-0.1594482,-0.006505197,-0.007395286,-1.795654,0.2520593,-9.740862
IMU,334697220.0,0,0.05164779,0.06562258,-0.03688662,-0.4645254,0.286477,-9.960424
IMU,334737988.0,0,-0.1093671,-0.007604037,-0.002661122,-0.9461496,0.1978827,-9.632883
IMU,334778768.0,0,0.1646796,0.1590644,0.03015622,-1.698243,0.3235622,-9.466746
IMU,334821245.0,0,0.1139459,-0.02902363,0.04004922,-0.5602926,0.1651307,-9.111525
IMU,334861568.0,0,0.07234571,-0.1157714,-0.02161354,-0.7879631,0.1261349,-9.704371
IMU,334905371.0,0,-0.07525264,-0.06522485,-0.02850319,-1.232149,0.1652637,-9.38577
IMU,334945903.0,0,0.2398002,-0.007287327,0.03740346,-0.6534309,0.4166221,-9.031254
IMU,334986484.0,0,-0.07892795,-0.1160323,-0.01029371,-0.6442725,0.3477876,-9.250916
IMU,335029498.0,0,-0.1231723,0.02439165,-0.0175306,-1.323205,0.2972046,-10.00828
IMU,335069247.0,0,0.1672581,0.1445383,0.03777597,-0.8825266,0.2106176,-9.012525
IMU,335109368.0,0,0.3081281,0.1740574,0.04317814,0.3645278,-0.08010061,-4.042118
IMU,335149537.0,0,-0.1847012,0.2676213,0.02676599,-0.2151073,-0.2796097,-1.255231
IMU,335189536.0,0,-0.1152375,0.5087405,0.03042066,-0.0714506,0.03699552,-0.7182753
IMU,335229219.0,0,-0.00283845,0.5935131,0.03539067,-0.6534885,0.06152689,-0.4123641
IMU,335269605.0,0,0.02227207,0.5629011,0.0217361,-0.4099857,-0.04007371,-0.3536218
IMU,335309044.0,0,0.06634444,0.632189,0.01971271,-0.3000188,-0.0267062,-0.6226696
IMU,335349372.0,0,0.09120608,0.6116932,0.01259027,-0.2797317,0.003355514,-0.5678012
IMU,335389482.0,0,0.03305557,0.6805363,0.0103272,-0.4000733,0.00623271,-0.6982251
IMU,335429959.0,0,0.06754754,0.778138,0.007126695,-0.421524,0.02420966,-0.9185163
IMU,335470139.0,0,0.1043681,0.8599474,0.006195073,-0.3651649,0.05886811,-0.976289
IMU,335509960.0,0,0.1508134,0.8846235,0.01408008,-0.3298048,0.0450593,-1.173708
IMU,335550264.0,0,0.16091,0.9064656,0.01913094,-0.3013355,0.03676914,-1.230607
IMU,335589975.0,0,0.1670449,0.9466858,0.01791701,-0.3174529,0.05544148,-1.324375
IMU,335629989.0,0,0.1778143,1.015118,0.02395344,-0.255634,0.02409722,-1.514328
IMU,335670607.0,0,0.197209,1.073946,0.02908862,-0.1994709,0.03616146,-1.621757
IMU,335710907.0,0,0.21484,1.111676,0.03487098,-0.108963,0.03686375,-1.685808
IMU,335750322.0,0,0.2517296,1.129544,0.0369389,-0.0865855,0.06981469,-1.847869
IMU,335790389.0,0,0.2847707,1.128469,0.02063748,-0.04141526,0.0478353,-1.970515
IMU,335830498.0,0,0.2876446,1.156023,-0.01311179,0.02877723,0.03934702,-2.045174
IMU,335871139.0,0,0.2715862,1.159908,-0.01635562,0.07828613,-0.09526695,-2.167428
IMU,335911703.0,0,0.3203522,1.004663,-0.003938425,0.8213432,0.2628753,-4.123404
IMU,335950818.0,0,5.246008,-24.93294,3.193459,-70.88229,-33.42027,-95.31795
IMU,335991010.0,0,0.6369263,-5.402941,-0.2184406,2.294147,7.760106,5.247303
IMU,336030908.0,0,0.3793528,-4.611454,-0.9557174,0.9293783,-0.726606,4.163308
IMU,336071282.0,0,-0.5001717,-2.976702,-0.9343885,-6.407199,-4.06215,-0.7107645
IMU,336111905.0,0,-1.64413,-1.015577,0.7122102,-8.595711,-4.085867,0.9428581
IMU,336150950.0,0,-0.6482341,-0.3529778,0.8583378,-3.60274,-3.389424,0.1381139
IMU,336190930.0,0,0.03347612,1.745423,0.5946254,-8.928355,-4.89355,-3.008979
IMU,336230885.0,0,-0.05231782,3.253019,0.0798526,-5.354335,-3.086802,-1.960606
IMU,336271329.0,0,-0.6571522,4.645693,0.6150585,-10.90504,-2.759567,-6.33087
IMU,336311644.0,0,0.09330775,4.501821,-0.3313186,1.108363,0.7955167,-11.64236
IMU,336350968.0,0,1.573579,2.660682,-0.1654797,7.660343,0.4969974,-19.9943
IMU,336390919.0,0,0.9309891,-0.411186,-0.01424197,-3.251753,-6.513495,-12.0004
IMU,336430882.0,0,-0.4992828,-0.6001177,-0.1354757,-0.09139833,-2.866464,-5.818463
IMU,336471304.0,0,-0.6013725,-0.1888898,0.175947,-1.922392,-1.861215,-10.38836
IMU,336511882.0,0,0.0666959,-0.002714109,0.02463008,-2.644003,-0.345077,-9.667539
IMU,336550919.0,0,0.104262,0.02735287,-0.04667823,-1.188282,-2.511184,-9.286782
IMU,336590913.0,0,-0.03394886,0.0007290737,0.01620885,-1.494809,-2.115426,-9.50587
IMU,336630947.0,0,0.03831684,0.0006131202,-0.00956087,-1.455378,-2.195456,-9.348386
IMU,336671396.0,0,-0.008454034,0.003641171,0.002028166,-1.525001,-1.990533,-9.425253
IMU,336711898.0,0,-0.003972597,0.002472152,0.0007089801,-1.430908,-2.135179,-9.332265
IMU,336750930.0,0,0.01098721,0.001195404,-0.001012044,-1.492977,-2.031511,-9.401477
IMU,336790903.0,0,-0.004421126,0.002068081,0.002617859,-1.488778,-2.074742,-9.377306
IMU,336830907.0,0,0.001414332,0.002047393,-0.0003206237,-1.459522,-2.086943,-9.385999
IMU,336871012.0,0,4.644069e-06,0.00265958,0.0002085425,-1.479341,-2.068195,-9.373775
IMU,336911550.0,0,-0.00174498,0.002556717,0.0004064892,-1.476066,-2.073211,-9.368666
IMU,336950924.0,0,-0.000514543,0.001849586,-0.001077795,-1.475696,-2.080796,-9.390415
IMU,336990914.0,0,-0.001902449,0.001790825,0.000182582,-1.475125,-2.079696,-9.376212
IMU,337031267.0,0,-0.001857766,0.001934727,-0.0004475725,-1.473069,-2.070873,-9.364281
IMU,337070977.0,0,-0.001408036,0.002008186,-0.0001580532,-1.475363,-2.062572,-9.390205
IMU,337111829.0,0,-0.001983329,0.0007243871,-0.000542301,-1.481853,-2.079874,-9.384733
IMU,337150995.0,0,-0.0006745027,0.001195192,0.0002952417,-1.467188,-2.075066,-9.382788
IMU,337191249.0,0,-0.001101644,0.001911632,0.0006535631,-1.467691,-2.07806,-9.397392
IMU,337231763.0,0,-0.001972169,0.002407955,0.0001642764,-1.468942,-2.061716,-9.376811
IMU,337271784.0,0,0.0001269614,0.002748525,0.0004399661,-1.46463,-2.078313,-9.383967
IMU,337311954.0,0,0.000253584,0.001614282,-0.001793065,-1.467901,-2.062553,-9.390097
IMU,337351342.0,0,-0.0005689932,0.001038802,0.00104049,-1.476029,-2.064263,-9.370875
IMU,337391267.0,0,-9.319051e-05,0.002894607,-0.0001483821,-1.47421,-2.068261,-9.400975
IMU,337431289.0,0,-0.0007282869,0.00123093,0.0009415844,-1.464181,-2.071905,-9.364474
IMU,337471690.0,0,-0.001213965,0.001701192,-0.0008741582,-1.461581,-2.06953,-9.374405
IMU,337511980.0,0,-0.0006293639,0.001916444,0.0007154263,-1.466373,-2.06715,-9.387219
IMU,337551327.0,0,-0.0001044231,0.002353217,-0.0007371304,-1.45782,-2.063185,-9.36393
IMU,337591394.0,0,-0.001193688,0.001684039,0.0008477378,-1.467396,-2.072987,-9.382545
IMU,337631343.0,0,-0.001332473,0.0007402236,-0.0009500732,-1.462137,-2.070957,-9.383447
IMU,337671746.0,0,-0.0007247237,0.001502338,-0.0009335862,-1.467825,-2.060138,-9.386171
IMU,337712581.0,0,-0.0006546095,0.001673556,-0.0008725378,-1.478207,-2.072226,-9.39029
IMU,337751824.0,0,-0.001263291,0.002386348,-5.933633e-05,-1.467091,-2.0626,-9.369562
IMU,337791951.0,0,-0.001662417,0.00285294,-0.0002006639,-1.468087,-2.063821,-9.373407
IMU,337832328.0,0,-0.001384126,0.002383583,-0.0007805597,-1.473083,-2.063379,-9.363841
IMU,337871814.0,0,-0.001534051,0.002242542,0.001097436,-1.466027,-2.063602,-9.382847
IMU,337912021.0,0,-0.0006478756,0.001251309,-0.0005383475,-1.476466,-2.064705,-9.38821
IMU,337952713.0,0,-0.0005499973,0.00228632,-0.0006481251,-1.466715,-2.066755,-9.3991
IMU,337992011.0,0,-0.001609334,0.001200791,-8.031653e-05,-1.464792,-2.069387,-9.373279
IMU,338032551.0,0,-0.001594341,0.00192566,-0.0007606291,-1.463044,-2.074604,-9.395208
IMU,334115726.0,1,-0.2047773,0.02753346,0.01525183,-1.223404,0.705285,-9.697573
IMU,334155905.0,1,-0.2118066,-0.0104521,-0.02618549,-1.474772,-0.1502363,-9.415311
IMU,334198809.0,1,-0.05834839,-0.01458749,-0.02814933,-1.56097,0.3804985,-10.00869
IMU,334238633.0,1,-0.02856082,0.09030873,-0.01463326,-1.646896,0.4837727,-10.07097
IMU,334282354.0,1,0.2633878,0.01820995,0.007503822,-0.2562045,0.8261376,-9.828551
IMU,334323734.0,1,0.006519453,0.05206305,0.003359814,-1.449979,0.4891852,-9.978329
IMU,334363250.0,1,0.09408569,0.1394952,0.02487342,-0.8974555,0.3253812,-9.951482
IMU,334406879.0,1,0.1593274,0.1461179,0.02688754,-1.032301,0.2126705,-10.50871
IMU,334446542.0,1,-0.1730695,0.1193572,-0.02507885,-1.524949,-0.002745394,-9.174464
IMU,334489384.0,1,-0.1574322,0.08059192,-0.05938176,-1.349401,0.6419245,-10.14281
IMU,334530796.0,1,-0.2371791,0.04767996,-0.05315353,-1.643746,0.4270911,-10.39478
IMU,334570251.0,1,-0.04408687,0.1251637,-0.03567883,-0.9260908,0.6263892,-9.732186
IMU,334613739.0,1,-0.008765649,0.02412576,-0.01122675,-0.6920126,0.3259085,-10.18521
IMU,334653954.0,1,-0.1142026,-0.02518852,-0.03649296,-1.868716,0.1435346,-9.548737
IMU,334697220.0,1,0.02260797,0.08442635,-0.0419566,-0.7955692,0.2998354,-10.0699
IMU,334737988.0,1,0.01066017,0.04850614,0.01627234,-1.226414,0.2676369,-10.73094
IMU,334778768.0,1,0.1123313,0.08776794,0.02306163,-1.65899,0.4051586,-9.569202
IMU,334821245.0,1,0.04096827,0.009159298,0.01824784,-0.534171,0.06575078,-9.329825
IMU,334861568.0,1,0.1200037,-0.08518226,-0.05888313,-0.5384932,0.002362541,-9.950891
IMU,334905371.0,1,0.03025742,-0.09202453,0.003122642,-0.9055486,0.2990716,-9.473701
IMU,334945903.0,1,0.1307157,-0.00938807,0.03008246,-0.5036682,0.2303869,-9.391499
IMU,334986484.0,1,-0.05931124,-0.08263268,-0.02222442,-0.9394965,0.4189901,-9.427903
IMU,335029498.0,1,-0.0858369,-0.00207317,-0.003442992,-1.220737,0.5398947,-10.09581
IMU,335069247.0,1,0.09865738,0.1289432,0.0353811,-0.4763139,0.1707693,-9.419404
IMU,335109368.0,1,0.2371233,0.2484783,0.06407911,0.392771,-0.01456809,-4.259263
IMU,335149537.0,1,-0.1462031,0.3163059,0.0444636,-0.6035458,-0.09529094,-1.408854
IMU,335189536.0,1,-0.1408273,0.5362309,0.05325343,-0.1392314,0.1655684,-0.8135166
IMU,335229219.0,1,-0.01666727,0.5630012,0.05442119,-0.6821775,0.1197866,-0.3862664
IMU,335269605.0,1,0.0257769,0.553458,0.03523451,-0.5109732,0.0774526,-0.481579
IMU,335309044.0,1,0.07296642,0.6403301,0.04034515,-0.2502273,-0.01878595,-0.8069632
IMU,335349372.0,1,0.0874728,0.6093751,0.03065896,-0.2794521,0.09166163,-0.8274222
IMU,335389482.0,1,0.03205692,0.6726862,0.03148013,-0.3011538,0.1675195,-0.7156905
IMU,335429959.0,1,0.06761725,0.7671094,0.03100592,-0.4752384,0.2457363,-1.092908
IMU,335470139.0,1,0.0975801,0.8578699,0.03552348,-0.3805737,0.1953391,-1.14518
IMU,335509960.0,1,0.1430531,0.8770029,0.04180234,-0.4030794,0.1540309,-1.244486
IMU,335550264.0,1,0.1565955,0.9007995,0.04960308,-0.3367761,0.04157533,-1.408898
IMU,335589975.0,1,0.1637724,0.9401827,0.0483044,-0.314083,-0.02130463,-1.522843
IMU,335629989.0,1,0.1747537,1.005308,0.05488121,-0.2659623,0.09904961,-1.71709
IMU,335670607.0,1,0.1931423,1.062385,0.06637493,-0.2368015,0.1408293,-1.568183
IMU,335710907.0,1,0.2072054,1.099707,0.07338546,-0.1720912,0.1472317,-1.697318
IMU,335750322.0,1,0.2484668,1.118733,0.07804865,-0.1532155,0.073752,-1.971671
IMU,335790389.0,1,0.2767935,1.119366,0.06108861,-0.1042466,0.1497233,-2.173841
IMU,335830498.0,1,0.2810105,1.143731,0.02937504,-0.01686298,0.06163923,-2.234667
IMU,335871139.0,1,0.2657091,1.149158,0.02350041,-0.1100631,-0.005676731,-2.312859
IMU,335911703.0,1,0.2958767,1.010133,0.03252206,0.9094777,0.3897292,-4.221864
IMU,335950818.0,1,6.002492,-27.47889,2.34354,-89.88783,-59.69379,-124.9822
IMU,335991010.0,1,0.6404532,-5.153399,-0.5455408,19.15261,15.38557,4.98339
IMU,336030908.0,1,0.3642772,-4.686394,-0.9715818,2.110834,-0.4375441,4.032599
IMU,336071282.0,1,-0.4273488,-3.008626,-1.036791,-6.744699,-4.24446,-1.230631
IMU,336111905.0,1,-1.602879,-1.049608,0.5707375,-8.830361,-4.124867,0.9673992
IMU,336150950.0,1,-0.6398623,-0.3481426,0.8335443,-3.488914,-3.218399,0.3051818
IMU,336190930.0,1,0.0169008,1.634742,0.6343669,-8.72231,-4.667141,-2.527879
IMU,336230885.0,1,-0.04638448,3.187193,0.1692299,-5.111856,-2.90757,-2.138523
IMU,336271329.0,1,-0.5515665,4.521398,0.6864574,-10.65663,-2.532211,-6.63364
IMU,336311644.0,1,0.07553604,4.438084,-0.2071522,1.339846,0.8400808,-11.74931
IMU,336350968.0,1,1.533839,2.672436,-0.04793353,7.662715,0.2524971,-20.30674
IMU,336390919.0,1,1.046238,-0.3596146,-0.009088092,-3.399353,-6.622637,-12.82316
IMU,336430882.0,1,-0.504045,-0.6010045,-0.1523726,-0.08690818,-2.670381,-5.796449
IMU,336471304.0,1,-0.6159833,-0.193853,0.1438404,-1.900962,-1.775067,-10.42521
IMU,336511882.0,1,0.04415969,0.004474555,0.03762033,-2.582354,-0.3161445,-9.800858
IMU,336550919.0,1,0.1040755,0.03012073,-0.04104662,-1.231923,-2.47117,-9.472866
IMU,336590913.0,1,-0.03627404,-0.0006756285,0.01278573,-1.563582,-2.033726,-9.670183
IMU,336630947.0,1,0.04120524,0.0009700906,-0.003624942,-1.392048,-2.113198,-9.495559
IMU,336671396.0,1,-0.008323459,0.01160861,0.001536124,-1.539201,-1.891778,-9.404191
IMU,336711898.0,1,-0.004100257,0.004902464,0.002852384,-1.342707,-2.105062,-9.441493
IMU,336750930.0,1,0.009698427,0.00697567,0.00378645,-1.445749,-1.907564,-9.57152
IMU,336790903.0,1,-0.00651003,0.006634249,0.005799741,-1.423218,-2.080402,-9.566658
IMU,336830907.0,1,-0.004704745,0.004231091,0.004215549,-1.439749,-2.024454,-9.445989
IMU,336871012.0,1,-0.004279446,0.003401329,0.004292457,-1.456383,-2.063549,-9.533214
IMU,336911550.0,1,-0.002550314,0.0009317791,-0.001549797,-1.366984,-2.085174,-9.507535
IMU,336950924.0,1,0.0006649636,-0.0001946702,0.002320467,-1.476398,-2.113428,-9.462488
IMU,336990914.0,1,0.002827369,-0.002056329,0.001149564,-1.360414,-1.947076,-9.520981
IMU,337031267.0,1,0.002748491,0.004745564,0.001209594,-1.371272,-2.0959,-9.565567
IMU,337070977.0,1,-0.001020708,-0.000461929,0.002661393,-1.501031,-2.019558,-9.398855
IMU,337111829.0,1,-0.0004811189,0.009058662,0.0008023812,-1.428207,-2.06595,-9.55385
IMU,337150995.0,1,0.001961299,-0.003854485,-0.000789517,-1.405651,-2.074883,-9.619186
IMU,337191249.0,1,-0.0004822992,-9.103541e-05,-0.002573486,-1.511202,-2.083887,-9.512447
IMU,337231763.0,1,-0.002185869,0.005057445,0.001050577,-1.491457,-1.986542,-9.570283
IMU,337271784.0,1,0.003395599,-0.0003668918,0.003581107,-1.42362,-1.977992,-9.509434
IMU,337311954.0,1,0.003571144,-0.001742533,-0.000300026,-1.415917,-1.984859,-9.465969
IMU,337351342.0,1,0.002193117,0.004520471,-0.001517014,-1.422996,-1.976257,-9.426439
IMU,337391267.0,1,-0.0006707884,0.003753159,-0.0009245439,-1.458686,-1.928152,-9.543308
IMU,337431289.0,1,-0.003783615,-0.003512532,-0.0004341812,-1.476796,-2.037652,-9.685938
IMU,337471690.0,1,-0.001779488,0.0006527768,0.0009834787,-1.440252,-2.020879,-9.545719
IMU,337511980.0,1,0.001778011,-0.0031698,0.003215254,-1.377793,-2.012614,-9.555167
IMU,337551327.0,1,0.00417209,0.002703914,9.36817e-05,-1.442902,-1.983368,-9.370167
IMU,337591394.0,1,0.001218906,-0.0005915694,-0.00141281,-1.442851,-1.911925,-9.583591
IMU,337631343.0,1,0.0006376895,0.003406411,-0.004512084,-1.531647,-1.994947,-9.564177
IMU,337671746.0,1,0.00311019,0.00693246,0.004156465,-1.476727,-1.997277,-9.437983
IMU,337712581.0,1,-0.004347364,0.006141681,0.0003407998,-1.397513,-1.978347,-9.578541
IMU,337751824.0,1,0.003897688,0.001928796,0.0007612437,-1.474949,-1.967191,-9.371556
IMU,337791951.0,1,0.001170129,0.007803624,0.004082532,-1.369366,-2.061301,-9.677139
IMU,337832328.0,1,-0.0007709038,-0.001878653,-0.0007164542,-1.46582,-1.983694,-9.49877
IMU,337871814.0,1,0.0008396984,0.003492647,0.002126967,-1.479217,-2.079129,-9.636083
IMU,337912021.0,1,0.0008072469,-0.001795062,0.00305066,-1.475986,-2.102561,-9.438825
IMU,337952713.0,1,-0.002832335,0.003539089,0.004670651,-1.50582,-2.032473,-9.551094
IMU,337992011.0,1,0.004500506,0.006523938,0.003719189,-1.486337,-1.987767,-9.514861
IMU,338032551.0,1,-0.005631589,0.0002436974,-0.002636677,-1.479097,-2.067973,-9.487321
IMU,334115726.0,2,-0.1318055,0.04656966,0.002047773,-1.089727,0.1097808,-9.683105
IMU,334155905.0,2,-0.2688361,-0.02686192,-0.04147236,-0.8739653,0.2492941,-10.06143
IMU,334198809.0,2,-0.1905251,0.07814777,-0.04322281,-1.449562,0.5836023,-10.36762
IMU,334238633.0,2,-0.01906621,0.1432783,-0.03009013,-1.195774,0.06998307,-10.07502
IMU,334282354.0,2,0.2315557,0.002891311,0.0152615,-1.14977,0.2340371,-10.09479
IMU,334323734.0,2,0.08400168,0.07729387,-0.003035717,-1.223916,0.02245426,-9.741569
IMU,334363250.0,2,0.01477292,0.1071873,-0.0187798,-0.8926259,0.35452,-10.02382
IMU,334406879.0,2,0.05307782,0.1843299,-0.01647348,-1.120891,0.3514388,-10.6041
IMU,334446542.0,2,-0.09792855,0.1498642,-0.04951221,-0.8952769,-0.1110787,-9.918639
IMU,334489384.0,2,-0.1123086,0.1173272,-0.04855007,-1.131233,0.4474739,-9.974745
IMU,334530796.0,2,-0.2259745,0.1687716,-0.08606914,-1.377115,0.1259378,-9.677899
IMU,334570251.0,2,-0.01396455,0.0315431,-0.05170434,-0.9726073,0.2095203,-9.44416
IMU,334613739.0,2,-0.05024916,0.02334873,-0.01846573,-1.039314,0.08922686,-10.1939
IMU,334653954.0,2,-0.1152144,0.06597757,-0.03843351,-1.564741,0.2506803,-9.482922
IMU,334697220.0,2,0.04305011,0.06415319,-0.008650247,-1.456834,0.2451211,-9.599264
IMU,334737988.0,2,-0.07268755,0.06857248,0.001187606,-1.373077,0.6594113,-10.43881
IMU,334778768.0,2,0.1114605,0.1023532,-0.007350354,-1.101505,0.096998,-10.17775
IMU,334821245.0,2,0.0650308,-0.02496707,0.02495563,-0.9831381,-0.02968847,-9.90097
IMU,334861568.0,2,0.07054018,-0.09072779,0.007470317,-1.159723,0.4134503,-10.15496
IMU,334905371.0,2,0.001058333,-0.107716,-0.009032784,-1.151647,0.2096978,-9.347669
IMU,334945903.0,2,0.1449132,-0.07917809,0.03082747,-1.053977,0.2076909,-9.634281
IMU,334986484.0,2,-0.03495946,-0.05549766,0.009454381,-1.355178,0.5224584,-9.959866
IMU,335029498.0,2,-0.06506167,0.002279635,-0.0236618,-1.411621,0.2846767,-9.570045
IMU,335069247.0,2,0.08794007,0.06305297,0.01802873,-0.8552297,0.2674536,-9.891617
IMU,335109368.0,2,0.2275693,0.1401082,0.05844788,-0.8170303,-0.04859091,-3.718977
IMU,335149537.0,2,-0.1483493,0.3610875,0.03173809,-0.5724507,-0.1330539,-1.316849
IMU,335189536.0,2,-0.09211677,0.5227996,0.02620166,-0.2735375,0.04172654,-0.8995873
IMU,335229219.0,2,0.007741857,0.5933226,0.02733255,-0.558966,-0.003195649,-0.5891314
IMU,335269605.0,2,0.03767961,0.5651186,0.01189546,-0.4304528,-0.04681286,-0.5991333
IMU,335309044.0,2,0.07940827,0.6356708,0.0116409,-0.3964117,-0.002557515,-0.7738042
IMU,335349372.0,2,0.09954642,0.6142224,0.00347033,-0.3587168,-0.02371106,-0.6928827
IMU,335389482.0,2,0.04516068,0.6790485,-0.001782041,-0.4210627,-0.008408664,-0.9112404
IMU,335429959.0,2,0.08000466,0.7809095,-0.003242151,-0.447956,3.099378e-06,-1.088875
IMU,335470139.0,2,0.1188423,0.8620185,-0.006405038,-0.4603427,0.03397593,-1.138196
IMU,335509960.0,2,0.1668995,0.887916,0.000388425,-0.4137722,0.04038926,-1.323727
IMU,335550264.0,2,0.1792288,0.9047936,0.004607792,-0.3936509,0.02448905,-1.425215
IMU,335589975.0,2,0.1862512,0.9476138,0.003641279,-0.392442,0.04074433,-1.520154
IMU,335629989.0,2,0.1986648,1.017323,0.00814347,-0.3389441,0.01241502,-1.704291
IMU,335670607.0,2,0.2160057,1.073873,0.01257496,-0.2795898,0.02150632,-1.800443
IMU,335710907.0,2,0.2350683,1.111035,0.01713236,-0.2217265,0.02395725,-1.834322
IMU,335750322.0,2,0.2725574,1.131927,0.02029021,-0.1793711,0.04279193,-1.981666
IMU,335790389.0,2,0.3038381,1.128757,0.004358146,-0.1323199,0.02159217,-2.141854
IMU,335830498.0,2,0.3074709,1.151555,-0.02970209,-0.0810717,0.02048119,-2.205285
IMU,335871139.0,2,0.29445,1.156251,-0.03351174,-0.01408091,-0.0968546,-2.391317
IMU,335911703.0,2,0.3528916,0.9898609,-0.01969236,0.7632561,0.221144,-3.97718
IMU,335950818.0,2,2.774994,-18.47144,4.762809,-75.13644,-32.7039,-91.50365
IMU,335991010.0,2,0.1932535,-5.094645,-0.2224546,5.406118,15.92536,7.878512
IMU,336030908.0,2,0.3653933,-4.611792,-0.8516911,1.955898,-0.9399703,3.274727
IMU,336071282.0,2,-0.5719562,-2.912891,-0.8934574,-6.672621,-3.218639,-2.428304
IMU,336111905.0,2,-1.649937,-0.9650037,0.7543235,-8.91933,-3.362523,0.2881812
IMU,336150950.0,2,-0.6177498,-0.303454,0.8396366,-3.570607,-3.704262,0.1297413
IMU,336190930.0,2,0.05559919,1.76448,0.5671016,-8.511185,-4.899542,-3.661197
IMU,336230885.0,2,0.01422058,3.27981,0.03028723,-5.234815,-3.07357,-2.446422
IMU,336271329.0,2,-0.6392863,4.691734,0.537384,-10.84989,-1.83836,-7.839683
IMU,336311644.0,2,0.1866845,4.440143,-0.4003451,1.133617,0.4387799,-12.0893
IMU,336350968.0,2,1.600817,2.616704,-0.2002116,7.011986,-0.08697083,-19.02844
IMU,336390919.0,2,0.8792017,-0.4248705,0.004849121,-3.833275,-5.813623,-12.58169
IMU,336430882.0,2,-0.5116934,-0.5800661,-0.1271552,-0.1320793,-3.077361,-6.12892
IMU,336471304.0,2,-0.5734342,-0.1681733,0.1813391,-2.132048,-2.000664,-10.37057
IMU,336511882.0,2,0.06781093,-0.002231698,0.02465042,-2.691662,-0.618234,-9.712107
IMU,336550919.0,2,0.1000868,0.02483775,-0.04460751,-1.406688,-2.58249,-9.439651
IMU,336590913.0,2,-0.03455544,0.001274909,0.01688398,-1.65124,-2.216004,-9.645307
IMU,336630947.0,2,0.02953832,-0.0008116125,-0.007116744,-1.621114,-2.254882,-9.504858
IMU,336671396.0,2,-0.005837532,0.00458428,0.002940068,-1.675666,-2.101668,-9.519863
IMU,336711898.0,2,-0.003997258,0.001501449,0.0008700023,-1.609994,-2.220455,-9.475515
IMU,336750930.0,2,0.009636693,0.0002116249,-0.002094594,-1.642925,-2.150742,-9.524998
IMU,336790903.0,2,-0.004906689,0.00189722,0.000763882,-1.637525,-2.168397,-9.508199
IMU,336830907.0,2,0.001618144,0.001739345,-2.48108e-05,-1.629109,-2.170584,-9.514688
IMU,336871012.0,2,-0.0008224094,0.002291158,-0.00024914,-1.64277,-2.168259,-9.512868
IMU,336911550.0,2,-0.002102684,0.0006058558,0.001284038,-1.634786,-2.163531,-9.500096
IMU,336950924.0,2,-0.0004773776,0.001984653,-0.0001841636,-1.647655,-2.165712,-9.519695
IMU,336990914.0,2,-0.001692815,0.001100646,-0.0001469625,-1.633194,-2.17804,-9.497618
IMU,337031267.0,2,-0.0003514789,0.001464778,0.0004409708,-1.643899,-2.165758,-9.513926
IMU,337070977.0,2,0.0001930633,0.001750913,0.0002266322,-1.628851,-2.174561,-9.501898
IMU,337111829.0,2,-0.001378165,0.002035932,-0.0004317469,-1.632197,-2.174671,-9.510625
IMU,337150995.0,2,-0.002201284,0.002295563,0.0009933154,-1.633664,-2.160988,-9.514937
IMU,337191249.0,2,-0.001696883,0.001687436,-0.0009492135,-1.645035,-2.165865,-9.53271
IMU,337231763.0,2,-0.001493643,0.001439688,0.001890672,-1.63029,-2.167818,-9.511669
IMU,337271784.0,2,-0.00179362,0.001935009,-7.355057e-05,-1.641025,-2.170284,-9.520317
IMU,337311954.0,2,-0.001126538,0.001376841,-0.001444189,-1.64458,-2.162454,-9.510473
IMU,337351342.0,2,-0.001274173,0.001020373,-0.000114112,-1.633848,-2.170444,-9.524604
IMU,337391267.0,2,-0.0008915899,0.001077065,0.001405104,-1.634042,-2.15659,-9.522038
IMU,337431289.0,2,-0.0009488851,0.0006574182,0.0003410096,-1.635792,-2.173379,-9.519307
IMU,337471690.0,2,-0.001460739,0.0003994903,-0.0004643545,-1.625941,-2.166223,-9.518951
IMU,337511980.0,2,-0.001881317,0.001899178,3.179723e-05,-1.640674,-2.163815,-9.503882
IMU,337551327.0,2,-0.0004853807,0.001170471,-0.0006955602,-1.633752,-2.163694,-9.503461
IMU,337591394.0,2,-0.002090325,0.0008134207,-0.0002288152,-1.620907,-2.162507,-9.508108
IMU,337631343.0,2,-0.001701445,0.002049319,0.0009120101,-1.637554,-2.160571,-9.504666
IMU,337671746.0,2,-0.001213001,0.001913337,0.000158501,-1.645735,-2.159276,-9.535942
IMU,337712581.0,2,-0.001866661,0.002809061,0.0008318253,-1.622807,-2.16995,-9.520218
IMU,337751824.0,2,-0.001122902,0.002250625,3.43958e-05,-1.639823,-2.174474,-9.507919
IMU,337791951.0,2,-0.0006880941,0.002142317,-0.0004837552,-1.630038,-2.1694,-9.50035
IMU,337832328.0,2,0.0003308627,0.0007037803,-0.0002887838,-1.643888,-2.170038,-9.514647
IMU,337871814.0,2,-0.00119755,0.001602377,-0.0002360074,-1.625364,-2.169902,-9.509159
IMU,337912021.0,2,-0.001251512,0.00202893,0.0003379671,-1.630982,-2.157542,-9.527139
IMU,337952713.0,2,-0.001426917,0.001838648,0.0005003235,-1.619922,-2.161563,-9.515037
IMU,337992011.0,2,-0.00124077,0.00270761,-0.0003653519,-1.643124,-2.166583,-9.502546
IMU,338032551.0,2,-0.0009830073,0.001386496,-0.0007656778,-1.62537,-2.159951,-9.510871
