ARM,174171412.0,0.0
AHR2,173554749.0,1.06,-7.49,203.74,477.27,43.2375714,-7.6813953
AHR2,173657944.0,0.79,-7.51,204.12,477.35,43.2375681,-7.6813985
AHR2,173761907.0,0.55,-6.81,204.39,477.09,43.2375642,-7.6814025
AHR2,173864936.0,0.03,-6.59,204.58,477.36,43.2375609,-7.6814058
AHR2,173969351.0,0.6,-6.25,205.04,477.05,43.2375568,-7.6814091
AHR2,174072242.0,1.6,-6.15,205.52,477.42,43.2375531,-7.6814124
AHR2,174176886.0,1.92,-5.98,206.13,477.34,43.2375498,-7.6814154
AHR2,174276738.0,1.87,-5.07,206.54,476.5,43.2375464,-7.6814185
AHR2,174376747.0,2.41,-2.63,206.69,475.79,43.2375442,-7.6814203
AHR2,174476879.0,3.09,-0.04,206.72,475.86,43.2375406,-7.6814234
AHR2,174576786.0,4.02,2.43,206.71,475.85,43.2375359,-7.6814276
AHR2,174679140.0,4.73,5.98,206.68,475.88,43.2375316,-7.6814314
AHR2,174778875.0,5.16,10.42,206.48,475.35,43.2375282,-7.6814345
AHR2,174880251.0,5.57,15.67,206.07,474.94,43.2375249,-7.6814377
AHR2,174980414.0,5.91,21.34,205.41,474.57,43.2375216,-7.6814408
AHR2,175080511.0,6.36,26.48,204.29,474.01,43.2375186,-7.6814435
AHR2,175180338.0,5.34,-36.16,204.22,473.64,43.2375154,-7.6814464
AHR2,175280537.0,-2.05,-47.96,211.89,471.8,43.2375122,-7.6814492
AHR2,175380299.0,-11.13,-57.06,222.96,471.82,43.2375099,-7.6814568
AHR2,175480399.0,-9.91,-52.99,221.06,471.8,43.237511,-7.6814543
AHR2,175580335.0,-0.3,-38.82,215.71,471.84,43.23751,-7.6814556
AHR2,175680349.0,3.11,-4.5,210.38,471.75,43.2375126,-7.6814527
AHR2,175780377.0,7.57,-1.8,211.01,471.85,43.2375131,-7.6814524
AHR2,175880310.0,3.29,-7.02,211.49,471.91,43.2375123,-7.6814525
AHR2,175980410.0,3.49,-6.6,211.39,471.73,43.2375123,-7.6814525
AHR2,176080337.0,3.59,-6.33,211.32,471.67,43.237512,-7.6814521
AHR2,176180297.0,3.62,-6.26,211.3,471.85,43.237512,-7.681452
AHR2,176280512.0,3.66,-6.19,211.26,471.77,43.237512,-7.6814519
AHR2,176380284.0,3.69,-6.13,211.22,471.68,43.2375122,-7.6814514
AHR2,176480378.0,3.72,-6.08,211.19,471.71,43.2375119,-7.6814513
AHR2,176580276.0,3.76,-6.02,211.16,471.79,43.2375118,-7.6814513
AHR2,176680410.0,3.79,-5.96,211.13,471.76,43.2375117,-7.6814506
AHR2,176780295.0,3.82,-5.91,211.1,471.8,43.2375117,-7.6814506
AHR2,176880755.0,3.85,-5.86,211.08,471.83,43.2375116,-7.6814501
AHR2,176980778.0,3.88,-5.8,211.05,471.73,43.2375117,-7.6814501
AHR2,177081495.0,3.91,-5.75,211.02,471.88,43.2375115,-7.6814495
AHR2,177182061.0,3.94,-5.7,211.0,471.92,43.2375114,-7.6814495
AHR2,177282152.0,3.96,-5.66,210.97,471.73,43.2375114,-7.6814495
ATT,173554279.0,0.56,0.54,-10.46,-7.53,213.93,210.74
ATT,173657370.0,0.52,0.19,-10.12,-7.46,213.93,211.21
ATT,173761379.0,0.61,-0.07,-9.71,-6.74,213.93,211.61
ATT,173864389.0,0.85,-0.61,-9.33,-6.51,213.91,211.87
ATT,173968811.0,1.17,0.01,-8.94,-6.08,213.89,212.36
ATT,174071711.0,1.35,1.07,-8.65,-5.88,213.88,212.86
ATT,174176375.0,1.25,1.39,-8.62,-5.78,213.47,213.49
ATT,174276303.0,0.64,1.34,-5.66,-4.96,213.86,213.88
ATT,174376324.0,0.33,1.87,-2.89,-2.56,213.92,213.94
ATT,174476377.0,0.16,2.56,-1.47,0.05,213.84,213.87
ATT,174576349.0,0.08,3.38,-0.75,2.98,213.73,213.76
ATT,174678782.0,0.04,4.0,-0.37,7.05,213.58,213.62
ATT,174778362.0,0.02,4.52,-0.19,11.91,213.26,213.31
ATT,174879870.0,0.01,5.01,-0.09,17.58,212.73,212.78
ATT,174979983.0,0.0,5.33,-0.05,23.71,211.92,211.97
ATT,175080195.0,0.0,5.73,-0.02,29.3,210.64,210.7
ATT,175179956.0,0.0,4.77,-0.01,-32.83,211.15,211.21
ATT,175280200.0,0.0,-1.93,0.0,-44.11,218.47,218.46
ATT,175379901.0,0.0,-8.92,0.0,-51.14,227.77,227.67
ATT,175479977.0,0.0,-7.75,0.0,-44.88,225.94,225.86
ATT,175579940.0,0.0,0.7,0.0,-29.42,221.74,221.75
ATT,175679954.0,0.0,3.52,0.0,6.4,216.89,216.93
ATT,175779912.0,0.0,9.23,0.0,12.55,215.86,215.94
ATT,175879915.0,0.0,6.21,0.0,10.2,216.29,216.36
ATT,175980004.0,0.0,6.25,0.0,10.34,216.3,216.36
ATT,176079945.0,0.0,6.22,0.0,10.35,216.36,216.42
ATT,176179931.0,0.0,6.19,0.0,10.32,216.45,216.52
ATT,176280151.0,0.0,6.17,0.0,10.3,216.56,216.62
ATT,176379930.0,0.0,6.14,0.0,10.27,216.68,216.74
ATT,176479988.0,0.0,6.12,0.0,10.24,216.81,216.88
ATT,176579922.0,0.0,6.08,0.0,10.19,216.97,217.03
ATT,176680145.0,0.0,6.05,0.0,10.15,217.09,217.16
ATT,176779951.0,0.0,6.03,0.0,10.1,217.23,217.29
ATT,176880311.0,0.0,6.0,0.0,10.06,217.33,217.39
ATT,176980300.0,0.0,5.97,0.0,9.99,217.44,217.5
ATT,177081179.0,0.0,5.95,0.0,9.95,217.52,217.58
ATT,177181686.0,0.0,5.93,0.0,9.86,217.61,217.67
ATT,177281717.0,0.0,5.9,0.0,9.79,217.68,217.74
BARO,173549699.0,0,5.002013,96572.68,41.73
BARO,173652330.0,0,5.081133,96571.83,41.73
BARO,173757161.0,0,4.826818,96574.57,41.74
BARO,173859882.0,0,5.092436,96571.7,41.74
BARO,173963762.0,0,4.781607,96575.05,41.74
BARO,174067228.0,0,5.151776,96571.06,41.73
BARO,174171755.0,0,5.078307,96571.87,41.74
BARO,174271556.0,0,4.236243,96580.98,41.74
BARO,174371295.0,0,3.526987,96588.63,41.73
BARO,174471505.0,0,3.59763,96587.88,41.73
BARO,174571375.0,0,3.589153,96587.97,41.73
BARO,174673912.0,0,3.611759,96587.71,41.73
BARO,174773410.0,0,3.089001,96593.39,41.73
BARO,174873995.0,0,2.679271,96597.82,41.73
BARO,174974486.0,0,2.303451,96601.86,41.73
BARO,175074393.0,0,1.746784,96607.89,41.73
BARO,175174522.0,0,1.370963,96611.96,41.74
BARO,175274511.0,0,-0.4657544,96631.83,41.73
BARO,175374711.0,0,-0.4459744,96631.63,41.73
BARO,175474379.0,0,-0.460103,96631.77,41.72
BARO,175574939.0,0,-0.4261943,96631.41,41.72
BARO,175675334.0,0,-0.5166174,96632.4,41.72
BARO,175774816.0,0,-0.4177172,96631.32,41.72
BARO,175875326.0,0,-0.3555514,96630.65,41.72
BARO,175974960.0,0,-0.530746,96632.53,41.72
BARO,176075381.0,0,-0.5957375,96633.26,41.73
BARO,176174911.0,0,-0.4148915,96631.3,41.73
BARO,176274929.0,0,-0.4940116,96632.15,41.73
BARO,176374945.0,0,-0.5844346,96633.12,41.74
BARO,176475405.0,0,-0.550526,96632.76,41.74
BARO,176574411.0,0,-0.479883,96631.98,41.74
BARO,176674520.0,0,-0.5024888,96632.23,41.74
BARO,176774394.0,0,-0.4657544,96631.85,41.75
BARO,176875275.0,0,-0.4374972,96631.52,41.75
BARO,176975363.0,0,-0.5363974,96632.61,41.75
BARO,177075731.0,0,-0.3809828,96630.91,41.75
BARO,177176295.0,0,-0.3414228,96630.48,41.75
BARO,177276310.0,0,-0.5335717,96632.57,41.76
BARO,173549699.0,1,4.804213,96695.43,34.88
BARO,173652330.0,1,4.532943,96698.37,34.89
BARO,173757161.0,1,4.784432,96695.63,34.88
BARO,173859882.0,1,4.987885,96693.43,34.88
BARO,173963762.0,1,5.08961,96692.33,34.88
BARO,174067228.0,1,4.809864,96695.38,34.88
BARO,174171755.0,1,4.826818,96695.19,34.88
BARO,174271556.0,1,4.459475,96699.15,34.88
BARO,174371295.0,1,3.55807,96708.92,34.88
BARO,174471505.0,1,3.428087,96710.32,34.88
BARO,174571375.0,1,3.363096,96711.03,34.88
BARO,174673912.0,1,3.541116,96709.1,34.88
BARO,174773410.0,1,3.151167,96713.33,34.88
BARO,174873995.0,1,2.622757,96719.05,34.87
BARO,174974486.0,1,2.470168,96720.71,34.88
BARO,175074393.0,1,1.727004,96728.75,34.87
BARO,175174522.0,1,-1.774063,96766.68,34.87
BARO,175274511.0,1,-0.36968,96751.45,34.87
BARO,175374711.0,1,-0.228394,96749.95,34.87
BARO,175474379.0,1,-0.4205429,96752.02,34.87
BARO,175574939.0,1,-0.318817,96750.92,34.87
BARO,175675334.0,1,-0.5900861,96753.86,34.87
BARO,175774816.0,1,-0.6437747,96754.45,34.87
BARO,175875326.0,1,-0.691812,96754.95,34.87
BARO,175974960.0,1,-0.5929118,96753.88,34.87
BARO,176075381.0,1,-0.6437747,96754.45,34.87
BARO,176174911.0,1,-0.7031149,96755.07,34.87
BARO,176274929.0,1,-0.7455006,96755.55,34.87
BARO,176374945.0,1,-0.6126918,96754.12,34.86
BARO,176475405.0,1,-0.7031149,96755.08,34.86
BARO,176574411.0,1,-0.6833348,96754.88,34.86
BARO,176674520.0,1,-0.5335717,96753.25,34.86
BARO,176774394.0,1,-0.5109659,96753.0,34.86
BARO,176875275.0,1,-0.5590032,96753.52,34.86
BARO,176975363.0,1,-0.6579033,96754.58,34.86
BARO,177075731.0,1,-0.6155176,96754.13,34.86
BARO,177176295.0,1,-0.5816089,96753.77,34.86
BARO,177276310.0,1,-0.6833348,96754.86,34.86
GPS,173477532.0,3,19,43.2375777,-7.6813892,472.97,4.403,0.09100001,0.0
GPS,173664981.0,3,19,43.2375711,-7.6813957,473.0,4.433,0.013,0.0
GPS,173872558.0,3,19,43.2375643,-7.6814022,473.01,4.701,0.113,0.0
GPS,174079949.0,3,19,43.2375572,-7.6814087,473.0,4.585,0.177,0.0
GPS,174323548.0,3,19,43.2375502,-7.681415,473.01,4.68,0.232,0.0
GPS,174484229.0,3,19,43.2375432,-7.6814211,472.76,4.605,2.236,0.0
GPS,174664160.0,3,19,43.2375362,-7.6814273,472.12,4.582,4.254,0.0
GPS,174864013.0,3,19,43.2375294,-7.6814336,471.16,4.454,5.934,0.0
GPS,175064962.0,3,19,43.2375228,-7.6814396,469.83,4.249,7.45,0.0
GPS,175284778.0,3,19,43.2375164,-7.681447,468.04,5.045,10.234,0.0
GPS,175465199.0,3,19,43.2375123,-7.6814526,466.78,1.508,2.709,0.0
GPS,175664560.0,3,18,43.2375119,-7.6814531,466.41,0.651,1.505,0.0
GPS,175864511.0,3,17,43.2375123,-7.6814525,466.35,0.023,-0.223,0.0
GPS,176064529.0,3,18,43.237512,-7.6814522,466.39,0.08800001,0.216,0.0
GPS,176284490.0,3,16,43.237512,-7.6814516,466.45,0.146,0.106,0.0
GPS,176464549.0,3,16,43.2375119,-7.6814513,466.52,0.063,0.07600001,0.0
GPS,176664507.0,3,17,43.2375117,-7.6814506,466.58,0.036,0.09100001,0.0
GPS,176864447.0,3,17,43.2375116,-7.6814501,466.67,0.06,0.029,0.0
GPS,177065812.0,3,17,43.2375115,-7.6814495,466.67,0.056,0.117,0.0
GPS,177286245.0,3,17,43.2375112,-7.681449,466.73,0.066,0.148,0.0
IMU,173479534.0,0,0.2327607,-0.09448668,-0.02828333,0.2110925,0.4551511,-9.272014
IMU,173524261.0,0,0.1239566,0.003974604,0.01333514,-0.4239281,0.3739933,-9.262862
IMU,173564277.0,0,0.05500938,0.003110772,0.1057827,-0.3863895,0.6043179,-8.805671
IMU,173607334.0,0,-0.04342217,0.06753112,0.08156526,-1.002986,0.5599477,-9.43878
IMU,173647723.0,0,-0.0457985,-0.005119345,0.04080491,-0.2771075,0.2346873,-9.046193
IMU,173688883.0,0,-0.02970454,0.08767592,0.06680299,-1.061726,0.06040154,-8.987507
IMU,173731912.0,0,0.09972368,0.05550473,0.07328806,-0.3923092,0.2604866,-9.080352
IMU,173771379.0,0,-0.3128003,0.1050057,0.06400906,-1.108632,0.3798117,-9.44787
IMU,173814698.0,0,-0.04405811,0.06229507,0.03139198,-0.5752373,0.611533,-9.463321
IMU,173854919.0,0,-0.1083819,-0.04156746,0.01564784,0.1071145,0.1605385,-9.262672
IMU,173899529.0,0,0.0998717,0.07816533,0.00549837,-0.2969034,0.3162623,-9.574364
IMU,173940889.0,0,0.2575495,-0.02861093,0.1051925,-0.5270814,0.3597004,-8.838611
IMU,173981220.0,0,0.01784727,0.005789189,0.0649774,-1.067443,0.4531006,-9.76165
IMU,174024885.0,0,0.1296533,-0.01934607,0.008864085,-0.05137771,0.40753,-9.534836
IMU,174064381.0,0,0.3236822,-0.01628798,0.1148722,-0.5310256,0.4065768,-9.244889
IMU,174105604.0,0,0.04255533,0.09033274,0.1165206,-1.546265,0.5437499,-9.864758
IMU,174148754.0,0,-0.1998799,-0.06784083,0.02904812,-0.09157085,0.2559979,-9.836848
IMU,174188865.0,0,0.1007366,-0.05966567,0.1117716,-0.9853677,0.6180521,-9.021862
IMU,174228598.0,0,-0.003784989,0.2004793,0.06126891,0.2796058,0.3405306,-2.381287
IMU,174268393.0,0,0.02224229,0.2830012,0.08804166,-0.09793507,-0.0427576,-1.299219
IMU,174309110.0,0,0.07712699,0.4331549,0.05179363,-0.3303674,-0.1200862,-0.4331905
IMU,174348345.0,0,0.08113743,0.4199801,0.0183397,-0.1916559,-0.1551123,-0.4789159
IMU,174388827.0,0,0.1190449,0.4441616,0.0169939,-0.2129257,-0.002194194,-0.3583535
IMU,174428584.0,0,0.1377428,0.443477,0.006859354,-0.2744948,-0.05876269,-0.3430309
IMU,174468412.0,0,0.09759616,0.4743019,0.00150566,-0.2241307,-0.09177577,-0.4497822
IMU,174509308.0,0,0.1228292,0.4953231,-0.001548811,-0.2469987,-0.02463377,-0.4689184
IMU,174548385.0,0,0.165158,0.508408,-0.004398522,-0.2382533,-0.01634751,-0.6297003
IMU,174588894.0,0,0.1407746,0.5904425,-0.006105627,-0.3293754,-0.06239929,-0.7502456
IMU,174628773.0,0,0.09941988,0.6833627,-0.01475185,-0.2931252,-0.04925353,-0.8842911
IMU,174668580.0,0,0.09366828,0.74723,-0.03079537,-0.2434415,-0.01251212,-1.026022
IMU,174708382.0,0,0.09088625,0.8037844,-0.04995938,-0.272981,-0.03630774,-1.100736
IMU,174748341.0,0,0.09960492,0.8693093,-0.05471592,-0.2636792,-0.01165064,-1.295567
IMU,174788882.0,0,0.1030175,0.927302,-0.0794133,-0.2155826,-0.0320136,-1.349283
IMU,174828362.0,0,0.104026,0.9723377,-0.09768051,-0.1692673,-0.05265684,-1.55371
IMU,174871328.0,0,0.1054555,1.013438,-0.1173092,-0.1305698,0.0181075,-1.734836
IMU,174911946.0,0,0.102384,1.051287,-0.142033,-0.07767576,-0.02454343,-1.847316
IMU,174952275.0,0,0.09993122,1.078123,-0.1621985,0.003509384,0.04862545,-2.054574
IMU,174992519.0,0,0.0932503,1.084164,-0.1772983,0.002440117,-0.009436823,-1.953999
IMU,175031966.0,0,0.08153366,1.080615,-0.2061172,0.09364742,-0.007527005,-2.287992
IMU,175071905.0,0,0.1303432,1.01433,-0.2157512,0.686007,0.004462196,-3.12031
IMU,175112250.0,0,5.756744,-12.93188,-0.07240711,-107.2531,34.40781,-57.17775
IMU,175152507.0,0,4.496903,-7.473682,0.469716,10.50342,12.72756,5.526773
IMU,175192393.0,0,1.301754,-4.020278,1.284365,-13.54503,-2.36386,-0.8358126
IMU,175231925.0,0,0.3101286,-1.253731,0.9627578,-0.8964841,-1.405799,1.58513
IMU,175271909.0,0,-1.394644,-2.270158,0.8064539,-2.188157,-1.023392,2.410998
IMU,175311971.0,0,0.1549371,-2.12223,1.16565,-7.542922,0.2468211,-0.5654979
IMU,175352556.0,0,0.4871078,-0.8752092,0.6777391,-13.2612,0.5575065,0.04938026
IMU,175392304.0,0,-0.4939523,-0.2741429,0.2085617,-14.51632,1.431933,-0.4655951
IMU,175431932.0,0,-0.4777798,0.9394037,0.01236192,-7.199917,1.428384,-0.1429768
IMU,175471783.0,0,0.2241352,1.707428,0.003460015,-7.453218,1.843313,0.6723596
IMU,175511999.0,0,0.6548387,2.369427,-0.127362,-7.793759,2.017637,-0.738622
IMU,175552367.0,0,1.217608,2.766883,-0.3269766,-5.918139,2.085202,-1.009872
IMU,175592303.0,0,1.035341,4.384592,-0.5072415,-8.058455,1.35306,-4.430681
IMU,175631966.0,0,-0.5723217,6.314968,-0.8042318,-4.189804,1.622656,-2.940462
IMU,175671933.0,0,0.7527687,7.028651,-0.7150108,-0.9239777,2.020762,-6.358976
IMU,175712643.0,0,2.153951,2.825869,-0.9787776,10.14735,-1.827337,-38.34462
IMU,175751926.0,0,1.314274,-0.4498537,0.3821192,12.85654,-11.50652,-5.753919
IMU,175792364.0,0,-1.053626,-0.8793818,0.1951587,-0.5697644,0.3785046,-8.702582
IMU,175831885.0,0,-0.7084178,-0.5048682,0.1453739,-3.572596,-0.2715211,-9.038223
IMU,175871921.0,0,0.0468601,0.1078792,-0.07221643,-1.32485,1.237496,-10.39987
IMU,175912702.0,0,0.1522905,0.0812106,-0.04381543,0.254226,-1.218089,-9.634398
IMU,175951890.0,0,-0.008577499,-0.0572152,0.02664571,-0.2569268,0.004553278,-9.866037
IMU,175992308.0,0,0.03086199,0.01701147,-0.02270687,-0.4481956,-0.1368761,-9.612432
IMU,176031911.0,0,-0.0002595736,-0.008037255,0.01400407,-0.2476409,-0.2843988,-9.74037
IMU,176071857.0,0,-0.001111476,0.008010992,-0.00578933,-0.3380539,-0.2329989,-9.716184
IMU,176112886.0,0,-0.003603675,0.0004941256,0.001261803,-0.4128965,-0.189881,-9.680114
IMU,176151988.0,0,-0.003785974,-9.914997e-06,0.0002603249,-0.3158708,-0.2449959,-9.719994
IMU,176192324.0,0,0.0003301359,0.001743394,-0.00243275,-0.3609127,-0.232697,-9.695354
IMU,176232241.0,0,-0.001786502,-0.001140101,0.0007769918,-0.3641603,-0.2244934,-9.734906
IMU,176271953.0,0,-0.002828524,-0.0002940817,-0.0004627621,-0.338213,-0.2388604,-9.716587
IMU,176312715.0,0,-0.001973625,0.001123604,-0.001488236,-0.3529721,-0.2387068,-9.702626
IMU,176351786.0,0,-0.001343641,0.0003737006,-0.00023353,-0.3494187,-0.2322108,-9.702538
IMU,176392270.0,0,-0.001953548,0.0001715874,-0.0002785808,-0.3410938,-0.2377496,-9.701755
IMU,176431882.0,0,-0.002451221,0.0005563441,-0.0008660526,-0.3608735,-0.2153695,-9.679499
IMU,176471902.0,0,-0.001426212,0.0005011674,-0.001373156,-0.3459975,-0.2062719,-9.701291
IMU,176512570.0,0,-0.002547786,0.0008629929,-0.0004816618,-0.3379678,-0.2245056,-9.717105
IMU,176551929.0,0,-0.002735855,0.001091479,-0.0003908617,-0.3463496,-0.2216339,-9.681082
IMU,176592391.0,0,-0.001939656,0.002092266,-0.0006277396,-0.3611,-0.2181211,-9.718458
IMU,176631973.0,0,-0.002479367,0.001671752,-0.001298796,-0.3547015,-0.2261293,-9.686955
IMU,176672984.0,0,-0.003984183,0.001743088,-0.0001186439,-0.3400826,-0.2251904,-9.703096
IMU,176711964.0,0,-0.001474148,0.001565905,-0.0007725676,-0.3571131,-0.2214228,-9.706073
IMU,176751933.0,0,-0.002027038,5.095968e-05,0.0008300476,-0.347237,-0.2105065,-9.699169
IMU,176792563.0,0,-0.001591627,0.00171302,0.0003981457,-0.3540793,-0.2230028,-9.694728
IMU,176831941.0,0,-0.001922501,0.0004976424,-0.0009758748,-0.3456929,-0.2149579,-9.718667
IMU,176875649.0,0,-0.002371911,0.0008833297,-8.502582e-05,-0.3480073,-0.2110368,-9.707725
IMU,176916215.0,0,-0.001644424,0.002356925,-0.0006550388,-0.3513365,-0.2212935,-9.702593
IMU,176955274.0,0,-0.001621432,0.0005036072,0.000899803,-0.3572111,-0.2219339,-9.698652
IMU,176995335.0,0,-0.00178689,0.001093596,-0.0006047701,-0.3478906,-0.2134394,-9.685911
IMU,177035565.0,0,-0.00131024,0.002574284,4.969966e-05,-0.3389304,-0.2193906,-9.714515
IMU,177075980.0,0,-0.003005176,0.0009736733,0.0005611471,-0.3499628,-0.224689,-9.710464
IMU,177117009.0,0,4.531154e-05,0.0001631003,0.0001634246,-0.3483185,-0.2117806,-9.713795
IMU,177156721.0,0,-0.001512603,0.00188833,4.026799e-05,-0.35212,-0.2146676,-9.730886
IMU,177196202.0,0,-0.000419798,-0.002384364,0.0008420649,-0.3181509,-0.2313786,-9.665624
IMU,177236247.0,0,0.0002600589,0.002111867,-0.001790428,-0.3609942,-0.2260208,-9.709552
IMU,177276708.0,0,-0.00213165,0.0002888645,0.000118777,-0.3490135,-0.2152078,-9.707179
IMU,177317397.0,0,-0.002227437,-0.0001387539,0.0003278328,-0.334945,-0.235995,-9.677217
IMU,177356956.0,0,-0.001284912,0.0005170089,0.001139559,-0.3584077,-0.2179122,-9.692535
IMU,177396516.0,0,-0.0007466293,0.0008904898,0.0006606792,-0.352614,-0.2164599,-9.697373
IMU,173479534.0,1,0.2581204,-0.04778172,0.04338701,-0.1400383,0.3395358,-9.757723
IMU,173524261.0,1,0.1088776,0.0003268378,0.06113359,-0.6883947,0.4694038,-9.463096
IMU,173564277.0,1,0.02531463,0.006357959,0.1019763,-0.1733714,0.5078791,-8.911273
IMU,173607334.0,1,-0.1623071,0.009046691,0.06447259,-0.8998244,0.3263894,-8.895148
IMU,173647723.0,1,0.01114387,0.004244104,0.05376334,-0.270005,-0.01786585,-9.974544
IMU,173688883.0,1,-0.06131754,0.06159159,0.06698322,-1.028355,-0.03056844,-9.122781
IMU,173731912.0,1,0.0256491,0.1345158,0.0306964,-0.3270993,0.5708036,-9.392272
IMU,173771379.0,1,-0.1855588,0.08145428,0.03604193,-1.1181,0.2895422,-9.237458
IMU,173814698.0,1,-0.07914361,0.07414785,0.03195512,-0.5138767,0.8622476,-9.294177
IMU,173854919.0,1,-0.04425457,0.01654069,0.027621,0.5571215,0.01033466,-9.804605
IMU,173899529.0,1,0.1460873,0.114808,0.07245999,0.3100407,0.3779595,-10.18123
IMU,173940889.0,1,0.2263138,0.008473663,0.1078349,-0.6244223,0.1758345,-9.039678
IMU,173981220.0,1,0.04999953,-0.008972476,0.06160634,-0.4585566,0.3633926,-9.673489
IMU,174024885.0,1,0.213094,0.02510459,0.06298543,0.132333,0.2794607,-10.49832
IMU,174064381.0,1,0.2765867,0.01453622,0.1124386,-0.637056,0.4717201,-9.293446
IMU,174105604.0,1,0.02056445,0.00826373,0.09666935,-1.610412,0.4774811,-9.414309
IMU,174148754.0,1,-0.05398537,-0.01056708,0.05172346,0.3015495,0.4503425,-10.21144
IMU,174188865.0,1,0.05686761,-0.05348473,0.1073563,-1.373212,0.5823688,-9.078848
IMU,174228598.0,1,-0.03015763,0.2058996,0.08335532,0.3517744,0.4110422,-2.458497
IMU,174268393.0,1,0.02895948,0.2940944,0.1001758,-0.2349144,0.08071072,-1.62592
IMU,174309110.0,1,0.07965498,0.4256655,0.06554558,-0.4224641,-0.1334293,-0.5604571
IMU,174348345.0,1,0.09262495,0.4288045,0.03857814,-0.3005882,-0.01271361,-0.6002755
IMU,174388827.0,1,0.1185949,0.445305,0.03712502,-0.3390998,0.003260064,-0.4856098
IMU,174428584.0,1,0.1329385,0.4365166,0.02864378,-0.3703061,-0.04292472,-0.4779039
IMU,174468412.0,1,0.09407425,0.4712496,0.0180074,-0.3087344,-0.008565772,-0.5429589
IMU,174509308.0,1,0.11427,0.4947927,0.0204503,-0.2803349,0.136941,-0.6250409
IMU,174548385.0,1,0.1638117,0.508049,0.01770433,-0.2970913,0.1354015,-0.7740248
IMU,174588894.0,1,0.1384986,0.5796441,0.02030093,-0.3414467,0.007770814,-0.9728005
IMU,174628773.0,1,0.09766176,0.6726608,0.005464456,-0.3181027,0.02256255,-0.8740199
IMU,174668580.0,1,0.09026443,0.7349761,-0.004761829,-0.1617871,0.08869405,-1.284301
IMU,174708382.0,1,0.08819611,0.7952008,-0.0218115,-0.3316018,0.1380194,-1.160861
IMU,174748341.0,1,0.09869482,0.8541563,-0.02559792,-0.370376,0.04012464,-1.547388
IMU,174788882.0,1,0.09926348,0.9170406,-0.04736122,-0.1984889,0.04751144,-1.487456
IMU,174828362.0,1,0.09829908,0.957411,-0.06601256,-0.1925552,0.03466446,-1.727424
IMU,174871328.0,1,0.1045448,1.001603,-0.08221631,-0.1908323,0.02322043,-1.975671
IMU,174911946.0,1,0.09539824,1.032968,-0.1092332,-0.152053,-0.01908675,-1.932959
IMU,174952275.0,1,0.09708984,1.059297,-0.1297943,-0.02910911,0.1729172,-2.181419
IMU,174992519.0,1,0.09038487,1.066191,-0.1400245,0.07255675,0.1106141,-1.938511
IMU,175031966.0,1,0.0784345,1.064943,-0.1726252,0.03688804,0.01360332,-2.410191
IMU,175071905.0,1,0.1145215,1.000078,-0.186048,0.85022,0.03258151,-3.471432
IMU,175112250.0,1,3.560245,-14.37035,-0.2073087,-137.4211,26.26493,-68.12922
IMU,175152507.0,1,4.217174,-7.835166,-0.09951708,13.12358,12.74943,12.12846
IMU,175192393.0,1,1.28985,-4.146247,1.165555,-13.56176,-2.303764,-1.014152
IMU,175231925.0,1,0.3898412,-1.230868,0.9334855,-0.8524883,-1.47151,1.216991
IMU,175271909.0,1,-1.310787,-2.151654,0.6903755,-2.339742,-0.8372892,1.718788
IMU,175311971.0,1,0.1091519,-2.114139,1.12691,-7.341839,0.2124935,-0.4060733
IMU,175352556.0,1,0.4593004,-0.8921621,0.6930632,-13.04423,0.7565268,0.1076334
IMU,175392304.0,1,-0.4262829,-0.326328,0.2014829,-14.61632,1.682273,-0.8706617
IMU,175431932.0,1,-0.45195,0.9267386,0.02307374,-7.201772,1.817111,-0.5900119
IMU,175471783.0,1,0.197069,1.66961,0.05526766,-7.495802,1.943917,0.5951625
IMU,175511999.0,1,0.6277385,2.334171,-0.04277945,-7.6825,2.126906,-0.9389948
IMU,175552367.0,1,1.181131,2.681149,-0.2004499,-5.753326,2.032738,-1.018771
IMU,175592303.0,1,1.055091,4.251681,-0.3536011,-7.929032,1.26301,-4.753836
IMU,175631966.0,1,-0.6267646,6.224669,-0.6325177,-3.924833,1.839771,-2.781965
IMU,175671933.0,1,0.6779814,6.946187,-0.5068311,-0.4345971,2.026556,-6.572083
IMU,175712643.0,1,2.333849,3.016505,-0.7729518,11.47489,-2.270449,-41.63076
IMU,175751926.0,1,1.80339,-0.4422616,0.399316,12.33164,-11.54842,-7.704621
IMU,175792364.0,1,-1.061777,-0.8568034,0.1365781,-0.6143384,0.3241062,-8.634809
IMU,175831885.0,1,-0.6846312,-0.5109336,0.1237044,-3.448237,-0.2879131,-9.01806
IMU,175871921.0,1,0.02555644,0.09290481,-0.06718769,-1.255217,1.213752,-10.24033
IMU,175912702.0,1,0.1592411,0.08983134,-0.03710699,0.2041394,-1.173567,-9.779915
IMU,175951890.0,1,-0.01816607,-0.0515289,0.02210855,-0.2649548,-0.08216277,-9.88983
IMU,175992308.0,1,0.02903305,0.017607,-0.02215148,-0.3897738,-0.04493588,-9.850588
IMU,176031911.0,1,0.00332582,-0.007127715,0.01965522,-0.3344335,-0.3281235,-9.905387
IMU,176071857.0,1,-0.002299507,0.009745708,-0.00153225,-0.2772415,-0.2426361,-9.952407
IMU,176112886.0,1,-0.002498769,-0.0007468665,0.001757676,-0.3623464,-0.1898832,-9.835928
IMU,176151988.0,1,-0.001836483,-0.0001202941,0.003809726,-0.3719638,-0.2125582,-9.983123
IMU,176192324.0,1,-0.0001966038,0.001335716,-0.002637416,-0.4254949,-0.1290487,-9.844753
IMU,176232241.0,1,-0.005089767,0.001407348,0.001579838,-0.3999254,-0.1850552,-9.960531
IMU,176271953.0,1,-0.002334733,0.002482554,0.0002289889,-0.3932604,-0.09349991,-9.796533
IMU,176312715.0,1,-0.0005570382,-0.001020467,0.0002084075,-0.3965213,-0.1786382,-9.82716
IMU,176351786.0,1,-0.001475956,0.003365715,-0.001376741,-0.2913515,-0.2761023,-10.00851
IMU,176392270.0,1,-0.002749705,0.002349717,-0.002689559,-0.3419263,-0.2099472,-9.824263
IMU,176431882.0,1,-0.002432837,0.0008967326,0.0006165079,-0.3127208,-0.1442201,-9.72682
IMU,176471902.0,1,0.001885091,0.00202059,0.002970231,-0.331182,-0.2376012,-9.929679
IMU,176512570.0,1,-0.00422464,0.006682143,-0.001379873,-0.3897501,-0.1329847,-9.718837
IMU,176551929.0,1,-0.002271928,0.002910702,0.002301475,-0.4435775,-0.1970058,-9.876756
IMU,176592391.0,1,-0.002110792,0.005414313,-0.0007725417,-0.3834794,-0.130087,-9.759569
IMU,176631973.0,1,0.002094823,0.001142675,-0.000538655,-0.3492209,-0.2209447,-9.864416
IMU,176672984.0,1,-0.002639658,0.002167563,-0.001660532,-0.3971786,-0.1808513,-9.787745
IMU,176711964.0,1,3.344324e-05,0.007471499,0.0006614664,-0.3835165,-0.2068741,-9.968307
IMU,176751933.0,1,-0.001739977,0.002276138,-0.001480242,-0.3739146,-0.1384855,-9.768743
IMU,176792563.0,1,-0.003636406,0.003398742,9.427845e-06,-0.3017084,-0.1816915,-9.821453
IMU,176831941.0,1,-0.002890725,0.003381687,0.003827156,-0.3925588,-0.1477415,-9.838833
IMU,176875649.0,1,0.0001272034,0.0008913568,0.0004934788,-0.3477087,-0.2028985,-9.824117
IMU,176916215.0,1,-0.0009456202,-0.0006611524,0.0005643506,-0.349082,-0.1886969,-9.813857
IMU,176955274.0,1,-0.0006927443,0.0022061,-0.0003473503,-0.3576036,-0.1149125,-9.825469
IMU,176995335.0,1,0.003588579,-0.002466496,-0.0006041258,-0.3204805,-0.2692551,-9.92877
IMU,177035565.0,1,0.0004895683,0.007139742,-0.002689713,-0.3553947,-0.2190851,-9.912031
IMU,177075980.0,1,-0.002710136,0.002671457,-0.0004593128,-0.3291944,-0.173044,-9.883823
IMU,177117009.0,1,-0.004919155,0.005171218,0.0008806638,-0.4745531,-0.2788512,-9.950847
IMU,177156721.0,1,-0.001576739,0.003791459,0.0002543743,-0.4257916,-0.1014659,-9.917553
IMU,177196202.0,1,-0.00189457,0.001734343,0.0009617417,-0.3481919,-0.2645079,-9.823905
IMU,177236247.0,1,-0.001397372,0.008272215,-7.033328e-05,-0.4151963,-0.2994376,-9.8094
IMU,177276708.0,1,-0.003389744,0.005907191,0.006264491,-0.3995042,-0.15691,-9.868951
IMU,177317397.0,1,-0.002907673,-0.003012059,0.00103032,-0.3419666,-0.1480938,-9.608371
IMU,177356956.0,1,-0.001143522,0.003879435,0.003940112,-0.4478952,-0.06340422,-9.801888
IMU,177396516.0,1,-0.002890045,0.007326251,-0.0005461985,-0.3661258,-0.1348611,-9.998975
IMU,173479534.0,2,0.176199,-0.1422862,0.05267351,-0.5950609,0.5586311,-9.818008
IMU,173524261.0,2,0.07517397,-0.0561666,0.05595636,-0.5477385,0.1468542,-9.549075
IMU,173564277.0,2,-0.0163862,-0.02754051,0.09544905,-0.8124803,0.3641981,-9.796333
IMU,173607334.0,2,0.01797909,0.01135727,0.07102949,-0.5451097,-0.02884462,-9.094504
IMU,173647723.0,2,-0.10276,-0.0007290324,0.0530824,-0.8714073,0.2670082,-9.350066
IMU,173688883.0,2,-0.0817304,0.1126515,0.05649721,-0.7960841,-0.00401572,-9.722266
IMU,173731912.0,2,0.01177528,0.1113448,0.07125727,-0.8470029,0.0984159,-9.718106
IMU,173771379.0,2,-0.2057543,0.1253316,0.03808071,-0.9503538,0.1483209,-9.110514
IMU,173814698.0,2,0.003596238,0.08665473,0.03834576,-0.8984761,0.3665444,-9.01094
IMU,173854919.0,2,-0.1418481,0.01430578,0.04702669,-0.9242262,0.5414035,-10.28998
IMU,173899529.0,2,0.09442117,0.04194603,0.05279994,-0.7534617,0.4808649,-9.650482
IMU,173940889.0,2,0.1759423,0.02465849,0.0898324,-0.8889679,0.3373004,-9.752163
IMU,173981220.0,2,0.1426852,0.05380362,0.07235252,-1.228717,0.345083,-9.3105
IMU,174024885.0,2,0.08749086,-0.03650277,0.06796685,-0.626264,0.6348143,-9.842241
IMU,174064381.0,2,0.2503897,0.07931567,0.1102487,-1.030923,0.101056,-9.722955
IMU,174105604.0,2,0.1412804,0.100484,0.1038628,-1.034741,0.1757927,-9.170111
IMU,174148754.0,2,-0.1326278,-0.06255138,0.08059663,-0.8885655,0.6124341,-9.860239
IMU,174188865.0,2,0.02544583,-0.003253348,0.1067054,-0.9462909,0.2497593,-9.414747
IMU,174228598.0,2,-0.00783019,0.09301615,0.09308817,-0.3327529,0.2090047,-2.554131
IMU,174268393.0,2,0.03575867,0.300617,0.08248354,-0.3720726,-0.03274575,-1.399319
IMU,174309110.0,2,0.09003472,0.4303257,0.04608729,-0.4144296,-0.1452314,-0.6773075
IMU,174348345.0,2,0.09960399,0.4317534,0.01460765,-0.2401434,-0.1360864,-0.6594686
IMU,174388827.0,2,0.125316,0.4431436,0.009187328,-0.2834636,0.004307788,-0.5309292
IMU,174428584.0,2,0.1464427,0.44232,0.001783861,-0.3282926,-0.08390141,-0.52267
IMU,174468412.0,2,0.1067585,0.4763201,-0.0041054,-0.3310637,-0.08977553,-0.637505
IMU,174509308.0,2,0.1309844,0.4967097,-0.008078096,-0.3323456,-0.02737917,-0.6269836
IMU,174548385.0,2,0.1745433,0.5071687,-0.01122976,-0.3108197,-0.02293831,-0.7701584
IMU,174588894.0,2,0.1507876,0.5890391,-0.01333733,-0.3657495,-0.03427903,-0.9417813
IMU,174628773.0,2,0.1129466,0.6841972,-0.02531408,-0.3613158,-0.02974902,-1.119576
IMU,174668580.0,2,0.1054137,0.7478886,-0.04083116,-0.3293208,-0.0122244,-1.183961
IMU,174708382.0,2,0.103732,0.8042812,-0.06226898,-0.3420692,-0.05261644,-1.281024
IMU,174748341.0,2,0.11464,0.8712274,-0.06845828,-0.3438988,-0.03142598,-1.458615
IMU,174788882.0,2,0.1199112,0.9271129,-0.09211306,-0.2876036,-0.03981523,-1.530966
IMU,174828362.0,2,0.1208427,0.9707952,-0.1119125,-0.25642,-0.06174882,-1.732146
IMU,174871328.0,2,0.1217896,1.013393,-0.1313625,-0.2275292,-0.008250032,-1.900032
IMU,174911946.0,2,0.1207195,1.051454,-0.1580514,-0.1598274,-0.03184564,-2.046299
IMU,174952275.0,2,0.1168193,1.077129,-0.1786998,-0.1037425,-5.937483e-05,-2.225882
IMU,174992519.0,2,0.1121592,1.082159,-0.1942984,-0.03340311,-0.05465895,-2.161773
IMU,175031966.0,2,0.1001272,1.07792,-0.2239375,0.01576097,-0.04478493,-2.444846
IMU,175071905.0,2,0.1406606,0.9631527,-0.2361503,0.9045045,0.05077121,-3.605183
IMU,175112250.0,2,4.79703,-14.55716,0.9764774,-86.41061,-2.003351,-61.14182
IMU,175152507.0,2,2.407003,-7.952673,0.04339025,15.59781,13.24407,6.4951
IMU,175192393.0,2,0.9796222,-4.053681,1.413502,-13.24947,-1.7631,-3.717712
IMU,175231925.0,2,0.1979231,-1.220147,0.9817877,-0.9784772,-1.025824,0.8018262
IMU,175271909.0,2,-1.420926,-2.21832,0.857513,-2.552103,-0.6828886,2.163383
IMU,175311971.0,2,0.09135479,-2.175915,1.212779,-7.279352,-0.2721642,-0.2792625
IMU,175352556.0,2,0.4691675,-0.862305,0.6876903,-12.90335,0.3521745,-0.1432288
IMU,175392304.0,2,-0.3924157,-0.06254915,0.2039556,-13.56207,1.891264,-1.749166
IMU,175431932.0,2,-0.4201145,0.9610774,-3.155284e-05,-7.219233,1.583277,-0.5278483
IMU,175471783.0,2,0.2528309,1.725868,-0.02118105,-7.510513,1.915915,0.3583596
IMU,175511999.0,2,0.6899705,2.34598,-0.1677087,-7.798291,2.089099,-1.013345
IMU,175552367.0,2,1.239878,2.760103,-0.3756329,-5.672545,1.997573,-1.443213
IMU,175592303.0,2,1.05504,4.473281,-0.5696799,-7.722566,1.531607,-6.175916
IMU,175631966.0,2,-0.4170233,6.426479,-0.9055831,-4.562361,1.271814,-3.369242
IMU,175671933.0,2,0.8471979,7.016227,-0.8271771,-1.640158,1.870104,-6.591711
IMU,175712643.0,2,1.8124,2.558963,-0.82796,8.249294,-1.660171,-37.24818
IMU,175751926.0,2,1.053235,-0.4150422,0.4003051,12.08478,-9.546642,-9.213453
IMU,175792364.0,2,-1.067159,-0.8489835,0.2130198,-0.7043193,0.01417638,-8.461543
IMU,175831885.0,2,-0.7067529,-0.4959081,0.1491922,-3.522189,-0.3550034,-9.425207
IMU,175871921.0,2,0.06361518,0.1061893,-0.07591327,-1.228266,0.8164234,-10.20844
IMU,175912702.0,2,0.1309336,0.06930188,-0.04414068,-0.004776713,-1.233043,-9.87466
IMU,175951890.0,2,-0.00771731,-0.05188942,0.03149511,-0.3657144,-0.164826,-9.961321
IMU,175992308.0,2,0.02800977,0.01293077,-0.02202295,-0.5832647,-0.2903208,-9.738761
IMU,176031911.0,2,-0.002422155,-0.006531641,0.0157084,-0.4066697,-0.3985935,-9.914861
IMU,176071857.0,2,-0.002303038,0.006527227,-0.005892091,-0.4881122,-0.3666197,-9.873327
IMU,176112886.0,2,-0.003844691,0.0002636728,0.002441102,-0.5387261,-0.3443037,-9.847778
IMU,176151988.0,2,-0.003748181,-4.956886e-05,0.001606691,-0.470506,-0.3710274,-9.864232
IMU,176192324.0,2,-0.001152431,0.003293796,-0.001325764,-0.5055897,-0.3458255,-9.854035
IMU,176232241.0,2,-0.001975312,-7.132241e-05,0.0002142339,-0.4959976,-0.3540753,-9.853038
IMU,176271953.0,2,-0.002562234,0.00131631,-0.001277948,-0.4866958,-0.382047,-9.866939
IMU,176312715.0,2,-0.003402694,0.0008404051,-0.0005738651,-0.4826722,-0.364103,-9.838178
IMU,176351786.0,2,-0.002122346,-0.0001947823,-0.0004198429,-0.4844566,-0.356391,-9.854875
IMU,176392270.0,2,-0.001148546,0.00167058,0.0002610269,-0.4897973,-0.3512893,-9.849221
IMU,176431882.0,2,-0.003622038,0.0006709154,-0.0001296055,-0.5028189,-0.3576912,-9.843192
IMU,176471902.0,2,-0.002229963,0.0005792071,0.0001002912,-0.4952092,-0.3542807,-9.857471
IMU,176512570.0,2,-0.001274826,0.002119206,-2.587497e-05,-0.49069,-0.3609971,-9.85656
IMU,176551929.0,2,-0.00245689,0.001957489,-0.001312907,-0.4978074,-0.3423708,-9.861595
IMU,176592391.0,2,-0.00147244,0.001204401,0.001121512,-0.5019265,-0.3568047,-9.874259
IMU,176631973.0,2,-0.001791316,0.00292405,8.755566e-05,-0.4829257,-0.355952,-9.856763
IMU,176672984.0,2,-0.003729536,0.001420962,0.0002557238,-0.4933251,-0.3436453,-9.861633
IMU,176711964.0,2,-0.00114286,0.001285076,0.00119326,-0.4945185,-0.3513916,-9.847662
IMU,176751933.0,2,-0.001790834,0.0007982173,0.0003894271,-0.4864993,-0.3405053,-9.872479
IMU,176792563.0,2,-0.001908655,0.0009931938,0.0009339566,-0.4865121,-0.3596027,-9.859441
IMU,176831941.0,2,-0.002283777,0.0009860935,-0.000440177,-0.4954165,-0.3484901,-9.856803
IMU,176875649.0,2,-0.001411146,0.000858784,0.0004716199,-0.4962085,-0.3590035,-9.854805
IMU,176916215.0,2,-0.003470414,0.001044496,-0.001083761,-0.5015408,-0.3468474,-9.853285
IMU,176955274.0,2,-0.002753397,0.001204034,-0.0003061919,-0.4977673,-0.3432639,-9.868024
IMU,176995335.0,2,-0.001828367,0.002588841,0.0003256445,-0.4972399,-0.3540242,-9.848829
IMU,177035565.0,2,-0.001142447,0.001173874,-0.00053736,-0.49957,-0.3464006,-9.863171
IMU,177075980.0,2,-0.001845274,0.00160044,0.0001243108,-0.499361,-0.3526165,-9.859252
IMU,177117009.0,2,-0.002106243,0.0008027677,-0.001528527,-0.5016275,-0.3437902,-9.862633
IMU,177156721.0,2,-0.001288369,0.0009158571,0.0005352919,-0.4969872,-0.3623312,-9.870013
IMU,177196202.0,2,-0.002157712,-0.001602683,-0.0001882725,-0.4684592,-0.3635608,-9.824535
IMU,177236247.0,2,-0.0008397925,0.002691554,-0.001719046,-0.5140471,-0.3400221,-9.873451
IMU,177276708.0,2,-0.002996099,0.0006896806,0.001518525,-0.4968661,-0.3498231,-9.862553
IMU,177317397.0,2,-0.002156136,0.0006344264,-0.0002205175,-0.4909954,-0.343882,-9.862118
IMU,177356956.0,2,-0.002345184,0.0009453987,0.0003976068,-0.4929047,-0.337292,-9.85061
IMU,177396516.0,2,-0.00128228,0.0009552698,0.001364098,-0.5036051,-0.3454239,-9.844139
