ARM,600302563.0,0.0
AHR2,599477482.0,3.92,-9.73,203.74,474.87,43.2375937,-7.6813703
AHR2,599581881.0,4.09,-9.37,203.94,474.64,43.2375887,-7.6813745
AHR2,599685248.0,4.51,-9.09,204.05,474.66,43.2375854,-7.6813775
AHR2,599789268.0,4.35,-9.51,204.26,474.83,43.2375819,-7.6813808
AHR2,599892189.0,4.72,-9.65,204.57,474.41,43.2375785,-7.6813839
AHR2,599996567.0,4.86,-9.48,204.91,474.54,43.2375753,-7.6813865
AHR2,600104110.0,4.67,-8.89,205.12,474.5,43.237571,-7.6813906
AHR2,600207397.0,4.36,-8.31,205.26,474.46,43.2375675,-7.6813938
AHR2,600310703.0,5.0,-7.2,205.52,474.2,43.237564,-7.6813971
AHR2,600411185.0,4.71,-5.46,205.68,473.9,43.2375618,-7.681399
AHR2,600511344.0,5.26,-2.98,205.99,473.6,43.2375576,-7.6814037
AHR2,600611763.0,6.44,-0.34,206.09,473.36,43.2375544,-7.681407
AHR2,600711513.0,7.57,2.78,206.18,473.21,43.2375508,-7.6814101
AHR2,600811350.0,8.48,6.23,206.36,473.1,43.2375474,-7.6814133
AHR2,600911927.0,8.39,10.49,206.62,473.34,43.2375442,-7.6814162
AHR2,601011752.0,7.09,15.84,206.83,472.44,43.2375409,-7.6814192
AHR2,601112559.0,4.62,22.02,206.91,472.14,43.2375374,-7.6814221
AHR2,601212489.0,6.22,-16.21,203.52,471.2,43.2375341,-7.6814251
AHR2,601312388.0,11.93,-45.55,193.67,469.73,43.2375308,-7.6814282
AHR2,601413307.0,3.38,-56.9,194.98,469.84,43.2375252,-7.6814348
AHR2,601513401.0,-7.19,-53.17,205.01,469.53,43.2375251,-7.68144
AHR2,601613511.0,0.49,-34.61,201.13,469.88,43.2375227,-7.6814442
AHR2,601713389.0,1.58,-0.16,197.76,469.73,43.2375275,-7.6814396
AHR2,601813375.0,1.47,-8.63,199.35,469.75,43.2375281,-7.6814401
AHR2,601913341.0,-1.44,-9.43,200.19,469.77,43.2375264,-7.6814397
AHR2,602013287.0,-1.49,-9.33,200.3,469.84,43.2375261,-7.68144
AHR2,602113514.0,-1.36,-9.08,200.28,469.5,43.2375264,-7.6814396
AHR2,602213482.0,-1.23,-8.95,200.29,469.77,43.2375265,-7.6814397
AHR2,602313519.0,-1.12,-8.84,200.3,469.88,43.2375266,-7.6814398
AHR2,602414242.0,-1.02,-8.75,200.32,469.71,43.2375263,-7.6814393
AHR2,602514376.0,-0.92,-8.67,200.32,469.62,43.2375263,-7.681439
AHR2,602614735.0,-0.83,-8.59,200.34,469.81,43.2375263,-7.681439
AHR2,602715218.0,-0.74,-8.52,200.35,470.01,43.2375262,-7.6814388
AHR2,602814897.0,-0.64,-8.44,200.36,469.64,43.2375261,-7.6814387
AHR2,602915302.0,-0.54,-8.37,200.37,469.7,43.237526,-7.6814386
AHR2,603015258.0,-0.45,-8.3,200.38,469.83,43.237526,-7.6814386
AHR2,603116190.0,-0.36,-8.23,200.4,469.74,43.237526,-7.6814383
AHR2,603215747.0,-0.27,-8.16,200.41,469.71,43.237526,-7.6814383
AHR2,603315785.0,-0.18,-8.1,200.42,469.73,43.237526,-7.6814382
ATT,599476958.0,3.82,3.46,-11.17,-9.67,213.61,210.7
ATT,599581353.0,4.01,3.65,-11.0,-9.3,213.59,210.87
ATT,599684739.0,4.07,4.09,-10.92,-8.99,213.59,210.93
ATT,599788745.0,4.29,3.89,-10.85,-9.42,213.57,211.14
ATT,599891516.0,4.45,4.24,-10.57,-9.58,213.57,211.45
ATT,599996201.0,4.54,4.39,-10.13,-9.48,213.58,211.77
ATT,600103488.0,4.59,4.21,-9.54,-8.95,213.6,211.97
ATT,600206928.0,4.56,3.86,-8.87,-8.32,213.62,212.12
ATT,600310221.0,4.35,4.46,-8.25,-7.17,212.34,212.39
ATT,600410720.0,2.41,4.19,-5.03,-5.43,212.46,212.5
ATT,600510951.0,1.22,4.75,-2.56,-2.93,212.68,212.73
ATT,600611318.0,0.62,5.73,-1.3,0.0,212.83,212.89
ATT,600711009.0,0.32,6.67,-0.66,3.47,212.93,213.0
ATT,600810916.0,0.16,7.52,-0.34,7.47,213.05,213.12
ATT,600911409.0,0.08,7.37,-0.17,12.27,213.2,213.27
ATT,601011308.0,0.04,6.01,-0.08,18.06,213.23,213.29
ATT,601112245.0,0.02,3.43,-0.04,24.69,213.07,213.11
ATT,601211966.0,0.01,4.78,-0.02,-13.12,210.42,210.47
ATT,601311934.0,0.0,8.97,-0.01,-42.18,202.25,202.36
ATT,601412805.0,0.0,-0.33,0.0,-50.96,204.01,204.02
ATT,601512869.0,0.0,-8.89,0.0,-44.59,211.41,211.32
ATT,601613182.0,0.0,-2.67,0.0,-24.81,207.91,207.9
ATT,601712833.0,0.0,-1.74,0.0,10.65,202.85,202.85
ATT,601812980.0,0.0,0.58,0.0,3.34,204.08,204.09
ATT,601912890.0,0.0,-0.3,0.0,3.47,204.6,204.61
ATT,602012768.0,0.0,-0.44,0.0,3.36,204.71,204.72
ATT,602113199.0,0.0,-0.43,0.0,3.41,204.71,204.72
ATT,602212988.0,0.0,-0.41,0.0,3.41,204.7,204.7
ATT,602313162.0,0.0,-0.41,0.0,3.4,204.73,204.74
ATT,602413743.0,0.0,-0.41,0.0,3.39,204.75,204.76
ATT,602513923.0,0.0,-0.4,0.0,3.39,204.76,204.76
ATT,602614285.0,0.0,-0.38,0.0,3.38,204.62,204.62
ATT,602714719.0,0.0,-0.37,0.0,3.38,204.53,204.54
ATT,602814387.0,0.0,-0.34,0.0,3.38,204.37,204.37
ATT,602914916.0,0.0,-0.32,0.0,3.37,204.28,204.29
ATT,603014814.0,0.0,-0.29,0.0,3.36,204.13,204.14
ATT,603115735.0,0.0,-0.27,0.0,3.34,204.03,204.04
ATT,603215276.0,0.0,-0.24,0.0,3.33,203.92,203.93
ATT,603315328.0,0.0,-0.23,0.0,3.32,203.9,203.91
BARO,599472478.0,0,3.365921,96590.38,41.8
BARO,599576199.0,0,3.137038,96592.85,41.8
BARO,599679531.0,0,3.159644,96592.63,41.8
BARO,599784218.0,0,3.323535,96590.85,41.8
BARO,599887208.0,0,2.902503,96595.39,41.81
BARO,599991491.0,0,3.032486,96593.99,41.8
BARO,600095219.0,0,2.998578,96594.37,41.8
BARO,600199877.0,0,2.953366,96594.84,41.81
BARO,600302903.0,0,2.696226,96597.63,41.81
BARO,600403295.0,0,2.391048,96600.92,41.81
BARO,600503525.0,0,2.094347,96604.14,41.8
BARO,600603513.0,0,1.851336,96606.76,41.81
BARO,600703961.0,0,1.701572,96608.38,41.8
BARO,600803528.0,0,1.594195,96609.54,41.8
BARO,600903724.0,0,1.837207,96606.92,41.8
BARO,601004403.0,0,0.9329768,96616.7,41.8
BARO,601107165.0,0,0.6391019,96619.88,41.8
BARO,601206964.0,0,-0.3075141,96630.13,41.8
BARO,601306950.0,0,-1.771237,96645.96,41.81
BARO,601407292.0,0,-1.661034,96644.78,41.8
BARO,601507316.0,0,-1.977514,96648.19,41.8
BARO,601607737.0,0,-1.621474,96644.34,41.8
BARO,601708160.0,0,-1.771237,96645.97,41.8
BARO,601808288.0,0,-1.754282,96645.78,41.8
BARO,601908600.0,0,-1.737328,96645.59,41.79
BARO,602008258.0,0,-1.663859,96644.8,41.8
BARO,602108801.0,0,-2.008597,96648.54,41.8
BARO,602207808.0,0,-1.731677,96645.55,41.8
BARO,602307779.0,0,-1.629951,96644.45,41.8
BARO,602407987.0,0,-1.799494,96646.27,41.8
BARO,602507983.0,0,-1.889917,96647.27,41.8
BARO,602609246.0,0,-1.694942,96645.13,41.8
BARO,602712795.0,0,-1.499968,96643.02,41.8
BARO,602811994.0,0,-1.86166,96646.93,41.81
BARO,602912334.0,0,-1.80232,96646.29,41.81
BARO,603012250.0,0,-1.675162,96644.92,41.81
BARO,603113299.0,0,-1.768411,96645.94,41.81
BARO,603212766.0,0,-1.793843,96646.21,41.82
BARO,603312767.0,0,-1.776888,96646.02,41.82
BARO,599472478.0,1,3.153992,96713.3,33.64
BARO,599576199.0,1,3.252892,96712.23,33.63
BARO,599679531.0,1,3.286801,96711.85,33.64
BARO,599784218.0,1,3.179424,96713.02,33.64
BARO,599887208.0,1,3.015532,96714.79,33.64
BARO,599991491.0,1,2.769695,96717.45,33.63
BARO,600095219.0,1,2.721657,96717.99,33.64
BARO,600199877.0,1,2.738611,96717.8,33.64
BARO,600302903.0,1,2.701877,96718.2,33.64
BARO,600403295.0,1,2.371268,96721.79,33.64
BARO,600503525.0,1,2.159339,96724.06,33.63
BARO,600603513.0,1,1.777867,96728.2,33.64
BARO,600703961.0,1,1.698747,96729.05,33.64
BARO,600803528.0,1,1.698747,96729.05,33.63
BARO,600903724.0,1,1.563112,96730.53,33.64
BARO,601004403.0,1,1.212723,96734.31,33.63
BARO,601107165.0,1,0.7380021,96739.48,33.64
BARO,601206964.0,1,-1.471711,96763.4,33.64
BARO,601306950.0,1,-1.587565,96764.66,33.63
BARO,601407292.0,1,-1.827751,96767.27,33.63
BARO,601507316.0,1,-1.926651,96768.34,33.63
BARO,601607737.0,1,-1.779714,96766.75,33.63
BARO,601708160.0,1,-2.014249,96769.28,33.63
BARO,601808288.0,1,-2.296821,96772.35,33.63
BARO,601908600.0,1,-2.093369,96770.14,33.63
BARO,602008258.0,1,-2.090543,96770.11,33.63
BARO,602108801.0,1,-2.008597,96769.24,33.63
BARO,602207808.0,1,-1.96056,96768.72,33.63
BARO,602307779.0,1,-1.94078,96768.48,33.63
BARO,602407987.0,1,-2.065112,96769.84,33.63
BARO,602507983.0,1,-1.8221,96767.21,33.62
BARO,602609246.0,1,-2.062286,96769.82,33.63
BARO,602712795.0,1,-2.062286,96769.82,33.63
BARO,602811994.0,1,-2.084892,96770.07,33.63
BARO,602912334.0,1,-2.1188,96770.42,33.62
BARO,603012250.0,1,-1.949257,96768.59,33.62
BARO,603113299.0,1,-2.101846,96770.23,33.62
BARO,603212766.0,1,-2.096195,96770.17,33.62
BARO,603312767.0,1,-2.002946,96769.18,33.63
GPS,599485006.0,3,19,43.2375956,-7.6813684,477.3,4.247,0.295,0.0
GPS,599691983.0,3,19,43.237589,-7.6813743,477.26,4.433,0.218,0.0
GPS,599899773.0,3,19,43.2375823,-7.6813801,477.21,4.377,0.128,0.0
GPS,600087306.0,3,19,43.2375755,-7.6813863,477.18,4.559,0.235,0.0
GPS,600335060.0,3,19,43.2375686,-7.6813926,477.12,4.72,0.271,0.0
GPS,600495824.0,3,19,43.2375618,-7.6813993,477.03,4.458,0.9820001,0.0
GPS,600696146.0,3,19,43.2375552,-7.6814058,476.61,4.56,3.119,0.0
GPS,600896165.0,3,19,43.2375485,-7.6814121,475.83,4.406,4.816,0.0
GPS,601096417.0,3,19,43.2375418,-7.681418,474.68,4.414,6.538,0.0
GPS,601317406.0,3,19,43.2375341,-7.6814252,473.2,5.895,7.52,0.0
GPS,601497376.0,3,19,43.2375282,-7.6814343,472.62,4.321,0.385,0.0
GPS,601678298.0,3,18,43.2375265,-7.6814389,472.56,0.8290001,0.144,0.0
GPS,601897965.0,3,19,43.2375267,-7.6814394,472.58,0.368,-0.739,0.0
GPS,602097934.0,3,18,43.2375264,-7.6814395,472.66,0.115,-0.29,0.0
GPS,602337539.0,3,18,43.2375263,-7.6814393,472.68,0.009000001,-0.108,0.0
GPS,602498404.0,3,18,43.2375263,-7.681439,472.69,0.013,0.008,0.0
GPS,602699362.0,3,18,43.2375262,-7.6814388,472.72,0.06500001,-0.078,0.0
GPS,602899555.0,3,18,43.237526,-7.6814386,472.72,0.04,0.124,0.0
GPS,603079928.0,3,18,43.237526,-7.6814384,472.71,0.058,0.113,0.0
IMU,599444688.0,0,0.03378886,0.08087804,0.003319289,-1.404381,-0.2848928,-8.89974
IMU,599485221.0,0,0.02566783,0.0304256,-0.01998636,-0.2754655,0.3584678,-10.56829
IMU,599528391.0,0,-0.004370991,0.1003747,0.02989728,-1.297686,0.2796868,-9.737771
IMU,599569016.0,0,0.1891663,0.06787502,0.04476015,-0.6542258,0.5821627,-10.03493
IMU,599608789.0,0,0.01538179,0.05720693,0.04322873,-0.9700445,0.2067486,-9.697387
IMU,599651951.0,0,0.009117968,0.08822038,-0.001677202,-1.053401,0.1322967,-9.831455
IMU,599692298.0,0,-0.1194299,-0.03892326,0.04249293,-0.6833442,-0.7140907,-9.187405
IMU,599736564.0,0,-0.1692688,-0.09194746,0.01979044,-0.6326593,-0.1442824,-10.01517
IMU,599776383.0,0,0.1483092,-0.1047151,0.04294781,-1.297354,0.1465902,-9.23998
IMU,599816220.0,0,-0.03709362,-0.06730697,0.0754434,-0.7779787,0.2827011,-10.23323
IMU,599859118.0,0,0.02190104,0.05383058,0.0248123,-0.6422876,0.5103483,-9.405158
IMU,599899920.0,0,-0.09408053,-0.01766448,0.08072132,-0.9243113,-0.3010675,-9.079306
IMU,599943926.0,0,0.01670144,-0.05708818,0.03120465,-0.4246846,0.1773239,-9.697641
IMU,599983751.0,0,0.1195627,0.06934179,0.06554937,-1.316584,-0.202848,-8.885326
IMU,600023988.0,0,0.02711076,0.05634781,0.03129466,-0.6725226,0.07241655,-9.93959
IMU,600066921.0,0,-0.05733636,0.05722179,0.02783177,-0.6380199,-0.02608332,-10.26782
IMU,600108748.0,0,0.01095911,0.1317619,-0.01352644,-0.3488233,0.08553307,-10.23239
IMU,600151891.0,0,-0.1096594,0.1335072,0.01570245,-1.108297,-0.04140002,-10.02393
IMU,600191732.0,0,-0.04125645,0.1200347,0.03240742,-0.6198546,0.3008562,-9.682924
IMU,600231740.0,0,-0.07343512,0.2546226,0.03078256,-0.8018332,-0.01843711,-10.07888
IMU,600275708.0,0,-0.009402924,0.2489761,0.001620561,-0.500071,0.06867641,-9.902029
IMU,600315284.0,0,-0.03645308,0.1979264,0.05370129,-1.358296,-0.1937968,-9.376798
IMU,600356000.0,0,0.1609482,0.2866603,0.07536726,-0.9826284,-0.5445537,-2.09787
IMU,600395912.0,0,0.07602139,0.3510264,0.07328016,0.09238694,0.05077505,-0.7676466
IMU,600435842.0,0,0.1463835,0.4179087,0.06411764,-0.2661491,0.05044758,-0.4109066
IMU,600476207.0,0,0.1334083,0.4076766,0.03017401,-0.2744042,-0.09338827,-0.3799443
IMU,600515995.0,0,0.1448332,0.4813308,0.01991813,-0.2350966,-0.1022185,-0.2801214
IMU,600556360.0,0,0.1651906,0.5093588,0.001354601,-0.3170069,-0.2054644,-0.4774649
IMU,600595970.0,0,0.1727501,0.5253662,-0.01275109,-0.2683772,-0.1494288,-0.3861258
IMU,600636283.0,0,0.1847441,0.5692447,-0.01585358,-0.2541273,-0.2461815,-0.3627379
IMU,600676567.0,0,0.1402928,0.6094064,-0.0189291,-0.2778001,-0.1662752,-0.6765953
IMU,600716166.0,0,0.1614614,0.6514366,-0.02483192,-0.3056698,-0.1648317,-0.8435405
IMU,600756344.0,0,0.1656821,0.680292,-0.02622624,-0.3103193,-0.2186767,-0.9512959
IMU,600795979.0,0,0.1227681,0.7248148,-0.02179153,-0.3326391,-0.2665362,-1.023795
IMU,600836216.0,0,0.05225808,0.7702041,-0.01991996,-0.2700713,-0.2674328,-1.140146
IMU,600876726.0,0,-0.04961524,0.8444813,-0.02989337,-0.2493691,-0.2527895,-1.316576
IMU,600916762.0,0,-0.1377625,0.9038644,-0.0418008,-0.1965392,-0.250972,-1.297758
IMU,600956283.0,0,-0.2008166,0.9760534,-0.04508111,-0.1305687,-0.2268573,-1.407144
IMU,600996500.0,0,-0.2994028,1.074234,-0.05123566,-0.1448446,-0.2300141,-1.703877
IMU,601036266.0,0,-0.3859636,1.139248,-0.05157846,-0.08980133,-0.1919468,-1.882088
IMU,601077125.0,0,-0.4549411,1.167925,-0.05190889,-0.0834027,-0.2109186,-2.129508
IMU,601117879.0,0,-0.5063593,1.157368,-0.04841176,0.06432617,-0.103113,-2.372403
IMU,601156908.0,0,-0.4767038,1.078419,-0.05322035,0.5666717,0.2682858,-3.899199
IMU,601197176.0,0,4.819799,-2.679032,-0.5113965,-86.45929,7.344079,10.89474
IMU,601236955.0,0,3.568848,-5.552532,-1.101737,0.267282,4.341105,2.721016
IMU,601277286.0,0,-1.698615,-4.960982,-1.418515,0.7836201,-1.493761,2.264583
IMU,601317715.0,0,0.7299624,-4.017034,-0.8560297,-7.204217,-3.595699,-0.07908303
IMU,601357338.0,0,-1.725945,-1.765532,0.1629493,-6.898964,-4.024114,1.105289
IMU,601397323.0,0,-2.004026,-0.6068128,0.8511534,-3.823508,-2.731844,0.1394211
IMU,601437796.0,0,-1.580629,0.05334538,1.385081,-5.185154,-2.755763,0.2905965
IMU,601477932.0,0,-0.3312466,1.030981,1.158277,-8.834724,-2.964838,-1.092316
IMU,601517891.0,0,0.8070196,2.432765,0.6385753,-9.573169,0.8177733,-1.284373
IMU,601558009.0,0,1.443918,2.578194,-0.3488393,-8.201557,6.230498,-2.799193
IMU,601597878.0,0,-0.3510197,4.56605,0.07602413,-6.239676,-0.523636,-3.833082
IMU,601637775.0,0,-0.1527677,5.684418,-0.5416496,-2.607433,1.680076,-4.715518
IMU,601678558.0,0,0.6777465,7.004818,-0.3458958,3.09191,2.719777,-10.38216
IMU,601717900.0,0,0.183944,4.63207,0.08788925,10.20254,0.9449854,-29.12224
IMU,601758439.0,0,0.229796,-2.04334,0.2476323,5.241978,-7.343182,-6.701108
IMU,601797738.0,0,0.0412916,-1.713476,0.05659834,-0.3822924,1.320434,-5.071982
IMU,601837806.0,0,-0.3185411,-0.7411712,0.2477159,-3.638943,0.4859467,-9.617983
IMU,601878348.0,0,-0.06149767,0.4589748,0.02614359,-4.658607,-0.7174567,-11.20486
IMU,601917972.0,0,0.09348609,0.4213441,-0.06684815,0.3546403,-0.8521722,-9.269684
IMU,601958408.0,0,-0.01405821,-0.1097204,0.03250963,0.1381024,-0.6552162,-9.818436
IMU,601997912.0,0,-0.07143947,-0.1012957,0.03547005,-1.353911,0.01371839,-9.606044
IMU,602037789.0,0,0.02170951,0.06748197,-0.02645277,-0.7992628,-0.0362713,-9.723749
IMU,602078410.0,0,-0.01430207,-0.02854718,0.01417169,-0.6182504,-0.3117943,-9.720924
IMU,602118203.0,0,0.003736085,0.01088101,-0.003277799,-0.918364,0.0549919,-9.637122
IMU,602157802.0,0,-0.01697068,-0.002407011,0.001977334,-0.6702711,-0.2217944,-9.705975
IMU,602197854.0,0,0.005792036,0.002156712,-0.001296537,-0.8473125,-0.05885712,-9.68656
IMU,602237733.0,0,-0.002437665,0.001020318,0.001231846,-0.7283176,-0.1491184,-9.694388
IMU,602278227.0,0,0.0005992524,0.002718444,0.0004256625,-0.7893744,-0.1173776,-9.687111
IMU,602318224.0,0,-0.001656263,0.001035752,0.0003240971,-0.7718231,-0.1248271,-9.675403
IMU,602357971.0,0,-0.00160797,0.0003464575,1.496082e-05,-0.7790434,-0.1368945,-9.676416
IMU,602398552.0,0,-0.002249175,0.0002964197,0.002974007,-0.773611,-0.1319366,-9.695572
IMU,602438537.0,0,-0.000784294,0.001008229,0.000741701,-0.7809348,-0.1347587,-9.689162
IMU,602478241.0,0,-0.0004471893,0.001011961,-0.0005868144,-0.7737696,-0.132829,-9.671062
IMU,602518850.0,0,-5.149312e-05,0.000867962,0.0002004157,-0.7818384,-0.1146039,-9.686223
IMU,602559350.0,0,-0.0007292713,0.001378609,0.0002737007,-0.7792893,-0.1250637,-9.657056
IMU,602599251.0,0,-0.00148937,-0.0006014116,0.0008553652,-0.7697067,-0.123095,-9.679588
IMU,602639275.0,0,-0.001381541,0.0009522004,0.001320472,-0.7726409,-0.1339003,-9.671928
IMU,602679381.0,0,-0.001018286,0.0001251132,-0.0002487126,-0.7901073,-0.1355025,-9.69275
IMU,602719938.0,0,-0.001378917,0.000939228,0.0005585733,-0.7737708,-0.1287045,-9.688998
IMU,602760202.0,0,-0.0009014556,0.002582994,0.0002530097,-0.7723046,-0.1146079,-9.662458
IMU,602799726.0,0,0.0003304734,0.0001588311,0.0008187115,-0.7761998,-0.1325967,-9.682446
IMU,602839413.0,0,-4.026162e-05,-2.406463e-07,0.0008894154,-0.781197,-0.1289993,-9.679248
IMU,602879783.0,0,0.0003357748,0.001731943,0.0003399595,-0.7815952,-0.1228284,-9.682212
IMU,602920288.0,0,0.000917533,0.001124483,-0.0004991938,-0.7746251,-0.1251038,-9.688465
IMU,602960551.0,0,0.0005946404,0.002340941,0.0001205945,-0.7580719,-0.1187854,-9.67995
IMU,602999907.0,0,-0.0005238082,0.0006290653,0.0009064049,-0.7755895,-0.1368461,-9.682445
IMU,603040280.0,0,-0.001267881,0.002301614,-0.0008495477,-0.7649896,-0.1381563,-9.690404
IMU,603080156.0,0,-0.0003751887,0.000494875,0.0001960796,-0.7682639,-0.1223814,-9.680493
IMU,603121182.0,0,-0.0005808863,0.001292598,0.001489324,-0.7738304,-0.1338531,-9.668958
IMU,603160811.0,0,-0.0001369889,0.0001919499,7.077234e-05,-0.7692667,-0.1378318,-9.681001
IMU,603200246.0,0,-8.438598e-06,0.002036427,0.0004163546,-0.7780029,-0.1313939,-9.654862
IMU,603240273.0,0,0.0002699995,0.001322862,0.0004495627,-0.7724897,-0.1308033,-9.69147
IMU,603280485.0,0,-0.000947549,8.542828e-05,0.0009738246,-0.7723157,-0.1374715,-9.681706
IMU,603320925.0,0,0.0002711112,0.0025332,0.0002437892,-0.7633669,-0.1218378,-9.675061
IMU,603360745.0,0,-0.001296188,0.001626475,0.001168949,-0.7686986,-0.1336906,-9.669207
IMU,599444688.0,1,0.1155446,0.06232589,0.03185385,-1.129719,-0.2235139,-9.096807
IMU,599485221.0,1,-0.08458654,0.051285,-0.02244803,-0.1265779,0.3322519,-10.63052
IMU,599528391.0,1,0.004856115,0.09108384,0.03284264,-0.6374314,0.04221498,-10.03913
IMU,599569016.0,1,0.1076658,0.08085368,0.02366779,-0.6736866,0.5530244,-9.785182
IMU,599608789.0,1,0.04694939,0.0514595,0.04790078,-0.9149907,0.3290374,-10.06154
IMU,599651951.0,1,0.009217941,0.07192239,0.02222791,-0.6566191,0.6166651,-9.967157
IMU,599692298.0,1,-0.1230073,-0.02690692,0.03237586,-1.451268,-0.5199135,-9.298025
IMU,599736564.0,1,-0.1438142,-0.06665174,0.02266723,-0.651655,-0.1713073,-9.854918
IMU,599776383.0,1,0.08749633,-0.09920983,0.04054647,-1.33866,0.1961877,-9.362592
IMU,599816220.0,1,-0.01259561,-0.0524436,0.06976181,-0.9682549,0.5263189,-10.14835
IMU,599859118.0,1,0.01665501,0.02354123,0.04016282,-0.1175456,1.04863,-9.576468
IMU,599899920.0,1,-0.05762805,-0.01231381,0.06820102,-1.384423,-0.1425198,-8.987045
IMU,599943926.0,1,0.01063851,-0.02740737,0.03116593,-0.9851082,0.09860442,-9.365044
IMU,599983751.0,1,0.1183142,0.05818461,0.07663747,-0.9813861,-0.3217712,-9.531752
IMU,600023988.0,1,-0.001361613,0.0765082,0.03881114,-0.8454279,-0.04423672,-9.61187
IMU,600066921.0,1,-0.05883026,0.07899746,0.02952236,-0.8955818,-0.0453066,-10.02397
IMU,600108748.0,1,-0.05134855,0.133124,-0.00603468,-0.4113266,0.142453,-10.81429
IMU,600151891.0,1,-0.1083896,0.104568,0.03085945,-0.6808166,0.2315856,-10.49126
IMU,600191732.0,1,-0.0631935,0.1191161,0.02668369,-0.7679688,0.1732638,-9.773309
IMU,600231740.0,1,-0.02024408,0.2276584,0.04478132,-0.7596879,0.09973103,-10.65026
IMU,600275708.0,1,0.006884297,0.2351071,0.02006219,-0.4757175,0.07802349,-10.14561
IMU,600315284.0,1,0.03620572,0.1963052,0.06653368,-1.046616,-0.2732024,-10.11363
IMU,600356000.0,1,0.1368171,0.2699605,0.0657132,-0.6558352,-0.5917464,-2.533779
IMU,600395912.0,1,0.07162189,0.3603084,0.08902426,0.106921,-0.03031648,-1.098255
IMU,600435842.0,1,0.1256007,0.4115525,0.07906444,-0.3025348,0.1513208,-0.6406289
IMU,600476207.0,1,0.1349448,0.4057498,0.04332549,-0.3243617,0.1681352,-0.5633295
IMU,600515995.0,1,0.1378728,0.4807449,0.03950783,-0.2013431,0.03042124,-0.3299862
IMU,600556360.0,1,0.1641055,0.5042173,0.02698448,-0.2907164,-0.1298124,-0.5677592
IMU,600595970.0,1,0.1632981,0.5167691,0.008511532,-0.2884944,-0.1251822,-0.4599526
IMU,600636283.0,1,0.1797575,0.5644122,0.009933881,-0.3095082,-0.09198812,-0.5732212
IMU,600676567.0,1,0.13611,0.5999904,0.004901693,-0.329709,-0.1001534,-0.8533128
IMU,600716166.0,1,0.1584598,0.6426777,-0.002307889,-0.338131,-0.01657058,-1.031803
IMU,600756344.0,1,0.1622085,0.6740749,-0.001533812,-0.3347374,-0.09278212,-1.027055
IMU,600795979.0,1,0.1225295,0.7126991,0.002026271,-0.3189264,-0.2507268,-1.185287
IMU,600836216.0,1,0.04902649,0.7659611,0.001434603,-0.3786544,-0.1074888,-1.389683
IMU,600876726.0,1,-0.05578898,0.8333674,-0.0132958,-0.3724912,-0.04671769,-1.372385
IMU,600916762.0,1,-0.1376464,0.893778,-0.0146029,-0.161365,-0.2147512,-1.556289
IMU,600956283.0,1,-0.198936,0.959562,-0.02014279,-0.1822178,-0.09652108,-1.576697
IMU,600996500.0,1,-0.2972896,1.057308,-0.03118991,-0.2516943,-0.09461115,-1.931909
IMU,601036266.0,1,-0.3824734,1.122615,-0.03179873,-0.1737881,-0.08564604,-1.998177
IMU,601077125.0,1,-0.447963,1.151648,-0.03355569,-0.2145826,-0.1953302,-2.187446
IMU,601117879.0,1,-0.5091788,1.146496,-0.02809507,-0.03366301,-0.02873295,-2.363667
IMU,601156908.0,1,-0.4690509,1.063738,-0.03258016,0.8644031,0.5460187,-4.354612
IMU,601197176.0,1,4.389134,-4.795603,-0.8418375,-92.64973,-2.375317,8.060165
IMU,601236955.0,1,2.789104,-5.694012,-1.031501,2.392359,3.284335,5.150862
IMU,601277286.0,1,-1.672304,-4.923464,-1.56434,1.270831,-1.304387,1.629996
IMU,601317715.0,1,0.7440638,-4.057835,-0.9640514,-7.52331,-4.058406,0.010852
IMU,601357338.0,1,-1.692168,-1.79744,0.03847412,-7.016182,-3.944677,1.140186
IMU,601397323.0,1,-1.941823,-0.6080457,0.7399288,-3.943994,-2.707499,-0.198531
IMU,601437796.0,1,-1.507796,0.03924593,1.281784,-5.399651,-2.761956,0.07399616
IMU,601477932.0,1,-0.3559236,0.9968588,1.190977,-8.607461,-2.834002,-0.8695276
IMU,601517891.0,1,0.8073446,2.377691,0.7144572,-10.41322,1.193604,-2.064443
IMU,601558009.0,1,1.482561,2.462666,-0.2460238,-7.231601,5.971033,-3.062
IMU,601597878.0,1,-0.3416516,4.486429,0.1844527,-6.230995,-0.4048974,-4.130027
IMU,601637775.0,1,-0.2082993,5.557198,-0.393901,-2.128025,1.534213,-4.96918
IMU,601678558.0,1,0.6281267,6.916767,-0.1211099,3.620376,2.250272,-10.22798
IMU,601717900.0,1,0.1774562,4.764508,0.2121893,11.34476,0.7551892,-31.57571
IMU,601758439.0,1,0.2669284,-2.029222,0.2060622,4.891373,-6.702257,-8.290233
IMU,601797738.0,1,0.04454053,-1.69818,0.01186164,-0.5252242,1.410255,-5.176298
IMU,601837806.0,1,-0.2927492,-0.7622024,0.2139705,-3.732708,0.3401428,-9.889939
IMU,601878348.0,1,-0.06752049,0.4451408,0.04887022,-4.342457,-0.6533981,-11.23962
IMU,601917972.0,1,0.1097131,0.4158157,-0.05161744,0.3579769,-0.8717011,-9.528538
IMU,601958408.0,1,-0.01155069,-0.1001036,0.03098848,0.0817908,-0.5924392,-10.15759
IMU,601997912.0,1,-0.072934,-0.1034951,0.03003315,-1.385656,0.1346648,-9.781504
IMU,602037789.0,1,0.01494439,0.06630962,-0.01804492,-0.7505884,0.04163994,-9.813684
IMU,602078410.0,1,-0.01743495,-0.02440219,0.0150664,-0.6345893,-0.3574162,-9.729463
IMU,602118203.0,1,0.0002757485,0.00990136,0.005100858,-0.824388,0.04583017,-9.801033
IMU,602157802.0,1,-0.01675047,-0.002468892,0.004903748,-0.7754474,-0.1928838,-9.746599
IMU,602197854.0,1,0.002674821,0.004217028,0.001703707,-0.917494,-0.1000434,-9.950158
IMU,602237733.0,1,-0.001462621,-0.004428085,0.002621241,-0.7336169,-0.08113589,-9.804253
IMU,602278227.0,1,0.003061144,0.001751903,7.898764e-05,-0.7287481,-0.0936111,-9.858436
IMU,602318224.0,1,-0.002094924,0.004958467,0.001160592,-0.6815656,-0.1798943,-9.843994
IMU,602357971.0,1,-0.003679459,0.001048782,-0.001289694,-0.7992319,-0.08550897,-9.780515
IMU,602398552.0,1,-0.001850178,0.001871932,0.002023381,-0.8090103,-0.1777347,-9.81679
IMU,602438537.0,1,-0.00262052,0.004487135,0.001613591,-0.8201687,-0.06039767,-9.790392
IMU,602478241.0,1,-0.002927852,0.006222874,5.170528e-05,-0.697943,-0.05894225,-9.848884
IMU,602518850.0,1,-0.001609319,0.001048981,0.003624964,-0.7416655,-0.1575244,-9.776941
IMU,602559350.0,1,-0.001228581,0.00901724,0.004547098,-0.7352487,-0.1388917,-9.861104
IMU,602599251.0,1,1.055131e-05,0.002363073,0.000304197,-0.6943865,-0.079378,-9.844523
IMU,602639275.0,1,-0.007324245,-0.000150665,-0.002413596,-0.6695011,-0.01517703,-9.871964
IMU,602679381.0,1,-0.00261361,0.004548284,0.006782211,-0.7792521,-0.1559286,-9.850377
IMU,602719938.0,1,-0.0009793026,0.007728613,0.002679162,-0.7095177,-0.08741235,-9.726162
IMU,602760202.0,1,-0.004934791,0.00324878,-0.0005163638,-0.6874831,-0.102056,-9.722843
IMU,602799726.0,1,-0.003695348,0.002842425,-0.0001077341,-0.7770903,-0.07355315,-9.912938
IMU,602839413.0,1,-0.004412081,0.003205952,0.004647505,-0.7133737,-0.06263345,-9.878411
IMU,602879783.0,1,0.0003006887,0.008215412,0.003519099,-0.8167105,-0.1144415,-9.758639
IMU,602920288.0,1,-0.004429098,0.002539584,-0.0064558,-0.7491537,-0.03479937,-9.791669
IMU,602960551.0,1,-0.0003982897,0.0008482676,0.00141848,-0.8029211,-0.1615551,-9.788504
IMU,602999907.0,1,-0.002372476,0.007902649,0.001744319,-0.6545947,-0.1089511,-9.856311
IMU,603040280.0,1,-0.001548374,0.0009658545,0.002528227,-0.7297083,-0.02370934,-9.868019
IMU,603080156.0,1,0.001415063,0.002488257,0.001436376,-0.718836,-0.1457115,-9.824064
IMU,603121182.0,1,0.00201102,-0.003618065,0.002652138,-0.7737743,-0.05997192,-9.937476
IMU,603160811.0,1,-0.002347644,-0.005340642,0.002542535,-0.6392457,-0.03174468,-9.753891
IMU,603200246.0,1,-0.003113371,0.003411564,0.003653252,-0.7695512,-0.09645265,-10.02797
IMU,603240273.0,1,-0.00237578,0.006438135,-0.002076861,-0.6467317,-0.1180166,-9.899641
IMU,603280485.0,1,0.001544057,0.001284212,0.0006998554,-0.6984072,-0.1656039,-9.778533
IMU,603320925.0,1,-0.004335191,0.001751147,-0.000333062,-0.7302949,-0.06304618,-9.822702
IMU,603360745.0,1,-0.008271924,0.002504483,0.0006014734,-0.8481782,-0.1150739,-9.705828
IMU,599444688.0,2,0.009869395,0.07427782,-0.01260822,-0.7457849,-0.1115118,-9.886589
IMU,599485221.0,2,0.02145709,0.04262687,0.002565423,-0.8494344,-0.1807685,-9.650508
IMU,599528391.0,2,-0.01603301,0.07392539,0.02453944,-0.8665503,-0.1094338,-9.827997
IMU,599569016.0,2,0.2170776,0.0595132,0.05235192,-1.3424,0.06767442,-9.302675
IMU,599608789.0,2,0.06187198,0.03295433,0.03598338,-0.9657432,0.203694,-10.09575
IMU,599651951.0,2,0.07064732,0.001184738,0.009735388,-1.031175,0.06543383,-9.929286
IMU,599692298.0,2,-0.1642672,0.009173346,0.04749129,-1.306028,-0.4408993,-10.25292
IMU,599736564.0,2,-0.07592744,-0.1034117,0.02869965,-1.196097,-0.02943441,-9.34657
IMU,599776383.0,2,0.09326759,-0.05097552,0.04209756,-1.108891,0.1197198,-9.908815
IMU,599816220.0,2,0.07754394,-0.04338893,0.0730238,-1.351545,0.05251455,-9.421065
IMU,599859118.0,2,0.1151526,-0.06231722,0.06840542,-1.141696,0.07060002,-9.420403
IMU,599899920.0,2,-0.09519646,0.02700592,0.0804336,-1.105645,-0.1921403,-9.554117
IMU,599943926.0,2,0.08193479,-0.03176714,0.06344616,-1.271823,0.04300437,-9.307808
IMU,599983751.0,2,0.04399043,0.07506716,0.04915066,-0.9558429,-0.1516969,-9.76297
IMU,600023988.0,2,0.03151644,0.07496189,0.02612015,-1.137691,-0.1129623,-9.56442
IMU,600066921.0,2,-0.05901185,0.114771,0.03210845,-0.9495032,-0.2146989,-10.09578
IMU,600108748.0,2,-0.01515673,0.06402359,0.01820955,-0.8947487,-0.3683043,-9.97601
IMU,600151891.0,2,-0.140014,0.09119243,-0.00218531,-0.872217,-0.3957752,-9.882562
IMU,600191732.0,2,-0.01823335,0.1235381,0.04558073,-1.234707,0.03103563,-9.95505
IMU,600231740.0,2,-0.04238116,0.2049731,0.02699501,-1.010165,0.06960858,-10.07203
IMU,600275708.0,2,0.07459792,0.1732487,0.04324749,-0.9041662,0.2152112,-10.27819
IMU,600315284.0,2,-0.09250141,0.2184853,0.02613786,-1.015031,-0.1008388,-10.08754
IMU,600356000.0,2,0.1291973,0.2558796,0.03082974,-0.9323603,-0.3364699,-3.046375
IMU,600395912.0,2,0.06599932,0.3358303,0.07339483,-0.2977915,0.08042553,-0.8278502
IMU,600435842.0,2,0.1431871,0.4076335,0.05588334,-0.341502,-0.027723,-0.5845047
IMU,600476207.0,2,0.1416499,0.4158599,0.02570936,-0.3712675,-0.06443321,-0.541158
IMU,600515995.0,2,0.1490203,0.4809436,0.01324269,-0.3425416,-0.1454074,-0.4284844
IMU,600556360.0,2,0.1706667,0.50997,-0.004621773,-0.3867658,-0.1938344,-0.6447014
IMU,600595970.0,2,0.1846313,0.5291699,-0.019247,-0.3448513,-0.1799821,-0.527591
IMU,600636283.0,2,0.1899393,0.5675076,-0.02177618,-0.3416609,-0.2390936,-0.5697938
IMU,600676567.0,2,0.1499151,0.6106063,-0.02689322,-0.3534391,-0.1695718,-0.8546649
IMU,600716166.0,2,0.1726208,0.6536292,-0.03505879,-0.3944338,-0.1650607,-1.045097
IMU,600756344.0,2,0.1734141,0.6808738,-0.03509691,-0.3958486,-0.2305293,-1.146909
IMU,600795979.0,2,0.1328159,0.7287793,-0.03247929,-0.3899412,-0.261314,-1.1996
IMU,600836216.0,2,0.05905106,0.7780659,-0.03078078,-0.3619966,-0.269082,-1.353695
IMU,600876726.0,2,-0.0377626,0.8486867,-0.04056517,-0.3198413,-0.2618326,-1.492571
IMU,600916762.0,2,-0.1246256,0.9095804,-0.05600746,-0.2739564,-0.2444296,-1.514824
IMU,600956283.0,2,-0.1878784,0.9811028,-0.06030974,-0.2248125,-0.2351458,-1.623604
IMU,600996500.0,2,-0.2823245,1.083334,-0.06764066,-0.2314578,-0.2403208,-1.947747
IMU,601036266.0,2,-0.365524,1.147312,-0.06828379,-0.2101264,-0.224104,-2.091161
IMU,601077125.0,2,-0.4338415,1.179649,-0.06955568,-0.2019981,-0.2472331,-2.32324
IMU,601117879.0,2,-0.4867344,1.16518,-0.06770544,-0.07728741,-0.1470268,-2.576592
IMU,601156908.0,2,-0.3726648,1.011617,-0.05980055,1.656833,0.9463292,-4.884758
IMU,601197176.0,2,3.681385,-9.987773,-0.4579157,-77.28349,-6.495512,-13.63734
IMU,601236955.0,2,3.24276,-5.666045,-0.814909,3.593197,0.2395525,5.679416
IMU,601277286.0,2,-1.734335,-5.079612,-1.348855,0.6369067,-1.020337,0.8918339
IMU,601317715.0,2,0.5549054,-3.939427,-0.7427361,-7.297746,-3.199158,-0.9446611
IMU,601357338.0,2,-1.722893,-1.754216,0.178758,-6.950928,-3.658416,-0.01012214
IMU,601397323.0,2,-1.975587,-0.569667,0.8550768,-4.055832,-2.448755,-0.3975724
IMU,601437796.0,2,-1.558129,0.0981866,1.385544,-5.495175,-2.398191,-0.1603615
IMU,601477932.0,2,-0.2897335,1.083074,1.129926,-8.515474,-3.306682,-1.129527
IMU,601517891.0,2,0.8406776,2.44948,0.5978908,-9.73502,1.018033,-2.116277
IMU,601558009.0,2,1.535202,2.484476,-0.3422595,-8.494008,6.551156,-3.408533
IMU,601597878.0,2,-0.2827946,4.60057,-0.002084448,-6.185715,-0.3330662,-5.228566
IMU,601637775.0,2,-0.0977213,5.672606,-0.6259479,-2.848825,1.213729,-5.339632
IMU,601678558.0,2,0.7130657,6.99595,-0.3462819,2.198665,2.321937,-10.68
IMU,601717900.0,2,0.2003257,4.566926,0.05569464,8.265368,0.3118152,-26.76039
IMU,601758439.0,2,0.1772897,-2.021487,0.2734811,5.295492,-6.403681,-9.036742
IMU,601797738.0,2,0.007889929,-1.707358,0.08638015,-0.4221717,1.242791,-5.436365
IMU,601837806.0,2,-0.3403178,-0.7326916,0.2581087,-3.577344,0.5973955,-10.02401
IMU,601878348.0,2,-0.05691562,0.445134,0.01739384,-4.515202,-0.951614,-11.48465
IMU,601917972.0,2,0.09113707,0.4123774,-0.07364762,0.1260049,-0.7664154,-9.589768
IMU,601958408.0,2,-0.02095655,-0.1106227,0.03546853,-0.1369186,-0.6930311,-9.951725
IMU,601997912.0,2,-0.07032082,-0.09992982,0.03843259,-1.385088,-0.123788,-9.837729
IMU,602037789.0,2,0.02122961,0.06475667,-0.02730769,-0.9498041,-0.1832258,-9.852424
IMU,602078410.0,2,-0.01291781,-0.02695821,0.01465161,-0.764771,-0.3958644,-9.883509
IMU,602118203.0,2,0.003853177,0.01044552,-0.003609683,-1.038215,-0.1116103,-9.788116
IMU,602157802.0,2,-0.0157289,-0.002948107,0.00303872,-0.8225775,-0.352368,-9.882018
IMU,602197854.0,2,0.003832963,0.002115413,0.0004277952,-0.9675768,-0.2083105,-9.828544
IMU,602237733.0,2,-0.003357229,0.0006383192,0.00208975,-0.8723745,-0.2743013,-9.846295
IMU,602278227.0,2,-0.0001938349,0.002710855,0.0001899361,-0.9370797,-0.2433296,-9.828503
IMU,602318224.0,2,-0.001350633,0.0002471072,0.0004672573,-0.887686,-0.2537498,-9.834397
IMU,602357971.0,2,-0.002065432,0.0002469403,0.000910152,-0.915552,-0.2666918,-9.846663
IMU,602398552.0,2,-0.002744428,0.0008388147,0.000443163,-0.9149529,-0.2634745,-9.847927
IMU,602438537.0,2,-0.000553058,0.001011418,0.0001596716,-0.9183649,-0.2448484,-9.84698
IMU,602478241.0,2,-0.0004570312,-9.057602e-05,0.0009586031,-0.8968138,-0.2450969,-9.84811
IMU,602518850.0,2,-0.001092755,2.280698e-05,0.0007682684,-0.9138652,-0.2593613,-9.836063
IMU,602559350.0,2,-0.002076396,0.0008649753,0.001375529,-0.9044264,-0.2702602,-9.842387
IMU,602599251.0,2,-0.001531488,0.0008895966,-0.000135203,-0.9195966,-0.2473473,-9.843931
IMU,602639275.0,2,-0.001342576,0.0005076467,0.0007187206,-0.9083877,-0.2469443,-9.833901
IMU,602679381.0,2,-0.0005522975,0.001082466,0.0001868767,-0.9113715,-0.2597066,-9.832955
IMU,602719938.0,2,-0.001587628,0.0004111049,0.001006429,-0.9101058,-0.2492435,-9.838881
IMU,602760202.0,2,-0.001107065,0.001110726,0.001714098,-0.9188637,-0.2531144,-9.844165
IMU,602799726.0,2,0.0003707265,-0.0002070823,0.001283237,-0.9164817,-0.2591372,-9.8429
IMU,602839413.0,2,-0.0007400324,0.0002514323,0.000902984,-0.9051849,-0.2555287,-9.829223
IMU,602879783.0,2,-0.001259841,0.002597172,0.001108341,-0.9062943,-0.2574081,-9.841035
IMU,602920288.0,2,-0.0006662289,0.001668654,0.0003252682,-0.9049665,-0.2580876,-9.817856
IMU,602960551.0,2,-0.0005425559,0.001739541,0.001652664,-0.9039655,-0.2549067,-9.839672
IMU,602999907.0,2,-0.0006973766,3.401994e-05,-0.0001718855,-0.9182574,-0.2554044,-9.832055
IMU,603040280.0,2,-0.000942944,0.001263418,-6.169223e-05,-0.911123,-0.2600172,-9.833334
IMU,603080156.0,2,-0.00107477,0.001003325,0.002023657,-0.9163219,-0.2602925,-9.825152
IMU,603121182.0,2,-0.0004733805,0.0008910436,0.0006882852,-0.9017541,-0.2584499,-9.838858
IMU,603160811.0,2,-0.0004539844,0.0005837771,0.001749185,-0.9100375,-0.2499905,-9.830705
IMU,603200246.0,2,-0.00202789,0.0003520248,0.001873757,-0.9089701,-0.2344859,-9.851213
IMU,603240273.0,2,-0.0005484204,0.0007967629,0.001077952,-0.9128677,-0.2594382,-9.833053
IMU,603280485.0,2,-0.00184827,0.001125936,0.001368096,-0.9139404,-0.2579153,-9.843826
IMU,603320925.0,2,-9.321921e-05,0.0004037918,0.001366265,-0.9068656,-0.2486947,-9.842676
IMU,603360745.0,2,-0.001631616,0.001420038,0.001304034,-0.9220901,-0.2652768,-9.830916
