ARM,418762559.0,0.0
AHR2,418349836.0,6.52,-9.19,206.59,476.12,43.2375587,-7.6814061
AHR2,418453272.0,6.88,-8.39,207.14,475.84,43.2375551,-7.6814094
AHR2,418557837.0,6.89,-8.17,207.69,475.79,43.2375495,-7.6814134
AHR2,418660871.0,6.21,-8.71,208.17,475.83,43.2375457,-7.6814165
AHR2,418765579.0,5.81,-8.89,208.63,475.97,43.237542,-7.6814203
AHR2,418865292.0,5.74,-8.38,209.42,475.12,43.2375383,-7.6814236
AHR2,418966277.0,6.33,-6.98,210.38,474.65,43.2375351,-7.6814272
AHR2,419066415.0,7.19,-5.3,211.25,474.34,43.2375318,-7.6814304
AHR2,419166885.0,7.96,-3.6,212.15,474.16,43.2375277,-7.6814337
AHR2,419266876.0,8.94,-1.42,213.06,473.83,43.2375241,-7.681437
AHR2,419367543.0,10.69,1.6,214.16,473.8,43.2375222,-7.6814388
AHR2,419467645.0,12.76,5.81,215.59,473.74,43.2375186,-7.681442
AHR2,419568014.0,14.84,10.78,217.27,473.15,43.2375138,-7.6814463
AHR2,419668134.0,16.0,16.16,219.04,472.71,43.2375102,-7.6814495
AHR2,419768982.0,19.16,-30.27,205.84,470.56,43.2375067,-7.6814527
AHR2,419869111.0,37.39,-60.24,181.37,470.44,43.2375031,-7.6814559
AHR2,419969384.0,56.63,-66.09,166.71,470.54,43.237504,-7.6814629
AHR2,420069539.0,33.8,-79.6,197.27,470.38,43.2375019,-7.6814674
AHR2,420169348.0,61.84,-83.0,171.29,470.46,43.2375034,-7.681464
AHR2,420269285.0,41.85,-78.71,191.3,470.24,43.2375025,-7.681466
AHR2,420369948.0,23.67,-65.84,211.87,470.54,43.2375044,-7.6814636
AHR2,420470194.0,19.39,-43.57,220.88,470.42,43.2375044,-7.6814643
AHR2,420570150.0,18.45,-4.29,230.87,470.58,43.2375056,-7.681461
AHR2,420670221.0,13.63,-9.35,231.87,470.39,43.237506,-7.6814603
AHR2,420769938.0,17.51,-8.53,231.67,470.46,43.2375061,-7.6814596
AHR2,420870227.0,17.15,-8.22,231.65,470.22,43.2375063,-7.6814589
AHR2,420970198.0,17.14,-8.02,231.62,470.5,43.2375059,-7.6814599
AHR2,421070349.0,17.14,-7.89,231.57,470.57,43.2375058,-7.6814598
AHR2,421170001.0,17.12,-7.73,231.52,470.38,43.237506,-7.6814599
AHR2,421269923.0,17.11,-7.58,231.47,470.56,43.2375059,-7.68146
AHR2,421372248.0,17.09,-7.43,231.43,470.5,43.2375065,-7.6814598
AHR2,421472317.0,17.08,-7.28,231.38,470.37,43.2375065,-7.6814597
AHR2,421572208.0,17.06,-7.13,231.34,470.37,43.2375068,-7.6814598
AHR2,421672515.0,17.05,-6.98,231.3,470.39,43.2375068,-7.6814597
AHR2,421772719.0,17.04,-6.85,231.25,470.41,43.2375072,-7.6814597
AHR2,421873302.0,17.02,-6.71,231.21,470.44,43.2375071,-7.6814596
AHR2,421973184.0,17.01,-6.58,231.17,470.5,43.2375078,-7.6814594
AHR2,422073176.0,17.0,-6.45,231.13,470.45,43.2375079,-7.6814594
ATT,418349314.0,6.34,5.92,-9.72,-9.08,213.44,213.77
ATT,418452754.0,5.82,6.12,-9.59,-8.44,213.49,214.53
ATT,418557380.0,5.16,6.23,-9.72,-8.23,213.54,215.14
ATT,418660347.0,4.72,5.74,-9.84,-8.7,213.57,215.56
ATT,418765211.0,4.31,5.38,-9.6,-8.8,215.89,215.95
ATT,418864890.0,2.45,5.25,-6.25,-8.2,216.61,216.66
ATT,418965835.0,1.24,5.88,-3.17,-6.74,217.57,217.62
ATT,419066123.0,0.63,6.79,-1.62,-5.0,218.42,218.48
ATT,419166381.0,0.32,7.6,-0.82,-2.73,219.25,219.32
ATT,419266380.0,0.16,8.63,-0.42,0.09,220.08,220.16
ATT,419367192.0,0.08,10.47,-0.21,3.7,221.09,221.18
ATT,419467265.0,0.04,12.69,-0.1,8.41,222.47,222.58
ATT,419567572.0,0.02,14.96,-0.05,13.73,224.12,224.26
ATT,419667727.0,0.01,16.33,-0.02,19.44,225.9,226.05
ATT,419768535.0,0.0,18.36,-0.01,-26.72,212.94,213.11
ATT,419868569.0,0.0,32.61,0.0,-57.12,192.19,192.67
ATT,419968867.0,0.0,46.83,0.0,-62.04,182.27,181.92
ATT,420069107.0,0.0,24.83,0.0,-72.02,210.52,211.17
ATT,420168888.0,0.0,32.52,0.0,-74.81,203.9,204.88
ATT,420268825.0,0.0,25.72,0.0,-67.89,211.13,211.69
ATT,420369416.0,0.0,19.66,0.0,-53.35,220.17,220.45
ATT,420469769.0,0.0,18.91,0.0,-30.49,226.25,226.44
ATT,420569762.0,0.0,20.82,0.0,9.53,235.71,235.89
ATT,420669781.0,0.0,16.41,0.0,5.44,235.82,235.97
ATT,420769530.0,0.0,20.32,0.0,5.99,235.53,235.71
ATT,420869827.0,0.0,19.97,0.0,5.83,235.44,235.61
ATT,420969830.0,0.0,19.98,0.0,5.84,235.36,235.53
ATT,421069973.0,0.0,19.99,0.0,5.83,235.33,235.5
ATT,421169579.0,0.0,20.01,0.0,5.84,235.27,235.44
ATT,421269488.0,0.0,20.03,0.0,5.85,235.25,235.42
ATT,421371559.0,0.0,20.05,0.0,5.87,235.23,235.4
ATT,421471767.0,0.0,20.06,0.0,5.89,235.21,235.38
ATT,421571580.0,0.0,20.09,0.0,5.92,235.17,235.34
ATT,421671992.0,0.0,20.1,0.0,5.94,235.15,235.32
ATT,421772286.0,0.0,20.12,0.0,5.96,235.13,235.31
ATT,421872749.0,0.0,20.13,0.0,5.97,235.13,235.31
ATT,421972576.0,0.0,20.14,0.0,5.99,235.13,235.31
ATT,422072540.0,0.0,20.16,0.0,6.0,235.14,235.31
BARO,418346992.0,0,4.176903,96581.62,41.75
BARO,418450077.0,0,3.897156,96584.64,41.75
BARO,418554502.0,0,3.849119,96585.16,41.75
BARO,418657990.0,0,3.885854,96584.76,41.75
BARO,418762909.0,0,4.024314,96583.26,41.75
BARO,418862738.0,0,3.170947,96592.5,41.75
BARO,418963478.0,0,2.704703,96597.52,41.74
BARO,419063146.0,0,2.393874,96600.89,41.75
BARO,419163576.0,0,2.213028,96602.85,41.75
BARO,419263511.0,0,1.88807,96606.37,41.75
BARO,419364760.0,0,1.856987,96606.7,41.75
BARO,419464767.0,0,1.797647,96607.34,41.74
BARO,419565298.0,0,1.204246,96613.77,41.75
BARO,419665258.0,0,0.7634336,96618.55,41.75
BARO,419765786.0,0,-1.389765,96641.84,41.74
BARO,419865544.0,0,-1.505619,96643.09,41.74
BARO,419965913.0,0,-1.409545,96642.05,41.73
BARO,420066181.0,0,-1.564959,96643.73,41.73
BARO,420165900.0,0,-1.480188,96642.82,41.73
BARO,420265884.0,0,-1.700594,96645.2,41.73
BARO,420366537.0,0,-1.406719,96642.02,41.73
BARO,420466739.0,0,-1.525399,96643.3,41.73
BARO,420566538.0,0,-1.361508,96641.53,41.73
BARO,420666743.0,0,-1.559308,96643.66,41.73
BARO,420766514.0,0,-1.480188,96642.81,41.74
BARO,420866439.0,0,-1.720374,96645.41,41.74
BARO,420966881.0,0,-1.446279,96642.45,41.74
BARO,421066817.0,0,-1.37281,96641.66,41.75
BARO,421166955.0,0,-1.562134,96643.7,41.75
BARO,421266905.0,0,-1.381288,96641.73,41.76
BARO,421368968.0,0,-1.446279,96642.44,41.76
BARO,421468926.0,0,-1.579088,96643.9,41.77
BARO,421569061.0,0,-1.576262,96643.86,41.78
BARO,421669022.0,0,-1.556482,96643.65,41.78
BARO,421769507.0,0,-1.533876,96643.39,41.78
BARO,421869740.0,0,-1.508445,96643.12,41.79
BARO,421970488.0,0,-1.449105,96642.48,41.79
BARO,422070572.0,0,-1.491491,96642.94,41.8
BARO,418346992.0,1,3.753045,96706.8,34.01
BARO,418450077.0,1,3.693705,96707.46,34.01
BARO,418554502.0,1,3.868899,96705.55,34.01
BARO,418657990.0,1,3.764348,96706.68,34.01
BARO,418762909.0,1,3.843468,96705.84,34.01
BARO,418862738.0,1,3.39983,96710.63,34.01
BARO,418963478.0,1,2.540811,96719.93,34.01
BARO,419063146.0,1,2.458865,96720.84,34.01
BARO,419163576.0,1,2.433434,96721.11,34.01
BARO,419263511.0,1,2.060439,96725.16,34.01
BARO,419364760.0,1,1.879593,96727.1,34.0
BARO,419464767.0,1,1.732655,96728.69,34.01
BARO,419565298.0,1,1.308797,96733.29,34.01
BARO,419665258.0,1,0.7775622,96739.04,34.0
BARO,419765786.0,1,-2.107497,96770.29,34.0
BARO,419865544.0,1,-1.299342,96761.55,34.0
BARO,419965913.0,1,-1.635602,96765.18,34.0
BARO,420066181.0,1,-1.593217,96764.72,34.0
BARO,420165900.0,1,-1.511271,96763.85,34.0
BARO,420265884.0,1,-1.638428,96765.23,34.0
BARO,420366537.0,1,-1.711897,96766.02,34.0
BARO,420466739.0,1,-1.474536,96763.45,34.0
BARO,420566538.0,1,-1.734502,96766.24,34.0
BARO,420666743.0,1,-1.921,96768.27,34.0
BARO,420766514.0,1,-1.791017,96766.86,34.0
BARO,420866439.0,1,-1.805146,96767.03,34.0
BARO,420966881.0,1,-1.898394,96768.02,33.99
BARO,421066817.0,1,-1.779714,96766.76,33.99
BARO,421166955.0,1,-1.932303,96768.41,33.99
BARO,421266905.0,1,-1.796668,96766.95,33.99
BARO,421368968.0,1,-1.785365,96766.8,33.99
BARO,421468926.0,1,-1.889917,96767.94,33.99
BARO,421569061.0,1,-1.856008,96767.59,33.99
BARO,421669022.0,1,-1.94078,96768.51,33.99
BARO,421769507.0,1,-1.765585,96766.61,33.99
BARO,421869740.0,1,-1.740154,96766.31,33.99
BARO,421970488.0,1,-1.751457,96766.43,33.99
BARO,422070572.0,1,-1.84188,96767.44,33.99
GPS,418318299.0,3,18,43.2375638,-7.6814013,472.97,4.642,0.418,0.0
GPS,418483131.0,3,18,43.2375566,-7.6814075,472.92,4.799,0.228,0.0
GPS,418690296.0,3,18,43.2375492,-7.6814139,472.91,4.96,0.269,0.0
GPS,418877276.0,3,18,43.2375421,-7.6814205,472.84,4.583,0.468,0.0
GPS,419078760.0,3,18,43.2375352,-7.681427,472.54,4.827,2.559,0.0
GPS,419319031.0,3,18,43.2375281,-7.6814335,471.88,4.746,4.343,0.0
GPS,419479965.0,3,18,43.2375211,-7.6814398,470.85,4.713,6.098001,0.0
GPS,419680410.0,3,18,43.237514,-7.6814461,469.47,4.72,7.506001,0.0
GPS,419881501.0,3,18,43.2375083,-7.6814537,467.78,4.314,9.200001,0.0
GPS,420081375.0,3,18,43.2375052,-7.68146,466.56,1.89,3.181,0.0
GPS,420300945.0,3,18,43.2375044,-7.6814623,466.08,0.59,1.62,0.0
GPS,420482081.0,3,18,43.2375049,-7.6814622,465.88,0.645,0.848,0.0
GPS,420682006.0,3,17,43.2375057,-7.6814609,465.87,0.5840001,0.169,0.0
GPS,420882349.0,3,17,43.237506,-7.68146,465.87,0.104,0.358,0.0
GPS,421082347.0,3,17,43.2375063,-7.6814599,465.86,0.173,0.246,0.0
GPS,421302158.0,3,17,43.2375065,-7.6814599,465.89,0.078,0.186,0.0
GPS,421484576.0,3,17,43.2375069,-7.6814598,465.96,0.067,0.053,0.0
GPS,421684838.0,3,17,43.2375072,-7.6814597,466.03,0.05,-0.018,0.0
GPS,421884985.0,3,17,43.2375077,-7.6814594,466.09,0.085,0.08000001,0.0
IMU,418275486.0,0,0.02850087,-0.02490819,0.1062401,-0.7081623,0.1656881,-10.04898
IMU,418318559.0,0,0.1041604,0.03979124,0.05615357,-1.627733,-0.1410096,-10.00879
IMU,418359359.0,0,0.2857467,0.02933913,0.06927612,-0.5738438,0.1087729,-9.63592
IMU,418402505.0,0,0.004481039,0.1128984,0.1182507,-1.471024,-0.08611859,-9.311879
IMU,418442792.0,0,0.02290903,0.1875476,0.05011957,-1.780839,-0.01362132,-9.624416
IMU,418483217.0,0,0.1677164,0.09964094,0.06430969,-0.9279702,-0.2872523,-9.848131
IMU,418527486.0,0,0.08334281,-0.04587276,0.1102986,-1.24644,0.2295555,-10.15017
IMU,418567206.0,0,-0.2713667,0.01300138,0.1108739,-1.999556,-0.03692457,-9.508614
IMU,418610573.0,0,-0.0821946,0.00366345,0.1009674,-1.578975,-0.2674231,-9.586848
IMU,418650721.0,0,0.1111627,-0.1329532,0.03577716,-0.9145942,0.2113263,-9.629013
IMU,418690483.0,0,0.03321567,0.01664088,0.05396034,-0.6924998,0.09329164,-10.12955
IMU,418734989.0,0,-0.04759154,0.04720394,0.09114052,-1.742357,0.00787934,-9.58216
IMU,418775322.0,0,-0.1877571,0.09044436,0.04313435,-1.571953,-0.1944998,-9.097498
IMU,418814820.0,0,0.4079146,0.01393596,0.08882651,-0.2911122,0.1557372,-3.645664
IMU,418855208.0,0,0.07628078,0.2419249,0.1755948,-0.8573056,0.1596665,-1.064078
IMU,418895497.0,0,0.006167412,0.2276213,0.131892,-0.5042325,-0.1133775,-0.4398289
IMU,418935531.0,0,0.001706722,0.2713425,0.1669037,-0.3397215,-0.2660551,-0.3828119
IMU,418975894.0,0,0.1245985,0.2802511,0.1432869,-0.349587,-0.3466083,-0.2846436
IMU,419015940.0,0,0.1417188,0.3061627,0.1347432,-0.3357472,-0.1239738,-0.303179
IMU,419055827.0,0,0.2108046,0.3216648,0.1270652,-0.3413257,-0.1188837,-0.3835833
IMU,419095932.0,0,0.1780838,0.3619595,0.1268209,-0.4035238,-0.1936103,-0.3870855
IMU,419136162.0,0,0.1312692,0.425344,0.1287032,-0.4328454,-0.168171,-0.4581118
IMU,419175965.0,0,0.1061875,0.4854549,0.1230083,-0.3928682,-0.1305185,-0.5924543
IMU,419216373.0,0,0.1715723,0.5028228,0.1159583,-0.3532993,-0.08291152,-0.7687737
IMU,419256365.0,0,0.2370926,0.5170543,0.1169435,-0.4282453,-0.06089779,-0.7806867
IMU,419295941.0,0,0.2795651,0.5807447,0.1198775,-0.3990003,-0.07068536,-0.8473403
IMU,419336914.0,0,0.3258691,0.6675344,0.1231414,-0.3918526,-0.07318174,-0.951221
IMU,419377169.0,0,0.3578333,0.7581421,0.1265767,-0.3326304,-0.09425152,-1.205743
IMU,419417221.0,0,0.371923,0.8344989,0.1347309,-0.277771,-0.1192438,-1.480602
IMU,419456764.0,0,0.3527894,0.9099149,0.1345004,-0.2145892,-0.1309933,-1.605277
IMU,419497366.0,0,0.3499453,0.9532588,0.1300618,-0.142222,-0.1125056,-1.677926
IMU,419537310.0,0,0.3413518,0.9659547,0.1208967,-0.1315207,-0.1587001,-1.868519
IMU,419577537.0,0,0.2508506,0.9805859,0.09926612,-0.1000073,-0.1509856,-2.129727
IMU,419618148.0,0,0.1746993,1.026794,0.08271679,-0.10131,-0.1820517,-2.283274
IMU,419657263.0,0,0.0487314,1.100997,0.08549779,-0.03337366,-0.1826759,-2.427757
IMU,419698257.0,0,1.221836,-21.15854,1.093242,4.624784,-33.59295,-90.16643
IMU,419738603.0,0,-1.488491,-5.380991,-1.013779,-2.521671,-3.053779,14.77915
IMU,419777939.0,0,-0.240027,-6.6023,-0.8694194,-0.8242913,5.077304,1.67966
IMU,419818374.0,0,-0.5569375,-6.37439,-0.5527253,0.2598006,0.45049,0.8906842
IMU,419858183.0,0,0.2804528,-4.886267,-0.41699,-1.318065,0.6890628,-0.6797372
IMU,419899039.0,0,1.115491,-2.096687,-0.2499559,-1.91658,0.2302345,-2.168812
IMU,419938414.0,0,0.9329261,-0.3887056,-0.1175553,-1.184091,-0.7167147,-0.09492015
IMU,419978355.0,0,2.35428,-0.7250213,0.1709535,-6.003976,-2.532522,0.9003158
IMU,420018872.0,0,-2.122569,1.775653,2.73998,-6.792953,-4.850334,1.636226
IMU,420059067.0,0,1.837964,-2.267328,3.759647,-4.563865,2.151476,2.308867
IMU,420098314.0,0,1.844165,-2.146102,0.6545501,-18.63317,-4.981136,0.3359547
IMU,420138368.0,0,-0.1549583,0.2828991,-0.7085596,-21.18517,4.318234,3.214209
IMU,420178560.0,0,-1.387048,1.053524,-0.6181821,-5.787364,-2.802322,1.654577
IMU,420218928.0,0,-0.09895345,1.008701,-0.1420269,-5.64795,-1.918498,0.6688665
IMU,420258845.0,0,0.444081,1.520116,-0.1201352,-12.07526,-2.827458,0.8216261
IMU,420298359.0,0,0.1528156,2.273607,-0.1363278,-10.17632,-2.287047,-0.1273835
IMU,420339120.0,0,0.06001356,2.842996,-0.1047221,-7.09401,-0.7435665,-0.8718508
IMU,420379122.0,0,0.750235,3.259259,-0.1407679,-7.31863,-0.02181315,-1.650698
IMU,420419765.0,0,0.5907429,3.837514,-0.333582,-6.676552,-0.289686,-2.745352
IMU,420459577.0,0,0.3932191,4.61033,-0.4935731,-4.995254,-0.507793,-3.030522
IMU,420499100.0,0,0.6311522,5.662596,-0.43824,-4.528304,-0.8606854,-4.91951
IMU,420539210.0,0,0.7785982,7.841118,-0.4066782,-0.4618216,-2.099363,-7.482779
IMU,420579095.0,0,1.905425,6.563796,-0.4971492,24.54113,-3.169629,-32.9672
IMU,420619914.0,0,-3.341217,-1.861788,0.6003942,5.298384,-2.729328,-6.512339
IMU,420659561.0,0,0.4486637,-1.216452,-0.1252207,-0.2596645,1.907973,-5.170376
IMU,420699150.0,0,0.8675313,0.07826504,-0.04111725,-2.950176,0.3121191,-8.066076
IMU,420739146.0,0,0.7689824,0.3082206,-0.09050245,0.0788046,-3.150406,-12.727
IMU,420779197.0,0,-0.236936,-0.1946628,0.01788726,1.18876,-4.112564,-8.963644
IMU,420819563.0,0,-0.03423299,0.04267909,0.0111318,-0.6648608,-1.135402,-9.246449
IMU,420859555.0,0,0.01942639,-0.01705632,-0.01750557,0.4375164,-2.402103,-9.735223
IMU,420899497.0,0,-0.01364252,0.01876232,0.01541045,0.02551032,-2.050526,-9.420199
IMU,420939530.0,0,0.01609249,-0.00859333,-0.005854069,0.0906541,-1.950416,-9.430907
IMU,420979480.0,0,-0.02688079,0.004632517,0.001796159,0.1310606,-2.178472,-9.565175
IMU,421019939.0,0,0.01427317,0.004048422,-0.0002902206,0.1027525,-2.093745,-9.452744
IMU,421059981.0,0,0.0004384836,-0.002910711,0.000291032,0.1128841,-2.003115,-9.51244
IMU,421100226.0,0,-0.005065253,0.002347229,0.000509316,0.1481269,-2.086487,-9.47959
IMU,421139576.0,0,-0.0004961393,0.001803176,-0.001139653,0.09922258,-2.051734,-9.520756
IMU,421179529.0,0,-0.002250311,0.0002246244,0.0007865808,0.1039329,-2.076632,-9.465112
IMU,421219507.0,0,-0.001515163,0.0009877797,0.0008201289,0.1222963,-2.081313,-9.501695
IMU,421259906.0,0,-0.002994847,-5.824761e-05,-0.0003198653,0.1101089,-2.078065,-9.491785
IMU,421300156.0,0,-0.002034592,0.001924009,-0.0002082961,0.1177037,-2.072095,-9.490083
IMU,421341302.0,0,-0.0005986848,0.0007214741,0.002085773,0.1266541,-2.075071,-9.513371
IMU,421381264.0,0,-0.0008673922,0.001105394,-0.0006845996,0.104065,-2.065677,-9.489405
IMU,421421767.0,0,-0.00254731,0.002321059,-0.0002879676,0.1192785,-2.07833,-9.50063
IMU,421461785.0,0,-0.001857703,0.001764648,-0.0002828765,0.111406,-2.071526,-9.496599
IMU,421501331.0,0,-0.001322906,0.001933526,-0.0007093417,0.1112493,-2.065248,-9.505164
IMU,421541296.0,0,-0.001009772,0.001729751,8.758692e-05,0.1103579,-2.062995,-9.513351
IMU,421581305.0,0,-0.001626868,0.00185188,-0.0002750262,0.1228171,-2.069262,-9.504921
IMU,421621937.0,0,-0.001581623,0.002395496,0.0005091302,0.1095746,-2.052479,-9.486769
IMU,421661754.0,0,-0.0002932516,0.0004127127,-0.0005593538,0.1218321,-2.071429,-9.506524
IMU,421701952.0,0,-0.001322338,0.000190823,-0.0007185543,0.1081382,-2.068831,-9.508631
IMU,421741885.0,0,-0.0005911639,0.0009140531,-9.446932e-05,0.1107132,-2.060248,-9.491988
IMU,421781793.0,0,-0.001949134,0.002166858,0.0006133949,0.1077533,-2.050087,-9.480119
IMU,421822257.0,0,-0.001248837,0.001303907,0.001377242,0.1148628,-2.061821,-9.492689
IMU,421862309.0,0,-0.0009363204,0.001913339,0.001271156,0.112936,-2.060473,-9.503876
IMU,421902414.0,0,-0.0007351052,0.001045752,0.0007400343,0.1173918,-2.053929,-9.48933
IMU,421942333.0,0,-0.002586249,0.002782203,-0.0003540078,0.1311666,-2.062715,-9.504297
IMU,421982917.0,0,-7.640264e-05,0.0007582039,-0.000590853,0.1174824,-2.06339,-9.486458
IMU,422022341.0,0,-0.002612848,0.001127801,-0.0008980031,0.109818,-2.077623,-9.496356
IMU,422062899.0,0,-0.0005568932,0.001989343,0.0002171628,0.119896,-2.052692,-9.49413
IMU,422102347.0,0,-0.0007799969,0.002131249,-5.2432e-05,0.1169657,-2.065964,-9.497884
IMU,422142557.0,0,-0.002258202,0.0004676347,0.0007808259,0.1162297,-2.066015,-9.49537
IMU,422182916.0,0,-0.000994566,0.000952763,0.001153211,0.1155711,-2.056183,-9.500215
IMU,418275486.0,1,0.1512057,0.02441977,0.05212564,-1.109027,0.004376183,-10.91841
IMU,418318559.0,1,0.09352724,0.05085127,0.07862804,-1.786186,-0.1034753,-10.23538
IMU,418359359.0,1,0.2401997,0.0428496,0.09570488,-0.4125874,-0.02939399,-10.23747
IMU,418402505.0,1,0.01751133,0.09035329,0.1116392,-1.115741,-0.2605736,-9.362267
IMU,418442792.0,1,-0.0194996,0.1302933,0.07051195,-1.711758,-0.2905808,-9.432738
IMU,418483217.0,1,0.09128228,0.1657521,0.08741409,-0.6016032,-0.3434143,-10.30944
IMU,418527486.0,1,0.1133532,-0.02091866,0.112811,-1.642106,-0.1757155,-10.12988
IMU,418567206.0,1,-0.2188169,-0.02480048,0.1073082,-1.548889,-0.09767001,-9.6383
IMU,418610573.0,1,-0.07383509,-0.02128281,0.0987459,-1.062544,-0.01714176,-10.00822
IMU,418650721.0,1,0.10863,-0.07720168,0.07231803,-0.1905114,0.006250815,-10.45518
IMU,418690483.0,1,-0.04503257,0.02385402,0.03565336,-0.3359107,0.3680969,-10.31514
IMU,418734989.0,1,-0.1116161,-0.04508778,0.07638259,-2.02615,-0.2363858,-9.024394
IMU,418775322.0,1,-0.1236934,0.06296852,0.06562772,-1.283502,-0.1679057,-10.07448
IMU,418814820.0,1,0.3449132,0.06112866,0.1066754,-0.6834962,-0.2207654,-4.250041
IMU,418855208.0,1,0.08366284,0.2030451,0.1758124,-0.890214,0.2991709,-1.231688
IMU,418895497.0,1,0.0140376,0.227887,0.1444101,-0.5510848,0.1104821,-0.5870448
IMU,418935531.0,1,0.009361532,0.2732722,0.1710035,-0.3492121,-0.2529429,-0.7432074
IMU,418975894.0,1,0.1296837,0.2716733,0.1592087,-0.3835271,-0.2256896,-0.5154017
IMU,419015940.0,1,0.1473787,0.2986655,0.1492558,-0.3943408,-0.02611584,-0.5326269
IMU,419055827.0,1,0.2096452,0.3179366,0.14417,-0.3944216,0.1038953,-0.4989696
IMU,419095932.0,1,0.1778789,0.3525879,0.1428793,-0.4839852,-0.06135223,-0.4717466
IMU,419136162.0,1,0.1302278,0.4112672,0.1478107,-0.4353904,0.02168657,-0.6052911
IMU,419175965.0,1,0.1079427,0.4766009,0.1400919,-0.4026035,-0.04995036,-0.8374647
IMU,419216373.0,1,0.1708569,0.4958599,0.136172,-0.4213588,0.02790058,-1.032976
IMU,419256365.0,1,0.2351763,0.5030164,0.1401258,-0.4755745,0.03697734,-0.9287843
IMU,419295941.0,1,0.276269,0.5728204,0.1452631,-0.4238173,0.052924,-1.037187
IMU,419336914.0,1,0.3194908,0.6549305,0.1494499,-0.3232541,-0.01576923,-1.054554
IMU,419377169.0,1,0.3553143,0.7449802,0.1561506,-0.3909182,0.05987267,-1.353681
IMU,419417221.0,1,0.3681576,0.817928,0.1657809,-0.343134,-0.01457436,-1.639672
IMU,419456764.0,1,0.3540756,0.8910775,0.1678118,-0.3297173,0.1148846,-1.812445
IMU,419497366.0,1,0.3496723,0.9350408,0.1696152,-0.1492848,-0.02082878,-1.686176
IMU,419537310.0,1,0.3471209,0.9533694,0.1561674,-0.1917045,-0.1097855,-2.049899
IMU,419577537.0,1,0.2538041,0.9581949,0.1375001,-0.08633547,-0.008993594,-2.208956
IMU,419618148.0,1,0.1818263,1.004999,0.11571,-0.2137003,-0.04626386,-2.41999
IMU,419657263.0,1,0.05372987,1.079374,0.1174777,-0.08378951,-0.0101884,-2.526124
IMU,419698257.0,1,-1.665657,-23.24776,0.9835033,-5.994225,-59.15988,-147.2656
IMU,419738603.0,1,-0.432771,-5.141522,-1.310267,-0.6089648,-1.365872,11.5905
IMU,419777939.0,1,-0.4294465,-6.54713,-1.024852,-0.893658,4.326982,2.504511
IMU,419818374.0,1,-0.6160688,-6.340402,-0.7299048,0.4111865,0.7488284,1.060583
IMU,419858183.0,1,0.199799,-4.925576,-0.5182309,-1.216698,0.8467965,-0.2965775
IMU,419899039.0,1,1.096807,-2.150926,-0.2623126,-1.871862,0.1271006,-1.875467
IMU,419938414.0,1,0.9440096,-0.4230274,-0.1029964,-1.209679,-0.5820787,-0.3888137
IMU,419978355.0,1,1.962219,-0.6867835,0.1466209,-7.615871,-3.132015,1.994485
IMU,420018872.0,1,-2.004562,1.854258,2.618256,-6.039799,-4.096483,0.5938025
IMU,420059067.0,1,1.769544,-2.150678,3.647829,-5.143693,1.740139,2.183369
IMU,420098314.0,1,1.99467,-2.124758,0.8167486,-18.06188,-4.052679,-0.6720269
IMU,420138368.0,1,-0.2995043,0.2094553,-0.7769594,-20.77127,3.585576,3.627041
IMU,420178560.0,1,-1.245968,1.001816,-0.6574137,-5.920664,-2.424764,0.8791786
IMU,420218928.0,1,-0.06689426,0.9888733,-0.1165755,-5.918432,-1.783632,0.2761782
IMU,420258845.0,1,0.4758458,1.464146,-0.04593388,-12.15875,-2.755754,0.4920416
IMU,420298359.0,1,0.1595689,2.225876,-0.07339781,-9.850943,-2.110022,-0.5085922
IMU,420339120.0,1,0.04934403,2.779127,-0.03206565,-6.916967,-0.6233586,-0.9960352
IMU,420379122.0,1,0.7009158,3.180821,-0.02665412,-7.239696,0.02020369,-1.665045
IMU,420419765.0,1,0.5740263,3.742972,-0.2087095,-6.510652,-0.1369562,-2.768963
IMU,420459577.0,1,0.3671139,4.51261,-0.3496279,-4.748918,-0.4711935,-3.075352
IMU,420499100.0,1,0.6167951,5.5254,-0.2803614,-4.404099,-0.8942748,-5.031905
IMU,420539210.0,1,0.7138333,7.615268,-0.1775023,-0.0138379,-2.226064,-7.354201
IMU,420579095.0,1,1.694773,6.762877,-0.2244145,26.32729,-3.505851,-34.87695
IMU,420619914.0,1,-3.351619,-1.694046,0.4738374,5.111772,-1.747592,-6.11448
IMU,420659561.0,1,0.369689,-1.254449,-0.1407447,-0.2404734,2.028461,-5.510456
IMU,420699150.0,1,0.8342453,0.02860581,-0.01380969,-2.884783,0.3264319,-8.102749
IMU,420739146.0,1,0.7627292,0.3164384,-0.0580283,0.1774935,-3.369172,-13.06853
IMU,420779197.0,1,-0.2006368,-0.1950299,0.01364721,1.171557,-3.760076,-9.222706
IMU,420819563.0,1,-0.03564579,0.03116356,0.007496201,-0.6341017,-1.228006,-9.393894
IMU,420859555.0,1,0.02336147,-0.01720878,-0.0172417,0.4201846,-2.256861,-9.725804
IMU,420899497.0,1,-0.01109976,0.02142011,0.01653307,0.003219016,-1.942938,-9.612095
IMU,420939530.0,1,0.01419206,-0.01117348,-0.007139692,0.09900105,-2.014415,-9.447139
IMU,420979480.0,1,-0.02779408,-0.0001393058,-0.0005723258,0.0768651,-2.125724,-9.724597
IMU,421019939.0,1,0.01778125,0.001019073,0.001947652,0.04895223,-2.106243,-9.563963
IMU,421059981.0,1,0.001031874,0.001382579,0.0008304495,0.09332982,-1.94621,-9.604595
IMU,421100226.0,1,-0.001012265,-0.002824376,0.0008945639,0.1274383,-2.021806,-9.488441
IMU,421139576.0,1,0.002941817,0.001819741,-8.014365e-05,-0.001287715,-2.016073,-9.593251
IMU,421179529.0,1,-0.002709921,0.0009590944,-0.0002294816,0.1197568,-1.962498,-9.741609
IMU,421219507.0,1,-0.0005868622,-0.0008461186,0.001136594,0.1480002,-1.982043,-9.684335
IMU,421259906.0,1,-0.003002554,0.004624127,-0.001379545,0.07012849,-1.849943,-9.691278
IMU,421300156.0,1,-0.004397162,0.001572191,0.004086705,0.1937343,-2.054955,-9.714952
IMU,421341302.0,1,0.0009189353,-0.0009603126,0.0004368116,0.1161009,-1.99499,-9.588749
IMU,421381264.0,1,-0.004393247,0.002057804,0.004567584,0.08243579,-1.836345,-9.727577
IMU,421421767.0,1,-0.001911787,-0.003375517,0.005458858,0.04967455,-1.883153,-9.546498
IMU,421461785.0,1,0.0006664945,0.0007646095,-0.0006482833,0.06561922,-1.968835,-9.52551
IMU,421501331.0,1,-7.455439e-05,-0.001499176,0.002890557,0.112227,-2.049115,-9.51914
IMU,421541296.0,1,6.908054e-05,0.002727744,-0.001088019,0.09204923,-1.995905,-9.673574
IMU,421581305.0,1,-0.002732371,0.0007628167,0.001126021,0.0190408,-1.91968,-9.649298
IMU,421621937.0,1,-0.002448863,-0.001792901,-0.001589593,0.1203527,-1.960392,-9.686681
IMU,421661754.0,1,0.001120871,0.00165824,-0.0009254314,0.05416436,-2.045846,-9.502059
IMU,421701952.0,1,-7.666661e-05,-8.354555e-05,0.004967135,0.07808925,-2.068783,-9.772423
IMU,421741885.0,1,-0.001833578,-0.001000286,0.003947557,0.07741693,-1.949707,-9.601648
IMU,421781793.0,1,-0.0009849668,0.006103748,0.005717295,0.08905795,-1.960205,-9.735775
IMU,421822257.0,1,0.000138574,-0.003023487,-0.002976932,0.06562419,-2.044322,-9.518648
IMU,421862309.0,1,0.0008338605,0.002141888,-0.001526723,0.1090417,-2.076166,-9.572764
IMU,421902414.0,1,0.001764332,-0.003458912,0.005463697,0.04294796,-2.033268,-9.623547
IMU,421942333.0,1,-0.003318134,0.001487568,0.001519812,0.06247986,-1.992755,-9.657194
IMU,421982917.0,1,0.00275756,-0.006346511,0.001538085,0.1008188,-1.946546,-9.664233
IMU,422022341.0,1,-0.0002502332,0.00274556,-0.001235902,0.08603793,-2.05706,-9.60347
IMU,422062899.0,1,-0.000105088,0.0004086903,-0.003247848,0.1088825,-1.990766,-9.696882
IMU,422102347.0,1,-0.0001878058,0.0008192621,0.00112437,-0.01125861,-2.015342,-9.52062
IMU,422142557.0,1,-0.0008427398,0.001736525,0.001745052,0.06016503,-1.902121,-9.586081
IMU,422182916.0,1,0.001232056,0.001740898,0.0007557571,0.1583192,-1.986364,-9.662621
IMU,418275486.0,2,0.04156358,0.09534273,0.06187229,-1.885964,0.02299438,-10.2812
IMU,418318559.0,2,0.09548482,0.03295083,0.05353217,-1.417495,-0.3421688,-9.532799
IMU,418359359.0,2,0.213074,-0.02490596,0.1143452,-1.483028,-0.1969467,-10.12387
IMU,418402505.0,2,0.02438458,0.08477248,0.1030544,-1.468954,-0.337829,-9.472268
IMU,418442792.0,2,0.04030939,0.1642533,0.06953405,-1.491995,-0.2615404,-9.391785
IMU,418483217.0,2,0.08408757,0.06960964,0.1060178,-1.432523,-0.1390956,-10.13154
IMU,418527486.0,2,0.003855735,0.02159268,0.08997467,-1.79864,-0.2365156,-10.06147
IMU,418567206.0,2,-0.1668404,-0.0261288,0.08855967,-1.199222,-0.4691766,-9.876668
IMU,418610573.0,2,-0.03490642,-0.05729388,0.06664763,-1.157687,0.02318266,-10.0578
IMU,418650721.0,2,0.04891722,-0.053161,0.07761844,-1.344432,-0.1559297,-10.22233
IMU,418690483.0,2,0.01204265,-0.007320459,0.07915128,-1.569075,-0.03684806,-10.13483
IMU,418734989.0,2,-0.04666991,-0.0006195013,0.06100677,-1.66002,-0.5599355,-9.27148
IMU,418775322.0,2,-0.1993412,0.007494625,0.0558221,-1.382141,0.1694223,-10.23344
IMU,418814820.0,2,0.3202233,0.0001047688,0.1365256,-0.7956073,0.250147,-3.126752
IMU,418855208.0,2,0.07837132,0.224341,0.1631967,-0.6950293,0.01501714,-1.439778
IMU,418895497.0,2,0.01109198,0.2475675,0.1366709,-0.5348549,-0.1106406,-0.5797344
IMU,418935531.0,2,0.01497345,0.2731939,0.1629167,-0.4347335,-0.1953456,-0.5655667
IMU,418975894.0,2,0.1343208,0.2759419,0.1405091,-0.447571,-0.2681468,-0.5605047
IMU,419015940.0,2,0.1474459,0.3083066,0.1308981,-0.4341023,-0.0811051,-0.50458
IMU,419055827.0,2,0.2150574,0.3234048,0.1230244,-0.4370978,-0.1078322,-0.4917229
IMU,419095932.0,2,0.1830668,0.3597371,0.121926,-0.4867693,-0.1717097,-0.5990092
IMU,419136162.0,2,0.138334,0.4288407,0.1230813,-0.4960278,-0.1377706,-0.7066765
IMU,419175965.0,2,0.1151093,0.4856809,0.1170822,-0.4769318,-0.1241042,-0.7655785
IMU,419216373.0,2,0.180461,0.5040505,0.1086288,-0.446975,-0.07991545,-0.9279947
IMU,419256365.0,2,0.248277,0.5160493,0.1101906,-0.4896017,-0.0635796,-0.962067
IMU,419295941.0,2,0.2913598,0.5809063,0.1127774,-0.4820783,-0.08656081,-1.018182
IMU,419336914.0,2,0.3353113,0.6629965,0.1128076,-0.4771701,-0.08287229,-1.136654
IMU,419377169.0,2,0.3713453,0.7544398,0.1166013,-0.4160395,-0.09153572,-1.375065
IMU,419417221.0,2,0.3842241,0.8333394,0.1245077,-0.3680413,-0.1287694,-1.654608
IMU,419456764.0,2,0.3703138,0.9084316,0.1210757,-0.2981302,-0.135115,-1.789673
IMU,419497366.0,2,0.3660975,0.9544014,0.119355,-0.2447862,-0.1110755,-1.854934
IMU,419537310.0,2,0.3573035,0.9645721,0.1082822,-0.2184985,-0.1556479,-2.070925
IMU,419577537.0,2,0.2692219,0.9800826,0.08757684,-0.1871103,-0.1700222,-2.341898
IMU,419618148.0,2,0.1955336,1.028596,0.06994647,-0.1775091,-0.1984246,-2.478538
IMU,419657263.0,2,0.06885882,1.105556,0.07056392,-0.1507217,-0.1917548,-2.634394
IMU,419698257.0,2,-2.157601,-22.65652,3.399818,-15.07856,-33.19381,-83.13699
IMU,419738603.0,2,-1.245391,-6.10367,-1.059223,-6.488266,-1.9908,1.128795
IMU,419777939.0,2,-0.3329367,-6.754841,-0.6866226,0.2357887,2.382704,3.523515
IMU,419818374.0,2,-0.6776016,-6.428125,-0.4327554,-0.01134588,0.372703,0.6575264
IMU,419858183.0,2,0.2400266,-4.896501,-0.3311321,-1.296184,0.4929012,-1.149664
IMU,419899039.0,2,1.060054,-2.162992,-0.2086385,-1.633017,0.1953554,-2.982144
IMU,419938414.0,2,0.913758,-0.4216284,-0.1123841,-1.217818,-0.5765979,-0.6348909
IMU,419978355.0,2,2.13329,-0.6893426,0.1556864,-6.759859,-3.324855,2.928894
IMU,420018872.0,2,-1.992423,1.80569,2.677252,-8.00948,-3.530863,0.1797851
IMU,420059067.0,2,1.795412,-2.164208,3.808784,-5.389428,1.519044,3.591476
IMU,420098314.0,2,1.782973,-2.054527,0.7320686,-16.96121,-5.126493,-1.460308
IMU,420138368.0,2,-0.2725158,0.1730598,-0.7788832,-21.7681,4.395667,3.606969
IMU,420178560.0,2,-1.276807,1.038932,-0.6578789,-5.972205,-2.038467,0.1290064
IMU,420218928.0,2,-0.06686345,1.031904,-0.1610108,-5.836871,-1.572658,0.4458845
IMU,420258845.0,2,0.4664467,1.51982,-0.1400866,-11.92776,-2.562433,0.2833924
IMU,420298359.0,2,0.20113,2.246638,-0.1746285,-10.33796,-2.02515,-0.5305073
IMU,420339120.0,2,0.1044927,2.842175,-0.1528641,-7.121572,-0.6412823,-1.119233
IMU,420379122.0,2,0.7981979,3.251799,-0.1950606,-7.31037,-0.1043734,-1.953204
IMU,420419765.0,2,0.6586378,3.852819,-0.3985287,-6.724545,-0.2991264,-3.117286
IMU,420459577.0,2,0.4668474,4.625268,-0.5738844,-5.115499,-0.5545297,-3.411721
IMU,420499100.0,2,0.7158795,5.679723,-0.5289067,-4.671428,-0.7688524,-5.857631
IMU,420539210.0,2,0.8819671,7.867035,-0.507669,-0.7148613,-2.394479,-8.951861
IMU,420579095.0,2,1.718349,5.877757,-0.3277059,22.13266,-6.201763,-30.8768
IMU,420619914.0,2,-3.194941,-1.855406,0.5887871,4.258194,-3.269804,-6.074371
IMU,420659561.0,2,0.3442986,-1.229135,-0.09921351,-0.1587098,1.451656,-5.106997
IMU,420699150.0,2,0.8602399,0.07641191,-0.03839013,-2.797534,0.04646846,-8.475689
IMU,420739146.0,2,0.7531319,0.2803694,-0.0932065,-0.167824,-3.373145,-12.77728
IMU,420779197.0,2,-0.2392003,-0.1852713,0.01944026,0.9163101,-3.793377,-9.336768
IMU,420819563.0,2,-0.03657177,0.04333637,0.01024419,-0.7611032,-1.301598,-9.411883
IMU,420859555.0,2,0.02126962,-0.02021055,-0.01716672,0.2464597,-2.523194,-9.829428
IMU,420899497.0,2,-0.01452085,0.01827263,0.01609092,-0.14229,-2.172234,-9.59044
IMU,420939530.0,2,0.01585261,-0.008628533,-0.00550899,-0.08293067,-2.072138,-9.562889
IMU,420979480.0,2,-0.02678224,0.005435912,0.0008238956,-0.03077777,-2.298247,-9.701318
IMU,421019939.0,2,0.01400196,0.002032971,-0.0007573825,-0.07117794,-2.223561,-9.583859
IMU,421059981.0,2,-0.001310334,-0.002049381,-0.0002129583,-0.06344332,-2.156372,-9.627501
IMU,421100226.0,2,-0.004950358,0.002078854,0.0008206674,-0.02801385,-2.232515,-9.621329
IMU,421139576.0,2,0.0009396673,0.001499942,-0.0007925919,-0.06479073,-2.190165,-9.632127
IMU,421179529.0,2,-0.002057983,0.0009623224,0.000321077,-0.04633014,-2.206504,-9.610503
IMU,421219507.0,2,-0.001377495,0.001369096,4.810503e-05,-0.05270911,-2.204058,-9.623219
IMU,421259906.0,2,-0.002831138,0.0007365379,0.0006799984,-0.05672415,-2.204075,-9.628711
IMU,421300156.0,2,-0.002116652,0.0006022545,0.000329171,-0.0586504,-2.192549,-9.622401
IMU,421341302.0,2,-0.001956094,0.0007624057,0.0001914638,-0.04306702,-2.20945,-9.622458
IMU,421381264.0,2,-0.001705586,0.001806936,0.0003721371,-0.0491852,-2.200455,-9.63201
IMU,421421767.0,2,-0.001887085,0.0009418506,-0.0002096392,-0.05784728,-2.207926,-9.613658
IMU,421461785.0,2,-0.0007602176,0.0005885872,0.001137711,-0.04415265,-2.214473,-9.622326
IMU,421501331.0,2,-0.0008691839,0.001731397,0.0004252713,-0.04312392,-2.188745,-9.62864
IMU,421541296.0,2,-0.001551285,0.0009379256,0.0001976954,-0.05693236,-2.200454,-9.633231
IMU,421581305.0,2,-0.002718501,0.001192509,-7.597727e-05,-0.05127912,-2.193759,-9.629169
IMU,421621937.0,2,-0.001390951,0.001803641,0.0006770626,-0.05247369,-2.197722,-9.641918
IMU,421661754.0,2,-0.0005817726,0.0009741603,0.0002883215,-0.04773447,-2.192724,-9.628481
IMU,421701952.0,2,-0.00170456,0.001280558,0.0008695464,-0.04988405,-2.204581,-9.622662
IMU,421741885.0,2,-0.0008263273,0.000184086,0.0005500197,-0.05862618,-2.205543,-9.638316
IMU,421781793.0,2,-0.00170008,0.001554372,0.0002510303,-0.0602066,-2.205645,-9.639507
IMU,421822257.0,2,-0.001456956,0.001557995,8.763709e-05,-0.05230897,-2.204068,-9.624592
IMU,421862309.0,2,-0.002209135,0.001010763,0.00107192,-0.05201643,-2.192148,-9.633844
IMU,421902414.0,2,-0.000231758,0.0002786285,0.0001802985,-0.04863169,-2.186444,-9.629237
IMU,421942333.0,2,-0.001387766,0.0006230389,-0.0009244689,-0.06480223,-2.201426,-9.629928
IMU,421982917.0,2,-0.00205599,0.0007098812,0.0003608933,-0.04835887,-2.199703,-9.632343
IMU,422022341.0,2,-0.002407981,0.0007097181,0.0006437194,-0.0473712,-2.20058,-9.636911
IMU,422062899.0,2,-0.001529513,0.000435111,0.0006434135,-0.05017278,-2.197861,-9.629898
IMU,422102347.0,2,-0.0008883189,0.0006829932,0.0007320192,-0.06438698,-2.204023,-9.62406
IMU,422142557.0,2,-0.0007987213,0.0007656989,0.0004221306,-0.05082597,-2.194464,-9.603555
IMU,422182916.0,2,-0.001262057,0.001335415,0.0003551796,-0.05288767,-2.1946,-9.635133
