ARM,674823924.0,0.0
AHR2,674200295.0,4.51,-7.76,207.64,474.63,43.2375635,-7.6814014
AHR2,674304214.0,4.62,-7.8,208.26,474.52,43.2375599,-7.6814045
AHR2,674408384.0,4.21,-7.75,208.67,474.78,43.2375571,-7.681407
AHR2,674512981.0,3.52,-7.45,208.99,474.87,43.2375524,-7.6814114
AHR2,674616391.0,3.56,-7.83,209.33,474.26,43.2375488,-7.6814148
AHR2,674720983.0,2.84,-8.36,209.29,474.48,43.2375446,-7.6814186
AHR2,674826269.0,2.6,-8.5,209.0,474.35,43.2375408,-7.681422
AHR2,674926783.0,3.21,-6.97,208.79,474.09,43.2375376,-7.681425
AHR2,675026817.0,4.56,-4.25,208.98,473.01,43.237534,-7.6814283
AHR2,675127409.0,6.02,-1.43,209.07,472.89,43.23753,-7.6814311
AHR2,675227034.0,7.32,1.73,209.29,472.71,43.2375263,-7.6814343
AHR2,675327053.0,8.06,5.17,209.45,472.48,43.2375225,-7.6814374
AHR2,675427526.0,8.35,9.76,209.75,472.31,43.2375208,-7.6814394
AHR2,675528397.0,7.77,15.5,210.05,471.76,43.2375152,-7.6814433
AHR2,675628329.0,6.38,21.42,210.18,471.55,43.2375114,-7.6814463
AHR2,675729279.0,16.37,-7.72,206.7,470.52,43.2375085,-7.681449
AHR2,675829276.0,12.38,-43.02,201.75,469.25,43.2375051,-7.681452
AHR2,675929914.0,30.24,-58.78,194.27,469.36,43.237506,-7.6814583
AHR2,676029910.0,71.18,-58.04,162.53,468.94,43.2375042,-7.6814627
AHR2,676129925.0,79.24,-60.5,152.85,468.84,43.237505,-7.6814604
AHR2,676229863.0,76.26,-60.4,155.59,469.0,43.2375042,-7.6814621
AHR2,676329875.0,65.76,-59.15,165.21,469.03,43.2375056,-7.6814593
AHR2,676429931.0,49.06,-56.06,180.2,468.9,43.2375056,-7.6814593
AHR2,676529889.0,29.0,-46.59,199.31,468.99,43.2375063,-7.6814581
AHR2,676629935.0,12.16,-20.65,213.91,468.96,43.2375065,-7.6814576
AHR2,676729886.0,15.62,-2.51,215.35,469.11,43.237507,-7.6814551
AHR2,676829873.0,13.82,-3.76,215.72,468.9,43.2375073,-7.6814539
AHR2,676929905.0,13.15,-3.57,215.66,469.0,43.2375066,-7.6814557
AHR2,677029999.0,13.18,-3.52,215.68,469.14,43.2375064,-7.6814557
AHR2,677129804.0,13.18,-3.49,215.69,468.98,43.2375067,-7.6814552
AHR2,677229813.0,13.14,-3.51,215.7,469.12,43.2375067,-7.6814551
AHR2,677329920.0,13.1,-3.53,215.73,468.89,43.2375066,-7.6814551
AHR2,677429902.0,13.06,-3.56,215.74,469.13,43.2375068,-7.6814549
AHR2,677530782.0,13.02,-3.58,215.75,468.89,43.2375071,-7.6814549
AHR2,677630768.0,12.98,-3.61,215.76,469.03,43.237507,-7.6814549
AHR2,677731282.0,12.95,-3.63,215.79,469.07,43.2375075,-7.6814543
AHR2,677831355.0,12.91,-3.65,215.8,469.04,43.2375075,-7.6814543
AHR2,677931771.0,12.87,-3.67,215.82,469.04,43.2375079,-7.6814539
AHR2,678031725.0,12.84,-3.7,215.83,468.96,43.237508,-7.6814538
ATT,674199828.0,3.06,3.81,-10.77,-7.73,213.69,213.41
ATT,674303542.0,2.79,3.92,-10.43,-7.8,213.72,214.02
ATT,674407982.0,2.57,3.53,-10.09,-7.75,213.75,214.4
ATT,674512398.0,2.47,2.85,-10.01,-7.42,213.76,214.68
ATT,674615980.0,2.3,2.84,-10.06,-7.82,213.78,215.03
ATT,674720497.0,2.2,2.1,-9.93,-8.37,213.79,214.99
ATT,674825723.0,2.42,1.94,-9.31,-8.52,214.66,214.69
ATT,674926373.0,1.36,2.59,-5.85,-6.99,214.4,214.43
ATT,675026402.0,0.69,3.94,-2.98,-4.28,214.52,214.56
ATT,675127154.0,0.35,5.35,-1.52,-1.32,214.52,214.57
ATT,675226579.0,0.18,6.43,-0.77,2.32,214.62,214.68
ATT,675326551.0,0.09,6.97,-0.39,6.25,214.68,214.75
ATT,675427191.0,0.04,7.26,-0.2,11.28,214.83,214.91
ATT,675528013.0,0.02,6.66,-0.1,17.44,214.95,215.02
ATT,675627930.0,0.01,5.14,-0.05,23.78,214.87,214.93
ATT,675728845.0,0.0,15.14,-0.02,-5.55,212.07,212.2
ATT,675828819.0,0.0,11.31,-0.01,-41.88,208.51,208.65
ATT,675929490.0,0.0,28.33,0.0,-57.49,202.22,202.65
ATT,676029484.0,0.0,63.45,0.0,-55.59,178.85,175.73
ATT,676129486.0,0.0,66.61,0.0,-57.61,175.02,170.54
ATT,676229405.0,0.0,63.67,0.0,-57.24,176.73,173.09
ATT,676329371.0,0.0,54.57,0.0,-54.97,182.3,181.49
ATT,676429484.0,0.0,40.82,0.0,-50.25,193.32,193.81
ATT,676529406.0,0.0,25.01,0.0,-39.06,208.79,209.06
ATT,676629512.0,0.0,11.05,0.0,-11.82,220.94,221.05
ATT,676729389.0,0.0,14.83,0.0,6.81,221.78,221.91
ATT,676829355.0,0.0,13.81,0.0,5.29,222.16,222.29
ATT,676929480.0,0.0,13.62,0.0,5.27,222.14,222.27
ATT,677029679.0,0.0,13.58,0.0,5.27,222.21,222.33
ATT,677129374.0,0.0,13.55,0.0,5.27,222.31,222.43
ATT,677229357.0,0.0,13.53,0.0,5.27,222.43,222.55
ATT,677329392.0,0.0,13.52,0.0,5.27,222.52,222.64
ATT,677429408.0,0.0,13.5,0.0,5.27,222.57,222.69
ATT,677530365.0,0.0,13.49,0.0,5.27,222.6,222.72
ATT,677630334.0,0.0,13.49,0.0,5.25,222.61,222.73
ATT,677730839.0,0.0,13.48,0.0,5.24,222.63,222.75
ATT,677830870.0,0.0,13.47,0.0,5.23,222.64,222.76
ATT,677931344.0,0.0,13.46,0.0,5.22,222.65,222.77
ATT,678031290.0,0.0,13.46,0.0,5.2,222.66,222.78
BARO,674197360.0,0,3.600456,96587.84,41.85
BARO,674300848.0,0,3.493079,96589.02,41.84
BARO,674405789.0,0,3.755871,96586.15,41.84
BARO,674512214.0,0,3.840642,96585.24,41.84
BARO,674615367.0,0,3.235938,96591.77,41.84
BARO,674720259.0,0,3.453519,96589.45,41.84
BARO,674824206.0,0,3.326361,96590.8,41.84
BARO,674923944.0,0,3.063569,96593.64,41.84
BARO,675023934.0,0,1.981319,96605.36,41.84
BARO,675124498.0,0,1.862638,96606.63,41.84
BARO,675224966.0,0,1.684618,96608.57,41.83
BARO,675324574.0,0,1.452909,96611.06,41.83
BARO,675425182.0,0,1.283366,96612.92,41.84
BARO,675525803.0,0,0.7380021,96618.81,41.84
BARO,675625887.0,0,0.5204217,96621.16,41.84
BARO,675726352.0,0,-0.5024888,96632.23,41.83
BARO,675826412.0,0,-1.776888,96646.02,41.83
BARO,675927088.0,0,-1.663859,96644.79,41.83
BARO,676027116.0,0,-2.082066,96649.32,41.83
BARO,676127158.0,0,-2.189443,96650.49,41.83
BARO,676227144.0,0,-2.028377,96648.74,41.82
BARO,676326987.0,0,-1.991643,96648.35,41.82
BARO,676427002.0,0,-2.121626,96649.75,41.82
BARO,676527006.0,0,-2.034029,96648.8,41.83
BARO,676627159.0,0,-2.062286,96649.12,41.82
BARO,676726996.0,0,-1.915349,96647.52,41.83
BARO,676827009.0,0,-2.121626,96649.77,41.83
BARO,676927142.0,0,-2.025552,96648.72,41.83
BARO,677027013.0,0,-1.887091,96647.23,41.83
BARO,677127188.0,0,-2.042506,96648.91,41.83
BARO,677227174.0,0,-1.909697,96647.47,41.83
BARO,677327149.0,0,-2.135755,96649.91,41.83
BARO,677426966.0,0,-1.892743,96647.29,41.83
BARO,677527698.0,0,-2.13858,96649.94,41.84
BARO,677627809.0,0,-1.997294,96648.41,41.84
BARO,677728748.0,0,-1.954909,96647.95,41.84
BARO,677828662.0,0,-1.988817,96648.32,41.85
BARO,677929055.0,0,-1.985991,96648.29,41.85
BARO,678029374.0,0,-2.065112,96649.15,41.85
BARO,674197360.0,1,3.529813,96709.24,33.62
BARO,674300848.0,1,3.422436,96710.4,33.62
BARO,674405789.0,1,3.38005,96710.84,33.62
BARO,674512214.0,1,3.363096,96711.02,33.62
BARO,674615367.0,1,3.137038,96713.48,33.62
BARO,674720259.0,1,3.351793,96711.15,33.62
BARO,674824206.0,1,3.461996,96709.96,33.62
BARO,674923944.0,1,2.800777,96717.13,33.62
BARO,675023934.0,1,2.097173,96724.76,33.62
BARO,675124498.0,1,1.854161,96727.38,33.62
BARO,675224966.0,1,1.86829,96727.21,33.62
BARO,675324574.0,1,1.681792,96729.25,33.62
BARO,675425182.0,1,1.277714,96733.63,33.62
BARO,675525803.0,1,0.7916908,96738.88,33.62
BARO,675625887.0,1,0.5741104,96741.25,33.62
BARO,675726352.0,1,-1.21457,96760.63,33.62
BARO,675826412.0,1,-1.997294,96769.11,33.62
BARO,675927088.0,1,-1.836228,96767.37,33.62
BARO,676027116.0,1,-2.053809,96769.72,33.62
BARO,676127158.0,1,-2.056634,96769.77,33.62
BARO,676227144.0,1,-1.96056,96768.72,33.62
BARO,676326987.0,1,-1.943606,96768.52,33.62
BARO,676427002.0,1,-2.036855,96769.55,33.61
BARO,676527006.0,1,-2.002946,96769.16,33.61
BARO,676627159.0,1,-2.113149,96770.36,33.62
BARO,676726996.0,1,-2.367464,96773.13,33.62
BARO,676827009.0,1,-2.291169,96772.3,33.61
BARO,676927142.0,1,-2.192269,96771.21,33.62
BARO,677027013.0,1,-2.257261,96771.93,33.61
BARO,677127188.0,1,-2.257261,96771.91,33.61
BARO,677227174.0,1,-2.268564,96772.05,33.61
BARO,677327149.0,1,-2.180966,96771.09,33.61
BARO,677426966.0,1,-2.147058,96770.72,33.61
BARO,677527698.0,1,-2.358987,96773.02,33.62
BARO,677627809.0,1,-2.262912,96771.99,33.61
BARO,677728748.0,1,-2.245958,96771.81,33.61
BARO,677828662.0,1,-2.288343,96772.27,33.61
BARO,677929055.0,1,-2.305298,96772.44,33.61
BARO,678029374.0,1,-2.387244,96773.34,33.61
GPS,674333529.0,3,19,43.2375639,-7.6814011,477.71,4.646,0.26,0.0
GPS,674500986.0,3,19,43.2375569,-7.6814073,477.62,4.679,0.395,0.0
GPS,674689314.0,3,18,43.2375499,-7.6814138,477.55,4.763,0.345,0.0
GPS,674893724.0,3,19,43.2375429,-7.6814201,477.42,4.746,0.5700001,0.0
GPS,675093930.0,3,19,43.2375357,-7.6814264,477.13,4.895,2.157,0.0
GPS,675334201.0,3,19,43.2375284,-7.6814326,476.47,4.79,4.039,0.0
GPS,675495371.0,3,19,43.2375209,-7.6814387,475.4,4.9,5.892,0.0
GPS,675696309.0,3,19,43.2375137,-7.6814446,474.07,4.518,7.394001,0.0
GPS,675896871.0,3,19,43.2375085,-7.6814518,472.55,3.995,7.56,0.0
GPS,676097363.0,3,18,43.2375062,-7.6814579,471.56,1.636,2.717,0.0
GPS,676317201.0,3,18,43.2375056,-7.6814593,471.31,0.007,0.232,0.0
GPS,676497528.0,3,19,43.237506,-7.6814588,471.31,0.452,0.176,0.0
GPS,676697378.0,3,19,43.2375066,-7.6814568,471.22,0.9950001,0.603,0.0
GPS,676897410.0,3,19,43.2375068,-7.6814556,471.21,0.199,-0.227,0.0
GPS,677097366.0,3,19,43.2375068,-7.6814552,471.21,0.096,0.122,0.0
GPS,677336969.0,3,19,43.2375068,-7.6814549,471.17,0.056,0.103,0.0
GPS,677497383.0,3,19,43.2375071,-7.6814549,471.21,0.066,0.163,0.0
GPS,677698218.0,3,19,43.2375075,-7.6814544,471.24,0.064,0.102,0.0
GPS,677898604.0,3,19,43.2375079,-7.6814539,471.24,0.08000001,0.063,0.0
IMU,674187205.0,0,-0.1445214,-0.03393451,0.1082944,-0.8044313,0.4672269,-9.689091
IMU,674227224.0,0,0.05523892,-0.004183515,0.1135398,-1.313636,0.1322804,-9.38013
IMU,674271278.0,0,0.1234618,0.03939212,0.1076844,-0.9471223,0.1649305,-9.28514
IMU,674311241.0,0,0.04107593,-0.03007828,0.04932435,-0.3186174,0.4048968,-9.812862
IMU,674357895.0,0,-0.1041136,0.04294186,0.08466406,-1.534426,0.4186754,-9.685726
IMU,674397844.0,0,-0.04310101,0.08607183,0.05326186,-0.8088715,0.2265579,-9.771812
IMU,674438228.0,0,-0.2555818,0.07489178,0.0562975,-1.256676,-0.1921461,-9.016435
IMU,674481166.0,0,0.1100129,0.0269049,0.02942706,-0.3182935,0.5366019,-9.353556
IMU,674522230.0,0,-0.003757569,0.005007976,0.0740258,-0.2374035,0.6177909,-8.671665
IMU,674565441.0,0,-0.1573811,-0.09248397,0.06375515,-1.603079,0.1363948,-8.976892
IMU,674605760.0,0,0.1442724,-0.07045259,0.06352951,-1.441637,-0.07640105,-8.795638
IMU,674646279.0,0,-0.2465856,0.005150247,0.03750459,-1.066803,0.8201532,-9.905784
IMU,674689510.0,0,-0.2340987,-0.1788209,-0.01927177,-0.5655506,1.467481,-10.15988
IMU,674730341.0,0,-0.1253922,-0.1339648,-0.03232164,-0.9813763,-0.06570117,-9.021768
IMU,674774211.0,0,-0.1138647,-0.03392077,-0.002451467,-1.713027,0.02163092,-9.160539
IMU,674813529.0,0,0.004091937,0.08904119,-0.08579479,-1.294737,-0.2969027,-9.530238
IMU,674853760.0,0,0.169457,0.2485516,-0.01562256,-1.341155,0.07946258,-7.655237
IMU,674893907.0,0,0.006524445,0.3507812,-0.04401397,-0.2472743,-0.6349645,-0.5305082
IMU,674933822.0,0,0.2183952,0.3818766,0.06057443,-0.5847206,0.09177028,-0.2424654
IMU,674973834.0,0,0.2365604,0.4512141,0.02980345,-0.173741,-0.2479154,-0.8500375
IMU,675014261.0,0,0.2575892,0.4907799,0.02744075,-0.3042946,-0.08876655,-0.3403044
IMU,675054323.0,0,0.2648948,0.5078595,0.01012928,-0.358429,-0.2380305,-0.4158418
IMU,675094186.0,0,0.2231888,0.5275307,-0.001514436,-0.312658,-0.1212327,-0.474432
IMU,675134290.0,0,0.2593798,0.5476972,0.005067353,-0.3230308,-0.119621,-0.5608633
IMU,675174742.0,0,0.213629,0.6424159,0.008579457,-0.3761652,-0.1885415,-0.5797918
IMU,675214503.0,0,0.139088,0.6801146,0.0004936136,-0.2757512,-0.2020678,-0.7691221
IMU,675254702.0,0,0.1056074,0.6667817,-0.01034596,-0.2346236,-0.1859938,-0.882086
IMU,675294536.0,0,0.08089209,0.6856062,-0.0203628,-0.2332685,-0.1597192,-0.9218526
IMU,675334399.0,0,0.08124606,0.7485647,-0.01960749,-0.2615791,-0.156116,-0.9544468
IMU,675374894.0,0,0.05629285,0.8488001,-0.01684707,-0.2346056,-0.1672238,-1.068878
IMU,675414975.0,0,0.0142622,0.9399465,-0.02038244,-0.1938567,-0.1706344,-1.24062
IMU,675455384.0,0,-0.05576498,1.026375,-0.03150599,-0.1503436,-0.1702004,-1.394479
IMU,675495534.0,0,-0.1289587,1.095223,-0.03870184,-0.09412782,-0.168045,-1.528443
IMU,675535697.0,0,-0.1946746,1.14386,-0.05044962,-0.01964666,-0.1171219,-1.692452
IMU,675575374.0,0,-0.2572465,1.124149,-0.05811573,0.05340952,-0.0910344,-1.913997
IMU,675615739.0,0,-0.2899831,1.08397,-0.06174339,0.1019842,-0.005564616,-2.156728
IMU,675655888.0,0,-0.2831808,1.048232,-0.06635182,0.1178938,0.004096857,-2.259857
IMU,675696527.0,0,0.5579543,0.41864,-0.1398401,5.791263,3.394107,-10.90091
IMU,675736325.0,0,1.192408,-3.482105,1.133251,-57.71791,-27.21172,17.49012
IMU,675776359.0,0,3.443671,-6.298183,0.4317579,-3.9712,-0.8845496,-3.903655
IMU,675816300.0,0,-2.001922,-6.006431,0.3904033,0.03333868,0.3622,2.523365
IMU,675856551.0,0,1.143501,-4.502912,0.4665732,-1.695806,1.114066,-1.79856
IMU,675896967.0,0,2.560551,-1.820539,-0.01853958,-5.519221,0.7290604,0.4363612
IMU,675936985.0,0,2.561259,-1.40411,-1.024177,-2.236553,0.1021703,0.8505273
IMU,675976952.0,0,1.983226,-1.771728,-2.378009,-4.563928,-1.032457,1.19342
IMU,676017176.0,0,1.621513,-1.938429,-2.431548,-14.37217,-3.436699,-2.691349
IMU,676057345.0,0,-1.466461,-0.9803395,-0.2578534,-1.397852,-2.680854,-1.697366
IMU,676097566.0,0,0.2416325,-0.2017506,0.06991036,-10.5614,-7.223058,1.286783
IMU,676137087.0,0,0.6111763,0.1307171,0.2103993,-8.95501,-5.197161,0.6762516
IMU,676176968.0,0,0.2898927,0.2527854,-0.01703112,-9.814565,-2.165572,1.215227
IMU,676216942.0,0,-0.3837737,0.2323946,0.03011795,-7.653961,-5.761827,0.7748755
IMU,676257283.0,0,-0.5741063,0.4990674,0.09923971,-9.211061,-3.309493,0.4257917
IMU,676297372.0,0,-0.2988104,1.049377,0.1136796,-8.588664,-4.266757,-0.1482312
IMU,676336914.0,0,-0.3533181,1.410839,0.1623397,-8.609128,-3.935381,-0.5065338
IMU,676376916.0,0,-0.7429616,1.416451,0.294938,-8.872481,-5.045589,-1.290094
IMU,676416932.0,0,-0.8595929,1.576247,0.4788267,-7.545007,-4.592537,-1.835455
IMU,676457326.0,0,-0.810905,2.106939,0.5896037,-8.230264,-3.055343,-1.592566
IMU,676497726.0,0,-0.9034174,2.74184,0.7232473,-6.962254,-2.985411,-1.587916
IMU,676536880.0,0,-1.15885,3.422036,0.8630525,-5.307891,-2.852573,-1.381898
IMU,676576997.0,0,-1.733517,4.190728,0.9918457,-3.777706,-2.288181,-1.738545
IMU,676617265.0,0,-1.794713,6.932195,0.5664862,-13.18136,11.79517,-2.551209
IMU,676657369.0,0,0.2107071,6.616702,0.03673737,0.9886423,2.402647,-5.096148
IMU,676697582.0,0,1.294296,2.2159,-0.774354,12.74053,5.852521,-35.45373
IMU,676736928.0,0,0.1082558,-0.1051534,-0.06220424,5.302921,-5.988415,-4.508928
IMU,676776948.0,0,-0.08191127,-0.3730945,0.2348322,-2.022069,-2.213312,-10.91586
IMU,676816901.0,0,-0.4414265,-0.3616353,0.01288015,-1.745709,-1.146948,-9.142056
IMU,676857331.0,0,-0.1144409,-0.04392198,-0.03292006,-0.9430974,-0.6723636,-9.772331
IMU,676897712.0,0,0.01024971,0.05056966,0.01483961,-0.6173944,-1.51831,-9.319805
IMU,676936935.0,0,-0.04255483,-0.01418716,-0.009571452,-0.6021134,-1.496027,-9.546514
IMU,676976983.0,0,0.002191499,0.008313859,0.004976142,-0.6899386,-1.332426,-9.519629
IMU,677016979.0,0,-0.004694972,0.001009673,-0.003693091,-0.649943,-1.304871,-9.683904
IMU,677057738.0,0,-0.008456849,-0.002589164,0.0007134319,-0.6659173,-1.343493,-9.581907
IMU,677097556.0,0,-0.004664035,0.001194366,0.001445106,-0.6402618,-1.382695,-9.608849
IMU,677136957.0,0,-0.003830445,0.0008385623,-0.00161618,-0.6696872,-1.336933,-9.599411
IMU,677177152.0,0,-0.002345877,0.00102068,0.001066503,-0.6751966,-1.353613,-9.602766
IMU,677216955.0,0,-0.001621598,0.0004938717,-0.001175624,-0.6588457,-1.347924,-9.583049
IMU,677257343.0,0,-0.001690315,0.000474774,-0.0001859399,-0.6717782,-1.359088,-9.594427
IMU,677297256.0,0,-0.001701167,0.001638007,0.000763037,-0.6637552,-1.366955,-9.605685
IMU,677337208.0,0,-0.001202843,-0.0003602015,-0.0003223945,-0.6655635,-1.35139,-9.588277
IMU,677377176.0,0,-0.001474306,7.232661e-05,0.0009498493,-0.6701597,-1.356004,-9.568043
IMU,677416987.0,0,-0.000562004,6.91165e-05,-0.0009958151,-0.669081,-1.346648,-9.595983
IMU,677457484.0,0,-0.001445382,0.001986528,0.0005087941,-0.6733099,-1.348828,-9.580898
IMU,677497643.0,0,-0.001189617,-0.000522995,-0.00130331,-0.6689531,-1.345586,-9.582965
IMU,677537574.0,0,-0.001452604,-0.0006918214,-0.0002796298,-0.6758218,-1.363783,-9.603175
IMU,677577752.0,0,-0.00160052,0.0003203688,-0.001014576,-0.6749774,-1.35556,-9.587914
IMU,677618253.0,0,-0.001204089,-0.000678239,-0.0005578228,-0.6712137,-1.351524,-9.589104
IMU,677658555.0,0,-0.0008543756,0.001155218,0.000141115,-0.6648988,-1.343665,-9.594066
IMU,677698360.0,0,-0.001638878,0.002049243,-0.0007749123,-0.679125,-1.344484,-9.601954
IMU,677739016.0,0,-0.0004871518,0.0001472297,-0.001716052,-0.6542831,-1.356164,-9.570212
IMU,677778395.0,0,-0.001531229,0.0004236328,-0.0004222931,-0.673605,-1.356376,-9.6069
IMU,677818599.0,0,-0.0001645633,0.001539017,-0.0005751545,-0.6641914,-1.342748,-9.602547
IMU,677858913.0,0,-0.001386963,0.0009229293,-0.0003250844,-0.6550916,-1.345084,-9.591541
IMU,677898871.0,0,-0.000453153,0.0003199364,-0.0003332336,-0.6663911,-1.347973,-9.575953
IMU,677939073.0,0,-0.001051622,0.001264297,-0.0001951445,-0.6647206,-1.34748,-9.587975
IMU,677979032.0,0,-0.002388962,-6.855121e-05,0.0006021942,-0.6747872,-1.348673,-9.590596
IMU,678019080.0,0,-0.001055618,-8.752058e-06,-0.0001230803,-0.6716174,-1.343238,-9.586714
IMU,678059356.0,0,-0.00223847,-0.0001807435,-0.0009462293,-0.6591313,-1.355562,-9.597827
IMU,678099768.0,0,-0.0008756715,0.000751407,-0.0004327116,-0.6759166,-1.355589,-9.581306
IMU,674187205.0,1,-0.1027775,-0.02858803,0.09157945,-0.9759073,0.7633119,-9.539104
IMU,674227224.0,1,0.06531391,-0.006373113,0.1174364,-1.092867,0.2083407,-10.05497
IMU,674271278.0,1,0.06239406,0.01712396,0.1145531,-0.5642343,0.1335084,-9.671988
IMU,674311241.0,1,0.04774802,-0.01559689,0.060331,-0.1292109,0.515529,-9.949786
IMU,674357895.0,1,-0.1059247,0.006407112,0.08513378,-1.834653,0.4606746,-9.249938
IMU,674397844.0,1,-0.1061433,0.07440072,0.07711995,-0.4100113,0.293979,-9.995722
IMU,674438228.0,1,-0.1955225,0.07315378,0.0508659,-1.060902,-0.04232898,-9.059193
IMU,674481166.0,1,0.07551809,0.06733148,0.04532945,-0.4501116,0.3637165,-9.774811
IMU,674522230.0,1,-0.03727287,0.03282861,0.06221176,-0.3002156,0.5340908,-8.763152
IMU,674565441.0,1,-0.08415602,-0.1234063,0.04641037,-1.873901,0.3658079,-9.069205
IMU,674605760.0,1,0.1250543,-0.06511479,0.06497277,-1.402275,-0.2828372,-9.140201
IMU,674646279.0,1,-0.2463504,-0.02702202,0.02842772,-1.312053,0.8299258,-9.49864
IMU,674689510.0,1,-0.2423941,-0.1312082,-0.009903777,-0.2105127,1.458649,-10.29681
IMU,674730341.0,1,-0.1606653,-0.1351485,-0.03152785,-1.002359,0.06965003,-9.395725
IMU,674774211.0,1,-0.1691011,-0.09069704,-0.07277216,-1.83542,-0.2308195,-9.037722
IMU,674813529.0,1,0.0654717,0.06501026,-0.04975491,-0.9573395,-0.1228638,-9.963054
IMU,674853760.0,1,-0.01638694,0.1944284,-0.03555982,-1.434343,0.3063433,-7.603734
IMU,674893907.0,1,0.05817097,0.3557871,-0.03968885,-0.2491166,-0.8980893,-0.6096148
IMU,674933822.0,1,0.2089242,0.3679045,0.07170425,-0.6595132,0.1518991,-0.3640828
IMU,674973834.0,1,0.2490692,0.4688402,0.05632896,-0.2919038,-0.2456007,-1.128724
IMU,675014261.0,1,0.2565477,0.4746296,0.0527868,-0.4128455,-0.08340933,-0.4219054
IMU,675054323.0,1,0.2679837,0.5036782,0.03446276,-0.3326218,-0.187999,-0.6218169
IMU,675094186.0,1,0.2186719,0.5194536,0.02436553,-0.2529927,0.03032758,-0.5232988
IMU,675134290.0,1,0.2537339,0.5425626,0.02880951,-0.4023054,0.01578424,-0.7736933
IMU,675174742.0,1,0.2122336,0.6338679,0.03319959,-0.4926495,-0.06366815,-0.6631083
IMU,675214503.0,1,0.1399564,0.6817985,0.02533991,-0.3707756,-0.02661576,-0.8592731
IMU,675254702.0,1,0.09693783,0.6632127,0.009285278,-0.1247759,0.02598263,-1.079229
IMU,675294536.0,1,0.07651289,0.6786314,-0.0004140635,-0.3676949,-0.1265109,-1.162516
IMU,675334399.0,1,0.07920798,0.7334378,0.002191986,-0.3520804,-0.09349651,-1.186589
IMU,675374894.0,1,0.05987095,0.8359582,0.009040914,-0.3351757,0.003038374,-1.188857
IMU,675414975.0,1,0.01704322,0.930705,0.00966796,-0.2793988,0.002552249,-1.298594
IMU,675455384.0,1,-0.0555041,1.012288,-0.00724104,-0.1796608,-0.07371455,-1.517395
IMU,675495534.0,1,-0.1262534,1.074615,-0.01361403,-0.208297,-0.06316382,-1.6902
IMU,675535697.0,1,-0.190557,1.128581,-0.02271673,-0.08303412,-0.139485,-1.964742
IMU,675575374.0,1,-0.2542385,1.11521,-0.03298255,0.01184423,0.08909436,-2.005746
IMU,675615739.0,1,-0.2894476,1.072451,-0.03906183,0.0407841,-0.01589772,-2.156522
IMU,675655888.0,1,-0.2887408,1.038276,-0.04612814,0.008923322,0.04751796,-2.397969
IMU,675696527.0,1,0.3556266,0.5371337,-0.1146397,8.251774,4.67945,-11.47587
IMU,675736325.0,1,3.1358,-3.670854,0.7072308,-71.72437,-27.67408,6.584388
IMU,675776359.0,1,3.348282,-6.352106,0.4200388,-3.093513,-0.5977822,-3.150046
IMU,675816300.0,1,-2.066402,-5.956882,0.2129063,0.3859171,0.4287268,2.676771
IMU,675856551.0,1,1.116073,-4.645508,0.3655809,-1.76845,1.200457,-1.378667
IMU,675896967.0,1,2.517073,-1.954292,0.1059936,-5.165521,1.051319,0.6660625
IMU,675936985.0,1,2.482756,-1.414717,-0.9299139,-2.132765,0.2476929,0.8684236
IMU,675976952.0,1,1.941076,-1.791922,-2.264379,-4.137382,-0.706282,0.7870253
IMU,676017176.0,1,1.2338,-1.839422,-2.554749,-17.60769,-4.481021,-1.151816
IMU,676057345.0,1,-1.491709,-0.9362746,-0.2691721,-1.03304,-2.310531,-2.037311
IMU,676097566.0,1,0.3084906,-0.2829792,0.0487132,-10.60261,-7.156621,0.8635597
IMU,676137087.0,1,0.6742008,0.08295386,0.241128,-8.950114,-5.213845,0.1411877
IMU,676176968.0,1,0.2809649,0.2503289,0.01015907,-9.747914,-2.199297,1.065409
IMU,676216942.0,1,-0.3512776,0.2426724,0.02100755,-7.673667,-5.676319,0.3941101
IMU,676257283.0,1,-0.5830036,0.4852848,0.09854704,-9.199315,-3.091615,0.2556467
IMU,676297372.0,1,-0.3016972,1.015422,0.1300129,-8.697175,-4.167189,-0.2043848
IMU,676336914.0,1,-0.3488266,1.397197,0.1868587,-8.636193,-3.794994,-0.8461737
IMU,676376916.0,1,-0.7208323,1.406995,0.302607,-8.89582,-5.049188,-1.531564
IMU,676416932.0,1,-0.849499,1.551726,0.4832603,-7.4926,-4.522429,-1.945377
IMU,676457326.0,1,-0.7966244,2.076487,0.609993,-8.254812,-2.968441,-1.749871
IMU,676497726.0,1,-0.8718333,2.696381,0.7504228,-6.963692,-2.954974,-1.902148
IMU,676536880.0,1,-1.132028,3.371399,0.8981667,-5.320212,-2.696205,-1.661367
IMU,676576997.0,1,-1.687019,4.127483,1.023938,-3.736125,-2.122616,-1.924884
IMU,676617265.0,1,-2.547793,6.799716,0.7498061,-12.39257,12.23386,1.184211
IMU,676657369.0,1,0.08225523,6.528209,0.2051267,1.267045,2.779596,-5.118145
IMU,676697582.0,1,0.8767893,2.520032,-0.5883368,13.83137,5.304582,-35.99366
IMU,676736928.0,1,0.1951636,-0.1195303,-0.087974,4.695791,-5.911255,-4.524419
IMU,676776948.0,1,-0.04179899,-0.3584608,0.2434205,-1.895736,-2.090397,-11.25694
IMU,676816901.0,1,-0.4459953,-0.3512814,-0.004732386,-1.647517,-1.012378,-9.278684
IMU,676857331.0,1,-0.1345609,-0.05152969,-0.04105596,-1.004253,-0.6303931,-9.952425
IMU,676897712.0,1,0.01772038,0.05688519,0.01690806,-0.6076755,-1.438885,-9.586955
IMU,676936935.0,1,-0.04125971,-0.01815305,-0.0179397,-0.6129752,-1.548006,-9.848165
IMU,676976983.0,1,-0.002391108,0.008794487,0.004113417,-0.6322617,-1.187723,-9.523563
IMU,677016979.0,1,-0.008495288,0.005763243,-0.005661039,-0.5537733,-1.32691,-9.850159
IMU,677057738.0,1,-0.01372821,-0.001588908,-0.001488796,-0.691138,-1.276384,-9.615699
IMU,677097556.0,1,-0.004780185,0.002672788,0.001787483,-0.6262476,-1.38817,-9.723982
IMU,677136957.0,1,-0.002481857,0.001707326,-0.00513235,-0.6524968,-1.245306,-9.773924
IMU,677177152.0,1,-0.002364579,0.0003615064,-0.001534564,-0.6662834,-1.306018,-9.720177
IMU,677216955.0,1,-0.003573068,0.002292108,-0.004387793,-0.7311964,-1.404165,-9.745984
IMU,677257343.0,1,-0.005615217,-0.001057247,0.0004726153,-0.6023811,-1.189709,-9.710302
IMU,677297256.0,1,-0.005466404,0.001025526,-0.0003704275,-0.6487187,-1.301585,-9.796739
IMU,677337208.0,1,-0.001994322,0.006609643,-0.001355327,-0.6649775,-1.335494,-9.663403
IMU,677377176.0,1,-0.001461624,0.004098577,0.0006866807,-0.7594978,-1.238923,-9.775645
IMU,677416987.0,1,-0.004472382,0.005093886,0.003609775,-0.6487927,-1.19633,-9.726879
IMU,677457484.0,1,-0.002897387,0.004804394,0.002165595,-0.6764108,-1.253044,-9.796444
IMU,677497643.0,1,-0.00274033,0.001132484,0.0001039302,-0.6977984,-1.266047,-9.636765
IMU,677537574.0,1,0.001288606,0.0005514742,0.00432835,-0.605987,-1.319216,-9.767567
IMU,677577752.0,1,-0.00128763,0.002315792,0.0009483841,-0.6320587,-1.234908,-9.689627
IMU,677618253.0,1,-0.002151131,0.002260873,-0.0006810309,-0.7130647,-1.264552,-9.692039
IMU,677658555.0,1,-0.003703954,0.0006771245,0.002318428,-0.6652707,-1.365895,-9.782146
IMU,677698360.0,1,-0.002929381,0.005793947,-0.003978565,-0.6762286,-1.302149,-9.62674
IMU,677739016.0,1,-0.0003030881,-0.002449739,-0.00357967,-0.5940025,-1.289011,-9.771358
IMU,677778395.0,1,0.001192384,-0.0007446763,0.001773869,-0.6025022,-1.360329,-9.817319
IMU,677818599.0,1,-0.0004182665,0.001759271,-0.002420955,-0.5587664,-1.290295,-9.818947
IMU,677858913.0,1,-0.002901072,0.001616085,-0.001488805,-0.6538398,-1.331682,-9.728959
IMU,677898871.0,1,-0.004522539,0.003877088,0.00364663,-0.6899461,-1.244404,-9.744827
IMU,677939073.0,1,-0.001626237,0.009152771,-0.0005730267,-0.6262196,-1.338209,-9.829943
IMU,677979032.0,1,-0.00338128,0.004767038,0.003460233,-0.6332935,-1.371235,-9.887222
IMU,678019080.0,1,-0.00416207,0.00604565,-0.0002080836,-0.7242982,-1.217736,-9.620131
IMU,678059356.0,1,-0.002854858,0.001654405,-0.0005843572,-0.6096952,-1.233289,-9.898878
IMU,678099768.0,1,-0.003358198,0.007878839,-0.002409048,-0.6827968,-1.418594,-9.669273
IMU,674187205.0,2,-0.0626257,0.05161252,0.09539107,-1.256746,0.2225155,-9.542242
IMU,674227224.0,2,-0.01228083,0.03813013,0.1013335,-1.187873,0.1437701,-10.21067
IMU,674271278.0,2,0.09227537,-0.03726806,0.1046109,-0.7358816,-0.1479095,-9.771322
IMU,674311241.0,2,0.05129055,-0.04874151,0.09059813,-1.083437,0.1902609,-9.05411
IMU,674357895.0,2,-0.08548568,0.06037784,0.06353325,-1.059135,0.01737821,-9.362661
IMU,674397844.0,2,-0.05887173,0.01610932,0.07464417,-0.9483172,-0.06235956,-9.753588
IMU,674438228.0,2,-0.1899092,0.07722365,0.04812212,-1.263363,0.06686112,-9.387511
IMU,674481166.0,2,0.00313745,0.06484617,0.05323977,-0.9108012,0.4575954,-9.666201
IMU,674522230.0,2,-0.03735206,-0.04646657,0.07314186,-1.009125,0.1437747,-9.668157
IMU,674565441.0,2,-0.0720491,-0.06364194,0.06016839,-1.092288,0.1281062,-9.131591
IMU,674605760.0,2,-0.004239269,-0.0155409,0.05024537,-1.2758,-0.1329405,-9.421253
IMU,674646279.0,2,-0.1561611,-0.0207317,0.0249918,-1.09959,0.2436138,-9.404247
IMU,674689510.0,2,-0.1605046,-0.1764646,-0.02869845,-0.8712846,0.6422839,-9.268823
IMU,674730341.0,2,-0.1640261,-0.1224994,-0.02433619,-1.047632,0.2117149,-9.409862
IMU,674774211.0,2,-0.1303031,-0.01145735,-0.03312933,-1.280441,-0.3912004,-9.589127
IMU,674813529.0,2,-0.02677297,0.04672454,-0.07123596,-1.087248,-0.198276,-9.688069
IMU,674853760.0,2,0.108107,0.1759658,-0.04506223,-1.08434,-0.1337169,-7.823763
IMU,674893907.0,2,0.03232742,0.3274149,-0.06305929,-0.1725275,-0.1327094,-1.463784
IMU,674933822.0,2,0.2186189,0.3755412,0.04806674,-0.6241384,0.08728486,-0.7978252
IMU,674973834.0,2,0.2476147,0.4649442,0.02712734,-0.3776326,-0.1716682,-0.874907
IMU,675014261.0,2,0.2710285,0.4802057,0.02056205,-0.3682133,-0.07771992,-0.5321795
IMU,675054323.0,2,0.2724671,0.5097299,0.004228437,-0.3837764,-0.1909672,-0.6437791
IMU,675094186.0,2,0.2308376,0.5207261,-0.006825837,-0.3450847,-0.1188966,-0.6259997
IMU,675134290.0,2,0.2669635,0.5445909,-0.003646322,-0.4215118,-0.1453269,-0.7443898
IMU,675174742.0,2,0.221712,0.639486,0.001847229,-0.4361518,-0.1784069,-0.7948914
IMU,675214503.0,2,0.1502176,0.6822068,-0.010207,-0.3618391,-0.1824026,-0.9439383
IMU,675254702.0,2,0.1150102,0.6680445,-0.01986688,-0.3169369,-0.1879047,-1.073261
IMU,675294536.0,2,0.09233023,0.6862189,-0.03169463,-0.329408,-0.1753488,-1.104628
IMU,675334399.0,2,0.09332675,0.7490207,-0.03132326,-0.341485,-0.1329922,-1.175453
IMU,675374894.0,2,0.07045003,0.8503615,-0.02996518,-0.3231625,-0.1664568,-1.265181
IMU,675414975.0,2,0.0295224,0.9412291,-0.03615107,-0.2677563,-0.168254,-1.453495
IMU,675455384.0,2,-0.03645151,1.028727,-0.04871668,-0.2219084,-0.1727311,-1.639291
IMU,675495534.0,2,-0.1088291,1.101198,-0.05494415,-0.1808502,-0.1722448,-1.753048
IMU,675535697.0,2,-0.1751493,1.151717,-0.06924681,-0.1246843,-0.1244512,-1.891769
IMU,675575374.0,2,-0.2354367,1.131499,-0.075257,-0.06575511,-0.1230867,-2.091744
IMU,675615739.0,2,-0.2698634,1.092454,-0.07971428,-0.01632484,-0.04269468,-2.330698
IMU,675655888.0,2,-0.2645695,1.059233,-0.08308519,0.01195389,-0.03324269,-2.412005
IMU,675696527.0,2,0.8366097,0.09840906,-0.07544305,8.351075,4.878884,-8.125815
IMU,675736325.0,2,-0.112771,-7.409784,0.9847555,-51.98127,-11.89194,-9.647178
IMU,675776359.0,2,3.100115,-6.510163,0.4812719,-3.290016,-0.220318,-1.568701
IMU,675816300.0,2,-2.06815,-6.052165,0.4872484,-0.0673863,0.1275389,1.283322
IMU,675856551.0,2,1.094897,-4.561336,0.5550303,-1.469981,0.9421672,-2.487109
IMU,675896967.0,2,2.517735,-1.89595,0.02465072,-4.882935,0.1908411,-0.3250261
IMU,675936985.0,2,2.521583,-1.471489,-0.9949387,-2.150373,-0.357244,0.7605557
IMU,675976952.0,2,1.904322,-1.85094,-2.367561,-4.288757,-1.420158,0.8153029
IMU,676017176.0,2,1.97906,-1.834646,-2.278907,-22.63135,-4.599651,0.2317131
IMU,676057345.0,2,-1.331291,-1.03143,-0.1029314,-1.89735,-3.516366,-1.279188
IMU,676097566.0,2,0.2386737,-0.229776,0.06566155,-10.53158,-6.418595,0.0636597
IMU,676137087.0,2,0.5676994,0.1154936,0.2124757,-9.01917,-4.817159,0.2342379
IMU,676176968.0,2,0.2750336,0.2549962,-0.02111134,-9.832211,-2.159213,1.202104
IMU,676216942.0,2,-0.3893587,0.2429982,0.03142969,-7.978642,-5.381168,0.4334901
IMU,676257283.0,2,-0.5597901,0.5135311,0.09050452,-9.265226,-3.274804,0.3603978
IMU,676297372.0,2,-0.2728498,1.062895,0.09948161,-8.698863,-4.105918,-0.3483686
IMU,676336914.0,2,-0.3249123,1.426566,0.1422444,-8.754889,-3.732486,-0.750536
IMU,676376916.0,2,-0.7156621,1.445214,0.2773833,-9.187844,-4.782414,-1.507221
IMU,676416932.0,2,-0.8197269,1.618935,0.4564767,-7.745849,-4.488703,-2.033532
IMU,676457326.0,2,-0.7607097,2.143576,0.5570469,-8.377657,-2.894988,-1.888631
IMU,676497726.0,2,-0.8437173,2.781067,0.6827143,-7.15836,-2.799443,-2.031599
IMU,676536880.0,2,-1.086414,3.483272,0.812119,-5.537051,-2.720744,-1.937822
IMU,676576997.0,2,-1.625701,4.250064,0.9234897,-4.131278,-2.153158,-2.429387
IMU,676617265.0,2,-1.405987,6.927548,0.368607,-12.18482,8.004386,-0.5446996
IMU,676657369.0,2,0.415725,6.562201,-0.07634696,0.4926011,1.647568,-5.059196
IMU,676697582.0,2,1.318525,1.854189,-0.7835599,15.09456,0.5481962,-34.8563
IMU,676736928.0,2,0.1223004,-0.06673387,-0.04407808,4.700425,-5.358656,-5.053634
IMU,676776948.0,2,-0.08758186,-0.3461464,0.2330821,-2.032532,-2.300891,-11.05768
IMU,676816901.0,2,-0.4445103,-0.3431637,0.01544874,-1.750704,-1.377299,-9.297427
IMU,676857331.0,2,-0.1062442,-0.0409205,-0.02850999,-1.120094,-0.8495618,-9.822446
IMU,676897712.0,2,0.01136807,0.04787054,0.01372208,-0.8157431,-1.579188,-9.530071
IMU,676936935.0,2,-0.04242579,-0.00964366,-0.008365761,-0.7735601,-1.590897,-9.715469
IMU,676976983.0,2,0.0003334408,0.007315086,0.005238069,-0.8165624,-1.449437,-9.688895
IMU,677016979.0,2,-0.004768394,-4.202854e-05,-0.002745596,-0.8353555,-1.438513,-9.78239
IMU,677057738.0,2,-0.008078425,-0.001644939,0.0004425567,-0.8293223,-1.46834,-9.698171
IMU,677097556.0,2,-0.002432881,0.0007132842,0.0009742273,-0.8014392,-1.499976,-9.750778
IMU,677136957.0,2,-0.004873974,0.0003467375,-0.001726228,-0.8274035,-1.468572,-9.755954
IMU,677177152.0,2,-0.001706903,-0.0002779332,0.0002981613,-0.8252162,-1.475449,-9.728021
IMU,677216955.0,2,-0.002348796,0.0009221622,-0.0003009813,-0.8219716,-1.461801,-9.727289
IMU,677257343.0,2,-0.002352066,0.0009570172,-0.0002332813,-0.818629,-1.462171,-9.743839
IMU,677297256.0,2,-0.002135716,0.0002887662,0.0004376551,-0.8282745,-1.478449,-9.730546
IMU,677337208.0,2,-0.001028456,0.001248864,-0.0006200475,-0.8170001,-1.472974,-9.73817
IMU,677377176.0,2,-0.002245285,0.0009164531,-0.001361617,-0.8355686,-1.462888,-9.741366
IMU,677416987.0,2,9.836637e-05,0.0009972742,-4.299791e-05,-0.8186105,-1.464042,-9.738276
IMU,677457484.0,2,-0.000447969,0.0006490379,0.0001854631,-0.8327796,-1.471263,-9.747585
IMU,677497643.0,2,-0.0007747005,0.001632137,-0.0001218645,-0.8230574,-1.477329,-9.736971
IMU,677537574.0,2,-0.002512136,-0.0002844578,0.001027084,-0.8179245,-1.463188,-9.739555
IMU,677577752.0,2,-0.00149863,0.00234991,-0.000325168,-0.8296676,-1.464863,-9.753809
IMU,677618253.0,2,-0.001074692,0.0005491393,0.0008230163,-0.8206417,-1.471697,-9.754739
IMU,677658555.0,2,-0.001871248,0.0006070992,0.0007656003,-0.8254388,-1.456507,-9.744062
IMU,677698360.0,2,-0.002489474,0.0005227315,0.0008543722,-0.8225829,-1.479152,-9.707441
IMU,677739016.0,2,-0.002036392,0.001843319,-0.0004840554,-0.8272864,-1.46699,-9.736744
IMU,677778395.0,2,-0.001549099,-2.421404e-05,0.001032419,-0.8290678,-1.452193,-9.73874
IMU,677818599.0,2,-0.003201949,0.001183325,0.0003755529,-0.8197671,-1.468823,-9.767387
IMU,677858913.0,2,-0.00128103,0.0003299463,0.0008061979,-0.8324479,-1.463992,-9.743634
IMU,677898871.0,2,-0.002290604,0.0008421818,0.001505011,-0.8141254,-1.47109,-9.743498
IMU,677939073.0,2,-0.002400661,0.0007327644,0.0002292887,-0.8220462,-1.449054,-9.750987
IMU,677979032.0,2,-0.001434053,-0.0003603231,-0.000636036,-0.8256345,-1.45561,-9.771513
IMU,678019080.0,2,-0.001866529,0.0008474588,0.001222411,-0.8310904,-1.463174,-9.724162
IMU,678059356.0,2,-0.0008843589,0.0009352104,-0.0001284339,-0.8304644,-1.472866,-9.735143
IMU,678099768.0,2,-0.002493333,0.0007485838,0.0004672688,-0.8263726,-1.470123,-9.743627
