ARM,257409493.0,0.0
AHR2,256889790.0,1.94,-10.13,208.14,476.25,43.2375904,-7.6813784
AHR2,256992911.0,2.5,-9.72,208.97,476.56,43.2375871,-7.6813816
AHR2,257099292.0,2.01,-9.05,209.85,476.49,43.2375838,-7.6813848
AHR2,257202760.0,0.85,-9.11,210.05,476.53,43.2375805,-7.681388
AHR2,257306254.0,0.29,-9.3,209.94,476.51,43.2375771,-7.6813913
AHR2,257410382.0,0.41,-9.28,209.51,476.74,43.2375745,-7.6813936
AHR2,257510939.0,1.0,-8.78,208.97,475.83,43.2375697,-7.6813978
AHR2,257611183.0,1.59,-6.75,208.63,475.37,43.2375662,-7.6814011
AHR2,257711370.0,2.5,-4.38,208.18,475.23,43.237563,-7.6814038
AHR2,257811792.0,3.44,-1.58,207.73,475.36,43.2375596,-7.6814068
AHR2,257912745.0,4.12,2.3,207.21,475.34,43.2375558,-7.6814098
AHR2,258013306.0,4.8,7.3,206.5,474.95,43.2375522,-7.6814129
AHR2,258114271.0,5.8,13.78,205.54,474.75,43.2375491,-7.681416
AHR2,258214378.0,6.52,21.14,204.59,474.32,43.2375456,-7.6814191
AHR2,258314924.0,8.53,25.18,203.37,473.52,43.2375434,-7.6814212
AHR2,258415373.0,21.7,-22.06,194.15,471.08,43.2375402,-7.6814242
AHR2,258515351.0,33.74,-34.74,185.32,471.41,43.2375385,-7.6814244
AHR2,258615739.0,40.03,-32.33,189.75,471.56,43.2375363,-7.6814261
AHR2,258716489.0,31.32,-25.11,200.56,471.42,43.2375374,-7.6814297
AHR2,258816495.0,12.84,-6.4,212.83,471.58,43.2375365,-7.6814322
AHR2,258916567.0,11.67,1.91,215.92,471.71,43.2375379,-7.6814255
AHR2,259016196.0,14.14,1.65,215.72,471.56,43.2375379,-7.6814244
AHR2,259116700.0,13.19,2.0,215.62,471.58,43.2375379,-7.6814253
AHR2,259216731.0,13.17,1.95,215.6,471.66,43.2375379,-7.681425
AHR2,259316579.0,13.16,1.89,215.57,471.26,43.2375379,-7.681425
AHR2,259416938.0,13.07,1.85,215.53,471.37,43.237538,-7.6814248
AHR2,259517201.0,13.01,1.8,215.5,471.25,43.2375379,-7.6814248
AHR2,259617334.0,12.94,1.76,215.46,471.36,43.2375379,-7.6814247
AHR2,259717197.0,12.88,1.71,215.44,471.42,43.2375377,-7.6814247
AHR2,259817251.0,12.82,1.67,215.4,471.41,43.2375377,-7.6814246
AHR2,259917375.0,12.76,1.63,215.38,471.58,43.2375377,-7.6814243
AHR2,260017341.0,12.7,1.59,215.34,471.35,43.2375377,-7.6814243
AHR2,260119523.0,12.64,1.54,215.31,471.53,43.2375377,-7.6814241
AHR2,260219479.0,12.58,1.51,215.28,471.39,43.2375377,-7.681424
AHR2,260320414.0,12.53,1.47,215.26,471.5,43.2375377,-7.6814238
AHR2,260420745.0,12.48,1.43,215.23,471.32,43.2375377,-7.6814237
AHR2,260520980.0,12.42,1.39,215.21,471.52,43.2375375,-7.6814239
AHR2,260621237.0,12.37,1.36,215.18,471.27,43.2375375,-7.6814239
AHR2,260721727.0,12.31,1.32,215.15,471.27,43.2375375,-7.6814239
ATT,256889320.0,1.25,1.15,-12.16,-10.12,213.85,215.04
ATT,256992370.0,0.72,1.73,-11.73,-9.67,213.9,216.08
ATT,257098785.0,0.02,1.26,-11.45,-8.97,213.98,217.06
ATT,257202199.0,-0.56,0.1,-11.36,-9.04,214.04,217.34
ATT,257305772.0,-0.76,-0.45,-11.25,-9.26,214.05,217.28
ATT,257409970.0,-0.66,-0.29,-11.06,-9.26,214.04,216.83
ATT,257510506.0,-0.34,0.32,-7.81,-8.79,216.23,216.24
ATT,257610720.0,-0.17,0.89,-3.98,-6.78,215.74,215.76
ATT,257711011.0,-0.08,1.81,-2.02,-4.32,215.13,215.15
ATT,257811371.0,-0.04,2.83,-1.03,-1.14,214.48,214.51
ATT,257912331.0,-0.02,3.57,-0.52,3.13,213.8,213.83
ATT,258012793.0,-0.01,4.23,-0.26,8.52,212.88,212.92
ATT,258113739.0,0.0,5.2,-0.13,15.44,211.73,211.78
ATT,258213890.0,0.0,5.86,-0.06,23.35,210.55,210.61
ATT,258314493.0,0.0,7.76,-0.03,27.9,209.12,209.2
ATT,258414974.0,0.0,20.29,-0.01,-19.57,200.81,200.99
ATT,258514942.0,0.0,31.18,0.0,-32.1,193.18,193.48
ATT,258615281.0,0.0,36.87,0.0,-28.23,198.01,198.34
ATT,258716175.0,0.0,28.34,0.0,-19.1,208.62,208.87
ATT,258816168.0,0.0,10.26,0.0,1.86,219.7,219.79
ATT,258916247.0,0.0,8.78,0.0,11.4,222.12,222.2
ATT,259015739.0,0.0,12.34,0.0,10.61,222.03,222.14
ATT,259116177.0,0.0,11.97,0.0,10.72,222.07,222.18
ATT,259216297.0,0.0,11.98,0.0,10.74,222.11,222.22
ATT,259316246.0,0.0,11.97,0.0,10.74,222.17,222.28
ATT,259416521.0,0.0,11.96,0.0,10.74,222.18,222.29
ATT,259516739.0,0.0,11.96,0.0,10.75,222.19,222.3
ATT,259616841.0,0.0,11.97,0.0,10.76,222.19,222.3
ATT,259716740.0,0.0,11.97,0.0,10.76,222.2,222.31
ATT,259816795.0,0.0,11.98,0.0,10.76,222.2,222.31
ATT,259916982.0,0.0,11.98,0.0,10.76,222.2,222.31
ATT,260016960.0,0.0,11.98,0.0,10.74,222.16,222.27
ATT,260119065.0,0.0,11.99,0.0,10.72,222.12,222.23
ATT,260219065.0,0.0,11.99,0.0,10.69,222.06,222.17
ATT,260320139.0,0.0,11.99,0.0,10.68,222.04,222.15
ATT,260420316.0,0.0,11.99,0.0,10.64,222.0,222.11
ATT,260520565.0,0.0,11.99,0.0,10.6,221.97,222.08
ATT,260620743.0,0.0,11.98,0.0,10.56,221.93,222.04
ATT,260721291.0,0.0,11.98,0.0,10.52,221.91,222.02
BARO,256888850.0,0,4.02714,96583.23,41.72
BARO,256992197.0,0,4.332317,96579.94,41.72
BARO,257098354.0,0,4.261674,96580.7,41.72
BARO,257201931.0,0,4.30406,96580.24,41.71
BARO,257305503.0,0,4.28428,96580.44,41.72
BARO,257409782.0,0,4.518815,96577.91,41.71
BARO,257510187.0,0,3.603282,96587.8,41.72
BARO,257610193.0,0,3.145515,96592.76,41.71
BARO,257710775.0,0,3.004229,96594.3,41.71
BARO,257811187.0,0,3.139864,96592.81,41.71
BARO,257911970.0,0,3.114432,96593.11,41.71
BARO,258012555.0,0,2.724483,96597.31,41.72
BARO,258113260.0,0,2.529508,96599.43,41.71
BARO,258213483.0,0,2.097173,96604.1,41.71
BARO,258314255.0,0,1.291843,96612.8,41.71
BARO,258414742.0,0,-1.149579,96639.23,41.72
BARO,258514708.0,0,-0.8161436,96635.63,41.71
BARO,258614735.0,0,-0.6692062,96634.02,41.71
BARO,258715912.0,0,-0.8020151,96635.46,41.71
BARO,258815799.0,0,-0.6437747,96633.77,41.7
BARO,258915891.0,0,-0.5137916,96632.34,41.7
BARO,259015384.0,0,-0.6663805,96634.0,41.7
BARO,259115505.0,0,-0.6437747,96633.75,41.7
BARO,259215986.0,0,-0.5618289,96632.87,41.7
BARO,259315942.0,0,-0.9602553,96637.18,41.71
BARO,259416283.0,0,-0.852878,96636.04,41.71
BARO,259516396.0,0,-0.9772096,96637.38,41.71
BARO,259616330.0,0,-0.8641809,96636.15,41.71
BARO,259716394.0,0,-0.8020151,96635.47,41.72
BARO,259816351.0,0,-0.8104922,96635.58,41.72
BARO,259916730.0,0,-0.6466005,96633.78,41.72
BARO,260016726.0,0,-0.8754838,96636.27,41.72
BARO,260116698.0,0,-0.6974634,96634.34,41.73
BARO,260216794.0,0,-0.8302723,96635.8,41.73
BARO,260319874.0,0,-0.7200692,96634.59,41.74
BARO,260420011.0,0,-0.9037409,96636.57,41.74
BARO,260520329.0,0,-0.7087663,96634.48,41.74
BARO,260620357.0,0,-0.9574296,96637.16,41.74
BARO,260720971.0,0,-0.9546039,96637.14,41.74
BARO,256888850.0,1,4.097783,96703.06,34.57
BARO,256992197.0,1,4.442521,96699.35,34.57
BARO,257098354.0,1,4.298409,96700.89,34.57
BARO,257201931.0,1,4.117563,96702.86,34.57
BARO,257305503.0,1,4.349272,96700.37,34.57
BARO,257409782.0,1,4.54142,96698.27,34.57
BARO,257510187.0,1,3.628713,96708.17,34.57
BARO,257610193.0,1,3.24159,96712.34,34.57
BARO,257710775.0,1,3.049441,96714.42,34.57
BARO,257811187.0,1,3.103129,96713.86,34.57
BARO,257911970.0,1,3.040964,96714.53,34.57
BARO,258012555.0,1,2.922283,96715.8,34.57
BARO,258113260.0,1,2.552114,96719.81,34.57
BARO,258213483.0,1,1.899373,96726.91,34.57
BARO,258314255.0,1,1.337055,96732.97,34.57
BARO,258414742.0,1,-2.520052,96774.78,34.57
BARO,258514708.0,1,-0.7257206,96755.34,34.56
BARO,258614735.0,1,-0.8839609,96757.05,34.57
BARO,258715912.0,1,-0.7483264,96755.56,34.56
BARO,258815799.0,1,-0.8500523,96756.67,34.56
BARO,258915891.0,1,-1.158056,96760.02,34.56
BARO,259015384.0,1,-0.8020151,96756.15,34.56
BARO,259115505.0,1,-0.9178696,96757.41,34.56
BARO,259215986.0,1,-0.923521,96757.48,34.56
BARO,259315942.0,1,-0.8161436,96756.3,34.56
BARO,259416283.0,1,-0.9800354,96758.09,34.55
BARO,259516396.0,1,-0.9998154,96758.3,34.55
BARO,259616330.0,1,-0.9602553,96757.87,34.55
BARO,259716394.0,1,-0.8613551,96756.8,34.55
BARO,259816351.0,1,-0.9715582,96757.98,34.55
BARO,259916730.0,1,-0.9574296,96757.84,34.55
BARO,260016726.0,1,-0.923521,96757.48,34.55
BARO,260116698.0,1,-1.011118,96758.41,34.55
BARO,260216794.0,1,-0.9574296,96757.84,34.55
BARO,260319874.0,1,-0.9348239,96757.59,34.55
BARO,260420011.0,1,-0.9715582,96758.0,34.55
BARO,260520329.0,1,-0.7765836,96755.88,34.55
BARO,260620357.0,1,-0.8783095,96756.99,34.55
BARO,260720971.0,1,-0.9093924,96757.33,34.55
GPS,257085604.0,3,19,43.2375881,-7.6813806,474.77,4.431,-0.094,0.0
GPS,257315844.0,3,19,43.2375816,-7.6813869,474.77,4.515,-0.038,0.0
GPS,257479967.0,3,19,43.2375748,-7.6813931,474.73,4.638,0.216,0.0
GPS,257680314.0,3,19,43.237568,-7.6813993,474.49,4.479,2.074,0.0
GPS,257881546.0,3,17,43.2375611,-7.6814052,473.86,4.684,3.883,0.0
GPS,258082554.0,3,19,43.2375542,-7.6814114,472.92,4.587,5.527,0.0
GPS,258304204.0,3,19,43.2375476,-7.6814174,471.63,4.337,7.278,0.0
GPS,258484913.0,3,19,43.2375418,-7.6814219,469.81,2.853,9.854,0.0
GPS,258685556.0,3,19,43.2375387,-7.6814261,468.51,2.226,3.735,0.0
GPS,258885496.0,3,19,43.2375379,-7.6814272,468.04,0.927,1.254,0.0
GPS,259065579.0,3,19,43.2375379,-7.6814258,467.92,0.242,0.405,0.0
GPS,259306332.0,3,18,43.2375379,-7.6814252,467.91,0.174,0.213,0.0
GPS,259485984.0,3,18,43.2375379,-7.6814249,467.96,0.097,0.267,0.0
GPS,259686354.0,3,18,43.2375377,-7.6814248,468.01,0.079,0.163,0.0
GPS,259886394.0,3,18,43.2375377,-7.6814244,468.03,0.068,0.15,0.0
GPS,260086282.0,3,18,43.2375377,-7.6814242,468.1,0.08400001,0.115,0.0
GPS,260306581.0,3,18,43.2375377,-7.6814239,468.13,0.07700001,0.09,0.0
GPS,260487756.0,3,18,43.2375375,-7.6814239,468.19,0.011,0.08000001,0.0
GPS,260688282.0,3,18,43.2375375,-7.6814239,468.28,0.019,0.058,0.0
IMU,256897197.0,0,0.1791574,-0.006912252,0.1191443,-0.09185735,0.5516416,-10.13637
IMU,256939552.0,0,0.07870538,0.08602248,0.15051,-1.089592,0.6075966,-9.314119
IMU,256979492.0,0,0.1227688,0.1291375,0.1008236,-0.6499101,0.03461063,-9.459786
IMU,257020058.0,0,0.0272865,0.1458814,0.1840096,-0.3731501,0.6418697,-9.940846
IMU,257062499.0,0,-0.2429941,0.09084257,0.09329069,-1.025316,0.6601803,-9.768588
IMU,257104325.0,0,-0.06219466,0.07593645,0.08428436,-1.001925,0.3287407,-9.685093
IMU,257144982.0,0,-0.1191357,-0.001490958,0.04062553,-0.686233,0.5114244,-8.909428
IMU,257186524.0,0,-0.0398146,-0.005802298,0.06717028,-1.157103,0.40857,-8.522907
IMU,257227380.0,0,-0.2448057,-0.09225013,0.01249557,-0.8481392,0.4086928,-9.175813
IMU,257270211.0,0,-0.2134215,-0.01062827,-0.05955786,-0.7208425,0.404681,-9.246303
IMU,257310322.0,0,-0.02899374,0.04683798,-0.06750448,-1.498685,0.3719398,-9.551543
IMU,257353313.0,0,-0.01850452,0.0119943,-0.0444796,-0.6575637,0.3562211,-8.635849
IMU,257394176.0,0,0.2743938,-0.03632597,-0.05412044,-1.186201,0.4075228,-9.126992
IMU,257434753.0,0,-0.2044588,0.01649255,-0.1292424,-1.329347,0.1125052,-7.973275
IMU,257474876.0,0,-0.01096307,0.1134084,-0.08794821,-0.1795064,0.784188,-2.243827
IMU,257515399.0,0,0.2201266,0.2706433,-0.01565335,-0.5926352,-0.01079381,-0.5145101
IMU,257555215.0,0,0.07221083,0.3265814,-0.03185423,-0.2807919,-0.4776336,-0.08093543
IMU,257595327.0,0,0.1033622,0.3972836,-0.04068057,-0.3480188,-0.3272102,-0.2137199
IMU,257635205.0,0,0.1662953,0.3896824,-0.06049797,-0.2719764,-0.01708785,-0.401326
IMU,257674987.0,0,0.1482466,0.4383546,-0.06758808,-0.3009724,-0.05309302,-0.4165396
IMU,257715805.0,0,0.139517,0.4724719,-0.06918558,-0.3135065,-0.01643749,-0.4941297
IMU,257756388.0,0,0.1835496,0.5459,-0.07137664,-0.3553947,-0.08470089,-0.7727525
IMU,257795727.0,0,0.1782981,0.5898453,-0.07957038,-0.3381898,-0.06462477,-0.9285328
IMU,257836359.0,0,0.1583577,0.6704124,-0.08383936,-0.4167066,-0.1070726,-0.8106425
IMU,257875993.0,0,0.1239699,0.7558985,-0.09438615,-0.3971947,-0.1206276,-0.9440302
IMU,257917060.0,0,0.1128488,0.8293137,-0.1122334,-0.3546199,-0.06429894,-1.099326
IMU,257957797.0,0,0.120105,0.9082948,-0.1308986,-0.3237414,-0.03984904,-1.203938
IMU,257996941.0,0,0.1463191,1.005971,-0.1580146,-0.3134953,0.004798444,-1.376037
IMU,258037360.0,0,0.190311,1.108786,-0.1875081,-0.2813006,-0.03269191,-1.514572
IMU,258077503.0,0,0.214298,1.221271,-0.2046662,-0.2347118,-0.0086512,-1.614134
IMU,258119228.0,0,0.2293645,1.298586,-0.2142411,-0.1571435,-0.02098463,-1.790404
IMU,258159490.0,0,0.2017177,1.345863,-0.2261809,-0.1155157,-0.06012095,-1.899677
IMU,258198397.0,0,0.1306579,1.401568,-0.2281855,-0.06479952,-0.1810857,-1.947253
IMU,258238395.0,0,0.08261883,1.38603,-0.2286095,0.0534723,-0.1024002,-1.940613
IMU,258278902.0,0,0.03800215,1.330767,-0.232823,0.185431,-0.1201823,-2.360255
IMU,258319562.0,0,4.969897,-12.71555,2.302076,52.87653,4.729738,-61.6315
IMU,258359710.0,0,2.099213,0.02847329,-1.52469,-8.949067,9.058938,-2.179129
IMU,258399990.0,0,2.065011,-5.373031,-0.5827587,7.715234,5.236714,3.382096
IMU,258439723.0,0,0.9387436,-3.898133,-0.7586306,-4.195063,-3.230252,-0.578106
IMU,258479765.0,0,1.011224,-2.093139,-0.09211586,-5.78146,-4.573073,0.9195272
IMU,258520291.0,0,1.181236,-0.6013322,-0.01641198,-7.966022,-6.581436,-0.4479392
IMU,258559649.0,0,1.422241,0.7571845,0.1749583,-7.629854,-7.104508,-0.5867325
IMU,258600151.0,0,1.218612,1.57708,0.3803251,-5.798435,-5.347019,-0.3772862
IMU,258640167.0,0,0.3156034,2.009512,0.5301167,-5.443386,-5.955263,-0.5083137
IMU,258680332.0,0,-0.8817422,2.250441,0.6428966,-5.857888,-6.469671,-1.262568
IMU,258720441.0,0,-2.161321,2.478648,0.7441418,-3.85931,-4.444051,-1.470847
IMU,258760395.0,0,-2.994989,3.082494,0.7700605,-2.300018,-2.411959,-1.591436
IMU,258800362.0,0,-3.583814,4.980898,1.155475,-1.214787,2.788841,-10.43422
IMU,258840908.0,0,-0.6604851,7.667727,1.398559,1.757729,1.027569,-23.35871
IMU,258880734.0,0,-0.4068056,-0.7759068,-0.4664756,2.453572,5.206361,2.500692
IMU,258920357.0,0,-1.254895,0.04043597,-0.1367019,0.9819596,-0.8412793,-6.979867
IMU,258960322.0,0,0.8448452,0.2338226,-0.04670275,1.034085,-3.920087,-12.98427
IMU,259000928.0,0,0.5837245,-0.2589436,0.1046661,-1.162152,-0.1116134,-7.44646
IMU,259040487.0,0,0.1270855,-0.03375474,-0.01393104,-0.1474175,-1.632037,-9.957141
IMU,259080710.0,0,-0.1774731,0.06660178,0.005332923,0.2374583,-0.6726094,-9.59329
IMU,259121132.0,0,-0.1516156,0.06033749,-0.003384547,0.2617607,-0.874309,-9.828391
IMU,259160850.0,0,0.01212528,-0.01228487,0.003827588,0.1910316,-0.9517739,-9.601889
IMU,259200951.0,0,-0.02424191,0.008988825,-0.001855019,0.1279455,-1.053661,-9.69155
IMU,259240784.0,0,0.0103859,-0.002972345,0.001986775,0.1469928,-1.02617,-9.644479
IMU,259281193.0,0,-0.006910861,0.00274464,-0.001986888,0.1837876,-0.9677695,-9.655928
IMU,259321321.0,0,-0.006860373,0.00183331,0.0008978491,0.1411231,-1.039967,-9.675522
IMU,259360947.0,0,-0.001690972,-0.001025906,0.0008561455,0.1602907,-0.9893178,-9.662487
IMU,259400788.0,0,-0.003499574,0.001989263,0.001013421,0.1433308,-0.9977354,-9.639246
IMU,259441262.0,0,-0.0009386898,0.001877261,-0.00120774,0.1453522,-0.9933676,-9.665515
IMU,259480794.0,0,-0.0005811585,0.0009208419,0.001070249,0.1485789,-0.9926528,-9.655904
IMU,259521792.0,0,-0.0007375002,0.0005368228,0.0003410591,0.1468263,-0.9963695,-9.643773
IMU,259561278.0,0,0.0007472631,-0.0003431357,0.001015592,0.1613782,-0.9991167,-9.651506
IMU,259601850.0,0,-0.0005037601,0.000301883,-0.0005624229,0.1496875,-0.9995968,-9.660629
IMU,259641348.0,0,-4.823322e-05,9.941212e-05,0.0003744857,0.1393018,-1.003477,-9.671029
IMU,259681700.0,0,6.121612e-05,-0.000326334,-0.0005583061,0.1599945,-0.9933391,-9.648827
IMU,259721413.0,0,-0.003152444,0.002016715,0.001047145,0.1453636,-1.000368,-9.662289
IMU,259761264.0,0,-0.001527207,0.001504095,-0.0006907385,0.1463697,-1.006295,-9.652694
IMU,259801703.0,0,-0.0005754165,0.001194314,0.0004268668,0.149322,-0.9975037,-9.667376
IMU,259841256.0,0,0.0001591945,0.00217309,0.0004786987,0.1491951,-0.994725,-9.637259
IMU,259881559.0,0,-0.000740655,0.001201736,-0.0003373197,0.145716,-0.995994,-9.660909
IMU,259921350.0,0,-0.001423188,0.0004244303,0.001971693,0.1400523,-1.003737,-9.651565
IMU,259961240.0,0,7.433574e-06,0.001503169,-0.001000055,0.1451318,-1.005419,-9.66153
IMU,260001705.0,0,-0.001089558,0.0006401298,0.0004446603,0.1517705,-1.003827,-9.654069
IMU,260041710.0,0,-0.0001377432,0.0007805736,0.001466688,0.1445616,-1.003261,-9.640052
IMU,260081299.0,0,-0.0004821485,0.0003796528,0.0009090456,0.1510809,-0.9943603,-9.653296
IMU,260121360.0,0,-0.000758927,0.000317365,-0.0002475218,0.1527509,-1.008527,-9.66408
IMU,260161303.0,0,0.0005105186,0.002106686,-0.0002222329,0.1353885,-0.9993373,-9.663323
IMU,260201809.0,0,-0.0007336686,0.0007804423,1.598539e-05,0.1494703,-0.9905161,-9.646808
IMU,260241646.0,0,-0.001588249,0.001070631,0.0009399352,0.1467731,-0.9978707,-9.636477
IMU,260281343.0,0,-0.00030996,0.0009660382,0.001324314,0.1490133,-0.9946647,-9.657635
IMU,260322289.0,0,-0.0001244047,0.001534072,-6.460206e-05,0.1458109,-1.013317,-9.655005
IMU,260362995.0,0,-0.0008222752,0.001814726,0.0004059393,0.1604875,-1.005779,-9.670255
IMU,260402492.0,0,-0.0003819237,0.002207398,0.0007207954,0.1537493,-1.009242,-9.672826
IMU,260442256.0,0,-0.002109428,-0.0005043818,0.0003118125,0.1390151,-0.9941301,-9.668175
IMU,260482131.0,0,-0.0009098293,0.001453148,0.0002320733,0.1467645,-0.9983942,-9.653899
IMU,260522575.0,0,-0.0005304689,0.001140208,2.846609e-05,0.1376898,-0.9905271,-9.64102
IMU,260563575.0,0,-0.001724764,0.002394208,-0.001693105,0.1519008,-1.000795,-9.654815
IMU,260603528.0,0,-0.001052563,0.001495215,0.0001465765,0.1468042,-0.9876871,-9.631501
IMU,260642830.0,0,0.0001115956,0.000743499,0.0007230504,0.1377068,-1.011395,-9.652475
IMU,260682776.0,0,-0.001054862,0.0001193986,0.0003191221,0.1395963,-1.002432,-9.665432
IMU,260724166.0,0,-0.002071713,0.0003127011,-0.00035887,0.1442614,-1.003532,-9.655213
IMU,260763532.0,0,-0.0007032914,0.0002433847,0.0008238746,0.1464953,-0.9860716,-9.654737
IMU,260804361.0,0,-0.0006278589,8.413989e-06,-0.0001178426,0.1439357,-0.9946327,-9.663488
IMU,256897197.0,1,0.1473517,0.009094022,0.1249343,-0.3736398,0.4817064,-10.32702
IMU,256939552.0,1,0.07531113,0.06293357,0.1535829,-0.67755,0.7534679,-9.997617
IMU,256979492.0,1,0.1086826,0.1306957,0.1228652,-0.5462919,-0.02400454,-9.262801
IMU,257020058.0,1,0.01078445,0.1581516,0.1734489,-0.5075331,0.5033184,-10.28506
IMU,257062499.0,1,-0.1996513,0.09102819,0.1101527,-0.9932696,0.6266059,-9.862056
IMU,257104325.0,1,-0.05631,0.06348256,0.1024225,-0.7028889,0.2074455,-10.07775
IMU,257144982.0,1,-0.159117,0.01911941,0.05428074,-0.6374056,0.5585561,-9.472747
IMU,257186524.0,1,-0.01364457,-0.03019527,0.05750123,-0.7804518,0.5463347,-9.648724
IMU,257227380.0,1,-0.2196398,-0.0953093,-0.001376751,-1.352433,0.3838288,-9.413374
IMU,257270211.0,1,-0.1798006,-0.02021059,-0.05631333,-0.5035532,0.2673537,-9.483078
IMU,257310322.0,1,-0.06075808,0.02479646,-0.05634608,-1.139278,0.3469359,-10.04379
IMU,257353313.0,1,-0.01232398,0.0182497,-0.04164609,-0.7405105,0.3973128,-9.030942
IMU,257394176.0,1,0.2367063,-0.03538571,-0.0664351,-1.415775,0.396475,-9.036431
IMU,257434753.0,1,-0.1385578,0.02003077,-0.1240622,-1.160531,0.1461353,-7.852685
IMU,257474876.0,1,-0.05028621,0.1267554,-0.08167858,-0.243009,0.7906975,-1.890172
IMU,257515399.0,1,0.2131934,0.2542987,0.0006206993,-0.5415825,-0.06326827,-0.7845597
IMU,257555215.0,1,0.09811243,0.3213147,-0.01690752,-0.2816144,-0.3145576,-0.5479112
IMU,257595327.0,1,0.1027018,0.3864575,-0.02419666,-0.3332188,-0.3189654,-0.4893599
IMU,257635205.0,1,0.1623594,0.3853445,-0.04138106,-0.3889098,0.08900361,-0.5001401
IMU,257674987.0,1,0.1460474,0.4302108,-0.04631544,-0.3217359,-0.03684728,-0.4447778
IMU,257715805.0,1,0.1329044,0.466834,-0.04939344,-0.3518078,0.06118051,-0.7262245
IMU,257756388.0,1,0.1829913,0.5370886,-0.05147441,-0.3427681,-0.007767997,-1.055801
IMU,257795727.0,1,0.173791,0.5788501,-0.05551022,-0.4061097,-0.02124495,-1.045701
IMU,257836359.0,1,0.1551767,0.6608496,-0.06029207,-0.4631366,0.003253081,-0.8601401
IMU,257875993.0,1,0.1192961,0.743163,-0.06480422,-0.3807103,-0.06639501,-0.9621338
IMU,257917060.0,1,0.1062931,0.8184735,-0.08251771,-0.4564023,0.04647464,-1.236065
IMU,257957797.0,1,0.1137096,0.8961169,-0.1001544,-0.3928231,0.07243927,-1.280378
IMU,257996941.0,1,0.1363942,0.9897213,-0.1192831,-0.2873665,0.09588193,-1.527141
IMU,258037360.0,1,0.1841489,1.09045,-0.146816,-0.3602038,0.1264179,-1.540108
IMU,258077503.0,1,0.206807,1.200605,-0.1604573,-0.252429,0.01581752,-1.703996
IMU,258119228.0,1,0.22565,1.277052,-0.1688455,-0.1592918,0.04572449,-2.038822
IMU,258159490.0,1,0.1989019,1.324001,-0.1803002,-0.1652317,0.09538031,-1.94228
IMU,258198397.0,1,0.1279003,1.383736,-0.1855732,-0.07007253,-0.1031761,-1.978368
IMU,258238395.0,1,0.07731301,1.365014,-0.1831696,0.08773886,0.01001167,-2.158847
IMU,258278902.0,1,0.0349839,1.312004,-0.188317,0.1503413,0.001911966,-2.268859
IMU,258319562.0,1,4.449611,-13.27133,1.547527,78.70984,-16.94713,-95.5539
IMU,258359710.0,1,1.815565,0.004294799,-1.234427,7.857746,12.04881,-5.555852
IMU,258399990.0,1,2.035754,-5.321703,-0.6353315,6.69071,4.409197,3.454673
IMU,258439723.0,1,0.9786078,-3.910598,-0.8250565,-4.62746,-3.123158,-0.9266735
IMU,258479765.0,1,1.010664,-2.09627,-0.1093056,-5.770921,-4.541212,0.8474919
IMU,258520291.0,1,1.20002,-0.6363685,0.001919405,-8.073606,-6.326676,-0.6861809
IMU,258559649.0,1,1.44306,0.7027254,0.237723,-7.565659,-6.851803,-0.897998
IMU,258600151.0,1,1.21343,1.544042,0.452319,-5.718144,-5.359742,-0.6030624
IMU,258640167.0,1,0.3359618,1.986079,0.5791536,-5.401978,-5.938336,-0.9143285
IMU,258680332.0,1,-0.8569756,2.242606,0.6646128,-5.884225,-6.373624,-1.71278
IMU,258720441.0,1,-2.122228,2.469846,0.7311198,-3.712389,-4.226763,-1.715867
IMU,258760395.0,1,-2.918332,3.049097,0.749067,-2.410478,-2.28124,-1.797789
IMU,258800362.0,1,-3.506432,4.936655,1.148972,-1.702807,2.829784,-9.710262
IMU,258840908.0,1,-0.5931594,7.596894,1.565228,2.353961,1.249963,-24.22999
IMU,258880734.0,1,-0.299733,-0.8364221,-0.4996633,2.482064,5.210277,4.537601
IMU,258920357.0,1,-1.262099,0.1576272,-0.1734686,0.8785481,-0.6287644,-7.36085
IMU,258960322.0,1,0.906587,0.2848029,-0.004142333,1.083124,-3.949223,-14.97833
IMU,259000928.0,1,0.5117032,-0.3405248,0.1020368,-1.195873,-0.1784603,-7.097053
IMU,259040487.0,1,0.1106835,-0.05010044,-0.008696552,-0.1478695,-1.726883,-10.11609
IMU,259080710.0,1,-0.1783657,0.07010591,0.005014525,0.1947913,-0.5872551,-9.584382
IMU,259121132.0,1,-0.1524965,0.06421369,-0.002971642,0.2255326,-0.8178764,-9.977738
IMU,259160850.0,1,0.008747794,-0.01940549,0.004448334,0.07015099,-0.9150336,-9.698404
IMU,259200951.0,1,-0.02573475,0.0102714,-0.00280356,0.13647,-1.030617,-9.765396
IMU,259240784.0,1,0.009062703,-0.00072213,0.005155095,0.1763971,-1.05479,-9.829198
IMU,259281193.0,1,-0.005048085,0.002443669,0.0001755115,0.1602004,-0.9603425,-9.666377
IMU,259321321.0,1,-0.004871401,-0.002845613,-0.0008149034,0.2155365,-0.9554982,-9.750892
IMU,259360947.0,1,0.001242054,-0.003348076,-0.0008722167,0.1314303,-0.9016181,-9.767492
IMU,259400788.0,1,-0.00545784,0.007037119,-0.004840167,0.1345165,-0.997029,-9.732197
IMU,259441262.0,1,-0.002206584,0.00111737,0.002040532,0.1734803,-1.017642,-9.816637
IMU,259480794.0,1,-0.001685875,0.003906771,-0.0002084367,0.09282424,-0.790265,-9.763592
IMU,259521792.0,1,0.001548306,0.007156197,-0.002307294,0.06652071,-1.008009,-9.673162
IMU,259561278.0,1,0.00137157,-0.0006875828,0.003372534,0.1503932,-0.9339443,-9.932646
IMU,259601850.0,1,-0.007902293,0.00816467,-0.003577524,0.1533774,-0.9476608,-9.782557
IMU,259641348.0,1,-0.0009594809,-0.00103911,-0.002044682,0.1217995,-0.9197714,-9.803818
IMU,259681700.0,1,-0.002950679,-0.0003644268,0.001311066,0.1065949,-0.9023692,-9.887618
IMU,259721413.0,1,0.0004258149,0.007190402,-0.001029324,0.1496094,-0.9443976,-9.785953
IMU,259761264.0,1,-0.003562891,-0.005103329,-0.003994077,0.1881792,-0.9094902,-9.911773
IMU,259801703.0,1,0.001078377,0.005710877,0.0007905851,0.2303147,-0.9097917,-9.921727
IMU,259841256.0,1,0.004561513,-0.001712242,0.0005489968,0.1601631,-0.8780666,-9.751944
IMU,259881559.0,1,-0.004263253,-0.003666942,0.0011292,0.1316578,-0.9774412,-9.752773
IMU,259921350.0,1,0.002628776,0.0004528689,0.004228429,0.1995763,-1.003693,-9.702628
IMU,259961240.0,1,-0.003142676,0.0008644005,0.0002256796,0.1562369,-0.9096136,-9.845443
IMU,260001705.0,1,0.001004016,0.003699034,2.582809e-05,0.1950074,-0.9989501,-9.748199
IMU,260041710.0,1,-0.004821878,0.0006331086,-0.0006094056,0.07829436,-0.9542543,-9.841704
IMU,260081299.0,1,0.001601928,-0.0002681246,0.0008909629,0.07743451,-0.9257802,-9.744459
IMU,260121360.0,1,0.001100976,6.26878e-05,-0.001908773,0.1312173,-1.038082,-9.8488
IMU,260161303.0,1,-0.004023532,0.0007592268,0.0003091456,0.06354601,-0.8306131,-9.763566
IMU,260201809.0,1,-0.001536241,0.0003422496,0.004734106,0.1018957,-0.9639466,-9.717874
IMU,260241646.0,1,-0.002592828,0.003584678,0.003670708,0.1679454,-1.03873,-9.836207
IMU,260281343.0,1,-0.004450835,0.0009274911,0.001112057,0.07977061,-0.9668739,-9.717074
IMU,260322289.0,1,-0.004089307,-0.00086259,-0.002119366,0.09431569,-0.898046,-9.862154
IMU,260362995.0,1,-0.005308927,0.004599596,0.002858513,0.07809111,-0.9308849,-9.636982
IMU,260402492.0,1,-0.0003038569,0.004347154,-0.0006844826,0.1721041,-0.9791809,-9.863136
IMU,260442256.0,1,-0.002907685,0.003059542,0.00302773,0.1979271,-0.8971585,-9.714062
IMU,260482131.0,1,-0.009031729,0.001742925,0.0004945247,0.09930386,-0.9232599,-9.812434
IMU,260522575.0,1,0.001071372,0.003500273,3.112401e-05,0.09365486,-0.9213804,-9.877594
IMU,260563575.0,1,-0.004700256,0.002472072,-0.0006971792,0.07735435,-1.022465,-9.832113
IMU,260603528.0,1,-0.002690348,0.006176773,0.001588588,0.1170649,-0.9811445,-9.858377
IMU,260642830.0,1,-0.0006251661,0.002373682,0.003329393,0.08859774,-0.9328504,-9.846295
IMU,260682776.0,1,-0.004155882,0.00231452,0.004120501,0.07854725,-1.066854,-9.860539
IMU,260724166.0,1,-0.001831873,0.003592482,0.003064067,0.09042078,-0.8953632,-9.922156
IMU,260763532.0,1,-0.001250688,0.0050764,-0.0004892626,0.1669267,-1.052041,-9.773494
IMU,260804361.0,1,1.110018e-05,0.002337283,0.003655626,0.1005065,-1.023499,-9.699012
IMU,256897197.0,2,0.07751234,-0.01976492,0.1343103,-0.751651,0.4535936,-10.28791
IMU,256939552.0,2,0.04969744,0.02568,0.1426794,-0.6360256,0.2084472,-10.22695
IMU,256979492.0,2,0.1158349,0.1610353,0.1554243,-1.082435,0.08381057,-9.32827
IMU,257020058.0,2,0.03324758,0.1392686,0.1718635,-1.169139,0.5014709,-9.664968
IMU,257062499.0,2,-0.1670387,0.1131191,0.1112746,-1.208752,0.2709343,-9.067962
IMU,257104325.0,2,-0.1084707,0.02509833,0.09330737,-0.9788771,0.2208989,-9.612579
IMU,257144982.0,2,-0.1389772,0.00399157,0.05147531,-0.9343666,0.4404235,-9.701287
IMU,257186524.0,2,-0.1168917,-0.02928451,0.05215835,-1.072294,0.7227563,-9.674108
IMU,257227380.0,2,-0.1799264,-0.05730149,-0.0013989,-1.066577,0.0884574,-9.564346
IMU,257270211.0,2,-0.1207044,-0.04082746,-0.04914254,-1.076146,0.209064,-8.984238
IMU,257310322.0,2,-0.03801263,-0.02755144,-0.06061035,-1.246813,0.2032559,-9.951501
IMU,257353313.0,2,-0.01254673,0.01621711,-0.05165487,-0.8582867,0.2553628,-9.665263
IMU,257394176.0,2,0.1649344,0.01842538,-0.07812864,-1.069977,0.5012139,-9.372679
IMU,257434753.0,2,-0.1055115,0.05008354,-0.1273293,-1.356268,0.1075458,-8.319203
IMU,257474876.0,2,0.01231522,0.1070156,-0.07951036,-0.2562413,0.3152971,-1.813474
IMU,257515399.0,2,0.2026412,0.2591802,-0.02522018,-0.485661,-0.1478147,-0.8650361
IMU,257555215.0,2,0.04690671,0.3236427,-0.03679834,-0.3527815,-0.3092434,-0.5929772
IMU,257595327.0,2,0.09630197,0.3952719,-0.04781207,-0.3257643,-0.2067298,-0.5933352
IMU,257635205.0,2,0.1702585,0.3915508,-0.06750349,-0.3351005,-0.01897756,-0.5412176
IMU,257674987.0,2,0.1545969,0.4369138,-0.07497872,-0.3477734,-0.05961952,-0.564523
IMU,257715805.0,2,0.1450132,0.47171,-0.07404063,-0.3642713,-0.02382257,-0.6694717
IMU,257756388.0,2,0.1872561,0.5436723,-0.07998312,-0.3706524,-0.09335338,-0.9469278
IMU,257795727.0,2,0.1847984,0.5874444,-0.08925634,-0.3695866,-0.1074444,-1.100363
IMU,257836359.0,2,0.1658396,0.6702785,-0.09489924,-0.4815967,-0.117882,-1.04491
IMU,257875993.0,2,0.1311289,0.7588984,-0.1078472,-0.4595952,-0.1158077,-1.171197
IMU,257917060.0,2,0.124462,0.8330715,-0.1260238,-0.4269046,-0.06438322,-1.28512
IMU,257957797.0,2,0.1329172,0.9106718,-0.145907,-0.3858821,-0.0682944,-1.385612
IMU,257996941.0,2,0.1629167,1.010056,-0.1726038,-0.3793755,-0.01348142,-1.542801
IMU,258037360.0,2,0.2059328,1.107402,-0.2036644,-0.3686398,-0.05000905,-1.688953
IMU,258077503.0,2,0.2308254,1.217082,-0.2227138,-0.325972,-0.03191383,-1.81356
IMU,258119228.0,2,0.2453146,1.29555,-0.2362615,-0.2525881,-0.0391884,-1.960382
IMU,258159490.0,2,0.2211147,1.34381,-0.2476087,-0.2345767,-0.07453927,-2.105726
IMU,258198397.0,2,0.1489674,1.400819,-0.2492851,-0.1742516,-0.1863058,-2.193117
IMU,258238395.0,2,0.1024206,1.386791,-0.2501308,-0.05960416,-0.1177765,-2.113938
IMU,258278902.0,2,0.05806769,1.327985,-0.2527334,0.02960085,-0.1405185,-2.532959
IMU,258319562.0,2,4.233704,-14.25323,1.014349,49.37387,-3.273641,-33.77248
IMU,258359710.0,2,0.9778082,-2.971096,-1.666251,-3.91651,11.65276,-17.80651
IMU,258399990.0,2,1.784169,-5.404469,-0.5726801,6.866809,4.342942,4.650498
IMU,258439723.0,2,0.8724073,-3.902593,-0.7022072,-4.290065,-2.371828,-2.08108
IMU,258479765.0,2,0.9937795,-2.162744,-0.06246603,-5.95405,-4.226216,0.302173
IMU,258520291.0,2,1.188226,-0.6165615,-0.005004313,-7.942564,-6.228595,-1.309669
IMU,258559649.0,2,1.445695,0.7492115,0.1704542,-7.608568,-6.671962,-1.226146
IMU,258600151.0,2,1.247136,1.566229,0.3657393,-5.917667,-5.129934,-0.7656403
IMU,258640167.0,2,0.3267567,2.02046,0.5008293,-5.733383,-5.603973,-1.062853
IMU,258680332.0,2,-0.8836242,2.300475,0.6077021,-6.168089,-6.069494,-1.815397
IMU,258720441.0,2,-2.107404,2.550905,0.69765,-4.096958,-4.253975,-2.090441
IMU,258760395.0,2,-2.898116,3.163378,0.7127595,-2.576071,-2.355554,-2.511103
IMU,258800362.0,2,-3.416646,5.187766,1.030822,-1.539732,2.548464,-12.11962
IMU,258840908.0,2,-0.5563219,7.643344,1.346879,1.393343,1.951971,-24.82545
IMU,258880734.0,2,0.3130877,-1.114412,-0.5107961,2.75386,3.60411,0.6870474
IMU,258920357.0,2,-0.9874983,0.0209113,-0.1879805,0.7368623,-1.296921,-7.111134
IMU,258960322.0,2,0.7856716,0.1920518,-0.03798844,0.330659,-3.410487,-13.64365
IMU,259000928.0,2,0.5548018,-0.2861662,0.1083159,-1.098074,-0.4275554,-7.688302
IMU,259040487.0,2,0.114661,-0.04696707,-0.01426565,-0.2682723,-1.860218,-10.2588
IMU,259080710.0,2,-0.1553555,0.07429306,0.005602909,0.05892757,-0.9195871,-9.677335
IMU,259121132.0,2,-0.1423912,0.06091708,-0.003322231,0.09308234,-1.046368,-9.911516
IMU,259160850.0,2,0.01086683,-0.01115809,0.004447751,0.03500327,-1.080948,-9.76827
IMU,259200951.0,2,-0.02412583,0.007663305,-0.00202118,-0.03597776,-1.181809,-9.819789
IMU,259240784.0,2,0.01001118,-0.002277654,0.001698385,0.002831748,-1.15904,-9.820293
IMU,259281193.0,2,-0.006811652,0.002688175,-0.001217781,0.004934825,-1.109318,-9.793735
IMU,259321321.0,2,-0.005104503,0.001814729,0.001836652,-0.02943682,-1.169607,-9.829233
IMU,259360947.0,2,-0.001316065,0.002111997,0.0005440895,-0.0003696668,-1.12721,-9.804749
IMU,259400788.0,2,-0.003648954,0.0007945336,1.106013e-05,-0.004685834,-1.142283,-9.808775
IMU,259441262.0,2,-0.0002769962,0.0007289774,0.0005108424,-0.01081053,-1.131366,-9.796618
IMU,259480794.0,2,-0.001582191,0.0004163303,7.272504e-05,-0.01349092,-1.131585,-9.802799
IMU,259521792.0,2,-0.001952255,0.0003683483,-0.0008837861,-0.01208071,-1.134028,-9.803632
IMU,259561278.0,2,-0.0002323585,0.001112015,-0.000582523,-0.004326737,-1.138846,-9.817263
IMU,259601850.0,2,0.0004288668,-0.0002896794,-0.0009515358,-0.008370387,-1.134547,-9.827314
IMU,259641348.0,2,-6.171493e-05,0.0009778001,-0.0004759439,0.0004963503,-1.141033,-9.793913
IMU,259681700.0,2,-0.0007118304,0.0008132063,-0.0002625624,0.006971272,-1.133891,-9.81348
IMU,259721413.0,2,-0.002160525,0.0002082395,0.001154254,-0.01426072,-1.134815,-9.801669
IMU,259761264.0,2,-0.0005726987,0.001092789,-0.000719189,-0.01456031,-1.133411,-9.800734
IMU,259801703.0,2,-0.0005718815,0.000225388,-1.223419e-05,0.001118524,-1.122989,-9.803846
IMU,259841256.0,2,-0.0007015592,0.001603794,0.000611353,0.0007349327,-1.127906,-9.815069
IMU,259881559.0,2,-0.001111221,0.0007942474,0.0004479265,-0.002111452,-1.134391,-9.805037
IMU,259921350.0,2,-0.001511088,-0.0001580887,0.0005530862,-0.003393817,-1.124799,-9.795091
IMU,259961240.0,2,6.233007e-05,0.000329158,8.421798e-05,-0.004535737,-1.13201,-9.786291
IMU,260001705.0,2,-0.0004713828,0.001500172,0.001547649,-0.00848973,-1.1373,-9.79073
IMU,260041710.0,2,-0.0009940818,-0.0002088773,-0.0001273662,-0.01185441,-1.128554,-9.794915
IMU,260081299.0,2,-8.452927e-05,-0.0003815193,0.0002988728,-0.01628038,-1.129292,-9.80732
IMU,260121360.0,2,-0.002219565,0.0008471297,-0.0004835058,-0.008906309,-1.130862,-9.800796
IMU,260161303.0,2,-0.001463325,0.0004516133,0.0001907189,-0.004466279,-1.132691,-9.807076
IMU,260201809.0,2,-0.0008933226,0.001444011,0.0001638976,-0.01232791,-1.125256,-9.791778
IMU,260241646.0,2,-0.0008415458,7.404345e-05,0.001006678,0.005117346,-1.130245,-9.813107
IMU,260281343.0,2,-0.0002130691,0.0002091605,0.0006476507,0.002887783,-1.134847,-9.804966
IMU,260322289.0,2,-0.00152942,0.001846781,-0.0003229726,-0.02113122,-1.131221,-9.790776
IMU,260362995.0,2,-0.0006116612,0.0003118668,4.584173e-05,-0.01083154,-1.130421,-9.814117
IMU,260402492.0,2,-0.001759556,0.001396896,-0.001343375,0.006925688,-1.132373,-9.81865
IMU,260442256.0,2,-0.001067223,-0.0004402373,0.0006498281,-0.006997169,-1.140385,-9.806558
IMU,260482131.0,2,-0.001150822,0.0007758201,-0.0001589965,-0.01042198,-1.135435,-9.804844
IMU,260522575.0,2,-0.0002463175,0.001151243,-0.0004093765,-0.02396803,-1.126164,-9.809091
IMU,260563575.0,2,-0.001062918,0.0008829356,0.000781851,-0.01031588,-1.134822,-9.808141
IMU,260603528.0,2,-0.001273874,0.0002599414,-0.0004255561,-0.01125048,-1.142156,-9.786605
IMU,260642830.0,2,-0.002292378,0.000759562,-0.0006305722,0.002507634,-1.139542,-9.799621
IMU,260682776.0,2,-0.0006361585,-0.000735453,0.0002607161,-0.007779076,-1.132853,-9.809114
IMU,260724166.0,2,-0.001577988,0.001496021,-0.0005832012,-0.003062154,-1.132199,-9.807412
IMU,260763532.0,2,-0.000331002,0.001609316,-0.0005862802,-0.01559829,-1.124093,-9.805896
IMU,260804361.0,2,0.000168716,0.001097175,2.535043e-05,-0.01044037,-1.124394,-9.796146
