ARM,489540312.0,0.0
AHR2,488819948.0,3.93,-8.42,209.08,475.8,43.2375773,-7.6813886
AHR2,488923964.0,3.23,-9.44,208.65,475.61,43.2375738,-7.6813911
AHR2,489027009.0,2.71,-11.59,208.4,475.44,43.2375705,-7.6813941
AHR2,489130981.0,3.18,-11.55,208.26,475.62,43.2375667,-7.6813976
AHR2,489234529.0,3.16,-10.4,208.2,475.71,43.237563,-7.681401
AHR2,489337996.0,3.49,-8.4,208.3,475.71,43.2375595,-7.6814042
AHR2,489441337.0,4.52,-6.68,208.61,476.01,43.2375558,-7.6814075
AHR2,489545314.0,5.03,-5.75,208.95,475.91,43.237551,-7.6814113
AHR2,489645232.0,5.49,-4.46,209.39,475.27,43.2375472,-7.6814146
AHR2,489745905.0,6.33,-1.76,209.79,473.8,43.2375443,-7.6814189
AHR2,489845976.0,7.01,1.2,210.09,473.95,43.2375407,-7.6814225
AHR2,489946388.0,7.41,4.57,210.42,473.81,43.2375371,-7.6814254
AHR2,490046320.0,7.97,8.81,210.87,473.74,43.2375335,-7.6814288
AHR2,490146907.0,8.35,14.26,211.47,473.84,43.2375302,-7.6814317
AHR2,490246785.0,8.28,20.47,212.23,473.36,43.2375267,-7.681435
AHR2,490347361.0,8.41,26.73,212.92,472.85,43.2375238,-7.681437
AHR2,490447407.0,25.4,-8.23,209.28,471.72,43.2375203,-7.6814401
AHR2,490548582.0,32.18,-25.05,213.02,469.97,43.2375172,-7.6814425
AHR2,490648618.0,44.27,-36.05,214.26,470.32,43.2375141,-7.6814452
AHR2,490748257.0,42.92,-39.51,226.26,470.19,43.2375211,-7.6814512
AHR2,490848254.0,20.83,-34.24,244.69,470.14,43.2375216,-7.681455
AHR2,490948589.0,13.93,-8.38,254.59,470.36,43.2375202,-7.6814441
AHR2,491048262.0,16.68,-15.07,252.5,470.19,43.23752,-7.6814428
AHR2,491148228.0,17.45,-15.19,252.1,470.19,43.2375211,-7.6814446
AHR2,491248226.0,17.02,-14.82,252.12,470.04,43.2375214,-7.6814444
AHR2,491348183.0,16.78,-14.49,252.13,470.28,43.2375206,-7.6814446
AHR2,491448256.0,16.7,-14.31,252.08,470.09,43.2375205,-7.6814446
AHR2,491548007.0,16.64,-14.13,252.04,470.04,43.2375206,-7.6814443
AHR2,491648122.0,16.59,-13.95,251.99,470.29,43.2375207,-7.6814443
AHR2,491748266.0,16.54,-13.77,251.95,470.18,43.2375207,-7.681444
AHR2,491848159.0,16.5,-13.6,251.9,470.07,43.2375206,-7.6814439
AHR2,491948574.0,16.45,-13.44,251.86,470.14,43.2375208,-7.6814435
AHR2,492048864.0,16.4,-13.27,251.82,470.32,43.2375208,-7.6814434
AHR2,492148402.0,16.36,-13.12,251.78,470.28,43.2375211,-7.6814433
AHR2,492248365.0,16.31,-12.96,251.74,470.25,43.2375211,-7.6814433
AHR2,492348900.0,16.27,-12.81,251.7,470.11,43.2375212,-7.6814429
AHR2,492448571.0,16.23,-12.66,251.67,470.23,43.2375212,-7.6814429
AHR2,492549367.0,16.18,-12.52,251.64,470.32,43.2375214,-7.6814425
AHR2,492649489.0,16.14,-12.37,251.6,470.28,43.2375214,-7.6814424
ATT,488819414.0,2.39,2.97,-14.01,-8.75,213.69,215.92
ATT,488923361.0,2.2,2.29,-13.75,-9.83,213.71,215.55
ATT,489026532.0,2.57,1.86,-13.07,-11.99,213.68,215.26
ATT,489130510.0,3.08,2.39,-12.07,-11.91,213.65,215.09
ATT,489234162.0,3.58,2.35,-10.59,-10.63,213.65,214.97
ATT,489337513.0,4.04,2.68,-9.12,-8.57,213.66,215.03
ATT,489440863.0,4.17,3.69,-8.18,-6.93,213.68,215.34
ATT,489544806.0,3.89,4.19,-7.95,-5.99,215.65,215.69
ATT,489644862.0,2.14,4.67,-5.12,-4.63,216.05,216.1
ATT,489745501.0,1.08,5.58,-2.59,-1.87,216.4,216.46
ATT,489845578.0,0.55,6.37,-1.32,1.13,216.7,216.76
ATT,489945979.0,0.28,6.79,-0.67,4.81,216.99,217.05
ATT,490045863.0,0.14,7.32,-0.34,9.58,217.35,217.43
ATT,490146417.0,0.07,7.71,-0.17,15.55,217.86,217.94
ATT,490246341.0,0.03,7.7,-0.08,22.27,218.49,218.57
ATT,490346890.0,0.01,7.92,-0.04,29.05,219.07,219.16
ATT,490446967.0,0.0,24.73,-0.02,-5.67,215.73,215.94
ATT,490548218.0,0.0,31.37,-0.01,-20.57,219.96,220.23
ATT,490648235.0,0.0,42.6,0.0,-28.65,222.17,222.55
ATT,490747846.0,0.0,42.15,0.0,-30.1,234.1,234.48
ATT,490847879.0,0.0,22.5,0.0,-23.94,251.45,251.66
ATT,490948184.0,0.0,16.1,0.0,4.07,262.34,262.48
ATT,491047854.0,0.0,16.88,0.0,0.32,261.08,261.23
ATT,491147780.0,0.0,16.95,0.0,1.32,261.35,261.5
ATT,491247780.0,0.0,16.79,0.0,1.29,261.4,261.55
ATT,491347733.0,0.0,16.77,0.0,1.29,261.43,261.58
ATT,491447785.0,0.0,16.79,0.0,1.29,261.4,261.54
ATT,491547567.0,0.0,16.81,0.0,1.29,261.33,261.48
ATT,491647578.0,0.0,16.85,0.0,1.29,261.22,261.37
ATT,491747785.0,0.0,16.88,0.0,1.29,261.1,261.24
ATT,491847728.0,0.0,16.92,0.0,1.28,260.91,261.06
ATT,491948162.0,0.0,16.97,0.0,1.26,260.62,260.76
ATT,492048389.0,0.0,17.05,0.0,1.24,260.15,260.3
ATT,492148125.0,0.0,17.13,0.0,1.21,259.66,259.81
ATT,492248007.0,0.0,17.22,0.0,1.18,259.15,259.3
ATT,492348540.0,0.0,17.27,0.0,1.17,258.87,259.02
ATT,492448001.0,0.0,17.35,0.0,1.14,258.43,258.58
ATT,492549020.0,0.0,17.42,0.0,1.12,258.09,258.24
ATT,492649067.0,0.0,17.48,0.0,1.1,257.75,257.91
BARO,488814761.0,0,4.171251,96581.66,41.77
BARO,488918915.0,0,3.98758,96583.65,41.77
BARO,489021558.0,0,3.818036,96585.48,41.77
BARO,489125485.0,0,3.990405,96583.64,41.77
BARO,489228801.0,0,4.08648,96582.59,41.77
BARO,489332568.0,0,4.089305,96582.55,41.78
BARO,489436211.0,0,4.38318,96579.39,41.77
BARO,489540526.0,0,4.287106,96580.41,41.77
BARO,489640212.0,0,3.645668,96587.37,41.77
BARO,489740987.0,0,2.176293,96603.25,41.78
BARO,489840928.0,0,2.323231,96601.65,41.77
BARO,489941368.0,0,2.184771,96603.16,41.77
BARO,490041339.0,0,2.111302,96603.96,41.77
BARO,490141343.0,0,2.218679,96602.79,41.77
BARO,490241348.0,0,1.738307,96608.0,41.77
BARO,490341840.0,0,1.2212,96613.57,41.77
BARO,490441958.0,0,0.09373806,96625.79,41.77
BARO,490542857.0,0,-1.652557,96644.69,41.76
BARO,490643009.0,0,-1.307819,96640.94,41.76
BARO,490742882.0,0,-1.43215,96642.29,41.76
BARO,490842874.0,0,-1.488665,96642.91,41.75
BARO,490942767.0,0,-1.268259,96640.52,41.75
BARO,491043229.0,0,-1.434976,96642.33,41.75
BARO,491143247.0,0,-1.43215,96642.28,41.75
BARO,491243324.0,0,-1.587565,96643.98,41.75
BARO,491343305.0,0,-1.344553,96641.34,41.75
BARO,491443316.0,0,-1.533876,96643.39,41.75
BARO,491543302.0,0,-1.587565,96643.98,41.75
BARO,491643223.0,0,-1.336076,96641.25,41.75
BARO,491743240.0,0,-1.443453,96642.42,41.75
BARO,491843205.0,0,-1.556482,96643.63,41.76
BARO,491943564.0,0,-1.488665,96642.91,41.75
BARO,492043563.0,0,-1.307819,96640.96,41.76
BARO,492143571.0,0,-1.341727,96641.3,41.77
BARO,492243795.0,0,-1.37281,96641.64,41.77
BARO,492343542.0,0,-1.514096,96643.19,41.77
BARO,492443720.0,0,-1.39259,96641.87,41.77
BARO,492544546.0,0,-1.304993,96640.93,41.77
BARO,492644718.0,0,-1.347379,96641.39,41.78
BARO,488814761.0,1,3.868899,96705.56,33.8
BARO,488918915.0,1,3.801082,96706.3,33.8
BARO,489021558.0,1,3.815211,96706.13,33.8
BARO,489125485.0,1,3.818036,96706.11,33.8
BARO,489228801.0,1,3.925414,96704.95,33.79
BARO,489332568.0,1,3.979102,96704.37,33.79
BARO,489436211.0,1,4.12604,96702.76,33.79
BARO,489540526.0,1,3.933891,96704.86,33.8
BARO,489640212.0,1,3.450693,96710.07,33.79
BARO,489740987.0,1,2.391048,96721.55,33.79
BARO,489840928.0,1,2.396699,96721.49,33.79
BARO,489941368.0,1,2.263891,96722.95,33.79
BARO,490041339.0,1,2.196073,96723.67,33.79
BARO,490141343.0,1,1.964364,96726.17,33.79
BARO,490241348.0,1,1.613975,96729.98,33.79
BARO,490341840.0,1,1.16186,96734.89,33.79
BARO,490441958.0,1,-0.6861606,96754.91,33.79
BARO,490542857.0,1,-2.067937,96769.87,33.79
BARO,490643009.0,1,-1.468885,96763.38,33.79
BARO,490742882.0,1,-1.573436,96764.5,33.79
BARO,490842874.0,1,-1.341727,96762.0,33.78
BARO,490942767.0,1,-1.567785,96764.45,33.78
BARO,491043229.0,1,-1.632777,96765.16,33.78
BARO,491143247.0,1,-1.542354,96764.19,33.78
BARO,491243324.0,1,-1.483013,96763.54,33.78
BARO,491343305.0,1,-1.570611,96764.48,33.78
BARO,491443316.0,1,-1.649731,96765.33,33.78
BARO,491543302.0,1,-1.697768,96765.88,33.78
BARO,491643223.0,1,-1.615822,96764.96,33.78
BARO,491743240.0,1,-1.74298,96766.37,33.78
BARO,491843205.0,1,-1.757108,96766.49,33.78
BARO,491943564.0,1,-1.70342,96765.92,33.78
BARO,492043563.0,1,-1.785365,96766.8,33.78
BARO,492143571.0,1,-1.658208,96765.44,33.77
BARO,492243795.0,1,-1.677988,96765.64,33.77
BARO,492343542.0,1,-1.677988,96765.66,33.77
BARO,492443720.0,1,-1.805146,96767.02,33.77
BARO,492544546.0,1,-1.76276,96766.56,33.77
BARO,492644718.0,1,-1.745805,96766.38,33.77
GPS,488887750.0,3,19,43.2375789,-7.6813866,474.37,4.375,0.373,0.0
GPS,489095303.0,3,19,43.2375721,-7.6813927,474.29,4.742,0.38,0.0
GPS,489301818.0,3,19,43.2375649,-7.6813992,474.2,4.742,0.513,0.0
GPS,489489439.0,3,19,43.2375575,-7.6814055,474.05,4.959,0.748,0.0
GPS,489690571.0,3,19,43.2375504,-7.6814126,474.0,4.933,0.383,0.0
GPS,489891294.0,3,19,43.2375433,-7.6814195,473.65,4.874,2.947,0.0
GPS,490091789.0,3,19,43.2375362,-7.6814261,472.92,4.716,4.533,0.0
GPS,490311922.0,3,19,43.2375291,-7.6814323,471.8,4.591,6.259,0.0
GPS,490491971.0,3,18,43.2375226,-7.681438,470.44,4.06,7.631001,0.0
GPS,490693165.0,3,18,43.2375201,-7.6814445,469.27,3.198,4.038,0.0
GPS,490873156.0,3,18,43.2375206,-7.6814465,468.88,1.051,0.372,0.0
GPS,491093189.0,3,18,43.2375207,-7.681445,468.84,0.364,-0.143,0.0
GPS,491313165.0,3,18,43.2375207,-7.6814446,468.83,0.118,0.261,0.0
GPS,491493743.0,3,17,43.2375206,-7.6814444,468.8,0.081,0.284,0.0
GPS,491693710.0,3,18,43.2375207,-7.6814442,468.79,0.121,0.255,0.0
GPS,491893533.0,3,17,43.2375208,-7.6814436,468.78,0.06900001,0.198,0.0
GPS,492094158.0,3,17,43.2375211,-7.6814433,468.82,0.003,0.09100001,0.0
GPS,492313794.0,3,17,43.2375212,-7.681443,468.84,0.06500001,-0.013,0.0
GPS,492493906.0,3,17,43.2375214,-7.6814426,468.86,0.062,-0.005,0.0
IMU,488767397.0,0,-0.09722736,0.1514506,-0.05115119,-0.5061679,0.5543277,-9.772763
IMU,488807394.0,0,0.0225105,-0.1583703,-0.0609779,-0.3922922,-0.8445886,-9.402762
IMU,488846833.0,0,-0.04591301,-0.1270811,-0.08833232,-1.38974,-0.3590221,-9.171671
IMU,488889918.0,0,-0.03408188,-0.1442829,-0.08195508,-0.67285,0.2423289,-8.404567
IMU,488931494.0,0,-0.1724881,-0.3736856,-0.145142,-0.208175,-0.113098,-9.66947
IMU,488973922.0,0,0.09917105,-0.4292196,-0.01159798,-0.630267,0.1177393,-9.303435
IMU,489014269.0,0,0.08229564,-0.3624204,-0.06135229,-1.006032,0.3043249,-9.060891
IMU,489053844.0,0,-0.03720262,-0.09285613,0.01075512,-1.521352,0.2228289,-9.245599
IMU,489099983.0,0,0.141569,0.0075528,0.01127937,-0.5576274,0.2381153,-9.343835
IMU,489140530.0,0,-0.04634912,0.1701186,0.005623699,-1.614384,-0.3766305,-8.749887
IMU,489184381.0,0,-0.06606073,0.2004031,-0.02447591,-0.8207951,-0.1104066,-9.180532
IMU,489224187.0,0,0.1672535,0.289073,-0.009929036,-0.2401109,0.2593843,-10.09033
IMU,489263576.0,0,-0.224189,0.2931897,0.03047223,-0.8109866,-0.185437,-9.515153
IMU,489312555.0,0,0.4048589,0.3040302,0.06208035,-0.5607148,0.1332326,-9.330683
IMU,489352490.0,0,0.1567605,0.3429312,0.03206452,-0.7105369,0.009621891,-10.08096
IMU,489395495.0,0,0.124613,0.3254142,0.03377429,-1.54277,-0.3458605,-9.549983
IMU,489436338.0,0,0.1646253,0.2551679,0.0664655,-1.017958,0.1589789,-9.617461
IMU,489475796.0,0,0.1629347,0.1774968,-0.02195789,-0.02432323,0.2545253,-10.41599
IMU,489519969.0,0,-0.1460018,0.1164444,0.0756976,-1.440744,0.3100648,-9.745943
IMU,489560266.0,0,0.1125042,0.1562186,0.01488001,-1.610418,0.301783,-9.319489
IMU,489599860.0,0,0.2148289,0.07868117,0.08823767,-0.3197327,0.107222,-2.699142
IMU,489640356.0,0,-0.02626709,0.4618624,0.08821566,-0.7714512,-0.5430124,0.1523581
IMU,489679983.0,0,0.2036458,0.4758759,0.06953392,-0.5426428,-0.06757765,-0.7032613
IMU,489720768.0,0,0.1910308,0.4913656,0.02977794,-0.2640342,-0.08992177,-0.6392066
IMU,489760954.0,0,0.1321466,0.4714965,0.02603554,-0.225599,-0.1831435,-0.3536937
IMU,489800556.0,0,0.1478938,0.5177528,0.02179335,-0.3026933,-0.04389494,-0.6003608
IMU,489841227.0,0,0.1097257,0.5715889,0.01639238,-0.2542273,-0.06370149,-0.5888715
IMU,489880723.0,0,0.07211106,0.6065242,0.01452489,-0.3393604,-0.04290782,-0.5597084
IMU,489920998.0,0,0.06210351,0.6716582,0.01071416,-0.3230259,-0.02006399,-0.8589411
IMU,489961270.0,0,0.07248852,0.7526264,0.01046457,-0.2986896,-0.03172332,-0.9531546
IMU,490000926.0,0,0.08733121,0.8332607,0.01214113,-0.2889072,-0.03640827,-1.115409
IMU,490041567.0,0,0.08079784,0.9052791,0.0178612,-0.272492,-0.02202685,-1.228197
IMU,490080987.0,0,0.06650794,0.9862562,0.02155583,-0.2716791,-0.01977262,-1.357618
IMU,490121394.0,0,0.03536871,1.07126,0.01453394,-0.2154388,-0.05750897,-1.553573
IMU,490161799.0,0,-0.02100484,1.142829,0.01665921,-0.1548,-0.07501648,-1.752839
IMU,490201766.0,0,-0.03852494,1.17808,0.02869416,-0.135825,-0.004676325,-1.908185
IMU,490241714.0,0,-0.06316007,1.209683,0.02554284,-0.0522863,0.01889698,-1.922836
IMU,490281502.0,0,-0.03078603,1.215653,0.01183314,0.01730835,0.1385457,-1.838715
IMU,490321921.0,0,0.01912325,1.175309,0.007770672,0.09137548,0.05314962,-2.02296
IMU,490362269.0,0,0.009766977,1.136546,-0.002686607,0.1320617,0.03458404,-2.299703
IMU,490402384.0,0,-0.2659176,0.09257703,-0.0557077,3.998679,-0.3872311,-6.134344
IMU,490442280.0,0,8.319367,-2.376837,0.2256491,-88.39043,-8.82113,-14.38404
IMU,490481853.0,0,8.366036,-3.052927,2.022306,5.556036,5.113753,10.3582
IMU,490523339.0,0,0.6105019,-1.672981,1.647049,-0.3333375,-0.7482804,1.031983
IMU,490563258.0,0,2.08194,-1.481018,1.396689,0.3332971,1.462129,0.09744679
IMU,490602755.0,0,2.218858,-1.2177,0.9829305,-1.236018,-2.502188,-0.1971674
IMU,490643344.0,0,1.869547,-0.2308044,0.9228432,-3.368352,-2.448216,-1.360412
IMU,490683722.0,0,1.060666,0.4341646,1.294533,-4.79178,-4.465019,0.8870381
IMU,490722772.0,0,0.9064932,1.18672,1.736633,-9.651136,-8.768177,-0.3527049
IMU,490763225.0,0,-1.313576,1.688077,1.776042,-8.872991,-11.2922,0.4758224
IMU,490802887.0,0,-2.102792,2.281327,1.750534,-3.379438,-2.546506,-0.9311799
IMU,490843247.0,0,-3.098604,2.732772,1.912629,-4.020764,-2.021427,-1.889496
IMU,490886202.0,0,-3.381197,5.50632,1.571481,-12.88672,7.639522,-11.80242
IMU,490925195.0,0,1.158392,7.776921,0.4433782,0.3799344,4.540123,-11.23702
IMU,490965217.0,0,-3.947869,-2.153901,0.06787861,10.11914,-1.975574,-11.43084
IMU,491005487.0,0,1.048843,-0.7848087,-0.2250091,-3.799044,-0.8779186,-3.063481
IMU,491045549.0,0,1.101465,0.2633652,-0.3467893,-3.678057,-3.235332,-7.689494
IMU,491085295.0,0,-0.263957,0.2133858,0.09661634,1.898984,-6.47466,-12.89734
IMU,491125215.0,0,0.3763366,-0.06073372,-0.03375103,-1.855699,0.8208889,-9.132306
IMU,491165561.0,0,-0.1881001,0.005132946,0.03201827,-0.3333201,-2.913374,-9.203957
IMU,491205738.0,0,-0.05064241,0.003087822,0.00279032,-0.8542852,-1.842312,-10.14892
IMU,491245376.0,0,0.02471526,3.47448e-05,-0.003774687,-0.7585251,-2.023838,-9.335163
IMU,491285177.0,0,0.05068766,0.001434736,-0.005199887,-0.7879589,-1.505501,-9.658472
IMU,491325251.0,0,-0.01149906,0.001848348,-0.001877223,-0.8274981,-1.65682,-9.52865
IMU,491365696.0,0,0.01076557,0.003173134,0.0002603482,-0.8367884,-1.692257,-9.477107
IMU,491405574.0,0,0.003176888,0.001107197,-0.0005939128,-0.8205935,-1.598529,-9.574039
IMU,491445236.0,0,-0.006420166,0.0009761049,6.07849e-05,-0.8241738,-1.676472,-9.512035
IMU,491485177.0,0,0.001268345,0.001020043,0.0006561039,-0.8222528,-1.672448,-9.548219
IMU,491525302.0,0,-0.001804436,0.001849092,-0.0008026055,-0.8122555,-1.654824,-9.54641
IMU,491565579.0,0,3.359959e-05,0.001388685,-0.000234778,-0.8219235,-1.671856,-9.540037
IMU,491605883.0,0,-0.0002203561,0.002454039,0.0005067732,-0.8176715,-1.653387,-9.534392
IMU,491645242.0,0,-0.00185691,0.001566065,-0.000313205,-0.8183206,-1.65775,-9.53284
IMU,491685215.0,0,-0.00255919,0.002196534,-0.0007757668,-0.825592,-1.67008,-9.546702
IMU,491725306.0,0,-0.0008820358,0.000114951,-0.001337175,-0.8243561,-1.650473,-9.545485
IMU,491765525.0,0,-0.002053657,-0.0005283256,3.369573e-05,-0.8164473,-1.659548,-9.542499
IMU,491805729.0,0,-0.0003597676,0.002473345,0.0009609574,-0.8088898,-1.666425,-9.533075
IMU,491845272.0,0,2.268823e-05,0.001455422,-2.275496e-05,-0.8151062,-1.681511,-9.530419
IMU,491885175.0,0,-0.001451564,0.0004902553,0.001079521,-0.8101346,-1.662081,-9.541342
IMU,491925795.0,0,-0.00150876,0.000935401,0.0004851968,-0.8163885,-1.666394,-9.537799
IMU,491965964.0,0,-0.000909878,0.001916102,0.0009439303,-0.8256401,-1.669203,-9.557073
IMU,492006122.0,0,-0.001474496,0.0005758338,-0.0002853083,-0.8126432,-1.669865,-9.524462
IMU,492045549.0,0,-0.001115292,0.001985818,-0.000306073,-0.8135509,-1.665059,-9.537237
IMU,492086372.0,0,-0.001723966,-0.0004771426,0.0007654753,-0.8187975,-1.66575,-9.524858
IMU,492125577.0,0,-0.001036913,0.0003999056,0.0006731657,-0.8168818,-1.664535,-9.532455
IMU,492165496.0,0,8.46204e-06,0.002034534,2.76102e-05,-0.8220814,-1.671058,-9.527212
IMU,492205947.0,0,-0.001437088,0.001234126,0.0006585857,-0.8218016,-1.658326,-9.536023
IMU,492245712.0,0,-0.0005277016,0.001273042,-0.0001051946,-0.8125945,-1.662615,-9.531154
IMU,492285712.0,0,-0.001714121,0.002236685,0.0006184389,-0.8207371,-1.677576,-9.531882
IMU,492328255.0,0,-0.001331452,0.001586106,-0.0008886674,-0.8139885,-1.674032,-9.519338
IMU,492368530.0,0,-0.0007964852,0.0009819659,0.0002819468,-0.8189279,-1.674985,-9.525241
IMU,492408359.0,0,-0.0009815427,-0.0005706166,0.0005645365,-0.8130124,-1.676548,-9.520366
IMU,492448904.0,0,-0.0002387877,0.001159174,0.001203828,-0.8236358,-1.673803,-9.517106
IMU,492488242.0,0,-0.0005321089,0.001402939,0.0009218204,-0.8198876,-1.661931,-9.537749
IMU,492528953.0,0,-0.0005670136,0.001260784,0.0002522203,-0.8153327,-1.660878,-9.52679
IMU,492569413.0,0,-0.00061942,0.002145219,-0.0004140274,-0.8184273,-1.662854,-9.532254
IMU,492609918.0,0,0.0002975264,0.001810496,-0.0001518211,-0.8195795,-1.669288,-9.538116
IMU,492649934.0,0,-0.0001195098,0.0005756237,0.0004599696,-0.8245059,-1.663192,-9.538631
IMU,492689229.0,0,-0.0008148449,0.001266798,0.0007969919,-0.8274407,-1.663497,-9.520758
IMU,488767397.0,1,-0.1281049,0.1491961,-0.04225047,-0.1804683,0.9132487,-9.709972
IMU,488807394.0,1,0.07991692,-0.1562925,-0.04861122,-0.4241665,-0.9207931,-9.605422
IMU,488846833.0,1,-0.02156324,-0.1799295,-0.07194462,-0.9859659,-0.488855,-9.260481
IMU,488889918.0,1,-0.05858238,-0.1178948,-0.06518467,-0.9045373,0.1114228,-8.546199
IMU,488931494.0,1,-0.1899194,-0.3344733,-0.1485002,-0.5170389,-0.04617198,-9.582708
IMU,488973922.0,1,0.02687377,-0.4338633,-0.04996835,-0.7188534,-0.3055277,-9.476398
IMU,489014269.0,1,0.1341596,-0.3310516,-0.0452003,-0.8349027,0.153094,-9.494362
IMU,489053844.0,1,-0.07478306,-0.1242108,-0.002098578,-1.631251,0.2258065,-9.127088
IMU,489099983.0,1,0.08178944,0.02441023,-0.02394368,-0.7849892,0.2304535,-9.123864
IMU,489140530.0,1,0.04050858,0.1406293,0.03806308,-1.739658,-0.337332,-8.996305
IMU,489184381.0,1,-0.09784786,0.216797,-0.01585144,-0.548586,-0.07283287,-9.244342
IMU,489224187.0,1,0.0693438,0.2766666,-0.01108525,-0.4130152,0.3602568,-10.55586
IMU,489263576.0,1,-0.1871379,0.3030926,0.0122777,-1.005771,-0.2091999,-9.611057
IMU,489312555.0,1,0.3440848,0.328002,0.05292411,-0.8494119,0.1779011,-9.448516
IMU,489352490.0,1,0.19253,0.3227347,0.04562217,-0.7740794,-0.1639527,-10.27788
IMU,489395495.0,1,0.231036,0.2859581,0.06407257,-1.154864,-0.3312429,-9.906021
IMU,489436338.0,1,0.1105923,0.2566692,0.09316059,-1.070444,0.1627454,-9.404513
IMU,489475796.0,1,0.1194378,0.2093777,-0.0006282516,-0.07989648,0.2934956,-10.41378
IMU,489519969.0,1,-0.07841405,0.108974,0.07279947,-1.204211,0.4548187,-9.686381
IMU,489560266.0,1,0.1248605,0.1222153,0.06138406,-1.430056,0.5743604,-9.538959
IMU,489599860.0,1,0.1955864,0.1435747,0.1126044,-0.5012501,-0.04393417,-2.568466
IMU,489640356.0,1,-0.003802284,0.4202506,0.1002729,-0.6055355,-0.4337185,-0.3089891
IMU,489679983.0,1,0.1999413,0.458883,0.09146941,-0.6156564,0.01746016,-0.6368966
IMU,489720768.0,1,0.1917288,0.4887883,0.05421422,-0.2581295,0.03685836,-0.9249234
IMU,489760954.0,1,0.1301209,0.473829,0.0456641,-0.3644421,-0.08321782,-0.4799136
IMU,489800556.0,1,0.1429947,0.5140842,0.04151548,-0.2997747,0.0832255,-0.6677334
IMU,489841227.0,1,0.1113275,0.5732191,0.04194109,-0.3369752,0.06885276,-0.8259146
IMU,489880723.0,1,0.07175207,0.6006007,0.03448752,-0.3284703,0.139659,-0.660435
IMU,489920998.0,1,0.0586476,0.6600633,0.03013935,-0.2580738,0.06009681,-1.070497
IMU,489961270.0,1,0.06836186,0.7427192,0.03163107,-0.3313209,0.1036589,-1.116188
IMU,490000926.0,1,0.08273531,0.8275857,0.03801624,-0.3291509,0.0110842,-1.336977
IMU,490041567.0,1,0.08341757,0.8950265,0.04230716,-0.4064699,0.1330703,-1.290981
IMU,490080987.0,1,0.06534217,0.9773058,0.04992402,-0.347709,0.06354364,-1.391738
IMU,490121394.0,1,0.03369315,1.058055,0.04685688,-0.3481963,0.1099717,-1.644792
IMU,490161799.0,1,-0.02082399,1.129304,0.04646738,-0.2266182,0.0007619717,-1.85325
IMU,490201766.0,1,-0.04255654,1.166158,0.05492787,-0.1877701,0.03139435,-2.057186
IMU,490241714.0,1,-0.06964606,1.196493,0.06006839,-0.0484432,0.1139391,-1.932898
IMU,490281502.0,1,-0.04003105,1.203691,0.042587,0.02485773,0.1861212,-1.95514
IMU,490321921.0,1,0.01623001,1.165635,0.04181671,0.07476667,0.1071565,-2.215768
IMU,490362269.0,1,0.00858918,1.123448,0.02634329,0.0398592,0.2125199,-2.460938
IMU,490402384.0,1,-0.2455471,0.2260846,-0.03886131,4.409696,-0.1586728,-6.947483
IMU,490442280.0,1,6.923195,-4.556705,0.8193066,-87.25795,-17.98447,-3.786654
IMU,490481853.0,1,8.105524,-3.106477,2.06219,4.868511,5.018516,11.88434
IMU,490523339.0,1,0.6551667,-1.671546,1.609512,-0.1573134,-0.4434142,0.7705479
IMU,490563258.0,1,2.032442,-1.475268,1.40502,0.3620102,1.436158,0.6590325
IMU,490602755.0,1,2.265235,-1.237946,1.021257,-1.201566,-2.496082,-0.6103876
IMU,490643344.0,1,1.865026,-0.286463,0.9496803,-3.446996,-2.449476,-1.33817
IMU,490683722.0,1,1.050202,0.43727,1.307404,-4.935386,-4.462352,0.9343762
IMU,490722772.0,1,1.008896,1.133658,1.751909,-9.931112,-8.967694,-0.8630128
IMU,490763225.0,1,-1.297645,1.721045,1.764767,-8.186914,-10.49138,0.01039226
IMU,490802887.0,1,-2.057262,2.288268,1.716519,-3.476421,-2.478017,-1.003959
IMU,490843247.0,1,-3.023507,2.728797,1.86229,-4.017744,-1.885726,-2.18017
IMU,490886202.0,1,-3.608578,5.332855,1.585415,-13.02403,8.438284,-9.960147
IMU,490925195.0,1,1.089554,7.638607,0.678697,0.7784553,4.376495,-11.04387
IMU,490965217.0,1,-3.76304,-2.123984,-0.2085818,10.17194,-2.209855,-12.59853
IMU,491005487.0,1,1.194005,-0.8498577,-0.1922401,-3.668681,-0.7767277,-3.658494
IMU,491045549.0,1,1.12339,0.1722226,-0.2930355,-3.624352,-3.188624,-7.665287
IMU,491085295.0,1,-0.113077,0.2638709,0.07716653,1.751512,-6.572598,-14.04769
IMU,491125215.0,1,0.3271365,-0.07265019,-0.01422536,-1.809016,0.9665449,-8.854446
IMU,491165561.0,1,-0.1073658,0.02318648,0.03848113,-0.359888,-2.891252,-9.676097
IMU,491205738.0,1,-0.02853915,0.00371743,-0.004110419,-0.808376,-1.738631,-10.42007
IMU,491245376.0,1,0.03856985,0.001219401,-0.001861444,-0.7384427,-2.035816,-9.496556
IMU,491285177.0,1,0.04769751,-0.0008758715,-0.0001717498,-0.7707052,-1.489499,-9.758302
IMU,491325251.0,1,-0.01366297,0.007069739,0.00130358,-0.786427,-1.509606,-9.579557
IMU,491365696.0,1,0.008934365,-0.0006937194,0.001030577,-0.8289334,-1.714916,-9.629419
IMU,491405574.0,1,-0.001851013,0.002622658,0.001528405,-0.8015194,-1.399173,-9.518422
IMU,491445236.0,1,-0.006707831,0.002044391,-0.0009193511,-0.7655756,-1.653547,-9.695827
IMU,491485177.0,1,-0.0001281626,0.0009481375,-0.00189668,-0.794531,-1.730581,-9.756858
IMU,491525302.0,1,0.0002993415,0.005437063,0.003007571,-0.8082296,-1.497253,-9.701514
IMU,491565579.0,1,-0.002561494,4.50859e-05,-0.001104358,-0.7788363,-1.629908,-9.713644
IMU,491605883.0,1,0.001928964,-0.0005832013,0.001315167,-0.7923433,-1.702098,-9.622632
IMU,491645242.0,1,-0.00521932,-1.901584e-05,-0.001824347,-0.8105024,-1.710176,-9.792165
IMU,491685215.0,1,-0.005666318,0.007211697,0.002377069,-0.8631893,-1.662345,-9.781032
IMU,491725306.0,1,-0.005909354,0.0007950285,0.006332969,-0.7901057,-1.610619,-9.701258
IMU,491765525.0,1,-0.001228225,0.009903406,0.006791487,-0.8012837,-1.712704,-9.697645
IMU,491805729.0,1,-0.006530278,-0.006763611,0.004669857,-0.7705332,-1.605245,-9.74474
IMU,491845272.0,1,-0.003476434,0.004318265,-0.0004635258,-0.8576984,-1.616355,-9.674341
IMU,491885175.0,1,-0.0004981082,-0.00480148,-0.0006542073,-0.7797098,-1.592081,-9.667525
IMU,491925795.0,1,-0.0006711234,0.003507101,0.001892725,-0.7353113,-1.512492,-9.73567
IMU,491965964.0,1,-0.003358772,0.002424448,0.0002353773,-0.800458,-1.61426,-9.754504
IMU,492006122.0,1,3.122705e-05,0.005508302,0.0005083572,-0.8277783,-1.637913,-9.79635
IMU,492045549.0,1,0.001750824,0.006857123,0.004651378,-0.80604,-1.62545,-9.746716
IMU,492086372.0,1,-0.000358832,0.001130285,-0.001744789,-0.8008643,-1.518653,-9.615705
IMU,492125577.0,1,-0.0005386451,0.003429274,-0.0007454361,-0.834373,-1.588875,-9.698962
IMU,492165496.0,1,-0.003672061,0.004908587,0.001600995,-0.8209365,-1.584553,-9.776739
IMU,492205947.0,1,-0.00159147,0.001967548,-0.0009019623,-0.8349691,-1.576257,-9.621802
IMU,492245712.0,1,-0.001611209,0.0003525811,0.001813759,-0.7903406,-1.587498,-9.492605
IMU,492285712.0,1,-0.002288901,0.008397812,0.001517063,-0.7912865,-1.641393,-9.620612
IMU,492328255.0,1,-0.001892288,0.001659996,0.001812122,-0.7371154,-1.67839,-9.64915
IMU,492368530.0,1,-0.003810255,-0.0005472191,0.003198637,-0.7052591,-1.717181,-9.602026
IMU,492408359.0,1,0.0005660254,0.001967189,-0.001804321,-0.7971189,-1.554354,-9.717021
IMU,492448904.0,1,-0.003823269,0.005101092,0.001485222,-0.7501858,-1.623219,-9.670884
IMU,492488242.0,1,4.645115e-05,0.007844093,0.0009622866,-0.8402949,-1.58355,-9.752902
IMU,492528953.0,1,0.003195573,0.004671017,0.002223497,-0.8137496,-1.660249,-9.66966
IMU,492569413.0,1,-0.006091478,0.007829856,0.0003083353,-0.8615699,-1.73092,-9.730493
IMU,492609918.0,1,-0.005354667,-0.0007087906,-0.002474644,-0.877489,-1.667984,-9.743468
IMU,492649934.0,1,0.002242284,0.006514329,0.002372419,-0.6996908,-1.552096,-9.763333
IMU,492689229.0,1,-0.001775251,0.003199831,0.0007491977,-0.9403442,-1.573637,-9.706067
IMU,488767397.0,2,-0.03111837,0.07167609,-0.05464831,-0.537001,0.466832,-9.328854
IMU,488807394.0,2,0.02120753,-0.1971591,-0.02879863,-0.8022773,-0.5505954,-9.388229
IMU,488846833.0,2,-0.03201826,-0.2335929,-0.05424687,-1.094105,-0.1326707,-9.542991
IMU,488889918.0,2,-0.04743813,-0.1120746,-0.08515725,-0.6869498,0.1888976,-9.181507
IMU,488931494.0,2,-0.1902127,-0.3392133,-0.08284003,-0.7291367,-0.04756249,-9.029288
IMU,488973922.0,2,0.02817155,-0.4412165,-0.01786257,-1.008112,-0.06973736,-9.288125
IMU,489014269.0,2,0.08028572,-0.3063501,-0.03902185,-1.047248,0.2800096,-9.147103
IMU,489053844.0,2,-0.02664238,-0.10046,-0.02130161,-1.185088,-0.1508027,-9.651862
IMU,489099983.0,2,0.1051659,0.04801632,0.0283085,-1.223539,-0.1484362,-8.784613
IMU,489140530.0,2,-0.02833159,0.2183974,-0.01073013,-1.387479,-0.216963,-9.634191
IMU,489184381.0,2,-0.09770705,0.2216395,-0.02373323,-1.157199,-0.1817028,-9.429473
IMU,489224187.0,2,0.1080097,0.2401779,0.003820549,-0.9578492,-0.1179955,-10.0038
IMU,489263576.0,2,-0.1701328,0.3393686,0.01070136,-1.177657,-0.1948716,-10.11034
IMU,489312555.0,2,0.3516287,0.3291721,0.05248033,-1.173078,-0.3019583,-10.01255
IMU,489352490.0,2,0.197261,0.3131063,0.02398939,-1.036618,-0.2629995,-9.714502
IMU,489395495.0,2,0.1777602,0.2964292,0.03496394,-1.166876,-0.1223107,-9.393805
IMU,489436338.0,2,0.1189157,0.2754451,0.04778036,-1.274601,-0.2240404,-9.83639
IMU,489475796.0,2,0.1676816,0.1184021,0.03878518,-0.8735819,0.1432939,-10.29404
IMU,489519969.0,2,-0.09758136,0.139185,0.05047265,-1.080288,0.3106396,-10.21317
IMU,489560266.0,2,0.08533533,0.1777579,0.005642548,-1.124619,0.2994055,-9.50581
IMU,489599860.0,2,0.2008322,0.1381849,0.0969592,-0.6032431,0.2311814,-3.000707
IMU,489640356.0,2,0.0006654396,0.4218437,0.07779013,-0.6399022,-0.3599886,-0.6834216
IMU,489679983.0,2,0.2088715,0.4748675,0.06316058,-0.5515971,-0.05188875,-0.9584824
IMU,489720768.0,2,0.194398,0.4904657,0.02327595,-0.3405741,-0.07510363,-0.7159549
IMU,489760954.0,2,0.1382562,0.4782311,0.02043215,-0.3045282,-0.1670233,-0.5367744
IMU,489800556.0,2,0.1577568,0.5203391,0.01481095,-0.355175,-0.05628647,-0.7629133
IMU,489841227.0,2,0.1189459,0.573727,0.008907094,-0.3703323,-0.06133373,-0.7558809
IMU,489880723.0,2,0.08195455,0.6077181,0.004590836,-0.4023772,-0.03404224,-0.7419761
IMU,489920998.0,2,0.07337323,0.6726431,-5.623229e-05,-0.3907463,-0.01858967,-1.056396
IMU,489961270.0,2,0.08800694,0.7551169,-0.0001294263,-0.3733307,-0.04096353,-1.152144
IMU,490000926.0,2,0.102702,0.8370359,-0.0014489,-0.3728055,-0.05145423,-1.297876
IMU,490041567.0,2,0.09391069,0.9078111,0.001758745,-0.3634809,-0.02524215,-1.388924
IMU,490080987.0,2,0.08512259,0.9903156,0.004593171,-0.357179,-0.04437697,-1.551921
IMU,490121394.0,2,0.0544033,1.074008,-0.002554661,-0.3064318,-0.07693387,-1.741314
IMU,490161799.0,2,0.0001974015,1.148043,-0.00107639,-0.2635277,-0.0842052,-1.979665
IMU,490201766.0,2,-0.01820906,1.182492,0.009994561,-0.2370121,-0.02938784,-2.115368
IMU,490241714.0,2,-0.04275195,1.214358,0.006114274,-0.1549101,-0.01073156,-2.106257
IMU,490281502.0,2,-0.01033481,1.218999,-0.006579194,-0.1002928,0.08141492,-1.986595
IMU,490321921.0,2,0.03584538,1.17912,-0.008869069,-0.021363,0.01764571,-2.202943
IMU,490362269.0,2,0.02712779,1.138402,-0.02199648,0.01262789,-0.009746065,-2.471504
IMU,490402384.0,2,-0.2576942,-0.01423352,-0.06765614,3.793837,-0.5279099,-5.624979
IMU,490442280.0,2,8.410789,-7.930439,-1.759956,-61.22898,-7.704864,-26.11355
IMU,490481853.0,2,7.323208,-3.140625,1.978601,3.200666,7.707992,8.51762
IMU,490523339.0,2,0.616091,-1.661466,1.675211,-0.08744855,-0.9154066,0.04467886
IMU,490563258.0,2,2.000995,-1.512218,1.434567,0.3689089,0.7270735,0.7852216
IMU,490602755.0,2,2.198645,-1.257677,1.018658,-1.039287,-2.406394,-1.084386
IMU,490643344.0,2,1.854767,-0.2526973,0.9395637,-3.312029,-2.347454,-1.767347
IMU,490683722.0,2,1.072129,0.4419875,1.29294,-5.079739,-4.301693,0.7760581
IMU,490722772.0,2,0.9132335,1.221887,1.731742,-9.636582,-8.063463,-1.325014
IMU,490763225.0,2,-1.184435,1.696597,1.754746,-9.953414,-12.09196,0.4857538
IMU,490802887.0,2,-2.015706,2.358788,1.713358,-3.633694,-2.505024,-1.519452
IMU,490843247.0,2,-3.007838,2.82303,1.865886,-4.294174,-2.0654,-2.870036
IMU,490886202.0,2,-3.282074,5.635528,1.287781,-11.96161,5.55957,-10.49992
IMU,490925195.0,2,1.227878,7.730973,0.4274702,-0.6206994,4.477431,-11.61579
IMU,490965217.0,2,-3.649766,-1.695973,-0.08329967,10.859,-1.499264,-16.10976
IMU,491005487.0,2,1.050205,-0.8323483,-0.2115133,-3.749455,-0.2960452,-4.461771
IMU,491045549.0,2,1.067165,0.2706021,-0.3396472,-3.564677,-3.060083,-8.059828
IMU,491085295.0,2,-0.1938918,0.2332132,0.1062313,0.9997151,-5.910825,-13.73743
IMU,491125215.0,2,0.3418048,-0.06533719,-0.0292279,-1.729877,0.4547232,-8.893185
IMU,491165561.0,2,-0.164662,0.0130077,0.03203031,-0.5722251,-2.82305,-9.631524
IMU,491205738.0,2,-0.04326114,0.004715654,0.003436754,-1.045493,-1.835706,-10.30933
IMU,491245376.0,2,0.02313565,-0.002659928,-0.004661292,-0.9301808,-2.050305,-9.556491
IMU,491285177.0,2,0.04347515,0.0008313286,-0.003465335,-0.9806284,-1.645122,-9.735465
IMU,491325251.0,2,-0.01051114,0.005050594,-0.001141188,-0.9878314,-1.776585,-9.613179
IMU,491365696.0,2,0.01115667,0.001356705,-0.001146426,-1.003868,-1.800996,-9.636145
IMU,491405574.0,2,0.001324052,0.0001070516,-0.0014471,-0.9969821,-1.729465,-9.690984
IMU,491445236.0,2,-0.005895121,0.001551193,-0.0007236763,-0.982892,-1.795477,-9.649599
IMU,491485177.0,2,0.001179442,0.0007604862,-4.418676e-05,-0.9952097,-1.788403,-9.671038
IMU,491525302.0,2,-0.002868677,0.002114787,0.0004585986,-0.9851057,-1.784563,-9.692275
IMU,491565579.0,2,-0.001642384,0.001327228,-0.000497249,-0.988553,-1.778257,-9.665842
IMU,491605883.0,2,-0.001430574,0.00117786,0.000739303,-0.9965717,-1.7924,-9.682388
IMU,491645242.0,2,-0.003218529,0.001699507,0.0009743387,-0.9878711,-1.780776,-9.675546
IMU,491685215.0,2,-0.001877388,0.001647917,-0.0006243371,-0.9873551,-1.782477,-9.669413
IMU,491725306.0,2,-0.00213422,0.001780943,0.001042689,-0.9909753,-1.779428,-9.691246
IMU,491765525.0,2,-0.0008995904,0.0009527965,-0.000263992,-0.9948661,-1.773176,-9.670505
IMU,491805729.0,2,-0.001324301,0.0008382479,-0.0001521707,-0.978429,-1.788057,-9.679795
IMU,491845272.0,2,-0.0006502262,0.001634798,-0.0002403378,-0.9963967,-1.792603,-9.677485
IMU,491885175.0,2,1.902012e-05,0.001336617,0.001629378,-0.9989265,-1.780879,-9.669362
IMU,491925795.0,2,-8.576285e-05,0.001417022,0.0004800881,-0.9935966,-1.774705,-9.678503
IMU,491965964.0,2,-0.0006240434,0.001136233,0.0003818754,-0.9982097,-1.780776,-9.684771
IMU,492006122.0,2,-0.0007560672,0.001178817,0.000877928,-0.9933321,-1.773943,-9.671351
IMU,492045549.0,2,-0.0002928291,0.002413767,-0.0008353215,-0.9827992,-1.786521,-9.654488
IMU,492086372.0,2,-0.0009972743,0.001910616,0.0007414214,-0.9864304,-1.784149,-9.665267
IMU,492125577.0,2,-0.001317988,0.001303492,0.0006560817,-0.9839795,-1.787865,-9.6832
IMU,492165496.0,2,-0.001780914,0.001086782,0.0007549414,-0.9951013,-1.772815,-9.671509
IMU,492205947.0,2,-0.002331171,0.0007109786,0.000556269,-0.9817968,-1.781806,-9.701038
IMU,492245712.0,2,-0.0006719054,-0.0001557245,0.0001006796,-0.9959968,-1.77739,-9.672877
IMU,492285712.0,2,-0.002265342,0.0004538173,0.0003782052,-0.9995883,-1.778514,-9.679084
IMU,492328255.0,2,-0.001252613,0.001758318,-0.0002672684,-0.9958054,-1.780475,-9.668747
IMU,492368530.0,2,-0.001136411,0.0008129999,-0.0001498296,-0.9980251,-1.767162,-9.670829
IMU,492408359.0,2,-0.001506463,0.0003573736,0.0008265363,-0.986266,-1.792484,-9.669012
IMU,492448904.0,2,-0.0002106856,0.002583774,0.0003947975,-0.9961982,-1.767114,-9.671487
IMU,492488242.0,2,-0.0003176143,0.0002281706,0.0009836914,-0.9913198,-1.795256,-9.676821
IMU,492528953.0,2,-0.003529404,0.0003341641,-0.0006397346,-0.9897916,-1.768068,-9.667054
IMU,492569413.0,2,-0.0006407041,0.00188339,0.0007363301,-0.9926472,-1.784866,-9.673796
IMU,492609918.0,2,-0.002511084,0.001052207,-0.0004887304,-0.9873809,-1.784394,-9.681229
IMU,492649934.0,2,-0.001551142,0.002109554,-0.0007171654,-0.9945418,-1.774912,-9.676962
IMU,492689229.0,2,-0.0006328876,0.002314326,0.00111033,-0.987474,-1.774667,-9.676147
