ARM,212489033.0,0.0
AHR2,211353045.0,1.88,-15.24,210.21,474.25,43.2376088,-7.6813612
AHR2,211456859.0,1.89,-14.42,209.62,474.15,43.2376065,-7.6813635
AHR2,211560133.0,2.15,-13.64,209.27,474.18,43.2376039,-7.681366
AHR2,211664957.0,2.44,-13.9,209.12,473.96,43.2375999,-7.6813696
AHR2,211768023.0,2.02,-13.85,209.07,473.97,43.2375969,-7.6813724
AHR2,211871840.0,1.27,-13.18,208.99,474.55,43.2375942,-7.6813753
AHR2,211975437.0,1.32,-12.72,208.9,474.19,43.2375913,-7.6813782
AHR2,212079865.0,0.99,-12.68,208.77,474.46,43.2375881,-7.6813814
AHR2,212183237.0,1.36,-12.47,208.71,473.98,43.2375848,-7.6813846
AHR2,212287320.0,1.51,-11.87,208.54,474.14,43.2375802,-7.6813889
AHR2,212390436.0,0.65,-11.59,208.35,474.42,43.2375769,-7.6813921
AHR2,212494554.0,0.18,-11.25,208.0,473.78,43.2375735,-7.6813948
AHR2,212594601.0,0.08,-10.33,207.67,473.36,43.2375694,-7.6813992
AHR2,212694906.0,0.73,-8.49,207.13,472.83,43.2375661,-7.6814025
AHR2,212795407.0,1.28,-6.37,206.5,472.34,43.2375621,-7.6814057
AHR2,212895016.0,1.83,-4.12,205.91,472.61,43.2375585,-7.681409
AHR2,212995091.0,2.26,-0.92,205.14,472.58,43.2375547,-7.6814124
AHR2,213097351.0,2.63,3.25,204.13,472.18,43.2375529,-7.6814136
AHR2,213200019.0,3.05,8.53,202.85,472.2,43.2375487,-7.6814171
AHR2,213299906.0,14.74,-7.33,200.41,471.16,43.2375456,-7.6814198
AHR2,213402326.0,25.75,-27.6,192.01,469.72,43.2375441,-7.6814218
AHR2,213502357.0,23.95,-40.15,187.16,469.75,43.2375416,-7.6814244
AHR2,213602370.0,15.25,-36.24,192.32,469.73,43.2375455,-7.681422
AHR2,213702320.0,14.32,-16.16,197.19,469.87,43.2375457,-7.6814225
AHR2,213802440.0,16.13,2.14,198.67,469.86,43.2375463,-7.6814213
AHR2,213902345.0,14.92,0.41,198.98,469.69,43.2375467,-7.6814211
AHR2,214002301.0,14.69,1.12,198.68,469.75,43.2375471,-7.6814208
AHR2,214102315.0,14.54,1.15,198.66,469.92,43.2375459,-7.6814211
AHR2,214202309.0,14.54,1.22,198.6,469.78,43.2375457,-7.681421
AHR2,214302366.0,14.46,1.25,198.55,469.74,43.2375458,-7.6814208
AHR2,214402351.0,14.39,1.27,198.49,469.7,43.2375456,-7.6814212
AHR2,214502530.0,14.32,1.29,198.44,469.75,43.2375456,-7.6814211
AHR2,214602342.0,14.25,1.31,198.39,469.69,43.2375454,-7.6814209
AHR2,214702441.0,14.19,1.33,198.34,469.67,43.2375454,-7.6814208
AHR2,214802444.0,14.12,1.35,198.3,469.77,43.2375451,-7.6814211
AHR2,214902441.0,14.06,1.37,198.25,469.77,43.2375451,-7.6814211
AHR2,215002398.0,13.99,1.39,198.21,469.77,43.2375452,-7.6814211
AHR2,215102911.0,13.93,1.4,198.16,469.7,43.2375449,-7.6814211
AHR2,215203562.0,13.87,1.42,198.11,469.65,43.2375449,-7.6814213
ATT,211352558.0,0.61,1.75,-15.76,-14.49,213.9,215.27
ATT,211456394.0,0.69,1.68,-15.12,-13.79,213.89,214.77
ATT,211559548.0,0.59,1.91,-14.88,-13.18,213.9,214.63
ATT,211664541.0,0.35,2.17,-14.7,-13.35,213.93,214.62
ATT,211767553.0,0.08,1.73,-14.35,-13.12,213.97,214.64
ATT,211871341.0,-0.1,0.94,-13.92,-12.5,213.99,214.68
ATT,211974879.0,-0.25,0.94,-13.78,-12.2,214.01,214.79
ATT,212079330.0,-0.27,0.58,-13.53,-12.2,214.01,214.82
ATT,212182657.0,-0.43,0.95,-13.15,-11.91,214.03,214.9
ATT,212286828.0,-0.73,1.08,-12.66,-11.28,214.06,214.89
ATT,212389930.0,-0.9,0.22,-12.18,-10.98,214.08,214.79
ATT,212494075.0,-0.87,-0.23,-11.75,-10.69,214.47,214.47
ATT,212594242.0,-0.44,-0.32,-8.21,-9.82,214.11,214.12
ATT,212694535.0,-0.22,0.32,-4.17,-8.01,213.62,213.64
ATT,212794906.0,-0.11,0.87,-2.12,-5.86,212.98,213.0
ATT,212894538.0,-0.05,1.31,-1.08,-3.01,212.34,212.37
ATT,212994705.0,-0.03,1.61,-0.55,0.79,211.5,211.52
ATT,213096880.0,-0.01,1.93,-0.28,5.42,210.36,210.38
ATT,213199511.0,0.0,2.31,-0.14,11.07,208.93,208.96
ATT,213299475.0,0.0,13.77,-0.07,-4.33,206.68,206.8
ATT,213401844.0,0.0,23.9,-0.03,-24.29,199.16,199.38
ATT,213501922.0,0.0,20.54,-0.01,-35.68,195.51,195.73
ATT,213602023.0,0.0,11.98,0.0,-30.24,200.11,200.24
ATT,213701912.0,0.0,11.71,0.0,-8.81,203.78,203.88
ATT,213802087.0,0.0,13.55,0.0,10.49,204.61,204.74
ATT,213901954.0,0.0,12.79,0.0,8.45,205.01,205.12
ATT,214001883.0,0.0,12.95,0.0,8.81,204.72,204.83
ATT,214101896.0,0.0,12.84,0.0,8.77,204.79,204.9
ATT,214201886.0,0.0,12.84,0.0,8.8,204.82,204.94
ATT,214301954.0,0.0,12.8,0.0,8.83,204.92,205.04
ATT,214401894.0,0.0,12.78,0.0,8.85,204.99,205.11
ATT,214502073.0,0.0,12.74,0.0,8.9,205.16,205.27
ATT,214601888.0,0.0,12.71,0.0,8.93,205.28,205.39
ATT,214701995.0,0.0,12.66,0.0,8.98,205.53,205.64
ATT,214802035.0,0.0,12.62,0.0,9.02,205.72,205.83
ATT,214901966.0,0.0,12.55,0.0,9.08,206.06,206.18
ATT,215001937.0,0.0,12.5,0.0,9.11,206.28,206.4
ATT,215102457.0,0.0,12.39,0.0,9.19,206.9,207.01
ATT,215203096.0,0.0,12.25,0.0,9.29,207.61,207.72
BARO,211347653.0,0,2.597687,96426.96,41.98
BARO,211451324.0,0,2.490309,96428.1,41.98
BARO,211554451.0,0,2.521393,96427.77,41.98
BARO,211659117.0,0,2.306638,96430.07,41.98
BARO,211762074.0,0,2.312289,96430.02,41.98
BARO,211866900.0,0,2.897213,96423.7,41.98
BARO,211969771.0,0,2.538347,96427.59,41.98
BARO,212073932.0,0,2.80679,96424.68,41.99
BARO,212178088.0,0,2.323592,96429.9,41.98
BARO,212281948.0,0,2.484658,96428.16,41.98
BARO,212384530.0,0,2.764404,96425.13,41.98
BARO,212489333.0,0,2.125792,96432.05,41.99
BARO,212588925.0,0,1.707585,96436.55,41.98
BARO,212689627.0,0,1.170699,96442.36,41.98
BARO,212789767.0,0,0.6846748,96447.61,41.98
BARO,212889790.0,0,0.9587696,96444.64,41.98
BARO,212989864.0,0,0.9220352,96445.05,41.98
BARO,213091826.0,0,0.5207831,96449.37,41.98
BARO,213194032.0,0,0.5462145,96449.11,41.98
BARO,213294449.0,0,-0.4908246,96460.31,41.98
BARO,213394538.0,0,-1.934767,96475.9,41.98
BARO,213494537.0,0,-1.90651,96475.59,41.98
BARO,213594529.0,0,-1.923464,96475.77,41.97
BARO,213694390.0,0,-1.785004,96474.3,41.97
BARO,213794394.0,0,-1.790655,96474.34,41.97
BARO,213894923.0,0,-1.960199,96476.19,41.97
BARO,213994898.0,0,-1.90651,96475.59,41.97
BARO,214094871.0,0,-1.739793,96473.8,41.98
BARO,214195237.0,0,-1.875427,96475.27,41.97
BARO,214294832.0,0,-1.912161,96475.67,41.98
BARO,214395240.0,0,-1.957373,96476.16,41.98
BARO,214494897.0,0,-1.90651,96475.6,41.98
BARO,214595531.0,0,-1.96585,96476.23,41.98
BARO,214694872.0,0,-1.988456,96476.48,41.98
BARO,214795423.0,0,-1.883904,96475.34,41.98
BARO,214894854.0,0,-1.889556,96475.4,41.99
BARO,214995022.0,0,-1.88673,96475.39,41.98
BARO,215095447.0,0,-1.954547,96476.12,41.99
BARO,215198380.0,0,-2.00541,96476.66,41.99
BARO,211347653.0,1,4.21965,96545.88,38.68
BARO,211451324.0,1,4.321376,96544.77,38.68
BARO,211554451.0,1,4.389193,96544.05,38.68
BARO,211659117.0,1,4.315724,96544.83,38.68
BARO,211762074.0,1,4.134878,96546.79,38.68
BARO,211866900.0,1,4.290293,96545.1,38.68
BARO,211969771.0,1,4.459836,96543.27,38.68
BARO,212073932.0,1,4.16031,96546.51,38.69
BARO,212178088.0,1,4.171613,96546.38,38.69
BARO,212281948.0,1,4.208347,96546.0,38.69
BARO,212384530.0,1,3.914472,96549.17,38.69
BARO,212489333.0,1,3.951206,96548.78,38.69
BARO,212588925.0,1,3.705369,96551.43,38.69
BARO,212689627.0,1,2.92547,96559.87,38.69
BARO,212789767.0,1,2.442272,96565.1,38.69
BARO,212889790.0,1,2.789836,96561.34,38.69
BARO,212989864.0,1,2.710716,96562.18,38.69
BARO,213091826.0,1,2.473355,96564.76,38.69
BARO,213194032.0,1,2.111663,96568.68,38.69
BARO,213294449.0,1,0.3484142,96587.73,38.69
BARO,213394538.0,1,0.2297339,96589.02,38.69
BARO,213494537.0,1,0.2608168,96588.67,38.69
BARO,213594529.0,1,0.01215352,96591.38,38.69
BARO,213694390.0,1,-0.03870943,96591.92,38.69
BARO,213794394.0,1,-0.1771697,96593.44,38.69
BARO,213894923.0,1,-0.1686925,96593.32,38.69
BARO,213994898.0,1,-0.2223812,96593.92,38.69
BARO,214094871.0,1,-0.174344,96593.39,38.69
BARO,214195237.0,1,-0.3099785,96594.88,38.69
BARO,214294832.0,1,-0.3241071,96595.02,38.69
BARO,214395240.0,1,-0.3297586,96595.08,38.69
BARO,214494897.0,1,-0.4540902,96596.43,38.69
BARO,214595531.0,1,-0.2195555,96593.87,38.69
BARO,214694872.0,1,-0.284547,96594.59,38.7
BARO,214795423.0,1,-0.1715183,96593.37,38.69
BARO,214894854.0,1,-0.2308584,96594.01,38.69
BARO,214995022.0,1,-0.3664929,96595.48,38.7
BARO,215095447.0,1,-0.4484388,96596.36,38.7
BARO,215198380.0,1,-0.1799954,96593.45,38.7
GPS,211403337.0,3,15,43.2376107,-7.6813595,475.97,3.36,0.159,0.0
GPS,211587081.0,3,15,43.2376055,-7.6813643,475.85,3.914,0.396,0.0
GPS,211794642.0,3,15,43.2375997,-7.6813699,475.81,3.854,0.261,0.0
GPS,212028387.0,3,16,43.2375934,-7.6813763,475.89,4.289,0.029,0.0
GPS,212192425.0,3,16,43.2375871,-7.6813823,475.85,4.394,0.123,0.0
GPS,212400349.0,3,15,43.2375805,-7.6813884,475.83,4.412,0.06,0.0
GPS,212584423.0,3,16,43.2375737,-7.6813951,475.89,4.551,0.024,0.0
GPS,212784626.0,3,15,43.2375668,-7.6814014,475.64,4.918,2.134,0.0
GPS,213025453.0,3,16,43.2375596,-7.6814077,475.01,4.667,3.978,0.0
GPS,213186607.0,3,15,43.2375529,-7.6814135,474.04,4.159,5.685,0.0
GPS,213387550.0,3,16,43.2375474,-7.6814184,472.59,3.465,7.938,0.0
GPS,213587094.0,3,15,43.2375452,-7.6814214,471.69,0.498,1.261,0.0
GPS,213787045.0,3,16,43.2375458,-7.6814215,471.46,0.48,1.105,0.0
GPS,214007587.0,3,16,43.2375459,-7.6814212,471.36,0.062,0.256,0.0
GPS,214187307.0,3,16,43.2375457,-7.6814211,471.38,0.13,0.223,0.0
GPS,214387296.0,3,16,43.2375455,-7.6814212,471.43,0.104,0.2,0.0
GPS,214587106.0,3,15,43.2375454,-7.681421,471.47,0.086,0.1,0.0
GPS,214787022.0,3,15,43.2375451,-7.6814211,471.52,0.034,0.071,0.0
GPS,215027078.0,3,15,43.2375449,-7.6814212,471.58,0.064,0.034,0.0
IMU,211377818.0,0,0.03902331,0.1193992,-0.03854374,-1.868644,-0.04458549,-9.537528
IMU,211421598.0,0,0.07775427,0.1189926,-0.08699767,-0.4952484,0.2677182,-9.4219
IMU,211461600.0,0,-0.1693494,0.06595978,-0.05738598,-1.537298,0.4951904,-10.00072
IMU,211504456.0,0,0.02221141,0.1549884,-0.1243505,-0.3968173,0.631974,-10.39029
IMU,211544830.0,0,0.06257504,0.05025768,-0.03469164,-1.308125,-0.0218149,-9.262288
IMU,211584448.0,0,-0.04204343,0.02669718,-0.02192147,-1.222021,0.2083494,-9.08915
IMU,211629292.0,0,0.2009226,0.01125412,0.007187124,-0.7938068,0.4336179,-9.861402
IMU,211669639.0,0,-0.04802498,-0.01347296,-0.009545111,-0.5008852,0.4839135,-9.750454
IMU,211712025.0,0,-0.1575105,0.07113065,0.07394256,-2.629692,-0.1847616,-9.356533
IMU,211752348.0,0,-0.01163299,0.0842743,-0.03476971,-0.6863799,0.6064143,-9.424126
IMU,211792452.0,0,0.1325543,-0.007734877,-0.01778997,-0.1667216,1.564805,-9.894258
IMU,211836562.0,0,-0.1448657,0.1356948,-0.09511767,-0.5685716,0.3982001,-10.02507
IMU,211877090.0,0,0.2911971,0.1584171,0.06311497,-0.9049778,0.8561406,-10.03775
IMU,211922296.0,0,0.002355933,0.08371611,0.0322388,-1.503715,0.5146549,-9.775133
IMU,211962584.0,0,0.01139086,0.07309496,0.02089134,-0.9500663,0.6096674,-9.887181
IMU,212002554.0,0,0.02364879,0.01769457,-0.07581913,-0.458998,0.8046699,-10.16572
IMU,212046838.0,0,-0.294697,0.04763469,-0.06015533,-1.381413,0.2780351,-10.10309
IMU,212086911.0,0,-0.01634936,-0.0005851984,-0.05800257,-0.846454,0.3099032,-10.12193
IMU,212129989.0,0,-0.06434379,0.02375802,-0.03566888,-1.350145,0.6948228,-9.701083
IMU,212170286.0,0,0.09655682,0.07864296,0.006783535,-1.70143,0.1296701,-9.806196
IMU,212211639.0,0,0.02410366,0.2024083,-0.03738723,-0.6820067,0.8541774,-10.28658
IMU,212253931.0,0,-0.1076758,0.08563066,-0.01912119,-1.973723,0.6170204,-10.33156
IMU,212294286.0,0,-0.2081461,0.1351032,0.007116012,-2.088221,-0.3173224,-9.592656
IMU,212337668.0,0,-0.04431767,0.004011989,-0.04954433,-0.8444731,0.1563934,-9.472664
IMU,212377033.0,0,0.05098073,-0.0361132,0.01914951,-1.818947,0.3056759,-9.099809
IMU,212418188.0,0,-0.4061604,0.09077679,-0.07474103,-1.22062,0.5675515,-9.890768
IMU,212461922.0,0,-0.03203825,0.0811474,-0.03847101,-0.8295463,1.018043,-10.2387
IMU,212501432.0,0,-0.02092404,-0.05143041,-0.05899466,-1.185179,0.3962534,-9.107629
IMU,212541800.0,0,0.204322,0.079719,-0.08703711,-0.8177969,-0.318727,-2.999284
IMU,212581655.0,0,-0.09826875,0.3265297,-0.02056905,-1.283062,-0.03093295,-0.6110078
IMU,212622117.0,0,0.09163257,0.2872487,-0.06979213,-0.3506218,-0.01534173,-0.1422846
IMU,212662385.0,0,0.1486629,0.3367394,-0.07790686,-0.3874131,-0.01876283,-0.1981111
IMU,212702350.0,0,0.08614255,0.3235061,-0.08698426,-0.4131704,0.0262735,-0.3089585
IMU,212742408.0,0,0.1220082,0.3580742,-0.09572982,-0.3815531,-0.06974295,-0.4236366
IMU,212782281.0,0,0.03773288,0.4076559,-0.09307093,-0.4293541,-0.1133705,-0.4352943
IMU,212821943.0,0,0.04796508,0.4769523,-0.08137695,-0.430978,0.007253016,-0.6112075
IMU,212862448.0,0,0.08200673,0.5124525,-0.07793402,-0.4077058,0.02027614,-0.7672012
IMU,212901963.0,0,0.07134294,0.571824,-0.08897357,-0.4425135,-0.01605375,-0.8637551
IMU,212942834.0,0,0.04574472,0.6535639,-0.1045709,-0.4491638,-0.03713886,-0.8715665
IMU,212982126.0,0,0.0470476,0.7322744,-0.124366,-0.4299568,-0.01904418,-0.9999317
IMU,213021955.0,0,0.06191231,0.7678682,-0.1441059,-0.4005441,-0.0378468,-1.120628
IMU,213063856.0,0,0.06565907,0.8062437,-0.1586241,-0.3683826,-0.04018928,-1.218026
IMU,213104391.0,0,0.07463444,0.8660828,-0.1759622,-0.3642426,0.002623326,-1.295469
IMU,213143899.0,0,0.09344734,0.9459229,-0.1981342,-0.3182162,-0.002317432,-1.48938
IMU,213184291.0,0,0.1150944,1.01779,-0.2140157,-0.2812901,-0.005570295,-1.692282
IMU,213224408.0,0,0.1128235,1.064628,-0.2315023,-0.251884,0.031081,-2.066774
IMU,213264402.0,0,6.291637,-10.10616,0.5363895,12.85118,17.2731,-106.3162
IMU,213304876.0,0,1.517478,-5.858022,-0.2553436,3.924949,35.32035,0.9390025
IMU,213344481.0,0,0.08880804,-3.900522,-0.07578007,1.424579,-3.248955,2.038268
IMU,213384559.0,0,0.6654568,-3.277427,-0.2790209,-2.178068,-2.709987,-0.00399495
IMU,213424826.0,0,1.372362,-2.792687,-0.1800316,-9.295604,-5.93187,-2.963361
IMU,213464447.0,0,-3.094225,-2.162271,0.2127074,-4.785045,-4.313827,-1.976852
IMU,213504896.0,0,-1.478041,-1.282881,0.6499471,-6.986793,-5.282546,-1.227794
IMU,213544411.0,0,-2.310046,0.7904108,1.020878,-10.2119,-0.5256851,-8.429168
IMU,213584859.0,0,-0.04685704,1.794915,-0.02632706,-12.11322,3.293443,-3.675648
IMU,213624434.0,0,0.7702277,2.88291,-0.05482907,-5.392839,0.9789125,-3.924084
IMU,213664374.0,0,-0.2913922,3.935956,0.04976163,-3.346659,-2.639071,-3.563659
IMU,213704802.0,0,-0.1496632,4.629442,-0.007781313,-3.86049,0.2550587,-10.30166
IMU,213744388.0,0,0.2354343,4.474508,-0.2975872,2.828357,1.803552,-14.83189
IMU,213784827.0,0,0.6215381,2.099241,-0.5432261,7.81102,-0.9088703,-14.8942
IMU,213824564.0,0,0.1689513,0.0614767,-0.07580853,4.131474,-5.362565,-9.136303
IMU,213864360.0,0,-0.292237,-0.6804662,0.2953706,1.265216,-1.501776,-9.722229
IMU,213904834.0,0,-0.3369491,-0.2336948,0.1104086,-1.93373,-1.115614,-9.831368
IMU,213945402.0,0,0.0144324,0.09250571,-0.05147368,0.8410552,-0.02465568,-9.048882
IMU,213984443.0,0,0.1727013,0.1012378,-0.09786924,0.5873072,-1.445153,-10.01697
IMU,214024381.0,0,-0.05175925,0.001582766,0.006787892,0.731419,-1.495354,-9.696396
IMU,214064370.0,0,-0.01693693,-0.03852028,0.03230407,0.4839015,-1.127034,-9.559223
IMU,214104826.0,0,0.009931333,0.0253362,-0.02027022,0.5278134,-1.102417,-9.622241
IMU,214145144.0,0,-0.005068213,-0.007408687,0.01081692,0.5916414,-1.310271,-9.668755
IMU,214184636.0,0,5.231058e-05,0.005827769,-0.004271277,0.5478998,-1.098999,-9.617173
IMU,214224414.0,0,-0.003962377,0.0004847906,0.005088327,0.5541162,-1.212492,-9.65673
IMU,214264524.0,0,-0.00105812,0.003358866,-0.00072181,0.5512924,-1.155885,-9.619887
IMU,214304862.0,0,-0.002170729,0.00211198,0.005419208,0.5538534,-1.178238,-9.63782
IMU,214345181.0,0,-0.0008465046,0.002513048,0.001847706,0.5463453,-1.166322,-9.6484
IMU,214384427.0,0,-0.000727208,0.0007309657,0.002489846,0.56381,-1.187752,-9.645709
IMU,214424683.0,0,-0.001587056,0.004275506,0.002693473,0.5367508,-1.161519,-9.644397
IMU,214464398.0,0,-0.0001439182,0.003637456,0.003072796,0.5511187,-1.168606,-9.629622
IMU,214504688.0,0,-0.001909737,0.002077708,0.003029113,0.5553078,-1.171925,-9.653843
IMU,214545186.0,0,-0.0006647759,0.001572972,0.002166178,0.5586507,-1.16962,-9.62809
IMU,214584618.0,0,0.0006786871,0.003144516,0.002173524,0.5605734,-1.174268,-9.649015
IMU,214624364.0,0,-0.00106475,0.00168819,0.003026026,0.5501149,-1.171545,-9.644305
IMU,214664398.0,0,-0.0005403307,0.001954278,0.001096803,0.5600218,-1.18226,-9.64064
IMU,214705034.0,0,0.001449145,0.003187485,0.002332458,0.5438015,-1.170991,-9.656831
IMU,214745118.0,0,-0.0008051025,0.002125458,0.002972359,0.5523087,-1.182265,-9.638209
IMU,214784546.0,0,-2.719451e-05,0.002549557,0.002801699,0.5492971,-1.173137,-9.630527
IMU,214824352.0,0,-0.0006207961,0.002189375,0.00255581,0.5647668,-1.175066,-9.630352
IMU,214864408.0,0,-0.001369503,0.002426011,0.002823977,0.5709223,-1.175798,-9.631917
IMU,214904835.0,0,-0.0006016045,0.002808859,0.002166699,0.5679324,-1.175722,-9.6565
IMU,214945200.0,0,0.0006010279,0.002477353,0.002967974,0.5603716,-1.171191,-9.654046
IMU,214984571.0,0,-0.0003563057,0.00218916,0.002067834,0.5585424,-1.173367,-9.641391
IMU,215024367.0,0,0.000254205,0.0008883593,0.002210889,0.5603132,-1.171321,-9.643908
IMU,215065186.0,0,-0.001076241,0.002276914,0.003157125,0.5563349,-1.161293,-9.627544
IMU,215105268.0,0,-0.0004240924,0.001932624,0.003646405,0.5534384,-1.17024,-9.649581
IMU,215145833.0,0,-0.0001980106,0.002481765,0.000934458,0.5694034,-1.179211,-9.628957
IMU,215184951.0,0,-0.0004585008,0.001599137,0.002162146,0.5697023,-1.180009,-9.620944
IMU,215225643.0,0,-0.0002627118,0.001173049,0.0022537,0.5493453,-1.184097,-9.640247
IMU,215265937.0,0,0.0003902747,0.002118328,0.0008017924,0.5564603,-1.183177,-9.655256
IMU,211377818.0,1,-0.02820604,0.08822548,-0.05980187,-1.816108,0.1566001,-9.635494
IMU,211421598.0,1,0.02199351,0.1349818,-0.1049979,-0.6333749,0.1074295,-9.911443
IMU,211461600.0,1,-0.1043349,0.04975753,-0.07420558,-1.692514,0.5678796,-10.06446
IMU,211504456.0,1,-0.06738081,0.1454519,-0.1053806,-0.5666549,0.4036172,-10.83993
IMU,211544830.0,1,0.1853217,0.05045698,-0.03705019,-1.172766,-0.2817717,-9.899141
IMU,211584448.0,1,-0.03352993,0.0319868,-0.027902,-0.8485829,0.1020778,-9.265024
IMU,211629292.0,1,0.08249675,-0.02463285,-0.01016686,-0.9962029,0.360435,-10.00446
IMU,211669639.0,1,0.009941525,-0.02973708,-0.01299411,-0.2343974,0.431558,-9.94497
IMU,211712025.0,1,-0.1063006,0.03037198,0.04659847,-2.86357,-0.01996975,-9.22264
IMU,211752348.0,1,-0.007546557,0.09392726,-0.0003902466,-0.2584883,0.6300635,-9.875078
IMU,211792452.0,1,-0.01460881,0.03617381,-0.02102981,-0.5008274,1.476956,-9.708558
IMU,211836562.0,1,-0.2156552,0.1120457,-0.01498743,-0.4391944,0.4916539,-10.25244
IMU,211877090.0,1,0.09380277,0.1370745,0.00594317,-0.9512316,0.7659373,-10.09101
IMU,211922296.0,1,-0.06924514,0.06811758,0.02386698,-1.272792,0.6435965,-9.889943
IMU,211962584.0,1,-0.009782261,0.04075208,0.01627984,-0.5923023,0.8139714,-9.908752
IMU,212002554.0,1,0.02271163,0.01679314,-0.06187187,-1.370511,0.5191418,-10.12615
IMU,212046838.0,1,-0.2010722,-0.004147872,-0.05104993,-1.608409,0.4806841,-10.25014
IMU,212086911.0,1,0.02908267,0.04271777,-0.01722626,-0.9861631,0.145033,-10.33259
IMU,212129989.0,1,0.0697261,0.005254232,0.007856505,-1.050333,0.806785,-9.770965
IMU,212170286.0,1,0.01674483,0.06356613,-0.01353359,-1.565531,0.1644139,-9.881996
IMU,212211639.0,1,0.01423262,0.1757549,-0.02098133,-0.3316815,1.160506,-9.962107
IMU,212253931.0,1,-0.07308012,0.07111987,-0.03142228,-2.165647,0.4860172,-9.882722
IMU,212294286.0,1,-0.07842586,0.06685069,0.02575879,-1.696211,-0.09036279,-10.52257
IMU,212337668.0,1,-0.03214321,0.02091134,-0.04500329,-0.9715145,0.03207218,-10.12441
IMU,212377033.0,1,0.0152657,-0.04637928,-0.04133998,-1.963034,0.2351162,-9.041533
IMU,212418188.0,1,-0.3312752,0.02852439,-0.06170763,-1.090254,0.6164215,-9.707383
IMU,212461922.0,1,0.005140409,0.02886939,-0.04117966,-0.636633,1.07643,-10.07022
IMU,212501432.0,1,0.09864786,0.01637083,-0.02507712,-1.495254,0.6609018,-9.957401
IMU,212541800.0,1,0.2283909,0.1104268,-0.04431791,-0.6227477,-0.2666847,-3.315179
IMU,212581655.0,1,-0.03206566,0.1865703,-0.06106408,-1.450794,0.02313985,-0.658544
IMU,212622117.0,1,0.09324016,0.275236,-0.06020605,-0.3543394,0.05818876,-0.1693611
IMU,212662385.0,1,0.1523549,0.3249223,-0.06581233,-0.3694955,0.1090145,-0.26012
IMU,212702350.0,1,0.09282821,0.303383,-0.08234946,-0.4816108,0.1118316,-0.4829072
IMU,212742408.0,1,0.1289458,0.3376636,-0.08391146,-0.4519717,0.02143424,-0.5864497
IMU,212782281.0,1,0.0487542,0.3852989,-0.08492978,-0.3592293,0.07406032,-0.7168279
IMU,212821943.0,1,0.06041131,0.4543946,-0.07215317,-0.4101827,0.07662506,-0.7589974
IMU,212862448.0,1,0.08947063,0.4934884,-0.065416,-0.357555,0.03322659,-0.8866072
IMU,212901963.0,1,0.07734291,0.5466611,-0.07642505,-0.4382507,0.08922069,-1.011112
IMU,212942834.0,1,0.0581454,0.6315052,-0.0860078,-0.4562625,0.0333125,-1.1573
IMU,212982126.0,1,0.05166038,0.7019421,-0.1059062,-0.4554591,-0.01771871,-1.104292
IMU,213021955.0,1,0.0696053,0.7444251,-0.1260351,-0.3827743,0.02701706,-1.231982
IMU,213063856.0,1,0.06936337,0.7781817,-0.1357293,-0.4082798,0.03637796,-1.353097
IMU,213104391.0,1,0.07950366,0.8369489,-0.1520088,-0.2829733,-0.07232846,-1.300255
IMU,213143899.0,1,0.09840453,0.9146196,-0.1693141,-0.3350181,0.08169771,-1.553031
IMU,213184291.0,1,0.1213077,0.9902048,-0.1860139,-0.3574716,0.09831213,-1.842755
IMU,213224408.0,1,0.1141023,1.031369,-0.1985981,-0.2587388,0.04832597,-2.36135
IMU,213264402.0,1,5.759612,-9.674483,0.1631144,5.031562,2.776792,-137.4292
IMU,213304876.0,1,-1.32865,-6.08036,-0.5442675,5.49326,32.9753,10.28611
IMU,213344481.0,1,0.4244578,-3.94349,-0.1321604,1.551927,-3.273058,0.2364843
IMU,213384559.0,1,0.9032105,-3.373376,-0.35082,-2.12692,-2.696821,-0.5897533
IMU,213424826.0,1,0.8334376,-2.772478,-0.2468155,-9.226262,-5.749547,-1.460694
IMU,213464447.0,1,-3.063228,-2.213706,0.05756336,-4.67492,-4.421523,-2.391062
IMU,213504896.0,1,-1.369516,-1.315375,0.5223019,-7.050255,-5.224601,-1.555462
IMU,213544411.0,1,-2.197774,0.6428827,0.9235886,-10.0912,-0.721855,-8.355521
IMU,213584859.0,1,0.2962468,1.718604,0.1083597,-11.73046,3.345599,-4.515983
IMU,213624434.0,1,0.553573,2.721454,-0.003340612,-5.424336,0.9154326,-3.110898
IMU,213664374.0,1,-0.2601105,3.813947,0.1392487,-3.240454,-2.635612,-3.640822
IMU,213704802.0,1,-0.1627094,4.550181,0.1210546,-3.690193,0.3163949,-10.35467
IMU,213744388.0,1,0.2363052,4.453962,-0.1455856,2.871493,1.799546,-14.95371
IMU,213784827.0,1,0.5229845,2.188836,-0.4512428,7.812153,-0.840268,-15.06288
IMU,213824564.0,1,0.2300056,0.158362,-0.1306668,3.969081,-5.445412,-9.438206
IMU,213864360.0,1,-0.2847867,-0.6842025,0.2636565,1.25718,-1.453696,-9.669433
IMU,213904834.0,1,-0.3266319,-0.2821302,0.1015884,-1.887446,-1.243243,-9.957116
IMU,213945402.0,1,0.01667266,0.06985949,-0.04565065,0.8280454,0.06882628,-8.913646
IMU,213984443.0,1,0.1846373,0.0943549,-0.09287031,0.5793281,-1.293605,-10.04719
IMU,214024381.0,1,-0.03681407,-0.007640508,-0.01123448,0.7246591,-1.519672,-9.914313
IMU,214064370.0,1,-0.004001764,-0.04706095,0.02992608,0.5262284,-1.172631,-9.630678
IMU,214104826.0,1,0.02259359,0.007218293,-0.02825166,0.5292979,-1.069313,-9.564515
IMU,214145144.0,1,0.008780004,-0.02313366,0.003448342,0.5013904,-1.27586,-9.809769
IMU,214184636.0,1,0.01006879,-0.002268405,-0.004498982,0.4671237,-1.09629,-9.618806
IMU,214224414.0,1,0.007528182,-0.01163496,-0.002220986,0.5610113,-1.19383,-9.627986
IMU,214264524.0,1,0.01319534,-0.01048433,-0.007236199,0.5345643,-1.100544,-9.582932
IMU,214304862.0,1,0.01235323,-0.01356081,-0.003667068,0.5140023,-1.071426,-9.63199
IMU,214345181.0,1,0.0122368,-0.005170463,-0.001699408,0.5577064,-0.9901462,-9.780028
IMU,214384427.0,1,0.01056582,-0.005870935,-0.003326747,0.5030384,-1.127953,-9.767279
IMU,214424683.0,1,0.008525718,-0.005109682,-0.00126042,0.5472962,-1.205713,-9.683111
IMU,214464398.0,1,0.01468549,-0.00507838,-0.004214249,0.5592016,-1.192628,-9.791917
IMU,214504688.0,1,0.01278209,-0.01057753,-0.005927127,0.5141056,-1.146443,-9.529529
IMU,214545186.0,1,0.01040621,-0.006483324,-0.004904307,0.5604259,-1.184475,-9.741894
IMU,214584618.0,1,0.01328724,-0.006555889,-0.004846862,0.4983499,-1.161488,-9.885386
IMU,214624364.0,1,0.01398678,-0.01023062,-0.003453617,0.4913275,-1.121277,-9.836348
IMU,214664398.0,1,0.009728291,-0.008747441,-0.007997042,0.5385052,-1.21753,-9.659669
IMU,214705034.0,1,0.01357425,-0.003413175,-0.003213867,0.4905232,-1.212577,-9.596931
IMU,214745118.0,1,0.008191127,-0.009015974,-0.003205686,0.5021417,-1.215262,-9.742663
IMU,214784546.0,1,0.01360329,-0.006395536,-0.002620446,0.4882042,-1.188489,-9.688287
IMU,214824352.0,1,0.01205897,-0.005964106,-0.005909598,0.5685425,-1.132314,-9.792481
IMU,214864408.0,1,0.008393603,-0.008990632,-0.0008757499,0.5206228,-1.097441,-9.788594
IMU,214904835.0,1,0.0125433,-0.006242954,-0.005124836,0.525186,-1.095986,-9.79409
IMU,214945200.0,1,0.01308414,-0.0119785,-0.005148006,0.5106037,-1.257171,-9.829727
IMU,214984571.0,1,0.01181153,-0.009309563,-0.005239739,0.5427935,-1.099548,-9.603045
IMU,215024367.0,1,0.01222832,-0.008874092,-0.005695738,0.5020173,-1.040807,-9.678825
IMU,215065186.0,1,0.0087696,-0.002405526,0.002657515,0.5472666,-1.039279,-9.75933
IMU,215105268.0,1,0.009238972,-0.003603346,-0.002338015,0.4912013,-1.147907,-9.723121
IMU,215145833.0,1,0.010942,-0.006763295,-0.0008254367,0.5847437,-1.069162,-9.792125
IMU,215184951.0,1,0.01140208,-0.009144264,-0.005621334,0.5176238,-1.100378,-9.734194
IMU,215225643.0,1,0.01134422,-0.00288043,-0.0001466754,0.4520242,-1.07742,-9.609873
IMU,215265937.0,1,0.01207246,-0.01546355,-0.002118726,0.582305,-1.147769,-9.690772
IMU,211377818.0,2,0.03594864,0.1321079,-0.07539704,-0.9992535,-0.06150479,-9.926925
IMU,211421598.0,2,-0.02264894,0.1616309,-0.07440865,-1.266587,-0.09619261,-10.12466
IMU,211461600.0,2,-0.08323774,0.135897,-0.07149604,-1.161037,0.1470923,-10.15843
IMU,211504456.0,2,0.07707878,0.08350544,-0.08341121,-1.254279,-0.1648326,-9.503398
IMU,211544830.0,2,-0.0226036,0.1156102,-0.04193125,-1.525102,0.254731,-10.12279
IMU,211584448.0,2,-0.02671889,0.03001006,-0.02526677,-1.33861,0.09078345,-9.781583
IMU,211629292.0,2,0.1218298,-0.08372648,-0.003806263,-1.300949,0.1684458,-9.762315
IMU,211669639.0,2,0.0661135,-0.07323109,0.01247587,-1.363198,0.500271,-9.70826
IMU,211712025.0,2,-0.1011306,0.08075993,-0.00811924,-1.168465,0.30531,-9.434821
IMU,211752348.0,2,-0.02242754,0.07289768,0.002837925,-1.208546,0.2869183,-9.921714
IMU,211792452.0,2,0.05712677,-0.008631581,0.003743998,-1.474438,0.412121,-9.537901
IMU,211836562.0,2,-0.1657556,0.04660225,-0.02230463,-1.073722,0.1177814,-10.01588
IMU,211877090.0,2,0.2061396,0.1430144,0.02177232,-0.9466301,0.610625,-10.19025
IMU,211922296.0,2,-0.009641719,0.08186745,-0.005762327,-1.362594,0.3060152,-9.966129
IMU,211962584.0,2,0.04673149,-0.03453313,-0.0002746079,-0.9157044,0.3184353,-9.952763
IMU,212002554.0,2,0.0403033,-0.00580141,-0.02931768,-1.511079,0.6802608,-9.58754
IMU,212046838.0,2,-0.1271265,-0.01565913,-0.04779148,-1.344276,0.01369929,-9.411111
IMU,212086911.0,2,-0.02848196,0.0008689236,-0.03192804,-1.28597,0.5480548,-10.30904
IMU,212129989.0,2,-0.01168196,0.07512175,-0.02546374,-1.172966,0.9458246,-10.49738
IMU,212170286.0,2,0.01856087,0.07519522,-0.006886074,-1.724092,-0.3406988,-9.726294
IMU,212211639.0,2,0.06991639,0.091016,-0.002369102,-1.282461,0.1987759,-9.621527
IMU,212253931.0,2,-0.002626276,0.1695768,-0.019619,-1.876266,0.4364696,-10.15334
IMU,212294286.0,2,-0.1682656,0.08794814,-0.02590563,-0.9867933,0.105969,-10.07651
IMU,212337668.0,2,-0.1079797,0.04933637,-0.0393289,-1.581386,0.3388059,-10.31622
IMU,212377033.0,2,-0.01559255,0.03404563,-0.02617539,-1.398542,0.2028615,-9.78619
IMU,212418188.0,2,-0.1752595,0.01328396,-0.06046615,-1.398492,-0.1376502,-8.868793
IMU,212461922.0,2,0.02954341,0.02176974,-0.04940432,-1.246486,0.7002771,-9.705236
IMU,212501432.0,2,-0.05858405,0.06013976,-0.05259495,-1.713693,0.5464303,-10.27187
IMU,212541800.0,2,0.170324,0.09487185,-0.05021932,-1.359222,0.3128136,-3.532364
IMU,212581655.0,2,-0.04977949,0.3152918,-0.03858544,-0.8373297,0.003252934,-1.243073
IMU,212622117.0,2,0.1052436,0.2940799,-0.07419119,-0.3980355,-0.1068865,-0.3046449
IMU,212662385.0,2,0.1416247,0.3229769,-0.08653729,-0.5131279,-0.03385432,-0.4084839
IMU,212702350.0,2,0.09298672,0.3291921,-0.09413071,-0.4782397,0.02367868,-0.4742577
IMU,212742408.0,2,0.1246193,0.3564863,-0.09973658,-0.4815934,-0.105662,-0.5206614
IMU,212782281.0,2,0.04336595,0.4047375,-0.1009419,-0.5069969,-0.1160898,-0.6504289
IMU,212821943.0,2,0.05728159,0.4737734,-0.08919702,-0.5527293,-0.0055495,-0.7688311
IMU,212862448.0,2,0.09167895,0.5096423,-0.08603561,-0.5027007,-0.03037326,-0.8951752
IMU,212901963.0,2,0.07998388,0.5719892,-0.09863691,-0.5635715,-0.03668069,-1.016621
IMU,212942834.0,2,0.0567456,0.652631,-0.1176599,-0.5471072,-0.05249547,-1.059429
IMU,212982126.0,2,0.06031315,0.7327497,-0.1365273,-0.5087035,-0.043093,-1.172494
IMU,213021955.0,2,0.07165101,0.7655141,-0.1582402,-0.4884821,-0.08541863,-1.281026
IMU,213063856.0,2,0.07804564,0.803827,-0.1704415,-0.461425,-0.07456402,-1.35663
IMU,213104391.0,2,0.08598857,0.8596179,-0.1914343,-0.4574871,-0.04665737,-1.467721
IMU,213143899.0,2,0.1086996,0.9423435,-0.2120283,-0.4358738,-0.03119741,-1.653279
IMU,213184291.0,2,0.1288015,1.012117,-0.2321218,-0.4069517,-0.04204953,-1.854912
IMU,213224408.0,2,0.1256097,1.059714,-0.2483406,-0.3612936,-0.0238831,-2.20348
IMU,213264402.0,2,5.015061,-12.08312,-0.1636447,10.32071,-1.498071,-87.69428
IMU,213304876.0,2,1.387078,-5.594261,0.2165234,0.77733,16.47795,11.89171
IMU,213344481.0,2,-0.05788494,-4.13138,-0.03672814,1.572969,-2.468714,-0.6347203
IMU,213384559.0,2,0.5918126,-3.327531,-0.2269775,-2.086258,-1.761741,-1.589265
IMU,213424826.0,2,1.13432,-2.762358,-0.1302366,-9.142278,-6.872354,-0.6680837
IMU,213464447.0,2,-3.048019,-2.168334,0.2426816,-4.833859,-4.522334,-2.981547
IMU,213504896.0,2,-1.493164,-1.26458,0.6592765,-7.169082,-4.790613,-1.700133
IMU,213544411.0,2,-2.263572,0.8631401,1.008887,-9.554734,-0.6489264,-9.20072
IMU,213584859.0,2,0.1221091,1.74597,-0.02836098,-12.01508,3.941735,-4.924888
IMU,213624434.0,2,0.7230105,2.904248,-0.1017774,-5.209707,0.6659693,-3.417112
IMU,213664374.0,2,-0.2219853,3.938776,-0.01968341,-3.540318,-2.592486,-4.339116
IMU,213704802.0,2,-0.09722329,4.66359,-0.0913334,-3.938473,-0.08059887,-10.40082
IMU,213744388.0,2,0.309834,4.476047,-0.3215448,2.098647,1.401055,-14.53043
IMU,213784827.0,2,0.5838519,2.135483,-0.5656937,7.207291,-1.269416,-14.53558
IMU,213824564.0,2,0.1760911,0.06647742,-0.08752718,3.380343,-5.227704,-9.015403
IMU,213864360.0,2,-0.2902622,-0.6556505,0.3112247,1.268749,-1.899324,-9.638817
IMU,213904834.0,2,-0.335044,-0.2433679,0.1168867,-1.932158,-1.38049,-10.1051
IMU,213945402.0,2,0.01301465,0.08356432,-0.05313557,0.7002384,-0.2882449,-9.169795
IMU,213984443.0,2,0.1720861,0.09767763,-0.1019627,0.3955571,-1.591533,-10.09049
IMU,214024381.0,2,-0.04897988,-0.0002010692,0.005116511,0.4300626,-1.639934,-9.878213
IMU,214064370.0,2,-0.01813393,-0.03906649,0.03355789,0.3538623,-1.313663,-9.692386
IMU,214104826.0,2,0.01089464,0.02168734,-0.02184217,0.3189302,-1.26747,-9.729191
IMU,214145144.0,2,-0.005536315,-0.008304766,0.01148992,0.3958789,-1.457785,-9.792539
IMU,214184636.0,2,0.0006666845,0.00413214,-0.005305272,0.3681956,-1.301187,-9.733721
IMU,214224414.0,2,-0.003498585,-0.0008490569,0.003770504,0.3565497,-1.385885,-9.765027
IMU,214264524.0,2,0.001656554,-0.0002598109,-0.0001092373,0.364931,-1.347795,-9.749161
IMU,214304862.0,2,-0.001909793,-0.0006961959,0.002361913,0.3620152,-1.355516,-9.759735
IMU,214345181.0,2,-0.001101223,0.0005003828,6.850224e-05,0.3575733,-1.358223,-9.768991
IMU,214384427.0,2,0.0003555881,0.0009125604,0.001364718,0.3787323,-1.350779,-9.755618
IMU,214424683.0,2,-0.0009940563,0.0005823874,-0.0004115428,0.3654458,-1.365405,-9.770694
IMU,214464398.0,2,-0.0007111489,0.001493745,0.000915756,0.3729103,-1.348469,-9.752169
IMU,214504688.0,2,-0.001466667,0.000274957,0.001526601,0.3781925,-1.343593,-9.761791
IMU,214545186.0,2,-0.0001124966,0.0005908665,0.0001937109,0.3798334,-1.355863,-9.760777
IMU,214584618.0,2,0.001365537,0.000249765,0.00102688,0.3676089,-1.35979,-9.748635
IMU,214624364.0,2,-0.0001325489,2.760887e-05,0.001261664,0.3656459,-1.343112,-9.755079
IMU,214664398.0,2,-0.0002858951,-0.0001174097,0.001194249,0.3626531,-1.349581,-9.748261
IMU,214705034.0,2,-0.000420921,0.002271152,0.0003724545,0.3714192,-1.352202,-9.743444
IMU,214745118.0,2,0.0006740965,0.001409068,0.00105415,0.3757699,-1.355894,-9.746527
IMU,214784546.0,2,0.0005246126,0.001299761,0.0009100545,0.3730651,-1.348732,-9.751646
IMU,214824352.0,2,-0.001131379,0.0006129561,0.0003144319,0.3798574,-1.356302,-9.764623
IMU,214864408.0,2,-0.0002180303,-0.0001140696,-0.0005267129,0.37294,-1.350633,-9.76084
IMU,214904835.0,2,-0.0002351812,-0.0002890922,0.0004505702,0.377506,-1.35417,-9.757805
IMU,214945200.0,2,0.000589496,0.001400122,0.0008855188,0.3716486,-1.345261,-9.752091
IMU,214984571.0,2,-0.0006526451,-0.0006788,0.0008286227,0.3761378,-1.342957,-9.764695
IMU,215024367.0,2,-0.0001243903,-0.0002932472,-1.968049e-06,0.3713273,-1.353527,-9.77285
IMU,215065186.0,2,0.0004523396,0.001479479,0.001356865,0.3763815,-1.341569,-9.754238
IMU,215105268.0,2,0.000718793,0.0003066331,0.0004114916,0.383527,-1.350741,-9.736901
IMU,215145833.0,2,-0.0001309687,0.0003476464,0.0007829227,0.3812485,-1.353096,-9.754809
IMU,215184951.0,2,-0.0001519906,0.001292928,0.001114543,0.383791,-1.341802,-9.753889
IMU,215225643.0,2,-0.001380453,-0.0004277141,0.001496276,0.3706147,-1.33688,-9.75183
IMU,215265937.0,2,-0.000952517,-0.0004100952,0.002171372,0.3726196,-1.340862,-9.753859
