ARM,423503563.0,0.0
AHR2,422567731.0,1.91,-13.53,206.59,469.02,43.237608,-7.6813622
AHR2,422671129.0,1.57,-13.66,205.81,468.8,43.2376049,-7.6813649
AHR2,422775732.0,2.14,-13.92,205.43,468.33,43.2376025,-7.6813671
AHR2,422879075.0,2.92,-12.85,205.64,468.45,43.2375994,-7.6813699
AHR2,422984119.0,3.28,-12.26,206.01,468.68,43.2375945,-7.6813735
AHR2,423087184.0,3.63,-11.67,206.56,468.66,43.2375911,-7.6813763
AHR2,423192184.0,4.08,-10.91,207.13,468.43,43.2375877,-7.6813797
AHR2,423295687.0,4.06,-10.53,207.66,468.61,43.2375841,-7.6813829
AHR2,423400702.0,3.31,-10.3,208.12,468.69,43.2375802,-7.6813863
AHR2,423506224.0,3.39,-10.1,208.4,468.67,43.2375766,-7.6813896
AHR2,423607330.0,3.47,-9.06,208.67,467.88,43.2375729,-7.6813925
AHR2,423707454.0,4.54,-7.26,208.9,467.48,43.2375693,-7.6813956
AHR2,423808267.0,5.84,-5.48,209.03,466.77,43.2375668,-7.6813978
AHR2,423908232.0,6.94,-3.47,209.17,466.82,43.2375632,-7.681401
AHR2,424009138.0,7.86,-0.35,209.44,466.86,43.2375591,-7.6814047
AHR2,424109146.0,8.5,4.3,209.71,466.77,43.2375556,-7.6814079
AHR2,424210692.0,9.3,10.23,210.06,466.48,43.2375523,-7.6814101
AHR2,424310699.0,9.68,16.63,210.47,465.95,43.2375488,-7.6814131
AHR2,424411361.0,8.95,23.42,210.82,465.18,43.2375457,-7.6814161
AHR2,424511377.0,10.97,-1.91,211.09,463.24,43.2375423,-7.6814191
AHR2,424613129.0,8.08,-6.85,209.01,462.68,43.2375403,-7.6814181
AHR2,424713197.0,6.13,2.56,209.17,462.62,43.2375373,-7.68142
AHR2,424813596.0,5.27,25.99,212.24,462.75,43.237539,-7.6814242
AHR2,424913211.0,6.41,18.3,212.61,462.72,43.2375376,-7.6814271
AHR2,425013201.0,5.95,17.27,212.44,462.82,43.2375396,-7.6814219
AHR2,425113119.0,5.84,17.09,212.42,462.74,43.2375394,-7.6814219
AHR2,425213952.0,5.72,16.74,212.42,462.88,43.2375402,-7.6814203
AHR2,425313748.0,5.61,16.34,212.43,462.88,43.2375403,-7.6814199
AHR2,425413218.0,5.53,15.96,212.45,462.55,43.2375401,-7.6814196
AHR2,425513264.0,5.45,15.59,212.47,462.81,43.2375401,-7.6814193
AHR2,425613353.0,5.38,15.24,212.48,462.88,43.2375402,-7.6814188
AHR2,425713454.0,5.31,14.88,212.5,462.86,43.2375402,-7.6814187
AHR2,425813236.0,5.23,14.53,212.51,462.64,43.2375401,-7.6814183
AHR2,425913339.0,5.16,14.19,212.53,462.78,43.2375401,-7.6814182
AHR2,426014109.0,5.1,13.86,212.55,462.77,43.2375399,-7.6814179
AHR2,426114257.0,5.03,13.53,212.56,462.76,43.2375398,-7.6814178
AHR2,426215153.0,4.96,13.21,212.57,462.81,43.2375401,-7.6814172
AHR2,426315335.0,4.9,12.89,212.58,462.88,43.2375401,-7.6814171
ATT,422567205.0,1.35,1.37,-16.47,-13.45,213.78,211.34
ATT,422670698.0,1.86,0.97,-15.97,-13.63,213.72,210.6
ATT,422775196.0,2.53,1.49,-15.3,-13.94,213.64,210.28
ATT,422878587.0,2.99,2.27,-14.66,-12.92,213.59,210.62
ATT,422983734.0,3.24,2.68,-14.04,-12.32,213.58,211.01
ATT,423086751.0,3.44,3.12,-13.5,-11.64,213.57,211.46
ATT,423191599.0,3.45,3.56,-12.99,-10.83,213.59,212.01
ATT,423295139.0,3.27,3.43,-12.4,-10.43,213.62,212.61
ATT,423400142.0,3.15,2.62,-11.8,-10.28,213.65,213.16
ATT,423505911.0,3.14,2.66,-11.15,-10.21,213.49,213.52
ATT,423607000.0,1.77,2.72,-7.41,-9.23,213.76,213.79
ATT,423707049.0,0.9,3.79,-3.78,-7.49,213.91,213.95
ATT,423808005.0,0.45,5.05,-1.92,-5.56,213.99,214.04
ATT,423907963.0,0.23,6.05,-0.98,-3.18,214.11,214.17
ATT,424008689.0,0.11,6.9,-0.49,0.47,214.34,214.41
ATT,424108711.0,0.06,7.49,-0.25,5.73,214.54,214.61
ATT,424210154.0,0.03,8.26,-0.12,12.19,214.74,214.82
ATT,424310200.0,0.01,8.62,-0.06,19.08,214.96,215.05
ATT,424411039.0,0.0,7.93,-0.03,26.38,215.15,215.23
ATT,424511054.0,0.0,10.09,-0.01,1.41,215.83,215.92
ATT,424612687.0,0.0,7.27,0.0,-2.57,213.81,213.88
ATT,424712913.0,0.0,5.59,0.0,8.02,213.71,213.76
ATT,424813168.0,0.0,5.16,0.0,34.95,216.54,216.6
ATT,424912931.0,0.0,6.43,0.0,33.06,217.12,217.19
ATT,425012943.0,0.0,5.9,0.0,32.77,217.04,217.1
ATT,425112720.0,0.0,5.82,0.0,32.76,217.18,217.24
ATT,425213345.0,0.0,5.76,0.0,32.76,217.36,217.42
ATT,425313328.0,0.0,5.74,0.0,32.76,217.56,217.63
ATT,425412959.0,0.0,5.71,0.0,32.76,217.77,217.84
ATT,425512999.0,0.0,5.68,0.0,32.76,217.98,218.05
ATT,425613038.0,0.0,5.64,0.0,32.75,218.2,218.26
ATT,425713040.0,0.0,5.6,0.0,32.74,218.4,218.47
ATT,425812951.0,0.0,5.56,0.0,32.7,218.56,218.62
ATT,425913001.0,0.0,5.52,0.0,32.64,218.67,218.73
ATT,426013743.0,0.0,5.47,0.0,32.55,218.71,218.77
ATT,426113981.0,0.0,5.44,0.0,32.46,218.73,218.79
ATT,426214706.0,0.0,5.4,0.0,32.33,218.68,218.75
ATT,426314998.0,0.0,5.37,0.0,32.23,218.67,218.73
BARO,422562553.0,0,4.644126,96558.45,41.77
BARO,422665356.0,0,4.429372,96560.76,41.76
BARO,422775020.0,0,3.957477,96565.88,41.76
BARO,422878200.0,0,4.070506,96564.66,41.76
BARO,422983448.0,0,4.30504,96562.11,41.77
BARO,423086162.0,0,4.28526,96562.32,41.76
BARO,423191034.0,0,4.059203,96564.77,41.77
BARO,423294967.0,0,4.234397,96562.87,41.76
BARO,423399966.0,0,4.316343,96561.98,41.77
BARO,423503936.0,0,4.293737,96562.23,41.76
BARO,423605065.0,0,3.508187,96570.73,41.76
BARO,423705075.0,0,3.10411,96575.11,41.76
BARO,423805706.0,0,2.392028,96582.8,41.76
BARO,423905693.0,0,2.440065,96582.3,41.76
BARO,424006122.0,0,2.482451,96581.84,41.76
BARO,424106112.0,0,2.392028,96582.8,41.76
BARO,424207086.0,0,2.109456,96585.85,41.76
BARO,424307093.0,0,1.575395,96591.63,41.75
BARO,424408796.0,0,0.8096252,96599.9,41.76
BARO,424508818.0,0,-1.13447,96620.93,41.76
BARO,424610651.0,0,-1.696788,96627.02,41.75
BARO,424710669.0,0,-1.758954,96627.7,41.75
BARO,424810558.0,0,-1.628971,96626.3,41.75
BARO,424910481.0,0,-1.657228,96626.59,41.74
BARO,425010577.0,0,-1.552676,96625.47,41.74
BARO,425110455.0,0,-1.631796,96626.31,41.74
BARO,425210468.0,0,-1.49051,96624.78,41.74
BARO,425310372.0,0,-1.498988,96624.89,41.74
BARO,425410529.0,0,-1.823945,96628.41,41.74
BARO,425510445.0,0,-1.561154,96625.55,41.74
BARO,425610375.0,0,-1.493336,96624.81,41.75
BARO,425710499.0,0,-1.518768,96625.1,41.75
BARO,425810536.0,0,-1.733522,96627.42,41.75
BARO,425910376.0,0,-1.592236,96625.88,41.75
BARO,426011120.0,0,-1.606365,96626.05,41.76
BARO,426111113.0,0,-1.614842,96626.14,41.76
BARO,426211986.0,0,-1.569631,96625.66,41.77
BARO,426311991.0,0,-1.493336,96624.83,41.76
BARO,422562553.0,1,5.000167,96676.87,35.26
BARO,422665356.0,1,4.398289,96683.38,35.26
BARO,422775020.0,1,4.347426,96683.95,35.26
BARO,422878200.0,1,4.474584,96682.58,35.26
BARO,422983448.0,1,4.389812,96683.48,35.26
BARO,423086162.0,1,4.372858,96683.68,35.26
BARO,423191034.0,1,4.508492,96682.21,35.26
BARO,423294967.0,1,4.370032,96683.7,35.26
BARO,423399966.0,1,4.581961,96681.4,35.26
BARO,423503936.0,1,4.406766,96683.3,35.26
BARO,423605065.0,1,3.69751,96690.98,35.26
BARO,423705075.0,1,3.403636,96694.16,35.26
BARO,423805706.0,1,3.30191,96695.27,35.26
BARO,423905693.0,1,2.796106,96700.75,35.26
BARO,424006122.0,1,2.957172,96699.0,35.26
BARO,424106112.0,1,2.618086,96702.66,35.26
BARO,424207086.0,1,2.488103,96704.07,35.26
BARO,424307093.0,1,1.781673,96711.72,35.26
BARO,424408796.0,1,1.417155,96715.66,35.26
BARO,424508818.0,1,-2.11782,96753.98,35.26
BARO,424610651.0,1,-1.052524,96742.41,35.26
BARO,424710669.0,1,-1.27293,96744.82,35.25
BARO,424810558.0,1,-1.255976,96744.63,35.26
BARO,424910481.0,1,-1.634622,96748.73,35.25
BARO,425010577.0,1,-1.515942,96747.45,35.25
BARO,425110455.0,1,-1.442473,96746.66,35.25
BARO,425210468.0,1,-1.408565,96746.28,35.25
BARO,425310372.0,1,-1.547025,96747.77,35.25
BARO,425410529.0,1,-1.530071,96747.6,35.25
BARO,425510445.0,1,-1.41139,96746.3,35.25
BARO,425610375.0,1,-1.518768,96747.46,35.25
BARO,425710499.0,1,-1.498988,96747.25,35.25
BARO,425810536.0,1,-1.496162,96747.23,35.25
BARO,425910376.0,1,-1.538548,96747.68,35.25
BARO,426011120.0,1,-1.507465,96747.35,35.25
BARO,426111113.0,1,-1.335096,96745.5,35.25
BARO,426211986.0,1,-1.566805,96748.0,35.25
BARO,426311991.0,1,-1.555502,96747.86,35.25
GPS,422533942.0,4,17,43.2376123,-7.6813583,473.11,3.843,0.141,0.0
GPS,422761237.0,4,17,43.2376065,-7.6813635,473.12,4.034,0.223,0.0
GPS,422929561.0,4,17,43.2376003,-7.6813689,473.14,4.33,0.255,0.0
GPS,423137157.0,4,17,43.2375937,-7.6813745,473.16,4.584,0.163,0.0
GPS,423322725.0,4,17,43.2375869,-7.6813804,473.13,4.531,0.398,0.0
GPS,423533698.0,4,17,43.2375798,-7.6813865,473.09,4.752,0.193,0.0
GPS,423755367.0,4,17,43.2375728,-7.6813924,472.92,4.689,1.604,0.0
GPS,423935237.0,4,16,43.237566,-7.6813986,472.46,4.752,3.55,0.0
GPS,424136551.0,4,16,43.2375591,-7.6814045,471.55,4.611,5.399,0.0
GPS,424337700.0,4,17,43.2375523,-7.6814102,470.3,4.557,7.036,0.0
GPS,424539473.0,4,17,43.2375459,-7.6814146,468.68,3.613,8.854,0.0
GPS,424760937.0,4,15,43.2375415,-7.6814192,467.52,2.876,2.68,0.0
GPS,424920934.0,4,14,43.2375399,-7.6814219,467.19,0.192,0.906,0.0
GPS,425140188.0,4,16,43.23754,-7.681421,467.13,0.339,0.417,0.0
GPS,425340968.0,4,16,43.2375401,-7.6814201,467.13,0.232,0.28,0.0
GPS,425520976.0,4,16,43.2375402,-7.6814191,467.17,0.122,0.239,0.0
GPS,425760360.0,4,17,43.2375401,-7.6814184,467.19,0.068,0.23,0.0
GPS,425940469.0,4,17,43.23754,-7.6814179,467.24,0.087,0.158,0.0
GPS,426121181.0,4,17,43.2375401,-7.6814172,467.33,0.031,0.019,0.0
IMU,422511110.0,0,-0.02955959,0.06322367,-0.04660162,-2.017269,0.3726681,-9.824548
IMU,422552175.0,0,-0.1073706,0.09477941,-0.174448,-0.2419481,0.4255057,-9.781716
IMU,422592220.0,0,0.1223042,-0.02992468,-0.1545533,-0.3873828,0.01999304,-9.156898
IMU,422635360.0,0,-0.02232328,-0.0376557,-0.1462318,-0.939267,0.8071615,-9.712019
IMU,422675204.0,0,0.07815959,-0.09079361,-0.06776519,-0.4512149,0.2306844,-8.654216
IMU,422719446.0,0,0.02714181,-0.07493462,-0.08266675,-1.338477,0.529414,-10.04588
IMU,422759127.0,0,-0.01264813,0.0793521,-0.0224249,-1.125893,0.3113441,-9.268175
IMU,422800006.0,0,0.002674412,0.09409979,-0.005602737,-0.8916678,-0.266181,-9.230169
IMU,422843405.0,0,-0.02575836,0.2539391,0.03776537,-1.465472,-0.2517832,-9.087487
IMU,422883916.0,0,0.0170524,0.1567141,0.03401824,-0.5627878,-0.07107706,-9.254908
IMU,422927484.0,0,-0.05022063,0.1337952,0.07577486,-1.646927,0.03997578,-9.141638
IMU,422968243.0,0,-0.0733602,0.05311535,0.05191878,-0.2757371,-0.225784,-9.043111
IMU,423008241.0,0,0.1362191,0.0387584,0.0777685,-1.346123,-0.2708801,-9.254955
IMU,423051460.0,0,0.2584028,0.1753398,0.1413044,-0.6264596,0.4630449,-9.427935
IMU,423091470.0,0,0.1499384,0.1873413,0.10254,-0.9597763,-0.3796282,-9.249267
IMU,423137378.0,0,0.3584129,0.1738421,0.1461056,-0.8948954,0.6503155,-9.761271
IMU,423178621.0,0,0.1683656,0.03570082,0.1277305,-0.9755734,0.169216,-9.423599
IMU,423219707.0,0,-0.1146675,0.07561574,0.06289249,-1.33367,0.2640004,-10.34219
IMU,423262925.0,0,-0.1940334,0.02905223,0.06668652,-0.4627603,0.1938936,-9.664538
IMU,423302206.0,0,-0.2202394,0.02245234,0.06492857,-1.49348,-0.4420868,-9.534794
IMU,423350094.0,0,-0.1035099,0.02052717,0.1087491,-1.166072,0.116749,-9.213839
IMU,423389980.0,0,0.03213399,-0.02391726,0.07637789,-1.534738,0.03970863,-9.224105
IMU,423430290.0,0,-0.08748987,0.02949258,0.0964613,-1.597908,0.312641,-8.986986
IMU,423473570.0,0,0.1933534,-0.01690339,0.09794688,-0.6568009,0.3951748,-9.088911
IMU,423513142.0,0,-0.06498646,0.09436203,0.05643622,-1.195763,0.8899147,-10.01393
IMU,423555075.0,0,-0.09285172,-0.02579786,0.05971896,-0.1980633,-1.179411,-3.898847
IMU,423594468.0,0,0.1731194,0.2435019,0.06458072,-0.9236869,0.2119642,-0.5327749
IMU,423634529.0,0,0.2510813,0.3071205,0.0413462,-0.07928512,0.3157082,-0.9848375
IMU,423674471.0,0,0.2707313,0.3155478,0.04295538,-0.3322518,-0.08015303,-0.2637267
IMU,423714984.0,0,0.1816759,0.2963305,0.02449953,-0.3967257,-0.1803432,-0.07442218
IMU,423755565.0,0,0.2537862,0.3356878,0.01840721,-0.4120559,-0.09259673,-0.1470423
IMU,423795167.0,0,0.2108765,0.3599932,0.002401343,-0.3885185,-0.2191526,-0.3610102
IMU,423835155.0,0,0.1358761,0.3726413,0.006522782,-0.3409422,-0.202301,-0.3407526
IMU,423875670.0,0,0.1758384,0.4243801,0.008702196,-0.4208724,-0.1110185,-0.4724526
IMU,423915224.0,0,0.215706,0.4955533,0.008120891,-0.4079841,-0.1575038,-0.6348722
IMU,423956107.0,0,0.163886,0.6000585,0.005802932,-0.4418093,-0.2469373,-0.7896053
IMU,423996193.0,0,0.1048797,0.7219518,-0.0021936,-0.4641907,-0.1482108,-1.003528
IMU,424036334.0,0,0.07614891,0.835228,-0.0129484,-0.450046,-0.1174227,-1.211246
IMU,424076362.0,0,0.1014322,0.9496811,-0.03005842,-0.3913742,-0.06744863,-1.315376
IMU,424116142.0,0,0.1265264,1.042004,-0.0423891,-0.31535,-0.08983896,-1.55579
IMU,424157155.0,0,0.1308014,1.107076,-0.0425665,-0.2020386,-0.04804987,-1.659377
IMU,424197915.0,0,0.1225631,1.157744,-0.05128727,-0.1794069,-0.03907796,-1.812152
IMU,424237212.0,0,0.1087084,1.168037,-0.05440495,-0.1593467,-0.07578106,-1.878379
IMU,424277541.0,0,0.04050274,1.198094,-0.06389946,-0.1481485,-0.1626055,-2.081836
IMU,424317686.0,0,-0.06638111,1.289297,-0.0720555,-0.1012025,-0.1814957,-2.285762
IMU,424359085.0,0,-0.1532572,1.254602,-0.07285962,0.007313258,-0.1095341,-2.46298
IMU,424398873.0,0,-0.1467634,1.224519,-0.07479154,0.07699974,0.1056876,-2.539876
IMU,424439225.0,0,1.132784,-0.3935767,-0.4125053,16.33652,-0.3133754,-19.76984
IMU,424478691.0,0,-1.231377,0.4863903,-4.070736,-23.23278,15.18827,31.95066
IMU,424519705.0,0,4.65118,-0.5381761,0.5873085,0.861904,-6.31156,1.930048
IMU,424560260.0,0,-3.016109,-0.5264876,-0.3864536,-2.040172,-1.223121,0.6849935
IMU,424600196.0,0,0.4633088,-0.8627518,-0.5864778,-7.18493,-0.8639866,-0.386847
IMU,424640572.0,0,-0.1736828,1.067551,-0.6187443,-7.735129,-0.4158644,-0.1470154
IMU,424680104.0,0,-0.5510231,2.050936,0.211119,-9.003717,-1.214824,-3.024229
IMU,424720229.0,0,-0.3089716,3.210514,0.1929666,-6.341671,-0.9779105,-5.627912
IMU,424761026.0,0,-0.5262161,4.859161,0.2247714,-4.414773,-1.058035,-7.073784
IMU,424800370.0,0,-0.6019233,5.738842,0.5498074,1.89995,1.532396,-12.93983
IMU,424840130.0,0,1.519407,-1.128821,0.1471883,6.784414,2.490401,-11.59124
IMU,424880130.0,0,-1.145165,-0.226614,0.06244484,0.6190221,-2.759155,-5.321502
IMU,424921022.0,0,-0.3949424,0.1374732,0.01291726,0.4000608,0.2692066,-11.13753
IMU,424960742.0,0,-0.0394017,-0.1601931,-0.1844549,-2.001652,1.869582,-9.867133
IMU,425000061.0,0,0.03393445,0.05353032,0.1083458,-0.3470074,0.1659575,-9.886261
IMU,425040221.0,0,-0.00516201,-0.0006579065,-0.02288348,0.4272363,-0.08560286,-9.486701
IMU,425080193.0,0,0.002416878,-0.002570876,-0.003611579,-0.6101508,0.545713,-9.855972
IMU,425120406.0,0,0.003948943,0.0006593958,0.003424032,-0.05162857,0.1180077,-9.6659
IMU,425160363.0,0,-0.000412615,0.0002430159,-7.771955e-05,-0.3426422,0.4238487,-9.765203
IMU,425201098.0,0,-0.0009831198,0.0003128554,0.0002726997,-0.1492705,0.2519232,-9.685514
IMU,425240670.0,0,0.000971215,0.0002773184,0.002640299,-0.2696186,0.3363815,-9.724547
IMU,425280582.0,0,-0.001151363,-0.0004217399,-0.001039833,-0.2025254,0.2993744,-9.690913
IMU,425321153.0,0,0.002935777,-0.0007927477,0.003061169,-0.2317001,0.3144685,-9.701781
IMU,425360471.0,0,-0.000837102,-0.0001599259,-0.0008524642,-0.2180892,0.2980977,-9.712
IMU,425400456.0,0,4.435734e-05,-0.0005103238,0.0005547302,-0.2210778,0.3033218,-9.703876
IMU,425440991.0,0,-6.732931e-05,5.443937e-05,-0.0002302856,-0.2429439,0.2932732,-9.703308
IMU,425480525.0,0,-0.001125056,-0.001562893,0.0002393958,-0.2220176,0.3012846,-9.703336
IMU,425521124.0,0,-0.0001961889,-0.0008570339,-5.417528e-06,-0.2218743,0.3066105,-9.694656
IMU,425560365.0,0,-3.601374e-05,-0.001075568,-7.038924e-05,-0.2285105,0.3183893,-9.698547
IMU,425600454.0,0,-0.0002069169,0.0006555434,-0.0003735893,-0.2348424,0.2995254,-9.711094
IMU,425640471.0,0,0.0007541896,8.090006e-05,0.001713541,-0.2270819,0.2999372,-9.682418
IMU,425680806.0,0,-0.0006186488,0.0005070613,0.0004464952,-0.2355531,0.3131618,-9.697097
IMU,425720939.0,0,-0.0007955567,0.0003514437,-0.0004172435,-0.2377614,0.3028961,-9.695035
IMU,425760686.0,0,-0.0004221806,-0.001230027,-0.0004781298,-0.2261726,0.2978854,-9.69427
IMU,425800832.0,0,-5.87764e-05,-0.001257449,-3.312523e-05,-0.234906,0.2935019,-9.713575
IMU,425840533.0,0,4.247243e-05,-0.0003280386,0.00112528,-0.235717,0.3038164,-9.723293
IMU,425880761.0,0,-0.0006420446,-0.0002816043,0.0008053934,-0.2227629,0.2972917,-9.701613
IMU,425921169.0,0,0.0004773964,-0.001999433,-3.245034e-05,-0.2300926,0.3165689,-9.694761
IMU,425961115.0,0,-3.583988e-05,-0.0002501188,0.0001865105,-0.2354105,0.3003693,-9.720724
IMU,426001156.0,0,0.000200356,-0.0002882902,8.102039e-05,-0.2288277,0.3207182,-9.679797
IMU,426041704.0,0,0.0002195552,-0.001812117,-0.0004854049,-0.2289116,0.3147606,-9.723476
IMU,426081608.0,0,0.0002968588,-0.001261371,-0.0005681068,-0.2360106,0.297139,-9.72198
IMU,426121378.0,0,0.001331994,-0.00105326,0.0003162768,-0.2201763,0.3073522,-9.714864
IMU,426162057.0,0,-0.00134655,0.0003598778,-0.0002683687,-0.224277,0.309431,-9.708987
IMU,426202266.0,0,0.001050164,0.0001188909,-0.0008062745,-0.2336484,0.3047149,-9.707872
IMU,426242297.0,0,3.460642e-05,7.135006e-05,0.0009013619,-0.2349367,0.305541,-9.7181
IMU,426281955.0,0,-0.0004515281,-0.001412333,0.0005946135,-0.2348251,0.2998425,-9.703284
IMU,426322472.0,0,0.001287482,-0.0005365797,0.0008909622,-0.2246637,0.2971421,-9.712444
IMU,426363009.0,0,-0.001955509,-0.0002064985,0.0007133763,-0.23409,0.3109792,-9.715188
IMU,426402734.0,0,0.0007776093,-0.001202468,-0.001527872,-0.2430881,0.3046437,-9.708395
IMU,422511110.0,1,-0.07080294,-0.007786102,-0.08489196,-1.851999,0.2777784,-9.757044
IMU,422552175.0,1,-0.04221129,0.09778161,-0.1346709,-0.07606957,0.4310533,-10.22062
IMU,422592220.0,1,0.06736813,-0.02532886,-0.1433503,-0.5597249,-0.3110615,-9.60759
IMU,422635360.0,1,-0.06488826,-0.05566164,-0.1204384,-0.5553997,0.5595189,-9.650364
IMU,422675204.0,1,0.04652543,-0.1030388,-0.07527419,-0.6872934,-0.101878,-8.8779
IMU,422719446.0,1,-0.003540825,-0.08447296,-0.08041304,-1.124199,0.5814961,-10.31201
IMU,422759127.0,1,-0.01925983,0.04896377,-0.03415109,-0.8486406,0.3981169,-9.164786
IMU,422800006.0,1,0.05042107,0.1061479,0.01378456,-1.224347,-0.3381872,-10.14065
IMU,422843405.0,1,-0.01872923,0.2204731,0.03563105,-1.141723,-0.2226826,-8.717569
IMU,422883916.0,1,0.06786118,0.1558005,0.05249964,-0.8467634,-0.2269439,-9.718069
IMU,422927484.0,1,-0.01390558,0.1272644,0.07641415,-1.177924,0.475275,-9.37698
IMU,422968243.0,1,0.01225847,0.08234106,0.06763092,-0.3338619,-0.4123743,-9.3144
IMU,423008241.0,1,0.1194405,0.03638612,0.08615243,-1.536364,-0.1411571,-10.02397
IMU,423051460.0,1,0.1774241,0.1577429,0.1285929,-0.419021,0.3366898,-9.642894
IMU,423091470.0,1,0.188224,0.1860876,0.1197004,-0.8423572,-0.3613369,-10.36053
IMU,423137378.0,1,0.2725655,0.17035,0.1428365,-0.03604328,1.031274,-9.799538
IMU,423178621.0,1,0.1441432,0.0534202,0.1167419,-1.405875,0.03736131,-9.225317
IMU,423219707.0,1,-0.04787386,0.05865736,0.07415734,-1.436209,0.4225836,-10.17204
IMU,423262925.0,1,-0.08826649,0.07270769,0.08552491,-0.3732327,0.1111617,-9.777311
IMU,423302206.0,1,-0.1598182,0.04676235,0.07054267,-1.582579,-0.4504069,-9.894752
IMU,423350094.0,1,-0.1192402,0.03693052,0.08301299,-2.456737,-0.1039902,-9.175804
IMU,423389980.0,1,0.05201545,-0.01250056,0.07619648,-1.303149,-0.3329091,-9.463133
IMU,423430290.0,1,-0.108154,0.01174885,0.09411643,-0.9155384,0.1768394,-9.07619
IMU,423473570.0,1,0.1243849,-0.009979521,0.07806645,-0.981517,0.4339564,-9.101198
IMU,423513142.0,1,-0.1179143,0.07719249,0.05707872,-1.064731,1.167151,-9.994661
IMU,423555075.0,1,-0.007948991,-0.002813484,0.05319105,-0.6330011,-1.190863,-4.468742
IMU,423594468.0,1,0.11861,0.2050811,0.07234715,-0.7778583,0.1982554,-0.7709169
IMU,423634529.0,1,0.2363131,0.312009,0.06546105,-0.04073296,0.3210637,-1.145025
IMU,423674471.0,1,0.2535563,0.3169568,0.06292537,-0.3661579,-0.08915158,-0.3793545
IMU,423714984.0,1,0.1781027,0.2971136,0.04040082,-0.3345102,-0.0605027,-0.1744721
IMU,423755565.0,1,0.2505839,0.3350827,0.03584965,-0.4618731,0.0278866,-0.2479428
IMU,423795167.0,1,0.2100717,0.3505696,0.01867886,-0.4483198,-0.1357667,-0.4373109
IMU,423835155.0,1,0.1310693,0.36956,0.02146201,-0.4120136,0.05096479,-0.5146735
IMU,423875670.0,1,0.1719987,0.4142159,0.03050333,-0.4501753,0.01875506,-0.5636977
IMU,423915224.0,1,0.2090944,0.4947576,0.02831483,-0.4697426,-0.1235762,-0.6745543
IMU,423956107.0,1,0.1605747,0.5933948,0.02629073,-0.4266348,-0.3100214,-1.050834
IMU,423996193.0,1,0.1018712,0.7105528,0.02045985,-0.5036398,-0.1878479,-1.228521
IMU,424036334.0,1,0.07077429,0.8237344,0.01199542,-0.4793977,0.07405849,-1.390583
IMU,424076362.0,1,0.09327075,0.9349306,-0.001207465,-0.410954,0.06486065,-1.349325
IMU,424116142.0,1,0.1200202,1.026911,-0.01366273,-0.3904864,0.02266693,-1.595162
IMU,424157155.0,1,0.1241249,1.0921,-0.007404741,-0.2101809,0.09685525,-1.619754
IMU,424197915.0,1,0.1214229,1.140304,-0.01772648,-0.3184794,0.04784065,-1.970059
IMU,424237212.0,1,0.1038618,1.148185,-0.02259653,-0.1888729,0.02610693,-2.000341
IMU,424277541.0,1,0.03917385,1.178218,-0.03037586,-0.1724925,-0.0941278,-2.236305
IMU,424317686.0,1,-0.0710583,1.269824,-0.03360469,-0.1390577,-0.03223509,-2.308972
IMU,424359085.0,1,-0.1559611,1.23683,-0.03858804,-0.06134782,-0.04029424,-2.612138
IMU,424398873.0,1,-0.1509892,1.21144,-0.04169787,-0.07334184,0.2080536,-2.521041
IMU,424439225.0,1,0.8108847,-0.1410947,-0.2961794,33.2272,-3.704182,-32.86707
IMU,424478691.0,1,0.2235073,2.273583,-3.720772,-18.07503,14.52931,36.32421
IMU,424519705.0,1,4.701076,-4.927689,0.8388014,-0.01717616,-7.354781,0.07110246
IMU,424560260.0,1,-2.985451,-3.236776,-0.5493938,-1.658798,-0.977048,1.12476
IMU,424600196.0,1,0.4695519,-0.830316,-0.5832834,-7.107392,-0.7586077,-0.3598181
IMU,424640572.0,1,-0.1457248,0.9970788,-0.5996091,-7.831757,-0.3711187,-0.3322672
IMU,424680104.0,1,-0.5276954,1.99097,0.2322541,-8.921722,-1.240168,-2.997036
IMU,424720229.0,1,-0.3305138,3.122374,0.2604884,-6.021883,-0.9283227,-5.409337
IMU,424761026.0,1,-0.50011,4.720226,0.3173364,-4.254938,-1.045815,-7.251693
IMU,424800370.0,1,-0.6746743,5.706615,0.6577032,2.295228,1.575662,-12.91873
IMU,424840130.0,1,1.374679,-0.9411013,0.1517125,7.296488,2.746508,-11.82
IMU,424880130.0,1,-1.100326,-0.2724149,0.02783474,0.5229387,-2.357028,-5.206801
IMU,424921022.0,1,-0.4086024,0.1383756,0.009042845,0.4107398,0.3491394,-11.27426
IMU,424960742.0,1,-0.0693512,-0.1925018,-0.1949128,-1.950268,1.836126,-9.919434
IMU,425000061.0,1,0.04180212,0.05519447,0.1062702,-0.3727428,0.2388312,-10.11998
IMU,425040221.0,1,-0.001716325,0.00313739,-0.01751631,0.5785255,-0.0360712,-9.680002
IMU,425080193.0,1,-0.006648023,-0.001565625,-0.004547933,-0.6140296,0.611025,-9.976789
IMU,425120406.0,1,0.003592864,0.006718487,-0.002248386,-0.08701611,0.1769205,-9.744023
IMU,425160363.0,1,0.001090228,-0.0008375949,-0.001501338,-0.3253224,0.4409956,-9.784176
IMU,425201098.0,1,-0.005692108,0.005899783,0.001946573,-0.1433437,0.331509,-9.855529
IMU,425240670.0,1,-0.0002760037,-3.722583e-05,0.001569276,-0.2514488,0.3998167,-9.777389
IMU,425280582.0,1,-0.005449825,-0.001200857,-0.002813834,-0.2145001,0.2841686,-9.864429
IMU,425321153.0,1,0.00135693,0.00023278,0.0003234336,-0.2853488,0.2871255,-9.838454
IMU,425360471.0,1,0.000344969,-0.0002589807,-9.103558e-05,-0.2586671,0.3897053,-9.913274
IMU,425400456.0,1,0.0007002149,0.001370892,-0.001293695,-0.2231157,0.2800955,-9.793678
IMU,425440991.0,1,-0.001658985,-0.003460757,0.005538286,-0.218576,0.2317837,-9.750473
IMU,425480525.0,1,-0.004759887,0.0004821313,-0.000331372,-0.297042,0.3520181,-9.921771
IMU,425521124.0,1,-0.003448921,0.0001319218,-0.001582636,-0.19466,0.371207,-9.878518
IMU,425560365.0,1,0.0004036052,-0.0005042048,-0.001777234,-0.2875668,0.3258809,-9.766693
IMU,425600454.0,1,-0.004124088,-0.003971311,3.245931e-06,-0.1962769,0.3759061,-9.822871
IMU,425640471.0,1,-0.002934429,-0.007210905,-0.001939317,-0.2613958,0.3002645,-9.715845
IMU,425680806.0,1,-0.004284103,-0.003184309,2.626283e-05,-0.2694685,0.3429461,-9.754191
IMU,425720939.0,1,-0.005240825,-0.002120425,0.001091068,-0.2058333,0.3274535,-9.803173
IMU,425760686.0,1,-0.0006602843,-0.003235098,-0.001161589,-0.2091774,0.3549074,-9.694078
IMU,425800832.0,1,-0.0008007028,0.0005623146,0.0001382315,-0.2468989,0.2677262,-9.879905
IMU,425840533.0,1,-0.0003448566,-0.002660505,0.001189128,-0.3189978,0.3168737,-9.687587
IMU,425880761.0,1,-0.002052586,0.001885804,-0.0001998249,-0.2414489,0.4122771,-9.824693
IMU,425921169.0,1,0.0002864191,-0.002638652,-0.0003117986,-0.2912154,0.2994471,-9.800052
IMU,425961115.0,1,-0.006346689,0.001250254,-0.00214618,-0.219856,0.3217612,-9.760652
IMU,426001156.0,1,0.0008457003,-0.004209006,0.002401727,-0.2494297,0.4337103,-9.865409
IMU,426041704.0,1,0.002498504,-0.003953727,0.00132458,-0.2025844,0.3804024,-9.853227
IMU,426081608.0,1,0.00159782,-0.0001785397,-0.003079721,-0.3215573,0.3318783,-9.85969
IMU,426121378.0,1,0.001177314,-0.004974344,-0.003924536,-0.2839893,0.3503006,-9.766883
IMU,426162057.0,1,-0.002396673,0.001455017,-0.0009040342,-0.2814199,0.3740862,-9.841776
IMU,426202266.0,1,-0.001087828,-0.003241636,0.001504905,-0.2407623,0.3319345,-9.685512
IMU,426242297.0,1,0.0007968653,-0.002957575,0.002211441,-0.2341415,0.2646665,-9.857059
IMU,426281955.0,1,-0.00376122,-0.003564502,0.001986449,-0.2385679,0.3115425,-9.834607
IMU,426322472.0,1,0.003853552,0.001539767,-0.001917682,-0.2108906,0.3321888,-9.90379
IMU,426363009.0,1,-0.004059355,-0.002907102,0.002998512,-0.2254255,0.310699,-9.839812
IMU,426402734.0,1,0.000193329,0.002107312,-0.0009924989,-0.1856369,0.3499339,-9.806231
IMU,422511110.0,2,0.03080398,0.04225413,-0.1006639,-1.352026,-0.1154863,-9.542291
IMU,422552175.0,2,-0.03947808,0.03462754,-0.104356,-0.8612852,0.2979236,-9.753044
IMU,422592220.0,2,0.006936476,0.03131688,-0.1345872,-1.185297,-0.06330479,-9.90502
IMU,422635360.0,2,-0.03937224,-0.09925711,-0.1236993,-0.9054704,0.3769166,-9.028604
IMU,422675204.0,2,0.06451729,-0.1208235,-0.08205949,-1.006075,-0.04343498,-8.950205
IMU,422719446.0,2,0.04890168,-0.06063436,-0.07907259,-1.186923,-0.1425283,-9.545887
IMU,422759127.0,2,0.03425468,0.001911043,-0.02048738,-0.8757768,-0.2255534,-9.389715
IMU,422800006.0,2,-0.02367006,0.1307006,-0.01609114,-1.196013,-0.04192164,-10.06786
IMU,422843405.0,2,0.001075975,0.1998735,0.03831132,-0.8146347,-0.3119824,-9.584034
IMU,422883916.0,2,0.03722202,0.1707906,0.03668762,-1.178411,-0.1213948,-9.976708
IMU,422927484.0,2,0.0213921,0.1355993,0.06350361,-1.154579,0.2555659,-8.928534
IMU,422968243.0,2,-0.05653075,0.0737,0.08253789,-1.066911,0.0760425,-10.26898
IMU,423008241.0,2,0.06753901,0.06970316,0.0847066,-1.209707,-0.3592698,-9.347463
IMU,423051460.0,2,0.190192,0.1206867,0.1209177,-1.112534,-0.1506711,-9.447884
IMU,423091470.0,2,0.1328713,0.1567678,0.09481999,-1.122149,-0.136581,-10.24085
IMU,423137378.0,2,0.2661121,0.1015263,0.1137218,-1.122508,0.1624304,-9.280041
IMU,423178621.0,2,0.1876162,0.1149331,0.120564,-1.305124,0.001636789,-9.504233
IMU,423219707.0,2,0.1419472,0.05232,0.1031792,-1.411589,0.06904658,-9.622622
IMU,423262925.0,2,-0.1053941,0.01836769,0.08960544,-0.9676408,0.1157189,-9.98921
IMU,423302206.0,2,-0.2498205,0.1026253,0.06162952,-1.500941,-0.205351,-9.90657
IMU,423350094.0,2,-0.0528003,0.08931571,0.09040011,-1.500896,0.08328106,-9.793279
IMU,423389980.0,2,0.00885764,0.02709353,0.05228414,-1.129684,0.2213061,-10.20153
IMU,423430290.0,2,-0.0658121,-0.01056049,0.04029267,-0.9566047,-0.08243566,-9.336275
IMU,423473570.0,2,0.09287517,-0.0003436944,0.07622034,-1.542051,0.2293049,-9.734423
IMU,423513142.0,2,0.08310917,0.06286219,0.02337712,-1.391282,0.422627,-9.462193
IMU,423555075.0,2,-0.08711673,0.04469163,0.07095197,-0.9373833,-0.9278809,-4.339942
IMU,423594468.0,2,0.1432362,0.2410695,0.05682063,-0.8373241,0.1075015,-0.869086
IMU,423634529.0,2,0.2629708,0.269787,0.04305618,-0.4030247,0.01455755,-0.6893265
IMU,423674471.0,2,0.2627315,0.3059159,0.03826151,-0.4388037,-0.1117842,-0.3912808
IMU,423714984.0,2,0.1911991,0.293486,0.02007035,-0.4232031,-0.2048762,-0.298613
IMU,423755565.0,2,0.2574902,0.3327833,0.01433037,-0.418441,-0.1517036,-0.3307878
IMU,423795167.0,2,0.2178983,0.3586425,-0.0003483123,-0.4487628,-0.245739,-0.5308937
IMU,423835155.0,2,0.1422893,0.3742048,0.002944105,-0.4516561,-0.1868788,-0.5303562
IMU,423875670.0,2,0.1866541,0.4195194,0.002469643,-0.4800657,-0.1181,-0.6504263
IMU,423915224.0,2,0.2262836,0.4934014,0.001552117,-0.4935908,-0.1693272,-0.7894177
IMU,423956107.0,2,0.1718758,0.6035579,-0.001774847,-0.5168058,-0.2160907,-1.021232
IMU,423996193.0,2,0.1165013,0.7246974,-0.01226532,-0.5256554,-0.1535719,-1.216353
IMU,424036334.0,2,0.09430834,0.8363887,-0.02376023,-0.5151552,-0.1204385,-1.387718
IMU,424076362.0,2,0.1196475,0.9512366,-0.04447483,-0.4743923,-0.09007939,-1.518994
IMU,424116142.0,2,0.1471846,1.044336,-0.05738295,-0.3882445,-0.09982946,-1.737167
IMU,424157155.0,2,0.1505999,1.108277,-0.06120064,-0.3026989,-0.05809083,-1.84854
IMU,424197915.0,2,0.1444626,1.158868,-0.06977876,-0.277303,-0.06279968,-2.001703
IMU,424237212.0,2,0.1311189,1.170487,-0.07256903,-0.2613617,-0.08650861,-2.060508
IMU,424277541.0,2,0.06073517,1.202022,-0.0830562,-0.2422001,-0.1776498,-2.29665
IMU,424317686.0,2,-0.04557471,1.292217,-0.09178378,-0.2111509,-0.1801677,-2.522209
IMU,424359085.0,2,-0.1282487,1.261145,-0.09472934,-0.1416478,-0.1235039,-2.646671
IMU,424398873.0,2,-0.1196673,1.230868,-0.09346171,-0.06298849,0.06030801,-2.650159
IMU,424439225.0,2,0.05604557,-2.551486,-0.157049,24.47813,-5.497006,-18.31325
IMU,424478691.0,2,-0.4820872,-3.599661,-2.722987,-19.387,3.359128,10.77398
IMU,424519705.0,2,4.440748,-5.049416,0.8434844,1.075104,-4.859717,0.6313137
IMU,424560260.0,2,-3.05608,-3.00586,-0.3426743,-1.653314,-1.127941,-0.1638671
IMU,424600196.0,2,0.3550478,-0.7080655,-0.5713708,-6.527805,-0.5565675,-1.70402
IMU,424640572.0,2,-0.1568629,1.083144,-0.6240506,-7.711228,-0.05758189,-0.8639995
IMU,424680104.0,2,-0.5215223,2.065113,0.179442,-9.157792,-0.789462,-3.587448
IMU,424720229.0,2,-0.2340342,3.252942,0.1402716,-6.293438,-1.075806,-5.83974
IMU,424761026.0,2,-0.4522076,4.885855,0.1568217,-4.695791,-1.000484,-8.047963
IMU,424800370.0,2,-0.4450947,5.709399,0.4829586,1.286099,1.051118,-12.57101
IMU,424840130.0,2,1.469604,-1.059095,0.1461632,6.682316,1.917714,-12.6877
IMU,424880130.0,2,-1.098194,-0.1686531,0.06677935,0.7616497,-2.51169,-5.822561
IMU,424921022.0,2,-0.3655302,0.1243111,0.005365926,0.2084777,-0.1719263,-11.19417
IMU,424960742.0,2,-0.044659,-0.1584439,-0.1800819,-2.031536,1.708141,-10.08047
IMU,425000061.0,2,0.03388973,0.05348721,0.1055771,-0.5345786,0.1452511,-10.05169
IMU,425040221.0,2,-0.007591131,-0.002853481,-0.02442803,0.2986848,-0.2097904,-9.687564
IMU,425080193.0,2,0.001921754,-0.004162681,-0.003028205,-0.7314441,0.4263384,-10.0089
IMU,425120406.0,2,0.003134829,0.0003247102,0.00225581,-0.203287,-0.01525106,-9.818722
IMU,425160363.0,2,-0.0005396237,-0.001395283,-0.0007445573,-0.4762179,0.294315,-9.914496
IMU,425201098.0,2,0.0001565949,-0.0009953908,0.002247204,-0.2856475,0.1165211,-9.827793
IMU,425240670.0,2,0.001264767,0.0006644733,0.0009764229,-0.3956929,0.2103658,-9.880708
IMU,425280582.0,2,-0.001209373,-0.001921745,-0.0009663365,-0.3345459,0.1631169,-9.860328
IMU,425321153.0,2,0.001647139,0.0002252109,0.001022537,-0.3824684,0.1919704,-9.868503
IMU,425360471.0,2,-0.0001555681,-0.0003161177,-0.0003266118,-0.3560505,0.1762021,-9.889486
IMU,425400456.0,2,3.233735e-05,-0.0009801051,0.001908272,-0.3635307,0.1787568,-9.850913
IMU,425440991.0,2,0.0001705478,-0.0009321012,0.000291082,-0.3792004,0.1804852,-9.876264
IMU,425480525.0,2,0.0003154482,-0.001051423,0.0005164678,-0.3658506,0.1765218,-9.862459
IMU,425521124.0,2,-0.0005529415,-0.001397145,-2.699677e-06,-0.3727744,0.1768039,-9.876245
IMU,425560365.0,2,0.000541513,-0.000739356,0.001291564,-0.3699679,0.1730755,-9.843354
IMU,425600454.0,2,0.001425871,-0.001946395,0.0005517985,-0.3718911,0.1777194,-9.859566
IMU,425640471.0,2,0.0006595729,-0.0005967923,0.0002972691,-0.3655524,0.1734034,-9.870964
IMU,425680806.0,2,-0.0008415884,0.0005788551,-0.0008751005,-0.3626335,0.1711228,-9.867337
IMU,425720939.0,2,-0.0003969957,-0.0003396735,0.0001168035,-0.3586013,0.1718479,-9.886117
IMU,425760686.0,2,0.0006989876,-0.001010451,-0.001246991,-0.369821,0.175208,-9.861973
IMU,425800832.0,2,0.0005895612,0.0005528522,7.522282e-05,-0.3672158,0.1728283,-9.87644
IMU,425840533.0,2,-0.0002357747,-0.001399261,-0.0005637259,-0.3629599,0.1775529,-9.873114
IMU,425880761.0,2,-0.0001587601,-0.0003448311,-0.0003799126,-0.3723649,0.1788764,-9.879499
IMU,425921169.0,2,-0.0002350183,-0.001037702,-0.0003537852,-0.3623594,0.1749929,-9.85397
IMU,425961115.0,2,-0.0001994345,-0.0006672594,0.001378874,-0.3616687,0.1732613,-9.868427
IMU,426001156.0,2,0.0003193658,-0.001168731,0.002231913,-0.3680637,0.1770755,-9.842616
IMU,426041704.0,2,-1.623202e-06,-0.0001795952,0.001831115,-0.3726432,0.1696772,-9.875229
IMU,426081608.0,2,0.0006796308,-0.0007246864,0.001276206,-0.3704585,0.1789682,-9.857205
IMU,426121378.0,2,-0.0007164881,-0.001273026,0.001421512,-0.3566966,0.1805884,-9.864721
IMU,426162057.0,2,0.00153924,-0.0003358905,0.0005134012,-0.3730684,0.1793506,-9.876803
IMU,426202266.0,2,0.001653614,9.080923e-05,0.001205927,-0.3542979,0.1719281,-9.874391
IMU,426242297.0,2,0.001028955,-0.00081113,0.001016361,-0.3721091,0.178298,-9.852456
IMU,426281955.0,2,0.0004218073,-0.0007477732,-0.0009680276,-0.354968,0.1781738,-9.861267
IMU,426322472.0,2,0.0009280213,-0.0008173335,0.0005381167,-0.3811554,0.174881,-9.868021
IMU,426363009.0,2,-3.877599e-06,0.0001938618,0.0005120139,-0.3613212,0.1807924,-9.854191
IMU,426402734.0,2,0.001524302,-0.00185336,-0.001071118,-0.3602196,0.181869,-9.88297
