ARM,73651179.0,0.0
AHR2,73551408.0,3.5,-11.89,205.6,478.5,43.2375721,-7.6813917
AHR2,73656383.0,3.56,-10.94,205.76,479.13,43.2375679,-7.6813958
AHR2,73755922.0,3.94,-10.15,205.93,478.31,43.2375645,-7.681399
AHR2,73857609.0,4.53,-8.35,205.7,477.87,43.2375608,-7.6814015
AHR2,73957629.0,5.23,-6.3,205.33,477.91,43.2375572,-7.6814047
AHR2,74058454.0,5.65,-3.84,204.96,477.23,43.2375551,-7.6814067
AHR2,74158845.0,6.74,-0.94,204.52,477.3,43.2375517,-7.6814097
AHR2,74260344.0,7.97,3.92,204.26,477.41,43.2375479,-7.6814129
AHR2,74360386.0,9.38,10.55,204.28,477.26,43.2375447,-7.6814157
AHR2,74461817.0,9.7,18.88,204.34,477.09,43.2375408,-7.6814188
AHR2,74561864.0,9.39,27.9,204.43,476.37,43.2375374,-7.6814218
AHR2,74663358.0,8.91,10.98,201.9,475.24,43.2375358,-7.6814239
AHR2,74763284.0,9.14,-40.24,196.11,472.66,43.237533,-7.6814265
AHR2,74864323.0,22.56,-65.41,181.65,472.5,43.2375318,-7.6814293
AHR2,74964376.0,41.51,-75.26,162.12,472.52,43.2375295,-7.681432
AHR2,75065879.0,46.45,-76.43,157.09,472.58,43.2375314,-7.6814326
AHR2,75165647.0,31.66,-72.11,172.41,472.73,43.2375306,-7.6814346
AHR2,75265801.0,18.63,-61.77,186.26,472.56,43.2375321,-7.6814312
AHR2,75365687.0,10.52,-42.12,195.28,472.9,43.2375321,-7.6814313
AHR2,75465954.0,8.46,-9.59,201.24,472.76,43.2375331,-7.6814305
AHR2,75565935.0,7.62,-2.74,203.44,473.04,43.2375335,-7.6814303
AHR2,75665852.0,8.78,-4.88,203.7,472.92,43.2375337,-7.6814308
AHR2,75765639.0,8.7,-4.53,203.72,472.93,43.237534,-7.6814309
AHR2,75865795.0,8.68,-4.46,203.69,472.88,43.2375337,-7.6814307
AHR2,75965827.0,8.68,-4.51,203.66,472.97,43.2375337,-7.6814307
AHR2,76066033.0,8.67,-4.53,203.63,472.97,43.2375335,-7.681431
AHR2,76166107.0,8.65,-4.55,203.6,472.8,43.2375335,-7.6814311
AHR2,76266559.0,8.63,-4.56,203.57,472.77,43.2375329,-7.6814313
AHR2,76366589.0,8.61,-4.57,203.54,472.83,43.2375328,-7.6814314
AHR2,76467403.0,8.59,-4.59,203.52,472.81,43.2375329,-7.6814312
AHR2,76567033.0,8.58,-4.6,203.49,472.84,43.2375329,-7.6814313
AHR2,76667920.0,8.56,-4.61,203.47,472.79,43.2375328,-7.6814313
AHR2,76768087.0,8.54,-4.62,203.44,472.7,43.2375328,-7.6814314
AHR2,76868938.0,8.52,-4.63,203.41,472.78,43.2375325,-7.6814317
AHR2,76968905.0,8.5,-4.64,203.38,472.81,43.2375325,-7.6814317
AHR2,77069671.0,8.48,-4.65,203.35,472.82,43.2375326,-7.6814315
AHR2,77170083.0,8.47,-4.66,203.33,472.73,43.2375326,-7.6814316
AHR2,77269956.0,8.45,-4.67,203.3,472.63,43.2375325,-7.6814314
AHR2,77370047.0,8.43,-4.69,203.29,472.55,43.2375324,-7.6814315
ATT,73550871.0,3.13,3.24,-12.34,-11.99,213.64,211.5
ATT,73655650.0,3.16,3.26,-11.82,-11.05,211.71,211.74
ATT,73755536.0,1.76,3.61,-7.9,-10.27,211.94,211.98
ATT,73857104.0,0.88,4.21,-3.99,-8.48,211.67,211.72
ATT,73957130.0,0.45,4.95,-2.03,-6.44,211.2,211.25
ATT,74057895.0,0.23,5.4,-1.03,-3.63,210.74,210.79
ATT,74158417.0,0.11,6.5,-0.52,0.02,210.26,210.32
ATT,74259931.0,0.05,7.76,-0.26,5.54,209.94,210.02
ATT,74360016.0,0.03,9.19,-0.13,12.74,209.92,210.01
ATT,74461350.0,0.01,9.61,-0.06,21.77,209.9,210.0
ATT,74561381.0,0.0,9.39,-0.03,31.54,209.89,209.99
ATT,74662907.0,0.0,8.69,-0.01,15.45,207.22,207.3
ATT,74762842.0,0.0,8.1,0.0,-34.96,202.18,202.28
ATT,74863868.0,0.0,17.21,0.0,-59.29,191.58,191.86
ATT,74963907.0,0.0,25.69,0.0,-68.84,181.69,182.27
ATT,75065417.0,0.0,26.48,0.0,-69.57,180.44,181.06
ATT,75165202.0,0.0,19.33,0.0,-63.75,188.3,188.66
ATT,75265377.0,0.0,12.87,0.0,-52.04,195.78,195.96
ATT,75365209.0,0.0,8.21,0.0,-31.35,201.53,201.62
ATT,75465449.0,0.0,7.93,0.0,3.37,205.67,205.75
ATT,75565454.0,0.0,7.36,0.0,13.07,206.07,206.14
ATT,75665420.0,0.0,8.59,0.0,11.66,206.34,206.43
ATT,75765202.0,0.0,8.51,0.0,11.75,206.44,206.52
ATT,75865251.0,0.0,8.5,0.0,11.78,206.45,206.53
ATT,75965402.0,0.0,8.52,0.0,11.8,206.46,206.54
ATT,76065563.0,0.0,8.54,0.0,11.81,206.49,206.57
ATT,76165669.0,0.0,8.57,0.0,11.83,206.45,206.53
ATT,76266106.0,0.0,8.61,0.0,11.85,206.39,206.47
ATT,76366132.0,0.0,8.64,0.0,11.86,206.35,206.43
ATT,76466906.0,0.0,8.68,0.0,11.83,206.28,206.36
ATT,76566553.0,0.0,8.73,0.0,11.79,206.2,206.28
ATT,76667569.0,0.0,8.79,0.0,11.74,206.1,206.18
ATT,76767703.0,0.0,8.83,0.0,11.69,206.02,206.11
ATT,76868568.0,0.0,8.88,0.0,11.62,205.97,206.05
ATT,76968532.0,0.0,8.92,0.0,11.54,205.92,206.01
ATT,77069249.0,0.0,8.96,0.0,11.46,205.91,205.99
ATT,77169624.0,0.0,9.0,0.0,11.36,205.89,205.97
ATT,77269371.0,0.0,9.03,0.0,11.22,205.86,205.95
ATT,77369530.0,0.0,9.06,0.0,11.13,205.88,205.97
BARO,73651431.0,0,5.234083,96398.48,41.7
BARO,73751241.0,0,4.41745,96407.31,41.7
BARO,73852053.0,0,3.973812,96412.08,41.71
BARO,73952179.0,0,4.016198,96411.62,41.7
BARO,74052884.0,0,3.338025,96418.94,41.71
BARO,74152860.0,0,3.400191,96418.28,41.7
BARO,74254555.0,0,3.516046,96417.03,41.71
BARO,74354565.0,0,3.369108,96418.6,41.71
BARO,74456999.0,0,3.199565,96420.45,41.7
BARO,74556906.0,0,2.479007,96428.21,41.7
BARO,74657907.0,0,1.345893,96440.46,41.71
BARO,74757811.0,0,-1.231163,96468.3,41.71
BARO,74859075.0,0,-1.395055,96470.07,41.7
BARO,74958915.0,0,-1.375275,96469.84,41.7
BARO,75060123.0,0,-1.313109,96469.18,41.69
BARO,75160039.0,0,-1.166172,96467.59,41.69
BARO,75260040.0,0,-1.330063,96469.37,41.69
BARO,75359916.0,0,-0.9994541,96465.8,41.69
BARO,75460058.0,0,-1.135089,96467.26,41.69
BARO,75560063.0,0,-0.8525167,96464.23,41.69
BARO,75659908.0,0,-0.9711969,96465.5,41.7
BARO,75760014.0,0,-0.9655454,96465.44,41.7
BARO,75860024.0,0,-1.019234,96466.01,41.71
BARO,75960331.0,0,-0.9203339,96464.94,41.71
BARO,76059986.0,0,-0.9288111,96465.03,41.71
BARO,76160349.0,0,-1.098354,96466.85,41.72
BARO,76260664.0,0,-1.123786,96467.13,41.73
BARO,76360632.0,0,-1.067271,96466.52,41.74
BARO,76461388.0,0,-1.084226,96466.7,41.75
BARO,76561840.0,0,-1.058794,96466.44,41.75
BARO,76662933.0,0,-1.104006,96466.94,41.76
BARO,76762939.0,0,-1.197254,96467.92,41.76
BARO,76864266.0,0,-1.118134,96467.09,41.76
BARO,76964088.0,0,-1.089877,96466.77,41.77
BARO,77064816.0,0,-1.072923,96466.6,41.77
BARO,77164609.0,0,-1.163346,96467.58,41.78
BARO,77265051.0,0,-1.267897,96468.7,41.78
BARO,77364886.0,0,-1.344192,96469.52,41.78
BARO,73651431.0,1,5.903779,96527.68,36.37
BARO,73751241.0,1,5.57317,96531.23,36.37
BARO,73852053.0,1,5.18322,96535.46,36.37
BARO,73952179.0,1,5.273643,96534.48,36.38
BARO,74052884.0,1,4.767839,96539.95,36.38
BARO,74152860.0,1,4.804574,96539.55,36.38
BARO,74254555.0,1,4.993897,96537.49,36.38
BARO,74354565.0,1,4.830005,96539.28,36.39
BARO,74456999.0,1,4.524827,96542.58,36.39
BARO,74556906.0,1,3.761883,96550.82,36.39
BARO,74657907.0,1,2.617467,96563.21,36.39
BARO,74757811.0,1,-1.005105,96602.38,36.4
BARO,74859075.0,1,-0.01610367,96591.69,36.39
BARO,74958915.0,1,0.269294,96588.59,36.4
BARO,75060123.0,1,0.1619167,96589.77,36.4
BARO,75160039.0,1,0.1223566,96590.2,36.4
BARO,75260040.0,1,-0.004800795,96591.57,36.4
BARO,75359916.0,1,0.178871,96589.57,36.4
BARO,75460058.0,1,-0.03588371,96591.88,36.41
BARO,75560063.0,1,-0.2195555,96593.89,36.41
BARO,75659908.0,1,-0.0782695,96592.34,36.41
BARO,75760014.0,1,0.07997079,96590.66,36.41
BARO,75860024.0,1,-0.1602154,96593.23,36.41
BARO,75960331.0,1,0.03475928,96591.14,36.42
BARO,76059986.0,1,-0.1997754,96593.66,36.42
BARO,76160349.0,1,-0.1686925,96593.33,36.42
BARO,76260664.0,1,-0.1686925,96593.32,36.42
BARO,76360632.0,1,-0.04436087,96592.0,36.43
BARO,76461388.0,1,0.01497924,96591.36,36.43
BARO,76561840.0,1,-0.1573897,96593.2,36.43
BARO,76662933.0,1,-0.08957238,96592.49,36.43
BARO,76762939.0,1,0.006502084,96591.44,36.43
BARO,76864266.0,1,-0.07261807,96592.28,36.44
BARO,76964088.0,1,-0.08957238,96592.48,36.44
BARO,77064816.0,1,-0.2280326,96593.97,36.45
BARO,77164609.0,1,-0.1771697,96593.43,36.44
BARO,77265051.0,1,-0.1376096,96592.98,36.45
BARO,77364886.0,1,-0.05848946,96592.13,36.45
GPS,73576478.0,3,16,43.2375747,-7.6813895,478.8,4.611,-0.047,0.0
GPS,73786124.0,3,16,43.2375676,-7.6813956,478.75,4.75,0.294,0.0
GPS,74007431.0,3,16,43.2375607,-7.6814016,478.45,4.459,2.486,0.0
GPS,74188116.0,3,16,43.237554,-7.6814075,477.79,4.242,4.209,0.0
GPS,74390033.0,3,16,43.2375473,-7.6814132,476.78,4.53,5.855,0.0
GPS,74591663.0,3,16,43.237541,-7.6814188,475.48,3.765,7.299,0.0
GPS,74793636.0,3,16,43.2375359,-7.6814242,474.03,3.296,7.331,0.0
GPS,74994127.0,3,16,43.2375329,-7.681429,472.99,1.823,3.571,0.0
GPS,75175012.0,3,16,43.2375321,-7.681431,472.68,0.104,0.134,0.0
GPS,75395840.0,3,16,43.2375324,-7.6814309,472.7,0.479,-0.044,0.0
GPS,75595423.0,3,15,43.2375331,-7.6814307,472.69,0.367,0.09,0.0
GPS,75795909.0,3,16,43.2375336,-7.6814307,472.71,0.061,-0.114,0.0
GPS,76015550.0,3,16,43.2375335,-7.6814309,472.82,0.09,-0.162,0.0
GPS,76195782.0,3,16,43.2375332,-7.6814311,472.9,0.207,-0.141,0.0
GPS,76395861.0,3,16,43.2375329,-7.6814312,472.97,0.042,-0.09900001,0.0
GPS,76596592.0,3,16,43.2375328,-7.6814312,473.02,0.068,-0.135,0.0
GPS,76798562.0,3,16,43.2375325,-7.6814317,473.15,0.033,-0.186,0.0
GPS,77018878.0,3,16,43.2375325,-7.6814315,473.19,0.089,-0.147,0.0
GPS,77179400.0,3,16,43.2375326,-7.6814312,473.18,0.117,0.006,0.0
IMU,73576610.0,0,0.1168891,0.05982878,0.01801358,-1.066368,0.1862096,-9.540752
IMU,73620618.0,0,-0.04179213,0.2241212,0.043966,-2.356041,0.1914869,-9.020314
IMU,73661024.0,0,-0.05588805,0.1567931,-0.1052203,-0.5184871,0.1803399,-9.828598
IMU,73701265.0,0,-0.01210801,0.2048764,0.04935575,-1.061613,0.023737,-4.028221
IMU,73740630.0,0,0.121124,0.0684294,-0.01481818,-0.7238635,0.01840422,-0.5420733
IMU,73780612.0,0,0.08129818,0.2836438,-0.01851171,-0.5578576,-0.07215951,-0.4031434
IMU,73822542.0,0,0.1533616,0.3112127,-0.06013386,-0.7545336,0.2151772,-0.3844654
IMU,73862534.0,0,0.03566087,0.3354065,-0.05362792,-0.642879,-0.2321953,-0.2995053
IMU,73901967.0,0,0.143681,0.3592723,-0.07570857,-0.6002354,-0.08608171,-0.44143
IMU,73942374.0,0,0.1040439,0.3681412,-0.07781162,-0.6969648,-0.2527865,-0.4947745
IMU,73982271.0,0,0.03368964,0.4145207,-0.07711457,-0.7719991,-0.09228031,-0.5229493
IMU,74023200.0,0,0.08152893,0.501792,-0.07759493,-0.7299331,-0.110107,-0.7961119
IMU,74063157.0,0,0.1219713,0.5522969,-0.09291594,-0.6393128,-0.04683987,-0.8601041
IMU,74102932.0,0,0.1974229,0.5833551,-0.09922034,-0.7490125,-0.1000474,-1.064668
IMU,74142910.0,0,0.1937881,0.7050147,-0.1055195,-0.7719449,-0.1821347,-1.26624
IMU,74183146.0,0,0.1939272,0.8290001,-0.1065293,-0.7426537,-0.1413004,-1.404925
IMU,74224397.0,0,0.2157012,0.9593754,-0.1065761,-0.6962664,-0.1546077,-1.619121
IMU,74264370.0,0,0.2411103,1.084064,-0.1049129,-0.6663633,-0.1076046,-1.821623
IMU,74304423.0,0,0.2649482,1.215257,-0.100862,-0.5667364,-0.1473929,-1.934734
IMU,74345008.0,0,0.2427825,1.329943,-0.1131462,-0.5155016,-0.2966891,-2.271541
IMU,74384803.0,0,0.1399358,1.452734,-0.1416557,-0.4168742,-0.2527199,-2.370721
IMU,74426814.0,0,0.0679559,1.560206,-0.1651092,-0.3805924,-0.2333244,-2.581854
IMU,74466440.0,0,-0.07564019,1.653596,-0.159748,-0.2025146,-0.2601488,-2.607294
IMU,74507116.0,0,-0.07842393,1.71191,-0.1638421,-0.06572247,-0.02621303,-2.811031
IMU,74547087.0,0,-0.0203059,1.701616,-0.1753498,0.02874764,-0.09832536,-2.950181
IMU,74586411.0,0,-0.1622551,1.668897,-0.1850898,0.07125579,-0.1664169,-2.86071
IMU,74628019.0,0,-0.09140275,1.593934,-0.1875384,0.1751175,-0.03589236,-3.04064
IMU,74668116.0,0,2.565459,-30.68913,0.4141574,15.86335,-37.32735,-99.39844
IMU,74707875.0,0,-4.075565,-7.064544,-1.005842,39.00786,-4.113655,-45.6452
IMU,74748285.0,0,-1.238702,-7.355489,-1.286682,1.74157,0.3500936,5.080468
IMU,74787795.0,0,2.338478,-5.263406,-0.6372232,-15.28691,-4.403522,-1.222829
IMU,74829327.0,0,-0.6331042,-4.028892,-0.3313315,-6.315654,-0.9871647,1.136891
IMU,74868814.0,0,0.02650512,-2.968097,-0.1145957,-8.454703,-1.957718,1.518636
IMU,74908831.0,0,-0.1333642,-2.097124,-0.1155088,-9.794001,-0.7434473,2.44757
IMU,74949501.0,0,0.07010856,-1.373004,-0.2093583,-9.740561,-0.8522541,2.06481
IMU,74989049.0,0,-0.07561419,-0.7108574,-0.05957583,-9.709636,-1.974041,2.537351
IMU,75030051.0,0,0.02018576,-0.03973021,-0.002734059,-9.834146,-1.566002,2.571929
IMU,75070391.0,0,-0.0404734,0.5538643,0.0752278,-9.809672,-1.550866,2.093108
IMU,75110004.0,0,-0.04466838,1.006114,0.1422282,-9.626889,-1.561461,1.310087
IMU,75150046.0,0,0.01521052,1.384478,0.1981993,-9.513786,-1.389075,0.7484264
IMU,75190364.0,0,-0.001924975,1.773151,0.2530726,-9.29559,-1.376106,0.3818303
IMU,75230050.0,0,-0.04793921,2.177971,0.2151358,-9.481128,-0.7895207,-0.05825736
IMU,75270313.0,0,-0.03611567,2.680537,0.1268003,-8.269234,-0.5282731,-0.6794297
IMU,75309920.0,0,-0.233427,3.389525,0.1652526,-7.506427,-0.9842725,-0.9414743
IMU,75349993.0,0,-0.303603,4.162913,0.4169415,-6.17332,-1.125846,-1.864973
IMU,75390407.0,0,0.1892012,5.234814,0.3553669,-6.475591,-0.07404986,-2.336026
IMU,75430287.0,0,-0.2771945,6.209115,0.1884581,-2.287072,-0.231831,-1.715721
IMU,75470349.0,0,0.9304653,7.433131,-0.01023944,0.1074693,-0.556206,-13.61442
IMU,75510107.0,0,-1.561596,0.6209675,0.4021753,19.60336,-4.664822,-42.40329
IMU,75550028.0,0,-0.482256,-0.440709,-0.05225235,0.6188241,-0.695237,2.673441
IMU,75590375.0,0,0.9536746,-0.329096,0.1860727,-0.9095376,-0.2361076,-12.40041
IMU,75630033.0,0,0.05457964,-0.3611318,-0.009916097,-3.105907,-2.268267,-10.32613
IMU,75670431.0,0,-0.01265751,0.1526685,0.008548532,-0.693957,-0.5633147,-9.427778
IMU,75710077.0,0,0.002790398,-0.01762392,0.01510226,-0.7345076,-0.2292197,-9.591609
IMU,75750095.0,0,-0.005096531,0.005097222,0.00946669,-0.9041094,-0.7561349,-9.669314
IMU,75790601.0,0,0.003328452,-0.0001094291,-0.005021873,-0.8666844,-0.6218392,-9.661651
IMU,75830097.0,0,-0.001806936,0.003329049,0.003283312,-0.8644696,-0.636601,-9.659569
IMU,75870275.0,0,-0.001206021,0.002308443,0.004280903,-0.8505493,-0.6817434,-9.663963
IMU,75910014.0,0,-0.0007479865,0.0008509206,0.0006003053,-0.8491676,-0.6920923,-9.656972
IMU,75950034.0,0,0.0004516181,0.001349386,0.001397706,-0.85552,-0.67584,-9.659839
IMU,75990561.0,0,0.0002353615,0.001187901,0.003269084,-0.8575444,-0.6898908,-9.688652
IMU,76030782.0,0,-0.0004046165,0.001980847,0.001858082,-0.8466001,-0.6868922,-9.675649
IMU,76070373.0,0,-0.0003049313,0.001526595,0.001893569,-0.8453397,-0.6792681,-9.674006
IMU,76110315.0,0,0.0003644913,0.002539907,0.001407482,-0.8509143,-0.6846914,-9.659966
IMU,76150304.0,0,-0.0006239957,0.002105225,0.001529321,-0.8500441,-0.6858863,-9.670594
IMU,76190659.0,0,-0.0002841973,0.0008861302,0.001742337,-0.8498086,-0.6898326,-9.653914
IMU,76231323.0,0,-0.0001646145,0.0009307924,0.001488687,-0.8522046,-0.678063,-9.664504
IMU,76270646.0,0,-7.878592e-05,0.001306472,0.002432799,-0.8569937,-0.6862115,-9.667059
IMU,76310653.0,0,-0.0008721143,0.002259843,0.0009879381,-0.8457166,-0.6951815,-9.66477
IMU,76350659.0,0,-0.0001857224,0.0009398772,0.002003059,-0.855199,-0.6836084,-9.663467
IMU,76391273.0,0,-0.0001181739,0.001594581,0.001947044,-0.8464981,-0.6923879,-9.670291
IMU,76431632.0,0,-0.000105651,0.001213565,0.001950781,-0.8533759,-0.6925891,-9.646969
IMU,76471386.0,0,0.0001031669,0.0003034467,0.00267163,-0.8526011,-0.6939667,-9.669621
IMU,76511834.0,0,0.0004617281,0.001236049,0.001588806,-0.8528925,-0.6810516,-9.667711
IMU,76551633.0,0,0.0004872337,0.0009231035,0.001200826,-0.8473806,-0.6858881,-9.66806
IMU,76591885.0,0,0.0008032284,0.001470079,0.001449342,-0.8556403,-0.6872141,-9.672666
IMU,76632805.0,0,-0.0002542805,0.002313638,0.002463821,-0.8464911,-0.691296,-9.669827
IMU,76672854.0,0,-0.0003615972,0.00131389,0.001977745,-0.860065,-0.691977,-9.665215
IMU,76713273.0,0,-8.611241e-05,0.0008111458,0.001319719,-0.858224,-0.6996737,-9.664248
IMU,76752452.0,0,-0.0008986153,0.001929229,0.001609406,-0.8765456,-0.6884666,-9.676552
IMU,76792607.0,0,-0.0004355275,0.001691723,0.001318611,-0.8542896,-0.686709,-9.665986
IMU,76833635.0,0,2.398972e-05,0.001799727,0.001158898,-0.8507519,-0.6975849,-9.65035
IMU,76874089.0,0,-0.001260581,0.001687859,0.00214824,-0.8472679,-0.691528,-9.670259
IMU,76914320.0,0,-0.0001375785,0.001621419,0.002224292,-0.8484471,-0.6943921,-9.676229
IMU,76953631.0,0,-8.777649e-05,0.0003325731,0.001603068,-0.8555351,-0.6762696,-9.687427
IMU,76993813.0,0,9.905565e-06,0.00118854,0.00190331,-0.8587974,-0.6892963,-9.652965
IMU,77034349.0,0,-0.000254361,0.002014151,0.001101277,-0.8488643,-0.6955939,-9.646883
IMU,77074592.0,0,0.0003116518,0.001572609,0.001761117,-0.8436639,-0.6918529,-9.671021
IMU,77115030.0,0,0.0001312886,0.001567662,0.002109996,-0.8526981,-0.6941049,-9.659646
IMU,77154344.0,0,0.00132044,0.002423462,0.002556619,-0.8642313,-0.6917129,-9.665425
IMU,77194382.0,0,-0.001301734,0.001664254,0.001298409,-0.8580728,-0.7020844,-9.66281
IMU,77234433.0,0,0.0002595466,0.00195034,0.001673671,-0.8532779,-0.6998467,-9.677996
IMU,77274409.0,0,0.0008958428,0.002252694,0.001797615,-0.853328,-0.6947257,-9.660987
IMU,77315251.0,0,7.542182e-05,0.00186289,0.002760964,-0.8633683,-0.6831167,-9.668332
IMU,77354998.0,0,-0.0006809116,0.0003188246,0.001729459,-0.8549399,-0.6879061,-9.679136
IMU,77394875.0,0,-0.001580946,0.001967632,0.001723143,-0.8564922,-0.6932299,-9.669619
IMU,77435362.0,0,0.0008956494,0.001494848,0.002222097,-0.854246,-0.6901975,-9.669491
IMU,77474913.0,0,-0.0003340606,0.0009698884,0.002152072,-0.8590789,-0.6909263,-9.665549
IMU,73576610.0,1,0.1413669,0.07199634,0.01828675,-0.7923403,0.3683196,-10.15579
IMU,73620618.0,1,0.05241823,0.1549425,0.08789921,-1.751005,0.3896831,-9.389286
IMU,73661024.0,1,-0.0915054,0.1525502,-0.029127,-0.4133296,-0.016873,-9.895004
IMU,73701265.0,1,0.02423709,0.1828655,0.05178432,-1.267882,0.1781937,-4.515707
IMU,73740630.0,1,0.1010131,0.1263505,-0.01871425,-0.9145435,0.02069664,-0.6207033
IMU,73780612.0,1,0.08266691,0.2728292,-0.008054174,-0.5718155,0.01028898,-0.7305789
IMU,73822542.0,1,0.154108,0.2841225,-0.04768814,-0.7402927,0.3007831,-0.5295818
IMU,73862534.0,1,0.04585049,0.317102,-0.04378309,-0.6537816,-0.1541779,-0.455219
IMU,73901967.0,1,0.1506826,0.3446431,-0.06122077,-0.5301401,0.002433968,-0.5697975
IMU,73942374.0,1,0.1140469,0.3515206,-0.06545498,-0.6653262,-0.0938331,-0.7042958
IMU,73982271.0,1,0.0409082,0.3900422,-0.0646509,-0.7735646,0.02095727,-0.6613401
IMU,74023200.0,1,0.08971287,0.4839832,-0.06764518,-0.749643,0.01895505,-0.8433043
IMU,74063157.0,1,0.1256023,0.5351353,-0.07830413,-0.7305436,0.03723292,-1.025045
IMU,74102932.0,1,0.2036027,0.5554898,-0.07691257,-0.746828,-0.03783251,-1.270483
IMU,74142910.0,1,0.2040801,0.6756345,-0.08712305,-0.793667,-0.06190701,-1.564446
IMU,74183146.0,1,0.1959506,0.8015585,-0.08608911,-0.7485004,-0.1152877,-1.452975
IMU,74224397.0,1,0.2214775,0.9275609,-0.07510009,-0.6690873,-0.08423951,-1.72169
IMU,74264370.0,1,0.2470756,1.052176,-0.07384539,-0.677774,0.07955975,-1.878831
IMU,74304423.0,1,0.2682929,1.177426,-0.06854287,-0.640252,0.004761518,-2.046716
IMU,74345008.0,1,0.2546746,1.28859,-0.07251402,-0.5770258,-0.206548,-2.315753
IMU,74384803.0,1,0.144308,1.417714,-0.0978477,-0.4367016,-0.2719614,-2.540885
IMU,74426814.0,1,0.08168624,1.514926,-0.1235583,-0.3466146,-0.08477674,-2.641093
IMU,74466440.0,1,-0.05098511,1.61078,-0.1258959,-0.2087216,-0.2014442,-2.809975
IMU,74507116.0,1,-0.07596897,1.676293,-0.1213403,-0.119864,0.06237639,-2.913896
IMU,74547087.0,1,-0.01571833,1.683181,-0.1391104,-0.04745917,-0.0120723,-2.953651
IMU,74586411.0,1,-0.1497913,1.63759,-0.1442994,0.02683729,-0.1009348,-2.761065
IMU,74628019.0,1,-0.0818008,1.566551,-0.147695,0.1332146,0.08148273,-3.093481
IMU,74668116.0,1,2.257052,-32.17971,-0.8438079,45.89597,-39.67193,-136.978
IMU,74707875.0,1,-3.789686,-6.374966,-0.4749241,76.53773,7.684479,-7.283552
IMU,74748285.0,1,-0.9766749,-7.393147,-1.44832,1.287008,-0.1890294,2.746283
IMU,74787795.0,1,2.200828,-5.450979,-0.7986674,-15.24003,-4.86925,-0.3928704
IMU,74829327.0,1,-0.8463419,-4.046483,-0.4789951,-6.232973,-0.7455096,1.833344
IMU,74868814.0,1,0.04442797,-2.99405,-0.2028808,-8.541039,-1.895329,1.334919
IMU,74908831.0,1,-0.1112225,-2.135626,-0.169801,-9.732072,-0.6302968,2.186568
IMU,74949501.0,1,0.06112917,-1.398344,-0.2523029,-9.797863,-0.9600412,2.139411
IMU,74989049.0,1,-0.05890032,-0.7443847,-0.09013511,-9.691663,-1.883072,2.331388
IMU,75030051.0,1,0.03366334,-0.09240017,-0.01083642,-9.835017,-1.48125,2.318093
IMU,75070391.0,1,-0.02510898,0.5163351,0.08248666,-9.906685,-1.517161,1.835711
IMU,75110004.0,1,-0.03114347,0.9612589,0.1557454,-9.577196,-1.351521,1.147211
IMU,75150046.0,1,0.02810808,1.345928,0.2251779,-9.547,-1.317163,0.658794
IMU,75190364.0,1,0.01674663,1.728685,0.2897006,-9.356805,-1.372436,0.1077942
IMU,75230050.0,1,-0.02529135,2.124553,0.2677157,-9.504747,-0.582943,-0.267065
IMU,75270313.0,1,-0.04139557,2.609792,0.1890633,-8.23015,-0.5501683,-0.6891935
IMU,75309920.0,1,-0.2225567,3.293699,0.2381664,-7.452592,-0.7896747,-1.138538
IMU,75349993.0,1,-0.2753133,4.069109,0.500493,-6.050377,-1.049184,-1.943753
IMU,75390407.0,1,0.2076887,5.106162,0.4883326,-6.195563,-0.02181349,-2.316349
IMU,75430287.0,1,-0.2516256,6.050482,0.3406428,-2.060958,-0.03436201,-1.921246
IMU,75470349.0,1,0.8740122,7.244228,0.235494,0.9932576,-0.5527405,-16.08945
IMU,75510107.0,1,-1.385328,1.08174,0.2568405,19.23545,-4.29646,-43.28276
IMU,75550028.0,1,-0.3376716,-0.4201459,-0.06485096,0.4585925,-0.7127005,2.418953
IMU,75590375.0,1,0.9749206,-0.3404073,0.1883139,-1.017815,-0.5065408,-12.55787
IMU,75630033.0,1,0.07664721,-0.3823797,-0.0155359,-2.937779,-2.040475,-10.44282
IMU,75670431.0,1,0.005402633,0.1417254,0.002363022,-0.6324764,-0.605171,-9.525411
IMU,75710077.0,1,0.01235711,-0.02825451,0.01465884,-0.6526873,-0.1976336,-9.685988
IMU,75750095.0,1,0.005330525,-0.005514571,-0.00167103,-0.9041079,-0.6672198,-9.928667
IMU,75790601.0,1,0.01602135,-0.0116724,-0.0100626,-0.7694607,-0.5640954,-9.79224
IMU,75830097.0,1,0.0174093,-0.01170998,-0.003262989,-0.8887994,-0.6568253,-9.719289
IMU,75870275.0,1,0.007945464,-0.01445627,-0.0009255529,-0.898241,-0.6691836,-9.878253
IMU,75910014.0,1,0.0178967,-0.01174004,-0.000504918,-0.822125,-0.5701942,-9.768787
IMU,75950034.0,1,0.0166641,-0.009761319,-0.003567204,-0.8366845,-0.7205702,-9.769998
IMU,75990561.0,1,0.01256012,-0.01168932,-0.001497551,-0.7690104,-0.5946281,-9.772295
IMU,76030782.0,1,0.01466005,-0.0100384,-0.005162629,-0.894596,-0.5773157,-9.808342
IMU,76070373.0,1,0.01419317,-0.0120109,-0.003689976,-0.7924052,-0.7645022,-9.722465
IMU,76110315.0,1,0.01342667,-0.004865386,-0.007052855,-0.7601123,-0.6446636,-9.783596
IMU,76150304.0,1,0.0142439,-0.00148559,0.003236891,-0.8478863,-0.6699944,-9.895279
IMU,76190659.0,1,0.01483463,-0.01367588,-0.001380787,-0.7841165,-0.7183472,-9.782457
IMU,76231323.0,1,0.01232944,-0.01336009,0.003513332,-0.8356917,-0.6120679,-9.860357
IMU,76270646.0,1,0.0120484,-0.01132644,-0.00481832,-0.8186945,-0.6480125,-9.800772
IMU,76310653.0,1,0.01193178,-0.01220501,-0.002345718,-0.9084066,-0.6344032,-9.688364
IMU,76350659.0,1,0.01283699,-0.01095622,-0.001932002,-0.7876713,-0.6363149,-9.825507
IMU,76391273.0,1,0.01731488,-0.00896939,-0.005720637,-0.8495705,-0.6257019,-9.80475
IMU,76431632.0,1,0.01133732,-0.01150162,-0.001123069,-0.8422045,-0.6562621,-9.683689
IMU,76471386.0,1,0.01490481,-0.0083511,-0.004414902,-0.8757223,-0.6629211,-9.771272
IMU,76511834.0,1,0.01752869,-0.005392384,-0.00039929,-0.8610139,-0.6844184,-9.857545
IMU,76551633.0,1,0.01397878,-0.007178752,-0.006675165,-0.8427449,-0.6967428,-9.801532
IMU,76591885.0,1,0.0129418,-0.01724591,-0.005896781,-0.8362582,-0.6590513,-9.860192
IMU,76632805.0,1,0.01352585,-0.005803672,-0.004548032,-0.8741851,-0.7252939,-9.94973
IMU,76672854.0,1,0.01410143,-0.014389,-0.003933698,-0.8366078,-0.5381356,-9.708997
IMU,76713273.0,1,0.01148304,-0.009273531,-0.002154489,-0.7317036,-0.5864981,-9.94911
IMU,76752452.0,1,0.01535723,-0.006576576,-0.000766428,-0.8143848,-0.6614896,-9.90838
IMU,76792607.0,1,0.01703828,-0.005869166,-0.003969905,-0.8884954,-0.5864391,-9.84914
IMU,76833635.0,1,0.01061478,-0.007233446,-0.003855994,-0.7619324,-0.6727369,-9.875288
IMU,76874089.0,1,0.01670796,-0.00959894,-0.001201772,-0.7856327,-0.5659119,-9.778611
IMU,76914320.0,1,0.01403415,-0.008028757,-0.004815242,-0.8145939,-0.6117769,-9.83041
IMU,76953631.0,1,0.0136746,-0.00518062,-0.004463594,-0.8022867,-0.6860074,-9.679812
IMU,76993813.0,1,0.01205764,-0.00945425,-0.001805367,-0.8956999,-0.6682482,-9.918585
IMU,77034349.0,1,0.01197507,-0.006507868,-0.003387007,-0.8565139,-0.7085909,-9.854028
IMU,77074592.0,1,0.01448045,-0.01104445,-0.001183838,-0.8538073,-0.5607776,-9.871357
IMU,77115030.0,1,0.01372398,-0.005106075,-0.002243667,-0.873279,-0.637679,-9.793139
IMU,77154344.0,1,0.01368811,-0.008581688,-0.007230766,-0.7812571,-0.5988206,-9.749329
IMU,77194382.0,1,0.01156436,-0.007593984,-0.0034191,-0.8226092,-0.7228788,-9.781099
IMU,77234433.0,1,0.01006321,-0.01221798,-0.003449637,-0.7802922,-0.6264447,-9.743919
IMU,77274409.0,1,0.01457098,-0.01066304,-0.002357794,-0.8327895,-0.6190102,-9.806261
IMU,77315251.0,1,0.008913523,-0.007134455,-0.004876259,-0.8156518,-0.7331705,-9.940581
IMU,77354998.0,1,0.01507399,-0.006274738,-0.002203646,-0.8085942,-0.7566598,-9.854136
IMU,77394875.0,1,0.01455973,-0.009178723,-0.003139016,-0.735208,-0.7086946,-9.682509
IMU,77435362.0,1,0.01383158,-0.006694345,-0.004073719,-0.7675763,-0.638293,-9.946833
IMU,77474913.0,1,0.01333289,-0.01529556,-0.004102715,-0.8231888,-0.6619344,-9.854793
IMU,73576610.0,2,0.1170274,0.08309126,0.04811156,-2.036268,0.2814347,-9.613504
IMU,73620618.0,2,0.0271239,0.146585,0.0380867,-1.137648,-0.09652158,-9.466238
IMU,73661024.0,2,-0.06799001,0.05132164,0.04679117,-1.876618,-0.228889,-10.07337
IMU,73701265.0,2,0.001933816,0.162548,0.04471532,-1.63397,0.1005323,-4.027711
IMU,73740630.0,2,0.1245091,0.148538,0.02342412,-0.8426765,-0.03459721,-0.7797027
IMU,73780612.0,2,0.08763264,0.2876104,-0.02259083,-0.6454147,-0.1660631,-0.5583721
IMU,73822542.0,2,0.1578936,0.3113138,-0.06576838,-0.7601522,0.1045403,-0.5220764
IMU,73862534.0,2,0.03616286,0.3253616,-0.06059513,-0.7827364,-0.2020305,-0.5709809
IMU,73901967.0,2,0.1475503,0.3554447,-0.08095552,-0.7132908,-0.08953678,-0.4984766
IMU,73942374.0,2,0.1047553,0.3637348,-0.08577736,-0.7604982,-0.2294122,-0.7120834
IMU,73982271.0,2,0.0444735,0.412601,-0.08350571,-0.8323539,-0.09702458,-0.7230921
IMU,74023200.0,2,0.09002368,0.5013899,-0.08617838,-0.8311035,-0.1368578,-0.909954
IMU,74063157.0,2,0.1276206,0.5497512,-0.1016328,-0.7498229,-0.07530729,-0.9920172
IMU,74102932.0,2,0.2061777,0.5756019,-0.1083078,-0.811201,-0.135638,-1.206522
IMU,74142910.0,2,0.2064194,0.6989926,-0.1185502,-0.8536876,-0.2002054,-1.474638
IMU,74183146.0,2,0.206573,0.8244417,-0.1215334,-0.8153815,-0.163902,-1.581721
IMU,74224397.0,2,0.2309794,0.9537761,-0.1212383,-0.7710751,-0.1750586,-1.791158
IMU,74264370.0,2,0.257806,1.080345,-0.1214571,-0.7546536,-0.1438927,-1.995319
IMU,74304423.0,2,0.2838637,1.210815,-0.1205276,-0.6812459,-0.1672435,-2.114495
IMU,74345008.0,2,0.2637959,1.325591,-0.1358326,-0.6121886,-0.3279895,-2.503746
IMU,74384803.0,2,0.1643791,1.450997,-0.1648998,-0.5247149,-0.2996705,-2.561383
IMU,74426814.0,2,0.09444695,1.560412,-0.1913527,-0.4747705,-0.2537035,-2.817301
IMU,74466440.0,2,-0.04307108,1.653146,-0.1892993,-0.357031,-0.2940618,-2.784709
IMU,74507116.0,2,-0.04513259,1.714279,-0.1920603,-0.1915203,-0.08206131,-2.9914
IMU,74547087.0,2,0.008627637,1.712263,-0.2023058,-0.1739638,-0.1360854,-3.059808
IMU,74586411.0,2,-0.1307995,1.674084,-0.2146991,-0.03337314,-0.2270994,-3.073786
IMU,74628019.0,2,-0.05968897,1.603183,-0.2138232,0.01137119,-0.0616285,-3.131757
IMU,74668116.0,2,0.03976056,-32.36961,1.049523,39.34568,-32.85085,-103.997
IMU,74707875.0,2,-3.176678,-8.691805,0.006722711,12.34146,12.17829,10.8834
IMU,74748285.0,2,-1.095801,-7.229323,-1.153465,2.452927,0.7800142,1.932479
IMU,74787795.0,2,2.124287,-5.44635,-0.5799095,-15.28985,-3.948484,-1.13492
IMU,74829327.0,2,-0.689586,-4.073835,-0.2817222,-6.379041,-1.534207,1.480476
IMU,74868814.0,2,-0.01519795,-3.017798,-0.06836065,-8.366878,-1.802317,1.009475
IMU,74908831.0,2,-0.1552174,-2.103554,-0.08006261,-9.652632,-0.6025072,2.058883
IMU,74949501.0,2,0.03923718,-1.386864,-0.1924737,-9.786263,-0.7792339,2.066103
IMU,74989049.0,2,-0.08290177,-0.7190024,-0.04705783,-9.696709,-1.821421,2.234592
IMU,75030051.0,2,0.02021573,-0.05670836,-0.005772118,-9.850202,-1.374265,2.311966
IMU,75070391.0,2,-0.02884894,0.5488493,0.06517746,-9.822915,-1.385706,1.857441
IMU,75110004.0,2,-0.02581137,1.011117,0.1255841,-9.698664,-1.39884,1.148396
IMU,75150046.0,2,0.03852514,1.392774,0.1760029,-9.577953,-1.246319,0.5338702
IMU,75190364.0,2,0.02794866,1.773738,0.2227744,-9.369113,-1.240093,0.1512395
IMU,75230050.0,2,-0.007196653,2.18924,0.1831457,-9.49315,-0.6905316,-0.3242199
IMU,75270313.0,2,-0.004078693,2.689419,0.08037306,-8.397072,-0.4783701,-0.8064543
IMU,75309920.0,2,-0.1802894,3.404068,0.1098887,-7.6534,-0.9239052,-1.312497
IMU,75349993.0,2,-0.2157415,4.159344,0.3501931,-6.577272,-1.06404,-2.48961
IMU,75390407.0,2,0.2696239,5.235544,0.2745076,-6.590116,0.005429623,-2.830791
IMU,75430287.0,2,-0.1865894,6.210999,0.08666191,-2.607645,-0.2378443,-2.45787
IMU,75470349.0,2,0.6420423,7.328597,-0.03856265,-0.1156123,-0.8401954,-14.35365
IMU,75510107.0,2,-1.118297,1.157099,0.07045827,16.55931,-5.087365,-41.17868
IMU,75550028.0,2,-0.3500065,-0.4068454,-0.02972626,0.770364,0.1056083,1.003731
IMU,75590375.0,2,0.8983958,-0.3396299,0.1886331,-1.131381,-0.1476685,-11.86037
IMU,75630033.0,2,0.06086862,-0.3723068,-0.001266374,-3.086726,-2.440161,-10.78236
IMU,75670431.0,2,-0.01350942,0.1493432,0.002011922,-0.9555568,-0.5446038,-9.489099
IMU,75710077.0,2,0.003326079,-0.01872523,0.01656225,-0.8786131,-0.4547827,-9.729636
IMU,75750095.0,2,-0.002076698,0.001930369,0.006867666,-1.103142,-0.8828009,-9.818004
IMU,75790601.0,2,0.00551781,-0.004051068,-0.004298453,-1.035884,-0.7705752,-9.789676
IMU,75830097.0,2,0.0009457277,0.0008582207,0.003124545,-1.037668,-0.7876223,-9.771583
IMU,75870275.0,2,-0.000450146,-0.0007380314,0.003414663,-1.049167,-0.8377734,-9.78335
IMU,75910014.0,2,0.002165157,-0.0006941868,0.0008779142,-1.029547,-0.8289713,-9.786197
IMU,75950034.0,2,0.001379119,0.0004258935,0.001888883,-1.036403,-0.8389964,-9.786947
IMU,75990561.0,2,0.0001270461,0.000493308,0.0007667691,-1.038738,-0.830715,-9.782582
IMU,76030782.0,2,-9.590358e-05,-0.0005191352,0.00214323,-1.020658,-0.8294737,-9.787468
IMU,76070373.0,2,0.0007162408,0.0008235712,0.001504546,-1.031187,-0.8378275,-9.770789
IMU,76110315.0,2,0.0004924045,-0.0002383209,-0.0001029374,-1.027559,-0.8225067,-9.788926
IMU,76150304.0,2,0.0007465558,0.000356985,0.00266537,-1.037651,-0.8220005,-9.782454
IMU,76190659.0,2,0.001581483,7.762023e-06,0.001457802,-1.034996,-0.8287638,-9.784056
IMU,76231323.0,2,0.0007358231,-0.0002635898,0.001395922,-1.027556,-0.8315954,-9.792936
IMU,76270646.0,2,1.155392e-06,0.0009278464,0.00200425,-1.032342,-0.8362772,-9.783454
IMU,76310653.0,2,0.0003316294,0.000108287,0.002038574,-1.027738,-0.8383303,-9.781785
IMU,76350659.0,2,0.001277779,-2.466664e-05,-0.0002589347,-1.025004,-0.8296972,-9.788569
IMU,76391273.0,2,0.0005552216,-0.0003639718,0.001436051,-1.03067,-0.8239198,-9.790744
IMU,76431632.0,2,0.002080891,8.432215e-05,0.0007132035,-1.028589,-0.8272533,-9.777738
IMU,76471386.0,2,0.002079292,0.001496033,0.00059961,-1.027349,-0.8273599,-9.770761
IMU,76511834.0,2,-0.0001557594,-0.001080221,0.001651254,-1.017719,-0.8396611,-9.789556
IMU,76551633.0,2,0.002270757,-0.0002067336,0.002249365,-1.032793,-0.8311383,-9.776249
IMU,76591885.0,2,0.0003194434,0.000656569,0.0009212098,-1.028044,-0.8359565,-9.768672
IMU,76632805.0,2,0.00111694,0.0003902726,0.001545925,-1.036848,-0.8419163,-9.805284
IMU,76672854.0,2,0.001777351,-0.002158003,0.001109563,-1.027093,-0.8244435,-9.773267
IMU,76713273.0,2,0.001770768,5.076282e-05,0.001761912,-1.035733,-0.8345629,-9.788854
IMU,76752452.0,2,0.0005223511,-0.0001499496,0.002505814,-1.026492,-0.8195813,-9.790475
IMU,76792607.0,2,0.001086425,-0.0007049583,0.002181339,-1.037864,-0.8266871,-9.793082
IMU,76833635.0,2,0.001082862,0.0005851641,0.000933313,-1.036358,-0.8300387,-9.775878
IMU,76874089.0,2,0.0009783482,-0.0002709503,9.032348e-05,-1.027958,-0.8266096,-9.786964
IMU,76914320.0,2,-0.0002279909,0.0008969453,0.001742492,-1.0302,-0.8297759,-9.777015
IMU,76953631.0,2,0.001856154,0.0004223965,0.001927258,-1.036021,-0.8383151,-9.785655
IMU,76993813.0,2,0.0003672443,-0.0003922147,0.001001603,-1.043953,-0.8392321,-9.780696
IMU,77034349.0,2,0.0001088775,0.0001518187,0.0007602732,-1.030289,-0.8378387,-9.765817
IMU,77074592.0,2,0.0002666474,-7.847574e-05,0.00149975,-1.033643,-0.8289118,-9.778479
IMU,77115030.0,2,0.001709017,0.0001912918,0.001300026,-1.039906,-0.8447855,-9.789771
IMU,77154344.0,2,0.0008685179,-2.473824e-05,0.003051021,-1.03186,-0.8326262,-9.767323
IMU,77194382.0,2,0.00120183,-0.001048371,0.00207871,-1.022479,-0.8332269,-9.791989
IMU,77234433.0,2,0.001405025,-0.0002776084,0.001716038,-1.023924,-0.841605,-9.782885
IMU,77274409.0,2,0.001372506,0.001356414,0.002015603,-1.038148,-0.8362686,-9.792687
IMU,77315251.0,2,0.0008704049,0.0001846879,0.001588718,-1.031779,-0.8373223,-9.799047
IMU,77354998.0,2,0.001147409,-0.0006600501,0.002260857,-1.029579,-0.8292635,-9.782296
IMU,77394875.0,2,0.001285174,0.001048608,0.001737395,-1.031961,-0.828775,-9.788405
IMU,77435362.0,2,0.0007230084,-0.001110056,0.001166014,-1.033369,-0.8384926,-9.778555
IMU,77474913.0,2,5.816076e-05,-0.0004268436,0.001283515,-1.029789,-0.8265126,-9.799535
