ARM,1752947500.0,0.0
AHR2,1751304218.0,-1.89,-5.15,144.19,465.21,43.2382951,-7.6818247
AHR2,1751405886.0,-2.17,-4.34,144.44,465.26,43.2382935,-7.6818239
AHR2,1751506106.0,-2.59,-3.3,144.91,465.37,43.2382917,-7.681823
AHR2,1751606917.0,-3.45,-2.87,145.28,465.39,43.2382899,-7.681822
AHR2,1751709393.0,-3.88,-2.79,145.73,465.45,43.2382892,-7.6818213
AHR2,1751812424.0,-3.68,-2.99,145.66,465.4,43.2382869,-7.6818199
AHR2,1751912469.0,-3.57,-3.26,145.39,465.36,43.2382851,-7.6818188
AHR2,1752014453.0,-3.76,-3.01,145.47,465.58,43.2382838,-7.6818179
AHR2,1752114766.0,-3.49,-2.94,145.72,465.3,43.2382821,-7.6818167
AHR2,1752217846.0,-3.46,-3.21,146.12,465.38,43.2382809,-7.6818165
AHR2,1752318074.0,-3.36,-2.93,146.36,465.51,43.2382792,-7.6818154
AHR2,1752420248.0,-3.47,-3.06,146.64,465.58,43.2382779,-7.6818146
AHR2,1752520944.0,-3.81,-2.77,146.46,465.31,43.2382762,-7.6818135
AHR2,1752623990.0,-4.09,-2.7,146.91,465.01,43.2382747,-7.6818127
AHR2,1752724351.0,-3.7,-2.6,146.44,464.93,43.2382729,-7.6818117
AHR2,1752825594.0,-3.98,-1.73,146.39,464.94,43.2382707,-7.6818101
AHR2,1752925647.0,-4.48,-0.99,146.18,464.84,43.2382688,-7.6818089
AHR2,1753026750.0,-4.29,-0.7,145.86,465.03,43.2382671,-7.6818081
AHR2,1753127127.0,-3.55,-0.64,145.33,464.64,43.2382652,-7.6818069
AHR2,1753228657.0,-2.62,-0.74,144.39,464.92,43.2382636,-7.6818066
AHR2,1753328827.0,-1.98,-0.92,143.37,464.94,43.2382618,-7.6818056
AHR2,1753430004.0,-1.48,-1.09,142.33,464.58,43.2382601,-7.6818045
AHR2,1753530108.0,-1.07,-1.33,141.3,464.85,43.2382583,-7.6818034
AHR2,1753630919.0,-0.27,-1.69,140.23,464.47,43.2382574,-7.681803
AHR2,1753731167.0,1.43,-1.72,139.15,464.25,43.2382556,-7.6818019
AHR2,1753832001.0,3.14,-1.94,138.05,464.17,43.2382531,-7.6818005
AHR2,1753932429.0,3.81,-1.56,136.99,463.53,43.2382512,-7.6817993
AHR2,1754033463.0,-5.38,1.35,137.53,462.43,43.2382492,-7.681799
AHR2,1754133793.0,-7.63,-5.52,142.24,459.54,43.2382473,-7.6817979
AHR2,1754234149.0,-8.34,-9.76,146.63,460.46,43.2382482,-7.6818067
AHR2,1754334107.0,-2.21,-5.12,148.52,460.51,43.2382473,-7.6818093
AHR2,1754434122.0,-2.48,-6.72,148.23,460.59,43.2382477,-7.6818085
AHR2,1754534173.0,-2.45,-6.29,148.3,460.61,43.2382472,-7.6818099
AHR2,1754634164.0,-2.49,-6.03,148.33,460.36,43.2382476,-7.6818089
AHR2,1754734625.0,-2.49,-5.92,148.36,460.45,43.2382475,-7.6818095
AHR2,1754835181.0,-2.49,-5.8,148.39,460.42,43.2382477,-7.6818083
AHR2,1754935134.0,-2.49,-5.67,148.42,460.45,43.2382476,-7.6818082
AHR2,1755035332.0,-2.49,-5.53,148.45,460.55,43.2382478,-7.6818083
ATT,1751303622.0,-3.076122,-2.242994,-5.184721,-4.952259,151.7079,151.8535
ATT,1751405230.0,-3.222284,-2.518841,-4.457474,-4.110298,151.6943,152.0801
ATT,1751505453.0,-3.459897,-2.910147,-3.800331,-3.091866,151.6837,152.5264
ATT,1751606100.0,-3.750724,-3.747177,-3.347488,-2.67012,151.6786,152.855
ATT,1751708662.0,-3.84096,-4.13633,-3.249312,-2.660022,151.678,153.283
ATT,1751811624.0,-3.724594,-3.905885,-3.271116,-2.899205,151.6754,153.2045
ATT,1751911897.0,-3.532191,-3.800009,-3.167843,-3.150271,151.6667,152.9323
ATT,1752013908.0,-3.467098,-3.987267,-2.987786,-2.868512,151.6595,153.0161
ATT,1752114090.0,-3.338939,-3.696136,-2.727766,-2.74806,151.6485,153.2814
ATT,1752217148.0,-3.214109,-3.667313,-2.400869,-3.008869,151.6364,153.6895
ATT,1752317356.0,-3.186316,-3.592129,-2.190506,-2.787912,151.63,153.9227
ATT,1752419638.0,-3.366328,-3.731804,-1.859592,-2.975646,151.6237,154.1929
ATT,1752520181.0,-3.619326,-4.059303,-1.637049,-2.720634,151.6208,153.995
ATT,1752623432.0,-3.838604,-4.32887,-1.31915,-2.688783,151.6132,154.4265
ATT,1752723635.0,-4.114414,-3.948744,-0.8689533,-2.57092,151.6003,153.9402
ATT,1752824941.0,-4.410519,-4.223266,-0.3482027,-1.681231,151.5824,153.8712
ATT,1752925076.0,-4.447191,-4.69534,0.09463196,-0.9061183,151.5654,153.6488
ATT,1753026006.0,-2.869423,-4.49893,0.1085872,-0.5944801,153.4026,153.3357
ATT,1753126542.0,-1.464943,-3.762973,0.05543732,-0.5315604,152.8194,152.7634
ATT,1753228100.0,-0.7402911,-2.736053,0.02801421,-0.6891999,151.8145,151.7738
ATT,1753328113.0,-0.3765831,-1.898898,0.01425083,-0.9574294,150.7307,150.7024
ATT,1753429446.0,-0.1910285,-1.03058,0.007228268,-1.204658,149.6355,149.6201
ATT,1753529462.0,-0.0972818,-0.08495482,0.003680014,-1.507311,148.5436,148.5423
ATT,1753630217.0,-0.04933415,1.234485,0.001865999,-1.909786,147.4075,147.426
ATT,1753730550.0,-0.02518522,3.195675,0.0009520127,-1.91979,146.2706,146.3182
ATT,1753831350.0,-0.01281289,5.105785,0.0004847219,-2.098664,145.1025,145.1786
ATT,1753931814.0,-0.006499044,5.901597,0.0002462197,-1.675303,143.9972,144.085
ATT,1754032912.0,-0.003302006,-3.449342,0.0001247728,2.738521,144.5751,144.5237
ATT,1754133137.0,-0.001685802,-5.873815,6.4156e-05,-1.34246,148.7764,148.6889
ATT,1754233571.0,-0.0008547822,-6.596868,3.373455e-05,-3.795272,152.8393,152.741
ATT,1754333486.0,-0.0004364012,-0.7499731,1.552066e-05,1.62102,154.9579,154.9467
ATT,1754433551.0,-0.0004012104,-1.273952,1.324286e-05,0.3117582,154.6819,154.6629
ATT,1754533469.0,-0.0004012102,-1.208641,1.324286e-05,0.4756533,154.6858,154.6678
ATT,1754633520.0,-0.0004012101,-1.232565,1.324285e-05,0.5139976,154.6369,154.6185
ATT,1754733967.0,-0.0004012102,-1.208487,1.324287e-05,0.5264266,154.5783,154.5603
ATT,1754834436.0,-0.0003859801,-1.188843,1.324288e-05,0.5414648,154.5284,154.5107
ATT,1754934416.0,-0.0003783841,-1.17212,1.324287e-05,0.5618671,154.4785,154.461
ATT,1755034554.0,-0.0003783841,-1.157914,1.324284e-05,0.583804,154.4366,154.4193
BARO,1751238375.0,0,2.940948,464.3109,96944.21
BARO,1751338423.0,0,2.991791,464.3618,96943.65
BARO,1751440086.0,0,3.104828,464.4748,96942.42
BARO,1751540564.0,0,3.127441,464.4974,96942.19
BARO,1751643583.0,0,3.189606,464.5596,96941.52
BARO,1751744468.0,0,3.133087,464.5031,96942.12
BARO,1751846622.0,0,3.099182,464.4692,96942.5
BARO,1751946589.0,0,3.31958,464.6896,96940.09
BARO,1752048842.0,0,3.031372,464.4014,96943.22
BARO,1752149109.0,0,3.116119,464.4861,96942.3
BARO,1752252438.0,0,3.240448,464.6104,96940.97
BARO,1752352445.0,0,3.316742,464.6867,96940.13
BARO,1752454470.0,0,3.042664,464.4127,96943.12
BARO,1752555685.0,0,2.748779,464.1188,96946.3
BARO,1752658841.0,0,2.669678,464.0397,96947.14
BARO,1752758396.0,0,2.678131,464.0481,96947.07
BARO,1752859659.0,0,2.57077,463.9408,96948.22
BARO,1752960085.0,0,2.762909,464.1329,96946.13
BARO,1753061429.0,0,2.378632,463.7486,96950.32
BARO,1753161588.0,0,2.65271,464.0227,96947.35
BARO,1753263390.0,0,2.678131,464.0481,96947.05
BARO,1753363641.0,0,2.316467,463.6865,96950.98
BARO,1753464836.0,0,2.587708,463.9577,96948.04
BARO,1753564189.0,0,2.200592,463.5706,96952.23
BARO,1753665425.0,0,1.988678,463.3587,96954.55
BARO,1753765441.0,0,1.909546,463.2795,96955.41
BARO,1753866651.0,0,1.265289,462.6353,96962.41
BARO,1753966939.0,0,0.1660767,461.5361,96974.32
BARO,1754067636.0,0,-2.727448,458.6425,97005.74
BARO,1754168376.0,0,-1.809113,459.5609,96995.77
BARO,1754268505.0,0,-1.752594,459.6174,96995.16
BARO,1754368444.0,0,-1.670624,459.6994,96994.27
BARO,1754468941.0,0,-1.650848,459.7191,96994.05
BARO,1754568414.0,0,-1.905182,459.4648,96996.84
BARO,1754668908.0,0,-1.814758,459.5552,96995.85
BARO,1754769374.0,0,-1.845825,459.5242,96996.17
BARO,1754869399.0,0,-1.814758,459.5552,96995.85
BARO,1754969902.0,0,-1.713013,459.657,96994.74
BARO,1755069816.0,0,-1.814758,459.5552,96995.84
BARO,1751238375.0,1,3.16983,464.5398,96923.91
BARO,1751338423.0,1,3.017242,464.3872,96925.57
BARO,1751440086.0,1,3.155701,464.5257,96924.09
BARO,1751540564.0,1,3.223511,464.5935,96923.35
BARO,1751643583.0,1,3.342194,464.7122,96922.05
BARO,1751744468.0,1,3.231995,464.602,96923.23
BARO,1751846622.0,1,3.441101,464.8111,96920.99
BARO,1751946589.0,1,3.302643,464.6726,96922.48
BARO,1752048842.0,1,3.200897,464.5709,96923.59
BARO,1752149109.0,1,3.299805,464.6698,96922.51
BARO,1752252438.0,1,3.491943,464.8619,96920.43
BARO,1752352445.0,1,3.520203,464.8902,96920.12
BARO,1752454470.0,1,3.008759,464.3788,96925.66
BARO,1752555685.0,1,2.768555,464.1385,96928.27
BARO,1752658841.0,1,2.514252,463.8842,96931.02
BARO,1752758396.0,1,2.946594,464.3166,96926.36
BARO,1752859659.0,1,2.81662,464.1866,96927.75
BARO,1752960085.0,1,2.949402,464.3194,96926.31
BARO,1753061429.0,1,2.276886,463.6469,96933.6
BARO,1753161588.0,1,2.949402,464.3194,96926.3
BARO,1753263390.0,1,2.974854,464.3448,96926.02
BARO,1753363641.0,1,2.664001,464.034,96929.41
BARO,1753464836.0,1,2.808136,464.1781,96927.84
BARO,1753564189.0,1,2.497284,463.8673,96931.23
BARO,1753665425.0,1,2.031067,463.4011,96936.27
BARO,1753765441.0,1,1.91803,463.288,96937.5
BARO,1753866651.0,1,1.700439,463.0704,96939.88
BARO,1753966939.0,1,0.5079956,461.878,96952.81
BARO,1754067636.0,1,-3.289764,458.0802,96994.03
BARO,1754168376.0,1,-1.704559,459.6654,96976.84
BARO,1754268505.0,1,-1.51239,459.8576,96974.74
BARO,1754368444.0,1,-1.614136,459.7559,96975.84
BARO,1754468941.0,1,-1.645203,459.7248,96976.17
BARO,1754568414.0,1,-1.557617,459.8124,96975.25
BARO,1754668908.0,1,-1.727142,459.6429,96977.07
BARO,1754769374.0,1,-1.828888,459.5411,96978.2
BARO,1754869399.0,1,-1.650848,459.7191,96976.23
BARO,1754969902.0,1,-1.673462,459.6965,96976.5
BARO,1755069816.0,1,-1.696075,459.6739,96976.74
GPS,1751388797.0,4,22,43.2382958,-7.6818251,467.52,2.114,-0.133,0.0
GPS,1751611518.0,4,22,43.2382928,-7.6818233,467.55,2.054,-0.009000001,0.0
GPS,1751774489.0,4,22,43.2382895,-7.6818215,467.55,2.118,-0.036,0.0
GPS,1751979231.0,4,22,43.2382864,-7.6818196,467.54,2.16,0.202,0.0
GPS,1752182929.0,4,22,43.2382835,-7.681818,467.57,2.104,0.12,0.0
GPS,1752385215.0,4,22,43.2382804,-7.6818161,467.6,2.07,0.052,0.0
GPS,1752608660.0,4,22,43.2382771,-7.6818141,467.59,2.215,0.146,0.0
GPS,1752771492.0,4,22,43.2382738,-7.6818121,467.58,2.279,0.298,0.0
GPS,1752973153.0,4,22,43.2382703,-7.68181,467.57,2.324,0.1,0.0
GPS,1753174196.0,4,22,43.2382668,-7.6818082,467.43,2.234,1.386,0.0
GPS,1753376217.0,4,22,43.2382632,-7.6818065,466.97,2.235,3.343,0.0
GPS,1753617499.0,4,22,43.2382597,-7.6818045,466.1,2.219,5.37,0.0
GPS,1753778227.0,4,22,43.2382562,-7.6818025,464.84,2.303,7.142,0.0
GPS,1753979642.0,4,22,43.2382525,-7.6818007,463.27,2.329,8.566,0.0
GPS,1754181155.0,4,21,43.2382497,-7.6818023,461.78,2.329,6.425,0.0
GPS,1754381418.0,4,22,43.2382484,-7.6818061,460.83,1.273,3.141,0.0
GPS,1754603892.0,4,21,43.2382478,-7.6818081,460.43,0.498,0.957,0.0
GPS,1754784634.0,4,22,43.2382477,-7.6818085,460.31,0.112,0.305,0.0
GPS,1754984621.0,4,22,43.2382478,-7.6818084,460.28,0.089,0.155,0.0
IMU,1751225972.0,0,0.08219621,0.001612021,-0.002046713,0.1199259,1.627916,-9.904472
IMU,1751265880.0,0,-0.08366032,0.1310566,0.04047706,-0.9239847,-0.4800346,-8.639755
IMU,1751306596.0,0,0.0648983,0.01069119,0.05918768,0.6045972,0.7919347,-9.366045
IMU,1751346433.0,0,-0.05468603,0.1062515,0.1058985,-0.5082757,-0.3443324,-8.161036
IMU,1751386371.0,0,0.06168868,0.0942817,0.1279244,0.3967568,1.605129,-9.732976
IMU,1751427964.0,0,-0.09778059,0.2651269,-0.01489685,-0.3614745,0.6445323,-9.636552
IMU,1751467845.0,0,-0.0997596,0.2039067,0.01839338,-0.5397714,0.2012641,-9.640677
IMU,1751508379.0,0,-0.03028889,0.07918192,0.1142638,0.4834606,1.76978,-9.727651
IMU,1751548128.0,0,-0.2052649,0.04483861,0.1053436,-1.383694,-0.8233771,-8.283385
IMU,1751588495.0,0,-0.07995865,0.002261486,0.06307265,0.427766,1.791623,-10.18473
IMU,1751630785.0,0,-0.008325108,0.09359939,0.07472466,0.1547735,0.9016202,-9.248178
IMU,1751671171.0,0,-0.02633805,-0.03294327,0.09637471,-0.2480862,0.642683,-9.319385
IMU,1751712190.0,0,-0.06403954,-0.01334933,0.006006137,-0.1312483,1.293263,-9.695757
IMU,1751751874.0,0,0.02323801,-0.03914963,-0.06189789,-1.192377,-0.4513579,-9.271652
IMU,1751794464.0,0,0.04036384,-0.06819326,0.024551,-0.9593661,0.5621777,-9.169389
IMU,1751834198.0,0,-0.07556881,-0.02984755,-0.07295397,-0.9058866,-0.6667268,-8.895434
IMU,1751874071.0,0,0.1282016,-0.09110373,-0.1161167,0.2570681,1.250523,-10.48882
IMU,1751914640.0,0,-0.05885768,0.001419617,0.04235965,0.3077825,0.5436024,-9.181389
IMU,1751954176.0,0,0.02303656,-0.03217504,0.07828776,-0.903719,0.8032947,-10.18191
IMU,1751996178.0,0,0.05188959,0.06777867,-0.02680138,0.2895551,2.127128,-9.142998
IMU,1752036422.0,0,0.01523046,0.0491464,0.09237013,-0.6306139,-0.4035479,-8.847409
IMU,1752076340.0,0,0.1437197,-0.03203033,0.05432151,-0.00531581,1.80827,-10.01873
IMU,1752116679.0,0,-0.1006076,0.06762348,0.07893644,-0.1101149,-0.79965,-9.503975
IMU,1752157424.0,0,0.0933203,-0.1184487,0.09900016,-0.2696841,1.520251,-10.17073
IMU,1752199389.0,0,0.1051859,0.0108009,-0.02836773,0.2062927,0.8431566,-9.211011
IMU,1752240003.0,0,-0.188988,-0.0299421,0.1245196,-0.5677844,-0.215805,-9.624918
IMU,1752279432.0,0,0.06419073,0.133374,-0.06790771,0.2484475,1.039375,-10.40367
IMU,1752320214.0,0,0.004462791,0.03295916,0.1055214,-0.7317996,-0.5195585,-8.747622
IMU,1752360120.0,0,0.05364555,-0.006551089,0.01336209,0.4309244,1.997086,-11.11484
IMU,1752404183.0,0,-0.02919159,-0.1137629,0.01114567,0.6184554,2.031758,-10.07399
IMU,1752445231.0,0,-0.1229639,0.0456102,0.01585525,-0.3381559,-0.4270774,-9.664293
IMU,1752484658.0,0,-0.1083444,0.05034139,0.07004302,0.1827778,1.687398,-9.738197
IMU,1752525197.0,0,-0.2078429,0.07825542,0.07700441,-0.1501986,-0.3423964,-8.33291
IMU,1752565432.0,0,0.1365973,0.06690026,-0.01901669,0.06212677,1.28894,-11.31597
IMU,1752605943.0,0,-0.09762999,0.002006343,0.03825711,0.1215113,0.6564161,-8.912947
IMU,1752648454.0,0,0.1438516,0.001714751,-0.05617375,-0.2944072,-0.2393825,-9.118059
IMU,1752689122.0,0,-0.09551281,-0.004551865,0.06029733,0.9762169,0.9584561,-9.000569
IMU,1752728975.0,0,-0.1466502,0.062922,-0.08045066,-0.2382767,-0.3368549,-10.71412
IMU,1752768901.0,0,0.07965533,0.08737645,-0.06986782,0.1282221,1.922203,-9.869246
IMU,1752809908.0,0,-0.04264603,0.232052,0.02447724,-0.8398826,-0.388565,-8.024014
IMU,1752850290.0,0,0.0293531,0.1805765,-0.1043115,0.6757548,1.553936,-10.65446
IMU,1752890180.0,0,-0.1547575,0.06784039,0.06178434,0.7256086,1.187549,-9.279606
IMU,1752930185.0,0,-0.04120157,0.1764997,-0.04049689,-0.1686269,-0.4816651,-9.405177
IMU,1752970471.0,0,0.007882294,0.04263829,0.1120375,-0.3120863,1.205543,-9.378864
IMU,1753011595.0,0,0.0008754382,-0.008658157,-0.02808375,-0.07200024,-0.0003856971,-1.3241
IMU,1753050992.0,0,0.05368398,0.01117294,-0.04486207,-0.1924977,0.2999657,0.1152528
IMU,1753091218.0,0,0.1435736,0.007917131,-0.09857295,-0.1321506,-0.02155571,-0.1611536
IMU,1753131993.0,0,0.1637112,0.001367384,-0.1531869,0.05982816,0.09750743,0.2481529
IMU,1753171986.0,0,0.1800748,-0.01862522,-0.1630459,-0.05782654,0.1111828,-0.1232302
IMU,1753212764.0,0,0.1695799,-0.01910214,-0.1726478,0.01007773,0.09136822,0.0005120597
IMU,1753253116.0,0,0.1567626,-0.03997871,-0.1810679,-0.01056393,0.08863003,-0.107698
IMU,1753292985.0,0,0.1291835,-0.03933338,-0.1799867,-0.01487171,0.09453419,-0.08570123
IMU,1753333079.0,0,0.1312171,-0.03529543,-0.181507,-0.03630422,0.08255549,-0.1179991
IMU,1753373106.0,0,0.144041,-0.03592672,-0.1842044,-0.005870553,0.08792067,-0.1747963
IMU,1753413951.0,0,0.1493895,-0.04401204,-0.1863538,0.003266954,0.09244972,-0.2900482
IMU,1753454422.0,0,0.1469313,-0.04036285,-0.1867184,0.01442653,0.1002446,-0.3964841
IMU,1753494371.0,0,0.158772,-0.05030496,-0.1877578,-0.01652094,0.1485868,-0.4985107
IMU,1753534450.0,0,0.1773821,-0.06717651,-0.1871177,-0.0350812,0.17007,-0.546451
IMU,1753574928.0,0,0.1995859,-0.07526974,-0.187879,-0.03559173,0.1450221,-0.6762725
IMU,1753614620.0,0,0.2458541,-0.07151018,-0.1940409,-0.05626991,0.1691687,-0.8583634
IMU,1753655499.0,0,0.300106,-0.04525126,-0.198428,-0.07167801,0.181476,-1.044359
IMU,1753695411.0,0,0.3464372,-0.002385707,-0.1906299,-0.1042265,0.1925652,-1.193826
IMU,1753735903.0,0,0.3632412,0.02115443,-0.1876952,-0.1192154,0.1557392,-1.836006
IMU,1753775564.0,0,0.3491098,-0.007299175,-0.1885047,0.01284976,-0.01143713,-2.342612
IMU,1753815976.0,0,0.300488,-0.09216043,-0.2020546,0.04991917,-0.06679434,-2.063165
IMU,1753856385.0,0,0.2029165,-0.1589958,-0.2037948,0.07187733,-0.1921666,-1.815538
IMU,1753897534.0,0,0.04510047,-0.04471477,-0.1747594,-0.7904214,0.1324415,-4.397949
IMU,1753937181.0,0,-0.02315728,0.4578372,-0.2354068,-1.174149,-0.7923766,-4.460786
IMU,1753977310.0,0,-4.912584,2.21514,-0.2821158,-15.12849,-28.5605,-68.85142
IMU,1754017850.0,0,-0.695354,-0.5352366,-0.2093112,-0.4957398,6.499919,3.798474
IMU,1754058084.0,0,-0.4686423,-0.8700345,0.6766226,0.2372745,1.191842,3.023659
IMU,1754098369.0,0,-0.4469633,-0.7682521,0.6975489,0.4432513,0.6954579,-0.5609152
IMU,1754138203.0,0,-0.2897486,-0.6917298,0.6770161,0.5622292,0.7724108,0.03353714
IMU,1754178184.0,0,-0.1077666,-0.5578927,0.6336051,1.075343,0.9581267,-1.961915
IMU,1754218603.0,0,-0.06231725,-0.4058532,0.6587821,1.579452,0.8674019,-3.926149
IMU,1754258470.0,0,0.5495277,0.4609987,0.8521039,0.666316,3.576842,-11.81932
IMU,1754299143.0,0,1.913006,1.842968,0.4503168,1.790344,-0.3366153,-17.34618
IMU,1754338425.0,0,0.2424687,0.01445048,-0.05180264,5.724019,-0.4125058,-20.17913
IMU,1754378873.0,0,-0.2829231,-0.3776706,-0.03481793,0.58751,0.1876956,-8.046835
IMU,1754418923.0,0,0.0664814,-0.1629257,-0.07548077,-1.54083,1.146806,-7.562311
IMU,1754458494.0,0,0.03489052,0.08565836,0.01296856,0.06595509,-0.2937486,-10.22019
IMU,1754498558.0,0,-0.0297657,0.01047698,0.008512045,0.8294187,0.9216134,-10.15426
IMU,1754538602.0,0,0.01694436,-0.01672032,0.003388592,0.01271705,0.2248194,-9.71663
IMU,1754578561.0,0,-0.01341001,0.00564556,0.001422693,0.442793,0.5494702,-9.706172
IMU,1754618519.0,0,-0.004535773,-0.002876125,0.004216427,0.1732216,0.236975,-9.850949
IMU,1754658996.0,0,-0.0008258622,-0.003756353,0.003637954,0.3733997,0.4837419,-9.825003
IMU,1754699439.0,0,-0.007801262,0.003864114,0.001166775,0.2283184,0.379216,-9.756058
IMU,1754739114.0,0,-0.0007573679,-0.005169166,0.003798049,0.3166257,0.4162126,-9.815928
IMU,1754778948.0,0,-0.005471975,0.001693788,0.001012213,0.2860254,0.4028409,-9.768201
IMU,1754819426.0,0,-0.001436292,-0.002194617,0.001561298,0.2885605,0.4308156,-9.750098
IMU,1754859897.0,0,-0.005899664,-0.0007536577,0.002244836,0.3021574,0.4015434,-9.808414
IMU,1754899611.0,0,-0.002123672,-0.003861717,0.002527987,0.2926099,0.4212181,-9.773343
IMU,1754939417.0,0,-0.004158609,0.0003370591,0.002217945,0.2909546,0.4013338,-9.77954
IMU,1754979880.0,0,-0.001909807,-0.001526793,0.002289327,0.2886126,0.3942418,-9.774861
IMU,1755019898.0,0,-0.003678795,-0.0008307063,0.002010497,0.2958778,0.3918968,-9.776377
IMU,1755059604.0,0,-0.003651007,-0.0008233279,0.001503838,0.2942706,0.4167258,-9.768572
IMU,1755099782.0,0,-0.003304472,-0.0018371,0.003105568,0.2858117,0.4067704,-9.792606
IMU,1755139703.0,0,-0.003395091,-5.535698e-05,0.002789019,0.2792754,0.4034793,-9.771997
IMU,1751225972.0,1,0.0207183,-0.007604038,0.01925551,0.3392686,1.458938,-10.33412
IMU,1751265880.0,1,-0.07037207,0.09582452,0.0432125,-0.9108678,-0.717233,-8.218223
IMU,1751306596.0,1,0.06461415,0.04091445,-0.04372104,0.5913141,-0.3077424,-10.2475
IMU,1751346433.0,1,-0.06290282,0.1116277,0.0350344,-0.6132571,-0.09202401,-7.818107
IMU,1751386371.0,1,0.06499845,0.1347047,0.08294804,0.1011334,0.6658919,-10.09437
IMU,1751427964.0,1,-0.1343319,0.2213252,0.03658425,-0.1643192,0.9086893,-9.664823
IMU,1751467845.0,1,-0.1026433,0.1741673,0.02810409,-1.262123,-0.8775086,-9.449003
IMU,1751508379.0,1,-0.07330564,0.1497204,0.02130779,0.2802929,1.372761,-10.01372
IMU,1751548128.0,1,-0.1311665,0.03087266,0.05957977,-0.9129149,-1.534685,-8.717565
IMU,1751588495.0,1,-0.1095817,0.04847115,0.07473017,0.6413357,1.496671,-10.01163
IMU,1751630785.0,1,-0.03106182,0.07020501,0.04200868,-0.1046967,0.9320112,-9.225597
IMU,1751671171.0,1,-0.04590403,-0.0003452286,0.03088129,-0.5589026,0.3046994,-9.395017
IMU,1751712190.0,1,-0.08455393,-0.02951288,0.006731096,0.7964798,1.280419,-10.15399
IMU,1751751874.0,1,0.01085525,-0.06473523,-0.005628126,-1.817157,-0.7743177,-9.294289
IMU,1751794464.0,1,0.02192472,-0.04987012,-0.003157845,-0.5323274,0.796134,-9.085049
IMU,1751834198.0,1,-0.0416145,-0.1192135,-0.01280162,-0.5461678,-0.7520068,-8.630457
IMU,1751874071.0,1,0.02540132,-0.04982998,-0.09333088,0.2105829,1.257154,-10.96462
IMU,1751914640.0,1,-0.04295187,0.001808661,-0.008257162,0.4960974,0.6736789,-9.712646
IMU,1751954176.0,1,-0.01101168,-0.004091539,0.0549823,-0.6718515,0.9754027,-10.31773
IMU,1751996178.0,1,-0.05330085,0.08252133,-0.02796237,0.1231606,1.988947,-9.798887
IMU,1752036422.0,1,0.07881051,0.04175198,0.02605102,-0.140637,-0.704614,-8.484196
IMU,1752076340.0,1,0.08603927,-0.06543384,0.1390212,0.2258029,1.55247,-10.13247
IMU,1752116679.0,1,-0.06734548,0.01578631,0.07230011,0.04890228,-1.032646,-8.858067
IMU,1752157424.0,1,0.06227403,-0.07087152,0.06213086,-0.3428551,0.8882156,-11.28189
IMU,1752199389.0,1,0.03841526,-0.009616631,-0.0158029,0.1206528,0.7736127,-10.27815
IMU,1752240003.0,1,-0.1523331,-0.01346505,0.06865894,-0.128272,-0.2633119,-9.76702
IMU,1752279432.0,1,0.009908558,0.09863529,0.02345154,-0.0752055,0.5654066,-10.37657
IMU,1752320214.0,1,0.01929644,0.03795441,0.0623473,-0.8508227,-1.173795,-8.517457
IMU,1752360120.0,1,0.039085,-0.004267304,0.06601747,0.8167264,1.583281,-11.3683
IMU,1752404183.0,1,-0.05838546,-0.1030548,0.03878723,0.8006445,1.338589,-9.601492
IMU,1752445231.0,1,-0.09845767,0.006849222,-0.03052414,-0.4290655,-0.3571244,-9.312792
IMU,1752484658.0,1,-0.1742243,0.05484295,0.08404028,0.8885419,1.429096,-10.80882
IMU,1752525197.0,1,-0.1295087,0.07699993,0.01327707,-0.7949736,-0.8727614,-7.332712
IMU,1752565432.0,1,0.05430718,0.04460732,0.05000206,0.7132968,0.7193513,-11.98037
IMU,1752605943.0,1,-0.08908211,0.0147895,0.007429035,0.1632011,1.151527,-8.562494
IMU,1752648454.0,1,0.1550674,-0.01142288,-0.04963742,-1.015478,-0.8366876,-9.01994
IMU,1752689122.0,1,-0.1102013,0.01759917,0.04720544,1.620988,1.101289,-9.634458
IMU,1752728975.0,1,-0.1030541,0.02831597,-0.07735294,-1.092883,-1.582024,-10.202
IMU,1752768901.0,1,-0.01236477,0.07521039,-0.0402683,0.8861407,2.016872,-10.3541
IMU,1752809908.0,1,-0.01475075,0.2233285,-0.01478075,-0.617748,-0.6749839,-8.24065
IMU,1752850290.0,1,-0.02673394,0.1782164,-0.06767084,0.4828072,0.5849786,-10.36186
IMU,1752890180.0,1,-0.1568297,0.09031957,0.01201099,0.9083787,0.9559992,-9.390409
IMU,1752930185.0,1,-0.03491459,0.1161096,-0.02357948,-0.1928795,0.4958999,-9.230174
IMU,1752970471.0,1,0.01502477,0.04712595,0.05516835,0.08661261,0.3308741,-9.208847
IMU,1753011595.0,1,0.01241382,0.00306417,-0.03441597,-0.08258989,-0.1620269,-1.714998
IMU,1753050992.0,1,0.05285719,0.017981,-0.03835248,-0.2869729,0.3877901,0.04645635
IMU,1753091218.0,1,0.113086,0.009134579,-0.08174058,-0.08865421,-0.007932459,-0.07323471
IMU,1753131993.0,1,0.1265114,-0.005663231,-0.1288149,-0.03035062,0.173466,0.1791319
IMU,1753171986.0,1,0.1481664,-0.01652423,-0.1430172,-0.07608046,0.1423595,-0.2529584
IMU,1753212764.0,1,0.1349667,-0.0172464,-0.1544155,0.01283475,0.1341842,0.00391798
IMU,1753253116.0,1,0.1236651,-0.03767179,-0.1594548,0.00396764,0.09376009,-0.1666529
IMU,1753292985.0,1,0.08947538,-0.03503703,-0.1602211,-0.06422508,0.1940554,-0.141935
IMU,1753333079.0,1,0.09555501,-0.03228867,-0.1617538,-0.02843659,0.1065643,-0.05769925
IMU,1753373106.0,1,0.1067348,-0.03705209,-0.1641766,-0.03328084,0.06689084,-0.1805611
IMU,1753413951.0,1,0.1150998,-0.04023721,-0.1592035,-0.1105328,0.1767539,-0.3345233
IMU,1753454422.0,1,0.110638,-0.0378252,-0.1634368,-0.009004508,0.1859148,-0.3478566
IMU,1753494371.0,1,0.122437,-0.04800564,-0.163299,-0.03879524,0.1467305,-0.5540451
IMU,1753534450.0,1,0.1407284,-0.05888046,-0.162725,-0.1229199,0.161542,-0.5600696
IMU,1753574928.0,1,0.1589776,-0.08009242,-0.1648857,-0.1459285,0.2320076,-0.7286404
IMU,1753614620.0,1,0.210075,-0.06673714,-0.1643856,-0.1403017,0.1757859,-0.7614084
IMU,1753655499.0,1,0.2609099,-0.04156559,-0.1666667,-0.07811339,0.2073165,-1.056076
IMU,1753695411.0,1,0.30689,-0.00303532,-0.1607185,-0.1446682,0.238337,-1.406757
IMU,1753735903.0,1,0.3261749,0.01822701,-0.157518,-0.1575203,0.2235337,-1.854794
IMU,1753775564.0,1,0.3102817,-0.006248469,-0.1612838,0.06843372,0.06722513,-2.340412
IMU,1753815976.0,1,0.2595276,-0.08951387,-0.177097,-0.003161753,0.03661406,-2.115648
IMU,1753856385.0,1,0.1621561,-0.1516384,-0.1789533,0.03746506,-0.1849626,-1.849616
IMU,1753897534.0,1,0.03145396,-0.06095181,-0.1624177,-0.6342919,0.2528349,-4.231466
IMU,1753937181.0,1,-0.0127238,0.4161114,-0.2054188,-1.255954,-1.008557,-4.895884
IMU,1753977310.0,1,-4.253878,1.851072,-0.4150673,-26.9814,-34.80625,-93.04256
IMU,1754017850.0,1,-0.783755,-0.5112721,-0.2621707,-0.01545847,5.615485,4.642206
IMU,1754058084.0,1,-0.4518442,-0.8358555,0.589083,0.01457466,1.08479,2.897588
IMU,1754098369.0,1,-0.4292901,-0.7390786,0.6045792,0.310597,0.9164189,-0.4440226
IMU,1754138203.0,1,-0.2744199,-0.6705841,0.5975857,0.5000484,0.7916535,0.06061047
IMU,1754178184.0,1,-0.08833748,-0.5336426,0.5568535,1.043617,0.9241772,-1.991378
IMU,1754218603.0,1,-0.04225659,-0.3898193,0.5856252,1.501989,0.873691,-4.075043
IMU,1754258470.0,1,0.5449747,0.4169107,0.7916856,0.4754786,3.338833,-11.67013
IMU,1754299143.0,1,1.892789,1.755652,0.4908558,2.33844,-0.8908114,-19.52359
IMU,1754338425.0,1,0.216551,0.01577118,-0.03693124,5.875281,-0.7409914,-20.20833
IMU,1754378873.0,1,-0.2805573,-0.3539986,-0.04230151,0.4736537,0.3699673,-8.027961
IMU,1754418923.0,1,0.03968357,-0.1592382,-0.06581996,-1.494101,0.9662459,-7.519568
IMU,1754458494.0,1,0.01902028,0.08767622,0.0167584,0.166832,-0.2148695,-10.31713
IMU,1754498558.0,1,-0.03320065,0.03094708,0.01251498,0.8313891,0.8267189,-10.0719
IMU,1754538602.0,1,0.008989972,-0.01730659,0.007959228,0.02874351,0.2071107,-9.835769
IMU,1754578561.0,1,-0.01415314,0.01652905,0.0005915546,0.4244602,0.475524,-9.826036
IMU,1754618519.0,1,0.001312454,0.002774542,0.005919533,0.1752263,0.2777563,-9.909025
IMU,1754658996.0,1,0.000326371,0.0006683783,0.001206476,0.3292408,0.4780246,-9.781646
IMU,1754699439.0,1,-0.005028384,0.01318318,0.001029708,0.2146665,0.3576271,-9.839685
IMU,1754739114.0,1,8.041581e-05,-0.002647683,0.003013391,0.3310505,0.3700058,-9.861153
IMU,1754778948.0,1,-0.005168883,0.01010734,0.00510044,0.3109739,0.3587047,-9.921
IMU,1754819426.0,1,-0.0001270566,0.001430396,-0.004648258,0.2177568,0.4035362,-9.891422
IMU,1754859897.0,1,-0.007039334,0.004619469,0.002907658,0.3613273,0.3977507,-9.880406
IMU,1754899611.0,1,0.0009244976,0.006172502,0.0001691951,0.2187055,0.3172903,-9.897132
IMU,1754939417.0,1,0.001491236,0.005704606,-0.002625714,0.2969813,0.2441169,-9.800169
IMU,1754979880.0,1,0.002709507,0.01166316,0.002556818,0.2987379,0.3594323,-9.859936
IMU,1755019898.0,1,0.0001549903,0.004678125,0.00189957,0.3525601,0.2870772,-9.931336
IMU,1755059604.0,1,-2.01688e-05,0.007302534,0.001064046,0.3012564,0.2167275,-9.743433
IMU,1755099782.0,1,-0.001413928,0.00645465,0.0002391878,0.3130923,0.3986295,-9.918783
IMU,1755139703.0,1,-0.0001730843,0.002588811,0.001779988,0.2354926,0.2906833,-9.947556
IMU,1751225972.0,2,-0.02436219,0.02043232,0.01920908,-0.4250688,0.3914787,-8.730681
IMU,1751265880.0,2,0.04031067,0.09288421,0.02139722,-0.3439207,0.1821396,-8.3649
IMU,1751306596.0,2,0.03533931,0.02567911,0.05309026,-0.6977413,-0.3813584,-9.775347
IMU,1751346433.0,2,-0.01398055,0.1152772,0.07709587,-0.321282,1.403509,-9.354918
IMU,1751386371.0,2,0.01951553,0.1297393,0.06724235,-0.5015338,-0.4379805,-9.562541
IMU,1751427964.0,2,-0.1200417,0.2238521,0.03304181,-0.4459602,1.171093,-9.890388
IMU,1751467845.0,2,-0.06995873,0.2142925,0.07117119,-1.042807,-0.455792,-9.596321
IMU,1751508379.0,2,-0.0422046,0.09944861,0.1060114,0.1243416,1.285379,-9.123239
IMU,1751548128.0,2,-0.1679532,0.08511714,0.1091323,-0.3539479,1.182015,-9.882933
IMU,1751588495.0,2,-0.05775626,0.002505218,0.04478904,-0.8665662,-0.3008644,-10.73743
IMU,1751630785.0,2,-0.02657248,0.07312012,0.06323084,-0.6039509,1.133855,-7.665988
IMU,1751671171.0,2,-0.0316578,0.01252982,0.06905875,-0.7072625,0.2420836,-10.15775
IMU,1751712190.0,2,-0.07484598,-0.04279366,-0.009685292,0.5486725,0.6485011,-9.33802
IMU,1751751874.0,2,0.01431505,-0.05112598,-0.02154032,-1.170437,0.01073886,-9.389014
IMU,1751794464.0,2,0.02912961,-0.03424207,-0.004863285,-0.9864109,0.7178748,-9.193227
IMU,1751834198.0,2,-0.008547291,-0.05249781,-0.06250644,0.05525535,-0.2451988,-8.895563
IMU,1751874071.0,2,0.06846537,-0.08403959,-0.05298531,-0.5510755,0.5001091,-10.11314
IMU,1751914640.0,2,0.02537574,-0.02179676,0.00668967,0.3034794,-0.3534872,-9.859772
IMU,1751954176.0,2,-0.03063646,-0.002294567,0.03414603,-0.6327834,-0.3057793,-10.68629
IMU,1751996178.0,2,0.02082019,0.06682631,0.02754752,-0.4033659,1.10601,-9.766687
IMU,1752036422.0,2,0.07774495,0.05669551,0.08818079,0.6684449,0.3499975,-9.660919
IMU,1752076340.0,2,0.1246406,-0.007766818,0.0620063,-0.1521815,-0.1992925,-9.635992
IMU,1752116679.0,2,-0.03545959,0.008523751,0.03656415,-0.08298172,0.2853114,-9.747528
IMU,1752157424.0,2,0.03496828,-0.08081383,0.09442868,-0.5464616,0.6224939,-10.7005
IMU,1752199389.0,2,0.0269544,-0.01968727,0.04092864,-0.7551649,2.007882,-9.323051
IMU,1752240003.0,2,-0.104178,0.01699476,0.07224997,-0.479021,-0.4357336,-9.764426
IMU,1752279432.0,2,-0.02422862,0.09156501,0.01005032,-0.5346739,0.4036941,-9.793321
IMU,1752320214.0,2,0.08525392,0.07172441,0.07494964,-0.9493297,1.145161,-10.58572
IMU,1752360120.0,2,0.07065717,-0.01090696,0.0008986397,0.2976686,-0.741619,-10.78145
IMU,1752404183.0,2,-0.03312206,-0.09421699,0.005744201,-0.6246068,0.8979426,-10.07046
IMU,1752445231.0,2,-0.1113541,0.009418481,0.03289199,-0.2354408,0.2763492,-9.74195
IMU,1752484658.0,2,-0.1287915,0.05727126,0.004252313,1.069642,0.4566483,-9.380662
IMU,1752525197.0,2,-0.1002061,0.07302219,0.03545615,-0.1482833,0.4823597,-9.712293
IMU,1752565432.0,2,0.06135414,0.06750379,-0.01296811,-0.3602572,-0.8794454,-10.42982
IMU,1752605943.0,2,-0.05260354,0.01403326,0.01236089,0.6626489,1.964189,-9.535086
IMU,1752648454.0,2,0.1447004,0.003678537,-0.01846389,-0.2456327,-0.4560225,-8.992061
IMU,1752689122.0,2,-0.06729618,0.01061718,-0.0138464,0.3894254,1.557336,-10.28833
IMU,1752728975.0,2,-0.1769436,0.03584508,-0.006623808,0.3143803,-0.6116647,-8.386114
IMU,1752768901.0,2,0.01906325,0.1050276,-0.06756735,0.2397057,0.6769608,-10.56892
IMU,1752809908.0,2,0.02372225,0.2710451,-0.0122333,-0.2670486,1.748352,-9.700896
IMU,1752850290.0,2,-0.06616841,0.197834,-0.07962946,0.1694754,-0.3120022,-10.24994
IMU,1752890180.0,2,-0.06780694,0.08858286,-0.03377977,0.0877196,0.02182189,-9.607189
IMU,1752930185.0,2,0.005196116,0.07555205,-0.02343913,0.4624821,0.8950908,-10.10173
IMU,1752970471.0,2,-0.03286463,0.09751783,0.002478972,-0.2572971,1.940984,-8.917248
IMU,1753011595.0,2,0.02553549,0.01105925,-0.02509199,-0.1349683,0.4325486,-1.287771
IMU,1753050992.0,2,0.06922185,0.01564542,-0.04799927,-0.02741629,0.3708878,0.05048934
IMU,1753091218.0,2,0.1440566,0.003913207,-0.1019228,-0.03901409,0.09181748,-0.3154396
IMU,1753131993.0,2,0.1654077,-0.003787427,-0.1566559,0.06830488,0.1572037,0.1007829
IMU,1753171986.0,2,0.1831827,-0.02233939,-0.1679245,-0.008982657,0.1477891,-0.176505
IMU,1753212764.0,2,0.1712466,-0.02167014,-0.1767716,0.02429693,0.1160176,-0.0714371
IMU,1753253116.0,2,0.1594767,-0.04396639,-0.1851907,0.01329045,0.1047768,-0.1959165
IMU,1753292985.0,2,0.1307154,-0.04273331,-0.184458,0.004539795,0.1158994,-0.1929636
IMU,1753333079.0,2,0.1352502,-0.03816591,-0.186212,0.00855165,0.1138826,-0.2034274
IMU,1753373106.0,2,0.1441399,-0.03919315,-0.1869894,0.04388505,0.1055109,-0.2547533
IMU,1753413951.0,2,0.1505118,-0.04616446,-0.1909211,0.01828752,0.102221,-0.3920334
IMU,1753454422.0,2,0.1480208,-0.04497123,-0.1887587,0.02189867,0.1166642,-0.4697245
IMU,1753494371.0,2,0.161182,-0.05298951,-0.190852,-0.004063169,0.1542659,-0.5471323
IMU,1753534450.0,2,0.1776531,-0.07164935,-0.1910652,-0.0054163,0.1710901,-0.6213899
IMU,1753574928.0,2,0.2002008,-0.07881687,-0.1912785,-0.0208919,0.1658728,-0.7416223
IMU,1753614620.0,2,0.2461997,-0.07621062,-0.1985226,-0.02269758,0.1556912,-0.8927127
IMU,1753655499.0,2,0.3018942,-0.05314779,-0.2032961,-0.03027201,0.1734699,-1.11145
IMU,1753695411.0,2,0.346514,-0.009206601,-0.1942187,-0.07714578,0.2071405,-1.273197
IMU,1753735903.0,2,0.3657389,0.01304545,-0.1912549,-0.09120668,0.1451281,-1.890764
IMU,1753775564.0,2,0.3495047,-0.01561484,-0.1937139,0.03631832,0.01051002,-2.414893
IMU,1753815976.0,2,0.297093,-0.1007563,-0.2069977,0.0481815,-0.05686468,-2.122361
IMU,1753856385.0,2,0.1982781,-0.1651578,-0.2107418,0.09700011,-0.1474491,-1.94949
IMU,1753897534.0,2,0.06610832,-0.02682436,-0.1748787,-0.7405587,0.06853595,-4.763032
IMU,1753937181.0,2,-0.02654161,0.5208409,-0.2387547,-1.004888,-0.9940068,-5.943829
IMU,1753977310.0,2,-6.988159,3.529153,0.07654146,-30.25774,-28.74764,-77.38481
IMU,1754017850.0,2,-0.3996518,-0.5168027,0.06034162,0.09523615,-0.3729366,3.548979
IMU,1754058084.0,2,-0.4527067,-0.8390814,0.6593262,0.547148,1.221967,1.989598
IMU,1754098369.0,2,-0.4449498,-0.7566799,0.681531,0.5960693,0.8273228,-0.7231703
IMU,1754138203.0,2,-0.2866954,-0.6783937,0.6665337,0.7338334,0.7375569,-0.1091755
IMU,1754178184.0,2,-0.1107758,-0.5578038,0.6214482,1.136522,0.9470869,-1.967984
IMU,1754218603.0,2,-0.06668765,-0.4053697,0.6468848,1.591671,0.8330657,-4.089947
IMU,1754258470.0,2,0.5597307,0.4612429,0.848706,0.892622,3.400809,-12.01291
IMU,1754299143.0,2,1.852739,1.746853,0.4368261,1.19215,0.2473234,-18.006
IMU,1754338425.0,2,0.2638037,0.01118671,-0.06453943,5.278358,-0.5043793,-20.71027
IMU,1754378873.0,2,-0.2774995,-0.3618172,-0.03651404,0.6269296,0.01576836,-8.119897
IMU,1754418923.0,2,0.06636663,-0.1629694,-0.08130834,-1.494866,1.088187,-7.687617
IMU,1754458494.0,2,0.03540036,0.08805131,0.008418343,0.0406682,-0.3353275,-10.39821
IMU,1754498558.0,2,-0.02781898,0.01649832,0.00484323,0.8220997,0.7447121,-10.1911
IMU,1754538602.0,2,0.02190083,-0.01880136,-0.001392869,0.0109766,0.1622761,-9.866943
IMU,1754578561.0,2,-0.009225688,0.00878243,-0.004106391,0.3932349,0.4395472,-9.747645
IMU,1754618519.0,2,0.001646283,-0.002067249,-0.0005170424,0.1765287,0.184562,-9.973209
IMU,1754658996.0,2,0.001623068,-0.001287111,-0.002211153,0.331087,0.3683011,-9.856306
IMU,1754699439.0,2,-0.002963573,0.003962799,-0.003217311,0.2223947,0.296087,-9.846438
IMU,1754739114.0,2,0.003588438,-0.002980341,-0.002350562,0.2986287,0.307666,-9.911359
IMU,1754778948.0,2,-0.00189656,0.002325515,-0.003645123,0.2570981,0.3169854,-9.858627
IMU,1754819426.0,2,0.002651651,0.0001263559,-0.002207795,0.2738997,0.3171299,-9.852396
IMU,1754859897.0,2,-0.001257994,0.002716437,-0.002854175,0.2783388,0.3162366,-9.87449
IMU,1754899611.0,2,0.003348483,-0.0008775803,-0.002151764,0.2678756,0.32156,-9.881146
IMU,1754939417.0,2,0.0007488583,-0.0001288702,-0.002132437,0.2697738,0.3140906,-9.864498
IMU,1754979880.0,2,0.002649772,-0.0007318335,-0.001607639,0.2505645,0.3052378,-9.833379
IMU,1755019898.0,2,0.0007456631,0.0008430049,-0.001638109,0.2708105,0.3122438,-9.881504
IMU,1755059604.0,2,0.0001233343,0.001178823,-0.002548609,0.2642093,0.3250229,-9.864569
IMU,1755099782.0,2,0.0008392502,-3.275316e-05,-0.002551354,0.2568754,0.3142069,-9.862671
IMU,1755139703.0,2,0.001188209,0.0001859273,-0.002220953,0.2718949,0.3123804,-9.871737
