ARM,1966259414.0,0.0
AHR2,1965320075.0,-1.42,-7.25,144.26,464.79,43.2382707,-7.6818109
AHR2,1965422994.0,-1.36,-6.91,144.31,464.72,43.2382695,-7.6818096
AHR2,1965524092.0,-1.73,-5.72,144.62,464.8,43.238268,-7.6818085
AHR2,1965625780.0,-1.57,-6.07,144.8,464.34,43.2382664,-7.6818074
AHR2,1965729216.0,-2.16,-5.84,144.73,464.74,43.2382655,-7.6818071
AHR2,1965833450.0,-2.25,-5.59,144.71,463.96,43.2382631,-7.681805
AHR2,1965934897.0,-2.31,-5.27,144.79,464.23,43.2382614,-7.6818038
AHR2,1966038845.0,-2.04,-4.81,144.74,464.01,43.2382599,-7.6818028
AHR2,1966141141.0,-1.88,-5.38,144.89,463.85,43.2382581,-7.6818017
AHR2,1966245404.0,-1.85,-5.36,144.43,464.45,43.2382569,-7.6818012
AHR2,1966345370.0,-1.69,-5.01,144.63,463.75,43.2382553,-7.6818002
AHR2,1966446583.0,-0.82,-4.64,143.85,463.13,43.2382537,-7.6817986
AHR2,1966547175.0,-0.05,-4.47,142.58,462.96,43.2382521,-7.6817975
AHR2,1966648573.0,0.35,-3.93,141.22,462.79,43.2382512,-7.6817967
AHR2,1966748506.0,0.15,-2.9,139.83,462.75,43.2382495,-7.6817955
AHR2,1966849364.0,0.31,-0.7,138.4,462.64,43.2382475,-7.6817942
AHR2,1966949400.0,0.9,2.57,137.05,462.43,43.2382459,-7.6817931
AHR2,1967050714.0,0.65,7.5,135.74,462.16,43.2382443,-7.6817931
AHR2,1967150845.0,5.84,-9.71,133.96,461.68,43.2382427,-7.6817924
AHR2,1967252551.0,17.26,-28.47,129.54,459.65,43.2382426,-7.6817921
AHR2,1967352790.0,16.42,-30.72,127.62,459.24,43.2382414,-7.6817911
AHR2,1967453380.0,11.18,-10.96,130.98,459.54,43.2382433,-7.6817944
AHR2,1967554213.0,2.44,5.76,133.86,459.26,43.2382433,-7.6817951
AHR2,1967654148.0,2.57,6.01,133.34,459.48,43.2382441,-7.6817938
AHR2,1967754722.0,3.07,5.56,133.21,459.17,43.2382443,-7.6817936
AHR2,1967855392.0,2.97,5.66,133.24,459.3,43.2382441,-7.6817943
AHR2,1967955389.0,2.94,5.67,133.27,459.29,43.2382441,-7.6817944
AHR2,1968055586.0,2.92,5.67,133.31,459.25,43.2382446,-7.6817952
AHR2,1968155450.0,2.88,5.68,133.33,459.44,43.2382447,-7.6817954
AHR2,1968255814.0,2.85,5.7,133.36,459.38,43.238245,-7.6817959
AHR2,1968356201.0,2.81,5.71,133.4,459.34,43.238245,-7.681796
AHR2,1968457113.0,2.77,5.72,133.43,459.29,43.2382455,-7.6817967
AHR2,1968557737.0,2.73,5.74,133.46,459.43,43.2382455,-7.6817969
AHR2,1968658135.0,2.69,5.75,133.49,459.6,43.238246,-7.6817976
AHR2,1968758148.0,2.66,5.76,133.52,459.52,43.238246,-7.6817977
AHR2,1968858154.0,2.63,5.78,133.55,459.41,43.2382466,-7.6817987
AHR2,1968958186.0,2.6,5.79,133.58,459.41,43.2382466,-7.6817988
AHR2,1969058181.0,2.57,5.8,133.61,459.42,43.238247,-7.6817992
ATT,1965319466.0,-2.276007,-2.278131,-6.756023,-7.105445,151.7033,151.0036
ATT,1965422410.0,-2.367759,-2.170376,-6.206576,-6.785087,151.6974,151.0396
ATT,1965523450.0,-2.409871,-2.495389,-5.692973,-5.61361,151.6888,151.3299
ATT,1965625000.0,-2.45649,-2.284098,-5.301395,-5.972996,151.6828,151.5146
ATT,1965728508.0,-2.551251,-2.884225,-5.181929,-5.770899,151.6845,151.4424
ATT,1965832872.0,-2.605839,-2.96261,-5.077358,-5.520803,151.6846,151.4203
ATT,1965934116.0,-2.537816,-3.014855,-4.959977,-5.171607,151.679,151.5109
ATT,1966038133.0,-2.54955,-2.742971,-4.851594,-4.695922,151.677,151.4764
ATT,1966140381.0,-2.677536,-2.591979,-4.76139,-5.255567,151.6804,151.6512
ATT,1966244812.0,-2.687995,-2.571321,-4.522412,-5.279074,151.6752,151.1958
ATT,1966344828.0,-1.675645,-2.389136,-2.719112,-4.996927,151.4213,151.3856
ATT,1966445876.0,-0.8473092,-1.514742,-1.37494,-4.686049,150.5924,150.5697
ATT,1966546566.0,-0.4310415,-0.7401661,-0.6994552,-4.548575,149.299,149.2879
ATT,1966647936.0,-0.2180925,-0.2745216,-0.3539,-3.976735,147.9087,147.9046
ATT,1966747956.0,-0.1113449,-0.2249,-0.1806796,-2.621144,146.4745,146.4711
ATT,1966848680.0,-0.05643147,0.1042643,-0.09157142,-0.09274041,145.002,145.0035
ATT,1966948855.0,-0.02881054,0.8153489,-0.04675096,3.533836,143.6152,143.6274
ATT,1967050109.0,-0.01461536,0.6291069,-0.02371636,8.766485,142.2606,142.2701
ATT,1967150123.0,-0.00743937,5.813623,-0.01207188,-8.190632,140.4529,140.5403
ATT,1967251941.0,-0.003751692,16.70221,-0.006087875,-26.62528,136.2012,136.4756
ATT,1967352141.0,-0.001915534,14.97671,-0.003108339,-28.39614,134.6515,134.9023
ATT,1967452813.0,-0.0009750334,9.373001,-0.001582189,-8.10586,137.5919,137.7324
ATT,1967553621.0,-0.0004937382,0.09926721,-0.0008011904,8.915516,141.0585,141.06
ATT,1967653570.0,-0.0002520734,-0.3524034,-0.0004090401,9.389615,140.823,140.8176
ATT,1967754091.0,-0.0002130761,0.2192948,-0.0003457591,8.842664,140.6693,140.6726
ATT,1967854603.0,-0.0002049288,0.1646099,-0.0003325384,8.918833,140.6366,140.6391
ATT,1967954664.0,-0.0002007085,0.1718855,-0.0003256903,8.936355,140.5997,140.6022
ATT,1968054977.0,-0.0002007084,0.1931158,-0.0003256903,8.953078,140.568,140.5709
ATT,1968154706.0,-0.0002007083,0.2066741,-0.0003256903,8.976719,140.5215,140.5247
ATT,1968255172.0,-0.0002007082,0.2243143,-0.0003256902,9.004585,140.4796,140.483
ATT,1968355594.0,-0.0001719728,0.2362342,0.0002571685,9.036473,140.433,140.4366
ATT,1968456217.0,-0.0001719728,0.2535359,0.0002571684,9.073756,140.383,140.3869
ATT,1968557110.0,-0.0001719729,0.2718434,0.0002571684,9.118768,140.3225,140.3266
ATT,1968657452.0,-0.0001719728,0.2825119,0.0002571683,9.141996,140.2827,140.2869
ATT,1968757510.0,-0.0001719728,0.3087714,0.0002571683,9.193666,140.2138,140.2184
ATT,1968857500.0,-0.0001719728,0.3369749,0.0002571683,9.258447,140.1379,140.1429
ATT,1968957603.0,-0.0001719728,0.3646756,0.0002571684,9.321391,140.0635,140.069
ATT,1969057633.0,-0.0001719728,0.390183,0.0002571683,9.378537,139.9991,140.005
BARO,1965335104.0,0,3.18396,464.554,96941.56
BARO,1965437404.0,0,3.260254,464.6302,96940.73
BARO,1965538831.0,0,2.808136,464.1781,96945.65
BARO,1965640076.0,0,3.200897,464.5709,96941.38
BARO,1965744094.0,0,2.423828,463.7938,96949.82
BARO,1965848104.0,0,2.697937,464.0679,96946.84
BARO,1965949390.0,0,2.477509,463.8475,96949.23
BARO,1966053509.0,0,2.316467,463.6865,96951.0
BARO,1966155886.0,0,2.918335,464.2883,96944.45
BARO,1966259878.0,0,2.211914,463.5819,96952.13
BARO,1966359914.0,0,1.593079,462.9631,96958.84
BARO,1966461116.0,0,1.429169,462.7992,96960.61
BARO,1966561670.0,0,1.259644,462.6296,96962.46
BARO,1966663348.0,0,1.214417,462.5844,96962.95
BARO,1966763442.0,0,1.107056,462.4771,96964.13
BARO,1966863881.0,0,0.8923035,462.2623,96966.45
BARO,1966963857.0,0,0.6210327,461.991,96969.39
BARO,1967065365.0,0,0.1406555,461.5107,96974.6
BARO,1967165415.0,0,-1.888214,459.4818,96996.65
BARO,1967267554.0,0,-2.292297,459.0777,97001.02
BARO,1967367459.0,0,-1.995605,459.3744,96997.79
BARO,1967467838.0,0,-2.27533,459.0947,97000.83
BARO,1967568538.0,0,-2.052124,459.3179,96998.41
BARO,1967668634.0,0,-2.360107,459.0099,97001.76
BARO,1967769177.0,0,-2.238617,459.1314,97000.43
BARO,1967869842.0,0,-2.244263,459.1257,97000.51
BARO,1967969648.0,0,-2.283813,459.0862,97000.92
BARO,1968069846.0,0,-2.091675,459.2783,96998.84
BARO,1968169855.0,0,-2.151001,459.219,96999.48
BARO,1968270432.0,0,-2.190582,459.1794,96999.91
BARO,1968371208.0,0,-2.241425,459.1286,97000.48
BARO,1968471936.0,0,-2.100159,459.2698,96998.95
BARO,1968572783.0,0,-1.936249,459.4337,96997.15
BARO,1968672464.0,0,-2.018188,459.3518,96998.04
BARO,1968772589.0,0,-2.122742,459.2473,96999.2
BARO,1968872463.0,0,-2.12558,459.2444,96999.22
BARO,1968972793.0,0,-2.117096,459.2529,96999.13
BARO,1969072498.0,0,-2.108612,459.2614,96999.04
BARO,1965335104.0,1,3.19809,464.5681,96923.6
BARO,1965437404.0,1,3.356323,464.7263,96921.88
BARO,1965538831.0,1,2.751617,464.1216,96928.45
BARO,1965640076.0,1,3.19809,464.5681,96923.62
BARO,1965744094.0,1,2.50296,463.873,96931.15
BARO,1965848104.0,1,2.983337,464.3533,96925.94
BARO,1965949390.0,1,2.296661,463.6667,96933.41
BARO,1966053509.0,1,2.751617,464.1216,96928.45
BARO,1966155886.0,1,2.861816,464.2318,96927.25
BARO,1966259878.0,1,2.014099,463.3841,96936.45
BARO,1966359914.0,1,1.968903,463.3389,96936.95
BARO,1966461116.0,1,1.624146,462.9941,96940.71
BARO,1966561670.0,1,1.364197,462.7342,96943.5
BARO,1966663348.0,1,1.307678,462.6777,96944.13
BARO,1966763442.0,1,1.341583,462.7116,96943.76
BARO,1966863881.0,1,0.8781738,462.2482,96948.8
BARO,1966963857.0,1,0.8018799,462.1719,96949.62
BARO,1967065365.0,1,0.349762,461.7198,96954.53
BARO,1967165415.0,1,-4.434204,456.9358,97006.47
BARO,1967267554.0,1,-2.365753,459.0042,96984.0
BARO,1967367459.0,1,-1.933441,459.4366,96979.3
BARO,1967467838.0,1,-2.241425,459.1286,96982.66
BARO,1967568538.0,1,-2.244263,459.1257,96982.69
BARO,1967668634.0,1,-2.083191,459.2868,96980.95
BARO,1967769177.0,1,-2.102966,459.267,96981.16
BARO,1967869842.0,1,-2.204712,459.1653,96982.25
BARO,1967969648.0,1,-2.19339,459.1766,96982.14
BARO,1968069846.0,1,-1.956024,459.414,96979.57
BARO,1968169855.0,1,-2.145355,459.2246,96981.62
BARO,1968270432.0,1,-1.944733,459.4253,96979.43
BARO,1968371208.0,1,-1.989929,459.3801,96979.94
BARO,1968471936.0,1,-2.054932,459.3151,96980.63
BARO,1968572783.0,1,-2.227295,459.1427,96982.49
BARO,1968672464.0,1,-1.981476,459.3885,96979.82
BARO,1968772589.0,1,-2.032318,459.3377,96980.39
BARO,1968872463.0,1,-2.097321,459.2727,96981.09
BARO,1968972793.0,1,-2.167969,459.202,96981.85
BARO,1969072498.0,1,-1.831696,459.5383,96978.22
GPS,1965391641.0,4,23,43.2382718,-7.6818112,465.35,1.945,0.478,0.0
GPS,1965635595.0,4,23,43.2382689,-7.6818092,465.28,1.984,0.463,0.0
GPS,1965779607.0,4,23,43.2382659,-7.681807,465.22,2.094,0.434,0.0
GPS,1965984474.0,4,23,43.2382628,-7.6818047,465.19,2.136,0.253,0.0
GPS,1966193385.0,4,23,43.2382596,-7.6818028,465.18,1.968,0.156,0.0
GPS,1966380360.0,4,23,43.2382565,-7.6818006,465.13,1.965,0.339,0.0
GPS,1966624480.0,4,23,43.2382534,-7.6817983,464.83,2.051,2.577,0.0
GPS,1966785360.0,4,23,43.2382503,-7.6817961,464.15,1.969,4.406,0.0
GPS,1966986366.0,4,23,43.2382472,-7.6817945,463.13,1.903,6.025,0.0
GPS,1967208507.0,4,23,43.2382445,-7.6817935,461.94,1.555,6.551,0.0
GPS,1967410371.0,4,23,43.2382433,-7.6817933,461.45,0.573,-1.653,0.0
GPS,1967631784.0,4,23,43.2382437,-7.681794,461.64,0.354,-0.161,0.0
GPS,1967792497.0,4,23,43.2382441,-7.6817942,461.7,0.071,-0.549,0.0
GPS,1967994987.0,4,23,43.2382445,-7.6817949,461.74,0.184,-0.434,0.0
GPS,1968195081.0,4,23,43.238245,-7.6817957,461.77,0.103,-0.231,0.0
GPS,1968396810.0,4,23,43.2382455,-7.6817966,461.81,0.09200001,-0.256,0.0
GPS,1968640425.0,4,23,43.238246,-7.6817975,461.8,0.094,-0.118,0.0
GPS,1968800180.0,4,23,43.2382466,-7.6817985,461.86,0.094,-0.112,0.0
GPS,1969000135.0,4,23,43.238247,-7.6817992,461.89,0.019,-0.126,0.0
IMU,1965246370.0,0,0.1331948,-0.1790856,0.03723816,-0.3570187,1.064073,-9.989401
IMU,1965287219.0,0,-0.07576504,-0.1279957,0.09234127,-0.5581608,0.8614393,-8.805159
IMU,1965327222.0,0,-0.1338854,-0.03523597,0.07348288,-0.9541398,-0.4380831,-9.586995
IMU,1965367495.0,0,0.07755581,-0.03012068,0.07428446,-6.466228e-05,1.354029,-10.31286
IMU,1965409854.0,0,-0.07695949,0.07126924,0.1028021,-0.06339936,0.9197404,-10.00455
IMU,1965449630.0,0,-0.1791277,0.1405196,0.1126929,-1.213252,-0.2739153,-8.455489
IMU,1965490951.0,0,-0.1012731,0.1311224,0.1210002,-1.090116,-0.4289092,-9.939555
IMU,1965531201.0,0,-0.02409608,0.06563034,0.08084563,-0.2204573,0.6072866,-9.908467
IMU,1965571384.0,0,-0.0622336,-0.01024651,0.09613388,-0.4079408,1.428501,-9.519924
IMU,1965612365.0,0,-0.1007898,-0.04515692,0.008485995,-0.7285691,-0.3809196,-9.684793
IMU,1965654754.0,0,-0.02635766,0.0475996,0.007784657,-1.086976,-1.421747,-9.396417
IMU,1965695819.0,0,0.08972786,0.03155256,-0.04851418,-1.040057,0.5275888,-10.05941
IMU,1965736397.0,0,-0.142743,0.04334197,-0.038092,-0.401799,1.146837,-10.33541
IMU,1965776607.0,0,-0.06882771,0.0365543,0.02703398,-0.9091066,1.594778,-9.485671
IMU,1965819796.0,0,-0.04982007,0.01253409,-0.04374009,-0.5226589,0.7599974,-10.25111
IMU,1965860122.0,0,0.05526413,0.1154165,-0.0562132,0.01003301,0.7675382,-10.19348
IMU,1965902195.0,0,0.1319075,0.09137611,0.02076709,-0.9115677,1.353361,-10.19972
IMU,1965942176.0,0,0.02511042,0.1467816,0.0233917,-0.8885678,-0.515478,-10.43385
IMU,1965981907.0,0,0.05849975,0.07393935,0.03195626,-0.900555,0.8609277,-10.1479
IMU,1966025529.0,0,-0.03021708,0.001305094,0.03231134,-0.7938185,-0.3801971,-9.739178
IMU,1966065494.0,0,0.1042812,-0.1151924,1.460476e-07,-0.005404829,1.121094,-10.94568
IMU,1966107813.0,0,0.04003878,-0.06275827,-0.1156353,-0.1316829,1.098932,-10.37458
IMU,1966147959.0,0,0.1316264,-0.004774215,-0.05702244,-0.4328395,1.152774,-9.396556
IMU,1966188427.0,0,0.09870265,-0.0439205,-0.1022083,-0.796946,-0.6933288,-10.10173
IMU,1966232360.0,0,-0.09676846,-0.06113504,0.05779498,-0.9880907,-0.2320169,-9.267
IMU,1966271938.0,0,-0.04760849,-0.02956675,0.07326079,-0.3235551,1.989608,-9.577215
IMU,1966311784.0,0,-0.04941959,-0.0578197,0.03515851,-0.7176641,0.8685836,-2.715666
IMU,1966352600.0,0,0.102344,0.07173638,-0.05232184,-0.6200512,0.4909567,-1.281537
IMU,1966395801.0,0,0.149536,0.06482477,-0.1412567,-0.1059383,0.3558461,-0.7576206
IMU,1966435882.0,0,0.1445259,0.04831972,-0.1585056,-0.239786,0.1063298,-0.608017
IMU,1966476554.0,0,0.1295983,0.00745089,-0.20724,-0.1261343,0.1777305,-0.3789572
IMU,1966516140.0,0,0.1051093,0.02590358,-0.2224433,-0.2773637,0.139169,-0.4111827
IMU,1966556172.0,0,0.1168465,0.04723873,-0.2240752,-0.2680531,0.1679548,-0.3988941
IMU,1966596517.0,0,0.09069156,0.083005,-0.2338077,-0.3681374,0.04022539,-0.5267645
IMU,1966638178.0,0,0.008269947,0.1324075,-0.238191,-0.3300446,0.05605004,-0.6635969
IMU,1966677952.0,0,-0.02321762,0.1759374,-0.242166,-0.383364,0.0515876,-0.6635089
IMU,1966717903.0,0,-0.005425535,0.2495488,-0.2474823,-0.3645967,0.139557,-0.8409888
IMU,1966758229.0,0,0.02236851,0.3366264,-0.2503379,-0.3821687,0.1261237,-0.9177379
IMU,1966798648.0,0,0.04047995,0.4142509,-0.2552742,-0.4094546,0.1085204,-1.043353
IMU,1966838676.0,0,0.06980692,0.4922846,-0.2431777,-0.4464474,0.0979737,-1.14935
IMU,1966878854.0,0,0.1024797,0.5723832,-0.2391154,-0.4006504,0.07454678,-1.274066
IMU,1966918998.0,0,0.1368313,0.6421002,-0.2430965,-0.3579217,0.05170045,-1.460857
IMU,1966958991.0,0,0.1914124,0.7227701,-0.2418623,-0.1452142,0.09309621,-1.812825
IMU,1966999599.0,0,0.09828562,0.7626203,-0.227151,-0.519765,-0.5736701,-2.760706
IMU,1967039812.0,0,-0.2481,1.08206,-0.233849,-0.6261063,-0.208697,-3.387394
IMU,1967080599.0,0,-0.1007492,2.212639,-0.2522249,0.2256472,-2.701082,-11.60443
IMU,1967120191.0,0,6.444636,-11.98787,2.762781,40.80503,-29.34355,-120.2066
IMU,1967160603.0,0,0.872888,-2.993819,-1.250149,-6.810027,7.427451,3.075086
IMU,1967200088.0,0,1.491254,-3.596858,-0.1320056,-0.00405071,-0.06775078,2.043051
IMU,1967242448.0,0,2.177486,-2.986995,0.3001585,1.466473,-0.8082971,2.63808
IMU,1967282378.0,0,1.319217,-1.64345,0.1140963,1.03929,-1.521678,-1.614921
IMU,1967321887.0,0,-1.212927,-0.005756962,-0.2707229,-3.265688,-2.831073,-3.118985
IMU,1967361974.0,0,-2.257051,1.58074,-0.1869513,-4.087424,-1.362889,-2.34304
IMU,1967401865.0,0,-1.205866,2.836769,-0.09269854,-4.900054,-1.154124,-5.186591
IMU,1967442578.0,0,0.2081455,4.939983,-0.2064831,-3.989196,-1.473882,-8.189565
IMU,1967482723.0,0,-0.2216672,5.546461,-0.1555564,2.358565,-4.048326,-13.25672
IMU,1967523174.0,0,-3.418177,1.677781,0.4603035,6.020195,-2.187939,-18.65357
IMU,1967563830.0,0,-1.204445,0.8424457,0.04280309,0.1844178,2.877341,-11.72404
IMU,1967603875.0,0,-0.07861237,0.227028,-0.09276604,2.005372,2.014069,-8.103515
IMU,1967644500.0,0,0.396034,-0.3604707,0.02364086,2.716702,0.2126128,-9.610775
IMU,1967683415.0,0,0.2608331,-0.2800051,-0.07111053,0.6342611,-0.1668668,-9.702138
IMU,1967723418.0,0,0.01980996,-0.01695524,0.001902299,0.8043343,-0.7233446,-9.688781
IMU,1967764467.0,0,-0.06418053,0.05646843,0.02398302,1.517448,0.06685118,-9.717885
IMU,1967805002.0,0,2.052428e-05,-0.006745633,-0.002174076,1.338073,0.1272407,-9.749141
IMU,1967844365.0,0,-0.004465,0.003813969,0.001212572,1.241836,-0.07837531,-9.668691
IMU,1967884495.0,0,-0.007839257,-0.0007173529,0.002958927,1.296843,0.077153,-9.726248
IMU,1967924957.0,0,-0.004064241,-0.0003003211,0.002550882,1.303415,0.04225845,-9.666408
IMU,1967964982.0,0,-0.000328209,-0.007657339,0.0004513036,1.281604,-0.05599938,-9.687688
IMU,1968004678.0,0,-0.004278365,-0.0003927602,0.003524213,1.30111,-0.04644873,-9.712162
IMU,1968044685.0,0,-0.002460368,-0.003102407,0.002984449,1.312712,-0.01006438,-9.748829
IMU,1968084514.0,0,-0.004694319,-0.0002744443,0.0001097361,1.337187,0.002244928,-9.716069
IMU,1968125099.0,0,-0.001974228,-0.002017106,0.003958728,1.29335,0.006031588,-9.705656
IMU,1968165131.0,0,-0.002265912,-0.001604453,0.001731249,1.294156,-0.003110051,-9.705893
IMU,1968205520.0,0,-0.001812896,-0.002129223,0.003216346,1.288559,-0.009868264,-9.715414
IMU,1968244640.0,0,-0.002485906,-0.002292792,0.001978385,1.295725,-0.005101662,-9.697469
IMU,1968284991.0,0,-0.004105599,-0.00169612,0.003742374,1.296715,-0.004190105,-9.700136
IMU,1968324988.0,0,-0.005030842,-0.001892636,0.001865933,1.289421,-0.004351442,-9.718059
IMU,1968365843.0,0,-0.004132471,-0.001403801,0.001801336,1.309306,-0.001161552,-9.726556
IMU,1968406590.0,0,-0.003242525,-0.001525011,0.003915497,1.293223,-0.01069475,-9.727333
IMU,1968446575.0,0,-0.002902693,-0.001169466,0.002764961,1.301846,0.003058633,-9.702601
IMU,1968486350.0,0,-0.003614694,-0.002076378,0.002885158,1.294772,-0.002773631,-9.695819
IMU,1968526478.0,0,-0.003860482,-0.001678337,0.002452566,1.290618,0.006825175,-9.698338
IMU,1968567353.0,0,-0.004776695,-0.0001093224,0.002184999,1.306531,-0.009472016,-9.707918
IMU,1968607212.0,0,-0.003082325,-0.001638067,0.002511743,1.306054,0.003883875,-9.711081
IMU,1968647445.0,0,-0.003337588,-0.003152165,0.002834224,1.295697,0.01137119,-9.716537
IMU,1968687602.0,0,-0.002745899,-0.002399615,0.001973546,1.300173,0.002574967,-9.739044
IMU,1968728073.0,0,-0.00425227,-0.002693778,0.003066702,1.301583,0.001783224,-9.692684
IMU,1968767501.0,0,-0.003233249,-0.00225608,0.001956137,1.308136,-0.009747513,-9.715617
IMU,1968808407.0,0,-0.003513726,-0.002461833,0.002758714,1.294477,-0.006262284,-9.704067
IMU,1968847912.0,0,-0.002766787,-0.001774234,0.002716984,1.305433,0.00545723,-9.698369
IMU,1968887481.0,0,-0.003404897,-0.001765244,0.002077258,1.29017,-0.00415603,-9.706075
IMU,1968928004.0,0,-0.003701364,-0.002077687,0.002819169,1.303596,-0.01448983,-9.718088
IMU,1968967989.0,0,-0.002259911,-0.001236277,0.001594668,1.31279,-0.005386309,-9.697272
IMU,1969008399.0,0,-0.003540856,-0.0008342018,0.002673986,1.299318,0.003861909,-9.709168
IMU,1969047614.0,0,-0.002829737,-0.001071928,0.002845488,1.312793,0.002080878,-9.723391
IMU,1969087605.0,0,-0.003498293,-0.002115788,0.002576081,1.284895,0.007538978,-9.71087
IMU,1969127499.0,0,-0.004405867,-0.0004669622,0.002744692,1.30175,0.004491235,-9.722704
IMU,1969167925.0,0,-0.00326555,-0.002021837,0.003152873,1.294567,0.01411621,-9.712771
IMU,1965246370.0,1,0.06223333,-0.1863627,0.07570925,-0.1861147,1.030552,-10.41509
IMU,1965287219.0,1,-0.1076723,-0.1105796,0.02107948,-1.157406,0.2055064,-8.749306
IMU,1965327222.0,1,-0.03168269,-0.05920139,-0.006984206,-1.420136,-0.7321634,-10.72856
IMU,1965367495.0,1,0.008736037,0.04872015,0.03094749,-0.1175836,1.13902,-10.41562
IMU,1965409854.0,1,-0.05692979,0.08740497,0.06168816,0.6158903,1.762398,-10.4221
IMU,1965449630.0,1,-0.1256379,0.118894,0.05744779,-0.4631072,0.5417172,-7.871322
IMU,1965490951.0,1,0.03163216,0.1114766,0.07280918,-0.8205529,-1.531655,-10.42305
IMU,1965531201.0,1,-0.01716697,0.1118937,0.06648281,-0.1035869,0.4495498,-10.05971
IMU,1965571384.0,1,-0.04781113,0.005692698,0.04495062,0.1445326,1.353538,-9.620784
IMU,1965612365.0,1,-0.1017566,-0.03965831,-0.05792154,-0.6782995,-1.084391,-9.918312
IMU,1965654754.0,1,-0.02305471,-0.01166084,0.01718802,-0.9724692,-1.199779,-9.310967
IMU,1965695819.0,1,0.03109109,0.02638164,-0.07300561,-1.857587,-1.461291,-9.910572
IMU,1965736397.0,1,-0.130371,0.1195673,-0.09921439,-0.5909932,1.153035,-10.64399
IMU,1965776607.0,1,-0.101146,0.05654994,-0.02811847,-0.997208,1.790028,-10.18606
IMU,1965819796.0,1,-0.06076219,0.007691285,0.01965317,-0.01799564,0.619776,-9.96305
IMU,1965860122.0,1,0.008707972,0.0877538,-0.03567802,0.1139648,1.078562,-10.36534
IMU,1965902195.0,1,0.04932625,0.08349917,0.001402331,-1.265693,1.555634,-10.02947
IMU,1965942176.0,1,0.06359157,0.1189692,-0.01266625,-1.281046,-1.174507,-10.69849
IMU,1965981907.0,1,-0.09389631,0.1041972,0.04566829,-1.194947,0.4305148,-10.43335
IMU,1966025529.0,1,-0.003535712,-0.01777208,0.04264086,-0.3499993,-0.8889261,-9.975741
IMU,1966065494.0,1,0.06961726,-0.08837707,0.03589634,-0.09446638,-0.04146837,-10.9916
IMU,1966107813.0,1,-0.004015801,-0.04877332,-0.0753367,0.01275985,0.6868521,-10.77749
IMU,1966147959.0,1,0.02236,-0.0377382,-0.05038732,-0.664903,0.5042613,-9.778284
IMU,1966188427.0,1,0.06079505,-0.05174624,-0.07907671,-0.8772249,-1.439389,-10.06545
IMU,1966232360.0,1,-0.08116003,-0.04483084,0.05770283,-1.563979,-1.184546,-9.795895
IMU,1966271938.0,1,-0.05337026,-0.006935635,0.03757906,-0.2398299,1.018512,-9.970306
IMU,1966311784.0,1,-0.04759225,-0.05286435,0.01989012,-0.6347777,1.091185,-2.472342
IMU,1966352600.0,1,0.09690893,0.07043845,-0.04524848,-0.5650246,0.617222,-1.430227
IMU,1966395801.0,1,0.1238691,0.06602638,-0.1204979,-0.5293446,0.4788522,-0.9622977
IMU,1966435882.0,1,0.1095012,0.04703341,-0.137386,-0.2777956,0.1973504,-0.697193
IMU,1966476554.0,1,0.09283683,0.01001472,-0.1863611,-0.1785509,0.2966656,-0.4520879
IMU,1966516140.0,1,0.07081678,0.0247774,-0.2001487,-0.2462365,0.2563245,-0.5010583
IMU,1966556172.0,1,0.08113457,0.04789876,-0.2005176,-0.2920679,0.2120726,-0.4537203
IMU,1966596517.0,1,0.05540244,0.08405844,-0.2072201,-0.4190456,0.06100255,-0.5585687
IMU,1966638178.0,1,-0.003344221,0.132608,-0.2198208,-0.3780788,0.02424,-0.6488652
IMU,1966677952.0,1,-0.02682095,0.1687954,-0.2254724,-0.3782167,0.1306002,-0.7442427
IMU,1966717903.0,1,-0.009397267,0.2297294,-0.2281649,-0.4255702,0.2009789,-0.8362053
IMU,1966758229.0,1,0.008919532,0.3012747,-0.2336573,-0.4264632,0.08542728,-0.9780254
IMU,1966798648.0,1,0.0172659,0.3749445,-0.2312768,-0.4400912,0.05779861,-1.140411
IMU,1966838676.0,1,0.03489567,0.4515748,-0.2202416,-0.453494,0.06529153,-1.042628
IMU,1966878854.0,1,0.06608627,0.5309728,-0.2156744,-0.3370888,0.1213562,-1.323642
IMU,1966918998.0,1,0.100415,0.5983505,-0.2133818,-0.3290845,0.08573344,-1.714054
IMU,1966958991.0,1,0.1540867,0.6747529,-0.2089936,-0.2312146,0.1169267,-1.698088
IMU,1966999599.0,1,0.09637949,0.7102689,-0.2016198,-0.5349143,-0.4708481,-2.836064
IMU,1967039812.0,1,-0.2402845,1.020679,-0.2132322,-0.6779067,-0.2206932,-3.438334
IMU,1967080599.0,1,-0.03887733,2.054337,-0.2155648,0.212907,-2.835695,-11.64469
IMU,1967120191.0,1,6.182381,-11.51243,2.284171,57.37848,-43.20566,-180.1932
IMU,1967160603.0,1,0.6188773,-3.056986,-1.176347,-6.469796,7.82603,6.041999
IMU,1967200088.0,1,1.367975,-3.523268,-0.1410022,-0.009366211,-0.01383824,1.937803
IMU,1967242448.0,1,2.102569,-2.948591,0.3056523,1.264404,-0.7551307,2.965985
IMU,1967282378.0,1,1.302831,-1.634592,0.1391861,1.092692,-1.400282,-2.294678
IMU,1967321887.0,1,-1.165796,-0.03497841,-0.2926726,-3.277717,-2.654314,-3.416649
IMU,1967361974.0,1,-2.224765,1.523505,-0.2529313,-4.070849,-1.35756,-2.330314
IMU,1967401865.0,1,-1.195663,2.732228,-0.1074749,-4.911031,-1.168865,-4.856573
IMU,1967442578.0,1,0.1830389,4.702523,-0.137878,-3.632667,-1.542093,-7.718812
IMU,1967482723.0,1,-0.06878518,5.476614,-0.1269508,2.668082,-4.219562,-14.60019
IMU,1967523174.0,1,-3.306642,1.827268,0.2934243,5.796464,-1.835066,-18.48412
IMU,1967563830.0,1,-1.198842,0.8243401,0.01342244,0.135378,2.792815,-11.33423
IMU,1967603875.0,1,-0.1123926,0.2299969,-0.09525499,2.051142,1.916086,-7.982887
IMU,1967644500.0,1,0.3628186,-0.3475305,0.04177313,2.67786,0.1385194,-9.803357
IMU,1967683415.0,1,0.2307907,-0.271846,-0.05183648,0.6245584,-0.2326677,-9.718648
IMU,1967723418.0,1,0.01280438,-0.01489441,0.004633245,0.7590805,-0.7270788,-9.749087
IMU,1967764467.0,1,-0.05909682,0.06683867,0.02639073,1.533051,0.02237116,-9.790063
IMU,1967805002.0,1,0.0002108787,-0.004833675,-0.001030912,1.363362,0.04525497,-9.799011
IMU,1967844365.0,1,-0.002097661,0.005876326,0.0004883336,1.262172,-0.05667549,-9.530024
IMU,1967884495.0,1,-0.004708169,0.001980051,0.004912687,1.219682,0.1735245,-9.709471
IMU,1967924957.0,1,-0.0004945664,0.01044939,0.0009676465,1.345661,0.06810229,-9.696091
IMU,1967964982.0,1,0.001877357,-0.007318957,0.001592024,1.318143,-0.1165844,-9.755847
IMU,1968004678.0,1,-0.002890696,0.008491004,-9.332156e-06,1.293692,-0.05411698,-9.726581
IMU,1968044685.0,1,9.175271e-06,0.005501319,0.0008654175,1.336283,-0.09862806,-9.767508
IMU,1968084514.0,1,-0.003320743,0.002399784,0.001973584,1.312563,-0.1130065,-9.675176
IMU,1968125099.0,1,0.002717469,0.007613478,-0.0009065581,1.31231,-0.1146354,-9.745931
IMU,1968165131.0,1,-0.0007349193,0.0032032,4.418609e-05,1.267385,0.03391144,-9.799659
IMU,1968205520.0,1,-9.471739e-05,0.002171478,-0.001002157,1.211259,-0.1180491,-9.882595
IMU,1968244640.0,1,-0.0005679359,0.005195047,0.0005309986,1.243375,-0.1003567,-9.728643
IMU,1968284991.0,1,-0.001087926,0.009376189,0.002807634,1.256493,-0.0718419,-9.793325
IMU,1968324988.0,1,0.0001802048,0.002811048,0.0007177636,1.333206,-0.07496013,-9.707753
IMU,1968365843.0,1,0.0007068106,0.007937883,-0.0004789964,1.283654,-0.07768947,-9.771488
IMU,1968406590.0,1,-0.001919417,0.007565026,-3.396573e-05,1.265555,-0.06167092,-9.856771
IMU,1968446575.0,1,-0.0005346217,0.005594098,0.003922606,1.320465,-0.1554777,-9.763526
IMU,1968486350.0,1,0.000217762,0.003168877,9.375643e-05,1.325945,-0.1411874,-9.692698
IMU,1968526478.0,1,-0.001415321,0.003977875,9.088954e-05,1.314555,-0.09152805,-9.851264
IMU,1968567353.0,1,-0.001000174,-0.0007974372,-0.001409429,1.293288,-0.03501086,-9.703822
IMU,1968607212.0,1,-0.001801421,0.006588037,0.00304792,1.30532,-0.08975554,-9.599815
IMU,1968647445.0,1,-0.00285755,0.004282965,0.004979977,1.31346,-0.07908249,-9.839616
IMU,1968687602.0,1,-0.0004180098,0.006791497,0.001048491,1.349424,0.01133379,-9.732867
IMU,1968728073.0,1,0.0009450816,0.001130934,0.0008209724,1.219132,0.07385104,-9.779264
IMU,1968767501.0,1,-0.001224638,0.002566895,0.002447946,1.266092,0.03867156,-9.814654
IMU,1968808407.0,1,0.0006888877,0.002258113,0.0008673083,1.352295,-0.07164322,-9.743178
IMU,1968847912.0,1,-0.002062842,0.0004023602,0.002513401,1.259856,-0.07004217,-9.684882
IMU,1968887481.0,1,-0.003821949,0.005372841,0.004014355,1.311993,-0.02690326,-9.731955
IMU,1968928004.0,1,-0.0008318374,0.01103656,-0.0006264154,1.252191,-0.08988694,-9.762183
IMU,1968967989.0,1,-0.0005079292,0.001372562,-0.0008968266,1.344504,-0.1210909,-9.796833
IMU,1969008399.0,1,-0.001208225,0.006285913,0.000912656,1.215566,-0.07730141,-9.491754
IMU,1969047614.0,1,-0.0005765683,0.005279533,0.0004713237,1.325067,-0.04656631,-9.761894
IMU,1969087605.0,1,0.001677353,0.005222899,0.005181804,1.260546,-0.01545993,-9.717061
IMU,1969127499.0,1,-0.000441165,0.002680729,0.0004601709,1.187479,-0.0988193,-9.833206
IMU,1969167925.0,1,-0.0009787253,0.01028978,0.001962015,1.390517,-0.1360955,-9.67738
IMU,1965246370.0,2,0.04070106,-0.1907902,0.01770259,-1.128049,0.3709476,-9.365147
IMU,1965287219.0,2,-0.03420676,-0.1311811,0.05991277,-0.3262786,1.127217,-8.146552
IMU,1965327222.0,2,-0.127508,-0.03965341,0.07204616,-0.7653558,-0.3882836,-9.3606
IMU,1965367495.0,2,0.07893165,-0.01422554,0.07901163,-0.8236894,0.2739344,-9.791353
IMU,1965409854.0,2,-0.03030537,0.08532318,0.05953199,0.06049702,0.04186789,-9.489873
IMU,1965449630.0,2,-0.05930525,0.1478416,0.06784143,-0.464238,-0.09122214,-10.80817
IMU,1965490951.0,2,-0.02401627,0.1731026,0.04351706,-0.2346966,0.002610918,-10.65986
IMU,1965531201.0,2,-0.05940905,0.09979773,0.0282916,-0.2442238,-0.08480684,-10.2929
IMU,1965571384.0,2,-0.0543367,-0.01369681,0.05249479,-0.06853407,0.2826923,-10.06667
IMU,1965612365.0,2,-0.0489024,-0.06765476,0.01242906,-0.6906478,0.7895604,-10.3967
IMU,1965654754.0,2,-0.02778824,0.02004976,-0.01769178,-0.08311287,0.8590977,-9.663305
IMU,1965695819.0,2,0.02213155,0.04555073,-0.0341058,-1.175432,-0.05866932,-9.631294
IMU,1965736397.0,2,-0.1678028,0.08185213,-0.04273353,-0.9066812,0.1332665,-9.763218
IMU,1965776607.0,2,-0.07230505,0.04676766,0.01376853,-0.7683808,0.6065825,-8.902764
IMU,1965819796.0,2,-0.0257939,0.007485682,-0.02317489,-0.5014736,0.2749534,-11.94227
IMU,1965860122.0,2,0.01330335,0.07813913,-0.007062013,-0.7373257,1.161906,-10.61006
IMU,1965902195.0,2,0.1392067,0.07329256,0.04776384,-1.397459,0.49702,-11.19625
IMU,1965942176.0,2,0.03494686,0.1261403,0.04443762,-0.721101,1.106058,-9.604286
IMU,1965981907.0,2,0.01396222,0.09432512,0.04744046,-1.393566,-0.7096891,-9.790373
IMU,1966025529.0,2,-0.002364744,0.006813169,0.02029858,-0.6241727,-0.4787094,-11.31558
IMU,1966065494.0,2,0.09757518,-0.07688521,-0.02069925,-0.9676813,-0.3594486,-10.6818
IMU,1966107813.0,2,0.008416305,-0.05199477,-0.05590474,-1.198083,0.8580335,-10.98172
IMU,1966147959.0,2,0.1124472,-0.05575153,-0.0525543,-0.4495488,0.4703362,-9.784322
IMU,1966188427.0,2,0.02479818,-0.02072627,-0.03951858,-0.5885484,0.9012197,-8.428652
IMU,1966232360.0,2,-0.1573093,-0.03300216,-0.01194884,-0.7074482,-0.01811552,-10.23966
IMU,1966271938.0,2,-0.03201836,0.02457829,0.03542395,-0.4608007,-0.1464212,-10.13419
IMU,1966311784.0,2,0.0005419036,-0.03358037,0.0305575,-0.2044757,0.8638768,-3.308881
IMU,1966352600.0,2,0.1090859,0.08360106,-0.05598915,-0.5410131,0.4459511,-1.305584
IMU,1966395801.0,2,0.1548186,0.0651905,-0.144536,-0.1204088,0.2488264,-0.7018583
IMU,1966435882.0,2,0.151273,0.04525152,-0.1641199,-0.1969788,0.176283,-0.6716874
IMU,1966476554.0,2,0.1320634,0.004482081,-0.2124224,-0.09901548,0.1651988,-0.4820437
IMU,1966516140.0,2,0.1083129,0.02630821,-0.2244809,-0.20248,0.1105381,-0.5205224
IMU,1966556172.0,2,0.1205979,0.04498247,-0.2283501,-0.2347981,0.1939693,-0.4390031
IMU,1966596517.0,2,0.0958523,0.08105085,-0.2351335,-0.3174426,0.07229662,-0.6361573
IMU,1966638178.0,2,0.01467352,0.1329634,-0.2405035,-0.3054275,0.08178151,-0.7667373
IMU,1966677952.0,2,-0.01677258,0.1767567,-0.2432341,-0.3297971,0.07038803,-0.7733544
IMU,1966717903.0,2,0.003922819,0.2509022,-0.2495838,-0.3325215,0.1477659,-0.9196497
IMU,1966758229.0,2,0.03265474,0.3374754,-0.2515785,-0.3303364,0.1474411,-0.9854639
IMU,1966798648.0,2,0.05515286,0.4167999,-0.2550159,-0.3751769,0.1354873,-1.10616
IMU,1966838676.0,2,0.08252887,0.4926921,-0.2447267,-0.3938991,0.1082196,-1.256437
IMU,1966878854.0,2,0.1171553,0.5761136,-0.2373785,-0.3497513,0.1028586,-1.378531
IMU,1966918998.0,2,0.1522941,0.6456583,-0.2446375,-0.3146037,0.05130282,-1.548327
IMU,1966958991.0,2,0.2100738,0.7247003,-0.2409392,-0.1076678,0.07892063,-1.870087
IMU,1966999599.0,2,0.1170052,0.7679026,-0.2255844,-0.4851635,-0.3646374,-3.034208
IMU,1967039812.0,2,-0.2185683,1.093956,-0.2282392,-0.5114971,-0.3350038,-3.528346
IMU,1967080599.0,2,-0.1056316,2.198074,-0.2363178,0.1062595,-1.91967,-12.95869
IMU,1967120191.0,2,4.675709,-11.56991,1.973692,32.60588,-25.43528,-135.2461
IMU,1967160603.0,2,1.078462,-3.802308,-1.402246,-9.383495,0.7147695,-1.561112
IMU,1967200088.0,2,1.407071,-3.666493,-0.1846746,-0.3732737,-0.1373362,2.704916
IMU,1967242448.0,2,2.127514,-3.01563,0.2696657,1.518534,-0.9045058,2.265356
IMU,1967282378.0,2,1.259922,-1.683566,0.08927456,1.199093,-1.171559,-2.691207
IMU,1967321887.0,2,-1.22606,0.0502824,-0.2682425,-2.779017,-2.250164,-4.421651
IMU,1967361974.0,2,-2.200403,1.664971,-0.1668643,-3.962176,-1.367213,-2.825801
IMU,1967401865.0,2,-1.098981,2.928335,-0.06898534,-4.784222,-1.480352,-5.200136
IMU,1967442578.0,2,0.291768,4.928829,-0.1733968,-3.754086,-1.796301,-8.804516
IMU,1967482723.0,2,-0.1615968,5.538613,-0.1080777,1.579907,-3.960754,-14.21289
IMU,1967523174.0,2,-3.291399,1.740557,0.4854276,5.246643,-2.554157,-17.94647
IMU,1967563830.0,2,-1.164062,0.8897983,0.05209349,0.4135257,2.623565,-11.53981
IMU,1967603875.0,2,-0.08687975,0.2395405,-0.1013898,1.698395,1.754421,-7.68082
IMU,1967644500.0,2,0.3868647,-0.3677494,0.01688846,2.703506,0.07291355,-9.619977
IMU,1967683415.0,2,0.2575736,-0.2847738,-0.07826477,0.6930365,-0.2500329,-9.946249
IMU,1967723418.0,2,0.02259337,-0.01557131,-0.002263304,0.7582873,-0.7256111,-9.868285
IMU,1967764467.0,2,-0.05848913,0.06105828,0.02028543,1.503987,-0.07959019,-9.825939
IMU,1967805002.0,2,0.004189834,-0.005214363,-0.003937811,1.31768,0.006617695,-9.829978
IMU,1967844365.0,2,0.0003861621,0.004198402,-0.003420416,1.226629,-0.19517,-9.755148
IMU,1967884495.0,2,-0.003768676,0.001480765,-0.001821407,1.281912,-0.03075727,-9.783351
IMU,1967924957.0,2,0.001295868,0.002975297,-0.00315866,1.28727,-0.0848617,-9.765039
IMU,1967964982.0,2,0.003573844,-0.005559165,-0.004052015,1.237108,-0.1530778,-9.787047
IMU,1968004678.0,2,-0.001389137,0.001176485,-0.001712264,1.28352,-0.1440399,-9.807836
IMU,1968044685.0,2,0.0003885788,0.0004337275,-0.001851476,1.289134,-0.1208159,-9.804743
IMU,1968084514.0,2,0.001660529,4.092239e-05,-0.003826022,1.336958,-0.1148572,-9.80422
IMU,1968125099.0,2,0.002300192,-0.0001133858,-0.0003520364,1.269004,-0.1138254,-9.8254
IMU,1968165131.0,2,0.001638213,9.985053e-05,-0.002760284,1.270448,-0.1096243,-9.802667
IMU,1968205520.0,2,0.002035588,-0.000354278,-0.002503349,1.26842,-0.1111329,-9.78483
IMU,1968244640.0,2,0.0004065782,0.0003884553,-0.002474558,1.283171,-0.1236458,-9.81811
IMU,1968284991.0,2,0.0004197119,2.579687e-05,-0.001844034,1.274115,-0.1174365,-9.800858
IMU,1968324988.0,2,9.19751e-05,0.0002564201,-0.002252262,1.269032,-0.1217441,-9.804825
IMU,1968365843.0,2,0.001313512,-0.0003532209,-0.001898842,1.274527,-0.1051623,-9.8285
IMU,1968406590.0,2,0.000915143,-9.894922e-05,-0.002123943,1.276892,-0.1116025,-9.818644
IMU,1968446575.0,2,0.001644786,0.0002697903,-0.001258374,1.282374,-0.107568,-9.805518
IMU,1968486350.0,2,0.00177256,0.0001142953,-0.002049445,1.272543,-0.1163035,-9.785145
IMU,1968526478.0,2,0.0006376268,0.0002355522,-0.00259971,1.290228,-0.1044879,-9.778842
IMU,1968567353.0,2,0.001496261,-0.0009125419,-0.001676209,1.290748,-0.1136391,-9.811034
IMU,1968607212.0,2,0.0005771985,9.91764e-05,-0.002682566,1.281868,-0.1243652,-9.795559
IMU,1968647445.0,2,0.0004349614,-0.0006453472,-0.004028049,1.282422,-0.1112629,-9.793055
IMU,1968687602.0,2,0.001392518,-0.0006182054,-0.003199274,1.282361,-0.1098429,-9.818009
IMU,1968728073.0,2,0.0003595098,0.0011969,-0.00237057,1.29023,-0.1067171,-9.790113
IMU,1968767501.0,2,0.0008401097,4.061364e-05,-0.002213248,1.277966,-0.1183834,-9.780892
IMU,1968808407.0,2,0.0006852679,0.0004604434,-0.002463738,1.279105,-0.1043744,-9.811719
IMU,1968847912.0,2,0.0001849802,2.606343e-05,-0.002563354,1.280573,-0.1146518,-9.826597
IMU,1968887481.0,2,0.00142403,0.0003760359,-0.001332421,1.280134,-0.09957271,-9.793804
IMU,1968928004.0,2,0.001604394,-0.0006286239,-0.003400037,1.275783,-0.1184087,-9.79737
IMU,1968967989.0,2,0.0007023095,0.0007952387,-0.002383116,1.284797,-0.1177346,-9.811232
IMU,1969008399.0,2,0.0004184648,0.0006314903,-0.002039126,1.259705,-0.1131158,-9.815387
IMU,1969047614.0,2,0.001500241,-0.0002896235,-0.002436702,1.284235,-0.1061134,-9.797478
IMU,1969087605.0,2,0.001329846,0.0003941382,-0.002352118,1.270075,-0.1097342,-9.806144
IMU,1969127499.0,2,0.0009944082,0.0001865779,-0.001471331,1.270548,-0.1116854,-9.791862
IMU,1969167925.0,2,0.001513819,-0.0004095166,-0.001095915,1.280208,-0.1038828,-9.794815
