ARM,1445126886.0,0.0
AHR2,1444087418.0,-0.19,-5.75,146.92,466.17,43.2382646,-7.6818
AHR2,1444191108.0,0.34,-5.93,146.58,465.88,43.2382631,-7.6817984
AHR2,1444292999.0,1.09,-5.61,146.09,465.77,43.2382612,-7.6817972
AHR2,1444396669.0,2.06,-5.17,145.72,465.89,43.2382601,-7.6817956
AHR2,1444500438.0,1.52,-5.26,146.1,465.27,43.2382583,-7.6817943
AHR2,1444602225.0,0.96,-4.73,146.1,465.36,43.2382566,-7.681793
AHR2,1444705101.0,0.77,-3.56,145.63,465.4,43.2382551,-7.6817921
AHR2,1444808642.0,0.49,-3.22,145.53,465.58,43.238253,-7.6817906
AHR2,1444909874.0,0.06,-3.01,145.63,465.3,43.2382511,-7.6817895
AHR2,1445013469.0,-0.11,-1.33,145.42,465.08,43.2382496,-7.6817886
AHR2,1445114656.0,-0.04,-0.18,145.84,465.12,43.2382479,-7.6817876
AHR2,1445216138.0,-0.7,0.39,146.29,464.81,43.2382463,-7.6817867
AHR2,1445316253.0,-1.35,0.77,145.82,464.6,43.2382447,-7.6817857
AHR2,1445418106.0,-2.35,1.12,144.94,464.04,43.2382433,-7.6817848
AHR2,1445518148.0,-3.23,1.36,143.96,463.83,43.2382417,-7.6817839
AHR2,1445619859.0,-4.04,1.52,142.96,463.69,43.2382403,-7.6817837
AHR2,1445719898.0,-5.21,1.95,141.97,463.5,43.2382386,-7.6817829
AHR2,1445821683.0,-6.67,2.6,141.02,463.34,43.2382367,-7.6817814
AHR2,1445921548.0,-8.33,2.84,140.19,463.02,43.2382351,-7.6817805
AHR2,1446023082.0,0.98,3.44,139.68,462.62,43.2382338,-7.6817798
AHR2,1446122994.0,1.57,-19.95,144.46,460.31,43.2382323,-7.681779
AHR2,1446224444.0,1.08,-14.47,144.72,459.84,43.2382308,-7.6817839
AHR2,1446324148.0,1.42,5.18,143.95,460.18,43.2382293,-7.6817852
AHR2,1446425226.0,0.99,3.25,143.7,460.41,43.2382297,-7.6817828
AHR2,1446525212.0,0.85,3.26,143.59,460.29,43.2382289,-7.6817828
AHR2,1446624839.0,0.79,3.18,143.5,460.22,43.2382305,-7.6817827
AHR2,1446724923.0,0.77,3.05,143.39,460.12,43.2382305,-7.6817826
AHR2,1446824881.0,0.76,2.93,143.29,460.23,43.2382308,-7.6817824
AHR2,1446924909.0,0.75,2.84,143.19,460.31,43.2382308,-7.6817823
AHR2,1447024949.0,0.73,2.75,143.09,460.26,43.2382313,-7.6817823
AHR2,1447124982.0,0.72,2.66,142.99,460.3,43.2382313,-7.6817821
AHR2,1447224906.0,0.7,2.58,142.89,460.27,43.2382318,-7.6817827
AHR2,1447324959.0,0.69,2.49,142.79,460.27,43.2382318,-7.6817827
AHR2,1447425996.0,0.68,2.4,142.69,460.36,43.2382326,-7.6817827
AHR2,1447526603.0,0.66,2.31,142.59,460.34,43.2382327,-7.6817826
AHR2,1447627183.0,0.65,2.22,142.49,460.23,43.2382327,-7.6817829
AHR2,1447727182.0,0.65,2.14,142.39,460.46,43.2382327,-7.6817828
AHR2,1447828086.0,0.64,2.06,142.3,460.18,43.2382327,-7.6817834
AHR2,1447928484.0,0.63,1.98,142.2,460.24,43.2382327,-7.6817834
ATT,1444086852.0,0.4171176,-0.1964965,-6.44373,-5.651711,151.5455,151.1402
ATT,1444190389.0,0.8703476,0.3294731,-6.483567,-5.807786,151.5197,150.8829
ATT,1444292381.0,1.176691,1.066721,-6.297533,-5.458383,151.5043,150.4882
ATT,1444395939.0,1.197928,2.036952,-6.138539,-4.990946,151.5048,150.1996
ATT,1444499858.0,1.117995,1.551244,-5.592493,-5.104591,151.5144,150.6352
ATT,1444601506.0,0.8281907,1.036152,-4.833157,-4.59967,151.5341,150.7045
ATT,1444704426.0,0.4606352,0.7961792,-4.137566,-3.446027,151.5524,150.3055
ATT,1444808100.0,0.09557504,0.4718336,-3.453527,-3.130068,151.5661,150.262
ATT,1444909190.0,-0.1862549,0.0007541422,-2.466656,-2.945744,151.573,150.4209
ATT,1445012865.0,-0.4498382,-0.225691,-1.206225,-1.283505,151.5738,150.2892
ATT,1445113998.0,-0.6897659,-0.1878581,-0.03483552,-0.1459625,151.5692,150.7717
ATT,1445215573.0,-0.4103456,-0.8666076,0.09170529,0.4586232,151.2902,151.2773
ATT,1445315650.0,-0.2086682,-1.484197,0.04663315,0.9037722,150.8604,150.8382
ATT,1445417483.0,-0.1051624,-2.54484,0.02350131,1.357322,150.0229,149.9849
ATT,1445517482.0,-0.0536897,-3.621974,0.01199837,1.747529,149.0851,149.0311
ATT,1445619182.0,-0.0271634,-4.603463,0.006070505,2.064466,148.1186,148.05
ATT,1445719189.0,-0.01386796,-5.705129,0.003099601,2.62581,147.1545,147.0695
ATT,1445820979.0,-0.006994856,-7.184625,0.001564346,3.425825,146.2141,146.1071
ATT,1445920950.0,-0.003559175,-8.922254,0.0007964994,3.816855,145.3956,145.2629
ATT,1446022438.0,-0.00180268,0.3514837,0.0004036043,5.079398,144.9527,144.958
ATT,1446122462.0,-0.0009203403,0.9900078,0.000205984,-17.15303,150.1433,150.1587
ATT,1446223895.0,-0.0004655036,0.4548226,0.0001045442,-11.20053,150.4299,150.4368
ATT,1446323612.0,-0.0003934282,0.7092261,8.859646e-05,8.33812,149.5025,149.5132
ATT,1446424771.0,-0.0003850377,0.2705937,8.684851e-05,6.364976,149.265,149.269
ATT,1446524598.0,-0.0003779581,0.1693811,8.534151e-05,6.389442,149.1495,149.152
ATT,1446624136.0,-0.0003710288,0.1497227,8.383889e-05,6.328486,149.1151,149.1173
ATT,1446724369.0,-0.0003710288,0.1538632,8.383882e-05,6.343344,149.0596,149.0619
ATT,1446824205.0,-0.0003710288,0.1611993,8.38388e-05,6.357609,149.0058,149.0082
ATT,1446924370.0,-0.0003710288,0.1692086,8.383885e-05,6.374342,148.9583,148.9608
ATT,1447024343.0,-0.0003710287,0.1756372,8.383876e-05,6.394443,148.9102,148.9128
ATT,1447124387.0,-0.0003710288,0.184086,8.383878e-05,6.413871,148.8614,148.8641
ATT,1447224217.0,-0.0003710287,0.1855974,8.383874e-05,6.436414,148.813,148.8158
ATT,1447324343.0,-0.0003710287,0.1885533,8.383874e-05,6.459772,148.7593,148.7621
ATT,1447425421.0,-0.0003630863,0.1863458,8.208436e-05,6.484073,148.7082,148.711
ATT,1447525861.0,-0.0003560957,0.1870389,8.050635e-05,6.512256,148.6623,148.6651
ATT,1447626612.0,-0.000341987,0.1890538,7.722621e-05,6.52612,148.6136,148.6165
ATT,1447726632.0,-0.0003419869,0.1855138,7.722615e-05,6.548307,148.579,148.5818
ATT,1447827453.0,-0.0003351769,0.1798563,7.559403e-05,6.565506,148.5493,148.552
ATT,1447927931.0,-0.0003351769,0.1775584,7.5594e-05,6.579761,148.5185,148.5212
BARO,1444114237.0,0,4.06839,465.4384,96931.97
BARO,1444218474.0,0,3.955383,465.3254,96933.21
BARO,1444319872.0,0,4.079712,465.4497,96931.86
BARO,1444423863.0,0,3.452393,464.8224,96938.65
BARO,1444524644.0,0,3.545654,464.9156,96937.63
BARO,1444628098.0,0,3.582367,464.9524,96937.23
BARO,1444729415.0,0,3.766052,465.136,96935.26
BARO,1444833095.0,0,3.480652,464.8506,96938.36
BARO,1444934188.0,0,3.263062,464.6331,96940.72
BARO,1445038435.0,0,3.308289,464.6783,96940.23
BARO,1445139385.0,0,2.994629,464.3646,96943.62
BARO,1445241073.0,0,2.782684,464.1527,96945.93
BARO,1445340469.0,0,2.223206,463.5932,96951.98
BARO,1445442630.0,0,2.014099,463.3841,96954.27
BARO,1445542599.0,0,1.878479,463.2485,96955.75
BARO,1445643872.0,0,1.683502,463.0535,96957.87
BARO,1445744085.0,0,1.525238,462.8952,96959.58
BARO,1445846093.0,0,1.203125,462.5731,96963.07
BARO,1445945947.0,0,0.8075256,462.1775,96967.37
BARO,1446047370.0,0,-1.506744,459.8633,96992.5
BARO,1446147405.0,0,-1.970154,459.3998,96997.54
BARO,1446248850.0,0,-1.639557,459.7304,96993.94
BARO,1446348607.0,0,-1.405029,459.965,96991.38
BARO,1446449379.0,0,-1.529358,459.8406,96992.73
BARO,1446549808.0,0,-1.600006,459.77,96993.52
BARO,1446649356.0,0,-1.696075,459.6739,96994.54
BARO,1446749418.0,0,-1.5802,459.7898,96993.28
BARO,1446849349.0,0,-1.501099,459.8689,96992.44
BARO,1446949356.0,0,-1.557617,459.8124,96993.04
BARO,1447049189.0,0,-1.515228,459.8548,96992.58
BARO,1447149382.0,0,-1.549133,459.8209,96992.95
BARO,1447249402.0,0,-1.549133,459.8209,96992.96
BARO,1447349389.0,0,-1.450226,459.9198,96991.88
BARO,1447450848.0,0,-1.472839,459.8972,96992.11
BARO,1447551344.0,0,-1.585876,459.7841,96993.34
BARO,1447651368.0,0,-1.351318,460.0187,96990.81
BARO,1447752031.0,0,-1.631073,459.7389,96993.84
BARO,1447852840.0,0,-1.577393,459.7926,96993.26
BARO,1444114237.0,1,4.059937,465.4299,96914.26
BARO,1444218474.0,1,3.709534,465.0795,96918.06
BARO,1444319872.0,1,4.062744,465.4327,96914.22
BARO,1444423863.0,1,3.494781,464.8648,96920.41
BARO,1444524644.0,1,3.37326,464.7433,96921.7
BARO,1444628098.0,1,3.545654,464.9156,96919.85
BARO,1444729415.0,1,4.065582,465.4356,96914.21
BARO,1444833095.0,1,3.808441,465.1784,96916.98
BARO,1444934188.0,1,3.203735,464.5737,96923.56
BARO,1445038435.0,1,3.531525,464.9015,96920.01
BARO,1445139385.0,1,3.008759,464.3788,96925.67
BARO,1445241073.0,1,2.890076,464.2601,96926.96
BARO,1445340469.0,1,2.565125,463.9351,96930.48
BARO,1445442630.0,1,2.144073,463.5141,96935.05
BARO,1445542599.0,1,2.240143,463.6101,96934.01
BARO,1445643872.0,1,2.245819,463.6158,96933.94
BARO,1445744085.0,1,1.641113,463.0111,96940.51
BARO,1445846093.0,1,1.200287,462.5703,96945.29
BARO,1445945947.0,1,0.8838196,462.2538,96948.73
BARO,1446047370.0,1,-1.275024,460.095,96972.17
BARO,1446147405.0,1,-1.566101,459.8039,96975.33
BARO,1446248850.0,1,-1.44458,459.9254,96973.99
BARO,1446348607.0,1,-1.622589,459.7474,96975.95
BARO,1446449379.0,1,-1.371124,459.9989,96973.22
BARO,1446549808.0,1,-1.478485,459.8915,96974.38
BARO,1446649356.0,1,-1.546295,459.8237,96975.12
BARO,1446749418.0,1,-1.489807,459.8802,96974.48
BARO,1446849349.0,1,-1.484131,459.8859,96974.44
BARO,1446949356.0,1,-1.441742,459.9283,96973.97
BARO,1447049189.0,1,-1.619781,459.7502,96975.89
BARO,1447149382.0,1,-1.388062,459.9819,96973.4
BARO,1447249402.0,1,-1.506744,459.8633,96974.7
BARO,1447349389.0,1,-1.371124,459.9989,96973.2
BARO,1447450848.0,1,-1.563263,459.8067,96975.29
BARO,1447551344.0,1,-1.622589,459.7474,96975.95
BARO,1447651368.0,1,-1.52652,459.8435,96974.89
BARO,1447752031.0,1,-1.475677,459.8943,96974.34
BARO,1447852840.0,1,-1.506744,459.8633,96974.7
GPS,1444170987.0,4,23,43.2382655,-7.6818,467.8,2.234,0.291,0.0
GPS,1444379473.0,4,23,43.2382623,-7.6817973,467.74,2.156,0.198,0.0
GPS,1444604526.0,4,23,43.238259,-7.6817946,467.67,2.21,0.298,0.0
GPS,1444769969.0,4,23,43.2382557,-7.6817923,467.66,2.189,0.21,0.0
GPS,1444976662.0,4,23,43.2382522,-7.6817901,467.63,2.078,0.217,0.0
GPS,1445179881.0,4,23,43.2382488,-7.6817882,467.6,1.98,0.298,0.0
GPS,1445380638.0,4,23,43.2382457,-7.6817862,467.42,1.912,1.548,0.0
GPS,1445602979.0,4,23,43.2382425,-7.6817846,466.93,1.992,3.596,0.0
GPS,1445764477.0,4,23,43.2382394,-7.6817829,466.04,1.905,5.377,0.0
GPS,1445966594.0,4,23,43.2382363,-7.6817811,464.8,1.754,7.104001,0.0
GPS,1446167980.0,4,23,43.2382333,-7.6817816,463.62,1.958,4.729,0.0
GPS,1446369810.0,4,23,43.2382311,-7.6817828,463.2,0.9250001,-0.394,0.0
GPS,1446610004.0,4,23,43.2382305,-7.6817827,463.26,0.063,-0.043,0.0
GPS,1446769942.0,4,23,43.2382308,-7.6817826,463.27,0.09900001,0.2,0.0
GPS,1446969637.0,4,23,43.2382313,-7.6817825,463.29,0.13,-0.019,0.0
GPS,1447169940.0,4,23,43.2382318,-7.6817827,463.34,0.035,0.071,0.0
GPS,1447370606.0,4,23,43.2382326,-7.6817828,463.38,0.08800001,-0.035,0.0
GPS,1447610972.0,4,22,43.2382327,-7.6817829,463.4,0.06,0.07700001,0.0
GPS,1447771807.0,4,22,43.2382327,-7.6817834,463.5,0.025,0.016,0.0
IMU,1444047952.0,0,-0.007741021,-0.1942048,-0.02836568,-0.7896927,0.3437316,-9.01158
IMU,1444089133.0,0,0.02604078,0.04656632,-0.1556035,-0.6481214,0.6694932,-10.55534
IMU,1444129797.0,0,0.05594686,0.03052475,-0.1503946,-0.5828487,0.3221298,-9.772868
IMU,1444171147.0,0,0.1754641,0.09148026,-0.04209053,-0.8800521,-0.7102457,-9.446365
IMU,1444213510.0,0,0.04438597,-0.01138992,-0.01930142,-1.584012,-0.5260633,-9.282942
IMU,1444254420.0,0,0.0784204,0.0876374,-0.05018204,-1.132798,-0.9104876,-9.696267
IMU,1444294874.0,0,0.04847506,0.1822575,0.01067686,-2.002871,-0.8157101,-10.19007
IMU,1444334970.0,0,0.1103497,0.01730263,0.003973946,-1.206808,-0.1977002,-9.648759
IMU,1444377175.0,0,0.1941372,0.03003846,-0.02932907,-1.033517,-0.1846,-10.49254
IMU,1444418354.0,0,0.02101405,-0.00898086,-0.07760467,-0.3434196,0.9495125,-10.88252
IMU,1444460365.0,0,-0.0589638,0.04042669,-0.03429037,0.2660657,0.9369992,-9.504936
IMU,1444502872.0,0,0.03248864,-0.01300502,0.1174005,0.07708654,0.9947237,-9.137012
IMU,1444542218.0,0,-0.09232369,0.003759659,0.1095343,-1.195999,-0.512028,-8.560321
IMU,1444584093.0,0,-0.2642407,0.1178884,0.09047983,-1.590351,-0.2753498,-8.946751
IMU,1444626137.0,0,-0.05581888,0.2909893,-0.05564873,-1.684988,-0.700488,-10.67776
IMU,1444666974.0,0,0.05623948,0.1248098,-0.1152191,-1.056399,0.3062404,-10.61966
IMU,1444707550.0,0,-0.04610981,0.1828573,-0.09380104,-0.4949519,0.8464825,-10.86336
IMU,1444747369.0,0,0.05912581,0.1426528,-0.08826569,-0.9534049,0.5523304,-9.671059
IMU,1444790904.0,0,-0.0413987,0.001836638,0.0111067,-0.3267211,1.164721,-8.562523
IMU,1444830493.0,0,-0.2249064,0.1208607,0.014811,-0.8963471,-0.7948869,-9.121246
IMU,1444874237.0,0,-0.1254895,0.1484378,0.06537278,-0.9135423,-0.5472506,-9.49039
IMU,1444914685.0,0,-0.133353,0.141989,0.03500737,-1.849101,-0.6574269,-9.355574
IMU,1444954202.0,0,-0.08280249,0.2032791,-0.009134736,-0.7943782,0.1695515,-10.17827
IMU,1444997555.0,0,0.01322589,0.2823865,0.03147894,-0.07038275,0.5007578,-10.04659
IMU,1445038639.0,0,0.02603877,0.198696,0.02786212,-0.2252907,1.266244,-9.956792
IMU,1445079623.0,0,-0.05295487,0.1530508,0.1512117,0.06459831,0.8362114,-8.571887
IMU,1445119218.0,0,-0.09329478,0.1760063,0.1768703,-0.8807357,-0.5732741,-9.355621
IMU,1445159367.0,0,0.02350891,0.1203221,0.09784315,-0.2800234,-0.5455315,-6.127468
IMU,1445200396.0,0,-0.1051702,0.01039527,0.08510099,-0.6623738,-0.6894106,-1.288996
IMU,1445241184.0,0,-0.08273361,0.0748331,0.0002789398,-0.5812075,0.1823598,-0.2188648
IMU,1445280949.0,0,-0.1273239,0.07827047,-0.08044556,-0.1704698,0.07339303,-0.4607249
IMU,1445320635.0,0,-0.1408786,0.08964388,-0.1163047,-0.1295576,-0.00302681,-0.3172326
IMU,1445361514.0,0,-0.1753585,0.08884688,-0.1299264,-0.06525932,0.03697898,-0.3835956
IMU,1445402835.0,0,-0.1897078,0.07461007,-0.1469214,-0.1195309,-0.003354103,-0.2993677
IMU,1445442910.0,0,-0.1908737,0.08319813,-0.1544166,-0.03466754,0.03061946,-0.3939558
IMU,1445482610.0,0,-0.1853119,0.07712334,-0.1577143,-0.04649439,0.03717181,-0.3828631
IMU,1445523107.0,0,-0.1747483,0.07103136,-0.1576934,-0.03527848,0.06455525,-0.5081439
IMU,1445562611.0,0,-0.1584921,0.05635363,-0.1560897,-0.1058988,0.04234004,-0.5708354
IMU,1445603121.0,0,-0.1676246,0.07684395,-0.1599344,-0.1704299,0.02592209,-0.7597843
IMU,1445644084.0,0,-0.1768422,0.08953144,-0.157442,-0.1426652,0.03142289,-0.8254462
IMU,1445683883.0,0,-0.184914,0.1129945,-0.1525341,-0.1435443,0.00440962,-0.9323742
IMU,1445724515.0,0,-0.2123351,0.149319,-0.147829,-0.1489647,-0.006740554,-1.05288
IMU,1445764636.0,0,-0.2317889,0.1619761,-0.1402795,-0.1253641,-0.02441448,-1.218862
IMU,1445805610.0,0,-0.2687287,0.1569331,-0.1363461,-0.06217742,-0.01093603,-1.37766
IMU,1445846601.0,0,-0.2929963,0.1043731,-0.1297646,-0.07603475,0.001820073,-1.542511
IMU,1445886973.0,0,-0.305116,0.0790204,-0.1232415,-0.06193824,0.01782146,-1.741967
IMU,1445926080.0,0,-0.2719536,0.09171419,-0.1328968,-0.0687647,0.05398728,-1.953657
IMU,1445966668.0,0,0.7108465,2.824426,-0.1220322,-3.870596,1.944894,-5.50961
IMU,1446007428.0,0,7.278691,-3.13523,1.197796,58.27858,28.684,-80.8708
IMU,1446047570.0,0,-0.3682431,-4.673753,2.332263,8.293596,-2.523944,6.008405
IMU,1446087437.0,0,-0.4550087,-3.658555,0.4960321,-5.919776,0.2685269,1.387245
IMU,1446127495.0,0,0.09011368,-1.764163,0.0610165,-3.959885,1.466753,-1.547937
IMU,1446168114.0,0,-0.1731249,0.2236391,-0.01046582,-3.015732,1.743635,-1.531207
IMU,1446208743.0,0,-0.012782,2.171228,0.1315344,-3.878887,0.5705983,-2.347759
IMU,1446249000.0,0,-0.1107157,3.692331,-0.06956235,-7.102602,1.865546,-6.056654
IMU,1446288651.0,0,-0.1136723,4.004391,-0.150347,-0.6572996,0.256338,-11.22305
IMU,1446328769.0,0,0.50047,1.654293,-0.3337109,10.04751,0.2307259,-25.39687
IMU,1446369911.0,0,0.3518423,-0.4678651,-0.004083627,2.503363,-2.801443,-7.66289
IMU,1446409373.0,0,-0.594865,-0.6363927,0.1027589,-1.31894,-0.8928174,-7.045042
IMU,1446449603.0,0,-0.3188874,-0.2046009,-0.0803151,-1.608216,2.588894,-12.79091
IMU,1446489982.0,0,0.1377945,0.186845,0.04942408,-0.1114596,-1.015802,-9.157122
IMU,1446529209.0,0,-0.1032542,-0.09665835,-0.005617133,0.3111396,0.1335899,-10.25488
IMU,1446569348.0,0,0.01138655,0.02211512,-0.003697132,-0.5941792,0.186931,-9.391929
IMU,1446610137.0,0,-0.0008094849,0.001235522,0.001806704,0.1104415,-0.1242281,-10.03418
IMU,1446649496.0,0,-0.004852398,-0.0009988706,0.0007421476,-0.3144588,0.09992676,-9.752702
IMU,1446689935.0,0,-0.006134792,-0.001772003,0.001652092,-0.05318152,-0.07848449,-9.849827
IMU,1446729796.0,0,-0.002249709,0.001729493,0.002601022,-0.1667729,0.01664027,-9.783484
IMU,1446770087.0,0,-0.00371224,-0.00244154,0.001570769,-0.1291705,-0.009290881,-9.849286
IMU,1446809457.0,0,-0.002664554,0.0006793716,0.001681747,-0.1457615,-0.01217585,-9.79895
IMU,1446849498.0,0,-0.002915596,-0.001257686,0.003449678,-0.154001,-0.01692918,-9.796088
IMU,1446889895.0,0,-0.002555133,0.002003696,0.001582917,-0.1352059,-0.01399568,-9.791372
IMU,1446929628.0,0,-0.00327376,0.001162795,0.002588181,-0.1449071,-0.01063068,-9.787725
IMU,1446969901.0,0,-0.003078534,-0.0001700888,0.002661097,-0.1491513,-0.009678626,-9.808961
IMU,1447009367.0,0,-0.002878305,0.001032537,0.001959125,-0.1511921,-0.00994697,-9.798176
IMU,1447049455.0,0,-0.001839968,0.0005522957,0.001809329,-0.1329234,-0.0107607,-9.807917
IMU,1447089891.0,0,-0.002795143,-0.0007095787,0.002088035,-0.1439914,-0.01115512,-9.810061
IMU,1447129833.0,0,-0.00269989,-8.066851e-05,0.001856552,-0.1407587,-0.001459596,-9.799942
IMU,1447170075.0,0,-0.00261516,-0.0006220998,0.002096291,-0.1363749,-0.001114471,-9.794264
IMU,1447209385.0,0,-0.00331274,0.0002409647,0.002215636,-0.1259815,-0.006880557,-9.802921
IMU,1447249597.0,0,-0.003778313,0.0001476606,0.001733861,-0.1453315,-0.00440256,-9.795472
IMU,1447289958.0,0,-0.003391263,-0.001495142,0.001325493,-0.1305975,-0.01079858,-9.804014
IMU,1447329423.0,0,-0.002409511,-0.0005476842,0.001590764,-0.1501011,-0.02081301,-9.791554
IMU,1447370712.0,0,-0.002644436,-0.001644656,0.001667903,-0.1396482,-0.008541529,-9.808389
IMU,1447410458.0,0,-0.004138127,-0.0007081475,0.001595736,-0.1316162,-0.007742801,-9.80565
IMU,1447450989.0,0,-0.004422578,-0.0001580054,0.00258372,-0.140528,-0.01207413,-9.79941
IMU,1447490408.0,0,-0.003802662,-0.0007334336,0.002184093,-0.1337536,-0.007684895,-9.797697
IMU,1447531205.0,0,-0.002312557,5.588461e-05,0.002527738,-0.1355159,-0.00754142,-9.80995
IMU,1447571141.0,0,-0.003131812,0.0002636878,0.002342693,-0.1321198,-0.01841673,-9.790912
IMU,1447611145.0,0,-0.00285408,-0.0001551302,0.002002651,-0.1521951,-0.01508286,-9.78661
IMU,1447651889.0,0,-0.003323564,-8.687681e-05,0.001838303,-0.1438925,-0.002903555,-9.80121
IMU,1447692437.0,0,-0.002515842,-0.0001143673,0.001512881,-0.146167,-0.00573518,-9.815681
IMU,1447731471.0,0,-0.001200475,-0.0005608646,0.002146994,-0.1256133,-0.00925623,-9.795585
IMU,1447771976.0,0,-0.002979682,-0.0001742103,0.002273988,-0.1372634,-0.001267852,-9.806896
IMU,1447812428.0,0,-0.00296906,-0.0004930844,0.001226296,-0.1463464,-0.002352994,-9.805813
IMU,1447852963.0,0,-0.002507816,-0.0004224264,0.002383419,-0.1444513,-0.005192759,-9.807222
IMU,1447894694.0,0,-0.001903582,0.0003597051,0.00290001,-0.1475943,-0.006240047,-9.791549
IMU,1447935477.0,0,-0.003438684,0.0004746338,0.001691339,-0.1325425,-0.005575428,-9.783151
IMU,1447975500.0,0,-0.0003109248,-0.0006584756,0.0006250886,-0.135806,0.0002419074,-9.806634
IMU,1444047952.0,1,0.002990647,-0.1437638,-0.03983562,0.1314974,0.1799725,-9.888399
IMU,1444089133.0,1,-0.003293949,-0.008707559,-0.115695,-0.0517212,0.5257725,-10.88845
IMU,1444129797.0,1,-0.002845194,-0.01191619,-0.09992463,-0.7015299,0.6979257,-9.970491
IMU,1444171147.0,1,0.1635205,0.04662778,-0.05708293,-0.7999099,-1.055976,-9.148782
IMU,1444213510.0,1,0.06705187,-0.06855118,0.03350055,-1.237391,-0.2638964,-8.61763
IMU,1444254420.0,1,0.07342825,0.06344279,-0.04470088,-0.6209898,-0.4041941,-10.08547
IMU,1444294874.0,1,0.05487882,0.1466983,-0.0006281771,-1.407395,-1.629283,-10.26644
IMU,1444334970.0,1,0.08666846,0.02072755,0.003947644,-1.6201,-0.2817944,-10.03828
IMU,1444377175.0,1,0.164032,-0.001780909,0.03168857,-1.076493,-1.410254,-10.38088
IMU,1444418354.0,1,-0.02503946,-0.02200941,-0.05684375,-0.4435079,0.1335016,-11.19705
IMU,1444460365.0,1,-0.1273675,0.04580263,-0.02532767,-0.1991541,0.9618227,-9.672998
IMU,1444502872.0,1,0.04244981,0.01740856,0.04143491,0.6212325,1.344843,-9.504023
IMU,1444542218.0,1,-0.07289716,0.006240662,0.03699603,-0.7841988,-1.041324,-9.161002
IMU,1444584093.0,1,-0.2210603,0.07915395,0.05384254,-1.351668,-0.3205703,-8.451462
IMU,1444626137.0,1,-0.05712651,0.2342718,-0.03733125,-1.884824,-0.3653317,-11.1049
IMU,1444666974.0,1,-0.002342625,0.103457,-0.08888001,-1.204434,-0.6783526,-10.51207
IMU,1444707550.0,1,-0.05805903,0.1462989,-0.06979413,0.2669229,0.6865536,-11.23837
IMU,1444747369.0,1,0.01714029,0.1065273,-0.06992452,-0.7580101,0.9603187,-10.74233
IMU,1444790904.0,1,-0.06639086,-0.0008163891,-0.01420113,-0.8694848,1.500402,-8.958606
IMU,1444830493.0,1,-0.2111274,0.09638681,-0.01044307,-0.6899113,-0.7333512,-9.335627
IMU,1444874237.0,1,-0.1106871,0.09166622,0.1101038,-0.9556285,-0.2566375,-10.34012
IMU,1444914685.0,1,-0.1220911,0.06284732,0.07287952,-1.837663,-0.315669,-8.741763
IMU,1444954202.0,1,-0.118494,0.1708925,-0.01134468,-0.524917,0.003228011,-9.926549
IMU,1444997555.0,1,-0.0203492,0.2720595,0.01604777,-0.6099495,-0.7205788,-10.33525
IMU,1445038639.0,1,-0.006719624,0.2110551,0.0125916,-0.9628724,0.5588712,-10.54135
IMU,1445079623.0,1,-0.04018542,0.1910888,0.1074978,0.008365117,1.263224,-9.152621
IMU,1445119218.0,1,-0.03540073,0.167602,0.118216,-0.3366016,-0.5711053,-9.570518
IMU,1445159367.0,1,0.002854026,0.1289414,0.07570513,-0.5758274,-1.262443,-6.160669
IMU,1445200396.0,1,-0.0889131,-0.0003909484,0.05453331,-0.8503135,-0.7943989,-1.021147
IMU,1445241184.0,1,-0.07852825,0.07162635,0.009074224,-0.5535902,-0.0890252,-0.3723683
IMU,1445280949.0,1,-0.1256646,0.07697696,-0.07352393,-0.2782488,0.1971665,-0.5488322
IMU,1445320635.0,1,-0.1376812,0.0938676,-0.1113586,-0.2461155,0.07534416,-0.4219115
IMU,1445361514.0,1,-0.1783049,0.09447662,-0.1256382,-0.09488699,-0.04478339,-0.4795964
IMU,1445402835.0,1,-0.189564,0.07841246,-0.1386741,-0.1203865,0.07224656,-0.3112213
IMU,1445442910.0,1,-0.1902889,0.08617554,-0.1500217,-0.1000139,0.1284536,-0.3838885
IMU,1445482610.0,1,-0.1868003,0.07840122,-0.1472339,-0.2080224,-0.04867342,-0.447533
IMU,1445523107.0,1,-0.1739618,0.07815067,-0.1496257,-0.04593809,0.1453702,-0.5801768
IMU,1445562611.0,1,-0.1644428,0.05759861,-0.1476361,-0.1869161,0.09212153,-0.4734689
IMU,1445603121.0,1,-0.168894,0.07875235,-0.1508203,-0.2128721,0.1233973,-0.7213674
IMU,1445644084.0,1,-0.1798442,0.08832835,-0.149369,-0.1940161,0.09393008,-1.006777
IMU,1445683883.0,1,-0.1866993,0.1120247,-0.1469027,-0.1504392,-0.02550814,-0.8436223
IMU,1445724515.0,1,-0.2102702,0.139799,-0.1370977,-0.2652363,0.02779537,-1.198363
IMU,1445764636.0,1,-0.229032,0.155123,-0.1362166,-0.1703124,0.08169456,-1.186368
IMU,1445805610.0,1,-0.2635042,0.150012,-0.1303793,-0.09038923,0.04671557,-1.470155
IMU,1445846601.0,1,-0.2913845,0.1076833,-0.1298404,-0.1457723,0.009857668,-1.589474
IMU,1445886973.0,1,-0.3050234,0.08600578,-0.1211568,-0.06068232,0.1852321,-1.773608
IMU,1445926080.0,1,-0.2784359,0.08668432,-0.1331145,-0.1384132,0.04859044,-2.014004
IMU,1445966668.0,1,0.7947677,2.530189,0.006353977,-3.080041,2.206695,-4.968379
IMU,1446007428.0,1,7.505698,-3.819894,1.185224,97.82555,8.229466,-116.5222
IMU,1446047570.0,1,-0.3693002,-4.404387,2.214516,-3.283792,-2.496345,12.4014
IMU,1446087437.0,1,-0.4688715,-3.576339,0.4096594,-5.523629,-0.01630658,1.047849
IMU,1446127495.0,1,0.05851648,-1.747614,0.04834438,-3.588193,1.558349,-1.271106
IMU,1446168114.0,1,-0.1659462,0.1910237,-0.01402125,-3.183296,1.771998,-1.53091
IMU,1446208743.0,1,-0.002836599,2.053018,0.127876,-3.872454,0.5025281,-2.217963
IMU,1446249000.0,1,-0.08590334,3.55073,-0.03061057,-6.866564,2.076638,-6.069374
IMU,1446288651.0,1,-0.0848976,3.895426,-0.1189651,-0.2963532,0.3975529,-11.8958
IMU,1446328769.0,1,0.4428878,1.749599,-0.2587407,10.50089,-0.3056572,-25.51767
IMU,1446369911.0,1,0.3390329,-0.4419275,-0.001687981,2.035557,-2.784557,-7.644393
IMU,1446409373.0,1,-0.5789012,-0.6111986,0.07398743,-1.340151,-0.8528501,-7.579239
IMU,1446449603.0,1,-0.3473375,-0.2122064,-0.08780944,-1.622138,2.484797,-12.34355
IMU,1446489982.0,1,0.1258909,0.1699612,0.05705896,0.06344715,-0.9716656,-9.348615
IMU,1446529209.0,1,-0.1000708,-0.08317904,-0.006901715,0.1526615,0.0560361,-10.3429
IMU,1446569348.0,1,0.006698649,0.01989827,-0.004877458,-0.5636792,0.1005013,-9.47502
IMU,1446610137.0,1,0.003692867,0.01002865,0.0009870613,0.01565524,-0.124322,-9.995268
IMU,1446649496.0,1,-0.008479228,0.008340121,0.002254886,-0.2749165,0.0558079,-9.838524
IMU,1446689935.0,1,-0.003464947,0.005322492,0.00382995,-0.1528236,-0.1411473,-9.990363
IMU,1446729796.0,1,0.0001306981,0.004686733,0.0009821312,-0.1926345,-0.08336116,-9.751705
IMU,1446770087.0,1,-0.0003944292,-0.00194645,-0.001105759,-0.1254916,-0.0900818,-9.855485
IMU,1446809457.0,1,-0.0009967085,0.005971765,0.0001782341,-0.1926232,0.01056145,-10.07162
IMU,1446849498.0,1,-0.002646081,0.002342593,0.006837346,-0.06783812,0.05477858,-9.842574
IMU,1446889895.0,1,0.00156742,0.005264075,-0.001573633,-0.1669219,-0.05263895,-9.828021
IMU,1446929628.0,1,-0.001124009,0.003200651,0.001931681,-0.1810805,-0.06947354,-9.827852
IMU,1446969901.0,1,-0.004021137,0.00382917,0.0003553516,-0.1136103,0.005568267,-9.773496
IMU,1447009367.0,1,0.001217845,0.0008040631,-0.00183047,-0.141513,0.00517546,-9.934211
IMU,1447049455.0,1,-0.004712202,0.01044823,0.001775956,-0.103697,-0.05396884,-9.868409
IMU,1447089891.0,1,0.002567611,0.005842706,0.001232035,-0.1466949,-0.02017262,-9.924012
IMU,1447129833.0,1,4.243113e-05,0.005603319,0.0002320594,-0.1186051,-0.1446923,-9.84422
IMU,1447170075.0,1,-0.002038532,0.006923738,0.003982161,-0.1531469,-0.09194397,-9.829654
IMU,1447209385.0,1,0.002278392,0.01140814,0.0005234464,-0.1443143,-0.01746695,-9.868779
IMU,1447249597.0,1,-0.002669374,0.00536259,0.002022341,-0.1443045,0.02120436,-9.79825
IMU,1447289958.0,1,-0.0003232709,0.002956935,0.0026942,-0.1295533,-0.0523468,-9.800053
IMU,1447329423.0,1,-0.005072375,0.005766001,0.009677092,-0.1450153,-0.04226789,-9.821854
IMU,1447370712.0,1,0.0001318881,0.001379767,0.002339728,-0.172242,-0.03895387,-9.927833
IMU,1447410458.0,1,-0.001153246,0.006140056,0.004965349,-0.05691116,0.02260933,-9.914562
IMU,1447450989.0,1,-0.003779582,0.006707835,0.007694568,-0.1500407,-0.0853007,-9.863134
IMU,1447490408.0,1,-0.001883987,0.007217312,-5.22121e-05,-0.1257728,-0.03514078,-9.905621
IMU,1447531205.0,1,-0.002000353,0.00248912,0.005137927,-0.1477279,0.09344804,-9.866817
IMU,1447571141.0,1,-0.002749487,0.0002196479,0.002098429,-0.07714628,-0.04007223,-9.826859
IMU,1447611145.0,1,-0.003484412,0.0004568234,0.002873328,-0.08778811,-0.06111867,-9.897758
IMU,1447651889.0,1,0.001538845,0.0003556912,-0.001413158,-0.1305504,-0.05396477,-9.892186
IMU,1447692437.0,1,8.328036e-05,0.006232345,0.0007944545,-0.1260045,0.02923787,-9.965729
IMU,1447731471.0,1,9.818461e-06,0.0007994791,0.002994243,-0.1032135,-0.0474558,-9.958722
IMU,1447771976.0,1,0.001760536,0.006368352,0.0004325403,-0.1776734,-0.09494286,-9.887334
IMU,1447812428.0,1,-0.0004543905,0.002176573,0.0003146595,-0.1755547,0.005275473,-9.740274
IMU,1447852963.0,1,-0.001810251,-0.0001156913,0.001141388,-0.1115982,-0.05245503,-9.946382
IMU,1447894694.0,1,0.001085445,0.005383727,-0.003505487,-0.1529078,-0.04025607,-9.885801
IMU,1447935477.0,1,-0.004105389,0.002230735,0.003304346,-0.06461719,-0.08183645,-9.797328
IMU,1447975500.0,1,-0.0002443637,0.005955489,0.0006177526,-0.1675291,-0.006601604,-9.944973
IMU,1444047952.0,2,0.03507792,-0.1575368,-0.05632842,-1.434104,0.4138069,-10.46804
IMU,1444089133.0,2,0.03263681,-0.01224023,-0.1329565,-0.5167767,-0.1446961,-10.54176
IMU,1444129797.0,2,0.05356364,-0.01413258,-0.1157443,-0.6553097,0.2443374,-9.454844
IMU,1444171147.0,2,0.1962625,0.01882636,-0.05810742,-0.4948478,-0.2769773,-8.760021
IMU,1444213510.0,2,0.101041,0.02527646,-0.05814259,-0.8590598,0.1110504,-10.37315
IMU,1444254420.0,2,0.1073741,0.08555735,-0.05831498,-0.5384392,0.1823539,-11.09664
IMU,1444294874.0,2,0.06394868,0.2084722,-0.05481869,-0.4569379,0.03692503,-10.56608
IMU,1444334970.0,2,0.08679833,0.06440041,-0.007070725,-1.241102,-0.3621866,-10.67918
IMU,1444377175.0,2,0.1510348,0.02996712,-0.008915993,-0.4976703,-1.139128,-9.078982
IMU,1444418354.0,2,-0.02325488,-0.01590208,-0.02638896,-0.6564626,-0.4952792,-9.075086
IMU,1444460365.0,2,-0.01812137,-0.02216475,0.01170104,-1.009134,-0.03948778,-9.020042
IMU,1444502872.0,2,0.09613036,0.01685506,0.06879199,-0.6018818,-0.3955275,-9.038664
IMU,1444542218.0,2,-0.0746855,0.02017817,0.07446128,-0.5532685,-0.0403553,-9.20378
IMU,1444584093.0,2,-0.1913609,0.1662445,0.03024277,-0.1617057,0.4346922,-9.908504
IMU,1444626137.0,2,-0.09590753,0.2590999,-0.02906202,-0.7638716,0.1665351,-9.48372
IMU,1444666974.0,2,-0.02630422,0.1357535,-0.0436539,-1.326821,-0.3625962,-9.547308
IMU,1444707550.0,2,-0.01048465,0.1217371,-0.04163479,-0.723604,-0.3705073,-10.00003
IMU,1444747369.0,2,0.0467393,0.08480273,-0.06832561,-0.8111879,0.859356,-10.54451
IMU,1444790904.0,2,-0.01934799,0.007324134,-0.005634543,-1.772027,0.7946357,-9.777961
IMU,1444830493.0,2,-0.1696491,0.09088578,0.01306008,-0.8314813,0.7565097,-9.74554
IMU,1444874237.0,2,-0.1014764,0.1145199,0.02613836,-0.3332365,-0.02477231,-10.30495
IMU,1444914685.0,2,-0.1068325,0.1530515,0.01905528,0.3777179,-0.2910981,-10.39179
IMU,1444954202.0,2,-0.1235027,0.2304797,0.0162327,-0.837814,0.1564487,-10.15571
IMU,1444997555.0,2,-0.02496965,0.2662823,0.05640202,-1.208757,0.3104795,-9.63882
IMU,1445038639.0,2,0.005893109,0.2079875,0.05951345,-0.7256253,-0.2089649,-10.80233
IMU,1445079623.0,2,-0.003209511,0.1769569,0.1067869,-0.2943793,0.2050668,-10.27684
IMU,1445119218.0,2,-0.05442732,0.1937765,0.1082885,-0.2742649,0.6359062,-9.73619
IMU,1445159367.0,2,-0.02279515,0.1366019,0.109018,-1.189152,-0.2717988,-7.689183
IMU,1445200396.0,2,-0.07565106,0.03046462,0.07807217,-0.598154,-0.5210469,-1.51114
IMU,1445241184.0,2,-0.08393668,0.07673368,0.0003628659,-0.3909231,0.09057669,-0.5018013
IMU,1445280949.0,2,-0.1200124,0.08475789,-0.07800075,-0.2011399,0.04143311,-0.5424262
IMU,1445320635.0,2,-0.1318724,0.09178708,-0.1184305,-0.08344083,0.07104666,-0.4066221
IMU,1445361514.0,2,-0.1691317,0.09386776,-0.129534,-0.04470283,0.02015909,-0.4491842
IMU,1445402835.0,2,-0.1832393,0.078978,-0.146726,-0.06647594,0.049768,-0.3849166
IMU,1445442910.0,2,-0.184741,0.0876978,-0.1553812,-0.0160044,0.04527714,-0.4380102
IMU,1445482610.0,2,-0.1769313,0.07982249,-0.1575651,-0.01106409,0.06034572,-0.4510753
IMU,1445523107.0,2,-0.167988,0.07490539,-0.1587985,-0.01376173,0.07977013,-0.5716314
IMU,1445562611.0,2,-0.1544254,0.06025581,-0.1579247,-0.06798922,0.05711083,-0.6219168
IMU,1445603121.0,2,-0.1606977,0.08050213,-0.1594152,-0.1498001,0.06809379,-0.8176061
IMU,1445644084.0,2,-0.1712739,0.09253912,-0.15785,-0.1014418,0.06165597,-0.901368
IMU,1445683883.0,2,-0.1789183,0.1178136,-0.1523874,-0.1117907,0.02415487,-0.9956154
IMU,1445724515.0,2,-0.205449,0.1528794,-0.1472524,-0.1067876,0.01159701,-1.148396
IMU,1445764636.0,2,-0.2253938,0.1679756,-0.140013,-0.1131503,-0.007403587,-1.28053
IMU,1445805610.0,2,-0.2581678,0.1624727,-0.1373405,-0.05532075,-0.003096944,-1.44279
IMU,1445846601.0,2,-0.2859564,0.1118687,-0.1295945,-0.05470708,0.01386251,-1.589135
IMU,1445886973.0,2,-0.2964503,0.08381683,-0.1229031,-0.03574769,0.0208482,-1.830831
IMU,1445926080.0,2,-0.2647766,0.09655622,-0.131998,-0.04153615,0.04408706,-2.015746
IMU,1445966668.0,2,0.8585253,2.87165,-0.07342209,-3.324944,1.912885,-7.207502
IMU,1446007428.0,2,7.699046,-4.442508,0.5131751,57.33646,-8.941649,-70.15028
IMU,1446047570.0,2,0.03088056,-5.142363,2.159284,-20.19084,-3.060508,2.181356
IMU,1446087437.0,2,-0.5684435,-3.672801,0.4893324,-5.273406,0.4724505,1.268518
IMU,1446127495.0,2,0.05611528,-1.778368,0.03920531,-3.135691,1.116949,-2.275209
IMU,1446168114.0,2,-0.166221,0.248011,-0.006318753,-2.578146,1.89351,-2.203875
IMU,1446208743.0,2,0.03894183,2.213087,0.1426452,-3.571681,0.7406421,-2.757125
IMU,1446249000.0,2,-0.02211582,3.728555,-0.03982955,-6.907269,1.63465,-6.199501
IMU,1446288651.0,2,-0.02851089,4.012174,-0.1261133,-1.0966,0.3045409,-11.26671
IMU,1446328769.0,2,0.5121765,1.684295,-0.3371502,9.191874,-0.4382376,-24.32223
IMU,1446369911.0,2,0.3673763,-0.4560497,-0.01033126,2.353714,-2.627919,-8.221621
IMU,1446409373.0,2,-0.6048933,-0.6238703,0.1006384,-1.2718,-0.8684005,-7.267596
IMU,1446449603.0,2,-0.3063434,-0.1881175,-0.0813807,-1.317523,2.104925,-12.47975
IMU,1446489982.0,2,0.1377325,0.1797057,0.04466103,-0.1152032,-0.9773871,-9.315265
IMU,1446529209.0,2,-0.09899083,-0.09135478,-0.00700763,0.2118943,0.03797545,-10.32409
IMU,1446569348.0,2,0.01490704,0.01835409,-0.006591666,-0.5818932,0.116329,-9.466409
IMU,1446610137.0,2,0.004982452,0.004348889,-0.002831935,0.05760448,-0.1980095,-10.06042
IMU,1446649496.0,2,-0.001966214,-0.001071089,-0.00266978,-0.304249,0.0007518108,-9.818276
IMU,1446689935.0,2,-0.0005084258,0.0009465137,-0.00124128,-0.1047553,-0.1535186,-9.899785
IMU,1446729796.0,2,0.001422544,0.002835766,-0.001015746,-0.2104326,-0.07824013,-9.846336
IMU,1446770087.0,2,-0.0001993163,-0.001578841,-4.517712e-05,-0.1515148,-0.08056056,-9.868881
IMU,1446809457.0,2,0.0007379681,0.0008227892,-0.001063098,-0.1758049,-0.07943241,-9.849336
IMU,1446849498.0,2,-5.895813e-05,-0.0002752485,-0.0007251382,-0.1727222,-0.09800046,-9.871184
IMU,1446889895.0,2,0.001349191,0.0006099274,-0.001087146,-0.1617915,-0.1059655,-9.877359
IMU,1446929628.0,2,0.001767818,0.0009027777,-0.001305023,-0.1759842,-0.08874771,-9.861276
IMU,1446969901.0,2,0.001525769,0.0009662913,-0.001397222,-0.1596996,-0.0865733,-9.859862
IMU,1447009367.0,2,0.0006355334,0.0006956442,-0.001355535,-0.1682173,-0.09917378,-9.882154
IMU,1447049455.0,2,0.002146439,0.001725713,-0.001729215,-0.1681264,-0.09320708,-9.865841
IMU,1447089891.0,2,0.0005236659,0.001101801,-0.002197388,-0.1672937,-0.0851378,-9.879519
IMU,1447129833.0,2,0.00161236,0.0002332682,-0.000384068,-0.1730656,-0.08218882,-9.874037
IMU,1447170075.0,2,0.001034556,0.0002672572,-0.001694058,-0.1635704,-0.09517711,-9.866849
IMU,1447209385.0,2,8.360913e-05,0.000533572,0.0001961743,-0.1677226,-0.07979488,-9.866246
IMU,1447249597.0,2,0.00109426,-0.000644096,-0.002135846,-0.1585895,-0.07846346,-9.860818
IMU,1447289958.0,2,5.787272e-05,0.001159617,-0.001419411,-0.1683925,-0.09073666,-9.881074
IMU,1447329423.0,2,0.0004812709,-0.0005276295,-0.001047308,-0.1611899,-0.08399915,-9.863777
IMU,1447370712.0,2,0.0003606213,-0.0009447028,-0.00183321,-0.1607723,-0.08360293,-9.886375
IMU,1447410458.0,2,0.0001517115,6.149353e-05,-0.002318478,-0.1518662,-0.08938268,-9.867367
IMU,1447450989.0,2,0.0006873716,4.801864e-05,-0.00137444,-0.1654676,-0.09057612,-9.866395
IMU,1447490408.0,2,0.001127214,-0.000676783,-0.001563406,-0.1675688,-0.09754175,-9.881769
IMU,1447531205.0,2,0.001717952,0.001276966,-0.002143521,-0.1666544,-0.09530538,-9.877138
IMU,1447571141.0,2,0.001320673,-0.000683353,-0.001445616,-0.1586789,-0.08105966,-9.854461
IMU,1447611145.0,2,0.001598554,0.0008968353,-0.001635637,-0.1689617,-0.08392068,-9.877984
IMU,1447651889.0,2,0.001514799,0.0001993636,-0.001347969,-0.1690913,-0.087494,-9.863287
IMU,1447692437.0,2,0.0002463259,0.0006558201,-0.0006270834,-0.166246,-0.08646648,-9.85182
IMU,1447731471.0,2,0.0006589055,-0.0003830327,-0.002213331,-0.168398,-0.09004367,-9.862267
IMU,1447771976.0,2,0.0002711257,0.000160027,-0.00199044,-0.1610398,-0.08763587,-9.873713
IMU,1447812428.0,2,0.0008850127,0.000212705,-0.001042396,-0.1725183,-0.08477496,-9.848577
IMU,1447852963.0,2,0.0009125815,0.001675131,-0.002229497,-0.1696052,-0.08855043,-9.858175
IMU,1447894694.0,2,0.0005081335,3.659636e-05,-0.001898688,-0.1648637,-0.08905783,-9.852305
IMU,1447935477.0,2,0.0009716292,0.00078899,-0.00126955,-0.1594537,-0.0858334,-9.847366
IMU,1447975500.0,2,0.001371759,0.0005436114,-0.001178516,-0.163279,-0.09014957,-9.894666
