ARM,380677082.0,0.0
AHR2,379752778.0,-1.31,-4.03,145.56,470.31,43.2382842,-7.6818276
AHR2,379854262.0,-1.47,-3.1,145.69,470.19,43.238282,-7.6818257
AHR2,379954463.0,-1.12,-2.77,145.62,470.01,43.238279,-7.6818231
AHR2,380056183.0,-0.99,-2.44,145.68,470.08,43.2382755,-7.6818197
AHR2,380157038.0,-0.61,-1.97,145.89,469.85,43.2382726,-7.6818171
AHR2,380258771.0,-0.84,-1.45,146.08,469.89,43.2382696,-7.6818143
AHR2,380359041.0,-0.85,-0.59,146.29,470.1,43.2382667,-7.6818117
AHR2,380460235.0,-0.51,0.55,146.33,469.95,43.2382648,-7.68181
AHR2,380560278.0,-0.42,1.5,146.23,469.95,43.238262,-7.6818075
AHR2,380662107.0,-0.17,2.35,146.14,470.11,43.2382591,-7.6818046
AHR2,380762132.0,-0.42,2.97,145.68,469.91,43.2382567,-7.6818024
AHR2,380863107.0,-1.16,3.38,144.4,468.92,43.238255,-7.6818008
AHR2,380963046.0,-2.35,3.76,142.74,468.56,43.2382527,-7.6817985
AHR2,381065167.0,-3.78,4.28,140.92,468.46,43.23825,-7.6817955
AHR2,381165238.0,-5.47,4.87,139.03,468.41,43.2382477,-7.6817932
AHR2,381267878.0,-7.77,6.15,136.91,468.03,43.2382453,-7.6817917
AHR2,381368576.0,-10.36,7.59,134.45,468.04,43.238243,-7.6817896
AHR2,381472087.0,-10.72,8.73,131.41,467.63,43.238242,-7.6817878
AHR2,381572124.0,5.77,-5.21,124.88,467.17,43.2382399,-7.6817855
AHR2,381674737.0,10.88,-18.06,114.22,465.34,43.2382384,-7.6817834
AHR2,381774749.0,0.36,-17.14,109.99,464.96,43.2382369,-7.6817814
AHR2,381875514.0,2.77,4.89,108.87,465.22,43.2382329,-7.6817839
AHR2,381975521.0,4.07,-1.8,108.45,465.28,43.2382304,-7.6817835
AHR2,382076618.0,5.53,-2.32,108.06,464.98,43.2382372,-7.6817781
AHR2,382177161.0,5.48,-2.2,108.1,465.0,43.238238,-7.681776
AHR2,382277734.0,5.37,-2.06,108.15,465.1,43.2382369,-7.6817797
AHR2,382377843.0,5.22,-1.92,108.2,465.04,43.238237,-7.6817796
AHR2,382477608.0,5.07,-1.79,108.24,465.24,43.2382366,-7.6817804
AHR2,382577575.0,4.92,-1.67,108.29,465.33,43.2382365,-7.6817807
AHR2,382677568.0,4.77,-1.55,108.34,465.24,43.2382367,-7.6817805
AHR2,382777634.0,4.62,-1.43,108.38,465.18,43.2382366,-7.6817806
AHR2,382878762.0,4.48,-1.31,108.44,465.02,43.2382367,-7.6817811
AHR2,382978643.0,4.33,-1.19,108.48,465.21,43.2382367,-7.681781
AHR2,383081585.0,4.19,-1.08,108.53,465.34,43.2382367,-7.6817822
AHR2,383181845.0,4.05,-0.98,108.58,465.25,43.2382367,-7.6817823
AHR2,383283254.0,3.91,-0.87,108.62,465.26,43.2382365,-7.6817836
AHR2,383383487.0,3.78,-0.76,108.67,465.18,43.2382365,-7.6817836
AHR2,383485154.0,3.65,-0.66,108.72,465.16,43.2382365,-7.681785
ATT,379752031.0,-1.609482,-1.371308,-4.728303,-4.374186,149.0336,148.7809
ATT,379853593.0,-1.485541,-1.589015,-4.035956,-3.458296,149.0195,148.8258
ATT,379953730.0,-1.365174,-1.244704,-3.534351,-3.143112,149.0093,148.6929
ATT,380055554.0,-1.234708,-1.098228,-3.0423,-2.803056,149.0,148.7021
ATT,380156310.0,-1.051497,-0.6930829,-2.355249,-2.294173,148.9888,148.8631
ATT,380258152.0,-0.8878677,-0.9218428,-1.569517,-1.730604,148.9794,148.997
ATT,380358271.0,-0.7116882,-0.9578346,-0.6430632,-0.8370902,148.9712,149.1479
ATT,380459632.0,-0.5698531,-0.6541605,0.3311692,0.3318587,148.9655,149.1189
ATT,380559685.0,-0.4389619,-0.5841889,1.174241,1.286423,148.9627,148.9762
ATT,380661535.0,-0.3415157,-0.3576102,1.950985,2.026779,148.9614,148.8518
ATT,380761582.0,-0.193714,-0.6082597,1.320191,2.42263,148.3741,148.365
ATT,380862487.0,-0.09822136,-1.362795,0.6693932,2.704417,147.1001,147.0797
ATT,380962496.0,-0.05014587,-2.603581,0.3417518,3.200064,145.4212,145.3824
ATT,381064620.0,-0.02521942,-4.087782,0.1718754,4.048616,143.58,143.519
ATT,381164619.0,-0.01287491,-5.864064,0.08774541,5.147875,141.6595,141.5719
ATT,381267275.0,-0.006479729,-8.302711,0.04416023,6.851087,139.4637,139.3395
ATT,381367841.0,-0.003297855,-11.09113,0.02247552,8.593183,136.8891,136.723
ATT,381471315.0,-0.001636798,-11.6658,0.01115507,10.00591,133.7229,133.5475
ATT,381571441.0,-0.0008355986,4.65195,0.005694575,-3.973334,127.4265,127.496
ATT,381674093.0,-0.0004185528,9.345556,0.002852471,-16.68666,117.2305,117.3753
ATT,381774108.0,-0.0002137025,-1.201089,0.001456992,-15.11867,113.1673,113.1488
ATT,381874805.0,-0.0001085617,-0.05754101,0.0007403368,8.725128,111.4285,111.4276
ATT,381974837.0,-5.731971e-05,-1.340828,0.0003906204,4.917236,111.9125,111.8925
ATT,382075775.0,-5.52035e-05,-1.229762,0.0003763663,5.711858,111.7558,111.7373
ATT,382176618.0,-5.412084e-05,-1.251438,0.0003688643,5.650592,111.7581,111.7393
ATT,382277057.0,-5.200944e-05,-1.269503,0.0003543252,5.636296,111.7651,111.7461
ATT,382377140.0,-5.200953e-05,-1.276942,0.0003543253,5.637269,111.7766,111.7575
ATT,382477089.0,-5.200955e-05,-1.275408,0.0003543252,5.644828,111.7854,111.7664
ATT,382576963.0,-5.200956e-05,-1.277556,0.0003543253,5.656008,111.7995,111.7804
ATT,382676877.0,-5.200953e-05,-1.2809,0.0003543253,5.67125,111.8121,111.793
ATT,382777062.0,-5.200953e-05,-1.287678,0.0003543253,5.692531,111.8247,111.8054
ATT,382878087.0,-5.075958e-05,-1.298083,0.0003457894,5.720949,111.8431,111.8237
ATT,382978010.0,-5.07595e-05,-1.321017,0.0003457894,5.763897,111.8649,111.8451
ATT,383080805.0,-4.825521e-05,-1.346091,0.0003287074,5.809514,111.888,111.8678
ATT,383181411.0,-4.825521e-05,-1.377168,0.0003287075,5.861301,111.9089,111.8882
ATT,383282641.0,-4.610558e-05,-1.40237,0.0003139367,5.91274,111.9317,111.9107
ATT,383382796.0,-4.610562e-05,-1.434846,0.0003139368,5.979391,111.9613,111.9398
ATT,383484600.0,-4.610565e-05,-1.454393,0.0003139368,6.024166,111.9808,111.959
BARO,379767123.0,0,2.009247,470.8892,96539.72
BARO,379869013.0,0,1.825562,470.7055,96541.7
BARO,379969128.0,0,1.893372,470.7733,96540.96
BARO,380071287.0,0,1.667328,470.5473,96543.41
BARO,380171479.0,0,1.701233,470.5812,96543.03
BARO,380273517.0,0,1.915985,470.796,96540.71
BARO,380373419.0,0,1.760559,470.6405,96542.42
BARO,380474608.0,0,1.763397,470.6434,96542.36
BARO,380575018.0,0,1.921631,470.8016,96540.66
BARO,380677411.0,0,1.723846,470.6038,96542.8
BARO,380776871.0,0,0.7376709,469.6176,96553.46
BARO,380877747.0,0,0.3703003,469.2503,96557.44
BARO,380977591.0,0,0.2770691,469.157,96558.45
BARO,381080096.0,0,0.2261963,469.1062,96558.98
BARO,381180041.0,0,-0.1524353,468.7275,96563.08
BARO,381282504.0,0,-0.1411438,468.7388,96562.97
BARO,381383229.0,0,-0.5536804,468.3263,96567.44
BARO,381484050.0,0,-1.011475,467.8685,96572.38
BARO,381583848.0,0,-2.845367,466.0346,96592.2
BARO,381686848.0,0,-3.223999,465.656,96596.29
BARO,381786835.0,0,-2.969696,465.9103,96593.56
BARO,381887552.0,0,-2.904694,465.9753,96592.85
BARO,381987554.0,0,-3.204224,465.6758,96596.1
BARO,382088542.0,0,-3.187256,465.6927,96595.91
BARO,382189489.0,0,-3.085541,465.7944,96594.81
BARO,382289626.0,0,-3.144867,465.7351,96595.45
BARO,382389307.0,0,-2.944244,465.9357,96593.29
BARO,382489604.0,0,-2.851013,466.029,96592.27
BARO,382589783.0,0,-2.947083,465.9329,96593.3
BARO,382689433.0,0,-3.003601,465.8764,96593.91
BARO,382789507.0,0,-3.164673,465.7153,96595.67
BARO,382890654.0,0,-2.972504,465.9075,96593.57
BARO,382990618.0,0,-2.845367,466.0346,96592.2
BARO,383093524.0,0,-2.938599,465.9414,96593.22
BARO,383193866.0,0,-2.921661,465.9583,96593.03
BARO,383295280.0,0,-3.006409,465.8736,96593.95
BARO,383395234.0,0,-3.023376,465.8566,96594.13
BARO,383497608.0,0,-3.184448,465.6955,96595.88
BARO,379767123.0,1,2.09967,470.9796,96525.92
BARO,379869013.0,1,2.127899,471.0079,96525.64
BARO,379969128.0,1,2.18161,471.0616,96525.05
BARO,380071287.0,1,1.848175,470.7281,96528.66
BARO,380171479.0,1,1.819916,470.6999,96528.96
BARO,380273517.0,1,2.068573,470.9485,96526.26
BARO,380373419.0,1,2.074219,470.9542,96526.22
BARO,380474608.0,1,2.108124,470.9881,96525.86
BARO,380575018.0,1,1.791656,470.6716,96529.27
BARO,380677411.0,1,1.794464,470.6744,96529.23
BARO,380776871.0,1,1.271729,470.1517,96534.88
BARO,380877747.0,1,0.8280945,469.7081,96539.69
BARO,380977591.0,1,0.497467,469.3774,96543.27
BARO,381080096.0,1,0.5822449,469.4622,96542.35
BARO,381180041.0,1,0.3420715,469.222,96544.95
BARO,381282504.0,1,0.164032,469.044,96546.86
BARO,381383229.0,1,-0.2711182,468.6089,96551.57
BARO,381484050.0,1,-0.7599792,468.12,96556.84
BARO,381583848.0,1,-6.549866,462.3301,96619.46
BARO,381686848.0,1,-2.851013,466.029,96579.45
BARO,381786835.0,1,-2.650391,466.2296,96577.28
BARO,381887552.0,1,-2.89621,465.9838,96579.95
BARO,381987554.0,1,-2.88208,465.9979,96579.8
BARO,382088542.0,1,-3.04599,465.834,96581.55
BARO,382189489.0,1,-2.788849,466.0911,96578.79
BARO,382289626.0,1,-2.947083,465.9329,96580.49
BARO,382389307.0,1,-2.825562,466.0544,96579.18
BARO,382489604.0,1,-2.788849,466.0911,96578.8
BARO,382589783.0,1,-2.879272,466.0007,96579.77
BARO,382689433.0,1,-2.706879,466.1731,96577.9
BARO,382789507.0,1,-2.80014,466.0798,96578.91
BARO,382890654.0,1,-2.910339,465.9696,96580.09
BARO,382990618.0,1,-2.834045,466.0459,96579.29
BARO,383093524.0,1,-2.834045,466.0459,96579.29
BARO,383193866.0,1,-2.706879,466.1731,96577.89
BARO,383295280.0,1,-2.794495,466.0855,96578.84
BARO,383395234.0,1,-2.947083,465.9329,96580.52
BARO,383497608.0,1,-2.794495,466.0855,96578.86
GPS,379839568.0,4,15,43.2382858,-7.681829,463.37,3.88,0.117,0.0
GPS,380022048.0,4,15,43.2382799,-7.6818237,463.37,3.89,0.06,0.0
GPS,380224144.0,4,15,43.238274,-7.6818183,463.35,3.872,0.177,0.0
GPS,380448776.0,4,15,43.2382683,-7.6818132,463.37,3.681,-0.021,0.0
GPS,380609757.0,4,15,43.2382632,-7.6818084,463.35,3.258,0.271,0.0
GPS,380831385.0,4,15,43.2382585,-7.681804,463.31,3.189,0.415,0.0
GPS,381012763.0,4,15,43.2382538,-7.6817994,463.01,3.163,2.81,0.0
GPS,381214861.0,4,15,43.2382493,-7.6817952,462.31,3.129,4.544,0.0
GPS,381458417.0,4,15,43.2382448,-7.6817908,461.26,3.04,6.209,0.0
GPS,381619817.0,4,15,43.2382411,-7.6817869,460.05,2.402,6.553,0.0
GPS,381822037.0,4,15,43.2382371,-7.6817845,459.4,2.804,-0.1,0.0
GPS,382022764.0,4,15,43.238236,-7.6817816,459.63,1.874,-2.247,0.0
GPS,382224341.0,4,15,43.2382367,-7.6817798,460.06,0.152,-2.386,0.0
GPS,382444841.0,4,14,43.2382368,-7.6817801,460.44,0.249,-2.035,0.0
GPS,382624623.0,4,15,43.2382368,-7.6817804,460.73,0.13,-1.676,0.0
GPS,382825495.0,4,16,43.2382367,-7.6817811,460.91,0.046,-1.307,0.0
GPS,383025831.0,4,16,43.2382367,-7.6817822,460.97,0.057,-0.845,0.0
GPS,383229106.0,4,16,43.2382365,-7.6817836,461.04,0.04,-0.49,0.0
GPS,383451455.0,4,16,43.2382365,-7.681785,461.09,0.057,-0.177,0.0
IMU,379679602.0,0,0.04241049,0.1389225,0.03659661,-0.6808201,0.1909134,-9.687059
IMU,379720081.0,0,0.0188594,0.1760284,-0.003756195,-1.113405,-0.3977591,-9.203391
IMU,379760041.0,0,-0.02030614,0.1503471,-0.0703326,-1.103114,-0.934581,-10.17823
IMU,379800028.0,0,0.135603,0.1681584,-0.04667234,-0.98392,0.3846372,-10.18597
IMU,379839736.0,0,0.07750078,0.131321,-0.04362791,-0.3992879,0.3690838,-10.84216
IMU,379881641.0,0,0.1716818,0.07977763,-0.09557626,-0.5836794,0.9125707,-10.28998
IMU,379921276.0,0,-0.06450874,0.09833458,-0.05593392,-0.2112803,0.1154419,-9.908361
IMU,379961025.0,0,0.01474257,0.1577106,-0.04911702,-0.6810758,-0.2327697,-9.617894
IMU,380001064.0,0,-0.03611896,0.1015602,0.03351127,-0.5637321,-0.8301827,-9.90071
IMU,380043305.0,0,0.008394997,0.0631578,-0.08574298,-0.7923254,-0.5530989,-9.816543
IMU,380083264.0,0,0.03082381,0.04790031,-0.01831056,-0.763065,-0.5213587,-9.753191
IMU,380123290.0,0,0.1188986,0.0611693,-0.03158606,-0.4418971,0.5591713,-10.00994
IMU,380164453.0,0,0.02529329,0.1376147,-0.01173662,-0.1747485,0.3239232,-9.778446
IMU,380204519.0,0,-0.02299974,0.1744578,-0.03730339,-0.8996437,-0.2101874,-9.668479
IMU,380245771.0,0,-0.0543121,0.1918868,0.00563164,-0.5451786,-0.4440873,-9.671388
IMU,380285729.0,0,0.01816527,0.147579,-0.07104795,-0.5818192,-0.1189668,-10.22419
IMU,380329015.0,0,0.0370804,0.1461372,0.01026461,-1.1032,-0.2282091,-8.916038
IMU,380368872.0,0,0.1061805,0.1462517,0.0259549,-1.014721,0.6191553,-9.814729
IMU,380408621.0,0,0.1094174,0.1708747,0.007705651,-0.593846,0.7126597,-9.804974
IMU,380448846.0,0,0.07647377,0.2519668,-0.04376713,-0.5167288,1.201316,-9.872667
IMU,380490057.0,0,0.05140706,0.1756046,-0.01639918,-0.6196465,0.7174301,-9.513659
IMU,380529553.0,0,0.03553212,0.1766829,-0.03960338,-0.9729062,0.2589799,-9.471712
IMU,380569560.0,0,-0.03772502,0.1482029,-0.05539055,-1.170144,-0.2813063,-9.851135
IMU,380609859.0,0,0.1849146,0.1247662,-0.03246985,-0.8916178,0.6738905,-9.871496
IMU,380652119.0,0,0.07418789,0.05496067,-0.01791763,-0.8907297,0.6875734,-9.239513
IMU,380692116.0,0,0.0580279,0.06245722,-0.04183361,-0.5187314,1.013769,-9.792049
IMU,380731524.0,0,0.06270151,0.09298424,-0.05206121,-1.212987,-1.557629,-2.782402
IMU,380771383.0,0,-0.06534007,0.01620531,-0.1367152,-0.4819287,0.5267608,-0.846882
IMU,380813867.0,0,-0.1252362,0.04236683,-0.228034,-0.08933567,0.246907,-0.368092
IMU,380855203.0,0,-0.1457811,0.09164894,-0.2761027,-0.1697458,0.1108448,-0.2606021
IMU,380895283.0,0,-0.1878179,0.08614682,-0.2993372,-0.2018521,-0.09888809,-0.3265463
IMU,380934810.0,0,-0.1934384,0.09147406,-0.3010667,-0.2478367,0.008704995,-0.3097917
IMU,380974770.0,0,-0.2033418,0.1323186,-0.3103911,-0.2233018,0.004621197,-0.4282832
IMU,381014842.0,0,-0.2134037,0.1563184,-0.312909,-0.1988779,-0.02906463,-0.4546164
IMU,381057148.0,0,-0.2264922,0.1797392,-0.3199089,-0.2089626,0.01900415,-0.5684137
IMU,381097265.0,0,-0.2402622,0.2039017,-0.3317505,-0.1912353,-0.02395349,-0.6217228
IMU,381137234.0,0,-0.2750402,0.2182669,-0.329589,-0.2311513,-0.034447,-0.7402822
IMU,381177265.0,0,-0.3194692,0.2790286,-0.332492,-0.2440645,-0.02897721,-0.8385073
IMU,381224451.0,0,-0.365892,0.3446611,-0.3409892,-0.1848226,0.02086964,-1.015563
IMU,381264253.0,0,-0.3809777,0.3592706,-0.3655412,-0.1580633,0.01643756,-1.126209
IMU,381305034.0,0,-0.4008342,0.3721106,-0.385173,-0.1222187,0.03407522,-1.261615
IMU,381344786.0,0,-0.4186533,0.3790842,-0.4057414,-0.09313967,0.02727326,-1.372043
IMU,381385258.0,0,-0.4348696,0.3840883,-0.4253033,-0.1282789,0.07377403,-1.524343
IMU,381425240.0,0,-0.1485656,0.4049498,-0.4712522,0.1685936,0.6500127,-3.209998
IMU,381473842.0,0,0.6200739,0.1921031,-0.5554578,1.843492,1.140012,-4.659951
IMU,381514127.0,0,0.6353548,-1.767879,-0.947402,3.355096,3.049709,-13.66449
IMU,381554228.0,0,4.353806,-2.328018,-2.418399,-13.56646,19.70531,23.47719
IMU,381594045.0,0,0.9647437,-2.967281,-1.359327,-1.261526,-2.669057,6.918732
IMU,381636890.0,0,0.6360984,-2.848969,-1.544656,-2.019014,-2.429043,0.7496886
IMU,381677062.0,0,-1.137136,-1.173567,-1.189414,-2.449535,-3.511616,3.659467
IMU,381717546.0,0,-2.131326,0.126559,-0.901432,-1.065937,-1.796383,0.8481253
IMU,381756787.0,0,-2.002122,0.3728612,-0.6223458,-1.496764,-1.688858,-2.103337
IMU,381797019.0,0,-2.196447,1.896883,-0.2319784,-3.893443,0.1968206,-7.207734
IMU,381837589.0,0,1.295062,5.800245,-0.1587122,-1.524957,0.8215907,-7.234341
IMU,381877805.0,0,1.132413,3.480896,0.1023821,16.62389,7.596519,-28.52001
IMU,381917839.0,0,-0.6104659,-0.5825004,-0.1130321,2.388029,-2.929719,-9.152511
IMU,381957511.0,0,-0.08249367,-0.4671267,0.2056614,-0.757543,0.948765,-7.590829
IMU,381997612.0,0,-0.03412709,0.134841,-0.06278557,-0.9661691,1.855588,-8.995513
IMU,382038530.0,0,0.08772696,0.2536891,-0.01975688,1.657441,-0.1109132,-10.29317
IMU,382078274.0,0,-0.03243224,-0.07648405,0.01189476,1.329497,0.6303552,-10.60576
IMU,382118314.0,0,0.004065091,-0.03705784,-0.001913385,0.4429945,0.6719747,-9.024111
IMU,382158503.0,0,0.01986351,0.04872158,-0.006273103,0.9781477,0.5795935,-9.875012
IMU,382199096.0,0,-0.005584143,-0.02821025,0.001110828,0.8972725,0.5876907,-9.716574
IMU,382239292.0,0,0.01305232,0.01475781,-0.003845314,0.7865448,0.6327495,-9.609387
IMU,382279562.0,0,0.003848443,-0.006284427,-0.0004087422,0.9395061,0.5685752,-9.779462
IMU,382319490.0,0,0.006971838,0.00118289,-0.001557504,0.8180268,0.6069124,-9.581245
IMU,382359785.0,0,0.006261271,-0.0003657278,-0.001177186,0.9223371,0.5978075,-9.75636
IMU,382400033.0,0,0.007167538,-0.001973058,-0.001669906,0.8470125,0.6107523,-9.625678
IMU,382439319.0,0,0.009613944,0.001510964,-0.002241944,0.8980549,0.583863,-9.694798
IMU,382479285.0,0,0.007457499,-0.001289869,-0.0001466958,0.8686267,0.6082943,-9.666071
IMU,382519302.0,0,0.008221515,-0.0006888695,-0.0008887378,0.8817018,0.5878548,-9.68375
IMU,382559800.0,0,0.007854093,-0.001145266,-0.001183541,0.8701796,0.6039712,-9.658873
IMU,382599518.0,0,0.006307211,0.000609419,-0.001707941,0.8780607,0.5963297,-9.68904
IMU,382640155.0,0,0.009019695,4.826307e-05,-0.001361288,0.8886256,0.5958791,-9.675642
IMU,382679263.0,0,0.007881735,-0.0009372432,-0.001014911,0.8758192,0.5897268,-9.682706
IMU,382719813.0,0,0.007884055,-2.641194e-06,-0.001907739,0.864956,0.5930819,-9.675686
IMU,382760042.0,0,0.007407471,-0.0001075776,-0.0009153799,0.8900945,0.5866019,-9.678142
IMU,382799875.0,0,0.007827729,0.0007129497,-0.00109734,0.875075,0.5929791,-9.69364
IMU,382840598.0,0,0.006655684,-0.000775737,-0.0001624697,0.8766825,0.6002109,-9.691204
IMU,382881108.0,0,0.007514959,-0.000710504,-0.001172562,0.8876551,0.592278,-9.683594
IMU,382920547.0,0,0.008173244,-8.772097e-05,-0.00126558,0.8819114,0.5984166,-9.688594
IMU,382960604.0,0,0.006477988,0.0005901026,-0.001774021,0.8847887,0.6070963,-9.67384
IMU,383000660.0,0,0.007362903,-0.001327231,-0.001288757,0.8782516,0.5920444,-9.674454
IMU,383043518.0,0,0.007305854,-0.0006259657,0.0001261824,0.8765315,0.6057864,-9.676326
IMU,383083598.0,0,0.006375924,-0.0005067472,-0.0002926139,0.8700671,0.5963336,-9.680383
IMU,383123255.0,0,0.007039065,-0.0007952265,-0.001947576,0.8716391,0.5757858,-9.684405
IMU,383163515.0,0,0.00737205,-2.029124e-05,-0.002485223,0.8851281,0.6157672,-9.673251
IMU,383203782.0,0,0.007203072,-0.0002833719,-0.001181686,0.8833383,0.5969898,-9.697775
IMU,383245293.0,0,0.007980359,-0.00128793,-0.0005772625,0.881431,0.5901575,-9.669748
IMU,383285112.0,0,0.007695448,-1.310885e-05,-0.0005050391,0.8836224,0.600736,-9.663925
IMU,383325612.0,0,0.007347194,-0.0004500741,3.722622e-06,0.8803484,0.6036537,-9.683593
IMU,383365741.0,0,0.006219595,-2.966602e-05,0.0002108278,0.8827441,0.5992306,-9.659202
IMU,383405262.0,0,0.007767644,2.453816e-05,-8.023099e-05,0.8752977,0.5866061,-9.68115
IMU,383445612.0,0,0.007174055,-0.001667764,-0.001473269,0.8878734,0.5968793,-9.681315
IMU,383487526.0,0,0.007820995,5.64927e-06,-0.001198668,0.8748984,0.5882416,-9.678456
IMU,383527796.0,0,0.008218437,0.0003241807,-0.001847546,0.8928241,0.5972003,-9.690007
IMU,383567535.0,0,0.007464967,-0.0003253286,-0.0008418644,0.8779087,0.5946709,-9.679392
IMU,383607622.0,0,0.006210762,-0.0004325185,-0.0004650376,0.8759623,0.5951011,-9.669091
IMU,379679602.0,1,0.00638486,0.1096922,0.02225548,-0.6440921,0.5035446,-9.33925
IMU,379720081.0,1,-0.01502157,0.08215698,-0.007040695,-0.9036903,0.01037616,-8.949431
IMU,379760041.0,1,-0.05877585,0.1138024,-0.04023784,-2.013012,-0.7338154,-9.826063
IMU,379800028.0,1,0.06058437,0.1355325,-0.04437505,-1.227244,0.07783334,-9.981706
IMU,379839736.0,1,0.03693258,0.1100029,-0.02766396,-1.145266,0.3958958,-10.92524
IMU,379881641.0,1,0.09074327,0.04782781,-0.0762689,-1.047367,-0.02363298,-10.25818
IMU,379921276.0,1,-0.09835016,0.07545357,-0.03226997,-0.04461192,0.5549878,-9.928633
IMU,379961025.0,1,-0.0288337,0.1015285,-0.03824852,0.1072904,0.3077745,-10.63462
IMU,380001064.0,1,-0.02909862,0.04421323,0.03043075,0.01323296,-0.76614,-9.83868
IMU,380043305.0,1,-0.02125173,-0.002203741,-0.06912953,-0.6423291,0.1817406,-9.999968
IMU,380083264.0,1,-0.002623601,0.004880786,0.0006447907,-0.6042022,-1.320405,-9.923974
IMU,380123290.0,1,0.05116968,0.0355785,-0.007040403,-0.8969928,-0.09466697,-10.07635
IMU,380164453.0,1,-0.06649135,0.1044526,0.07990404,0.5419685,0.2609269,-9.637281
IMU,380204519.0,1,-0.08513986,0.1170667,0.01728721,0.2080425,0.5264562,-10.13832
IMU,380245771.0,1,-0.05952794,0.1220456,0.001059375,0.1655819,-0.2786804,-9.873418
IMU,380285729.0,1,-0.01667314,0.09690519,-0.05857489,-0.5485827,0.7289894,-10.24729
IMU,380329015.0,1,0.01553795,0.1143592,-0.009720497,-1.204528,0.07282189,-9.076935
IMU,380368872.0,1,0.05910962,0.1121371,0.003360408,-0.7011397,0.137546,-8.915504
IMU,380408621.0,1,0.06777149,0.1562043,-0.000121785,-0.7010477,0.04529128,-10.23736
IMU,380448846.0,1,0.02415148,0.2175286,-0.03711611,-0.9065915,1.113504,-9.801769
IMU,380490057.0,1,0.02192709,0.1382231,-0.02392555,-0.7290581,1.453505,-9.246953
IMU,380529553.0,1,0.00551766,0.120488,-0.05140652,-0.7123598,0.7297433,-9.109377
IMU,380569560.0,1,-0.08152592,0.1262336,-0.06318223,-1.319765,0.08124335,-8.621404
IMU,380609859.0,1,0.1014198,0.1009685,-0.02320584,-1.355917,-0.4421207,-9.587711
IMU,380652119.0,1,0.03848424,0.04494889,0.01418454,-0.9811684,0.4567377,-8.580778
IMU,380692116.0,1,0.01303382,0.04834543,-0.009747053,-1.040536,0.115663,-9.999176
IMU,380731524.0,1,0.02280398,0.04926598,-0.05904703,-0.4545914,-2.505479,-3.721071
IMU,380771383.0,1,-0.09863753,0.007774651,-0.1187319,-0.3415254,0.5943902,-0.5174252
IMU,380813867.0,1,-0.1493935,0.02801871,-0.2156935,-0.1218316,0.1954796,-0.2855768
IMU,380855203.0,1,-0.166861,0.07340548,-0.2578461,-0.2317861,0.2053086,-0.2954058
IMU,380895283.0,1,-0.2022135,0.07041672,-0.2865226,-0.2030469,0.02368854,-0.2722605
IMU,380934810.0,1,-0.2160132,0.07382531,-0.2861187,-0.3200575,-0.06286221,-0.3538443
IMU,380974770.0,1,-0.221938,0.1025477,-0.2947603,-0.2615644,0.006004463,-0.6191399
IMU,381014842.0,1,-0.2291622,0.1233446,-0.3007785,-0.2339122,-0.0034674,-0.5494292
IMU,381057148.0,1,-0.2420187,0.1408726,-0.3049118,-0.2189185,0.05159646,-0.5770297
IMU,381097265.0,1,-0.2595099,0.1614724,-0.3182119,-0.2912747,0.001242921,-0.6536855
IMU,381137234.0,1,-0.2889992,0.1751344,-0.3173551,-0.2816294,-0.07639565,-0.8165436
IMU,381177265.0,1,-0.3335917,0.2238472,-0.3178306,-0.2760927,0.01763546,-0.8919696
IMU,381224451.0,1,-0.3798153,0.291615,-0.32915,-0.2398598,0.06406552,-1.175595
IMU,381264253.0,1,-0.3988472,0.3099456,-0.3518868,-0.2672648,0.05833333,-1.055577
IMU,381305034.0,1,-0.4200006,0.3137143,-0.3712717,-0.1772975,-0.05845436,-1.36653
IMU,381344786.0,1,-0.4395691,0.3300234,-0.3885787,-0.1910271,0.03517191,-1.435087
IMU,381385258.0,1,-0.4571857,0.3234478,-0.4116687,-0.2425942,0.2353012,-1.560195
IMU,381425240.0,1,-0.2356109,0.3525422,-0.4478202,0.1063692,0.482753,-3.038346
IMU,381473842.0,1,0.6080484,0.0894281,-0.4844788,2.017759,0.4794594,-4.54851
IMU,381514127.0,1,0.502965,-1.562829,-0.8824244,3.506318,3.193093,-14.09509
IMU,381554228.0,1,2.720064,-2.845568,-2.182873,-12.01094,22.34538,28.31851
IMU,381594045.0,1,0.8555287,-2.902029,-1.256166,-1.326511,-4.428577,7.094525
IMU,381636890.0,1,0.5290214,-2.833327,-1.459988,-2.0329,-2.206258,0.542668
IMU,381677062.0,1,-1.085896,-1.260498,-1.183911,-2.549058,-3.538847,3.399372
IMU,381717546.0,1,-2.166236,0.1214318,-0.9308037,-1.242346,-1.897891,0.9410588
IMU,381756787.0,1,-2.001488,0.3168455,-0.6723226,-1.654801,-1.716857,-1.956854
IMU,381797019.0,1,-2.241274,1.685348,-0.3067662,-3.779132,-0.00118588,-6.335384
IMU,381837589.0,1,1.21787,5.60196,-0.05888334,-0.9661303,0.5672016,-7.403731
IMU,381877805.0,1,0.8305081,3.770251,0.09038875,17.82596,7.223337,-30.96929
IMU,381917839.0,1,-0.6496254,-0.5962783,-0.1168371,2.420099,-2.826079,-9.238705
IMU,381957511.0,1,-0.07065915,-0.4752048,0.1499318,-0.7975122,0.9348827,-7.643586
IMU,381997612.0,1,-0.06681608,0.07529993,-0.05208061,-0.8551695,1.769004,-8.922067
IMU,382038530.0,1,0.05668155,0.2051273,-0.009811818,1.680418,-0.1772765,-10.41612
IMU,382078274.0,1,-0.04009455,-0.07760549,0.006639874,1.282562,0.5669631,-10.65444
IMU,382118314.0,1,-0.00528829,-0.05865151,-0.005636407,0.4095445,0.4724949,-9.076894
IMU,382158503.0,1,0.002181199,0.03168698,-0.007779434,0.9499579,0.5113422,-10.03995
IMU,382199096.0,1,-0.01614472,-0.04154966,0.004194724,0.8757358,0.5037718,-9.846975
IMU,382239292.0,1,0.000442257,0.005086464,-0.010112,0.7401148,0.6088347,-9.627472
IMU,382279562.0,1,-0.003470603,-0.02300163,-0.0005396972,0.8890084,0.4560516,-9.884598
IMU,382319490.0,1,-0.002545979,-0.01126088,-0.00362368,0.8173969,0.5493549,-9.70265
IMU,382359785.0,1,-0.006211484,-0.01917648,-0.00460945,0.9647829,0.5080035,-9.772293
IMU,382400033.0,1,-0.003304214,-0.01463814,-0.002967949,0.8756782,0.5489457,-9.649603
IMU,382439319.0,1,-0.003508431,-0.01605613,-0.004276444,0.9724485,0.5389407,-9.696601
IMU,382479285.0,1,-0.005354458,-0.02437524,-0.002530227,0.7614046,0.479676,-9.696213
IMU,382519302.0,1,-0.003772432,-0.01642688,-0.002864192,0.9204229,0.5115698,-9.814037
IMU,382559800.0,1,-0.005054139,-0.01557762,-0.001559223,0.7978414,0.563692,-9.740467
IMU,382599518.0,1,-0.002235283,-0.01622893,-0.007015862,0.8862995,0.5917673,-9.781321
IMU,382640155.0,1,-0.003043476,-0.0211641,-0.002040145,0.9355649,0.5252041,-9.755566
IMU,382679263.0,1,-0.004323172,-0.01960837,-0.00383187,0.8164185,0.4144171,-9.627953
IMU,382719813.0,1,-0.003183595,-0.01698844,-0.004904907,0.86897,0.5092598,-9.696678
IMU,382760042.0,1,-0.0009983883,-0.01253846,0.002198842,0.7422813,0.5744996,-9.862419
IMU,382799875.0,1,-0.002764608,-0.01515666,-0.005806044,0.8738521,0.4708431,-9.703493
IMU,382840598.0,1,-0.002296195,-0.01598005,-0.0009132715,0.9246991,0.4632187,-9.770284
IMU,382881108.0,1,-0.002742731,-0.01563823,-0.005109339,0.8543639,0.5390911,-9.635031
IMU,382920547.0,1,-0.003659765,-0.01576455,-0.006455197,0.9565014,0.6161094,-9.777476
IMU,382960604.0,1,-0.00443837,-0.02214892,-0.004780031,0.8102459,0.6322435,-9.737785
IMU,383000660.0,1,-0.005296814,-0.01716047,-0.003471503,0.8688535,0.4771647,-9.792313
IMU,383043518.0,1,-0.002697872,-0.01461714,-0.003225038,0.8692227,0.4902521,-9.64612
IMU,383083598.0,1,-0.004367542,-0.01815328,-0.007447345,0.8461332,0.4760647,-9.800283
IMU,383123255.0,1,-0.002089271,-0.02038822,-0.002255565,0.9054502,0.6083822,-9.770381
IMU,383163515.0,1,-0.003279744,-0.02131585,-0.008261201,0.884262,0.5155931,-9.642484
IMU,383203782.0,1,-0.004229341,-0.01201511,-0.003952088,0.886529,0.5130542,-9.779187
IMU,383245293.0,1,-0.006362337,-0.01181879,-0.003107652,0.8690709,0.4628757,-9.799714
IMU,383285112.0,1,-0.002825266,-0.01965414,-0.0009639355,0.9357328,0.617378,-9.82954
IMU,383325612.0,1,-0.00644345,-0.01821717,-0.005881262,0.8286285,0.5037029,-9.664101
IMU,383365741.0,1,-0.003130703,-0.01987399,-0.001673239,0.8764075,0.4846268,-9.749731
IMU,383405262.0,1,-0.004070115,-0.01999341,-0.003135375,0.8571743,0.4588617,-9.676744
IMU,383445612.0,1,-0.005169775,-0.01292356,-0.003843829,0.8981397,0.3806224,-9.669964
IMU,383487526.0,1,-0.001452652,-0.01527892,-0.003234693,0.7513556,0.4062605,-9.86431
IMU,383527796.0,1,-0.001969235,-0.01675206,-0.005321863,0.8107465,0.5220173,-9.63026
IMU,383567535.0,1,-0.00259684,-0.02146192,-0.007515561,0.859569,0.423224,-9.712976
IMU,383607622.0,1,-0.00482816,-0.0207717,-0.003892744,0.8121428,0.5898581,-9.754867
IMU,379679602.0,2,0.02058096,0.1416249,0.02347812,-1.245419,0.7535131,-9.218321
IMU,379720081.0,2,0.045678,0.1520656,-0.008242253,-0.4762749,0.2200336,-8.717591
IMU,379760041.0,2,-0.05895469,0.168606,-0.01627009,-0.7539402,0.94823,-8.063807
IMU,379800028.0,2,0.0587206,0.1805534,-0.01815238,-1.254818,0.08045706,-9.221438
IMU,379839736.0,2,0.0463893,0.1350157,-0.01514909,-1.176813,-0.3043589,-10.26292
IMU,379881641.0,2,0.07799844,0.09978643,-0.03094619,-1.212373,0.3716695,-8.04141
IMU,379921276.0,2,-0.02638865,0.09305532,-0.03244981,-1.873664,-0.07686903,-10.21376
IMU,379961025.0,2,0.02465929,0.1090859,-0.04592163,-1.006264,0.007001917,-9.925825
IMU,380001064.0,2,-0.02368324,0.06027574,-0.002814501,-0.132865,1.047532,-8.530343
IMU,380043305.0,2,0.001105729,0.02852614,-0.05094216,-0.97223,1.19736,-8.852908
IMU,380083264.0,2,0.00449754,0.07416313,0.0001658945,-1.526395,-0.6574611,-8.806772
IMU,380123290.0,2,0.06147158,0.0534275,-0.004236031,-1.190039,-0.1287335,-9.991594
IMU,380164453.0,2,0.04531321,0.1382664,0.001298014,-1.164941,-0.6343555,-9.411688
IMU,380204519.0,2,-0.01884313,0.1483847,-0.03420517,-0.4655051,-0.1349955,-9.127145
IMU,380245771.0,2,0.04918215,0.1234303,0.005153867,-0.9492931,-0.452959,-10.67718
IMU,380285729.0,2,0.03078325,0.1256313,-0.0387124,-0.5666513,0.4632145,-10.3841
IMU,380329015.0,2,0.04978457,0.1332173,0.04232742,-1.027592,0.4215676,-9.348368
IMU,380368872.0,2,0.07195454,0.1632038,0.03653382,-0.5532243,0.02651362,-10.26816
IMU,380408621.0,2,0.06163544,0.2055078,0.04117079,-0.6154882,0.03855538,-9.916521
IMU,380448846.0,2,0.06829122,0.252712,-0.01526381,-0.4116389,0.3663365,-8.967088
IMU,380490057.0,2,0.07582561,0.1447433,0.002651607,-0.7257552,0.6625342,-9.509993
IMU,380529553.0,2,0.03188751,0.1391247,-0.01732849,-0.9944949,0.5088905,-10.68703
IMU,380569560.0,2,-0.03124182,0.1718604,-0.01949255,-1.222074,0.6034827,-9.071007
IMU,380609859.0,2,0.06444755,0.1394454,0.00154798,-0.7957397,0.03126551,-9.880831
IMU,380652119.0,2,0.06896111,0.1227425,0.0008817493,0.04609118,0.8388521,-9.616032
IMU,380692116.0,2,-0.04718587,0.06427702,0.004189452,-1.394627,-0.09695211,-8.773397
IMU,380731524.0,2,-0.01805792,-0.007407742,-0.09303741,-0.2292528,-0.8107938,-3.935183
IMU,380771383.0,2,-0.06261568,0.02785336,-0.1346877,-0.4283141,0.3799333,-0.8642852
IMU,380813867.0,2,-0.1291416,0.05255698,-0.2247548,-0.1105427,0.004222419,-0.4414221
IMU,380855203.0,2,-0.1509016,0.09958629,-0.2720537,-0.1827186,0.06194815,-0.2699273
IMU,380895283.0,2,-0.190288,0.09066344,-0.2985131,-0.1863209,-0.04529338,-0.4344454
IMU,380934810.0,2,-0.1985129,0.09537075,-0.2986723,-0.2084849,0.01792516,-0.4553175
IMU,380974770.0,2,-0.2082228,0.1368709,-0.30544,-0.1969514,0.01665466,-0.5002245
IMU,381014842.0,2,-0.2181432,0.16264,-0.3108734,-0.1751066,0.01322874,-0.5404093
IMU,381057148.0,2,-0.2288514,0.1847953,-0.3156358,-0.1719606,-0.00545339,-0.6265421
IMU,381097265.0,2,-0.2427422,0.2071589,-0.3279506,-0.1542147,-0.02276667,-0.7089339
IMU,381137234.0,2,-0.2762626,0.2247387,-0.3260862,-0.2175692,-0.02813219,-0.8378091
IMU,381177265.0,2,-0.319912,0.2851166,-0.3282958,-0.204431,-0.03628922,-0.9321753
IMU,381224451.0,2,-0.3662028,0.3535929,-0.3364308,-0.1364595,-0.01272282,-1.094517
IMU,381264253.0,2,-0.3788386,0.3709561,-0.3593353,-0.1131818,0.004597607,-1.188674
IMU,381305034.0,2,-0.3994193,0.3828208,-0.3782946,-0.09459206,0.02463279,-1.342278
IMU,381344786.0,2,-0.4173932,0.3907332,-0.4004743,-0.05938138,0.01486737,-1.435075
IMU,381385258.0,2,-0.43002,0.4006886,-0.4187155,-0.1093189,0.07067157,-1.630668
IMU,381425240.0,2,-0.1568833,0.4093979,-0.465163,0.3747616,0.7135894,-2.990233
IMU,381473842.0,2,0.5347142,0.1659102,-0.5573331,1.662091,0.9482338,-3.755137
IMU,381514127.0,2,0.5754109,-1.793525,-0.9463901,2.297704,1.636965,-11.92315
IMU,381554228.0,2,1.364932,-2.569751,-2.101015,-19.31068,2.948487,6.26287
IMU,381594045.0,2,1.075973,-3.042222,-1.386403,-1.011426,-2.460244,7.200314
IMU,381636890.0,2,0.5073055,-2.884991,-1.526718,-1.880057,-2.366515,0.6255934
IMU,381677062.0,2,-1.117368,-1.228114,-1.195534,-2.177287,-2.779834,2.177546
IMU,381717546.0,2,-2.134236,0.1671803,-0.8969926,-1.248817,-1.869423,1.102499
IMU,381756787.0,2,-1.989933,0.4127007,-0.6157638,-1.597427,-1.747417,-2.333751
IMU,381797019.0,2,-2.144,1.971902,-0.2085819,-3.225409,-0.5394267,-7.128801
IMU,381837589.0,2,1.387218,5.748021,-0.1597138,-2.13008,0.9511117,-7.533967
IMU,381877805.0,2,1.10677,3.078722,0.009203046,14.21868,3.701762,-25.81544
IMU,381917839.0,2,-0.5658151,-0.5446972,-0.05411224,2.320719,-2.549505,-9.813656
IMU,381957511.0,2,-0.1116259,-0.4549518,0.206172,-0.7702659,1.107853,-7.752116
IMU,381997612.0,2,-0.03669656,0.1358781,-0.06253296,-0.739709,1.618724,-9.055416
IMU,382038530.0,2,0.08412851,0.2530642,-0.01753968,1.549097,-0.1837235,-10.28784
IMU,382078274.0,2,-0.04054089,-0.07669673,0.01319864,1.264108,0.4625523,-10.58899
IMU,382118314.0,2,-0.005190033,-0.03671468,0.0005820201,0.4925562,0.541928,-9.151897
IMU,382158503.0,2,0.01059702,0.04794304,-0.00577167,0.9760258,0.4190916,-9.962712
IMU,382199096.0,2,-0.0126438,-0.0259281,0.002446295,0.9271931,0.4289621,-9.810072
IMU,382239292.0,2,0.005279532,0.0176417,-0.002960053,0.7973666,0.4941415,-9.707586
IMU,382279562.0,2,-0.005184232,-0.004435919,-0.0003354421,0.9288906,0.4317566,-9.847306
IMU,382319490.0,2,-4.265677e-05,0.0030771,-0.00144744,0.8215596,0.4573126,-9.690966
IMU,382359785.0,2,-0.001692844,0.0009560936,0.0002540279,0.9285009,0.4408746,-9.816092
IMU,382400033.0,2,-0.00154307,0.0008045867,3.65655e-05,0.8505391,0.4645483,-9.700605
IMU,382439319.0,2,0.0001022359,0.002682079,-0.0004137168,0.9016324,0.4433339,-9.788566
IMU,382479285.0,2,-0.003312435,0.00134343,0.0002892296,0.8625159,0.4483902,-9.735727
IMU,382519302.0,2,-0.001436599,0.001745844,-0.0009473733,0.8954414,0.4374633,-9.760999
IMU,382559800.0,2,-0.0006735267,0.0003720248,-3.377844e-05,0.8746596,0.4485159,-9.753891
IMU,382599518.0,2,-0.001570123,0.002067732,-4.258611e-05,0.8744196,0.4607508,-9.749977
IMU,382640155.0,2,-0.001803145,0.001184786,-0.0008146513,0.8872635,0.4548783,-9.743633
IMU,382679263.0,2,-0.001470949,0.0001921209,0.0006039405,0.8804634,0.4601368,-9.747222
IMU,382719813.0,2,-0.0002996986,0.0008636913,-0.0001603913,0.8629699,0.4468795,-9.754814
IMU,382760042.0,2,-0.001687668,0.001753232,-0.0006288994,0.8902841,0.4607544,-9.749013
IMU,382799875.0,2,-0.001256475,0.002254684,0.0001652484,0.8725421,0.4509909,-9.744239
IMU,382840598.0,2,-0.001700597,0.0002204136,-0.0005384972,0.8944401,0.4497948,-9.751593
IMU,382881108.0,2,-0.001394245,0.0008786161,-0.0001519083,0.8841386,0.4512063,-9.764592
IMU,382920547.0,2,-0.001027672,0.0004051309,-0.0002202282,0.8851393,0.4444785,-9.755401
IMU,382960604.0,2,-0.001491064,0.0006264284,-0.0001446964,0.8775495,0.4592311,-9.763963
IMU,383000660.0,2,-0.001904147,0.0004448238,-0.0002875278,0.8893523,0.4573895,-9.764112
IMU,383043518.0,2,-0.002482292,-0.00016988,-0.0002682523,0.8839288,0.4562283,-9.736999
IMU,383083598.0,2,-0.002422136,0.001793193,-0.0001606982,0.8819419,0.4496554,-9.755186
IMU,383123255.0,2,-0.001842633,0.0007861478,-0.001345873,0.88586,0.4479886,-9.745543
IMU,383163515.0,2,-0.002119993,0.0003954041,-0.0008025517,0.8798146,0.444156,-9.743184
IMU,383203782.0,2,-0.00114994,0.0008580179,-0.0002746959,0.8884693,0.4572102,-9.762465
IMU,383245293.0,2,-0.002198136,0.0009497593,-2.694131e-05,0.8873799,0.4491114,-9.760139
IMU,383285112.0,2,-0.0006768242,0.001298507,-0.0005876775,0.8808157,0.4582669,-9.756432
IMU,383325612.0,2,-0.001131848,0.001925933,-0.0002342137,0.8934472,0.4492969,-9.748897
IMU,383365741.0,2,-0.001452358,0.000107561,0.00125165,0.8781419,0.4587094,-9.750729
IMU,383405262.0,2,-0.001187702,0.001414625,1.764681e-05,0.8779162,0.4532904,-9.740996
IMU,383445612.0,2,-0.001058093,0.001032064,0.0003121851,0.8868595,0.4445998,-9.760389
IMU,383487526.0,2,-0.001808042,0.001232782,0.0008202896,0.8757465,0.4445519,-9.756942
IMU,383527796.0,2,-0.001536626,0.001322564,-1.913999e-05,0.8896603,0.4477583,-9.747041
IMU,383567535.0,2,0.0001766814,0.0008096748,-0.0001525346,0.8808196,0.4598788,-9.741002
IMU,383607622.0,2,0.0007098767,0.002098794,9.09556e-05,0.8803953,0.4581514,-9.751162
