ARM,292842084.0,0.0
AHR2,291870618.0,0.02,-4.14,146.41,471.81,43.2383013,-7.6818385
AHR2,291974293.0,-0.21,-4.55,146.8,471.86,43.238298,-7.6818358
AHR2,292077554.0,-0.16,-5.71,146.52,471.64,43.2382952,-7.6818334
AHR2,292179524.0,-0.41,-5.48,146.54,471.78,43.238292,-7.6818308
AHR2,292283052.0,-0.65,-4.89,146.41,471.99,43.2382884,-7.6818276
AHR2,292387840.0,-0.34,-4.48,146.26,472.12,43.2382852,-7.6818249
AHR2,292491462.0,-0.49,-4.45,146.78,472.0,43.2382832,-7.6818229
AHR2,292593227.0,-0.91,-4.27,147.09,471.84,43.2382801,-7.6818203
AHR2,292696729.0,-0.79,-4.33,147.0,471.68,43.2382769,-7.6818177
AHR2,292798522.0,-0.99,-3.59,147.21,471.27,43.2382739,-7.6818152
AHR2,292900104.0,-1.08,-2.63,147.0,471.38,43.2382708,-7.6818129
AHR2,293000521.0,-1.6,-0.09,146.06,470.98,43.2382679,-7.6818107
AHR2,293101836.0,-2.31,2.68,144.34,470.03,43.2382655,-7.6818077
AHR2,293202060.0,-3.17,5.93,142.46,470.21,43.2382628,-7.6818053
AHR2,293302952.0,-4.62,9.5,140.35,470.04,43.2382603,-7.6818032
AHR2,293403059.0,-6.53,13.62,137.95,469.86,43.2382577,-7.6818009
AHR2,293504026.0,-9.18,18.39,135.14,469.71,43.2382559,-7.6817989
AHR2,293604276.0,-12.26,23.09,132.12,469.24,43.2382533,-7.6817966
AHR2,293705316.0,-10.66,22.77,129.79,468.48,43.2382508,-7.6817942
AHR2,293805752.0,5.43,-26.46,126.99,467.0,43.2382483,-7.681792
AHR2,293907087.0,12.67,-37.61,120.92,465.78,43.2382461,-7.6817894
AHR2,294007877.0,11.81,-32.72,119.59,466.22,43.2382438,-7.6817872
AHR2,294108322.0,7.49,-8.49,123.25,466.36,43.2382449,-7.6817923
AHR2,294209165.0,10.12,4.67,123.72,466.16,43.2382436,-7.6817925
AHR2,294309860.0,8.18,3.17,123.82,466.24,43.2382471,-7.681794
AHR2,294409781.0,8.36,3.6,123.83,466.17,43.2382474,-7.6817946
AHR2,294509857.0,8.32,3.75,123.9,466.1,43.2382471,-7.6817939
AHR2,294610118.0,8.26,3.88,123.98,466.11,43.2382473,-7.6817941
AHR2,294711098.0,8.23,4.0,124.03,466.23,43.2382472,-7.6817938
AHR2,294811237.0,8.2,4.11,124.09,466.3,43.2382472,-7.6817938
AHR2,294911773.0,8.18,4.23,124.15,466.2,43.2382476,-7.6817938
AHR2,295012257.0,8.15,4.35,124.21,466.18,43.2382476,-7.6817937
AHR2,295112249.0,8.13,4.46,124.27,466.13,43.2382475,-7.681794
AHR2,295212770.0,8.1,4.57,124.33,466.15,43.2382475,-7.681794
AHR2,295312865.0,8.08,4.68,124.38,466.21,43.2382477,-7.6817941
AHR2,295413530.0,8.06,4.78,124.43,466.14,43.2382477,-7.681794
AHR2,295513801.0,8.04,4.88,124.49,466.04,43.2382478,-7.6817942
AHR2,295614165.0,8.02,4.98,124.54,466.22,43.2382478,-7.6817941
AHR2,295717107.0,8.0,5.08,124.6,466.23,43.2382479,-7.6817939
ATT,291870076.0,-0.5705792,0.1811032,-6.839385,-4.222708,149.0013,148.238
ATT,291973744.0,-0.7468031,-0.06120177,-7.275114,-4.622297,149.0146,148.5589
ATT,292076803.0,-0.95891,-0.04278873,-7.340161,-5.777298,149.0287,148.2263
ATT,292178793.0,-1.134549,-0.3576305,-7.277867,-5.56538,149.0393,148.1916
ATT,292282458.0,-1.1705,-0.6501545,-6.999661,-4.9594,149.0387,148.0062
ATT,292387220.0,-1.155182,-0.393015,-6.551308,-4.529242,149.0333,147.7887
ATT,292490641.0,-1.168382,-0.5566692,-6.079758,-4.475504,149.0292,148.2545
ATT,292592568.0,-1.128393,-0.9586846,-5.420251,-4.28381,149.0206,148.5236
ATT,292695863.0,-1.185553,-0.8759949,-4.604901,-4.384092,149.0148,148.4012
ATT,292797829.0,-1.260772,-1.132714,-3.723607,-3.726147,149.0081,148.5609
ATT,292899395.0,-0.907327,-1.250479,-2.255195,-2.774029,148.3241,148.3054
ATT,292999866.0,-0.4615178,-1.784717,-1.147114,-0.2386417,147.378,147.3514
ATT,293101247.0,-0.2336933,-2.515007,-0.5808499,2.619841,145.6826,145.6451
ATT,293201325.0,-0.1193108,-3.395352,-0.2965494,5.956571,143.7971,143.7463
ATT,293302290.0,-0.0604043,-4.888164,-0.150136,10.06576,141.6839,141.61
ATT,293402497.0,-0.03083882,-6.880925,-0.07665057,14.77518,139.2296,139.1238
ATT,293503460.0,-0.01563076,-9.761648,-0.03885067,20.14449,136.3077,136.1535
ATT,293603599.0,-0.007980183,-13.21215,-0.019835,25.42608,133.0688,132.8526
ATT,293704773.0,-0.004047837,-12.01194,-0.01006103,25.56598,130.5822,130.3851
ATT,293805072.0,-0.002061405,3.657858,-0.005123689,-23.40426,128.9561,129.0155
ATT,293906488.0,-0.00104191,9.910157,-0.002589697,-33.85846,123.5567,123.7337
ATT,294007265.0,-0.0005297121,8.788855,-0.001316614,-28.05089,122.1495,122.2973
ATT,294107751.0,-0.00026855,4.878636,-0.0006674883,-2.590862,124.6487,124.7214
ATT,294208554.0,-0.000151654,7.262624,-0.00037694,11.6982,124.6353,124.7456
ATT,294309274.0,-0.0001456624,5.287915,-0.0003620476,10.22413,124.8215,124.9015
ATT,294409146.0,-0.0001429889,5.463326,-0.0003554029,10.44477,124.7802,124.8628
ATT,294509265.0,-0.000142989,5.450256,-0.000355403,10.43829,124.8108,124.8933
ATT,294609312.0,-0.0001403627,5.436149,-0.0003488753,10.43425,124.8543,124.9366
ATT,294710474.0,-0.0001346394,5.429381,-0.0003346497,10.43665,124.8885,124.9707
ATT,294810574.0,-0.0001320587,5.422074,-0.0003282356,10.44085,124.9234,125.0054
ATT,294911145.0,-0.0001293683,5.413609,-0.0003215483,10.45702,124.9717,125.0536
ATT,295011592.0,-0.0001293684,5.403858,-0.0003215484,10.47071,125.0143,125.0961
ATT,295111610.0,-0.0001293685,5.394039,-0.0003215483,10.49241,125.073,125.1546
ATT,295211871.0,-0.0001293685,5.386012,-0.0003215483,10.50792,125.1247,125.2063
ATT,295312274.0,-0.0001266605,5.370287,-0.0003148173,10.52886,125.1835,125.2648
ATT,295412836.0,-0.0001266605,5.363082,-0.0003148174,10.54371,125.2328,125.3139
ATT,295513133.0,-0.0001239938,5.356596,-0.0003081893,10.55868,125.289,125.3701
ATT,295613586.0,-0.0001239938,5.34294,-0.0003081893,10.58336,125.3584,125.4393
ATT,295716548.0,-0.0001239938,5.319728,-0.0003081893,10.62052,125.4451,125.5256
BARO,291914621.0,0,3.068878,471.9489,96528.27
BARO,292016304.0,0,2.842834,471.7228,96530.7
BARO,292119285.0,0,2.9841,471.8641,96529.19
BARO,292223070.0,0,3.193207,472.0732,96526.91
BARO,292325491.0,0,3.323181,472.2032,96525.5
BARO,292428113.0,0,3.201691,472.0817,96526.82
BARO,292530911.0,0,3.040619,471.9206,96528.56
BARO,292636530.0,0,2.885193,471.7652,96530.25
BARO,292738633.0,0,2.478302,471.3583,96534.64
BARO,292842361.0,0,2.585693,471.4657,96533.47
BARO,292942544.0,0,2.187256,471.0672,96537.8
BARO,293044181.0,0,1.232147,470.1121,96548.1
BARO,293144098.0,0,1.410187,470.2902,96546.19
BARO,293245017.0,0,1.243469,470.1234,96548.01
BARO,293345063.0,0,1.06543,469.9454,96549.91
BARO,293451004.0,0,0.9100342,469.79,96551.6
BARO,293551250.0,0,0.4465942,469.3266,96556.63
BARO,293652079.0,0,-0.3191528,468.5608,96564.88
BARO,293753117.0,0,-1.794189,467.0858,96580.85
BARO,293854437.0,0,-3.014893,465.8651,96594.05
BARO,293954490.0,0,-2.579742,466.3002,96589.34
BARO,294055518.0,0,-2.435638,466.4443,96587.77
BARO,294155454.0,0,-2.639069,466.2409,96589.96
BARO,294256783.0,0,-2.559967,466.32,96589.11
BARO,294356616.0,0,-2.627777,466.2522,96589.86
BARO,294456802.0,0,-2.695587,466.1844,96590.59
BARO,294556568.0,0,-2.681458,466.1985,96590.43
BARO,294658111.0,0,-2.565613,466.3144,96589.19
BARO,294758073.0,0,-2.492126,466.3878,96588.4
BARO,294859099.0,0,-2.599518,466.2805,96589.54
BARO,294958834.0,0,-2.616486,466.2635,96589.73
BARO,295058861.0,0,-2.66452,466.2155,96590.24
BARO,295159105.0,0,-2.647552,466.2324,96590.06
BARO,295259684.0,0,-2.58255,466.2974,96589.36
BARO,295360155.0,0,-2.650391,466.2296,96590.09
BARO,295460308.0,0,-2.752106,466.1279,96591.2
BARO,295560647.0,0,-2.574097,466.3059,96589.27
BARO,295661237.0,0,-2.562775,466.3172,96589.16
BARO,291914621.0,1,3.128204,472.0082,96514.8
BARO,292016304.0,1,3.099945,471.9799,96515.13
BARO,292119285.0,1,2.890869,471.7708,96517.38
BARO,292223070.0,1,3.258209,472.1382,96513.43
BARO,292325491.0,1,3.272339,472.1523,96513.27
BARO,292428113.0,1,3.382538,472.2625,96512.08
BARO,292530911.0,1,3.077362,471.9573,96515.37
BARO,292636530.0,1,2.828705,471.7087,96518.05
BARO,292738633.0,1,2.845642,471.7256,96517.88
BARO,292842361.0,1,2.591339,471.4713,96520.62
BARO,292942544.0,1,2.554596,471.4346,96521.01
BARO,293044181.0,1,1.591034,470.471,96531.44
BARO,293144098.0,1,1.51474,470.3947,96532.26
BARO,293245017.0,1,1.376282,470.2563,96533.75
BARO,293345063.0,1,1.167175,470.0471,96536.02
BARO,293451004.0,1,1.150208,470.0302,96536.2
BARO,293551250.0,1,0.7348328,469.6148,96540.7
BARO,293652079.0,1,0.02841187,468.9084,96548.34
BARO,293753117.0,1,-3.173126,465.7068,96582.93
BARO,293854437.0,1,-2.667328,466.2126,96577.48
BARO,293954490.0,1,-2.237823,466.6422,96572.84
BARO,294055518.0,1,-2.240662,466.6393,96572.85
BARO,294155454.0,1,-2.333893,466.5461,96573.87
BARO,294256783.0,1,-2.511932,466.368,96575.8
BARO,294356616.0,1,-2.511932,466.368,96575.79
BARO,294456802.0,1,-2.449768,466.4302,96575.12
BARO,294556568.0,1,-2.542999,466.337,96576.13
BARO,294658111.0,1,-2.526062,466.3539,96575.95
BARO,294758073.0,1,-2.494965,466.385,96575.62
BARO,294859099.0,1,-2.345215,466.5348,96573.99
BARO,294958834.0,1,-2.356506,466.5235,96574.11
BARO,295058861.0,1,-2.373444,466.5065,96574.29
BARO,295159105.0,1,-2.373444,466.5065,96574.31
BARO,295259684.0,1,-2.517578,466.3624,96575.87
BARO,295360155.0,1,-2.52887,466.3511,96575.98
BARO,295460308.0,1,-2.350861,466.5291,96574.04
BARO,295560647.0,1,-2.401703,466.4783,96574.59
BARO,295661237.0,1,-2.415833,466.4641,96574.74
GPS,292023865.0,3,16,43.2383005,-7.6818377,465.08,4.059,-0.044,0.0
GPS,292209135.0,3,16,43.2382943,-7.6818325,465.08,4.038,0.06,0.0
GPS,292438268.0,3,16,43.2382883,-7.6818274,465.1,3.97,0.018,0.0
GPS,292623206.0,3,16,43.2382824,-7.6818223,465.06,3.794,0.283,0.0
GPS,292808646.0,3,16,43.2382767,-7.6818176,465.0,3.669,0.372,0.0
GPS,293010736.0,3,16,43.2382712,-7.6818128,464.87,3.637,0.789,0.0
GPS,293211657.0,3,16,43.2382658,-7.6818081,464.5,3.514,3.007,0.0
GPS,293435578.0,3,16,43.2382607,-7.6818032,463.69,3.459,4.861,0.0
GPS,293619262.0,3,16,43.2382557,-7.6817987,462.56,3.265,6.463,0.0
GPS,293820506.0,3,16,43.2382509,-7.6817938,461.08,3.174,7.832,0.0
GPS,294022646.0,3,16,43.2382473,-7.6817921,460.27,1.368,0.811,0.0
GPS,294224144.0,3,16,43.2382465,-7.6817929,460.1,0.583,1.08,0.0
GPS,294444243.0,3,16,43.238247,-7.6817937,460.02,0.18,-0.025,0.0
GPS,294625135.0,3,16,43.2382472,-7.6817939,460.04,0.053,0.061,0.0
GPS,294825761.0,3,16,43.2382475,-7.6817939,460.07,0.089,0.051,0.0
GPS,295026856.0,3,16,43.2382475,-7.681794,460.12,0.016,0.036,0.0
GPS,295227630.0,3,16,43.2382477,-7.6817941,460.17,0.039,0.026,0.0
GPS,295467867.0,3,16,43.2382478,-7.6817942,460.21,0.045,0.035,0.0
GPS,295629040.0,3,16,43.2382479,-7.6817941,460.26,0.105,0.009000001,0.0
IMU,291879634.0,0,-0.1047947,0.02711103,-0.004429536,-0.7116552,0.1377369,-9.485325
IMU,291919831.0,0,-0.04796913,-0.02406302,-0.02471574,-1.165167,-0.37646,-8.848149
IMU,291963659.0,0,0.06977702,-0.1155905,0.1102448,-1.097346,0.9250684,-9.171367
IMU,292004078.0,0,0.09145499,-0.2091142,-0.07205714,-0.3133787,0.5643967,-9.227116
IMU,292045167.0,0,-0.1046432,-0.2279233,-0.1204536,-1.011283,-0.5070153,-9.112915
IMU,292087051.0,0,-0.1083818,-0.05494156,-0.02310912,-1.228813,-0.9237715,-8.909163
IMU,292126844.0,0,-0.05678741,-0.009309685,0.0250438,-1.756677,-0.4669984,-9.092599
IMU,292169017.0,0,0.05736469,0.06084314,-0.03863586,-1.230473,1.426121,-9.271722
IMU,292209572.0,0,-0.001039408,0.1220171,-0.108063,-0.5547087,0.9123093,-9.951685
IMU,292251224.0,0,-0.06277415,0.09682772,-0.01907901,-1.032049,-0.07296979,-8.578739
IMU,292292577.0,0,0.1184745,0.06799822,0.02567064,-0.9231867,1.387631,-9.630477
IMU,292332858.0,0,0.05838879,0.07722286,-0.1009129,-0.6833526,0.2295235,-9.018725
IMU,292374783.0,0,-0.06055864,0.04608988,-0.03794343,-1.095911,-0.09457012,-8.670953
IMU,292417470.0,0,0.02426982,0.04789807,0.09299049,-0.8099783,0.6372416,-8.959519
IMU,292459580.0,0,-0.03413602,0.04674072,0.02474546,-0.8195274,0.2533763,-8.843655
IMU,292501028.0,0,0.03773272,0.05457673,-0.01514767,-0.7519993,0.3196006,-9.530007
IMU,292540781.0,0,0.02975598,0.04647184,0.1217203,-1.218272,-0.6601131,-8.848961
IMU,292582807.0,0,-0.1613188,0.0136088,0.05741444,-1.262307,0.1951978,-9.492481
IMU,292624774.0,0,0.1100846,0.1886621,0.1214908,-1.690311,0.4089769,-9.158994
IMU,292666825.0,0,0.08172342,-0.1085937,-0.03466735,-0.273964,0.8883482,-9.97986
IMU,292709051.0,0,-0.05274026,-0.1360655,-0.07342104,-0.6624665,1.109149,-10.11941
IMU,292748624.0,0,-0.01629045,0.1631264,-0.00477457,-0.5872982,0.235425,-8.872721
IMU,292791227.0,0,0.05462755,0.1886213,-0.1105109,-0.895731,-0.3504834,-9.265204
IMU,292832435.0,0,-0.0854928,0.1683882,-0.04430053,-0.8202156,-0.4768831,-9.360574
IMU,292871820.0,0,-0.007395189,0.08040693,-0.1379805,-0.4168616,0.2412921,-7.331042
IMU,292912014.0,0,-0.04242492,0.4209436,-0.04596721,-1.069935,1.272856,-1.541167
IMU,292952320.0,0,-0.08812264,0.5141415,-0.1725226,-0.3467832,-0.06566291,-0.999871
IMU,292992518.0,0,-0.1293559,0.4892639,-0.2296417,-0.2995926,0.2020302,-0.9068843
IMU,293033762.0,0,-0.1345562,0.4618776,-0.2652207,-0.5049071,0.06350891,-0.4983453
IMU,293074090.0,0,-0.08333901,0.5121043,-0.2969407,-0.4512776,0.0474636,-0.7324143
IMU,293113849.0,0,-0.1164536,0.5723627,-0.3061723,-0.4327662,0.03093391,-0.6010757
IMU,293153799.0,0,-0.1023156,0.5836982,-0.3081792,-0.4032983,0.04585362,-0.5967591
IMU,293194516.0,0,-0.1239577,0.6226893,-0.3056235,-0.4993488,0.0178402,-0.7697207
IMU,293235311.0,0,-0.1844119,0.7082672,-0.3140582,-0.4151933,0.003628573,-0.8256027
IMU,293275014.0,0,-0.2013807,0.752236,-0.3206773,-0.3994087,0.03935423,-1.03979
IMU,293314992.0,0,-0.2018412,0.7786406,-0.3365188,-0.3952814,0.06101402,-1.05982
IMU,293355421.0,0,-0.2259997,0.8491144,-0.3422335,-0.3531308,0.04345673,-1.093994
IMU,293395442.0,0,-0.2724889,0.9150881,-0.3458017,-0.3113786,0.05935669,-1.290328
IMU,293435683.0,0,-0.3172273,0.9668478,-0.3532376,-0.2421649,0.06547111,-1.446268
IMU,293476513.0,0,-0.329839,1.004337,-0.3541248,-0.1915148,0.03480967,-1.540872
IMU,293516249.0,0,-0.3628481,1.015168,-0.3532762,-0.1176022,0.04329062,-1.547381
IMU,293556481.0,0,-0.3850602,1.014612,-0.3397653,-0.06255862,0.07565478,-1.663153
IMU,293598518.0,0,-0.3329291,1.001421,-0.3266135,0.01752705,0.1700984,-1.776149
IMU,293639328.0,0,-0.4580402,0.7421213,-0.3810434,-0.1450568,0.1717017,-1.942066
IMU,293679786.0,0,-0.2210206,0.5050752,-0.4480869,0.0413725,1.53184,-5.324736
IMU,293720293.0,0,10.80308,-9.298794,0.2643883,55.50299,47.73552,-107.3118
IMU,293759643.0,0,-1.182514,-8.215675,-0.05725385,-42.11667,-15.30203,-24.87634
IMU,293799824.0,0,-0.09735148,-3.268231,-0.2031853,-4.262327,3.369241,-0.7756069
IMU,293841800.0,0,1.20516,-2.629381,-0.4489062,-2.441223,-1.184862,1.414177
IMU,293881460.0,0,0.5232607,-1.522652,-0.7291884,-1.99962,-0.9734436,-0.9481907
IMU,293921437.0,0,-0.08732174,-0.5631247,-0.6897188,-1.93469,-0.2953869,-0.863633
IMU,293962326.0,0,-0.3540215,0.7432356,-0.392963,-2.49147,-0.4237956,-1.715049
IMU,294002776.0,0,-0.4286333,2.103955,-0.1639685,-2.759417,-0.8685011,-2.041949
IMU,294042830.0,0,-0.4382221,3.6093,-0.07988939,-2.976377,-1.387723,-3.203566
IMU,294082791.0,0,-0.6174518,5.055914,-0.1178911,-1.982093,-1.477151,-4.961235
IMU,294123466.0,0,-0.7353849,5.538393,-0.2543045,2.458965,0.1093623,-11.12029
IMU,294163478.0,0,0.7988825,3.496049,-0.304458,12.98218,1.860764,-25.02444
IMU,294203059.0,0,0.5984923,-0.6136997,-0.02426112,1.606912,-6.064538,-14.89519
IMU,294243804.0,0,-0.7328125,-0.5163615,0.09852291,0.6635561,-2.070936,-5.550515
IMU,294284407.0,0,-0.2170297,-0.05417816,0.08105036,3.069043,1.191005,-8.555831
IMU,294324455.0,0,0.189596,0.06221128,-0.1044706,1.002452,-0.9633652,-10.0331
IMU,294363864.0,0,-0.006335995,0.05670888,0.02327597,1.923802,-1.23984,-9.842972
IMU,294403839.0,0,0.00643902,-0.005181252,-0.006277463,2.407063,-0.8169178,-9.060601
IMU,294444478.0,0,-0.01214035,-0.01421861,0.004240321,1.622489,-0.9511731,-9.721619
IMU,294484383.0,0,0.01727783,0.01371674,-0.0001517705,2.033562,-0.8270597,-9.345765
IMU,294524426.0,0,0.002515763,-0.009175909,-0.002969661,1.911739,-0.9561345,-9.526896
IMU,294563782.0,0,0.006021786,0.004409072,0.0008750795,1.92608,-0.9120795,-9.506629
IMU,294603750.0,0,0.00247085,-0.002001001,0.001329256,1.942495,-0.8949586,-9.465141
IMU,294645619.0,0,0.007413115,0.001411628,-0.002050136,1.917825,-0.891156,-9.473549
IMU,294685209.0,0,0.002751424,-0.002406898,0.0004058278,1.939902,-0.9396945,-9.456976
IMU,294725874.0,0,0.007916528,-0.0006101958,-0.001749095,1.913672,-0.9068255,-9.458983
IMU,294765349.0,0,0.004514739,-0.002805124,-0.0009276468,1.928797,-0.8785163,-9.468958
IMU,294806298.0,0,0.006512274,0.001120126,-0.002534453,1.924891,-0.9181693,-9.483836
IMU,294846607.0,0,0.0035366,0.0004815521,-9.894562e-05,1.957936,-0.9068711,-9.444801
IMU,294886151.0,0,0.007098436,0.0008023876,-0.003024398,1.921785,-0.8874427,-9.478272
IMU,294926101.0,0,0.008539476,0.001101694,-0.002849011,1.954117,-0.9128882,-9.474179
IMU,294967045.0,0,0.003456742,-0.001160186,-7.938549e-05,1.924608,-0.882203,-9.483902
IMU,295007230.0,0,0.005991504,0.002215247,-0.001633725,1.937579,-0.9286638,-9.449834
IMU,295046623.0,0,0.006403056,0.001223295,0.0001011787,1.937895,-0.8990843,-9.461792
IMU,295086490.0,0,0.00576269,0.00155803,-0.001241761,1.948842,-0.8982529,-9.469499
IMU,295126529.0,0,0.006531499,0.0002127568,-0.001176322,1.93232,-0.903915,-9.473009
IMU,295166888.0,0,0.006408722,0.000744406,-0.001658089,1.933554,-0.9000368,-9.462284
IMU,295207284.0,0,0.005791256,0.001148073,-0.0006237915,1.936846,-0.9134257,-9.460622
IMU,295247299.0,0,0.006319562,-0.0003695095,-0.003057969,1.94019,-0.9013507,-9.48181
IMU,295287303.0,0,0.006297774,-0.000418189,-0.001156592,1.937304,-0.9005933,-9.481296
IMU,295327569.0,0,0.007817229,0.0004619542,-0.002614011,1.926508,-0.8825071,-9.436218
IMU,295367617.0,0,0.006871215,-0.001375254,-0.0004275377,1.949671,-0.8963883,-9.479465
IMU,295407159.0,0,0.006075879,-0.0003952008,-0.00218229,1.946113,-0.8972005,-9.465759
IMU,295448541.0,0,0.004465206,-0.002540616,-0.0007286221,1.937745,-0.9071435,-9.483526
IMU,295488123.0,0,0.008088124,0.001484232,-0.0007930854,1.941008,-0.8907281,-9.465673
IMU,295528745.0,0,0.005564348,-0.001122913,-0.001173105,1.948957,-0.8961424,-9.471502
IMU,295568555.0,0,0.006710852,0.0004592733,-0.00151756,1.930376,-0.9067486,-9.459716
IMU,295608273.0,0,0.005406063,-0.0005510934,-0.0005096243,1.943148,-0.9061059,-9.464212
IMU,295648570.0,0,0.005221171,6.35345e-05,-0.000159993,1.938579,-0.8879933,-9.485221
IMU,295688857.0,0,0.00549977,-1.696331e-06,-0.002143899,1.947928,-0.9070355,-9.464987
IMU,295729036.0,0,0.004969903,-9.399056e-05,-0.001316605,1.937473,-0.8920437,-9.492686
IMU,295768848.0,0,0.006676137,0.0007767383,-0.00056793,1.943569,-0.9023603,-9.449957
IMU,291879634.0,1,-0.1132355,0.002021878,-0.01705426,-0.3597027,0.7604457,-9.247162
IMU,291919831.0,1,-0.07693095,-0.04689613,-0.05231383,-1.45091,-0.01952074,-9.363653
IMU,291963659.0,1,0.05514964,-0.1213471,0.07886621,-1.298065,0.2316088,-9.612223
IMU,292004078.0,1,0.02492521,-0.2219403,-0.06664255,-0.5288451,0.6552412,-9.301368
IMU,292045167.0,1,-0.1310774,-0.2626641,-0.09637876,-1.144398,0.4224033,-8.984242
IMU,292087051.0,1,-0.09614575,-0.1594767,-0.002756419,-0.7843807,-0.9094995,-8.654871
IMU,292126844.0,1,-0.02791069,-0.02245223,-0.01872013,-1.559692,-0.6026748,-9.679409
IMU,292169017.0,1,-0.009183415,0.05026916,-0.04089495,-1.81385,0.2583974,-9.491712
IMU,292209572.0,1,-0.03616974,0.09421705,-0.07584114,-0.8038272,0.5592876,-9.541395
IMU,292251224.0,1,-0.06068151,0.07775296,-0.03291896,-0.8849335,0.09888881,-8.960896
IMU,292292577.0,1,0.08902802,0.05961775,0.0002370711,-1.0575,0.8173462,-10.39769
IMU,292332858.0,1,0.005788722,0.03905197,-0.07453514,-0.7009891,0.7964199,-9.412628
IMU,292374783.0,1,-0.09749888,0.03948029,-0.01973054,-0.8197529,-0.7423332,-9.031156
IMU,292417470.0,1,0.03472066,0.04236906,0.0414579,-0.4412552,0.3350094,-9.922115
IMU,292459580.0,1,-0.1068502,0.02122034,0.02843879,-0.7524438,1.003477,-8.684322
IMU,292501028.0,1,-0.07035148,0.04458113,-0.02290878,-0.4030397,0.2405979,-9.34927
IMU,292540781.0,1,0.07125974,-0.02576774,0.09072373,-0.7093087,-0.2988074,-8.610579
IMU,292582807.0,1,-0.118685,0.002142827,-0.01825928,-1.556317,-0.5755494,-9.582944
IMU,292624774.0,1,0.1025526,0.1436596,0.04200647,-2.219948,-0.3776477,-9.843036
IMU,292666825.0,1,0.0008237286,-0.1182031,-0.06530319,-1.193276,-0.4442918,-9.491779
IMU,292709051.0,1,-0.118154,-0.1407012,-0.07548746,-1.399457,1.184038,-9.964852
IMU,292748624.0,1,-0.06768888,0.1100756,0.005856378,-0.6890451,0.7070475,-8.074574
IMU,292791227.0,1,0.01531769,0.1467902,-0.0650067,-0.46104,-0.1999446,-9.462365
IMU,292832435.0,1,-0.0950756,0.09969001,-0.02823799,0.552083,-0.2924872,-9.368867
IMU,292871820.0,1,-0.01339138,0.09024782,-0.1404621,-0.8973061,-0.6153778,-8.09865
IMU,292912014.0,1,-0.08225875,0.3497141,-0.05366067,-0.4407548,0.9981458,-1.284358
IMU,292952320.0,1,-0.1006521,0.4520873,-0.1551979,-0.1924451,-0.1337318,-1.24215
IMU,292992518.0,1,-0.1451125,0.4394303,-0.2132156,-0.2418094,0.158511,-0.8474091
IMU,293033762.0,1,-0.1456274,0.4007697,-0.2424911,-0.5443122,0.008018469,-0.5608997
IMU,293074090.0,1,-0.09983331,0.4570639,-0.2767971,-0.5157956,0.01115288,-0.8255645
IMU,293113849.0,1,-0.1302463,0.5144309,-0.2878208,-0.4088989,0.02158578,-0.6646633
IMU,293153799.0,1,-0.1166591,0.5288258,-0.2879422,-0.4835984,0.1406637,-0.6220695
IMU,293194516.0,1,-0.1344999,0.5604719,-0.2878945,-0.5308399,-0.1193711,-0.9047424
IMU,293235311.0,1,-0.1948805,0.6426974,-0.2936015,-0.5004871,-0.06170976,-0.9134356
IMU,293275014.0,1,-0.2141074,0.6942929,-0.3019117,-0.4603792,0.07076594,-1.085369
IMU,293314992.0,1,-0.2189553,0.7171526,-0.3158403,-0.5092589,0.01312407,-1.13833
IMU,293355421.0,1,-0.236258,0.7872715,-0.3194656,-0.3545034,0.05547298,-1.076787
IMU,293395442.0,1,-0.2825165,0.8505177,-0.3249407,-0.3409603,0.07214931,-1.420442
IMU,293435683.0,1,-0.3285311,0.8994493,-0.3337884,-0.2292095,0.1248258,-1.522729
IMU,293476513.0,1,-0.3363521,0.9394955,-0.3357565,-0.2807672,-0.06991469,-1.649713
IMU,293516249.0,1,-0.3733129,0.9471563,-0.3357271,-0.1602166,0.01172239,-1.550432
IMU,293556481.0,1,-0.3965298,0.9513891,-0.3259612,-0.1168095,-0.06366957,-1.737338
IMU,293598518.0,1,-0.3447337,0.9398179,-0.3084113,0.004221967,0.1322432,-1.858299
IMU,293639328.0,1,-0.4609718,0.6945462,-0.3630385,-0.1867739,0.1131695,-1.79633
IMU,293679786.0,1,-0.3208881,0.4296195,-0.4252771,0.1667094,0.9752695,-5.373181
IMU,293720293.0,1,9.017742,-7.45631,0.5537959,57.56658,44.42431,-121.7777
IMU,293759643.0,1,-1.070505,-8.479936,-0.2037645,-40.9781,-15.64254,-23.53389
IMU,293799824.0,1,-0.2610874,-3.172246,-0.241838,-4.176602,3.403087,-0.4450317
IMU,293841800.0,1,1.10715,-2.608047,-0.3799303,-2.361346,-1.290643,1.345179
IMU,293881460.0,1,0.4658189,-1.543452,-0.6624506,-1.955616,-1.040402,-1.138877
IMU,293921437.0,1,-0.1081374,-0.6233397,-0.6570817,-1.935829,-0.3707663,-0.9671984
IMU,293962326.0,1,-0.3621275,0.6599157,-0.3789992,-2.598845,-0.5107697,-1.544331
IMU,294002776.0,1,-0.4200585,1.992843,-0.1529214,-2.85589,-0.8816677,-1.847574
IMU,294042830.0,1,-0.4172645,3.421486,-0.0580602,-2.864799,-1.44452,-3.146922
IMU,294082791.0,1,-0.5710774,4.845346,-0.08880093,-1.786838,-1.600622,-5.034853
IMU,294123466.0,1,-0.7016565,5.378697,-0.2204957,2.722474,0.2643468,-11.23914
IMU,294163478.0,1,0.6877861,3.509469,-0.2366441,13.38707,1.420903,-25.66704
IMU,294203059.0,1,0.6475451,-0.5701628,0.004709749,1.281104,-6.396415,-15.32878
IMU,294243804.0,1,-0.7271292,-0.5243422,0.06464735,0.781326,-2.075661,-5.581376
IMU,294284407.0,1,-0.2430538,-0.06888132,0.06967728,3.01575,1.105932,-8.347203
IMU,294324455.0,1,0.1485612,0.03659088,-0.08766725,0.952629,-1.124025,-10.17868
IMU,294363864.0,1,-0.01532499,0.04936564,0.02051405,1.843998,-1.139657,-9.897438
IMU,294403839.0,1,-0.006161354,-0.01886496,-0.005900498,2.369683,-0.8706085,-9.179101
IMU,294444478.0,1,-0.01658928,-0.02599403,0.0003159779,1.683359,-1.188867,-9.795321
IMU,294484383.0,1,0.003481772,0.001142756,-0.003066559,2.077931,-1.021683,-9.454116
IMU,294524426.0,1,-0.008422606,-0.02292455,-0.004339372,1.871937,-1.105946,-9.561159
IMU,294563782.0,1,-0.003916658,-0.007220186,-0.004734834,2.019918,-1.096228,-9.700487
IMU,294603750.0,1,-0.007745397,-0.01663774,-0.003915647,1.93053,-1.048765,-9.567611
IMU,294645619.0,1,-0.0009763885,-0.01488025,-0.003438862,1.838565,-1.060053,-9.598437
IMU,294685209.0,1,-0.007063617,-0.01490555,0.00125345,1.96237,-1.018618,-9.545335
IMU,294725874.0,1,-0.002602288,-0.009705826,-0.005177389,1.872093,-1.028357,-9.604549
IMU,294765349.0,1,-0.002361802,-0.01861207,-0.005790756,1.971813,-0.988005,-9.511597
IMU,294806298.0,1,-0.003264033,-0.01254792,-0.004510162,1.925296,-1.092174,-9.515977
IMU,294846607.0,1,-0.003573598,-0.01754351,-0.004264949,1.974177,-1.016921,-9.272912
IMU,294886151.0,1,-0.003995034,-0.01184507,-0.002120557,1.920619,-1.053298,-9.480629
IMU,294926101.0,1,-0.004541378,-0.0154781,-0.003185984,1.991429,-1.029406,-9.350354
IMU,294967045.0,1,-0.004450468,-0.01632545,-0.005245582,1.931783,-1.043362,-9.509209
IMU,295007230.0,1,-0.002279331,-0.01409166,-0.003766636,1.81445,-0.9465666,-9.533766
IMU,295046623.0,1,-0.00122802,-0.01016498,-0.001632083,1.874301,-1.021899,-9.525007
IMU,295086490.0,1,-0.001735936,-0.01352563,-0.004610473,1.905853,-1.008314,-9.617981
IMU,295126529.0,1,-0.001829888,-0.02237728,-0.00633857,1.911252,-0.9343704,-9.490682
IMU,295166888.0,1,-0.004556839,-0.009467885,-0.001246364,1.944658,-1.154283,-9.583662
IMU,295207284.0,1,-0.002086143,-0.01391918,-0.002625108,1.965113,-0.9796824,-9.498473
IMU,295247299.0,1,-0.003981434,-0.01587516,-0.004740948,1.858327,-1.012264,-9.600089
IMU,295287303.0,1,-0.002668992,-0.01765969,-0.0001609695,1.865204,-1.01964,-9.461598
IMU,295327569.0,1,-0.002025439,-0.01763375,-0.00507337,1.960437,-0.9988595,-9.546216
IMU,295367617.0,1,-0.003118539,-0.01307412,-0.004092564,1.959145,-1.03574,-9.53224
IMU,295407159.0,1,-0.00419416,-0.01161032,-0.005802566,1.917646,-1.027081,-9.427528
IMU,295448541.0,1,-0.003745197,-0.01699511,-0.005713044,1.940082,-1.081523,-9.47635
IMU,295488123.0,1,-0.001818345,-0.01627138,-0.001474632,1.943551,-1.022995,-9.539953
IMU,295528745.0,1,-0.002427422,-0.0141086,-0.004423509,1.89129,-1.069913,-9.467605
IMU,295568555.0,1,-0.006501715,-0.01505249,-0.001026455,1.885121,-1.047233,-9.613043
IMU,295608273.0,1,-0.005911491,-0.01374693,5.40869e-05,1.945067,-1.025043,-9.455196
IMU,295648570.0,1,-0.007016318,-0.01065584,-0.0008730085,2.017266,-0.9863006,-9.480544
IMU,295688857.0,1,-0.001768092,-0.01366339,-0.001912251,1.916811,-1.102462,-9.515092
IMU,295729036.0,1,-0.002378823,-0.01632992,-0.001891335,1.868993,-1.03467,-9.483913
IMU,295768848.0,1,-0.002252195,-0.0112172,-0.002607466,1.9594,-0.9944363,-9.583909
IMU,291879634.0,2,-0.06084834,0.01774757,-0.03290882,-0.7805848,-0.6406857,-10.58131
IMU,291919831.0,2,-0.1029793,-0.02823045,0.002720124,-0.7916585,0.2513745,-8.577979
IMU,291963659.0,2,0.01981607,-0.1254792,0.1024422,-1.190807,-0.5331203,-11.17246
IMU,292004078.0,2,0.05209006,-0.2232255,-0.03464717,-0.7611805,-0.5581629,-8.10065
IMU,292045167.0,2,-0.0927007,-0.2529125,-0.06834406,-1.256808,0.01813343,-9.182524
IMU,292087051.0,2,-0.02269936,-0.1118271,-0.06250688,-1.167205,-0.3447313,-9.970459
IMU,292126844.0,2,-0.1426781,0.04139295,-0.02636498,-1.459448,0.2451645,-8.807951
IMU,292169017.0,2,-0.02813241,0.09483474,-0.006676382,-1.999883,0.1797326,-8.470482
IMU,292209572.0,2,-0.001220694,0.1054607,-0.0755331,-0.6302706,-0.4660816,-9.292548
IMU,292251224.0,2,-0.01364082,0.09062427,-0.03805993,-0.9913397,-0.5507255,-9.796974
IMU,292292577.0,2,0.09596941,0.07379618,0.03045415,-1.174455,0.3459447,-10.74203
IMU,292332858.0,2,0.04613623,0.04476495,-0.06111669,-0.9832843,-0.03619092,-9.161048
IMU,292374783.0,2,-0.02608947,0.06189453,-0.008417981,-1.122761,-0.391727,-8.913024
IMU,292417470.0,2,0.007868143,0.0001369491,0.07387307,-0.5343842,0.09477368,-10.33205
IMU,292459580.0,2,-0.04170662,0.04154748,0.02907728,-1.183222,-0.2061148,-8.543126
IMU,292501028.0,2,0.01607982,0.07519151,0.0128244,-0.7215755,0.815163,-8.246951
IMU,292540781.0,2,0.07041916,-0.004396249,0.0518727,-0.2965404,0.5819028,-8.199656
IMU,292582807.0,2,-0.1502562,0.04361479,0.01104994,-1.548015,-0.1415061,-9.496707
IMU,292624774.0,2,0.06228347,0.1702294,0.09998233,-1.130688,0.01851192,-10.2383
IMU,292666825.0,2,0.01174794,-0.08390441,-0.03459931,-0.8590662,-0.4581154,-9.433533
IMU,292709051.0,2,-0.09713956,-0.09017485,-0.02513275,-1.786551,0.3713502,-8.623196
IMU,292748624.0,2,0.004258506,0.133195,0.03785958,-1.495239,0.4089085,-9.667722
IMU,292791227.0,2,0.06639677,0.1697942,-0.05244151,-0.8845772,0.5441368,-8.093396
IMU,292832435.0,2,-0.05597951,0.1092669,-0.05363137,-0.3563419,0.2082891,-10.37906
IMU,292871820.0,2,-0.03363807,0.1321114,-0.1393204,-0.6271014,0.7315292,-7.241383
IMU,292912014.0,2,-0.05387744,0.4088759,-0.0569216,-0.4772001,1.099759,-1.626744
IMU,292952320.0,2,-0.09576248,0.5100878,-0.1729492,-0.339801,-0.0616881,-1.308746
IMU,292992518.0,2,-0.1206761,0.4973865,-0.2229788,-0.3547868,0.1206381,-0.9871004
IMU,293033762.0,2,-0.1286573,0.468399,-0.2584698,-0.4077535,0.06094179,-0.652198
IMU,293074090.0,2,-0.07844152,0.5165914,-0.2930493,-0.3817585,0.08074481,-0.8234689
IMU,293113849.0,2,-0.110151,0.5758092,-0.3027637,-0.4087102,0.03772447,-0.7636558
IMU,293153799.0,2,-0.0945283,0.5873429,-0.3034383,-0.3832356,0.04934883,-0.6691984
IMU,293194516.0,2,-0.1138222,0.6275231,-0.2996318,-0.4409165,0.0175026,-0.9038065
IMU,293235311.0,2,-0.1726215,0.7158363,-0.3086653,-0.3893001,0.01402041,-0.9612196
IMU,293275014.0,2,-0.1892215,0.7603933,-0.3140652,-0.3758176,0.01856464,-1.129619
IMU,293314992.0,2,-0.1888218,0.7870283,-0.3293036,-0.3704451,0.04114032,-1.146521
IMU,293355421.0,2,-0.210915,0.8581571,-0.3347738,-0.3332219,0.01883595,-1.216252
IMU,293395442.0,2,-0.2536333,0.9265723,-0.3379668,-0.2967602,0.03902288,-1.425188
IMU,293435683.0,2,-0.2972893,0.9791047,-0.3452283,-0.2200633,0.032111,-1.564483
IMU,293476513.0,2,-0.3098663,1.015693,-0.3452985,-0.18943,0.01357526,-1.661583
IMU,293516249.0,2,-0.3408924,1.028684,-0.3442125,-0.1178193,0.003547294,-1.703833
IMU,293556481.0,2,-0.363753,1.029615,-0.3308128,-0.07451534,0.05474541,-1.77665
IMU,293598518.0,2,-0.3134888,1.014663,-0.3164898,0.002327994,0.1189734,-1.846058
IMU,293639328.0,2,-0.4252945,0.7613137,-0.3749637,-0.1460727,0.1924713,-1.861066
IMU,293679786.0,2,-0.2348018,0.5012185,-0.4174592,0.4398482,1.364595,-5.919745
IMU,293720293.0,2,9.561022,-7.835501,0.3559645,46.78745,36.43188,-93.68224
IMU,293759643.0,2,-1.052342,-9.60968,-0.03060967,-37.38025,-13.24847,-32.27434
IMU,293799824.0,2,-0.2095676,-3.303993,-0.2254364,-4.882867,2.720757,0.7686111
IMU,293841800.0,2,1.093058,-2.700449,-0.4649884,-2.388097,-0.8594894,1.083785
IMU,293881460.0,2,0.4856659,-1.576608,-0.7324741,-1.795798,-0.7894711,-1.632123
IMU,293921437.0,2,-0.103293,-0.5846906,-0.6914063,-1.784671,-0.1909907,-1.323575
IMU,293962326.0,2,-0.3391758,0.7482222,-0.3859794,-2.291927,-0.3288345,-2.194451
IMU,294002776.0,2,-0.3795033,2.131906,-0.1477828,-2.576531,-0.7923023,-2.49141
IMU,294042830.0,2,-0.3513978,3.622942,-0.05836444,-2.832418,-1.364815,-3.696071
IMU,294082791.0,2,-0.4891946,5.088944,-0.08909215,-2.006684,-1.52194,-5.616554
IMU,294123466.0,2,-0.5875779,5.586762,-0.220669,2.041359,-0.3315013,-11.28832
IMU,294163478.0,2,0.7999481,3.573887,-0.298818,11.33301,1.014231,-22.81057
IMU,294203059.0,2,0.6362637,-0.5770169,-0.0224195,1.786328,-5.566594,-16.56946
IMU,294243804.0,2,-0.7388633,-0.5033293,0.09441441,0.6375809,-2.192506,-5.960658
IMU,294284407.0,2,-0.2241654,-0.04725211,0.08106588,3.150804,0.7198118,-8.392889
IMU,294324455.0,2,0.1814945,0.05693756,-0.1021429,0.9982042,-1.052332,-10.15132
IMU,294363864.0,2,-0.007552093,0.05856482,0.02273534,1.788409,-1.378653,-10.01281
IMU,294403839.0,2,-0.001707983,-0.00513874,-0.005916794,2.369064,-1.017366,-9.106048
IMU,294444478.0,2,-0.01969394,-0.01261707,0.005041847,1.566773,-1.094859,-9.843673
IMU,294484383.0,2,0.009968837,0.01317267,-0.00017935,2.002783,-1.003955,-9.443378
IMU,294524426.0,2,-0.004586864,-0.007576455,-0.001707795,1.863473,-1.126768,-9.623193
IMU,294563782.0,2,-0.000904165,0.00510673,0.0009533351,1.88729,-1.087495,-9.620551
IMU,294603750.0,2,-0.005385677,0.0003974441,0.003463222,1.891197,-1.078694,-9.554783
IMU,294645619.0,2,-0.0001512687,0.002085894,-0.0007048776,1.878395,-1.070588,-9.596827
IMU,294685209.0,2,-0.004321168,9.591817e-05,0.0005865266,1.901443,-1.100612,-9.554358
IMU,294725874.0,2,-0.0008115307,0.001001254,-0.001628452,1.876353,-1.073854,-9.585238
IMU,294765349.0,2,-0.003022008,-0.0005396659,0.0002108768,1.900845,-1.059592,-9.584287
IMU,294806298.0,2,-0.001699807,0.002983655,0.0002173306,1.894124,-1.082184,-9.577969
IMU,294846607.0,2,-0.00383036,0.0006358797,0.0002777255,1.908024,-1.071583,-9.55747
IMU,294886151.0,2,-1.089184e-05,0.002420078,-0.0009650623,1.889851,-1.061629,-9.595385
IMU,294926101.0,2,0.001029195,0.002907887,-0.0009512022,1.905094,-1.0832,-9.567286
IMU,294967045.0,2,-0.002566402,-0.0002510703,0.001218267,1.87685,-1.052349,-9.595135
IMU,295007230.0,2,-0.0008703919,0.003595077,-0.001053406,1.89439,-1.087528,-9.566512
IMU,295046623.0,2,-0.000363634,0.001920017,0.0001572947,1.894721,-1.073376,-9.578293
IMU,295086490.0,2,-0.001427962,0.001431676,0.0006934924,1.914053,-1.072228,-9.568583
IMU,295126529.0,2,-0.0001709248,0.000287181,-0.001076643,1.891985,-1.082601,-9.593482
IMU,295166888.0,2,-0.002010472,0.001638313,-0.0006707812,1.891814,-1.06891,-9.55082
IMU,295207284.0,2,-0.001033499,0.001138008,-0.0003603882,1.891649,-1.085418,-9.584573
IMU,295247299.0,2,-0.0003769935,0.001765478,-0.0007708701,1.887893,-1.054542,-9.579948
IMU,295287303.0,2,-0.001644071,0.001821178,-0.0006666799,1.912055,-1.087562,-9.564066
IMU,295327569.0,2,0.000262132,0.001984205,0.0002306534,1.889944,-1.057528,-9.598244
IMU,295367617.0,2,-0.001878817,2.400458e-05,0.0002772127,1.890871,-1.065325,-9.5693
IMU,295407159.0,2,-0.0009423875,0.00115534,-0.001477998,1.902002,-1.077929,-9.56249
IMU,295448541.0,2,-0.002924175,-0.00084436,0.0001571612,1.893892,-1.07439,-9.590255
IMU,295488123.0,2,0.001063108,0.002342244,-0.0002462948,1.917125,-1.077804,-9.581485
IMU,295528745.0,2,-0.001044173,0.000633028,0.0002792339,1.892413,-1.070485,-9.550725
IMU,295568555.0,2,-0.001635956,0.00165459,-0.000513077,1.900852,-1.076994,-9.584287
IMU,295608273.0,2,-0.001823353,0.001720679,-0.00043981,1.894758,-1.074086,-9.566985
IMU,295648570.0,2,-0.00136913,-0.0001578675,-0.00119583,1.899913,-1.069905,-9.600142
IMU,295688857.0,2,-0.000967032,0.0006493538,-0.0003432418,1.893534,-1.074191,-9.582527
IMU,295729036.0,2,-0.001416793,-0.0001797374,0.0003880835,1.882823,-1.068406,-9.601368
IMU,295768848.0,2,-0.001310656,0.0008340845,-0.000853373,1.90209,-1.084583,-9.557365
