ARM,737273138.0,0.0
AHR2,736336179.0,-1.38,-3.98,144.34,470.28,43.2382898,-7.681829
AHR2,736436329.0,-1.56,-3.21,143.71,470.28,43.2382865,-7.6818265
AHR2,736538487.0,-1.69,-3.12,143.8,470.06,43.2382849,-7.6818251
AHR2,736639120.0,-1.79,-3.33,144.16,469.95,43.2382811,-7.6818216
AHR2,736740120.0,-1.57,-3.02,144.27,469.86,43.2382781,-7.6818191
AHR2,736841235.0,-2.0,-2.5,144.72,469.92,43.2382752,-7.6818166
AHR2,736942621.0,-1.44,-1.71,144.81,469.89,43.2382722,-7.681814
AHR2,737043316.0,-1.67,-0.57,144.86,469.85,43.2382697,-7.6818118
AHR2,737144142.0,-1.25,0.02,144.87,469.79,43.2382667,-7.6818094
AHR2,737244113.0,-1.37,0.82,144.96,469.86,43.2382646,-7.6818068
AHR2,737345527.0,-1.4,1.64,144.54,469.76,43.238262,-7.6818043
AHR2,737446490.0,-2.01,3.67,143.09,468.95,43.2382594,-7.6818018
AHR2,737547139.0,-2.97,5.38,141.02,468.43,43.2382574,-7.681801
AHR2,737647134.0,-4.33,7.35,138.81,468.05,43.2382545,-7.6817983
AHR2,737748861.0,-5.79,9.46,136.41,468.05,43.2382519,-7.681796
AHR2,737851628.0,-7.52,12.81,133.52,467.82,43.2382493,-7.6817937
AHR2,737952044.0,-9.31,16.94,129.96,467.75,43.2382469,-7.6817915
AHR2,738053564.0,-11.44,14.51,127.01,467.2,43.2382445,-7.6817895
AHR2,738153600.0,-4.44,-10.15,127.12,466.46,43.238242,-7.6817874
AHR2,738255024.0,-7.58,-23.96,128.3,464.63,43.2382382,-7.6817905
AHR2,738355036.0,-11.29,-37.35,130.85,465.26,43.2382351,-7.6817906
AHR2,738455096.0,-6.63,-22.64,128.77,465.06,43.2382321,-7.6817908
AHR2,738555117.0,-5.79,-13.27,127.59,465.07,43.2382341,-7.681798
AHR2,738655034.0,-5.33,-17.44,128.03,464.96,43.2382359,-7.6817953
AHR2,738755527.0,-5.25,-16.45,128.11,465.04,43.2382357,-7.6817954
AHR2,738855463.0,-5.15,-15.92,128.19,465.04,43.2382363,-7.6817953
AHR2,738955475.0,-5.14,-15.65,128.32,465.15,43.2382363,-7.6817954
AHR2,739055474.0,-5.12,-15.47,128.45,465.09,43.2382364,-7.6817954
AHR2,739155430.0,-5.09,-15.27,128.57,465.19,43.2382363,-7.6817954
AHR2,739255495.0,-5.06,-15.06,128.69,465.2,43.2382364,-7.6817961
AHR2,739355860.0,-5.03,-14.86,128.81,464.88,43.2382363,-7.6817963
AHR2,739458725.0,-5.0,-14.65,128.94,465.23,43.2382366,-7.6817965
AHR2,739558633.0,-4.97,-14.46,129.06,465.2,43.2382366,-7.6817965
AHR2,739659115.0,-4.95,-14.27,129.18,464.98,43.2382369,-7.6817969
AHR2,739759018.0,-4.92,-14.08,129.3,465.11,43.238237,-7.6817968
AHR2,739860554.0,-4.89,-13.89,129.43,465.25,43.2382371,-7.6817972
AHR2,739960035.0,-4.87,-13.71,129.55,465.06,43.238237,-7.6817972
AHR2,740062455.0,-4.84,-13.53,129.67,465.0,43.238237,-7.6817979
ATT,736335555.0,-2.067968,-1.294043,-5.788108,-4.232173,149.0717,148.4202
ATT,736435725.0,-2.090625,-1.50956,-5.475376,-3.508293,149.0672,147.7119
ATT,736537731.0,-2.121989,-1.639139,-5.106485,-3.432889,149.0618,147.7132
ATT,736638527.0,-2.123106,-1.712853,-4.73971,-3.637169,149.0551,147.9709
ATT,736739535.0,-2.014317,-1.443785,-4.233463,-3.321676,149.0416,148.0067
ATT,736840551.0,-1.979521,-1.834764,-3.523398,-2.804095,149.0281,148.3881
ATT,736942067.0,-1.853443,-1.267254,-2.772801,-1.994967,149.012,148.4182
ATT,737042660.0,-1.697206,-1.502218,-1.902283,-0.8394058,148.9953,148.4206
ATT,737143582.0,-1.551367,-1.128522,-0.9903693,-0.2218803,148.9806,148.3474
ATT,737243543.0,-1.447108,-1.309441,-0.0204283,0.5934572,148.9674,148.3362
ATT,737344884.0,-0.8747927,-1.275365,0.1885081,1.360752,147.935,147.916
ATT,737445761.0,-0.4443482,-1.820186,0.09575231,3.35085,146.4947,146.4675
ATT,737546495.0,-0.225475,-2.796388,0.04858785,5.23768,144.3884,144.3465
ATT,737646536.0,-0.1151211,-4.198331,0.02480803,7.434,142.1157,142.0527
ATT,737748290.0,-0.05825136,-5.761519,0.01255311,10.04209,139.6345,139.5475
ATT,737850844.0,-0.02920134,-7.639486,0.006294127,13.86939,136.6499,136.533
ATT,737951481.0,-0.01485087,-9.685179,0.003201624,18.38771,132.9679,132.8165
ATT,738053009.0,-0.00751535,-12.04077,0.001621529,16.27974,129.9092,129.7236
ATT,738152889.0,-0.00382035,-5.03534,0.0008242241,-8.197792,130.1163,130.0406
ATT,738254343.0,-0.001930868,-7.970982,0.0004165031,-21.68031,131.0141,130.8866
ATT,738354340.0,-0.0009857535,-10.57492,0.0002129542,-34.12589,132.6369,132.4476
ATT,738454395.0,-0.0005032823,-5.566591,0.0001091412,-18.35603,130.5228,130.4355
ATT,738554558.0,-0.0003908003,-5.218868,8.493951e-05,-8.646111,129.6146,129.536
ATT,738654356.0,-0.0003840917,-5.207689,8.353245e-05,-12.75078,130.1805,130.101
ATT,738754921.0,-0.0003840917,-5.212412,8.353256e-05,-12.13786,130.1716,130.0922
ATT,738854789.0,-0.0003767427,-5.191069,8.196416e-05,-11.94871,130.2275,130.1485
ATT,738954808.0,-0.0003767427,-5.213554,8.19642e-05,-11.83285,130.314,130.2347
ATT,739054784.0,-0.0003767427,-5.223073,8.196416e-05,-11.81143,130.4007,130.3213
ATT,739154817.0,-0.0003767427,-5.235913,8.196414e-05,-11.75522,130.5278,130.4482
ATT,739254818.0,-0.0003767428,-5.246179,8.196421e-05,-11.70979,130.6322,130.5524
ATT,739355262.0,-0.0003767429,-5.261953,8.196417e-05,-11.62837,130.7708,130.6908
ATT,739458047.0,-0.0003614708,-5.272825,7.860745e-05,-11.58195,130.8789,130.7988
ATT,739558038.0,-0.0003614707,-5.293852,7.860747e-05,-11.47711,131.0259,130.9455
ATT,739658543.0,-0.0003544557,-5.315031,7.701688e-05,-11.37044,131.1638,131.0831
ATT,739758306.0,-0.0003544558,-5.343356,7.701688e-05,-11.19388,131.3063,131.2252
ATT,739859854.0,-0.0003470997,-5.363605,7.531594e-05,-11.05445,131.4167,131.3353
ATT,739959479.0,-0.0003470997,-5.391204,7.53159e-05,-10.85461,131.5257,131.444
ATT,740061770.0,-0.0003321553,-5.408553,7.174834e-05,-10.71932,131.6046,131.5227
BARO,736262796.0,0,2.402008,471.282,96535.47
BARO,736363646.0,0,2.404846,471.2848,96535.45
BARO,736463825.0,0,2.184418,471.0644,96537.82
BARO,736565295.0,0,2.079865,470.9598,96538.94
BARO,736667634.0,0,1.986633,470.8666,96539.95
BARO,736767085.0,0,2.040314,470.9203,96539.38
BARO,736869137.0,0,2.012054,470.892,96539.68
BARO,736969611.0,0,1.975311,470.8553,96540.08
BARO,737070867.0,0,1.915985,470.796,96540.73
BARO,737171231.0,0,1.989441,470.8694,96539.94
BARO,737274854.0,0,1.884888,470.7649,96541.06
BARO,737374829.0,0,1.079559,469.9595,96549.77
BARO,737477293.0,0,0.5568237,469.4368,96555.42
BARO,737577088.0,0,0.1781616,469.0581,96559.51
BARO,737677808.0,0,0.1725159,469.0525,96559.58
BARO,737778281.0,0,-0.05072021,468.8293,96561.98
BARO,737881123.0,0,-0.124176,468.7558,96562.8
BARO,737981657.0,0,-0.6780396,468.2019,96568.77
BARO,738083237.0,0,-1.418365,467.4616,96576.78
BARO,738183236.0,0,-3.240967,465.639,96596.48
BARO,738284847.0,0,-2.613647,466.2663,96589.7
BARO,738384784.0,0,-2.819916,466.0601,96591.92
BARO,738485512.0,0,-2.805786,466.0742,96591.8
BARO,738584762.0,0,-2.910339,465.9696,96592.91
BARO,738684777.0,0,-2.839691,466.0403,96592.15
BARO,738785165.0,0,-2.831238,466.0487,96592.06
BARO,738885293.0,0,-2.721008,466.159,96590.87
BARO,738984792.0,0,-2.783203,466.0968,96591.53
BARO,739085146.0,0,-2.689941,466.19,96590.53
BARO,739184869.0,0,-2.670166,466.2098,96590.31
BARO,739284800.0,0,-2.997955,465.882,96593.86
BARO,739385761.0,0,-2.647552,466.2324,96590.06
BARO,739485632.0,0,-2.670166,466.2098,96590.31
BARO,739585738.0,0,-2.89621,465.9838,96592.75
BARO,739686112.0,0,-2.769073,466.1109,96591.39
BARO,739786277.0,0,-2.622131,466.2578,96589.8
BARO,739887579.0,0,-2.817108,466.0629,96591.9
BARO,739987574.0,0,-2.879272,466.0007,96592.58
BARO,740089222.0,0,-2.757751,466.1222,96591.27
BARO,736262796.0,1,2.464172,471.3441,96521.99
BARO,736363646.0,1,2.39917,471.2791,96522.7
BARO,736463825.0,1,2.387878,471.2679,96522.82
BARO,736565295.0,1,2.260712,471.1407,96524.19
BARO,736667634.0,1,2.588501,471.4685,96520.66
BARO,736767085.0,1,2.014893,470.8949,96526.86
BARO,736869137.0,1,2.34549,471.2255,96523.27
BARO,736969611.0,1,2.116608,470.9966,96525.76
BARO,737070867.0,1,2.277679,471.1577,96524.0
BARO,737171231.0,1,2.26355,471.1435,96524.16
BARO,737274854.0,1,2.226807,471.1068,96524.55
BARO,737374829.0,1,1.367798,470.2478,96533.84
BARO,737477293.0,1,0.9976196,469.8776,96537.86
BARO,737577088.0,1,0.8535156,469.7335,96539.41
BARO,737677808.0,1,0.7065735,469.5865,96540.98
BARO,737778281.0,1,0.5342102,469.4142,96542.87
BARO,737881123.0,1,0.09622192,468.9762,96547.59
BARO,737981657.0,1,-0.1920166,468.688,96550.7
BARO,738083237.0,1,-1.217743,467.6622,96561.8
BARO,738183236.0,1,-3.000763,465.8792,96581.06
BARO,738284847.0,1,-2.359344,466.5206,96574.13
BARO,738384784.0,1,-2.438446,466.4415,96575.02
BARO,738485512.0,1,-2.548645,466.3313,96576.2
BARO,738584762.0,1,-2.526062,466.3539,96575.96
BARO,738684777.0,1,-2.562775,466.3172,96576.34
BARO,738785165.0,1,-2.429962,466.45,96574.9
BARO,738885293.0,1,-2.627777,466.2522,96577.05
BARO,738984792.0,1,-2.37912,466.5009,96574.36
BARO,739085146.0,1,-2.602356,466.2776,96576.77
BARO,739184869.0,1,-2.511932,466.368,96575.8
BARO,739284800.0,1,-2.588226,466.2917,96576.63
BARO,739385761.0,1,-2.624939,466.255,96577.02
BARO,739485632.0,1,-2.557129,466.3228,96576.29
BARO,739585738.0,1,-2.359344,466.5206,96574.14
BARO,739686112.0,1,-2.483673,466.3963,96575.48
BARO,739786277.0,1,-2.661682,466.2183,96577.42
BARO,739887579.0,1,-2.624939,466.255,96577.0
BARO,739987574.0,1,-2.69278,466.1872,96577.76
BARO,740089222.0,1,-2.4328,466.4472,96574.95
GPS,736470825.0,4,20,43.2382908,-7.6818296,464.83,4.115,0.094,0.0
GPS,736633240.0,4,20,43.2382848,-7.6818247,464.84,3.95,0.049,0.0
GPS,736835229.0,4,20,43.2382789,-7.6818197,464.84,3.919,0.106,0.0
GPS,737038001.0,4,20,43.2382732,-7.6818148,464.81,3.806,0.221,0.0
GPS,737239186.0,4,20,43.2382678,-7.6818099,464.78,3.557,0.314,0.0
GPS,737461770.0,4,20,43.2382627,-7.6818053,464.69,3.414,0.64,0.0
GPS,737641756.0,4,20,43.2382576,-7.681801,464.32,3.396,2.943,0.0
GPS,737824557.0,4,20,43.2382527,-7.6817968,463.57,3.213,4.534,0.0
GPS,738029154.0,4,20,43.2382479,-7.6817925,462.45,3.236,6.289001,0.0
GPS,738230578.0,4,20,43.2382425,-7.6817904,461.37,3.417,4.338,0.0
GPS,738472614.0,4,20,43.2382377,-7.681793,460.76,2.876,1.465,0.0
GPS,738635248.0,4,19,43.2382361,-7.6817953,460.6,0.212,0.191,0.0
GPS,738835477.0,4,19,43.2382363,-7.6817953,460.6,0.068,-0.215,0.0
GPS,739035073.0,4,19,43.2382364,-7.6817954,460.65,0.056,-0.222,0.0
GPS,739235044.0,4,19,43.2382364,-7.681796,460.68,0.13,-0.107,0.0
GPS,739456268.0,4,19,43.2382366,-7.6817965,460.63,0.037,-0.011,0.0
GPS,739635893.0,4,19,43.2382368,-7.6817969,460.66,0.116,-0.001,0.0
GPS,739836466.0,4,18,43.2382371,-7.6817972,460.7,0.058,-0.003,0.0
GPS,740038128.0,4,18,43.238237,-7.6817979,460.72,0.025,-0.034,0.0
IMU,736263043.0,0,-0.08837638,0.2168013,-0.06776418,-1.399428,-0.3118269,-8.781101
IMU,736303581.0,0,0.1718667,0.2357145,-0.05874033,-1.802907,0.3540974,-10.02825
IMU,736343277.0,0,0.01965981,0.1574739,-0.1806426,-0.7125438,-0.7696453,-9.53942
IMU,736383653.0,0,-0.06822092,0.08865593,-0.06858712,-1.55742,-0.7356601,-9.799288
IMU,736423305.0,0,-0.04195966,0.04495115,0.03878165,-0.9805058,0.1342937,-9.061845
IMU,736464045.0,0,0.1732225,-0.02652114,-0.1219195,-1.062924,1.018817,-10.22638
IMU,736504594.0,0,0.007515984,0.0322022,-0.0908793,-0.8984151,0.2026883,-9.690524
IMU,736545264.0,0,0.06683876,-0.06429148,-0.03604674,-0.6168696,0.5361033,-10.12701
IMU,736585779.0,0,-0.01463823,-0.05074338,0.07285765,-0.9568424,0.5000123,-9.572479
IMU,736625274.0,0,0.1054299,0.04770755,0.05132977,-0.763102,1.067243,-9.650513
IMU,736667804.0,0,0.06458017,-0.009670585,0.01537568,-0.4096522,1.088611,-9.496323
IMU,736707260.0,0,-0.08261806,0.156246,-0.0712323,-0.7187964,-0.4261263,-9.404293
IMU,736747497.0,0,-0.04846732,0.09152964,0.01912171,-1.566078,-0.9190681,-9.382029
IMU,736787529.0,0,0.07329818,0.07528986,0.1361923,-1.411617,-0.2143619,-9.034679
IMU,736827174.0,0,0.04377941,-0.004683801,-0.02214758,-0.7047761,1.07816,-10.15045
IMU,736869509.0,0,0.1193374,0.1351235,0.004443108,-0.8101172,1.267206,-9.539831
IMU,736914798.0,0,0.0582299,0.1948606,0.1057642,-1.491397,0.06703191,-8.786362
IMU,736954521.0,0,0.1594504,0.08760381,-0.03001369,-0.4823397,1.098183,-10.23011
IMU,736994499.0,0,0.05148137,0.1510268,-0.06273515,-0.5833391,1.031803,-9.769363
IMU,737034501.0,0,-0.04634365,0.2310375,0.03300241,-0.9672831,-0.3756776,-9.20308
IMU,737076613.0,0,-0.03839881,0.1518494,0.001620873,-1.055397,-0.1642979,-8.773829
IMU,737118826.0,0,-0.1609847,0.1318119,-0.02209577,-0.8529717,-0.2133997,-8.862297
IMU,737158551.0,0,0.06650818,0.05668461,0.07918879,-1.51896,0.08528543,-8.796787
IMU,737198856.0,0,0.1328701,0.1432736,-0.04929753,-1.147707,-0.3108502,-9.435365
IMU,737239530.0,0,0.1106697,0.1890466,-0.1291353,-0.9194778,0.6991392,-10.2275
IMU,737280041.0,0,0.02147209,0.1467552,-0.09019376,-0.2275619,-0.2201528,-9.905884
IMU,737319777.0,0,-0.03054276,0.2129006,-0.006530148,-0.9846774,0.5557664,-3.062298
IMU,737360174.0,0,-0.05880503,0.3052155,-0.1559349,0.05711472,-0.4264613,-1.567003
IMU,737399862.0,0,-0.06571203,0.3531936,-0.2713808,-0.3725724,-0.4325133,-0.6847177
IMU,737440145.0,0,-0.1057031,0.3666516,-0.3240139,-0.4249544,-0.04059409,-0.7438867
IMU,737481478.0,0,-0.1125244,0.3202164,-0.3522283,-0.1568228,-0.1069915,-0.5992693
IMU,737521467.0,0,-0.1306255,0.3421243,-0.3584537,-0.2975716,0.06109323,-0.5550084
IMU,737561811.0,0,-0.1347557,0.3641544,-0.3731988,-0.2686154,-0.002509416,-0.6468416
IMU,737601792.0,0,-0.1864019,0.403332,-0.3750025,-0.2811919,-0.06681968,-0.6612972
IMU,737641946.0,0,-0.2141715,0.4334316,-0.3754302,-0.2349769,0.01916471,-0.7856876
IMU,737682624.0,0,-0.1943096,0.4459753,-0.38056,-0.2237689,0.04373702,-0.9032763
IMU,737723637.0,0,-0.1719771,0.4873132,-0.3870838,-0.229989,0.02942217,-1.008754
IMU,737763779.0,0,-0.1917214,0.5925868,-0.3990532,-0.2350214,-0.01970635,-1.069865
IMU,737803327.0,0,-0.2036277,0.7014139,-0.4199997,-0.1920402,0.03101377,-1.203014
IMU,737845300.0,0,-0.1871303,0.7791614,-0.4493028,-0.1540515,0.06446502,-1.360548
IMU,737886478.0,0,-0.1587856,0.8260603,-0.4819796,-0.1031243,0.07004432,-1.459609
IMU,737928507.0,0,-0.1249046,0.8552246,-0.5059326,-0.06077785,0.06770635,-1.505111
IMU,737969055.0,0,-0.2487866,1.08403,-0.5236546,-0.05163225,0.1211914,-2.764048
IMU,738009473.0,0,-0.2926653,1.118716,-0.5304338,0.2731417,-0.4519228,-6.498502
IMU,738049796.0,0,0.3189723,-3.407483,-0.8144187,10.07226,8.35114,-23.42044
IMU,738090281.0,0,7.701205,-12.32669,-2.624825,-42.05091,38.91478,-57.57709
IMU,738130271.0,0,-1.721363,-0.1300444,-0.05425674,0.107927,-11.17646,-12.79105
IMU,738170849.0,0,-0.3241375,-1.954178,-0.1244914,-2.497631,-0.7559678,-1.609372
IMU,738210754.0,0,-0.3849179,-2.365453,-0.1192251,-0.8934526,-0.889694,-1.055124
IMU,738251847.0,0,-0.5822937,-2.455761,-0.1197282,-1.299651,-1.00723,-0.6010119
IMU,738291856.0,0,-0.4900122,-2.419344,-0.116897,-1.200195,-0.6578439,-1.282935
IMU,738332635.0,0,-0.2043945,-2.065509,-0.1179007,-1.367687,-0.386842,-1.705061
IMU,738372547.0,0,0.8830439,-0.6800365,-0.1190052,-12.52983,8.082356,-13.72124
IMU,738411870.0,0,1.243458,3.663409,-0.1810453,-9.275723,-7.982744,-12.93557
IMU,738452331.0,0,-0.4359109,3.437962,-0.05514207,1.301576,0.9552483,-8.464483
IMU,738491797.0,0,0.07904969,2.669988,0.07043099,1.02097,-0.7318034,-14.1887
IMU,738535023.0,0,-0.02382211,1.054515,0.02390787,4.690771,1.248861,-17.37885
IMU,738574574.0,0,0.1186288,-0.5637336,0.02406161,1.302165,-0.03772524,-12.96748
IMU,738614352.0,0,0.04270159,-0.9150575,0.01512536,-0.6396486,0.530651,-9.320976
IMU,738657250.0,0,0.00460009,-0.5303057,0.02354216,-1.842669,0.4129128,-7.701973
IMU,738697487.0,0,0.0002844025,-0.0002182983,0.003366693,-1.974685,0.5307217,-7.737869
IMU,738737045.0,0,-0.005953287,0.3171763,-0.01830957,-1.156265,0.2950905,-9.417065
IMU,738778024.0,0,0.008157888,0.2315132,-0.003277549,-0.3652935,0.4224125,-10.70739
IMU,738817643.0,0,0.01165946,-0.03013622,-0.001947384,-0.3318137,0.3405406,-10.73287
IMU,738857846.0,0,0.01878404,-0.09043784,0.01219779,-0.9915423,0.3645279,-9.397089
IMU,738897865.0,0,0.004200901,0.03121006,-0.002163421,-0.9701575,0.4218918,-9.317702
IMU,738938264.0,0,0.01046055,0.02822866,-0.003094522,-0.6293641,0.3350333,-10.06793
IMU,738977527.0,0,0.01550394,-0.02611958,-0.0004127128,-0.7771671,0.3690194,-9.721263
IMU,739017550.0,0,0.00637409,0.007342972,-0.0001345162,-0.858346,0.4144759,-9.560077
IMU,739057812.0,0,0.01033299,0.004571481,-6.644042e-05,-0.7121138,0.3654949,-9.863298
IMU,739097860.0,0,0.01208344,-0.00717493,0.001042729,-0.8152049,0.3755341,-9.674366
IMU,739137747.0,0,0.008040518,0.007202586,-0.000154161,-0.7967414,0.3903157,-9.745496
IMU,739177794.0,0,0.01147445,-0.004195889,-6.954004e-05,-0.7572525,0.3861096,-9.81531
IMU,739217522.0,0,0.008716888,0.001204265,-0.0004472177,-0.8091287,0.3773113,-9.68409
IMU,739258034.0,0,0.00963478,0.000256417,-0.0002496314,-0.7497371,0.3896699,-9.789039
IMU,739297564.0,0,0.01048996,-0.003271157,-0.0004394408,-0.7966917,0.3814011,-9.723653
IMU,739337490.0,0,0.008228733,0.002674007,-0.0008869335,-0.7865646,0.3864876,-9.731059
IMU,739378117.0,0,0.01015296,-0.001633041,-0.0006279747,-0.7799299,0.3754904,-9.73771
IMU,739418511.0,0,0.009414845,-0.0002706875,-0.0009170738,-0.7931626,0.3812133,-9.739344
IMU,739461500.0,0,0.00929649,-0.00256489,-0.0004167666,-0.7730805,0.3811354,-9.735798
IMU,739500780.0,0,0.009511773,-0.001473331,-0.00114298,-0.7851341,0.3860594,-9.736419
IMU,739540857.0,0,0.009225872,0.0008551414,-0.0001472995,-0.7689813,0.3766242,-9.754905
IMU,739580947.0,0,0.009405457,-0.001035577,-0.0003720332,-0.7900416,0.384518,-9.75285
IMU,739620854.0,0,0.01040952,-0.0004190972,0.0005422952,-0.7698657,0.3801004,-9.741484
IMU,739661087.0,0,0.008498795,-0.0007006824,-0.0003042577,-0.7852506,0.3834199,-9.73442
IMU,739701631.0,0,0.01067,0.0006296705,-0.001118941,-0.7871593,0.3820887,-9.731457
IMU,739741589.0,0,0.009961349,-0.001020678,-0.0009167716,-0.7770654,0.3818097,-9.731046
IMU,739781230.0,0,0.009609045,-0.000898703,-0.0009260322,-0.7854752,0.3856169,-9.725554
IMU,739821109.0,0,0.01038754,-0.0001458131,0.0007170063,-0.7818069,0.3847379,-9.749374
IMU,739862811.0,0,0.009719463,-0.0007242131,-2.095822e-05,-0.7899617,0.3765933,-9.739469
IMU,739902111.0,0,0.009697371,-0.0004802812,-0.0007297709,-0.7905011,0.3785951,-9.74311
IMU,739942128.0,0,0.01048447,-0.001285213,-0.000653027,-0.784674,0.3977581,-9.726707
IMU,739982057.0,0,0.009059276,-0.001130996,-0.0002792944,-0.7754963,0.3877398,-9.732448
IMU,740022117.0,0,0.01040541,-0.002043663,-0.001383662,-0.7859929,0.3742891,-9.749838
IMU,740064070.0,0,0.009911912,0.0002321269,-0.0005877448,-0.780382,0.3794573,-9.753678
IMU,740104142.0,0,0.009308105,0.0004550528,-0.000893942,-0.7763267,0.3776858,-9.750045
IMU,740144093.0,0,0.008547055,-0.0009292322,-0.000191479,-0.7644694,0.379465,-9.749679
IMU,740184825.0,0,0.00927695,-0.0001152642,0.000790795,-0.7965795,0.3809597,-9.741546
IMU,736263043.0,1,-0.07825405,0.1789893,-0.1185437,-1.458746,-0.2845354,-9.214329
IMU,736303581.0,1,0.127301,0.1797415,-0.09600845,-1.9821,0.4397384,-9.966898
IMU,736343277.0,1,-0.007873927,0.0905601,-0.1502322,-0.6225446,-0.2778467,-9.088323
IMU,736383653.0,1,-0.06594948,0.03707338,-0.06695057,-0.995571,-0.1946426,-10.11383
IMU,736423305.0,1,-0.05604688,0.0172575,-0.008108697,-0.9772322,-0.5586889,-9.503366
IMU,736464045.0,1,0.0735677,-0.04054169,-0.1252284,-1.480492,0.3867513,-10.23728
IMU,736504594.0,1,-0.06411945,0.0001730878,-0.07530575,-1.493148,0.3297606,-9.997788
IMU,736545264.0,1,0.02094141,-0.1004925,-0.008281743,-0.6253893,0.1401207,-10.25628
IMU,736585779.0,1,-0.02569711,-0.05016772,0.03817068,-0.617715,0.5019763,-9.704293
IMU,736625274.0,1,0.04421655,0.00332234,0.03004037,-0.7369329,0.8787178,-10.823
IMU,736667804.0,1,-0.002562588,-0.03466618,0.009870014,-1.121909,1.636221,-9.390242
IMU,736707260.0,1,-0.1154502,0.02263515,-0.005386641,0.05030194,-1.222832,-9.799118
IMU,736747497.0,1,-0.04481586,0.02190229,0.01100728,-1.249862,-1.127272,-8.96944
IMU,736787529.0,1,0.07190602,0.02795523,0.05052237,-1.345295,-1.361505,-9.451183
IMU,736827174.0,1,-0.02676131,-0.01322019,-0.01943715,-0.9491792,1.12995,-10.53809
IMU,736869509.0,1,0.03274833,0.1147554,-0.02133154,-1.511642,0.02249567,-10.24708
IMU,736914798.0,1,0.06124979,0.144619,0.05520928,-1.482048,-1.7476,-8.885541
IMU,736954521.0,1,0.0817045,0.07368356,-0.04571734,-1.454916,-0.2422296,-10.66505
IMU,736994499.0,1,-0.02505413,0.1098682,-0.04271976,-0.983143,1.351576,-9.937152
IMU,737034501.0,1,-0.03350711,0.1749639,0.02808952,0.03383778,0.03630895,-9.489662
IMU,737076613.0,1,-0.04455983,0.1092831,0.002241334,-0.0353814,0.3081415,-9.292044
IMU,737118826.0,1,-0.1750731,0.08459148,-0.005473522,-0.4259052,0.1046303,-8.160434
IMU,737158551.0,1,0.05031806,0.03554023,0.03673355,-0.899643,0.1109229,-8.775347
IMU,737198856.0,1,0.09316025,0.08328617,-0.07024047,-2.122968,-1.0227,-9.235285
IMU,737239530.0,1,0.02782943,0.1527546,-0.1050201,-1.355481,-0.2450727,-10.26261
IMU,737280041.0,1,-0.03958812,0.1068125,-0.0299884,0.6550224,-0.06167034,-10.20812
IMU,737319777.0,1,-0.1035966,0.1403736,-0.008450015,-0.5751545,0.6081949,-2.765979
IMU,737360174.0,1,-0.06607157,0.2625516,-0.1550122,-0.1000769,-0.3823101,-1.742429
IMU,737399862.0,1,-0.0846192,0.2846635,-0.2424839,-0.3427495,-0.2462239,-0.6823496
IMU,737440145.0,1,-0.1284356,0.305935,-0.3068926,-0.5116407,0.07592329,-0.8578275
IMU,737481478.0,1,-0.1285207,0.2603021,-0.3325111,-0.1611799,0.03751444,-0.5483941
IMU,737521467.0,1,-0.1561773,0.2823752,-0.3406396,-0.3177418,0.2294667,-0.5218142
IMU,737561811.0,1,-0.1549484,0.2972528,-0.35572,-0.3043922,0.07575794,-0.7177094
IMU,737601792.0,1,-0.2100569,0.3415954,-0.3531476,-0.2894493,0.01950571,-0.5746875
IMU,737641946.0,1,-0.2363711,0.3710327,-0.3569854,-0.2536612,0.1665819,-0.7891381
IMU,737682624.0,1,-0.2163346,0.3890742,-0.3618234,-0.2843538,0.1516061,-0.7905664
IMU,737723637.0,1,-0.1931924,0.4213401,-0.3678227,-0.2850958,0.02508553,-1.176549
IMU,737763779.0,1,-0.2145698,0.5196038,-0.3765905,-0.3013277,0.14507,-1.116953
IMU,737803327.0,1,-0.225125,0.6312522,-0.3965423,-0.2120655,0.248393,-1.243279
IMU,737845300.0,1,-0.2065247,0.7123573,-0.4217804,-0.2525791,0.09768473,-1.252329
IMU,737886478.0,1,-0.1857122,0.7515977,-0.4486434,-0.08268327,0.1949201,-1.506656
IMU,737928507.0,1,-0.1542167,0.7749432,-0.4715994,-0.1496213,0.2198362,-1.506848
IMU,737969055.0,1,-0.2750614,1.002708,-0.4942817,-0.1402332,0.1048293,-2.823698
IMU,738009473.0,1,-0.3209997,1.025615,-0.4989802,0.4604544,-0.8879105,-7.790272
IMU,738049796.0,1,0.1201218,-3.049815,-0.7606009,10.27575,8.571295,-23.78173
IMU,738090281.0,1,8.02347,-8.22425,-2.384822,-61.72102,23.4217,-69.48243
IMU,738130271.0,1,-1.560002,-0.148882,-0.08177128,-0.3622605,-6.286539,-13.28501
IMU,738170849.0,1,-0.3389702,-1.950443,0.3089922,-2.389218,-0.6352784,-0.9392741
IMU,738210754.0,1,-0.4132092,-2.307275,-0.0833346,-0.7834742,-1.022192,-0.956217
IMU,738251847.0,1,-0.6184615,-2.400917,-0.1769132,-1.442696,-0.8605435,-0.6735817
IMU,738291856.0,1,-0.5220121,-2.371158,-0.0007743987,-1.249233,-0.5172296,-1.330395
IMU,738332635.0,1,-0.23569,-2.040561,0.07930321,-1.34296,-0.2390554,-1.505778
IMU,738372547.0,1,0.7694435,-0.7453968,-0.2377499,-13.25002,8.707482,-13.01274
IMU,738411870.0,1,1.245757,3.476693,-0.223,-10.21575,-8.932674,-14.12706
IMU,738452331.0,1,-0.4330693,3.316507,-0.04451848,1.072174,1.185883,-8.292134
IMU,738491797.0,1,0.07611115,2.547732,0.07732432,1.330965,-0.834921,-14.38243
IMU,738535023.0,1,-0.03548342,1.021657,0.02905143,4.615044,1.093037,-17.75747
IMU,738574574.0,1,0.08011895,-0.5451573,0.01870897,1.200523,-0.1277776,-13.06706
IMU,738614352.0,1,0.007298718,-0.913579,0.006925495,-0.6708738,0.4872425,-9.375038
IMU,738657250.0,1,-0.01764548,-0.5514288,0.01521067,-1.921037,0.4936902,-7.634899
IMU,738697487.0,1,-0.01382343,-0.03401271,0.001324691,-1.878679,0.5879154,-7.690268
IMU,738737045.0,1,-0.01923759,0.2527817,-0.02032846,-1.13524,0.3689398,-9.515208
IMU,738778024.0,1,-0.005025629,0.1939597,-0.006763514,-0.374527,0.3942948,-10.75989
IMU,738817643.0,1,-0.004038919,-0.04227669,-0.009757999,-0.3344637,0.345679,-10.78471
IMU,738857846.0,1,0.002546223,-0.116963,0.004522726,-0.9385844,0.3316503,-9.28813
IMU,738897865.0,1,-0.007322038,0.00302781,-0.01119798,-1.000041,0.3967586,-9.420974
IMU,738938264.0,1,-0.003044509,0.002562606,-0.006324268,-0.6122036,0.3463719,-10.1512
IMU,738977527.0,1,1.040789e-06,-0.05491794,-0.004673605,-0.7823428,0.4261535,-9.732192
IMU,739017550.0,1,-0.006083027,-0.01390905,-0.005858028,-0.8036528,0.3983094,-9.527222
IMU,739057812.0,1,-0.007135168,-0.01639494,-0.003258627,-0.7614203,0.4058167,-9.88025
IMU,739097860.0,1,-0.0004454101,-0.03193462,-0.002801719,-0.8141106,0.3926793,-9.656786
IMU,739137747.0,1,-0.004646997,-0.01723491,-0.01005823,-0.7411734,0.3284191,-9.868511
IMU,739177794.0,1,-0.004211506,-0.02990055,-0.005755752,-0.7439833,0.4056669,-9.735433
IMU,739217522.0,1,-0.004218552,-0.0225988,-0.00841208,-0.7989337,0.4891912,-9.686208
IMU,739258034.0,1,-0.004813242,-0.02132901,-0.004575135,-0.7122105,0.5278267,-9.999131
IMU,739297564.0,1,-0.004150337,-0.02869374,-0.003413053,-0.7432296,0.4355904,-9.729777
IMU,739337490.0,1,-0.007441229,-0.02279407,-0.004912395,-0.7746239,0.3842492,-9.709733
IMU,739378117.0,1,-0.003724302,-0.02706653,-0.003015711,-0.7056245,0.4494632,-9.928302
IMU,739418511.0,1,-0.003693034,-0.02556142,-0.006971952,-0.7689421,0.3855021,-9.749654
IMU,739461500.0,1,-0.006342637,-0.02997104,-0.002415741,-0.8215457,0.4039085,-9.95651
IMU,739500780.0,1,-0.003363452,-0.02768018,-0.008248477,-0.7393073,0.3883718,-9.65127
IMU,739540857.0,1,-0.004244141,-0.02345297,-0.005911067,-0.7813722,0.3108471,-9.802819
IMU,739580947.0,1,-0.005976494,-0.02734295,-0.003072262,-0.752436,0.4333895,-9.811427
IMU,739620854.0,1,-0.005127699,-0.02609737,-0.008273498,-0.7350565,0.4471845,-9.644222
IMU,739661087.0,1,-0.005387693,-0.02256143,-0.004248568,-0.7528573,0.4591888,-9.900702
IMU,739701631.0,1,-0.005851457,-0.02518189,-0.003776015,-0.7435766,0.4162186,-9.801596
IMU,739741589.0,1,-0.004652457,-0.02817341,-0.01004203,-0.787282,0.4485604,-9.762231
IMU,739781230.0,1,-0.007417327,-0.01974711,-0.006545329,-0.8056697,0.420201,-9.768336
IMU,739821109.0,1,-0.007513515,-0.02072721,-0.008376856,-0.6933061,0.4193223,-9.846626
IMU,739862811.0,1,-0.006165186,-0.01822395,-0.003821069,-0.8216273,0.352827,-9.910543
IMU,739902111.0,1,-0.005288125,-0.03505713,-0.00588764,-0.7836381,0.4378176,-9.743951
IMU,739942128.0,1,-0.004250598,-0.02400297,-0.005891781,-0.742213,0.4579421,-9.532707
IMU,739982057.0,1,-0.00522783,-0.02046928,-0.005903265,-0.7871864,0.3692446,-9.83131
IMU,740022117.0,1,-0.003308957,-0.02118332,-0.007533995,-0.7953027,0.3685833,-9.742275
IMU,740064070.0,1,-0.006113982,-0.02794496,-0.003420071,-0.8754063,0.4097525,-9.81638
IMU,740104142.0,1,-0.004933598,-0.02270181,-0.007695584,-0.7827945,0.3303801,-9.860418
IMU,740144093.0,1,-0.005335259,-0.0299168,-0.009690827,-0.7115119,0.4378756,-9.950774
IMU,740184825.0,1,-0.005427587,-0.0206926,-0.005741353,-0.816477,0.4348426,-9.823021
IMU,736263043.0,2,-0.07338243,0.2041809,-0.1182893,-1.103991,0.137657,-9.659079
IMU,736303581.0,2,0.1419203,0.2013964,-0.0218349,-0.07696815,0.422218,-9.255385
IMU,736343277.0,2,0.04761647,0.1398456,-0.1608528,-1.154478,1.271279,-7.790874
IMU,736383653.0,2,-0.07711449,0.1130948,-0.1069323,-0.6631862,-0.6824945,-9.565355
IMU,736423305.0,2,-0.07516564,0.0902182,0.003901812,-0.5532212,-1.018403,-10.35215
IMU,736464045.0,2,0.02361888,0.007474939,-0.05200047,-1.183305,0.04074685,-10.80699
IMU,736504594.0,2,-0.02936607,0.06397864,-0.05640626,-1.34123,-0.4945374,-8.827255
IMU,736545264.0,2,-0.01006388,-0.05071174,-0.0142533,-1.516984,-0.06349916,-10.56439
IMU,736585779.0,2,0.00637855,-0.03009718,0.03405744,-1.218428,-0.4031165,-10.07152
IMU,736625274.0,2,0.05582493,-0.01332229,0.05842343,-1.011176,0.503931,-10.31119
IMU,736667804.0,2,0.06021271,-0.007012811,0.0565388,-1.624076,0.02985477,-8.906566
IMU,736707260.0,2,-0.08055698,0.08721768,-0.02604525,-0.8261942,0.2412118,-9.367277
IMU,736747497.0,2,0.02535068,0.07214145,0.002322466,-1.269796,-0.1331615,-9.922581
IMU,736787529.0,2,0.04491116,0.08913121,0.05468043,-0.912617,-0.6427355,-9.439667
IMU,736827174.0,2,-0.02461277,0.05427616,0.0134448,-1.858526,-0.2570307,-9.063215
IMU,736869509.0,2,0.0197161,0.1536838,0.05083885,-1.597537,-0.2356273,-9.550557
IMU,736914798.0,2,-0.003676196,0.2279316,0.04199361,-0.4284156,-0.0222352,-8.659523
IMU,736954521.0,2,0.0269549,0.1352617,0.01602739,-1.099685,0.2862594,-9.333338
IMU,736994499.0,2,0.08965865,0.1559898,0.008762429,-0.5763655,-0.1571174,-9.945855
IMU,737034501.0,2,0.05207261,0.1883103,-0.01191306,-0.4960687,0.3091935,-9.53184
IMU,737076613.0,2,0.01394046,0.1489785,-0.03463878,-0.6984761,-0.132682,-9.667792
IMU,737118826.0,2,-0.1046652,0.1302349,-0.03826848,-0.7146415,0.2550264,-9.749833
IMU,737158551.0,2,0.0358533,0.07588428,0.01821182,-0.2069678,0.1860341,-9.586773
IMU,737198856.0,2,0.06516225,0.1405266,-0.02030817,-1.011747,0.4207242,-8.698469
IMU,737239530.0,2,0.02124231,0.2328,-0.04744418,-1.549835,-0.4134611,-10.76485
IMU,737280041.0,2,-0.0287447,0.1773638,-0.05366307,-0.9913702,0.2519881,-8.702559
IMU,737319777.0,2,-0.02423817,0.1774779,-0.04778487,-1.077567,-0.3096313,-3.569598
IMU,737360174.0,2,-0.0392395,0.2844666,-0.1705605,-0.1378187,0.180299,-1.635478
IMU,737399862.0,2,-0.07166054,0.3574047,-0.267945,-0.3618023,-0.1600373,-0.7706549
IMU,737440145.0,2,-0.1095453,0.373248,-0.3210315,-0.3023102,0.009874343,-0.8036283
IMU,737481478.0,2,-0.1154802,0.325653,-0.3499409,-0.1898355,-0.04848429,-0.6597487
IMU,737521467.0,2,-0.1327049,0.3477598,-0.3558775,-0.2706251,0.06310683,-0.615912
IMU,737561811.0,2,-0.1377266,0.3699897,-0.3703318,-0.236942,0.006313411,-0.7006351
IMU,737601792.0,2,-0.188822,0.4108312,-0.3716857,-0.2482286,-0.006091305,-0.7253911
IMU,737641946.0,2,-0.2142776,0.4410214,-0.3721439,-0.2297553,0.04011003,-0.8114875
IMU,737682624.0,2,-0.1970682,0.4531845,-0.3783085,-0.2138214,0.05326053,-0.9339007
IMU,737723637.0,2,-0.1720283,0.4946059,-0.3834602,-0.2003902,0.02838462,-1.061405
IMU,737763779.0,2,-0.1883595,0.6024312,-0.3964204,-0.2028396,-0.001078702,-1.104641
IMU,737803327.0,2,-0.1989665,0.7080498,-0.4145697,-0.1757004,0.03161452,-1.223369
IMU,737845300.0,2,-0.1790251,0.7880054,-0.4427724,-0.1334452,0.06408425,-1.418627
IMU,737886478.0,2,-0.1514884,0.8356466,-0.4751243,-0.07588547,0.05977273,-1.487781
IMU,737928507.0,2,-0.1180202,0.8634707,-0.5009874,-0.05654048,0.05582669,-1.547756
IMU,737969055.0,2,-0.2445214,1.095699,-0.5141535,0.01198819,0.00724812,-3.035483
IMU,738009473.0,2,-0.3446665,1.101919,-0.5152092,1.007713,0.1636169,-7.93966
IMU,738049796.0,2,0.3047408,-3.548819,-0.7889274,8.481308,6.396667,-18.88173
IMU,738090281.0,2,10.51369,-4.445287,-1.190006,-41.50798,5.118986,-30.83768
IMU,738130271.0,2,-1.122058,-0.9547482,0.8756886,-1.330448,-6.641352,-7.697457
IMU,738170849.0,2,-0.30735,-1.923998,0.3156973,-2.252226,0.09799994,-1.168248
IMU,738210754.0,2,-0.4410874,-2.38069,-0.08332057,-1.166374,-0.8467224,-1.738142
IMU,738251847.0,2,-0.6474646,-2.458121,-0.1533079,-1.32314,-0.8466492,-0.7549186
IMU,738291856.0,2,-0.5483394,-2.426908,0.03189944,-1.213472,-0.6096717,-1.228122
IMU,738332635.0,2,-0.2528667,-2.074808,0.1064838,-1.339294,-0.4028231,-1.806929
IMU,738372547.0,2,0.7700909,-0.6695443,-0.2002781,-10.65105,5.529914,-12.56562
IMU,738411870.0,2,1.260632,3.667031,-0.2557693,-10.12402,-5.651356,-14.82908
IMU,738452331.0,2,-0.3654701,3.491702,-0.04668073,0.8270402,0.2701432,-7.589406
IMU,738491797.0,2,0.1258966,2.662021,0.07845508,0.5507334,-0.7833403,-14.27006
IMU,738535023.0,2,-0.009705852,1.024041,0.02956363,4.176464,0.800181,-16.80772
IMU,738574574.0,2,0.08628474,-0.5923207,0.02172642,0.9277389,-0.1067627,-12.83666
IMU,738614352.0,2,0.01439854,-0.9105238,0.00729054,-0.6851142,0.4037257,-9.319694
IMU,738657250.0,2,-0.01904819,-0.5333453,0.01902995,-1.720356,0.3349183,-7.830508
IMU,738697487.0,2,-0.01058051,0.0004263969,0.001349169,-1.849808,0.4863474,-7.872628
IMU,738737045.0,2,-0.01214457,0.3193936,-0.01943164,-1.151056,0.2100815,-9.451337
IMU,738778024.0,2,0.0002372605,0.2316425,-0.004353952,-0.4464018,0.3207508,-10.65568
IMU,738817643.0,2,0.002149656,-0.02655951,-0.004922403,-0.4042158,0.2396496,-10.67798
IMU,738857846.0,2,0.005826088,-0.08954658,0.009424854,-0.9963584,0.2941887,-9.457408
IMU,738897865.0,2,-0.008775653,0.03206636,-0.00452418,-0.9742295,0.3372554,-9.365523
IMU,738938264.0,2,-0.0001412711,0.02809803,-0.003677969,-0.6507297,0.2437397,-10.04716
IMU,738977527.0,2,0.003515278,-0.02410387,-0.001585932,-0.7960136,0.2901778,-9.754436
IMU,739017550.0,2,-0.00521128,0.009157652,-0.002066047,-0.8720565,0.3121946,-9.592037
IMU,739057812.0,2,-0.001296847,0.00488035,-0.002389917,-0.7524076,0.2851839,-9.872864
IMU,739097860.0,2,0.002338197,-0.005152444,-0.000372194,-0.8247007,0.284645,-9.704796
IMU,739137747.0,2,-0.003478546,0.00756123,-0.00258462,-0.7982711,0.3046531,-9.766341
IMU,739177794.0,2,0.000573243,-0.002502583,-0.001392416,-0.7947573,0.2935706,-9.786869
IMU,739217522.0,2,-0.003108999,0.002637513,-0.001883445,-0.8345675,0.2960234,-9.696303
IMU,739258034.0,2,-0.002660221,0.002761799,-0.001354127,-0.7752024,0.2868159,-9.817593
IMU,739297564.0,2,-0.001718266,-0.002085876,-0.0007867211,-0.8142413,0.2971983,-9.732933
IMU,739337490.0,2,-0.003776269,0.003163313,-0.002468788,-0.8136794,0.2993131,-9.773631
IMU,739378117.0,2,-0.001052965,8.192581e-05,-0.001802485,-0.7955264,0.2830078,-9.758636
IMU,739418511.0,2,-0.00246377,0.0003392119,-0.00124123,-0.8033651,0.2927364,-9.731933
IMU,739461500.0,2,-0.002511086,0.001676461,-0.001066818,-0.7904913,0.2847263,-9.775408
IMU,739500780.0,2,-0.001138216,0.0008312124,-0.0008816711,-0.81342,0.2999209,-9.738291
IMU,739540857.0,2,-0.002041161,0.0008350753,-0.001342395,-0.8034954,0.2892314,-9.779531
IMU,739580947.0,2,-0.001974732,-0.0002074381,-0.002012521,-0.7931591,0.2870229,-9.76132
IMU,739620854.0,2,-0.001328388,0.002129803,-0.001156094,-0.7998232,0.3054456,-9.765924
IMU,739661087.0,2,-0.002333844,0.001271378,-0.001501609,-0.7891704,0.2831489,-9.771372
IMU,739701631.0,2,-0.002383645,0.0007339259,-0.002998844,-0.8066304,0.2977412,-9.769302
IMU,739741589.0,2,-0.001806851,0.001471118,-0.003397529,-0.8079029,0.286854,-9.748631
IMU,739781230.0,2,-0.001967147,0.001200322,-0.002238168,-0.8051597,0.2919811,-9.778566
IMU,739821109.0,2,-0.003053677,0.0009876256,-0.002874857,-0.8047941,0.296014,-9.766082
IMU,739862811.0,2,-0.002830062,0.001591511,-0.001558695,-0.7974632,0.2980473,-9.769567
IMU,739902111.0,2,-0.001631592,0.0007267201,-0.002588628,-0.8032461,0.2963234,-9.747236
IMU,739942128.0,2,-0.001233262,0.0006010651,-0.001023905,-0.8065117,0.2894895,-9.758202
IMU,739982057.0,2,-0.002601972,0.001245724,-0.002205801,-0.7961369,0.2923734,-9.775228
IMU,740022117.0,2,-0.002077525,-0.0003555306,-0.00193467,-0.8019227,0.2846649,-9.746059
IMU,740064070.0,2,-0.001686058,0.00214505,-0.001099889,-0.7922978,0.2995957,-9.773146
IMU,740104142.0,2,-0.002347362,0.001546738,-0.002520403,-0.8040328,0.2856847,-9.762373
IMU,740144093.0,2,-0.002019127,0.002276219,-0.001045612,-0.7846031,0.2899383,-9.767407
IMU,740184825.0,2,-0.003184097,0.0006354928,-0.001608855,-0.789549,0.2873944,-9.740806
