ARM,833595639.0,0.0
AHR2,832597177.0,-2.04,-2.5,145.67,470.48,43.2382838,-7.6818237
AHR2,832699767.0,-1.97,-1.83,145.52,470.4,43.2382801,-7.6818205
AHR2,832800283.0,-1.72,-1.43,145.53,470.42,43.2382769,-7.6818179
AHR2,832903143.0,-1.89,-0.66,145.87,470.24,43.2382741,-7.6818155
AHR2,833003496.0,-2.02,0.46,145.94,470.29,43.2382711,-7.6818129
AHR2,833104509.0,-1.54,1.15,145.72,470.43,43.2382685,-7.6818106
AHR2,833204530.0,-1.59,1.99,145.77,470.2,43.2382656,-7.6818081
AHR2,833306227.0,-1.2,2.77,145.82,470.31,43.2382633,-7.681806
AHR2,833406602.0,-1.67,3.39,145.9,470.11,43.2382606,-7.6818036
AHR2,833508811.0,-1.59,4.18,145.44,470.47,43.2382588,-7.6818019
AHR2,833609020.0,-0.92,5.18,144.93,470.29,43.2382561,-7.6817996
AHR2,833710443.0,0.02,6.6,144.28,469.53,43.2382537,-7.6817976
AHR2,833810258.0,1.8,9.15,142.32,469.21,43.2382513,-7.6817955
AHR2,833911564.0,3.37,11.84,140.04,469.24,43.2382496,-7.6817932
AHR2,834011597.0,4.53,14.55,137.78,469.15,43.2382474,-7.6817911
AHR2,834113437.0,5.42,16.94,135.46,468.74,43.238244,-7.6817888
AHR2,834213692.0,6.0,19.02,133.08,468.59,43.2382416,-7.6817867
AHR2,834315863.0,5.91,20.61,130.55,468.13,43.2382399,-7.6817851
AHR2,834416564.0,2.31,19.36,127.98,467.51,43.2382376,-7.6817831
AHR2,834518037.0,11.33,-4.96,132.84,465.45,43.2382363,-7.6817826
AHR2,834618303.0,23.61,-14.04,138.35,465.42,43.238234,-7.6817809
AHR2,834720462.0,25.39,-12.41,143.31,465.77,43.2382363,-7.6817794
AHR2,834821156.0,8.85,1.58,151.41,465.52,43.2382358,-7.681778
AHR2,834921299.0,8.34,6.07,152.73,465.6,43.2382378,-7.6817813
AHR2,835021575.0,8.83,3.14,152.29,465.69,43.2382382,-7.6817815
AHR2,835121357.0,8.72,3.17,152.34,465.64,43.238238,-7.681781
AHR2,835222326.0,8.65,3.25,152.36,465.92,43.2382382,-7.6817809
AHR2,835322613.0,8.63,3.21,152.37,465.87,43.238238,-7.6817809
AHR2,835422748.0,8.62,3.17,152.39,465.72,43.2382381,-7.6817808
AHR2,835522645.0,8.6,3.12,152.4,465.8,43.2382384,-7.6817806
AHR2,835622606.0,8.58,3.07,152.42,465.75,43.2382386,-7.6817805
AHR2,835722642.0,8.56,3.02,152.44,465.7,43.2382382,-7.6817806
AHR2,835823031.0,8.54,2.97,152.46,465.75,43.2382383,-7.6817806
AHR2,835923118.0,8.52,2.92,152.48,465.86,43.2382383,-7.6817804
AHR2,836023252.0,8.5,2.87,152.49,465.9,43.2382384,-7.6817802
AHR2,836123307.0,8.48,2.82,152.51,465.77,43.2382383,-7.681781
AHR2,836223626.0,8.47,2.78,152.53,465.85,43.2382383,-7.6817811
AHR2,836325109.0,8.45,2.73,152.56,465.73,43.2382383,-7.6817811
ATT,832596596.0,-2.305583,-1.989993,-3.133901,-2.829781,149.0302,148.9013
ATT,832699115.0,-2.202969,-1.910179,-2.553642,-2.184162,149.0163,148.714
ATT,832799627.0,-2.172945,-1.671135,-1.787217,-1.751534,149.0011,148.6551
ATT,832902533.0,-2.083167,-1.852173,-0.8993673,-0.9846854,148.9835,148.9046
ATT,833002793.0,-1.997851,-1.991906,-0.05265298,0.1210875,148.9681,148.9051
ATT,833103846.0,-1.929358,-1.504025,0.7623678,0.8162416,148.9543,148.629
ATT,833203838.0,-1.787586,-1.53637,1.55419,1.661966,148.9429,148.6243
ATT,833305551.0,-1.66486,-1.148461,2.409284,2.412597,148.9322,148.6565
ATT,833405750.0,-1.531491,-1.616987,3.255675,2.985814,148.9236,148.6978
ATT,833508154.0,-1.30418,-1.550973,4.136611,3.764894,148.9201,148.2012
ATT,833608447.0,-1.023054,-0.8972142,5.019791,4.827746,147.67,147.6566
ATT,833709790.0,-0.5184956,0.03082685,2.766186,6.360452,146.9782,146.9787
ATT,833809647.0,-0.2637849,1.795108,1.40729,9.067216,145.0262,145.0533
ATT,833910779.0,-0.1335324,3.41419,0.7123925,11.98691,142.7688,142.8208
ATT,834010785.0,-0.06817363,4.655501,0.3637061,14.97112,140.5547,140.6265
ATT,834112779.0,-0.0344246,5.541487,0.1836555,17.72045,138.2337,138.3203
ATT,834213084.0,-0.01757606,6.09487,0.09376858,20.17676,135.8039,135.9005
ATT,834315270.0,-0.008826911,5.970881,0.04709072,22.15401,133.2185,133.3144
ATT,834415735.0,-0.004491866,2.285725,0.02396396,21.28124,130.5824,130.6189
ATT,834517332.0,-0.002265902,11.28785,0.01208897,-2.749123,135.4145,135.5818
ATT,834617741.0,-0.001157304,23.37512,0.006173481,-11.46833,140.9326,141.2782
ATT,834719800.0,-0.0005821135,26.35347,0.003104408,-10.67421,145.7392,146.1248
ATT,834820443.0,-0.0002963403,11.36225,0.001579769,2.097164,154.0175,154.1859
ATT,834920587.0,-0.0001503409,11.19682,0.0008017704,8.299286,155.293,155.4606
ATT,835020812.0,-7.675517e-05,11.78945,0.000409708,7.7854,154.8605,155.0366
ATT,835120636.0,-7.408365e-05,11.75654,0.0003953182,8.313192,154.9583,155.1342
ATT,835221741.0,-7.246024e-05,11.74076,0.0003869366,8.417797,154.9766,155.1523
ATT,835322076.0,-6.969731e-05,11.74271,0.0003722107,8.455691,155.0069,155.1826
ATT,835422085.0,-6.969731e-05,11.74195,0.0003722106,8.497245,155.0379,155.2136
ATT,835522034.0,-6.969734e-05,11.73983,0.0003722107,8.540402,155.0758,155.2515
ATT,835622079.0,-6.969731e-05,11.73739,0.0003722106,8.587573,155.1266,155.3023
ATT,835722072.0,-6.969734e-05,11.7332,0.0003722107,8.645385,155.201,155.3767
ATT,835822309.0,-6.969734e-05,11.73035,0.0003722108,8.693897,155.2618,155.4374
ATT,835922529.0,-6.832941e-05,11.72051,0.0003647038,8.754732,155.3531,155.5286
ATT,836022607.0,-6.832941e-05,11.71039,0.0003647039,8.800888,155.4211,155.5965
ATT,836122740.0,-6.702932e-05,11.69222,0.0003579461,8.863719,155.5495,155.7246
ATT,836223031.0,-6.702934e-05,11.67676,0.0003579462,8.916852,155.6575,155.8325
ATT,836324528.0,-6.533352e-05,11.65141,0.0003489604,8.975754,155.7939,155.9685
BARO,832583824.0,0,2.136383,471.0164,96538.34
BARO,832686882.0,0,2.051605,470.9316,96539.27
BARO,832787183.0,0,2.074219,470.9542,96539.01
BARO,832889794.0,0,1.893372,470.7733,96540.98
BARO,832990060.0,0,1.944244,470.8242,96540.41
BARO,833091563.0,0,2.082703,470.9627,96538.92
BARO,833191567.0,0,1.853821,470.7338,96541.39
BARO,833293042.0,0,1.961182,470.8412,96540.23
BARO,833393434.0,0,1.760559,470.6405,96542.41
BARO,833495538.0,0,2.127899,471.0079,96538.45
BARO,833595872.0,0,1.944244,470.8242,96540.42
BARO,833697272.0,0,1.186951,470.0669,96548.59
BARO,833797540.0,0,0.8648071,469.7448,96552.09
BARO,833898570.0,0,0.8902588,469.7702,96551.82
BARO,833998436.0,0,0.805481,469.6855,96552.72
BARO,834100256.0,0,0.3985596,469.2785,96557.13
BARO,834200551.0,0,0.2488098,469.1288,96558.74
BARO,834303006.0,0,-0.211792,468.6682,96563.72
BARO,834403273.0,0,-0.8334351,468.0465,96570.45
BARO,834504587.0,0,-2.89621,465.9838,96592.77
BARO,834605088.0,0,-2.924469,465.9555,96593.05
BARO,834707436.0,0,-2.579742,466.3002,96589.34
BARO,834808003.0,0,-2.825562,466.0544,96592.01
BARO,834908282.0,0,-2.743622,466.1364,96591.1
BARO,835008158.0,0,-2.656036,466.2239,96590.16
BARO,835108253.0,0,-2.706879,466.1731,96590.71
BARO,835209065.0,0,-2.429962,466.45,96587.71
BARO,835310049.0,0,-2.472351,466.4076,96588.18
BARO,835410087.0,0,-2.627777,466.2522,96589.85
BARO,835509566.0,0,-2.542999,466.337,96588.93
BARO,835609557.0,0,-2.59668,466.2833,96589.51
BARO,835709737.0,0,-2.641907,466.2381,96589.99
BARO,835809495.0,0,-2.599518,466.2805,96589.55
BARO,835910057.0,0,-2.486481,466.3935,96588.33
BARO,836010025.0,0,-2.441284,466.4387,96587.83
BARO,836110536.0,0,-2.576904,466.3031,96589.31
BARO,836210557.0,0,-2.492126,466.3878,96588.4
BARO,836312127.0,0,-2.619293,466.2607,96589.75
BARO,832583824.0,1,2.286163,471.1661,96523.91
BARO,832686882.0,1,2.077057,470.957,96526.17
BARO,832787183.0,1,2.337006,471.217,96523.38
BARO,832889794.0,1,2.054443,470.9344,96526.41
BARO,832990060.0,1,2.39917,471.2791,96522.71
BARO,833091563.0,1,2.108124,470.9881,96525.84
BARO,833191567.0,1,2.26355,471.1435,96524.17
BARO,833293042.0,1,2.272034,471.152,96524.08
BARO,833393434.0,1,2.150513,471.0305,96525.39
BARO,833495538.0,1,2.407654,471.2876,96522.62
BARO,833595872.0,1,2.311584,471.1916,96523.66
BARO,833697272.0,1,1.520386,470.4004,96532.2
BARO,833797540.0,1,1.367798,470.2478,96533.86
BARO,833898570.0,1,1.446899,470.3269,96533.0
BARO,833998436.0,1,1.319763,470.1997,96534.35
BARO,834100256.0,1,0.9354553,469.8154,96538.51
BARO,834200551.0,1,0.5426941,469.4227,96542.76
BARO,834303006.0,1,0.07644653,468.9564,96547.81
BARO,834403273.0,1,-0.5423889,468.3376,96554.5
BARO,834504587.0,1,-5.704987,463.175,96610.34
BARO,834605088.0,1,-2.73233,466.1476,96578.17
BARO,834707436.0,1,-2.206757,466.6732,96572.49
BARO,834808003.0,1,-2.29715,466.5828,96573.48
BARO,834908282.0,1,-2.381927,466.498,96574.38
BARO,835008158.0,1,-2.198273,466.6817,96572.39
BARO,835108253.0,1,-2.345215,466.5348,96573.98
BARO,835209065.0,1,-2.373444,466.5065,96574.29
BARO,835310049.0,1,-2.345215,466.5348,96573.99
BARO,835410087.0,1,-2.266083,466.6139,96573.13
BARO,835509566.0,1,-2.452576,466.4274,96575.16
BARO,835609557.0,1,-2.028717,466.8513,96570.57
BARO,835709737.0,1,-2.212402,466.6676,96572.56
BARO,835809495.0,1,-2.571259,466.3087,96576.43
BARO,835910057.0,1,-2.559967,466.32,96576.3
BARO,836010025.0,1,-2.413025,466.4669,96574.71
BARO,836110536.0,1,-2.367798,466.5122,96574.25
BARO,836210557.0,1,-2.305634,466.5743,96573.58
BARO,836312127.0,1,-2.492126,466.3878,96575.58
GPS,832634892.0,4,20,43.2382858,-7.6818252,464.28,4.119,0.191,0.0
GPS,832838451.0,4,20,43.2382797,-7.6818201,464.23,3.999,0.227,0.0
GPS,833040561.0,4,20,43.2382738,-7.6818151,464.2,3.844,0.194,0.0
GPS,833242018.0,4,20,43.2382682,-7.6818103,464.16,3.579,0.221,0.0
GPS,833463860.0,4,20,43.238263,-7.6818056,464.1,3.476,0.339,0.0
GPS,833646004.0,4,20,43.238258,-7.6818013,464.05,3.175,0.243,0.0
GPS,833848206.0,4,20,43.2382535,-7.6817971,463.87,3.005,1.655,0.0
GPS,834029446.0,4,20,43.2382489,-7.6817929,463.35,3.182,3.592,0.0
GPS,834231526.0,4,20,43.2382443,-7.681789,462.48,2.93,5.246,0.0
GPS,834473810.0,4,20,43.2382399,-7.6817854,461.25,2.912,7.056,0.0
GPS,834635826.0,4,20,43.2382372,-7.6817821,459.89,1.246,6.302001,0.0
GPS,834838601.0,4,20,43.2382371,-7.681781,459.17,0.448,1.201,0.0
GPS,835038523.0,4,20,43.2382377,-7.6817811,459.11,0.219,-0.323,0.0
GPS,835239866.0,4,20,43.2382379,-7.681781,459.21,0.108,-0.309,0.0
GPS,835460043.0,4,20,43.2382381,-7.6817808,459.3,0.247,-0.285,0.0
GPS,835640010.0,4,20,43.2382382,-7.6817806,459.41,0.048,-0.229,0.0
GPS,835840307.0,4,20,43.2382382,-7.6817806,459.52,0.146,-0.146,0.0
GPS,836040129.0,4,20,43.2382383,-7.6817808,459.59,0.09200001,-0.171,0.0
GPS,836241171.0,4,20,43.2382383,-7.6817811,459.58,0.04,-0.118,0.0
IMU,832514053.0,0,-0.02168175,0.05916322,0.06334198,-1.278172,0.2608419,-9.145732
IMU,832554451.0,0,0.07265587,0.03334111,0.0518512,-0.439211,1.31655,-9.548251
IMU,832594106.0,0,0.08224811,0.04942811,0.02617552,-0.6238614,0.8951243,-9.529587
IMU,832635077.0,0,-0.1336251,0.1159283,0.002555004,-1.165147,-0.04142158,-8.600883
IMU,832676739.0,0,-0.04423288,0.06565788,0.06467941,-1.206545,-0.4106981,-9.141779
IMU,832717268.0,0,-0.05039269,0.03318024,0.05248427,-1.263529,-0.6143796,-9.098457
IMU,832756813.0,0,0.1004713,-0.009058851,0.01100044,-0.9446585,0.6982328,-9.671932
IMU,832797163.0,0,-0.1442288,0.1309322,-0.0266541,-0.6842293,0.1123396,-9.193564
IMU,832840107.0,0,0.08899422,0.1581894,-0.04724536,-0.009137928,1.160991,-10.51354
IMU,832882308.0,0,0.09400155,0.07503252,0.05279502,-0.2002301,1.465765,-10.26791
IMU,832923048.0,0,0.02313059,0.1262405,0.02878602,-0.8646208,0.9578902,-9.095679
IMU,832962530.0,0,-0.05950192,0.187933,0.02966317,-1.172021,-0.5044389,-9.262172
IMU,833005596.0,0,-0.04327155,0.2216462,0.06113952,-1.145269,-0.480476,-9.362338
IMU,833048735.0,0,0.07280329,0.211365,-0.05030044,-0.3599983,0.6365969,-9.677732
IMU,833089291.0,0,0.03190212,0.149106,-0.04753462,-1.063283,-0.1577254,-9.840993
IMU,833128888.0,0,0.1298726,0.1263736,-0.04008843,-0.7338991,-0.1978698,-9.634992
IMU,833168859.0,0,0.200256,0.0396773,-0.02426783,-0.6499372,1.431389,-10.3399
IMU,833209559.0,0,0.02868158,0.1857765,0.00508296,-0.194651,0.7062838,-9.355604
IMU,833252884.0,0,-0.08646613,0.170169,0.001834765,-0.2101375,0.7691779,-9.91109
IMU,833293246.0,0,0.02556474,0.1924018,-0.02554094,-0.3522101,0.5389857,-9.886952
IMU,833335794.0,0,0.1456762,0.1002873,-0.08045292,-0.302332,0.9698727,-10.20653
IMU,833375764.0,0,-0.03988556,0.1691443,-0.06724277,-0.5918084,-0.491278,-9.882099
IMU,833416148.0,0,-0.009922216,0.1370886,-0.07842468,-1.388542,-0.4550075,-9.917915
IMU,833456081.0,0,0.010219,0.07188799,0.01756893,-0.5280575,0.5437261,-9.299883
IMU,833498005.0,0,0.03075166,0.06603722,-0.008565468,-0.94216,-0.07602568,-9.692876
IMU,833538107.0,0,0.06380085,0.1305121,-0.05565078,-0.5095868,0.4491484,-9.774969
IMU,833578240.0,0,0.06053436,0.2029586,-0.1193558,-0.2024889,0.5152003,-10.63704
IMU,833618505.0,0,0.07647412,0.2159568,-0.09750291,0.374341,1.837611,-9.56937
IMU,833659139.0,0,0.181049,0.1759843,-0.1274507,0.2581941,-0.0787163,-2.594284
IMU,833699168.0,0,0.2806136,0.3606138,-0.2224151,-0.2339329,0.1219863,-0.2086676
IMU,833742246.0,0,0.3447244,0.4365358,-0.2965594,-0.2126099,0.02879329,-0.8014602
IMU,833782488.0,0,0.377464,0.474436,-0.3738667,-0.1255353,0.08423122,-0.6085992
IMU,833822283.0,0,0.3990339,0.4861815,-0.4017814,-0.07524919,0.05395845,-0.5605527
IMU,833863781.0,0,0.3662803,0.4798498,-0.4133414,-0.1256486,-0.0428285,-0.7164644
IMU,833903301.0,0,0.3592111,0.4909838,-0.4136747,-0.09663989,0.05195021,-0.6674462
IMU,833943276.0,0,0.3564574,0.4900934,-0.4170573,-0.1021031,-0.07072812,-0.8706256
IMU,833983819.0,0,0.3174792,0.4921219,-0.4216422,-0.0926162,-0.05796713,-0.8617818
IMU,834023603.0,0,0.2883422,0.4799735,-0.4258516,-0.03162343,-0.04480492,-0.9263055
IMU,834065125.0,0,0.2857082,0.4385705,-0.4240593,-0.02067207,-0.03960597,-0.9776051
IMU,834105024.0,0,0.2825852,0.4200088,-0.4323283,-0.008217001,-0.02966623,-1.105918
IMU,834145002.0,0,0.2695193,0.3999346,-0.436578,-0.01696081,-0.04539452,-1.176828
IMU,834185072.0,0,0.2477097,0.3812073,-0.4448043,-0.005118789,-0.05796942,-1.267199
IMU,834225774.0,0,0.2078406,0.3552095,-0.4458362,0.008423563,-0.0693336,-1.394137
IMU,834268139.0,0,0.162439,0.2988133,-0.4423449,0.03253296,-0.07169554,-1.477701
IMU,834307761.0,0,0.1225621,0.2465779,-0.441879,0.04082622,-0.08324276,-1.582748
IMU,834347819.0,0,-0.007417659,-0.121259,-0.5064702,0.3658393,-0.2681746,-2.509822
IMU,834387877.0,0,-0.405709,-0.3727833,-0.4178882,0.07156414,-1.427475,-2.676606
IMU,834428245.0,0,-1.595415,-0.6166258,-0.2227964,2.611472,-2.322971,-15.00378
IMU,834468304.0,0,1.205065,-8.186307,2.241064,30.77548,16.87019,-67.80989
IMU,834509630.0,0,2.192601,-1.747581,1.560429,2.21157,-8.71092,3.103089
IMU,834550559.0,0,2.414798,-1.651503,1.728971,-1.580662,-0.2153126,2.704598
IMU,834589648.0,0,2.23854,-0.981478,1.254712,-0.8991011,-1.302258,-0.3851107
IMU,834630496.0,0,1.811388,-0.4712723,0.7852913,-0.9875469,-1.853072,-0.4999736
IMU,834671871.0,0,1.033875,0.1475694,0.5828896,-1.705519,-1.830966,-0.8077151
IMU,834711792.0,0,-0.208536,1.299364,0.6983569,-4.96136,-5.08086,-2.518461
IMU,834753064.0,0,-2.201647,2.804175,0.5768006,-4.663834,-5.173729,-1.437492
IMU,834793100.0,0,-2.859346,2.407646,0.741325,-3.253053,-4.613623,-6.185346
IMU,834833510.0,0,-0.6478478,4.21427,0.2427588,-3.508536,10.57644,-27.49913
IMU,834873513.0,0,-0.51737,0.3089119,-0.1328191,3.120583,8.7852,-36.15445
IMU,834913262.0,0,0.3128462,-0.9054405,-0.1553704,2.568282,-1.495542,-4.498715
IMU,834954169.0,0,0.503021,-0.7511452,-0.1344614,-3.098573,-3.297606,-8.135611
IMU,834993776.0,0,-0.174639,0.08224767,0.03096224,-1.307669,-0.7606527,-7.084849
IMU,835033259.0,0,0.01413248,0.459222,-0.02411472,0.06096506,-1.6235,-9.837525
IMU,835073296.0,0,-0.005504556,0.1306646,-0.01042336,1.399993,-1.087066,-11.43646
IMU,835113280.0,0,0.0383134,-0.1406798,0.0001927341,0.1560268,-1.25644,-9.482744
IMU,835154078.0,0,0.0125704,0.01456996,-0.004145165,-0.1483234,-1.316174,-9.0228
IMU,835193657.0,0,0.0006062645,0.03705068,-0.002398731,0.3505197,-1.28188,-10.04904
IMU,835234180.0,0,0.009633999,-0.01691614,0.0002529967,0.1490286,-1.249503,-9.604391
IMU,835275225.0,0,0.008976438,0.008418665,-0.0007923779,0.1965838,-1.251693,-9.744425
IMU,835314541.0,0,0.0112429,-0.003649878,-0.0005962552,0.1767422,-1.240817,-9.655511
IMU,835354488.0,0,0.01062156,0.00173166,-0.0002342179,0.2101314,-1.238992,-9.728267
IMU,835394618.0,0,0.009499177,0.0005236856,-0.0006415978,0.1811254,-1.260507,-9.677791
IMU,835434494.0,0,0.010598,0.0007220526,-0.0001615937,0.206323,-1.253464,-9.728131
IMU,835474632.0,0,0.009536668,0.00111516,-0.001721054,0.2016612,-1.256983,-9.69907
IMU,835514990.0,0,0.009179405,-0.0008735198,-0.0005529813,0.1933158,-1.249914,-9.704688
IMU,835555062.0,0,0.009763123,0.000525055,-2.310034e-05,0.1908466,-1.25531,-9.698938
IMU,835594577.0,0,0.009997503,0.00213311,-0.000676694,0.2136408,-1.253597,-9.708362
IMU,835634909.0,0,0.009555511,-0.0005432931,0.0003425984,0.1974337,-1.263219,-9.683158
IMU,835675432.0,0,0.01014935,0.0003081525,-0.0002407688,0.1952298,-1.265123,-9.719953
IMU,835714823.0,0,0.009897822,0.0003177002,0.0001223399,0.1890066,-1.247495,-9.701181
IMU,835754559.0,0,0.009984886,0.001051943,-0.0005054448,0.2017253,-1.248658,-9.699685
IMU,835794998.0,0,0.009286954,0.0007651544,-0.0007283919,0.2046857,-1.247908,-9.718361
IMU,835834916.0,0,0.009977453,-0.0004501184,-0.000433537,0.2011884,-1.264727,-9.681826
IMU,835874858.0,0,0.01063348,-0.0001554868,-0.0005948134,0.2002818,-1.25963,-9.710876
IMU,835914992.0,0,0.008958902,-0.0002965002,0.0003246579,0.2102632,-1.248432,-9.686928
IMU,835955788.0,0,0.009531459,-0.0009043656,-0.0003352247,0.2051291,-1.255165,-9.664481
IMU,835995142.0,0,0.008899492,-0.0001625591,-0.001584517,0.2026356,-1.257077,-9.705914
IMU,836034795.0,0,0.01055349,-0.0006556713,-8.007903e-05,0.2088773,-1.262208,-9.689162
IMU,836075447.0,0,0.008427047,7.991406e-05,-0.000942664,0.1955575,-1.270985,-9.712966
IMU,836115823.0,0,0.009902775,-0.0005627419,3.234072e-05,0.2130639,-1.259924,-9.700005
IMU,836156070.0,0,0.009751565,0.000184903,7.426691e-06,0.2101454,-1.258789,-9.699973
IMU,836195240.0,0,0.009877865,0.0009406963,-0.00139905,0.1966355,-1.250798,-9.695825
IMU,836235282.0,0,0.008796592,-0.0007589342,-0.0001357846,0.1964867,-1.254733,-9.718576
IMU,836277654.0,0,0.008690089,0.001065553,-0.0007865087,0.1992104,-1.25372,-9.707187
IMU,836317625.0,0,0.01056355,0.0009627862,-0.0007245698,0.2031238,-1.246437,-9.704349
IMU,836357136.0,0,0.009561376,-4.316952e-05,-0.0009758829,0.2101565,-1.249414,-9.706757
IMU,836397117.0,0,0.01030597,0.0001037153,-0.0004125917,0.2195089,-1.235285,-9.699757
IMU,836437110.0,0,0.009109923,-2.056411e-05,8.183884e-05,0.200987,-1.254715,-9.708498
IMU,832514053.0,1,0.04132292,0.06179653,-0.02411481,-1.460445,0.106067,-9.147084
IMU,832554451.0,1,0.05357466,0.06414953,-0.02333215,-0.3923993,0.8310863,-10.06979
IMU,832594106.0,1,0.02475237,0.1164149,-0.01519273,-0.6625581,0.166151,-9.845936
IMU,832635077.0,1,-0.09852122,0.08226863,-0.05566568,-1.208474,0.1475868,-8.850292
IMU,832676739.0,1,-0.03796535,0.03495882,0.02709488,-0.8024158,-0.3019994,-9.215831
IMU,832717268.0,1,0.003390193,-0.04076247,0.02058933,-1.132232,-1.245316,-8.687074
IMU,832756813.0,1,0.06222615,-0.01866401,0.01174945,-0.570104,0.2905626,-9.884308
IMU,832797163.0,1,-0.1349461,0.09798696,-0.03372993,-0.4489759,0.4865678,-8.760319
IMU,832840107.0,1,-0.02985733,0.1519774,-0.05319373,-0.4786111,1.052712,-10.44917
IMU,832882308.0,1,0.06221691,0.09048396,0.008686941,-0.4729338,1.307965,-10.03144
IMU,832923048.0,1,-0.003050392,0.1072346,-0.01797209,-1.003599,1.445389,-9.05999
IMU,832962530.0,1,-0.02501992,0.1466413,-0.01808915,-1.615545,-0.3490983,-9.581801
IMU,833005596.0,1,-0.02630964,0.1395862,0.06002857,-0.5241331,-0.2540018,-9.259091
IMU,833048735.0,1,-0.006816045,0.1482056,-0.05068865,-0.2888876,1.172155,-10.11256
IMU,833089291.0,1,-0.05222293,0.08353248,-0.07830127,-1.131916,0.1359738,-9.709032
IMU,833128888.0,1,0.08741796,0.04636387,-0.05258998,-1.463793,-0.7300155,-10.12658
IMU,833168859.0,1,0.08137058,0.04220513,-0.02719282,-1.323493,0.8645037,-10.08842
IMU,833209559.0,1,0.004355039,0.1361861,-0.0278519,-0.6635312,0.1903134,-8.986092
IMU,833252884.0,1,-0.1010061,0.1436237,-0.002072151,0.6364406,0.4326072,-9.20439
IMU,833293246.0,1,-0.0358814,0.1513129,-0.01299221,0.4027503,0.5057413,-9.337749
IMU,833335794.0,1,0.04487702,0.08742987,-0.1365567,-0.7525297,1.518076,-10.64896
IMU,833375764.0,1,-0.08194064,0.091745,-0.09249633,-0.8481579,-0.8597742,-10.088
IMU,833416148.0,1,0.0011304,0.08424983,-0.1188166,-1.660188,-0.6621085,-10.50707
IMU,833456081.0,1,0.01997782,0.06655559,-0.04516164,-0.6336964,0.2498629,-9.974359
IMU,833498005.0,1,0.05345739,0.04129451,-0.0452197,-0.7767501,-0.7812332,-10.12911
IMU,833538107.0,1,0.03338641,0.08387307,-0.05296624,-0.04508879,0.01189576,-10.13719
IMU,833578240.0,1,0.01297272,0.1702231,-0.09878749,0.02155279,0.1490189,-10.39572
IMU,833618505.0,1,0.03376104,0.1673542,-0.0803349,1.3294,2.189306,-9.143751
IMU,833659139.0,1,0.1830561,0.1957273,-0.1078913,-0.05486076,0.3935617,-2.997413
IMU,833699168.0,1,0.2440569,0.2995723,-0.1931688,-0.4093623,0.6587702,-0.4305312
IMU,833742246.0,1,0.2896529,0.3683587,-0.2614544,-0.2578088,0.3079407,-0.8970215
IMU,833782488.0,1,0.3156712,0.3921736,-0.3333546,-0.0458204,0.2000397,-0.5794869
IMU,833822283.0,1,0.3413679,0.4133742,-0.3600851,-0.1279413,0.09134563,-0.5492652
IMU,833863781.0,1,0.3085124,0.3999365,-0.3714201,-0.1386703,0.139652,-0.7551414
IMU,833903301.0,1,0.2990732,0.4120426,-0.3739937,-0.1255593,0.1943422,-0.6542986
IMU,833943276.0,1,0.2991686,0.415534,-0.3749905,-0.03295049,0.1505711,-0.9187379
IMU,833983819.0,1,0.2606233,0.4171512,-0.3811674,-0.06780989,0.02534831,-0.7688464
IMU,834023603.0,1,0.2276159,0.4044928,-0.3863474,-0.1415876,0.1516336,-0.9412371
IMU,834065125.0,1,0.2289006,0.366329,-0.3883066,-0.1203635,0.111807,-1.077701
IMU,834105024.0,1,0.2234824,0.3403813,-0.3963731,-0.05418596,0.1483589,-1.132819
IMU,834145002.0,1,0.20985,0.3274809,-0.3965954,-0.01908337,0.1161312,-1.056484
IMU,834185072.0,1,0.1893732,0.3046924,-0.4063652,0.03610896,0.09658835,-1.339799
IMU,834225774.0,1,0.1509634,0.2868281,-0.4090929,0.0137607,0.1170657,-1.596336
IMU,834268139.0,1,0.1029303,0.2332527,-0.4092068,0.0312815,0.1056655,-1.479002
IMU,834307761.0,1,0.06418706,0.1856267,-0.4092587,-0.05133807,0.07591148,-1.551208
IMU,834347819.0,1,-0.045884,-0.13513,-0.4662908,0.1772507,-0.02976583,-2.378769
IMU,834387877.0,1,-0.4197567,-0.3943964,-0.4104002,0.005580628,-1.330189,-2.86606
IMU,834428245.0,1,-1.573562,-0.5346847,-0.2799115,2.177108,-2.821386,-15.53028
IMU,834468304.0,1,0.7565452,-13.17305,1.787052,29.14291,-13.0128,-90.85928
IMU,834509630.0,1,2.329762,-1.699318,1.397126,2.019478,-8.518879,3.610094
IMU,834550559.0,1,2.337475,-1.759351,1.699862,-1.351322,-0.1708393,2.961449
IMU,834589648.0,1,2.223933,-1.037223,1.248797,-0.8191428,-1.170321,-0.4019212
IMU,834630496.0,1,1.788008,-0.5209646,0.7794781,-0.9524068,-1.683925,-0.4731786
IMU,834671871.0,1,1.042579,0.06282198,0.5606108,-1.675565,-1.679096,-1.007554
IMU,834711792.0,1,-0.08163698,1.106329,0.6110582,-5.047985,-5.023881,-2.753757
IMU,834753064.0,1,-2.138161,2.687847,0.4513378,-4.902411,-5.359358,-1.453785
IMU,834793100.0,1,-2.765715,2.353449,0.5686688,-3.067528,-4.419895,-6.176876
IMU,834833510.0,1,-0.7831181,3.908142,0.2220497,-2.740873,9.839709,-26.13791
IMU,834873513.0,1,-0.6361666,0.2928787,-0.2334354,1.873078,7.360168,-36.8728
IMU,834913262.0,1,0.2832375,-0.8293179,-0.1436556,2.265446,-1.391227,-5.063455
IMU,834954169.0,1,0.4502197,-0.8308914,-0.1214466,-3.299515,-3.451018,-8.209252
IMU,834993776.0,1,-0.1956575,0.03170635,0.02183241,-1.240011,-0.4113981,-6.848373
IMU,835033259.0,1,-0.0004185101,0.3908118,-0.02148117,-0.02872989,-1.557672,-10.0333
IMU,835073296.0,1,-0.02169188,0.1028792,-0.01261199,1.422656,-0.9859139,-11.59094
IMU,835113280.0,1,0.01016656,-0.1716342,-0.003542398,0.2144486,-1.265671,-9.36622
IMU,835154078.0,1,-0.003168094,-0.01411673,-0.008423501,-0.1333028,-1.241225,-8.840957
IMU,835193657.0,1,-0.0152897,0.01039405,-0.005484152,0.343902,-1.265026,-10.04032
IMU,835234180.0,1,-0.007933625,-0.04901311,-0.005010535,0.113761,-1.200515,-9.700938
IMU,835275225.0,1,-0.001762751,-0.02211037,-0.006672607,0.1848998,-1.191846,-9.707728
IMU,835314541.0,1,-0.004788375,-0.03740009,-0.003217344,0.1093005,-1.188364,-9.559084
IMU,835354488.0,1,-0.003155922,-0.03580087,-0.006739605,0.1167218,-1.179667,-9.888813
IMU,835394618.0,1,-0.003123799,-0.02637496,-0.009685764,0.09399946,-1.199337,-9.697143
IMU,835434494.0,1,-0.004786297,-0.03006964,-0.007937027,0.2990844,-1.148487,-9.73029
IMU,835474632.0,1,-0.002376901,-0.02506905,-0.005119625,0.2189373,-1.154212,-9.705269
IMU,835514990.0,1,-0.003619133,-0.02686731,-0.008608897,0.1816471,-1.112841,-9.676896
IMU,835555062.0,1,-0.004214228,-0.03206005,-0.006165695,0.2223561,-1.185569,-9.769087
IMU,835594577.0,1,-0.005890176,-0.03267973,-0.007950407,0.2467563,-1.241027,-9.680531
IMU,835634909.0,1,-0.004246398,-0.02831674,-0.005762475,0.1649072,-1.262915,-9.632613
IMU,835675432.0,1,-0.00509251,-0.03426515,-0.01098403,0.1381937,-1.202853,-9.748217
IMU,835714823.0,1,-0.001948587,-0.02926687,-0.007374394,0.2168173,-1.08133,-9.759289
IMU,835754559.0,1,-0.00321182,-0.03838991,-0.007998962,0.09744444,-1.175886,-9.764095
IMU,835794998.0,1,-0.00347473,-0.03379497,-6.564786e-05,0.1857975,-1.148286,-9.697574
IMU,835834916.0,1,-0.0045905,-0.0299039,-0.006324664,0.1814083,-1.205996,-9.735446
IMU,835874858.0,1,-0.002755513,-0.0310839,-0.01008187,0.1343884,-1.171304,-9.787574
IMU,835914992.0,1,-0.003146255,-0.03100022,-0.007864263,0.1689797,-1.180179,-9.816295
IMU,835955788.0,1,-0.005392634,-0.03094073,-0.007098659,0.181887,-1.304229,-9.680614
IMU,835995142.0,1,-0.002279604,-0.02883305,-0.009910342,0.2133803,-1.157773,-9.790071
IMU,836034795.0,1,-0.004870368,-0.02951333,-0.004841655,0.1864823,-1.181962,-9.831306
IMU,836075447.0,1,-0.003122987,-0.02927033,-0.009679918,0.2461862,-1.240012,-9.797407
IMU,836115823.0,1,-0.003940916,-0.03339157,-0.008360825,0.2962813,-1.105171,-9.730816
IMU,836156070.0,1,-0.002805407,-0.03788526,-0.006853469,0.1825057,-1.094787,-9.737077
IMU,836195240.0,1,-0.004111302,-0.02364178,-0.005016105,0.1857045,-1.221365,-9.761297
IMU,836235282.0,1,-0.002808078,-0.03240925,-0.008985765,0.1527497,-1.226357,-9.692372
IMU,836277654.0,1,-0.004341948,-0.03447815,-0.008898856,0.1952896,-1.234572,-9.756063
IMU,836317625.0,1,-0.002742633,-0.02800477,-0.009547465,0.2250492,-1.112326,-9.659897
IMU,836357136.0,1,-0.002149255,-0.02892012,-0.008860908,0.2313054,-1.144005,-9.807798
IMU,836397117.0,1,-0.004196035,-0.02732124,-0.008918533,0.1501629,-1.139561,-9.614591
IMU,836437110.0,1,-0.005761608,-0.0224124,-0.007277277,0.1834784,-1.115308,-9.722774
IMU,832514053.0,2,-0.01746338,0.08936995,0.04690647,-0.5957313,0.4505347,-8.909069
IMU,832554451.0,2,0.05894556,0.06541969,0.02047551,-0.9169514,-0.6820711,-10.85005
IMU,832594106.0,2,0.09305537,0.05317425,0.001156696,-0.6717386,0.6527002,-7.819437
IMU,832635077.0,2,-0.08247381,0.1110634,-0.01703706,-0.9273638,0.4974769,-9.26544
IMU,832676739.0,2,-0.01888935,0.08889198,0.02911596,-0.7121429,0.4179274,-9.278045
IMU,832717268.0,2,0.001661352,0.07684775,-0.03438335,-0.8849584,-0.611248,-8.709358
IMU,832756813.0,2,-0.02108331,0.08090256,-0.04816996,-0.867165,-1.129237,-11.21127
IMU,832797163.0,2,-0.05218055,0.1272622,-0.04772063,-1.027188,-0.4836864,-9.927691
IMU,832840107.0,2,0.04827337,0.1613684,-0.01406742,-1.578563,0.100737,-9.354444
IMU,832882308.0,2,0.08362885,0.08400592,0.01844127,-0.9332448,0.0179104,-10.19923
IMU,832923048.0,2,0.05425959,0.134569,0.02962597,-0.8560055,0.1012958,-9.556501
IMU,832962530.0,2,-0.04823006,0.1866633,0.01788772,-0.3207023,0.8674984,-9.78214
IMU,833005596.0,2,-0.01487224,0.1790348,0.01740897,-0.3582091,0.08173946,-10.8524
IMU,833048735.0,2,0.03905632,0.1527703,-0.05565098,-0.8754719,0.6631987,-8.473398
IMU,833089291.0,2,0.0347112,0.1392822,-0.005086868,-1.081824,1.029513,-8.090687
IMU,833128888.0,2,0.04455714,0.1045418,0.01057981,-1.038721,0.03209829,-9.838933
IMU,833168859.0,2,0.1008593,0.07504031,0.01088569,-1.236183,0.3621808,-9.993583
IMU,833209559.0,2,0.02287706,0.1737214,-0.02478036,-0.5950439,1.325913,-8.4442
IMU,833252884.0,2,-0.0361583,0.1743092,-0.03066525,-0.9644707,-0.1663419,-9.327746
IMU,833293246.0,2,0.0667862,0.1900733,-0.03238854,-0.4228157,-0.1543119,-9.433347
IMU,833335794.0,2,0.1076391,0.08255269,-0.04572597,-0.3375167,0.7210678,-10.54413
IMU,833375764.0,2,-0.05124676,0.1141776,-0.07550925,-0.3082817,0.5273615,-10.27313
IMU,833416148.0,2,-0.03694873,0.133314,-0.02011123,-0.5162637,0.7091304,-9.378219
IMU,833456081.0,2,0.01696869,0.131486,0.001459384,-0.6311843,0.482354,-9.464808
IMU,833498005.0,2,-0.007557913,0.1220823,-0.09730973,0.048771,-0.3904844,-8.838866
IMU,833538107.0,2,-0.007531075,0.1576551,-0.06689121,-0.5660209,-0.6343691,-9.870782
IMU,833578240.0,2,0.02972846,0.2121092,-0.1090726,-0.3509117,-0.2633595,-10.26797
IMU,833618505.0,2,0.1033956,0.2101219,-0.08086862,-0.1182246,0.375264,-8.742459
IMU,833659139.0,2,0.1997337,0.2132094,-0.1305894,-0.1412742,-0.3854364,-2.960193
IMU,833699168.0,2,0.2954123,0.3684625,-0.2189124,-0.3565943,0.3994893,-0.588484
IMU,833742246.0,2,0.3372364,0.4300225,-0.2960455,-0.2201681,0.0780346,-0.7080685
IMU,833782488.0,2,0.3714804,0.469865,-0.3706585,-0.1054234,0.1036633,-0.6296746
IMU,833822283.0,2,0.3939818,0.4794163,-0.3993474,-0.09875514,0.07325745,-0.5449335
IMU,833863781.0,2,0.3597572,0.475453,-0.4118969,-0.1132882,0.009043292,-0.7328842
IMU,833903301.0,2,0.3553262,0.4869366,-0.411294,-0.09104005,0.08031023,-0.6928244
IMU,833943276.0,2,0.3520313,0.4853846,-0.4143623,-0.08809372,-0.02404777,-0.8753147
IMU,833983819.0,2,0.310451,0.4881431,-0.4191987,-0.07586145,-0.06432866,-0.8876575
IMU,834023603.0,2,0.2822613,0.4765924,-0.4224998,-0.04149658,-0.02703493,-0.9328031
IMU,834065125.0,2,0.2793493,0.4341476,-0.421484,-0.02483133,-0.03616545,-0.9942123
IMU,834105024.0,2,0.2763188,0.4149762,-0.4309681,-0.01203811,-0.0153125,-1.083398
IMU,834145002.0,2,0.2625446,0.3969696,-0.4348868,-0.009923963,-0.04673428,-1.192006
IMU,834185072.0,2,0.2398019,0.3768309,-0.4434469,-0.008989413,-0.05219336,-1.277292
IMU,834225774.0,2,0.200722,0.3504959,-0.4447324,0.008191897,-0.05887941,-1.3987
IMU,834268139.0,2,0.1529518,0.295184,-0.4403023,0.00634958,-0.09081954,-1.482577
IMU,834307761.0,2,0.1130718,0.2439681,-0.4404065,0.02825513,-0.09307995,-1.596283
IMU,834347819.0,2,-0.007547273,-0.1014622,-0.4978172,0.2880394,-0.3095329,-2.546357
IMU,834387877.0,2,-0.4195877,-0.3673934,-0.416047,-0.2168425,-0.6171972,-2.591175
IMU,834428245.0,2,-1.688919,-0.5480899,-0.2157166,1.251041,-2.541748,-15.42595
IMU,834468304.0,2,1.995706,-10.08835,0.7048272,8.428796,-6.395942,-63.19764
IMU,834509630.0,2,2.077724,-2.206256,1.704977,0.9582765,-3.122364,3.072347
IMU,834550559.0,2,2.344036,-1.728714,1.691394,-1.155468,-1.204763,1.691855
IMU,834589648.0,2,2.182916,-1.030443,1.239286,-0.737222,-1.425342,-0.5032706
IMU,834630496.0,2,1.784984,-0.517859,0.7831402,-0.7448433,-1.896371,-0.8058091
IMU,834671871.0,2,1.019882,0.1283432,0.5784898,-1.565715,-1.575159,-1.318859
IMU,834711792.0,2,-0.2138195,1.325029,0.7084955,-4.675293,-4.403469,-3.640445
IMU,834753064.0,2,-2.156319,2.882102,0.5925006,-4.626019,-5.033938,-2.10332
IMU,834793100.0,2,-2.789412,2.487098,0.7441161,-3.846453,-5.06355,-6.068479
IMU,834833510.0,2,-0.6438615,4.195916,0.254716,-2.948179,9.8565,-25.13281
IMU,834873513.0,2,-0.6505127,0.4640205,0.06000626,6.755457,1.753877,-33.55811
IMU,834913262.0,2,0.3132657,-0.854992,-0.1709602,1.932052,-1.007185,-4.932445
IMU,834954169.0,2,0.4406164,-0.754378,-0.1235473,-2.305266,-2.914121,-8.665163
IMU,834993776.0,2,-0.1715676,0.09188702,0.0258055,-1.274872,-1.084709,-7.176094
IMU,835033259.0,2,0.004105428,0.4624053,-0.02097615,-0.01718455,-1.662329,-9.768931
IMU,835073296.0,2,-0.01664391,0.1390856,-0.01139782,1.207799,-1.230532,-11.32491
IMU,835113280.0,2,0.02556977,-0.1372163,-0.001695613,0.1366978,-1.370216,-9.56815
IMU,835154078.0,2,0.0004830513,0.0156341,-0.00535635,-0.1647103,-1.404671,-9.050829
IMU,835193657.0,2,-0.01262175,0.03914495,-0.003580194,0.2775788,-1.398547,-10.00663
IMU,835234180.0,2,-0.001451862,-0.01482648,-0.002822629,0.1107413,-1.359301,-9.622487
IMU,835275225.0,2,-0.002934126,0.009901471,-0.003338795,0.1430019,-1.355619,-9.764368
IMU,835314541.0,2,-0.001656218,-0.0003034489,-0.002590521,0.1199127,-1.359,-9.676159
IMU,835354488.0,2,-0.002052508,0.004817683,-0.003026868,0.1663376,-1.358747,-9.711262
IMU,835394618.0,2,-0.003703095,0.002759678,-0.001667536,0.1325424,-1.375973,-9.711466
IMU,835434494.0,2,-0.002633935,0.003032627,-0.001563926,0.1464665,-1.370912,-9.702753
IMU,835474632.0,2,-0.002752397,0.001669341,-0.002138851,0.1405884,-1.372164,-9.687011
IMU,835514990.0,2,-0.002649987,0.002866795,-0.002519543,0.1477548,-1.378686,-9.712649
IMU,835555062.0,2,-0.003501423,0.003467812,-0.002685422,0.1449119,-1.359835,-9.706573
IMU,835594577.0,2,-0.002631147,0.00249911,-0.002552915,0.1487646,-1.365063,-9.708143
IMU,835634909.0,2,-0.00197352,0.003233882,-0.002530443,0.1312668,-1.380932,-9.710505
IMU,835675432.0,2,-0.001680712,0.002586242,-0.001913272,0.1552388,-1.372713,-9.713299
IMU,835714823.0,2,-0.00124223,0.002818626,-0.001055093,0.1426518,-1.376274,-9.720139
IMU,835754559.0,2,-0.001012708,0.002336684,-0.00314627,0.1479736,-1.37594,-9.705519
IMU,835794998.0,2,-0.002512723,0.002817505,-0.00283095,0.1550626,-1.364628,-9.705803
IMU,835834916.0,2,-0.001919893,0.001835676,-0.001640682,0.1532283,-1.370022,-9.680449
IMU,835874858.0,2,-0.001328575,0.002312776,-0.00156938,0.1516577,-1.357641,-9.719586
IMU,835914992.0,2,-0.002042119,0.001498269,-0.003257016,0.1515707,-1.378124,-9.725328
IMU,835955788.0,2,-0.001945833,0.003542535,-0.001502058,0.1562889,-1.37499,-9.703413
IMU,835995142.0,2,-0.002872276,0.001775081,-0.001261575,0.1496706,-1.375813,-9.73453
IMU,836034795.0,2,-0.002882938,0.002131573,-0.003848893,0.1457639,-1.369499,-9.70524
IMU,836075447.0,2,-0.00152491,0.002461738,-0.002653025,0.1548307,-1.366609,-9.696806
IMU,836115823.0,2,-0.003057574,0.003170584,-0.002244294,0.1544429,-1.37881,-9.711299
IMU,836156070.0,2,-0.002504236,0.002714708,-0.002549998,0.1493484,-1.373755,-9.709918
IMU,836195240.0,2,-0.002523471,0.002639106,-0.003194861,0.1579871,-1.370207,-9.700628
IMU,836235282.0,2,-0.0007973088,0.002170703,-0.001546826,0.1628016,-1.377864,-9.714452
IMU,836277654.0,2,-0.001438872,0.001516235,-0.002191384,0.1560951,-1.36563,-9.728587
IMU,836317625.0,2,-0.001437441,0.00327698,-0.002060382,0.1614484,-1.376213,-9.70691
IMU,836357136.0,2,-0.002903734,0.000293771,-0.002737681,0.1618275,-1.363883,-9.698314
IMU,836397117.0,2,-0.002493371,0.003081909,-0.001632317,0.157963,-1.376798,-9.703054
IMU,836437110.0,2,-0.0007983825,0.002778125,-0.001293057,0.1572227,-1.363543,-9.695322
