ARM,471098048.0,0.0
AHR2,470170008.0,-1.16,-3.23,146.23,469.71,43.2382929,-7.681832
AHR2,470272298.0,-1.26,-2.61,146.24,469.61,43.2382889,-7.6818289
AHR2,470373055.0,-1.57,-2.19,146.34,469.64,43.2382855,-7.6818263
AHR2,470474566.0,-1.32,-1.17,145.96,469.44,43.2382841,-7.6818245
AHR2,470574549.0,-1.32,-0.49,146.15,469.63,43.2382809,-7.6818217
AHR2,470677266.0,-1.2,0.06,145.78,469.8,43.2382761,-7.6818183
AHR2,470777239.0,-1.13,0.99,145.44,469.79,43.2382728,-7.6818158
AHR2,470880111.0,-0.9,1.77,145.06,469.82,43.2382702,-7.6818127
AHR2,470980272.0,-0.74,2.39,144.74,469.67,43.2382671,-7.6818099
AHR2,471083619.0,-0.63,3.56,144.86,469.58,43.2382648,-7.681808
AHR2,471183802.0,-0.37,4.76,144.62,469.71,43.2382619,-7.6818056
AHR2,471285126.0,0.06,7.33,143.52,469.08,43.2382593,-7.6818034
AHR2,471385549.0,0.34,9.75,141.87,468.36,43.2382565,-7.681801
AHR2,471487686.0,0.35,12.19,140.09,468.46,43.2382549,-7.6817992
AHR2,471588016.0,-0.12,14.71,138.22,468.28,43.2382524,-7.6817968
AHR2,471688652.0,-0.98,17.57,136.14,468.16,43.2382488,-7.681794
AHR2,471788563.0,-2.21,20.47,133.76,467.7,43.2382462,-7.6817918
AHR2,471889620.0,-4.49,22.63,131.14,467.42,43.2382437,-7.6817897
AHR2,471989795.0,-6.1,18.64,127.59,467.15,43.2382411,-7.6817875
AHR2,472091140.0,9.06,-17.45,127.2,466.34,43.2382389,-7.6817859
AHR2,472191560.0,15.51,-35.58,124.29,466.41,43.2382365,-7.6817838
AHR2,472292241.0,12.42,-30.0,125.32,464.31,43.2382301,-7.6817856
AHR2,472392849.0,6.21,-6.76,131.85,464.6,43.2382263,-7.681785
AHR2,472493633.0,4.27,5.23,131.16,464.53,43.2382311,-7.6817911
AHR2,472593613.0,2.7,5.48,131.23,464.45,43.2382301,-7.6817928
AHR2,472693648.0,2.48,5.47,131.24,464.54,43.2382304,-7.6817909
AHR2,472793742.0,2.39,5.59,131.26,464.4,43.2382298,-7.6817912
AHR2,472893745.0,2.33,5.65,131.27,464.65,43.2382313,-7.6817907
AHR2,472993729.0,2.29,5.69,131.29,464.56,43.2382313,-7.6817906
AHR2,473094103.0,2.25,5.74,131.31,464.47,43.2382315,-7.681791
AHR2,473194619.0,2.21,5.79,131.32,464.53,43.2382315,-7.681791
AHR2,473294810.0,2.17,5.82,131.34,464.75,43.2382317,-7.681791
AHR2,473394831.0,2.13,5.86,131.35,464.5,43.2382317,-7.681791
AHR2,473494796.0,2.09,5.91,131.37,464.76,43.2382319,-7.6817909
AHR2,473594786.0,2.05,5.95,131.38,464.56,43.2382319,-7.6817909
AHR2,473695317.0,2.01,5.99,131.4,464.67,43.238232,-7.6817905
AHR2,473795316.0,1.98,6.03,131.41,464.61,43.238232,-7.6817906
AHR2,473896739.0,1.94,6.07,131.43,464.65,43.2382326,-7.6817899
AHR2,473996613.0,1.91,6.1,131.45,464.69,43.2382326,-7.6817898
ATT,470169171.0,-1.459519,-1.503309,-4.276489,-3.867096,149.0217,149.8633
ATT,470271636.0,-1.466135,-1.590476,-3.661874,-3.252953,149.014,149.7862
ATT,470372268.0,-1.547847,-1.851634,-2.844218,-2.783885,149.0056,149.7938
ATT,470473857.0,-1.578756,-1.539597,-1.980705,-1.724614,148.9945,149.3404
ATT,470574006.0,-1.496293,-1.512203,-1.324604,-1.041588,148.9845,149.4856
ATT,470676604.0,-1.400596,-1.45871,-0.6260087,-0.4601066,148.9748,149.0779
ATT,470776512.0,-1.479302,-1.54999,0.1643294,0.5093089,148.9651,148.6512
ATT,470879522.0,-1.516041,-1.33684,0.9570882,1.327114,148.9545,148.2018
ATT,470979656.0,-1.355485,-1.061962,1.83397,1.973744,148.9455,147.847
ATT,471083051.0,-1.230367,-0.8975347,2.734823,3.128572,148.9378,147.9298
ATT,471183135.0,-0.6989451,-0.638552,1.839403,4.260666,147.6648,147.6553
ATT,471284575.0,-0.3529208,-0.1949756,0.9287735,6.887965,146.529,146.526
ATT,471384828.0,-0.1801803,0.09784234,0.4741774,9.446117,144.8472,144.8487
ATT,471487081.0,-0.09075376,0.1220656,0.2388354,12.12977,143.0305,143.0324
ATT,471587485.0,-0.04619152,-0.3454537,0.1215609,15.08102,141.1555,141.1502
ATT,471688043.0,-0.02342556,-1.268129,0.06164907,18.35686,139.0155,138.9956
ATT,471787987.0,-0.0119597,-2.623934,0.03147469,21.6471,136.5346,136.4925
ATT,471889062.0,-0.006062699,-5.08701,0.01595535,24.17926,133.7759,133.6929
ATT,471989132.0,-0.003095257,-6.916727,0.008146091,20.51829,130.0973,129.9874
ATT,472090522.0,-0.001569495,7.083684,0.004129571,-14.3337,130.3575,130.4662
ATT,472190791.0,-0.0007983632,11.12244,0.002100803,-30.93866,128.7592,128.9512
ATT,472291607.0,-0.0004059255,7.928729,0.001067723,-24.00902,129.1071,129.2361
ATT,472392124.0,-0.0002065681,2.814428,0.0005438594,0.6831512,133.5666,133.6085
ATT,472493065.0,-0.0001390516,0.9078545,0.0003658725,13.29751,133.0319,133.0458
ATT,472593050.0,-0.0001390516,-0.4795561,0.0003658725,13.84096,133.1468,133.1395
ATT,472693067.0,-0.0001390516,-0.5397119,0.0003658725,13.8364,133.0988,133.0906
ATT,472793057.0,-0.0001390517,-0.494968,0.0003658726,13.83191,133.0604,133.0528
ATT,472893122.0,-0.0001390517,-0.4706629,0.0003658727,13.83736,132.9959,132.9886
ATT,472993123.0,-0.0001390517,-0.4567548,0.0003658727,13.83623,132.9415,132.9345
ATT,473093551.0,-0.0001390517,-0.4468862,0.0003658726,13.84489,132.8898,132.8829
ATT,473193889.0,-0.0001362938,-0.4347562,0.0003588284,13.85366,132.8412,132.8345
ATT,473294238.0,-0.0001335815,-0.4179944,0.0003517604,13.8586,132.7948,132.7883
ATT,473394302.0,-0.0001311699,-0.4064389,0.0003453484,13.86327,132.7577,132.7515
ATT,473494159.0,-0.0001287931,-0.4029066,0.0003389126,13.87197,132.7312,132.725
ATT,473594225.0,-0.0001287931,-0.3981573,0.0003389126,13.88849,132.7109,132.7048
ATT,473694733.0,-0.0001262619,-0.4040119,0.0003324692,13.90642,132.7209,132.7148
ATT,473794765.0,-0.0001262619,-0.4077321,0.0003324692,13.92049,132.7495,132.7432
ATT,473895988.0,-0.0001211433,-0.4222291,0.0003190406,13.93071,132.8037,132.7973
ATT,473995867.0,-0.0001211433,-0.4374554,0.0003190407,13.93279,132.8628,132.856
BARO,470184893.0,0,1.836853,470.7168,96541.57
BARO,470287518.0,0,1.862305,470.7423,96541.3
BARO,470387784.0,0,1.661682,470.5417,96543.48
BARO,470488843.0,0,1.853821,470.7338,96541.38
BARO,470588860.0,0,2.026184,470.9062,96539.53
BARO,470692044.0,0,2.014893,470.8949,96539.66
BARO,470792131.0,0,2.043152,470.9231,96539.35
BARO,470894880.0,0,1.890564,470.7705,96540.99
BARO,470995017.0,0,1.805786,470.6858,96541.91
BARO,471098306.0,0,1.938599,470.8186,96540.47
BARO,471198059.0,0,1.305634,470.1856,96547.31
BARO,471300051.0,0,0.585083,469.4651,96555.1
BARO,471399915.0,0,0.6867981,469.5668,96554.02
BARO,471502121.0,0,0.5087891,469.3888,96555.94
BARO,471602544.0,0,0.3872681,469.2672,96557.25
BARO,471703087.0,0,-0.07897949,468.801,96562.3
BARO,471803113.0,0,-0.3530579,468.5269,96565.25
BARO,471904057.0,0,-0.621521,468.2585,96568.17
BARO,472004524.0,0,-1.438141,467.4418,96576.99
BARO,472106039.0,0,-1.367493,467.5125,96576.23
BARO,472206333.0,0,-3.464172,465.4158,96598.91
BARO,472306782.0,0,-3.175964,465.704,96595.8
BARO,472407529.0,0,-3.24942,465.6306,96596.59
BARO,472508099.0,0,-3.325714,465.5543,96597.4
BARO,472608300.0,0,-3.232483,465.6475,96596.39
BARO,472708033.0,0,-3.373749,465.5062,96597.92
BARO,472808170.0,0,-3.125092,465.7549,96595.23
BARO,472908002.0,0,-3.215515,465.6645,96596.2
BARO,473008262.0,0,-3.303131,465.5768,96597.16
BARO,473108896.0,0,-3.246613,465.6334,96596.55
BARO,473209087.0,0,-3.029022,465.851,96594.2
BARO,473309023.0,0,-3.272034,465.6079,96596.84
BARO,473409062.0,0,-3.017731,465.8622,96594.08
BARO,473509140.0,0,-3.215515,465.6645,96596.22
BARO,473609136.0,0,-3.105316,465.7747,96595.02
BARO,473709469.0,0,-3.161835,465.7181,96595.63
BARO,473809571.0,0,-3.125092,465.7549,96595.22
BARO,473911234.0,0,-3.085541,465.7944,96594.81
BARO,474011264.0,0,-3.3992,465.4808,96598.2
BARO,470184893.0,1,2.136383,471.0164,96525.53
BARO,470287518.0,1,2.243774,471.1237,96524.38
BARO,470387784.0,1,1.845337,470.7253,96528.69
BARO,470488843.0,1,2.280487,471.1605,96523.98
BARO,470588860.0,1,1.842529,470.7225,96528.73
BARO,470692044.0,1,2.232452,471.1124,96524.5
BARO,470792131.0,1,1.955536,470.8355,96527.48
BARO,470894880.0,1,2.235291,471.1153,96524.47
BARO,470995017.0,1,2.11377,470.9937,96525.77
BARO,471098306.0,1,1.913147,470.7931,96527.96
BARO,471198059.0,1,1.757751,470.6377,96529.64
BARO,471300051.0,1,1.192596,470.0726,96535.75
BARO,471399915.0,1,0.9891357,469.8691,96537.95
BARO,471502121.0,1,0.9665527,469.8465,96538.17
BARO,471602544.0,1,0.4465942,469.3266,96543.8
BARO,471703087.0,1,0.3618469,469.2418,96544.73
BARO,471803113.0,1,-0.1552734,468.7247,96550.3
BARO,471904057.0,1,-0.4548035,468.4252,96553.55
BARO,472004524.0,1,-1.61618,467.2638,96566.12
BARO,472106039.0,1,-4.535126,464.3448,96597.66
BARO,472206333.0,1,-2.927307,465.9527,96580.27
BARO,472306782.0,1,-2.859497,466.0205,96579.56
BARO,472407529.0,1,-2.932953,465.947,96580.34
BARO,472508099.0,1,-3.18161,465.6984,96583.05
BARO,472608300.0,1,-2.938599,465.9414,96580.41
BARO,472708033.0,1,-2.995117,465.8849,96581.03
BARO,472808170.0,1,-3.091187,465.7888,96582.06
BARO,472908002.0,1,-3.079895,465.8001,96581.94
BARO,473008262.0,1,-2.921661,465.9583,96580.23
BARO,473108896.0,1,-3.037506,465.8425,96581.49
BARO,473209087.0,1,-2.952728,465.9272,96580.55
BARO,473309023.0,1,-2.935791,465.9442,96580.39
BARO,473409062.0,1,-2.924469,465.9555,96580.24
BARO,473509140.0,1,-3.091187,465.7888,96582.05
BARO,473609136.0,1,-2.944244,465.9357,96580.47
BARO,473709469.0,1,-2.952728,465.9272,96580.56
BARO,473809571.0,1,-2.862305,466.0177,96579.59
BARO,473911234.0,1,-2.822754,466.0572,96579.16
BARO,474011264.0,1,-2.805786,466.0742,96578.97
GPS,470217286.0,4,16,43.2382946,-7.6818333,468.83,4.29,0.219,0.0
GPS,470460318.0,4,16,43.2382882,-7.681828,468.78,4.174,0.276,0.0
GPS,470622090.0,4,16,43.2382818,-7.6818226,468.69,4.196,0.369,0.0
GPS,470824125.0,4,16,43.2382755,-7.6818173,468.61,4.085,0.299,0.0
GPS,471027536.0,4,16,43.2382697,-7.6818122,468.54,3.76,0.446,0.0
GPS,471230792.0,4,16,43.2382641,-7.6818073,468.44,3.658,0.535,0.0
GPS,471453279.0,4,16,43.2382588,-7.6818027,468.16,3.442,2.629,0.0
GPS,471615089.0,4,16,43.2382538,-7.6817982,467.48,3.467,4.238,0.0
GPS,471815792.0,4,16,43.2382486,-7.6817938,466.46,3.397,5.981,0.0
GPS,472017428.0,4,16,43.2382435,-7.6817897,465.08,3.16,7.434,0.0
GPS,472218777.0,4,16,43.2382373,-7.6817867,463.61,4.249,6.688,0.0
GPS,472440514.0,4,16,43.2382328,-7.6817882,462.77,1.811,2.12,0.0
GPS,472620813.0,4,16,43.2382314,-7.6817903,462.58,0.6850001,0.219,0.0
GPS,472820768.0,4,16,43.2382312,-7.6817907,462.62,0.07600001,0.037,0.0
GPS,473021215.0,4,16,43.2382315,-7.6817909,462.72,0.055,0.04,0.0
GPS,473221837.0,4,16,43.2382317,-7.681791,462.85,0.044,-0.027,0.0
GPS,473461760.0,4,16,43.2382319,-7.6817909,463.06,0.028,-0.001,0.0
GPS,473621792.0,4,16,43.2382321,-7.6817905,463.22,0.07300001,-0.038,0.0
GPS,473822494.0,4,16,43.2382325,-7.6817901,463.43,0.124,-0.062,0.0
IMU,470121885.0,0,-0.05797325,0.04804499,0.07256229,-1.237652,0.09132796,-9.489896
IMU,470161578.0,0,0.01689314,0.04327099,0.07181507,-0.6591119,1.009138,-9.659348
IMU,470202117.0,0,-0.09880889,0.08745308,-0.06749155,-0.7026469,0.4118543,-9.52438
IMU,470243547.0,0,0.01218066,0.1374056,-0.03673574,-0.1697467,-0.2129904,-10.00664
IMU,470284257.0,0,0.08308393,0.07737891,0.06123938,-1.353641,-0.248219,-8.85184
IMU,470324143.0,0,-0.1004286,0.08834884,0.02712456,-1.178108,-0.1987338,-9.141603
IMU,470364584.0,0,0.008640261,0.07048869,0.0772775,-1.232894,0.7661004,-9.770895
IMU,470405475.0,0,0.08147141,0.162548,-0.05082943,-0.1610724,0.2743168,-10.24625
IMU,470445598.0,0,0.02773907,0.1890493,-0.1240048,0.106688,1.082466,-9.956442
IMU,470486540.0,0,0.02989132,0.1346716,-0.04797119,-0.4863099,0.8075722,-9.940267
IMU,470526548.0,0,0.07121196,0.1736018,-0.01190245,-0.3430921,0.6056832,-8.946014
IMU,470567056.0,0,0.02213165,0.110095,0.003604736,-1.143183,0.2473636,-9.492824
IMU,470607047.0,0,0.06985739,0.07433312,0.001959506,-0.9018708,0.2189781,-9.672072
IMU,470648866.0,0,0.02710061,0.09545371,-0.03708611,-0.6813353,-0.2954722,-9.951515
IMU,470688797.0,0,0.05396152,0.08476455,-0.1108914,-0.3233548,0.3712245,-10.43165
IMU,470729501.0,0,0.03519143,0.1620621,-0.1416439,0.05645534,1.016106,-10.19468
IMU,470768891.0,0,-0.007879107,0.1830314,-0.1369479,-0.3675709,0.6343136,-9.587871
IMU,470809121.0,0,0.09771541,0.1978518,-0.1280571,-0.08587047,-0.09227314,-10.15162
IMU,470851556.0,0,0.05817218,0.2147619,-0.09750649,-0.3016753,-0.1202374,-9.649534
IMU,470892580.0,0,-0.008697233,0.1221408,-0.09796657,-0.358447,0.2234134,-9.637156
IMU,470932105.0,0,0.1176793,0.1551765,-0.04644176,-0.379537,-0.08352289,-9.490825
IMU,470972577.0,0,0.06653913,0.1371022,-0.07090387,-0.9980452,0.03260041,-9.614934
IMU,471012528.0,0,0.1511438,0.2712133,-0.04423308,-0.5348913,-0.39796,-9.837204
IMU,471054809.0,0,0.007295591,0.1998591,0.04030443,-0.7037497,-0.3071635,-9.075693
IMU,471096090.0,0,-0.00977514,0.09072186,0.02267405,-1.226647,0.02460055,-9.75817
IMU,471135311.0,0,0.1698448,0.1176656,-0.1340367,-1.464115,0.8716801,-5.71271
IMU,471175289.0,0,0.09303017,0.302029,-0.03720209,-1.140866,-0.5599016,-1.802904
IMU,471215851.0,0,0.1879476,0.4180526,-0.155033,-0.4973523,0.6612905,-1.454151
IMU,471257208.0,0,0.1199985,0.4775651,-0.2328448,-0.3293929,-0.0999667,-0.5015655
IMU,471297266.0,0,0.1308565,0.4605738,-0.275755,-0.1229486,0.01485083,-0.4323137
IMU,471337128.0,0,0.1027967,0.4490979,-0.2934214,-0.1518957,0.03885959,-0.5518639
IMU,471377591.0,0,0.1060553,0.4301946,-0.3063604,-0.1572137,0.02407591,-0.5355858
IMU,471417743.0,0,0.08769256,0.460168,-0.3109779,-0.1441623,-0.007515581,-0.5393749
IMU,471460636.0,0,0.07445472,0.4560361,-0.311115,-0.125647,-0.01351713,-0.5994731
IMU,471502460.0,0,0.04578746,0.463342,-0.3114056,-0.1539852,-0.05505303,-0.6765574
IMU,471542101.0,0,0.01441239,0.5076432,-0.3232295,-0.1529595,-0.02230617,-0.8094437
IMU,471582078.0,0,-0.008955232,0.5392983,-0.3324842,-0.1033336,-0.02066829,-0.8740985
IMU,471625872.0,0,-0.03203993,0.5622393,-0.3427013,-0.06353197,-0.000623598,-0.9739118
IMU,471665523.0,0,-0.04162282,0.5760652,-0.3613266,-0.06660217,0.02281754,-1.062147
IMU,471705800.0,0,-0.04147109,0.5856014,-0.3756108,-0.05376498,-0.01460323,-1.188483
IMU,471746324.0,0,-0.06299311,0.5962313,-0.3921413,-0.01939263,-0.02056225,-1.380369
IMU,471785784.0,0,-0.1012696,0.5745397,-0.406025,0.02376697,0.01494706,-1.55714
IMU,471826813.0,0,-0.1337704,0.538863,-0.4138963,0.05426795,0.01984962,-1.717147
IMU,471866785.0,0,-0.169033,0.4811127,-0.4267856,0.1386502,-0.03540193,-1.97543
IMU,471907032.0,0,-1.027037,-0.01521352,-0.5052485,0.3970434,-1.106598,-3.139355
IMU,471946615.0,0,-0.6547292,-0.5807858,-0.6522461,0.7093564,2.650761,-7.500795
IMU,471986884.0,0,1.52578,-0.8240814,-0.7724575,5.024182,3.594601,-19.5605
IMU,472032768.0,0,0.03217066,-5.876849,1.96164,-1.911747,1.109548,-15.42737
IMU,472072647.0,0,2.115493,-4.711941,0.3334133,-8.862866,-3.223246,4.15327
IMU,472113133.0,0,0.8550028,-4.049878,0.8776171,-4.679638,-0.3371049,4.259234
IMU,472154027.0,0,0.4817508,-3.014612,0.1801421,-4.208162,0.1039229,0.5500252
IMU,472193659.0,0,0.3150222,-1.279143,-0.417754,-4.736648,-0.8808634,-1.419664
IMU,472234097.0,0,-0.5851032,0.8686285,-0.3131928,-5.59336,-2.0754,-1.795921
IMU,472273800.0,0,-0.6801137,1.787241,0.08205445,-4.973277,-1.800786,-3.876911
IMU,472314496.0,0,-0.5797449,2.995694,0.4112563,-6.1368,-2.318018,-5.898194
IMU,472354759.0,0,-0.7189389,4.43801,0.4340102,-4.298298,-2.387696,-7.649201
IMU,472394528.0,0,-0.8052662,5.553941,0.2740338,-1.499086,-0.09774707,-8.529035
IMU,472434833.0,0,-1.414078,4.781884,0.1615213,6.62059,0.5943563,-14.97278
IMU,472476024.0,0,1.331665,-1.09219,-0.4546802,9.532664,3.300365,-14.78132
IMU,472516038.0,0,-0.1606551,-0.4301829,-0.1126302,1.419723,0.6881797,-9.108387
IMU,472555490.0,0,-0.2785012,0.3233034,0.1094983,0.603044,-0.8796558,-8.584422
IMU,472595320.0,0,-0.2502453,0.2740247,0.02929529,2.025528,0.4174459,-10.38317
IMU,472635582.0,0,0.03564577,-0.1269902,0.004005224,1.627028,1.005378,-10.32391
IMU,472675849.0,0,0.01149393,0.06259143,-0.01730878,1.479697,-0.3105855,-9.457557
IMU,472716152.0,0,0.005430212,-0.02075607,0.01321598,1.625065,0.4721939,-9.630431
IMU,472755355.0,0,0.01003208,0.009419951,-0.00830926,1.514153,0.04930881,-9.715777
IMU,472795482.0,0,0.005515509,0.001778792,0.001591466,1.497909,0.263761,-9.574299
IMU,472836108.0,0,0.007494457,-0.00311037,-0.0007241346,1.542696,0.1661523,-9.618477
IMU,472875806.0,0,0.01030355,-0.0007856041,-0.00387408,1.532943,0.2111458,-9.62688
IMU,472915609.0,0,0.008329344,-0.0008154576,-0.001210085,1.518966,0.2069358,-9.620159
IMU,472955462.0,0,0.008705908,-0.001452405,-2.743736e-05,1.521739,0.1766928,-9.654928
IMU,472995511.0,0,0.008611531,-0.001416825,-0.0001299043,1.530071,0.2091642,-9.63305
IMU,473035761.0,0,0.01024409,0.0009810007,-0.0007914402,1.544115,0.1862988,-9.608868
IMU,473075317.0,0,0.007707039,-0.0009020526,-0.0009032123,1.521747,0.1891631,-9.617943
IMU,473115813.0,0,0.009186159,2.383662e-05,-0.001451389,1.524925,0.1932598,-9.627156
IMU,473155830.0,0,0.008765354,-0.001947621,-0.0007975577,1.53204,0.18946,-9.615237
IMU,473196262.0,0,0.009406191,-0.0002470317,-0.001742494,1.537088,0.206478,-9.619932
IMU,473236753.0,0,0.009631044,-0.001851608,-0.00218031,1.52057,0.194867,-9.631546
IMU,473276382.0,0,0.008557606,-0.001630942,-0.0007093433,1.524168,0.2021514,-9.63044
IMU,473316855.0,0,0.008485092,-0.002929862,-0.001318319,1.532829,0.1938867,-9.624307
IMU,473357297.0,0,0.009186689,-0.001398871,-0.001302649,1.528622,0.1914023,-9.631456
IMU,473396760.0,0,0.008651535,-0.001456048,-0.001536028,1.530275,0.1977431,-9.625475
IMU,473436772.0,0,0.008107774,-0.0004018331,-0.001381687,1.526103,0.1991644,-9.624887
IMU,473476618.0,0,0.008574869,4.767237e-05,-0.001760717,1.528852,0.2006118,-9.632865
IMU,473516910.0,0,0.008152277,-0.001504482,-0.001024483,1.530363,0.1915794,-9.641875
IMU,473557451.0,0,0.008237965,0.0003260481,-0.001704733,1.534901,0.2001156,-9.64376
IMU,473596790.0,0,0.007591176,-0.00013363,-0.0007755635,1.513412,0.185019,-9.63119
IMU,473637064.0,0,0.00829955,-0.0002561908,-0.002117238,1.541265,0.1941336,-9.611382
IMU,473676869.0,0,0.007784968,-0.001827481,-0.0006226489,1.5328,0.2025886,-9.623357
IMU,473717600.0,0,0.00918262,-0.0008902411,-0.001220639,1.523481,0.1939087,-9.641743
IMU,473757638.0,0,0.00831529,-0.001323134,-0.0003325786,1.516244,0.1929132,-9.613272
IMU,473797210.0,0,0.009420002,-0.001874414,-0.001468792,1.520573,0.1877586,-9.623034
IMU,473838065.0,0,0.009601442,-0.00116818,-0.001092224,1.528222,0.1850677,-9.62469
IMU,473878462.0,0,0.008090654,-0.000844578,-0.0007790676,1.531671,0.1839487,-9.613728
IMU,473918747.0,0,0.009229966,-0.001971149,-0.00169806,1.526533,0.1794493,-9.631629
IMU,473958359.0,0,0.008591421,-0.002419712,-0.0011854,1.523614,0.1796948,-9.610275
IMU,473998364.0,0,0.008359623,-0.002264023,-0.001164236,1.522126,0.1919683,-9.600949
IMU,474039847.0,0,0.00809786,-0.002688409,-0.0003205886,1.512501,0.1920319,-9.631322
IMU,470121885.0,1,-0.03371957,0.1119604,-0.02350308,-1.275987,-0.02121652,-9.46354
IMU,470161578.0,1,-0.004477907,0.05648064,0.009395173,0.1351262,0.7719569,-10.12691
IMU,470202117.0,1,-0.1274802,0.02720764,-0.03380838,-0.5574915,1.047406,-9.153907
IMU,470243547.0,1,-0.02091868,0.07368762,-0.02578607,-0.2184728,0.2658177,-10.27431
IMU,470284257.0,1,0.04084942,0.04247476,0.01493675,-1.41601,-0.3981854,-8.854585
IMU,470324143.0,1,-0.08691473,0.06148202,-0.02924467,-0.5520004,-0.5298733,-9.173018
IMU,470364584.0,1,-0.01778187,0.06810796,0.07182296,-0.8105392,-0.1842916,-9.81462
IMU,470405475.0,1,0.04045413,0.1278788,-0.02942708,-0.357142,-0.5810724,-9.946966
IMU,470445598.0,1,-0.03255041,0.1445261,-0.09946508,-0.121372,0.783559,-10.3413
IMU,470486540.0,1,-0.02266238,0.08567803,-0.04704304,-0.8325262,1.360129,-9.67634
IMU,470526548.0,1,0.03268923,0.1249621,-0.03422093,-0.03969025,0.2054179,-8.994707
IMU,470567056.0,1,0.007727349,0.08640692,-0.0227966,-1.225119,-0.02468476,-9.337584
IMU,470607047.0,1,0.02143811,0.05142993,-0.02824964,-0.7954829,-0.4855262,-9.732663
IMU,470648866.0,1,0.01116566,0.01663493,-0.01809957,-0.1734789,-0.9784538,-9.912203
IMU,470688797.0,1,0.003086876,0.05661816,-0.02891572,-0.0570647,0.1525055,-10.41535
IMU,470729501.0,1,-0.08306195,0.1053835,-0.05075833,0.001019191,1.154708,-9.9932
IMU,470768891.0,1,-0.0908971,0.1201367,-0.06066883,-0.3671837,0.4200757,-9.299412
IMU,470809121.0,1,0.04228444,0.1270111,-0.08831752,0.1071249,-0.27854,-10.02533
IMU,470851556.0,1,-0.01917685,0.166677,-0.06677987,-0.3497419,-0.115791,-9.946134
IMU,470892580.0,1,-0.04497338,0.09112824,-0.1104657,-0.9154459,0.9345159,-9.163526
IMU,470932105.0,1,0.07915527,0.09864017,-0.05933027,-0.9663741,-0.2218345,-9.766678
IMU,470972577.0,1,0.01736077,0.09881894,-0.08481745,-1.469602,0.01539015,-9.592293
IMU,471012528.0,1,0.07765624,0.2219269,-0.05654064,-0.6160315,-0.9227805,-11.06522
IMU,471054809.0,1,0.01942823,0.1504662,-0.001682005,-0.2912941,-0.4407187,-9.290769
IMU,471096090.0,1,-0.03921206,0.07524292,-0.01328554,-0.9743001,-0.4410797,-10.41424
IMU,471135311.0,1,0.04248719,0.08901514,-0.1556908,-2.085641,-0.9566342,-5.29834
IMU,471175289.0,1,0.09601432,0.2442795,-0.02204091,-0.9361939,-0.3666853,-1.818273
IMU,471215851.0,1,0.1402457,0.3514554,-0.135707,-0.4059475,0.4477767,-1.428253
IMU,471257208.0,1,0.07590377,0.4171753,-0.2080498,-0.4264987,-0.07698584,-0.546993
IMU,471297266.0,1,0.07864053,0.3987747,-0.2498402,-0.1387906,0.113243,-0.3683056
IMU,471337128.0,1,0.049593,0.3846576,-0.2623978,-0.1972497,-0.01785138,-0.5867937
IMU,471377591.0,1,0.05328525,0.3623678,-0.2768172,-0.1806225,0.1197496,-0.513487
IMU,471417743.0,1,0.04442136,0.3855294,-0.2796172,-0.1658583,0.08043358,-0.6096685
IMU,471460636.0,1,0.02541815,0.3888521,-0.2835761,-0.1602825,0.1101478,-0.5475013
IMU,471502460.0,1,0.01136774,0.3886379,-0.2867353,-0.2358039,0.09267388,-0.6130049
IMU,471542101.0,1,-0.004677139,0.4414079,-0.2979786,-0.1183512,-0.04417472,-0.865643
IMU,471582078.0,1,-0.02957866,0.4743154,-0.3063245,-0.1329309,0.06544798,-0.8712642
IMU,471625872.0,1,-0.05227406,0.4948127,-0.319433,-0.06577756,0.02801466,-1.185735
IMU,471665523.0,1,-0.06099952,0.5100303,-0.3374301,-0.1094244,0.02929817,-1.037744
IMU,471705800.0,1,-0.06277627,0.5184979,-0.3489977,-0.07291397,0.05343214,-1.347821
IMU,471746324.0,1,-0.08678847,0.5345054,-0.364045,-0.08642312,0.147976,-1.525979
IMU,471785784.0,1,-0.1208455,0.5113623,-0.3783831,-0.04769664,0.04045161,-1.543837
IMU,471826813.0,1,-0.1550826,0.4853192,-0.3904894,0.1161889,0.09556437,-1.671544
IMU,471866785.0,1,-0.1903985,0.4283863,-0.4006642,0.05694705,0.02715193,-2.286529
IMU,471907032.0,1,-1.025792,-0.0497544,-0.510613,0.6515414,-1.131806,-3.189599
IMU,471946615.0,1,-0.7132609,-0.5587894,-0.6317893,-0.2744352,2.599181,-6.490712
IMU,471986884.0,1,1.359,-0.8169625,-0.6773852,5.106318,2.838735,-20.5522
IMU,472032768.0,1,-0.0003731484,-7.748241,1.734377,-8.245526,-8.707239,-26.33498
IMU,472072647.0,1,2.158368,-4.572102,0.2217761,-7.656168,-3.274596,3.837324
IMU,472113133.0,1,0.8530229,-4.002402,0.7898132,-4.371211,0.2858497,4.216935
IMU,472154027.0,1,0.4107574,-2.985548,0.1593076,-4.011291,0.2746102,0.3701518
IMU,472193659.0,1,0.2498705,-1.327328,-0.3710943,-4.646937,-0.8718638,-1.48644
IMU,472234097.0,1,-0.5666184,0.7490339,-0.3220841,-5.646505,-2.107865,-1.797988
IMU,472273800.0,1,-0.6716264,1.66592,0.03998194,-5.099039,-1.946464,-3.825538
IMU,472314496.0,1,-0.549136,2.863691,0.3565274,-6.14516,-2.282796,-5.738724
IMU,472354759.0,1,-0.6654723,4.269835,0.3836865,-4.136781,-2.260492,-7.858536
IMU,472394528.0,1,-0.740383,5.364494,0.2439582,-1.325518,-0.0008422158,-8.61014
IMU,472434833.0,1,-1.369314,4.734258,0.1267511,6.744925,0.50323,-15.61352
IMU,472476024.0,1,1.194151,-0.9909676,-0.387726,8.074649,1.345025,-13.5853
IMU,472516038.0,1,-0.1770792,-0.4409926,-0.1349437,1.194088,0.279067,-8.867852
IMU,472555490.0,1,-0.2901397,0.277883,0.09057511,0.7479938,-0.9110315,-8.54896
IMU,472595320.0,1,-0.2523974,0.2343571,0.01999028,2.103216,0.2944705,-10.45339
IMU,472635582.0,1,0.006553944,-0.1394796,0.005981904,1.580701,0.8698103,-10.13756
IMU,472675849.0,1,-0.007616516,0.04117939,-0.01744563,1.474678,-0.4542148,-9.561898
IMU,472716152.0,1,-0.008944283,-0.0369039,0.01024804,1.579017,0.4056488,-9.617082
IMU,472755355.0,1,-0.008565559,-0.005145143,-0.01452623,1.423831,0.04206323,-9.882073
IMU,472795482.0,1,-0.009698625,-0.01841715,-0.00250294,1.440863,0.1821759,-9.644425
IMU,472836108.0,1,-0.004668212,-0.02283874,-0.005631815,1.520759,0.1404829,-9.6768
IMU,472875806.0,1,-0.001502896,-0.0193069,-0.004251162,1.487832,0.08493797,-9.557287
IMU,472915609.0,1,-0.001487757,-0.02158272,-0.007221914,1.468284,0.1907069,-9.65695
IMU,472955462.0,1,-0.004913723,-0.02250564,-0.005179693,1.545679,0.07274619,-9.728104
IMU,472995511.0,1,-0.005062823,-0.02359858,-0.005181818,1.519297,0.1430293,-9.764801
IMU,473035761.0,1,-0.002894473,-0.02790741,-0.00792493,1.528041,0.1698233,-9.720222
IMU,473075317.0,1,-0.003984404,-0.01835707,-0.005857479,1.565217,0.07592349,-9.620319
IMU,473115813.0,1,-0.002183781,-0.01549323,-0.00518425,1.532836,0.07398514,-9.589033
IMU,473155830.0,1,-0.004495405,-0.02415738,-0.005000913,1.470807,0.0969776,-9.692134
IMU,473196262.0,1,-0.005584999,-0.01955133,-0.01097577,1.524938,0.1707897,-9.708894
IMU,473236753.0,1,-0.002387609,-0.01861652,-0.005440237,1.521883,0.2335712,-9.717125
IMU,473276382.0,1,-0.001587196,-0.02000597,-0.008509999,1.596569,0.08250225,-9.806994
IMU,473316855.0,1,-0.003839412,-0.02114969,-0.004703147,1.479592,0.1698845,-9.722307
IMU,473357297.0,1,-0.002565293,-0.01917787,-0.007780001,1.580558,0.1718471,-9.689598
IMU,473396760.0,1,-0.002737937,-0.02365696,-0.009346869,1.52364,0.1765355,-9.626133
IMU,473436772.0,1,-0.003004325,-0.02887431,-0.007052477,1.555892,0.08095094,-9.692552
IMU,473476618.0,1,-0.005253284,-0.01666569,-0.008376222,1.543412,0.1864815,-9.75907
IMU,473516910.0,1,-0.003651124,-0.02176189,-0.002488002,1.411411,0.1930569,-9.718429
IMU,473557451.0,1,-0.004268683,-0.020194,-0.005350796,1.467506,0.06586473,-9.694354
IMU,473596790.0,1,-0.001588439,-0.01744557,-0.005804111,1.446131,0.2584176,-9.837829
IMU,473637064.0,1,-0.003425738,-0.02139687,-0.00453466,1.538561,0.1033554,-9.746709
IMU,473676869.0,1,-0.003334821,-0.02414758,-0.003761913,1.506521,0.1855585,-9.666397
IMU,473717600.0,1,-0.003605391,-0.01864106,-0.006407701,1.567504,0.1340766,-9.734103
IMU,473757638.0,1,-0.002312141,-0.02137802,-0.0063605,1.536676,0.1872953,-9.713701
IMU,473797210.0,1,-0.004092609,-0.01945862,-0.005281217,1.442695,0.1644781,-9.730723
IMU,473838065.0,1,-0.005738565,-0.01800488,-0.005777027,1.544707,0.1287003,-9.778132
IMU,473878462.0,1,-0.003832844,-0.02128727,-0.002551124,1.520424,0.1938031,-9.696633
IMU,473918747.0,1,-0.003545721,-0.01748628,-0.004930449,1.568298,0.1501572,-9.541087
IMU,473958359.0,1,-0.002154005,-0.02368701,-0.007050811,1.560377,0.1629693,-9.647429
IMU,473998364.0,1,-0.00357893,-0.02655543,-0.006699207,1.544851,0.1385598,-9.738385
IMU,474039847.0,1,-0.004723269,-0.02271861,-0.004613971,1.562703,0.1194059,-9.749927
IMU,470121885.0,2,-0.0738996,0.1040191,0.05743495,-0.7784041,-0.3198203,-9.750957
IMU,470161578.0,2,0.02912086,0.05022062,0.02976192,-0.3616372,-0.9221069,-9.449101
IMU,470202117.0,2,-0.07531957,0.07351536,-0.03479975,-0.2940444,0.3797105,-9.340665
IMU,470243547.0,2,0.0004242473,0.09716226,0.008918287,-0.4697582,0.8672456,-8.826318
IMU,470284257.0,2,0.07152736,0.07134386,0.04027658,-1.369436,0.4230987,-9.983037
IMU,470324143.0,2,-0.08445223,0.1182574,-0.01314423,-0.7311843,-0.830054,-9.835742
IMU,470364584.0,2,-0.02522098,0.1223127,0.02578482,-1.06377,-0.8770549,-10.44207
IMU,470405475.0,2,0.04141775,0.1767647,-0.02735349,-0.5075161,-0.1052883,-9.429583
IMU,470445598.0,2,0.04039259,0.165979,-0.09582396,-0.6736053,0.4327469,-10.84756
IMU,470486540.0,2,0.0205626,0.1186324,-0.007419869,-1.129944,1.528914,-9.163839
IMU,470526548.0,2,0.05880586,0.1585959,0.0009484251,-1.302859,0.3734964,-10.03718
IMU,470567056.0,2,0.06746886,0.136482,-0.007699279,-0.288866,0.5086962,-9.595572
IMU,470607047.0,2,0.006252672,0.09063449,-0.01642317,-0.7549251,-0.551174,-9.710677
IMU,470648866.0,2,-0.006961445,0.09448788,-0.05839808,-0.1739025,-0.4689106,-10.33036
IMU,470688797.0,2,0.02597203,0.09876022,-0.08889645,-0.3708074,-0.731179,-8.538422
IMU,470729501.0,2,0.01272685,0.1353097,-0.09102677,-0.5995615,0.07754368,-10.50641
IMU,470768891.0,2,0.04231051,0.1573284,-0.09308852,-1.331469,0.3063451,-9.696632
IMU,470809121.0,2,0.09397615,0.1484846,-0.07990699,-0.9651788,-0.07833634,-9.934471
IMU,470851556.0,2,0.02737749,0.1736501,-0.1033031,-0.5679317,0.05121895,-9.702487
IMU,470892580.0,2,0.03549011,0.1175331,-0.0609179,-0.9014676,0.06242456,-9.235516
IMU,470932105.0,2,0.09442694,0.1302093,-0.04715925,-0.7666747,0.4845814,-10.21075
IMU,470972577.0,2,0.02629743,0.1586309,-0.04915382,-0.7463389,0.3924099,-9.636529
IMU,471012528.0,2,0.02855161,0.2632701,-0.01610423,-0.5655951,0.8079765,-8.708467
IMU,471054809.0,2,0.04595161,0.2090938,0.01116045,-0.7197547,-0.5049435,-8.981201
IMU,471096090.0,2,-0.06484896,0.1411982,0.02213294,-0.06524589,0.4085417,-9.930031
IMU,471135311.0,2,0.1339034,0.1648088,-0.1022801,-1.691584,-1.172755,-6.038579
IMU,471175289.0,2,0.1080744,0.3106532,-0.03476442,-0.6247543,0.07147611,-1.229337
IMU,471215851.0,2,0.1677966,0.410577,-0.1503982,-0.2696577,0.4500568,-1.192194
IMU,471257208.0,2,0.1200384,0.4802747,-0.2279482,-0.2463296,-0.1290645,-0.6702643
IMU,471297266.0,2,0.129728,0.4626763,-0.2720495,-0.1300877,0.04295845,-0.4905778
IMU,471337128.0,2,0.1028857,0.4496136,-0.2894606,-0.1381972,0.05114191,-0.5454199
IMU,471377591.0,2,0.1061854,0.431578,-0.3021321,-0.1241678,0.03839858,-0.5926064
IMU,471417743.0,2,0.08818885,0.4609202,-0.3078946,-0.1343295,0.01828304,-0.5988712
IMU,471460636.0,2,0.07516764,0.4588283,-0.3066852,-0.114088,-0.00753049,-0.6458431
IMU,471502460.0,2,0.04657868,0.4649367,-0.3076964,-0.1246714,-0.02413273,-0.7337075
IMU,471542101.0,2,0.01546808,0.5094426,-0.3178343,-0.1041111,-0.02159376,-0.8611376
IMU,471582078.0,2,-0.005557742,0.5429658,-0.3281009,-0.08425196,-0.02545921,-0.9390604
IMU,471625872.0,2,-0.02865531,0.5678995,-0.3385469,-0.05773988,-0.005582779,-1.037222
IMU,471665523.0,2,-0.03830382,0.5812154,-0.3576719,-0.03220386,0.001041626,-1.129203
IMU,471705800.0,2,-0.0387491,0.5893998,-0.3719572,-0.04703826,-0.01830059,-1.275837
IMU,471746324.0,2,-0.05900167,0.6004648,-0.387776,0.006041878,-0.02373096,-1.452409
IMU,471785784.0,2,-0.09841733,0.5814449,-0.4023366,0.03939196,0.003517618,-1.638834
IMU,471826813.0,2,-0.1317179,0.5442684,-0.4080079,0.03132998,-0.005238835,-1.771871
IMU,471866785.0,2,-0.1712725,0.4813029,-0.421509,0.1452694,0.1018312,-2.03408
IMU,471907032.0,2,-1.063086,-0.02725304,-0.5123701,0.4544913,-0.3889867,-3.446444
IMU,471946615.0,2,-0.5890437,-0.5090078,-0.6447284,0.2928183,1.863138,-6.13616
IMU,471986884.0,2,1.484891,-1.002747,-0.7956922,4.053213,1.496917,-18.88514
IMU,472032768.0,2,1.287515,-8.230381,0.1732,-9.529122,-16.91539,-42.61178
IMU,472072647.0,2,1.992265,-4.885009,0.5061071,-8.282508,0.1596797,4.984516
IMU,472113133.0,2,0.7831209,-4.105203,0.8376276,-4.67416,0.2890346,3.438448
IMU,472154027.0,2,0.3886969,-3.03646,0.1587231,-3.849094,-0.07968571,0.01942447
IMU,472193659.0,2,0.2375535,-1.197189,-0.4345389,-4.16007,-0.7813739,-2.310671
IMU,472234097.0,2,-0.5689387,0.8727964,-0.308911,-5.523884,-1.664004,-2.410005
IMU,472273800.0,2,-0.6422339,1.823881,0.09187818,-4.992651,-1.734222,-4.13361
IMU,472314496.0,2,-0.5158454,3.056542,0.4265354,-6.055786,-2.245693,-6.363214
IMU,472354759.0,2,-0.6311515,4.5037,0.4503554,-4.427351,-2.284137,-8.310685
IMU,472394528.0,2,-0.6831396,5.604277,0.299098,-1.743102,-0.2100223,-9.0931
IMU,472434833.0,2,-1.3264,4.82349,0.1881578,5.460072,0.1727429,-14.45269
IMU,472476024.0,2,1.235757,-1.130417,-0.4410642,8.009351,1.459969,-14.84632
IMU,472516038.0,2,-0.1920197,-0.4089276,-0.1051677,1.187446,0.4927264,-9.117924
IMU,472555490.0,2,-0.2724393,0.3352246,0.1065254,0.6032106,-1.100709,-8.527358
IMU,472595320.0,2,-0.2535396,0.2701755,0.02703551,1.97294,0.2655499,-10.40174
IMU,472635582.0,2,0.03414374,-0.1239035,0.002072023,1.604927,0.7641119,-10.28125
IMU,472675849.0,2,0.0005792631,0.06173047,-0.0200911,1.474755,-0.4430315,-9.554843
IMU,472716152.0,2,-0.003602418,-0.01730935,0.01108491,1.597715,0.2823473,-9.653718
IMU,472755355.0,2,-0.0007355848,0.009914538,-0.01122672,1.493881,-0.08643126,-9.785026
IMU,472795482.0,2,-0.004582441,0.004256293,-0.001538921,1.508998,0.08802922,-9.629478
IMU,472836108.0,2,-0.002927645,-0.0009312411,-0.00295073,1.513915,0.01482284,-9.703389
IMU,472875806.0,2,-0.00132321,0.003303898,-0.004603858,1.517094,0.03721628,-9.682737
IMU,472915609.0,2,-0.002527524,0.001774295,-0.002923235,1.52583,0.05492175,-9.673931
IMU,472955462.0,2,-6.513941e-05,1.833716e-05,-0.003886529,1.506507,0.01514178,-9.695989
IMU,472995511.0,2,-0.002108362,0.001442249,-0.003145069,1.521096,0.04628935,-9.697651
IMU,473035761.0,2,-0.001821486,0.002240923,-0.00219668,1.517559,0.02641002,-9.682378
IMU,473075317.0,2,-0.002416732,0.001667138,-0.002922527,1.512798,0.04027772,-9.679719
IMU,473115813.0,2,-0.0009120104,0.000506301,-0.005739534,1.512906,0.04914211,-9.703148
IMU,473155830.0,2,-0.001309793,0.0008243559,-0.002109221,1.515461,0.0307669,-9.675397
IMU,473196262.0,2,-0.001074459,0.000842364,-0.002640388,1.510053,0.03847153,-9.651715
IMU,473236753.0,2,-0.0008349486,-0.000319619,-0.003095517,1.514794,0.01750187,-9.681814
IMU,473276382.0,2,-0.00126183,0.001681783,-0.003894032,1.508542,0.03781417,-9.665363
IMU,473316855.0,2,-0.002615242,0.0001097397,-0.004069178,1.513285,0.03279396,-9.703154
IMU,473357297.0,2,-0.002830107,0.001391495,-0.004537998,1.513222,0.01984503,-9.677211
IMU,473396760.0,2,-0.001802504,0.001025833,-0.002998736,1.522748,0.04157015,-9.675992
IMU,473436772.0,2,-0.001003878,0.0005840274,-0.003246683,1.519448,0.03659748,-9.710974
IMU,473476618.0,2,-0.00171501,0.001399781,-0.003380886,1.516969,0.03047392,-9.684339
IMU,473516910.0,2,-0.002544094,0.001868879,-0.003034448,1.515723,0.0270767,-9.672876
IMU,473557451.0,2,-0.002519931,0.001640476,-0.002414384,1.517427,0.02851774,-9.679416
IMU,473596790.0,2,-0.002769852,0.00042589,-0.003513121,1.515466,0.02325516,-9.709019
IMU,473637064.0,2,-0.001773004,0.001548248,-0.003364338,1.515031,0.03631679,-9.696198
IMU,473676869.0,2,-0.002822859,0.0009082068,-0.00337902,1.508702,0.02686498,-9.705368
IMU,473717600.0,2,-0.001335041,-0.0001929269,-0.002429771,1.532415,0.03028862,-9.688524
IMU,473757638.0,2,-0.001179126,0.001809542,-0.003484652,1.511039,0.03874506,-9.673318
IMU,473797210.0,2,-0.001987696,0.001129943,-0.002995717,1.526585,0.02486991,-9.680682
IMU,473838065.0,2,-0.001308274,4.768299e-05,-0.003766185,1.520385,0.03453882,-9.698182
IMU,473878462.0,2,-0.0007793753,0.0006707503,-0.004247932,1.52222,0.03573108,-9.696279
IMU,473918747.0,2,-0.001942165,0.001584922,-0.003556065,1.512028,0.03860102,-9.685382
IMU,473958359.0,2,-0.001059656,0.0002981958,-0.003103108,1.521546,0.03145251,-9.696627
IMU,473998364.0,2,-0.001622332,-0.0001813865,-0.004537108,1.511381,0.02097467,-9.718769
IMU,474039847.0,2,-0.002330397,0.0005359048,-0.002639001,1.526171,0.03325765,-9.684648
