ARM,561980634.0,0.0
AHR2,560877469.0,-2.36,-6.62,143.88,468.78,43.2382992,-7.681841
AHR2,560977800.0,-2.66,-5.98,143.91,468.78,43.2382959,-7.6818383
AHR2,561080098.0,-2.62,-5.9,144.43,468.69,43.2382925,-7.6818354
AHR2,561180551.0,-2.67,-5.21,144.7,468.83,43.2382891,-7.6818325
AHR2,561284523.0,-2.68,-4.06,145.26,469.02,43.238286,-7.68183
AHR2,561384534.0,-2.89,-3.14,146.09,468.72,43.2382827,-7.6818272
AHR2,561486135.0,-2.75,-1.81,146.41,468.66,43.2382796,-7.6818248
AHR2,561586158.0,-2.48,-1.0,146.49,468.62,43.2382763,-7.6818221
AHR2,561688789.0,-3.03,-0.22,146.54,468.84,43.2382727,-7.6818191
AHR2,561789265.0,-2.84,0.73,146.23,468.52,43.2382695,-7.6818164
AHR2,561891637.0,-2.32,1.41,146.19,468.56,43.2382671,-7.6818141
AHR2,561991503.0,-2.45,2.23,146.13,468.55,43.2382642,-7.6818114
AHR2,562092838.0,-2.04,3.09,145.23,467.94,43.2382616,-7.6818093
AHR2,562192766.0,-2.31,4.26,143.66,467.38,43.2382589,-7.6818067
AHR2,562293758.0,-2.78,5.41,141.72,467.37,43.2382562,-7.6818046
AHR2,562393661.0,-3.48,6.81,139.7,467.49,43.2382534,-7.6818021
AHR2,562495145.0,-4.38,8.85,137.45,467.24,43.2382513,-7.6818
AHR2,562595659.0,-5.31,11.79,134.66,466.78,43.2382486,-7.6817974
AHR2,562697246.0,-6.45,15.44,131.33,466.85,43.2382453,-7.681795
AHR2,562797314.0,-17.77,8.51,129.99,466.17,43.2382426,-7.6817926
AHR2,562898088.0,-3.32,-3.0,127.9,463.82,43.2382409,-7.6817907
AHR2,562998105.0,-3.77,-21.26,130.14,464.2,43.2382385,-7.6817884
AHR2,563098794.0,-3.63,-21.52,129.54,464.22,43.238241,-7.6817951
AHR2,563198647.0,-2.59,-13.01,126.25,464.3,43.2382404,-7.6817961
AHR2,563299615.0,-2.1,-13.93,126.49,464.28,43.2382416,-7.6817933
AHR2,563400030.0,-2.11,-13.66,126.59,464.29,43.2382416,-7.6817929
AHR2,563500488.0,-2.11,-13.41,126.65,464.27,43.2382415,-7.6817941
AHR2,563600479.0,-2.11,-13.17,126.72,464.38,43.2382415,-7.6817942
AHR2,563701621.0,-2.11,-12.96,126.79,464.29,43.2382416,-7.681794
AHR2,563802076.0,-2.11,-12.75,126.86,464.25,43.2382416,-7.681794
AHR2,563902631.0,-2.11,-12.55,126.94,464.22,43.2382415,-7.6817944
AHR2,564002539.0,-2.11,-12.34,127.01,464.2,43.2382414,-7.6817945
AHR2,564103106.0,-2.11,-12.15,127.07,464.22,43.2382411,-7.6817948
AHR2,564202887.0,-2.11,-11.95,127.14,464.36,43.2382411,-7.6817949
AHR2,564303493.0,-2.1,-11.76,127.21,464.44,43.2382407,-7.6817952
AHR2,564403294.0,-2.1,-11.58,127.28,464.13,43.2382407,-7.6817952
AHR2,564503392.0,-2.1,-11.39,127.34,464.35,43.2382403,-7.6817953
AHR2,564603252.0,-2.1,-11.21,127.41,464.14,43.2382404,-7.6817952
AHR2,564704275.0,-2.09,-11.04,127.47,464.28,43.2382399,-7.6817961
ATT,560876810.0,-3.151412,-2.495022,-7.301827,-6.706134,149.1683,147.6581
ATT,560977118.0,-3.174167,-2.833536,-6.814277,-6.108926,149.1562,147.6316
ATT,561079319.0,-3.085291,-2.778674,-6.101125,-6.027085,149.1317,148.0799
ATT,561179844.0,-2.853352,-2.76139,-5.057813,-5.273995,149.0932,148.2734
ATT,561283798.0,-2.664112,-2.731728,-3.798433,-4.100405,149.0555,148.7654
ATT,561383832.0,-2.657309,-2.917282,-2.594052,-3.19877,149.0273,149.5161
ATT,561485490.0,-2.605142,-2.772993,-1.529118,-1.88506,149.002,149.7643
ATT,561585508.0,-2.601246,-2.4901,-0.6445769,-1.091225,148.9818,149.7925
ATT,561688137.0,-2.531319,-3.040809,0.1974226,-0.3569821,148.9628,149.7642
ATT,561788607.0,-2.469574,-2.852965,0.9376612,0.5316135,148.9469,149.3908
ATT,561890889.0,-2.38767,-2.321425,1.692648,1.15477,148.9319,149.3154
ATT,561990650.0,-2.197059,-2.440771,2.320041,1.916504,149.262,149.2256
ATT,562092150.0,-1.113202,-2.076838,1.207419,2.822522,148.3302,148.2992
ATT,562192107.0,-0.5683346,-2.429604,0.6164366,4.103445,146.774,146.7376
ATT,562293103.0,-0.2883512,-2.963097,0.3127571,5.539358,144.8174,144.7731
ATT,562393092.0,-0.1472308,-3.72264,0.1596941,7.340195,142.7544,142.6985
ATT,562494550.0,-0.07459613,-4.690524,0.08091056,9.811576,140.4483,140.3774
ATT,562595048.0,-0.03795707,-5.705371,0.04116913,13.22799,137.6055,137.5182
ATT,562696633.0,-0.01918327,-6.987,0.02080628,17.30107,134.1804,134.0716
ATT,562796775.0,-0.009760175,-18.41772,0.01058614,10.69911,132.7832,132.5086
ATT,562897535.0,-0.004953447,-4.533816,0.005372751,1.902782,130.4575,130.39
ATT,562997527.0,-0.002529107,-5.819716,0.002742911,-11.56189,132.9725,132.8841
ATT,563098160.0,-0.001285801,-6.623112,0.001395007,-9.909648,132.2251,132.1251
ATT,563198062.0,-0.0006564136,-6.843342,0.0007128365,-1.726988,128.7588,128.657
ATT,563299052.0,-0.0003337467,-6.576709,0.0003628474,-2.822984,129.133,129.0351
ATT,563399331.0,-0.0002721395,-6.580128,0.0002959926,-2.793397,129.1793,129.0814
ATT,563499781.0,-0.0002622913,-6.582891,0.0002850174,-2.783344,129.1933,129.0953
ATT,563599839.0,-0.0002574039,-6.576949,0.0002799265,-2.743864,129.2132,129.1153
ATT,563700804.0,-0.0002425796,-6.574908,0.0002638801,-2.715106,129.2366,129.1387
ATT,563801372.0,-0.0002377166,-6.577775,0.0002584032,-2.695835,129.2603,129.1624
ATT,563901875.0,-0.0002377167,-6.574208,0.0002584032,-2.665797,129.2818,129.1839
ATT,564001885.0,-0.0002377166,-6.57257,0.0002584032,-2.637659,129.2988,129.2009
ATT,564102564.0,-0.0002377166,-6.570835,0.0002584032,-2.597714,129.2984,129.2006
ATT,564202453.0,-0.0002377166,-6.56703,0.0002584032,-2.563133,129.2999,129.2021
ATT,564302858.0,0.000222984,-6.556779,0.001427382,-2.521086,129.2827,129.1851
ATT,564402760.0,0.0001141567,-6.547628,0.0007284326,-2.482347,129.26,129.1626
ATT,564502741.0,6.179168e-05,-6.53583,0.0003905628,-2.447263,129.2364,129.1391
ATT,564602629.0,6.179166e-05,-6.51852,0.0003905629,-2.397181,129.1806,129.0836
ATT,564703744.0,5.970574e-05,-6.493,0.0003759619,-2.336028,129.0848,128.9881
BARO,560969117.0,0,1.167175,470.0471,96548.81
BARO,561071893.0,0,1.079559,469.9595,96549.77
BARO,561172023.0,0,1.212372,470.0923,96548.34
BARO,561274029.0,0,1.401703,470.2817,96546.3
BARO,561373873.0,0,1.107819,469.9878,96549.45
BARO,561476081.0,0,1.045654,469.9256,96550.14
BARO,561576222.0,0,1.000458,469.8804,96550.63
BARO,561677862.0,0,1.226501,470.1065,96548.2
BARO,561778586.0,0,0.907196,469.7872,96551.63
BARO,561880746.0,0,0.9439392,469.8239,96551.23
BARO,561980885.0,0,0.9326477,469.8126,96551.34
BARO,562082477.0,0,0.3222656,469.2022,96557.97
BARO,562182499.0,0,-0.234375,468.6456,96563.96
BARO,562283174.0,0,-0.2400513,468.6399,96564.05
BARO,562383150.0,0,-0.124176,468.7558,96562.78
BARO,562484059.0,0,-0.3700256,468.5099,96565.44
BARO,562584502.0,0,-0.8390808,468.0409,96570.52
BARO,562686145.0,0,-0.7627869,468.1172,96569.69
BARO,562786614.0,0,-1.443787,467.4362,96577.04
BARO,562887586.0,0,-3.7948,465.0852,96602.47
BARO,562987322.0,0,-3.418976,465.461,96598.41
BARO,563088535.0,0,-3.3992,465.4808,96598.19
BARO,563188443.0,0,-3.311584,465.5684,96597.25
BARO,563288641.0,0,-3.334198,465.5458,96597.51
BARO,563389276.0,0,-3.325714,465.5543,96597.39
BARO,563489796.0,0,-3.348328,465.5316,96597.66
BARO,563589787.0,0,-3.238129,465.6418,96596.45
BARO,563690312.0,0,-3.322906,465.5571,96597.36
BARO,563790801.0,0,-3.365295,465.5147,96597.84
BARO,563892009.0,0,-3.3992,465.4808,96598.19
BARO,563991859.0,0,-3.410492,465.4695,96598.32
BARO,564092339.0,0,-3.393555,465.4864,96598.13
BARO,564192648.0,0,-3.257904,465.6221,96596.68
BARO,564293278.0,0,-3.173126,465.7068,96595.75
BARO,564393245.0,0,-3.483978,465.396,96599.12
BARO,564493100.0,0,-3.26355,465.6164,96596.74
BARO,564593095.0,0,-3.472656,465.4073,96598.98
BARO,564693813.0,0,-3.339844,465.5401,96597.55
BARO,560969117.0,1,1.452576,470.3326,96532.92
BARO,561071893.0,1,1.455383,470.3354,96532.91
BARO,561172023.0,1,1.548645,470.4286,96531.89
BARO,561274029.0,1,1.56842,470.4484,96531.69
BARO,561373873.0,1,1.404541,470.2845,96533.46
BARO,561476081.0,1,1.644714,470.5247,96530.87
BARO,561576222.0,1,1.370605,470.2506,96533.8
BARO,561677862.0,1,1.492126,470.3721,96532.49
BARO,561778586.0,1,1.294312,470.1743,96534.64
BARO,561880746.0,1,1.322571,470.2025,96534.32
BARO,561980885.0,1,1.22934,470.1093,96535.33
BARO,562082477.0,1,0.729187,469.6092,96540.75
BARO,562182499.0,1,0.4155273,469.2955,96544.14
BARO,562283174.0,1,0.3363953,469.2164,96545.0
BARO,562383150.0,1,0.2714233,469.1514,96545.71
BARO,562484059.0,1,0.03405762,468.914,96548.28
BARO,562584502.0,1,-0.1072388,468.7727,96549.79
BARO,562686145.0,1,-0.5960693,468.2839,96555.07
BARO,562786614.0,1,-1.042542,467.8374,96559.9
BARO,562887586.0,1,-4.422119,464.4579,96596.46
BARO,562987322.0,1,-3.043152,465.8368,96581.52
BARO,563088535.0,1,-3.094025,465.7859,96582.09
BARO,563188443.0,1,-3.012085,465.8679,96581.21
BARO,563288641.0,1,-2.904694,465.9753,96580.04
BARO,563389276.0,1,-3.178802,465.7012,96582.99
BARO,563489796.0,1,-2.901855,465.9781,96580.0
BARO,563589787.0,1,-3.065765,465.8142,96581.78
BARO,563690312.0,1,-2.935791,465.9442,96580.37
BARO,563790801.0,1,-3.119446,465.7605,96582.37
BARO,563892009.0,1,-3.000763,465.8792,96581.07
BARO,563991859.0,1,-2.975342,465.9046,96580.81
BARO,564092339.0,1,-2.783203,466.0968,96578.73
BARO,564192648.0,1,-3.048798,465.8312,96581.59
BARO,564293278.0,1,-2.992279,465.8877,96580.98
BARO,564393245.0,1,-3.040314,465.8397,96581.5
BARO,564493100.0,1,-3.023376,465.8566,96581.34
BARO,564593095.0,1,-3.088379,465.7916,96582.03
BARO,564693813.0,1,-3.096832,465.7831,96582.13
GPS,561033067.0,4,19,43.238298,-7.68184,466.96,4.414,0.281,0.0
GPS,561237650.0,4,19,43.2382914,-7.6818346,466.86,4.341,0.341,0.0
GPS,561442278.0,4,19,43.2382848,-7.6818293,466.81,4.284,0.085,0.0
GPS,561623840.0,4,19,43.2382784,-7.681824,466.72,4.151,0.26,0.0
GPS,561827152.0,4,19,43.2382723,-7.6818188,466.61,3.884,0.272,0.0
GPS,562028610.0,4,19,43.2382666,-7.6818139,466.54,3.728,0.11,0.0
GPS,562232872.0,4,19,43.238261,-7.6818088,466.3,3.632,1.595,0.0
GPS,562453084.0,4,19,43.2382555,-7.6818039,465.74,3.628,3.544,0.0
GPS,562635234.0,4,19,43.2382501,-7.6817993,464.85,3.587,5.248,0.0
GPS,562836886.0,4,19,43.2382451,-7.6817947,463.6,3.235,6.803,0.0
GPS,563037576.0,4,19,43.2382421,-7.6817934,462.84,1.066,0.548,0.0
GPS,563238480.0,4,19,43.2382416,-7.6817941,462.68,0.368,0.9960001,0.0
GPS,563459647.0,4,18,43.2382416,-7.681794,462.58,0.113,-0.008,0.0
GPS,563619651.0,4,19,43.2382416,-7.6817941,462.55,0.059,0.081,0.0
GPS,563822169.0,4,19,43.2382415,-7.6817943,462.5,0.07600001,0.085,0.0
GPS,564022602.0,4,19,43.2382411,-7.6817947,462.43,0.078,0.103,0.0
GPS,564222832.0,4,19,43.2382407,-7.6817952,462.33,0.019,0.05,0.0
GPS,564463077.0,4,19,43.2382403,-7.6817953,462.22,0.06900001,0.023,0.0
GPS,564623081.0,4,19,43.2382399,-7.6817961,462.12,0.04,0.029,0.0
IMU,560884629.0,0,-0.01927604,0.1374822,-0.03039695,-0.9743447,-0.259912,-9.857806
IMU,560924089.0,0,-0.07677092,0.1037606,0.04658066,-1.140519,-0.6213896,-9.123876
IMU,560964115.0,0,-0.03168772,-0.04084831,0.08053275,-1.589113,0.09389018,-9.602486
IMU,561005535.0,0,0.05369859,-0.02732646,0.02781891,-0.6750838,1.081496,-9.341974
IMU,561046865.0,0,0.1360393,-0.0046892,0.07640169,-1.346305,1.023056,-9.872322
IMU,561087115.0,0,0.0198901,0.06078233,-0.008522565,-0.6673539,1.105225,-9.169435
IMU,561127051.0,0,-0.03269038,0.1243506,-0.0479968,-0.476273,1.031322,-9.956189
IMU,561167560.0,0,0.03023845,0.2790896,0.09880473,-0.3953404,-0.2579087,-9.542549
IMU,561210180.0,0,0.05893588,0.1826791,0.0850864,-0.0312714,0.5540988,-9.726175
IMU,561251852.0,0,0.04314738,0.155779,0.1002289,-1.017207,0.1091569,-9.177923
IMU,561291616.0,0,0.1147922,0.2134049,0.1693755,-0.8034713,0.3454869,-9.634398
IMU,561331846.0,0,0.07411708,0.1330727,0.114986,-0.5584596,1.180569,-9.736768
IMU,561371555.0,0,0.01719451,0.1669728,0.07431144,-0.2312382,1.431641,-9.733218
IMU,561411545.0,0,-0.0196983,0.169368,0.09686722,-0.830745,-0.4933591,-9.386786
IMU,561455834.0,0,-0.07456432,0.2502747,0.1418986,-0.9968112,-0.7409014,-9.513769
IMU,561495528.0,0,-0.02516531,0.2161088,-0.02099877,-1.416364,0.1664156,-9.804013
IMU,561535570.0,0,0.06156679,0.2153293,-0.04844494,-0.4648738,0.8927063,-10.38674
IMU,561576430.0,0,0.05355013,0.1883138,-0.06764233,-0.5621853,0.3700986,-9.57373
IMU,561618758.0,0,0.02565806,0.1457068,-0.02894329,-0.3238298,0.4814464,-9.069921
IMU,561660232.0,0,-0.06298492,0.1131123,0.02255792,-1.167349,0.2724477,-9.144964
IMU,561701019.0,0,-0.04830073,0.1609395,-0.003227504,-1.37409,-0.514487,-9.696301
IMU,561740632.0,0,0.06502055,0.09554213,-0.01265482,-1.074158,0.1848291,-9.937132
IMU,561780827.0,0,-0.1158603,0.09231479,-0.08015735,-0.297415,0.8394728,-10.55078
IMU,561821761.0,0,0.1105726,0.1504914,-0.0650332,-0.3613157,1.239057,-10.62016
IMU,561863844.0,0,0.1687173,0.09854071,-0.01607214,-0.6535766,1.556953,-9.604258
IMU,561903327.0,0,0.07809563,0.04345578,-0.04850854,-0.2013987,1.343944,-9.575734
IMU,561943517.0,0,0.02063792,0.08367462,-0.000377213,-1.271805,0.1920287,-9.124052
IMU,561983861.0,0,0.004469551,0.152213,0.03186388,-1.109191,-0.2270354,-9.221223
IMU,562024095.0,0,0.1389361,0.1112388,-0.1392656,-2.438032,1.028375,-4.38504
IMU,562064815.0,0,0.02366823,0.1446174,-0.102384,0.3731705,0.04033102,-2.027921
IMU,562104476.0,0,0.001832477,0.228666,-0.1988587,-0.3189203,0.08619148,-0.9233885
IMU,562144795.0,0,-0.009164204,0.231926,-0.262573,-0.261159,-0.02710973,-0.4728756
IMU,562184550.0,0,-0.0436608,0.2339126,-0.3066903,-0.260242,0.09509831,-0.3897566
IMU,562224636.0,0,-0.06576779,0.2535831,-0.3272751,-0.2281454,0.01786054,-0.4470911
IMU,562265596.0,0,-0.03996745,0.2619219,-0.3299107,-0.2134659,0.02837821,-0.436252
IMU,562305366.0,0,-0.05226044,0.2940001,-0.3360231,-0.2590949,0.00407214,-0.5208323
IMU,562346005.0,0,-0.0821005,0.326647,-0.340325,-0.2532386,0.03916124,-0.5172991
IMU,562385797.0,0,-0.08649851,0.3559657,-0.3440165,-0.2295498,0.06599566,-0.6672558
IMU,562425303.0,0,-0.09013267,0.3994768,-0.3478566,-0.2583107,0.05432415,-0.8104214
IMU,562466842.0,0,-0.09770586,0.4725029,-0.3685208,-0.266895,0.05620978,-0.9252111
IMU,562507753.0,0,-0.08972591,0.5512951,-0.4009325,-0.2346181,0.08993722,-0.9530873
IMU,562547249.0,0,-0.06668933,0.6252546,-0.4306222,-0.2115479,0.09648554,-1.039413
IMU,562587280.0,0,-0.03730613,0.6926545,-0.4532617,-0.2010221,0.108837,-1.17203
IMU,562627658.0,0,-0.01659111,0.7516502,-0.4762844,-0.1715359,0.09869351,-1.265776
IMU,562668557.0,0,0.003699165,0.7938173,-0.5020246,-0.1103704,0.08117302,-1.412896
IMU,562709579.0,0,-0.4552042,0.6207812,-0.5043033,0.1912315,-0.6640542,-3.734091
IMU,562749238.0,0,-1.472326,-0.1469053,-0.3911186,-0.02385698,-1.010561,-6.972446
IMU,562789455.0,0,-2.963182,-2.886635,-0.7291753,3.440505,6.556353,-19.03298
IMU,562830035.0,0,4.929246,-1.845838,-4.255325,-72.70628,66.25725,-81.17355
IMU,562869792.0,0,-0.0005422606,-0.6274791,2.046167,12.84625,-9.313073,6.593638
IMU,562909752.0,0,0.3939139,-2.012088,0.5048925,2.355791,-0.6645048,-3.504987
IMU,562950026.0,0,-0.103781,-2.497221,0.1364986,1.46722,-0.7142968,-2.312811
IMU,562990162.0,0,-0.6478893,-2.400544,0.1569939,1.061334,-0.9742683,-3.341711
IMU,563029749.0,0,-0.0942716,-0.6247371,0.1126112,0.07274618,-0.293842,-5.404325
IMU,563070882.0,0,-0.08096489,0.847338,-0.1653856,-0.2524365,0.5248937,-6.661025
IMU,563110636.0,0,-0.3489329,1.477054,-0.47508,-0.4645996,0.8866091,-7.34339
IMU,563151143.0,0,-0.09708971,1.754978,-0.5083865,-1.908019,1.267924,-11.03302
IMU,563190843.0,0,0.09793905,1.25659,-0.3137932,-0.6602477,0.4713658,-13.36419
IMU,563230501.0,0,0.1373775,0.1281175,0.005944813,0.8459313,-0.4303673,-15.0311
IMU,563271995.0,0,0.02325933,-0.4644758,0.06857036,0.4103414,-0.3721093,-10.11899
IMU,563312054.0,0,-0.007388255,-0.3317367,0.07568832,-0.7326924,0.8943151,-8.494169
IMU,563351614.0,0,0.003154475,0.008580477,-0.004525878,-0.8511553,0.7925739,-8.285885
IMU,563391524.0,0,0.02076998,0.1478179,-0.02035241,-0.2642818,0.2741921,-9.836109
IMU,563431998.0,0,0.008260234,0.02562946,-0.007885887,-0.1426703,0.2057216,-10.53848
IMU,563472034.0,0,0.0005976396,-0.0435249,0.004068899,-0.3194211,0.4625317,-9.548137
IMU,563512317.0,0,0.007302204,0.01401352,-0.0005994689,-0.4135381,0.4603362,-9.635354
IMU,563552295.0,0,0.01136156,-0.007673121,0.000471053,-0.2699118,0.2871928,-9.909248
IMU,563591832.0,0,0.006910187,0.0006742794,-0.001907297,-0.3584237,0.4337383,-9.659001
IMU,563633008.0,0,0.01117318,-0.001197918,-0.001778855,-0.3086758,0.3586469,-9.809382
IMU,563673536.0,0,0.01080095,-0.001931997,-0.001271626,-0.3365373,0.4027318,-9.727917
IMU,563714051.0,0,0.008859801,-0.001470377,-0.001028813,-0.2781551,0.3823095,-9.77252
IMU,563753725.0,0,0.008031547,0.0008895557,-0.001550505,-0.3353927,0.4008364,-9.738933
IMU,563793583.0,0,0.00966897,-0.002888544,-0.001034695,-0.321482,0.3631015,-9.756503
IMU,563837525.0,0,0.01092014,-0.0004103419,-2.231826e-05,-0.3318847,0.402843,-9.761988
IMU,563877059.0,0,0.008695456,0.0003429903,-0.0004214808,-0.3275504,0.3734748,-9.767244
IMU,563916891.0,0,0.009314852,-0.003051201,-0.001398749,-0.3230327,0.3604112,-9.738439
IMU,563956852.0,0,0.009045131,-0.0005327077,-0.001566377,-0.3253221,0.3921537,-9.769224
IMU,563997281.0,0,0.009530819,-0.0006378731,-0.001018471,-0.32806,0.3772067,-9.719355
IMU,564038163.0,0,0.008281408,0.0003207598,-0.002407832,-0.326214,0.3872522,-9.750229
IMU,564077557.0,0,0.008845959,-0.0007126176,-0.0005590092,-0.316514,0.3866717,-9.758852
IMU,564117558.0,0,0.008957938,-0.001462103,-0.001079781,-0.3183113,0.3837115,-9.769651
IMU,564157780.0,0,0.00848833,-0.0002790668,-0.0005133534,-0.3142475,0.3826876,-9.73605
IMU,564197471.0,0,0.009297946,-0.0009531927,0.0001237838,-0.3224522,0.3921712,-9.751781
IMU,564240270.0,0,0.009011986,-0.0008430135,-0.00101832,-0.3212095,0.3849922,-9.743213
IMU,564280866.0,0,0.009900426,-0.002020493,0.0002453637,-0.3196483,0.3775076,-9.738808
IMU,564320822.0,0,0.009211799,-0.001876116,-0.000140931,-0.3184297,0.3845022,-9.732073
IMU,564360376.0,0,0.01018322,-0.0003186734,-0.00237628,-0.3401408,0.38574,-9.752763
IMU,564400291.0,0,0.008356473,5.885332e-05,-0.0007671193,-0.3228246,0.3889332,-9.761305
IMU,564440525.0,0,0.01069535,-0.001130894,-0.001279036,-0.3238563,0.3825,-9.735924
IMU,564480655.0,0,0.00949865,-0.0003309078,-0.0007173867,-0.3170877,0.3903553,-9.753257
IMU,564520591.0,0,0.00878692,0.0002565615,-0.001329075,-0.3296164,0.3858936,-9.753455
IMU,564560273.0,0,0.009530651,-0.0008419789,-0.0003795605,-0.3182218,0.3939524,-9.732607
IMU,564600432.0,0,0.009488797,-0.0007955298,-0.000540171,-0.3218972,0.393463,-9.764625
IMU,564641542.0,0,0.009442595,-0.001772492,-0.001011424,-0.315135,0.384105,-9.768764
IMU,564681486.0,0,0.009714602,-0.001350121,-0.001279555,-0.3244219,0.382686,-9.754813
IMU,564721214.0,0,0.008773651,-0.0006349449,-0.0012083,-0.3145409,0.3714219,-9.754207
IMU,564760860.0,0,0.009677084,-0.001950429,-0.000708665,-0.3142585,0.3899152,-9.757313
IMU,564801093.0,0,0.009776985,-0.00128597,-0.0005703163,-0.3127122,0.3806756,-9.749273
IMU,560884629.0,1,-0.05539623,0.07308391,-0.0176772,-0.9997118,0.01034407,-9.328897
IMU,560924089.0,1,-0.05998478,0.04986449,0.02475909,-0.440682,-0.5132505,-9.204862
IMU,560964115.0,1,-0.04004428,-0.03611188,0.02597702,-1.724994,-1.036649,-9.913429
IMU,561005535.0,1,0.002393344,-0.03539175,-0.01759987,-1.330705,0.5464239,-9.388316
IMU,561046865.0,1,0.08152587,-0.01332359,0.04846789,-2.025255,0.1970389,-10.51169
IMU,561087115.0,1,-0.03444849,0.04897811,0.009406308,-1.746955,1.040069,-9.762265
IMU,561127051.0,1,-0.1016636,0.08109117,-0.04237996,-0.4508385,0.8291073,-10.13396
IMU,561167560.0,1,-0.004943317,0.2003747,0.0924886,-0.5797628,0.8053349,-9.401051
IMU,561210180.0,1,0.03395337,0.1095662,0.04799934,-0.3562087,0.6925316,-9.725148
IMU,561251852.0,1,0.008121091,0.1237765,0.07990785,-1.109048,0.1224094,-9.28559
IMU,561291616.0,1,0.0860448,0.1667719,0.1103075,-1.34592,-0.1633585,-9.682154
IMU,561331846.0,1,0.009084821,0.1237483,0.1041822,-1.503957,0.5325797,-10.79792
IMU,561371555.0,1,-0.02657414,0.1304619,0.02841869,-0.7737987,1.096465,-9.725698
IMU,561411545.0,1,-0.01198016,0.1538597,0.04940289,-1.261641,-0.6036015,-9.954641
IMU,561455834.0,1,-0.04523672,0.17879,0.1403314,-0.2144127,-0.2573514,-9.559126
IMU,561495528.0,1,-0.06632987,0.1442346,-0.01276467,-1.098416,0.3178437,-9.321731
IMU,561535570.0,1,0.01596094,0.1640452,-0.01953034,-0.6013997,0.7007984,-10.18917
IMU,561576430.0,1,-0.002738525,0.1249838,-0.04153949,-0.5129866,0.6461148,-9.930593
IMU,561618758.0,1,-0.006861868,0.133334,-0.05924408,-0.6331745,0.1686643,-9.786953
IMU,561660232.0,1,-0.06431211,0.06871551,-0.01548575,-0.2172251,0.484017,-8.742086
IMU,561701019.0,1,-0.039068,0.1262782,-0.02570289,-0.739096,-0.2573307,-9.767361
IMU,561740632.0,1,0.03205977,0.07747992,-0.01934671,-0.673496,-1.050233,-9.246437
IMU,561780827.0,1,-0.1238529,0.06410731,-0.08085161,-0.0644239,0.6408724,-10.78419
IMU,561821761.0,1,0.01765628,0.1187262,-0.06065237,-0.4401567,1.198639,-10.3453
IMU,561863844.0,1,0.1047068,0.08842608,0.02633445,-1.542076,1.112631,-9.808577
IMU,561903327.0,1,0.0317296,0.03000043,-0.07562466,-1.326826,1.505237,-9.948843
IMU,561943517.0,1,0.0073006,0.06537304,-0.03481857,-1.141912,0.4946329,-9.646193
IMU,561983861.0,1,0.01349811,0.1198216,-0.009537414,-0.6947543,-0.1017718,-9.380269
IMU,562024095.0,1,0.06921667,0.06862436,-0.1295956,-2.275055,-0.3737743,-4.30558
IMU,562064815.0,1,0.0112094,0.1212656,-0.09806141,0.1028866,0.5444956,-2.233017
IMU,562104476.0,1,-0.02372397,0.1870118,-0.1864889,-0.4954751,0.3862502,-0.7079304
IMU,562144795.0,1,-0.03726609,0.1848238,-0.2458607,-0.2733421,0.1314489,-0.652298
IMU,562184550.0,1,-0.06423275,0.1896281,-0.2859292,-0.296565,0.2215482,-0.3908574
IMU,562224636.0,1,-0.08837524,0.2053367,-0.3045649,-0.2170307,0.1351383,-0.5597019
IMU,562265596.0,1,-0.06210944,0.2098752,-0.3101725,-0.1808937,0.1333822,-0.3923604
IMU,562305366.0,1,-0.07414478,0.2396372,-0.3102548,-0.268096,0.05915574,-0.5849727
IMU,562346005.0,1,-0.1035473,0.2631656,-0.3198672,-0.2615634,0.16384,-0.6084836
IMU,562385797.0,1,-0.110996,0.2919472,-0.3213522,-0.2205149,0.2041148,-0.75336
IMU,562425303.0,1,-0.1117938,0.341884,-0.3223619,-0.2164729,0.1009753,-0.8723763
IMU,562466842.0,1,-0.1169718,0.4127101,-0.3430413,-0.2714752,0.1680579,-0.9191839
IMU,562507753.0,1,-0.1092918,0.4891581,-0.3762583,-0.2400386,0.1353664,-1.101455
IMU,562547249.0,1,-0.08834874,0.5590695,-0.4023435,-0.2341646,0.1212004,-1.102972
IMU,562587280.0,1,-0.0639015,0.6233897,-0.4203746,-0.1738621,0.1743368,-1.101375
IMU,562627658.0,1,-0.0449395,0.6794139,-0.4390364,-0.2118485,0.2653132,-1.39603
IMU,562668557.0,1,-0.02441029,0.7179858,-0.4626302,-0.1054002,0.1679707,-1.349462
IMU,562709579.0,1,-0.4427264,0.5664091,-0.4847947,0.0189557,0.341853,-3.972191
IMU,562749238.0,1,-1.475661,-0.1261742,-0.4212797,0.03261651,-1.705096,-8.279558
IMU,562789455.0,1,-2.981347,-2.716994,-0.7865396,3.812175,7.314944,-20.19341
IMU,562830035.0,1,5.477071,-2.402688,-3.592139,-99.8727,94.36698,-108.1972
IMU,562869792.0,1,-0.08135579,-0.5987453,1.852264,19.01741,-11.23003,5.340746
IMU,562909752.0,1,0.3499142,-1.982124,0.4471773,2.590918,-1.083915,-4.43036
IMU,562950026.0,1,-0.1309485,-2.45241,0.09554508,1.485385,-0.7484413,-2.488649
IMU,562990162.0,1,-0.6581046,-2.36768,0.09045127,0.9771692,-1.019718,-3.341618
IMU,563029749.0,1,-0.126185,-0.6884971,0.09037162,0.1606185,-0.1778545,-5.100876
IMU,563070882.0,1,-0.08348319,0.7332058,-0.1452794,-0.251803,0.5933675,-6.562673
IMU,563110636.0,1,-0.3581063,1.38338,-0.4375685,-0.3955815,0.883118,-7.518728
IMU,563151143.0,1,-0.1371765,1.647583,-0.4731491,-1.946969,1.187733,-10.86195
IMU,563190843.0,1,0.05799415,1.206272,-0.2886064,-0.6333649,0.2881669,-13.7826
IMU,563230501.0,1,0.1021445,0.1171671,0.006911481,0.8189009,-0.5533612,-15.20071
IMU,563271995.0,1,0.001635027,-0.4693711,0.05918533,0.3450093,-0.2469958,-9.953394
IMU,563312054.0,1,-0.01763511,-0.3469451,0.06508708,-0.6752828,0.9099149,-8.437964
IMU,563351614.0,1,-0.008670427,-0.01591211,-0.007518403,-0.8324964,0.8271268,-8.296597
IMU,563391524.0,1,0.002829127,0.1086454,-0.02275539,-0.2229971,0.2449439,-9.988329
IMU,563431998.0,1,-0.005352904,0.00879238,-0.008979396,-0.1083819,0.124004,-10.68403
IMU,563472034.0,1,-0.01654446,-0.05951639,0.006282214,-0.3572582,0.5437537,-9.473433
IMU,563512317.0,1,-0.006222314,-0.009197761,-0.003381805,-0.4910116,0.3741443,-9.67887
IMU,563552295.0,1,0.0009178173,-0.02580363,-0.007369473,-0.2893375,0.3219232,-9.990729
IMU,563591832.0,1,-0.005893261,-0.01899065,-0.006670696,-0.347447,0.3678668,-9.693006
IMU,563633008.0,1,-0.002479503,-0.02647318,-0.005550534,-0.3442709,0.3540502,-9.821617
IMU,563673536.0,1,-0.004502149,-0.0262599,-0.005526091,-0.3118359,0.432126,-9.86553
IMU,563714051.0,1,-0.00568357,-0.02255769,-0.008126242,-0.168588,0.3556634,-9.819782
IMU,563753725.0,1,-0.001931474,-0.01595471,-0.008263319,-0.3658228,0.3801421,-9.750457
IMU,563793583.0,1,-0.002115945,-0.0256209,-0.005379215,-0.2745996,0.2726003,-9.799336
IMU,563837525.0,1,-0.002477356,-0.02459271,-0.008148333,-0.3449387,0.4346686,-9.775954
IMU,563877059.0,1,-0.003221635,-0.01948792,-0.006382524,-0.2714107,0.2546566,-9.868144
IMU,563916891.0,1,-0.004773529,-0.02176587,-0.007080831,-0.3429295,0.3757227,-9.785235
IMU,563956852.0,1,-0.003546183,-0.02388429,-0.006360833,-0.3374878,0.4498918,-9.790734
IMU,563997281.0,1,-3.056701e-05,-0.02523877,-0.005067528,-0.3400393,0.4043318,-9.858787
IMU,564038163.0,1,-0.005096036,-0.02032699,-0.004926755,-0.3234898,0.3400794,-9.76084
IMU,564077557.0,1,-0.003744454,-0.02690978,-0.005399175,-0.2424697,0.4540733,-9.925873
IMU,564117558.0,1,-0.004817978,-0.01653793,-0.004854944,-0.3482377,0.3598134,-9.853055
IMU,564157780.0,1,-0.002182077,-0.02430907,-0.003075325,-0.2870843,0.3126159,-9.784071
IMU,564197471.0,1,-0.002988291,-0.02128837,-0.004179192,-0.3064951,0.3443941,-9.870795
IMU,564240270.0,1,-0.005992653,-0.02487181,-0.005562201,-0.3534807,0.3101895,-9.832554
IMU,564280866.0,1,-0.005028659,-0.02176666,-0.001416985,-0.2970988,0.3780916,-9.908563
IMU,564320822.0,1,-0.004234238,-0.02488553,-0.005207635,-0.2876879,0.2938974,-9.803717
IMU,564360376.0,1,-0.002219085,-0.02233559,-0.001993122,-0.390256,0.3074903,-9.83302
IMU,564400291.0,1,-0.003940492,-0.02347304,-0.007802882,-0.3140209,0.3892959,-9.734464
IMU,564440525.0,1,-0.004576114,-0.01745884,-0.007096166,-0.4139057,0.3603292,-9.737039
IMU,564480655.0,1,-0.004166611,-0.02792277,-0.00705133,-0.3354776,0.259906,-9.959326
IMU,564520591.0,1,-0.001819899,-0.02073458,-0.006392533,-0.3185205,0.3303784,-9.87553
IMU,564560273.0,1,-0.00348632,-0.02615841,-0.006240927,-0.3644055,0.443795,-9.863918
IMU,564600432.0,1,-0.003589959,-0.022543,-0.003998593,-0.3379023,0.3710456,-9.926557
IMU,564641542.0,1,-0.005511196,-0.02260563,-0.001086131,-0.2998403,0.3172278,-9.815563
IMU,564681486.0,1,-0.002728969,-0.02446494,-0.004096247,-0.2760767,0.4023795,-9.872113
IMU,564721214.0,1,-0.003568843,-0.02723854,-0.007044677,-0.3633251,0.3467881,-9.775573
IMU,564760860.0,1,-0.001226301,-0.02726044,-0.005214856,-0.3770481,0.3229303,-9.782334
IMU,564801093.0,1,-0.00181998,-0.02295708,-0.009872109,-0.3522089,0.2803527,-9.82845
IMU,560884629.0,2,0.002383887,0.1021727,-0.03428811,-1.471031,0.6224499,-9.909806
IMU,560924089.0,2,-0.04911995,0.09094714,0.004700135,-1.237392,0.1820898,-9.625793
IMU,560964115.0,2,-0.09039994,0.0350954,0.0535956,-1.063424,-0.5420359,-9.951093
IMU,561005535.0,2,-0.008633692,0.006724625,0.03707028,-1.413385,0.9833246,-9.623979
IMU,561046865.0,2,0.03431755,0.07235154,0.1059562,-0.9554585,-0.0423527,-8.960251
IMU,561087115.0,2,-0.008952974,0.07504608,0.03046397,-1.373873,-0.1254876,-9.277179
IMU,561127051.0,2,-0.06320213,0.1105431,-0.01930867,-1.29206,0.4801879,-9.616061
IMU,561167560.0,2,0.05851254,0.2168601,0.08180358,-0.682098,0.1669858,-9.746734
IMU,561210180.0,2,0.07952277,0.1627763,0.09904355,-0.5106655,1.125697,-10.14121
IMU,561251852.0,2,0.03776362,0.1462812,0.1176605,-1.315272,0.4876902,-9.336277
IMU,561291616.0,2,0.08291672,0.2240549,0.1757031,-1.147719,-0.2779842,-10.05133
IMU,561331846.0,2,0.02538232,0.1540312,0.1537151,-0.8198766,0.2172145,-8.451
IMU,561371555.0,2,-0.02916912,0.1466649,0.09663023,-1.475055,0.8832445,-9.806296
IMU,561411545.0,2,-0.02255059,0.184246,0.1135293,-1.272056,0.8511481,-9.87325
IMU,561455834.0,2,-0.009516352,0.1953441,0.06229001,-0.583192,1.467565,-9.183699
IMU,561495528.0,2,-0.03496754,0.2295691,-0.02816968,-0.8465714,0.397778,-8.650151
IMU,561535570.0,2,0.09266614,0.1858258,-0.002119202,-0.8596672,-0.6818875,-9.734277
IMU,561576430.0,2,0.06257661,0.1443907,-0.0281824,-1.278479,-0.2472815,-9.949681
IMU,561618758.0,2,-0.02085078,0.1475643,-0.02789269,-1.085208,0.676671,-9.812779
IMU,561660232.0,2,-0.01441212,0.1291241,-0.03088625,-0.7094775,-0.2954129,-8.944812
IMU,561701019.0,2,-0.01550241,0.1913831,-0.05638789,-0.9674188,0.503923,-9.066814
IMU,561740632.0,2,0.01400527,0.1613706,-0.05930772,-0.1133466,-0.3039698,-10.14587
IMU,561780827.0,2,-0.09209616,0.1206447,-0.08868305,-1.050969,0.1170492,-8.766461
IMU,561821761.0,2,0.03992601,0.1314096,-0.03453015,-1.153795,1.390177,-9.95726
IMU,561863844.0,2,0.141204,0.117036,0.003045545,-0.5420659,0.5005146,-8.892238
IMU,561903327.0,2,0.04148239,0.0438305,-0.03547408,-1.223558,0.2260312,-11.62693
IMU,561943517.0,2,0.03003386,0.1062621,0.0027191,-0.9788899,0.1476921,-10.46046
IMU,561983861.0,2,0.04573888,0.1693281,-0.01982078,-0.556487,0.3786836,-8.869356
IMU,562024095.0,2,0.103715,0.1299841,-0.1148553,-2.18405,-1.204785,-6.161109
IMU,562064815.0,2,0.03837872,0.1351876,-0.1036917,-0.4340048,0.3083871,-2.100567
IMU,562104476.0,2,0.0218613,0.2371918,-0.198873,-0.3578833,0.1934905,-0.6739041
IMU,562144795.0,2,-0.02053814,0.233197,-0.2624189,-0.1874897,-0.01618369,-0.5917943
IMU,562184550.0,2,-0.04796024,0.2357861,-0.3075008,-0.2230454,0.08974671,-0.4525286
IMU,562224636.0,2,-0.06892861,0.2568625,-0.3257459,-0.2036358,0.04682629,-0.4857724
IMU,562265596.0,2,-0.04392958,0.263195,-0.3298409,-0.2043589,0.05376421,-0.4934686
IMU,562305366.0,2,-0.05900269,0.2965243,-0.3351983,-0.2399475,0.02122519,-0.5703576
IMU,562346005.0,2,-0.08576268,0.3309442,-0.3403384,-0.2351933,0.03980674,-0.5551091
IMU,562385797.0,2,-0.08946845,0.3618713,-0.3427078,-0.2218563,0.06762175,-0.7200031
IMU,562425303.0,2,-0.09227531,0.4057546,-0.3475088,-0.2200931,0.05374498,-0.8463465
IMU,562466842.0,2,-0.09699001,0.4788452,-0.3662587,-0.2192888,0.07313149,-0.9524018
IMU,562507753.0,2,-0.08896525,0.5569513,-0.3983952,-0.1969849,0.07567343,-1.003261
IMU,562547249.0,2,-0.0652506,0.6320735,-0.4284237,-0.1814916,0.09971887,-1.099422
IMU,562587280.0,2,-0.03392337,0.6957588,-0.4524335,-0.1702144,0.09192985,-1.222261
IMU,562627658.0,2,-0.01276099,0.7568484,-0.4740125,-0.1447965,0.0831244,-1.269204
IMU,562668557.0,2,0.01017677,0.7989703,-0.4999991,-0.09461652,0.07538912,-1.486167
IMU,562709579.0,2,-0.4119232,0.6563487,-0.4963273,0.0750147,-0.09657256,-3.611652
IMU,562749238.0,2,-1.526185,-0.1150501,-0.3768202,-0.2556701,-0.3874715,-7.362072
IMU,562789455.0,2,-3.005616,-2.839926,-0.7265122,3.018679,5.570019,-17.78029
IMU,562830035.0,2,7.703038,-2.033088,-2.950511,-62.73365,61.29159,-72.28333
IMU,562869792.0,2,0.09436782,-0.5811946,0.9368621,3.22662,-11.47948,-0.5174008
IMU,562909752.0,2,0.2999492,-2.071432,0.4760321,1.789386,-1.054409,-3.560675
IMU,562950026.0,2,-0.1659937,-2.506219,0.1205356,1.509367,-1.008435,-2.274165
IMU,562990162.0,2,-0.7059153,-2.380621,0.1443913,1.162681,-0.880024,-3.726372
IMU,563029749.0,2,-0.1230427,-0.6376599,0.105253,0.4289663,-0.3287919,-5.815934
IMU,563070882.0,2,-0.07533622,0.8872659,-0.1672472,0.08188152,0.5260965,-7.097382
IMU,563110636.0,2,-0.3298245,1.500544,-0.4761439,-0.3948659,0.7146037,-7.626512
IMU,563151143.0,2,-0.06146643,1.776551,-0.4931678,-1.890128,1.125485,-10.93257
IMU,563190843.0,2,0.107479,1.234937,-0.301439,-1.046973,0.3476886,-13.2068
IMU,563230501.0,2,0.1280747,0.09689549,0.007205917,0.5293807,-0.5769148,-14.7887
IMU,563271995.0,2,0.006728353,-0.4618321,0.06325305,0.346395,-0.4805573,-10.16656
IMU,563312054.0,2,-0.02360004,-0.3225747,0.07088138,-0.6790372,0.8057975,-8.597682
IMU,563351614.0,2,-0.006023847,0.01724725,-0.008147327,-0.7865252,0.7082275,-8.439047
IMU,563391524.0,2,0.01142578,0.1506709,-0.02131069,-0.282122,0.1656759,-9.917044
IMU,563431998.0,2,-0.001405924,0.02621309,-0.008420542,-0.2220645,0.0990399,-10.51649
IMU,563472034.0,2,-0.01082798,-0.0383466,0.002913858,-0.3153307,0.3499694,-9.592938
IMU,563512317.0,2,-0.003532582,0.01567128,-0.002194974,-0.4214294,0.3498285,-9.659878
IMU,563552295.0,2,0.001799228,-0.004395822,-0.002919956,-0.2997777,0.2023373,-9.951208
IMU,563591832.0,2,-0.003986918,0.002868861,-0.00407313,-0.3726235,0.3220248,-9.699718
IMU,563633008.0,2,0.0005444968,0.00194068,-0.003528812,-0.3343349,0.2618032,-9.848107
IMU,563673536.0,2,-0.002614498,0.000714957,-0.003150624,-0.3550083,0.2893032,-9.740011
IMU,563714051.0,2,-0.0004500712,0.001189841,-0.002571185,-0.3192641,0.2673049,-9.815657
IMU,563753725.0,2,-0.003162061,0.002743968,-0.00279305,-0.3653654,0.2936331,-9.797761
IMU,563793583.0,2,-0.0005184028,-0.0009839026,-0.003709974,-0.3371798,0.2465653,-9.777371
IMU,563837525.0,2,-0.0002875407,0.001933362,-0.002353279,-0.3586201,0.2906266,-9.808211
IMU,563877059.0,2,-0.002282771,0.002860237,-0.002876445,-0.3489085,0.2724312,-9.780074
IMU,563916891.0,2,-0.001180187,0.0008652914,-0.00303727,-0.3353571,0.281715,-9.760356
IMU,563956852.0,2,-0.001408563,0.0001785021,-0.002911742,-0.3570609,0.2824339,-9.818544
IMU,563997281.0,2,-0.001336174,0.002371049,-0.002149386,-0.3391464,0.2672661,-9.782343
IMU,564038163.0,2,-0.001115574,0.001887735,-0.004026864,-0.3311925,0.2723099,-9.766378
IMU,564077557.0,2,-0.001793891,0.002328974,-0.003409372,-0.3404582,0.2832623,-9.774046
IMU,564117558.0,2,-0.002038063,0.002691579,-0.003065686,-0.3428868,0.2824291,-9.78177
IMU,564157780.0,2,-0.002188702,0.000928548,-0.002376645,-0.3408896,0.2663806,-9.79241
IMU,564197471.0,2,-0.001901707,0.001829608,-0.002798309,-0.3435833,0.2698006,-9.776587
IMU,564240270.0,2,-0.001566073,0.002707873,-0.003086191,-0.3344836,0.26571,-9.782606
IMU,564280866.0,2,-0.001643687,0.001153756,-0.00301051,-0.3349831,0.2849334,-9.788451
IMU,564320822.0,2,-0.0002924377,0.001160553,-0.003601569,-0.3390171,0.2671395,-9.781024
IMU,564360376.0,2,-0.0009958041,0.001735407,-0.002349919,-0.3398037,0.2834252,-9.782267
IMU,564400291.0,2,-0.001446401,0.002625227,-0.002535437,-0.3450436,0.2735146,-9.784096
IMU,564440525.0,2,-0.000576053,0.001873393,-0.004079121,-0.3390499,0.2686201,-9.793311
IMU,564480655.0,2,-0.001069979,0.002158716,-0.001941588,-0.3407544,0.2858317,-9.813757
IMU,564520591.0,2,-0.00205008,0.002806879,-0.003611308,-0.3392278,0.2700771,-9.789403
IMU,564560273.0,2,-0.002056229,0.002388216,-0.003341622,-0.3326811,0.2881868,-9.786996
IMU,564600432.0,2,-0.001408057,0.003126546,-0.002753,-0.3425957,0.2783863,-9.800805
IMU,564641542.0,2,-0.001490495,0.0006387226,-0.002107301,-0.3412528,0.2769377,-9.786413
IMU,564681486.0,2,-0.001140026,0.001353454,-0.002439017,-0.3437223,0.2784202,-9.800648
IMU,564721214.0,2,-0.001501785,0.001407996,-0.001696621,-0.3326792,0.2839504,-9.780108
IMU,564760860.0,2,-0.001458039,0.0009075408,-0.003458829,-0.3400493,0.2745146,-9.788655
IMU,564801093.0,2,-0.001360019,0.002932137,-0.002658661,-0.3476615,0.2662993,-9.812738
