ARM,648756862.0,0.0
AHR2,647771795.0,-1.76,-3.88,144.98,469.37,43.2382926,-7.681834
AHR2,647873805.0,-1.52,-2.8,145.08,469.22,43.2382894,-7.6818316
AHR2,647973775.0,-1.58,-2.27,145.44,469.24,43.238286,-7.6818289
AHR2,648075592.0,-1.59,-1.21,145.38,469.38,43.238283,-7.6818264
AHR2,648176126.0,-1.54,-0.61,145.63,469.21,43.2382798,-7.6818237
AHR2,648278499.0,-1.55,0.0,145.64,469.17,43.2382769,-7.681821
AHR2,648378539.0,-1.48,0.78,146.04,469.26,43.2382738,-7.6818182
AHR2,648480334.0,-1.35,1.56,145.79,469.23,43.2382717,-7.6818163
AHR2,648580541.0,-1.26,2.47,145.89,469.31,43.2382687,-7.6818135
AHR2,648682459.0,-1.2,3.07,145.53,469.09,43.2382649,-7.6818101
AHR2,648782800.0,-1.1,4.07,144.87,469.24,43.238262,-7.6818075
AHR2,648883598.0,-0.71,5.52,144.13,468.73,43.2382598,-7.6818052
AHR2,648983755.0,-0.76,8.0,142.25,468.49,43.2382571,-7.6818027
AHR2,649085124.0,-1.15,10.54,140.14,468.36,43.2382548,-7.6818
AHR2,649185094.0,-1.68,13.33,138.05,468.32,43.2382522,-7.6817975
AHR2,649285761.0,-2.35,16.6,135.81,467.92,43.2382496,-7.6817955
AHR2,649386124.0,-3.08,19.87,133.5,467.79,43.2382469,-7.6817932
AHR2,649487606.0,-3.82,22.76,131.23,467.4,43.2382451,-7.6817916
AHR2,649587591.0,-5.4,22.76,128.76,466.86,43.2382425,-7.6817893
AHR2,649688874.0,9.32,-4.84,127.89,465.49,43.23824,-7.6817864
AHR2,649788728.0,21.91,-35.91,117.98,463.4,43.2382376,-7.6817841
AHR2,649888600.0,34.54,-52.53,100.66,464.76,43.2382318,-7.6817803
AHR2,649989038.0,37.87,-55.45,99.03,464.68,43.2382282,-7.6817774
AHR2,650089107.0,30.29,-53.25,109.03,464.61,43.2382314,-7.6817821
AHR2,650189070.0,19.5,-42.21,121.87,464.77,43.2382302,-7.681782
AHR2,650289128.0,11.75,-19.35,131.55,464.74,43.2382318,-7.6817826
AHR2,650389122.0,2.78,14.39,134.32,464.9,43.2382316,-7.6817827
AHR2,650489093.0,1.33,9.44,135.01,464.72,43.238233,-7.6817843
AHR2,650589030.0,0.89,12.05,134.49,464.63,43.2382333,-7.681785
AHR2,650688879.0,0.97,12.19,134.51,464.58,43.2382333,-7.6817841
AHR2,650789789.0,1.01,12.1,134.56,464.68,43.2382333,-7.681784
AHR2,650889738.0,1.03,12.06,134.62,464.71,43.2382338,-7.6817843
AHR2,650989530.0,1.04,12.03,134.66,464.58,43.2382338,-7.6817841
AHR2,651089784.0,1.04,12.0,134.71,464.63,43.2382342,-7.6817847
AHR2,651189551.0,1.05,11.98,134.76,464.67,43.2382342,-7.6817847
AHR2,651290645.0,1.05,11.95,134.81,464.64,43.2382343,-7.6817851
AHR2,651391495.0,1.06,11.93,134.85,464.79,43.2382343,-7.6817851
AHR2,651492139.0,1.06,11.9,134.9,464.69,43.2382344,-7.6817855
ATT,647771035.0,-1.784318,-1.776225,-4.54756,-4.271228,149.038,149.1867
ATT,647873116.0,-1.769212,-1.583309,-3.72833,-3.196282,149.0247,149.199
ATT,647973143.0,-1.798772,-1.662583,-2.90461,-2.701091,149.0128,149.4686
ATT,648074866.0,-1.793719,-1.680148,-2.059717,-1.661518,148.9994,149.3299
ATT,648175360.0,-1.802233,-1.606673,-1.282892,-1.09948,148.9874,149.5024
ATT,648277756.0,-1.740983,-1.584419,-0.4669793,-0.5000192,148.9743,149.4639
ATT,648377843.0,-1.650696,-1.478387,0.3172476,0.2945566,148.9626,149.8139
ATT,648479785.0,-1.535172,-1.309506,1.145602,1.073504,148.9518,149.5097
ATT,648579854.0,-1.408138,-1.231334,1.828904,1.974319,148.9447,149.5707
ATT,648681775.0,-1.20459,-1.169952,2.548805,2.567536,148.9404,149.1576
ATT,648782054.0,-0.9245598,-1.069067,2.992593,3.551125,148.4585,148.4425
ATT,648882944.0,-0.4678426,-0.6691018,1.51429,5.069455,147.7155,147.7055
ATT,648983146.0,-0.2387561,-0.713651,0.7727918,7.689352,145.8376,145.8269
ATT,649084582.0,-0.12095,-1.210744,0.3914843,10.52695,143.6993,143.6809
ATT,649184532.0,-0.06174964,-1.964737,0.199868,13.75419,141.5526,141.5224
ATT,649285085.0,-0.0313265,-2.77784,0.1013955,17.45224,139.2393,139.196
ATT,649385499.0,-0.01599346,-3.569204,0.05176684,21.13709,136.8346,136.7776
ATT,649487032.0,-0.008092737,-4.41741,0.02619463,24.43545,134.4532,134.381
ATT,649587019.0,-0.004117551,-6.189642,0.01332773,24.83318,131.8602,131.7587
ATT,649688310.0,-0.002086643,8.413202,0.00675433,-2.747507,131.2787,131.4038
ATT,649788058.0,-0.001065314,20.09971,0.003447814,-33.72233,122.1848,122.5375
ATT,649888018.0,-0.0005438837,30.27437,0.001760104,-50.24723,106.8119,107.4835
ATT,649988472.0,-0.0002776748,32.01239,0.0008990376,-52.3382,106.4402,107.179
ATT,650088546.0,-0.0001413908,25.05303,0.0004576907,-48.96007,115.9045,116.4544
ATT,650188516.0,-0.0001215426,16.27,0.0003934836,-36.94225,126.9385,127.2377
ATT,650288532.0,-0.0001194262,9.849583,0.0003868233,-12.57599,135.3787,135.5283
ATT,650388548.0,-0.0001173649,1.028964,0.0003802215,23.18726,137.7008,137.7175
ATT,650488529.0,-0.000117365,-0.2111935,0.0003802217,19.58921,138.9903,138.987
ATT,650588496.0,-0.000117365,-0.6815685,0.0003802218,21.9733,138.3812,138.3703
ATT,650688435.0,-0.000117365,-0.5665585,0.0003802216,22.04804,138.4147,138.4055
ATT,650789126.0,-0.0001150083,-0.5588536,0.0003725413,22.04478,138.4701,138.4611
ATT,650889113.0,-0.0001129442,-0.5699696,0.0003656768,22.0662,138.5293,138.5202
ATT,650988876.0,-0.0001129442,-0.5807941,0.0003656768,22.08624,138.6057,138.5963
ATT,651089152.0,-0.0001129442,-0.5958999,0.0003656768,22.10704,138.6899,138.6804
ATT,651188863.0,-0.0001129443,-0.6091525,0.0003656769,22.13084,138.795,138.7851
ATT,651289880.0,-0.000110702,-0.6273838,0.0003586256,22.14681,138.9045,138.8944
ATT,651390748.0,-0.0001083522,-0.6490412,0.0003510865,22.16304,139.0333,139.0229
ATT,651491577.0,-0.0001038386,-0.6652534,0.0003361339,22.16666,139.1105,139.0998
BARO,647738425.0,0,1.585388,470.4654,96544.29
BARO,647845514.0,0,1.4328,470.3128,96545.96
BARO,647945602.0,0,1.458221,470.3382,96545.69
BARO,648047127.0,0,1.59668,470.4767,96544.17
BARO,648148063.0,0,1.429962,470.3099,96545.98
BARO,648252099.0,0,1.384735,470.2647,96546.46
BARO,648353115.0,0,1.477997,470.358,96545.45
BARO,648453170.0,0,1.446899,470.3269,96545.8
BARO,648554753.0,0,1.526031,470.406,96544.95
BARO,648656496.0,0,1.308441,470.1884,96547.29
BARO,648757143.0,0,1.452576,470.3326,96545.75
BARO,648858106.0,0,0.9467468,469.8267,96551.2
BARO,648958225.0,0,0.7009277,469.5809,96553.85
BARO,649059612.0,0,0.573761,469.4537,96555.22
BARO,649159791.0,0,0.5370178,469.417,96555.64
BARO,649260153.0,0,0.1329651,469.0129,96559.99
BARO,649360643.0,0,0.00579834,468.8858,96561.37
BARO,649463850.0,0,-0.3813171,468.4987,96565.56
BARO,649564527.0,0,-0.9266968,467.9533,96571.46
BARO,649665891.0,0,-2.294342,466.5856,96586.26
BARO,649766070.0,0,-4.385376,464.4946,96608.86
BARO,649866042.0,0,-3.029022,465.851,96594.2
BARO,649965729.0,0,-3.105316,465.7747,96595.01
BARO,650066464.0,0,-3.173126,465.7068,96595.75
BARO,650166527.0,0,-3.012085,465.8679,96594.02
BARO,650266293.0,0,-3.04599,465.834,96594.39
BARO,650366780.0,0,-2.88208,465.9979,96592.59
BARO,650469119.0,0,-3.065765,465.8142,96594.59
BARO,650568594.0,0,-3.150543,465.7294,96595.51
BARO,650668777.0,0,-3.209869,465.6701,96596.15
BARO,650769248.0,0,-3.102509,465.7775,96595.0
BARO,650869287.0,0,-3.077057,465.8029,96594.72
BARO,650969169.0,0,-3.201385,465.6786,96596.07
BARO,651069265.0,0,-3.156189,465.7238,96595.56
BARO,651169229.0,0,-3.110962,465.769,96595.09
BARO,651269866.0,0,-3.147705,465.7323,96595.47
BARO,651369887.0,0,-2.995117,465.8849,96593.83
BARO,651470639.0,0,-3.096832,465.7831,96594.93
BARO,651571814.0,0,-3.06012,465.8199,96594.52
BARO,647738425.0,1,1.51474,470.3947,96532.26
BARO,647845514.0,1,1.918823,470.7988,96527.89
BARO,647945602.0,1,1.52887,470.4088,96532.11
BARO,648047127.0,1,1.757751,470.6377,96529.63
BARO,648148063.0,1,1.630585,470.5106,96530.99
BARO,648252099.0,1,1.887726,470.7677,96528.23
BARO,648353115.0,1,1.627747,470.5077,96531.03
BARO,648453170.0,1,1.588196,470.4682,96531.48
BARO,648554753.0,1,1.396057,470.276,96533.54
BARO,648656496.0,1,1.721008,470.601,96530.03
BARO,648757143.0,1,1.870758,470.7507,96528.42
BARO,648858106.0,1,1.356476,470.2365,96533.96
BARO,648958225.0,1,1.138916,470.0189,96536.33
BARO,649059612.0,1,1.155853,470.0358,96536.15
BARO,649159791.0,1,0.9693604,469.8493,96538.15
BARO,649260153.0,1,0.7009277,469.5809,96541.05
BARO,649360643.0,1,0.573761,469.4537,96542.44
BARO,649463850.0,1,-0.03375244,468.8462,96549.0
BARO,649564527.0,1,-0.6667175,468.2133,96555.84
BARO,649665891.0,1,-2.413025,466.4669,96574.73
BARO,649766070.0,1,-3.396362,465.4836,96585.37
BARO,649866042.0,1,-2.723846,466.1561,96578.08
BARO,649965729.0,1,-2.848175,466.0318,96579.41
BARO,650066464.0,1,-2.735138,466.1448,96578.2
BARO,650166527.0,1,-2.675812,466.2042,96577.58
BARO,650266293.0,1,-2.721008,466.159,96578.06
BARO,650366780.0,1,-2.811432,466.0685,96579.04
BARO,650469119.0,1,-2.797302,466.0827,96578.89
BARO,650568594.0,1,-2.938599,465.9414,96580.4
BARO,650668777.0,1,-2.842529,466.0374,96579.37
BARO,650769248.0,1,-2.822754,466.0572,96579.14
BARO,650869287.0,1,-2.890564,465.9894,96579.88
BARO,650969169.0,1,-2.834045,466.0459,96579.28
BARO,651069265.0,1,-2.966858,465.9131,96580.73
BARO,651169229.0,1,-2.771881,466.1081,96578.62
BARO,651269866.0,1,-2.819916,466.0601,96579.13
BARO,651369887.0,1,-2.848175,466.0318,96579.44
BARO,651470639.0,1,-2.913177,465.9668,96580.13
BARO,651571814.0,1,-2.997955,465.882,96581.04
GPS,647834290.0,4,20,43.2382946,-7.6818358,465.34,4.36,0.23,0.0
GPS,648035838.0,4,20,43.2382881,-7.6818306,465.31,4.241,0.126,0.0
GPS,648238471.0,4,20,43.2382817,-7.6818253,465.3,4.132,0.116,0.0
GPS,648463142.0,4,20,43.2382757,-7.6818199,465.28,4.019,0.233,0.0
GPS,648625532.0,4,20,43.2382699,-7.6818146,465.28,3.876,0.094,0.0
GPS,648828137.0,4,20,43.2382644,-7.6818095,465.28,3.616,0.136,0.0
GPS,649028235.0,4,20,43.2382593,-7.6818044,465.1,3.566,1.791,0.0
GPS,649229581.0,4,20,43.2382542,-7.6817995,464.56,3.524,3.802,0.0
GPS,649451505.0,4,20,43.238249,-7.681795,463.65,3.41,5.467,0.0
GPS,649632257.0,4,20,43.238244,-7.6817905,462.37,3.235,7.182,0.0
GPS,649833517.0,4,20,43.2382381,-7.6817851,460.75,4.66,8.636001,0.0
GPS,650036882.0,4,20,43.2382333,-7.6817822,459.64,1.291,2.316,0.0
GPS,650236242.0,4,20,43.2382321,-7.6817824,459.23,0.273,1.827,0.0
GPS,650456849.0,4,20,43.2382326,-7.6817833,459.02,0.6620001,1.292,0.0
GPS,650638535.0,4,19,43.2382333,-7.6817842,458.96,0.081,0.372,0.0
GPS,650839094.0,4,18,43.2382338,-7.6817844,459.08,0.097,0.268,0.0
GPS,651039060.0,4,19,43.2382342,-7.6817847,459.2,0.019,0.188,0.0
GPS,651239110.0,4,19,43.2382343,-7.6817851,459.32,0.022,0.082,0.0
GPS,651461629.0,4,20,43.2382344,-7.6817855,459.37,0.052,0.037,0.0
IMU,647710620.0,0,0.03550841,0.06890751,0.01470787,-0.2061206,0.7965429,-9.534136
IMU,647750590.0,0,-0.01332139,0.1573836,0.0510989,-0.5644535,0.4356908,-9.440926
IMU,647794113.0,0,0.04557323,0.195427,-0.0777738,-0.09429078,1.169545,-9.642363
IMU,647834523.0,0,0.08191439,0.2122385,-0.01810486,-0.28533,0.36266,-9.816547
IMU,647876115.0,0,0.01380547,0.1380238,0.02005285,-0.6077552,0.4269578,-9.463314
IMU,647916114.0,0,-0.01064894,0.1111775,0.02578217,-1.081768,-0.07489693,-8.968802
IMU,647955383.0,0,0.002814371,0.05861144,0.1114624,-1.348349,0.1167609,-9.623825
IMU,647995597.0,0,-0.01209441,0.02452546,0.08021319,-1.151348,1.207909,-8.981666
IMU,648036018.0,0,-0.1091045,0.08367826,0.04114593,-0.7814181,0.4339228,-9.045145
IMU,648077508.0,0,0.06244489,0.2044509,-0.03639977,0.2603058,1.002959,-9.92777
IMU,648117657.0,0,-0.009345229,0.2068637,-0.02996865,-0.6056966,-0.4052112,-9.516598
IMU,648157556.0,0,0.06828007,0.127089,-0.03228197,-0.7693986,0.01066901,-9.706482
IMU,648198588.0,0,0.03740918,0.02484278,0.1019349,-1.20517,0.6342496,-9.158831
IMU,648238569.0,0,0.01302748,0.006771579,0.07939742,-0.6952086,1.184324,-9.415709
IMU,648281018.0,0,0.1020685,0.1359689,-0.1029614,-0.09983986,1.029604,-10.20142
IMU,648320590.0,0,0.08434748,0.199065,-0.008273836,-0.28887,0.8176156,-9.464026
IMU,648360505.0,0,0.1074048,0.1378905,-0.002702062,-0.3802029,-0.06323859,-9.510473
IMU,648400492.0,0,-0.003392303,0.05167379,0.02354922,-1.669568,0.2298045,-9.394855
IMU,648440487.0,0,-0.02092779,0.06445539,0.07460977,-0.932599,0.8669102,-9.49761
IMU,648482623.0,0,0.1560611,0.1659518,-0.1337594,-0.2043586,0.9670076,-10.30678
IMU,648522513.0,0,0.0663177,0.1705472,-0.08471397,-0.2627653,1.101886,-9.977014
IMU,648563083.0,0,0.1048253,0.2002756,-0.0503908,-0.2946778,0.03989049,-9.537477
IMU,648603102.0,0,0.01595299,0.08731027,-0.04064867,-1.181263,0.1613022,-9.738299
IMU,648643792.0,0,-0.09352656,0.1369627,-0.004389425,-1.106066,-0.8961722,-9.999862
IMU,648684292.0,0,0.1243531,0.1799191,-0.09653307,-0.7906882,-0.4365224,-10.10727
IMU,648724793.0,0,0.08420485,0.1516443,-0.1803462,-0.4902455,0.3030314,-10.77761
IMU,648764656.0,0,0.02143421,0.2127795,-0.1065132,0.217335,0.4127042,-10.20727
IMU,648804756.0,0,-0.07744102,0.1146047,-0.04419381,0.463355,-1.584165,-3.387695
IMU,648845332.0,0,0.1103413,0.2169024,-0.1802204,-0.6565256,-0.2800165,-0.9921903
IMU,648885824.0,0,0.1000589,0.4153613,-0.2372779,-0.6371043,0.3819567,-1.286737
IMU,648925646.0,0,0.05178783,0.4570399,-0.2955341,-0.2484983,0.01416515,-0.4406641
IMU,648965491.0,0,0.03269432,0.4814353,-0.3564005,-0.1091795,0.07536218,-0.537954
IMU,649006130.0,0,0.02525167,0.4702934,-0.3694586,-0.1687802,-0.04910216,-0.6443233
IMU,649047303.0,0,-0.02591392,0.499034,-0.3630863,-0.1883263,-0.03733959,-0.6069972
IMU,649087034.0,0,-0.02508617,0.5169635,-0.3570527,-0.1749215,0.04349182,-0.7399234
IMU,649126837.0,0,-0.03019096,0.5347902,-0.3569576,-0.1786733,0.03176621,-0.8082204
IMU,649166808.0,0,-0.04170746,0.6115527,-0.36204,-0.1788884,0.05381621,-0.9084886
IMU,649206787.0,0,-0.03455187,0.6472892,-0.3602582,-0.1293696,0.04070145,-1.025871
IMU,649247743.0,0,-0.01597454,0.655186,-0.3643146,-0.1248472,0.07306674,-1.057632
IMU,649288077.0,0,0.01033273,0.6610927,-0.3642293,-0.08994587,0.03553319,-1.186489
IMU,649327804.0,0,0.01659306,0.6717097,-0.3639524,-0.05844816,0.02031487,-1.296724
IMU,649367652.0,0,0.01677907,0.6614193,-0.360675,-0.05473361,0.01922703,-1.384177
IMU,649408793.0,0,0.0220054,0.6349365,-0.3505244,-0.02956454,-0.00725821,-1.476989
IMU,649448221.0,0,0.0260868,0.591485,-0.3385559,-0.01585309,0.03078514,-1.493987
IMU,649489161.0,0,0.04265834,0.554185,-0.3321956,0.02433825,0.05201417,-1.524174
IMU,649529771.0,0,-0.06725463,0.332477,-0.3728201,0.7705403,0.1134667,-2.807057
IMU,649569278.0,0,-0.2381272,-0.1496824,-0.433934,0.7261378,-0.2464424,-2.780421
IMU,649610083.0,0,0.1450065,-0.2479451,-0.3488416,0.3373052,-0.1402533,-3.857144
IMU,649650684.0,0,3.721523,-6.488794,0.6878128,42.89112,19.8615,-55.49269
IMU,649691123.0,0,3.597783,-5.115126,0.8826385,-17.63634,4.774954,7.8936
IMU,649731095.0,0,1.836034,-5.317959,0.3659434,-0.9459856,-0.9298065,6.047461
IMU,649770871.0,0,0.9671735,-5.773583,-0.1189337,-0.4911573,-1.534861,2.293885
IMU,649810592.0,0,0.3298595,-5.074197,-0.2486776,-1.503489,-0.6113681,0.6774232
IMU,649850776.0,0,-0.00966077,-3.518651,-0.5592482,-2.488519,-0.751004,-1.55181
IMU,649890579.0,0,-0.372315,-1.541995,-0.8810067,-4.535191,-1.389269,-1.293122
IMU,649931123.0,0,0.315566,-0.9056888,0.02524891,-16.74309,-6.108549,-2.103083
IMU,649970621.0,0,0.4003829,0.01443215,0.4245593,-4.10606,-3.066082,-0.3635241
IMU,650010996.0,0,0.1390848,0.4650571,0.5834665,-10.95457,-5.366671,-0.7573908
IMU,650050790.0,0,-0.005785258,1.101908,0.6252716,-8.473451,-2.721417,-1.179061
IMU,650091524.0,0,-0.05995605,1.55399,0.6897593,-9.52502,-3.265883,-1.763096
IMU,650131310.0,0,-0.2167497,2.15198,0.5906746,-8.663304,-2.351854,-2.025932
IMU,650170757.0,0,-0.2670839,2.777707,0.5448389,-8.014291,-2.327216,-2.476156
IMU,650211078.0,0,-0.3519439,3.560694,0.4540589,-6.712256,-1.705094,-2.871098
IMU,650250834.0,0,-0.4462318,4.405493,0.3978191,-4.940588,-1.338313,-3.565261
IMU,650291477.0,0,-0.6685313,5.50911,0.08498118,-2.492439,0.4058963,-4.390063
IMU,650331481.0,0,-0.9499815,6.628523,-0.3332698,-0.3527794,1.092758,-5.601058
IMU,650370876.0,0,-1.366705,7.094442,-0.5109958,1.550162,1.674294,-9.965564
IMU,650411070.0,0,-2.720821,-1.641988,0.1158508,20.63157,0.3863179,-26.23955
IMU,650450824.0,0,0.4734753,-0.5511437,0.1672213,0.4789182,0.2562059,-4.47915
IMU,650491274.0,0,0.5887037,0.3430507,-0.1247498,-1.139003,0.9686518,-7.010451
IMU,650531523.0,0,0.1102191,0.9414264,-0.2812618,0.9912037,-2.006549,-10.39569
IMU,650570848.0,0,-0.2996781,-0.09458685,0.06325372,4.251334,0.5845568,-11.69496
IMU,650610794.0,0,0.03824631,0.06287482,0.0111613,1.438498,0.6753222,-7.865373
IMU,650650775.0,0,0.02734009,-0.04048415,-0.004517062,2.059625,-0.5918701,-10.44439
IMU,650691270.0,0,0.009955805,0.02149167,-0.01196753,2.258274,0.4502582,-9.268144
IMU,650731488.0,0,0.003997894,-0.009887904,0.009925835,1.827601,-0.09920797,-9.73752
IMU,650771861.0,0,0.008918294,-0.003692257,0.0015966,2.144336,0.09758549,-9.466341
IMU,650811529.0,0,0.009512035,0.002400944,-0.002837204,2.022957,0.02189185,-9.595098
IMU,650851563.0,0,0.01198156,-0.003852876,-0.001718267,2.003447,0.04663859,-9.549675
IMU,650891845.0,0,0.008125664,-0.0005430084,0.0005573272,2.021899,0.06938441,-9.519158
IMU,650932062.0,0,0.008235819,-0.001135168,-0.0006390775,2.013887,0.04314126,-9.561494
IMU,650971538.0,0,0.009032376,-0.00269257,-0.0001027125,2.015088,0.04627612,-9.543896
IMU,651011489.0,0,0.009872158,-0.0005145218,-0.001028808,2.023457,0.06391025,-9.570426
IMU,651051429.0,0,0.009894115,-0.001392083,-0.001116235,2.018053,0.06173529,-9.567151
IMU,651091867.0,0,0.009020492,-0.0005507781,-0.0008108539,2.017149,0.05727152,-9.561496
IMU,651131801.0,0,0.009728532,-0.0009517426,-0.0001949717,2.030129,0.04286092,-9.558347
IMU,651171288.0,0,0.009837826,-0.0006864459,-0.0001155123,2.021079,0.0657266,-9.558639
IMU,651211479.0,0,0.00946199,-0.001678305,-0.001138884,2.017473,0.06473728,-9.542905
IMU,651252296.0,0,0.01020513,-0.0002078299,-0.0003137763,2.017501,0.06290106,-9.569788
IMU,651292767.0,0,0.009725468,-0.001360065,4.522962e-05,2.021188,0.05233096,-9.590963
IMU,651333240.0,0,0.009988965,5.847081e-05,-0.0007693981,2.018739,0.04726816,-9.551417
IMU,651373135.0,0,0.009307951,-0.002252337,-0.001355076,2.020361,0.05845407,-9.545883
IMU,651414087.0,0,0.008994813,-0.001317781,5.644392e-05,2.011588,0.05051908,-9.560628
IMU,651453506.0,0,0.009955527,-0.002203746,-0.0008712069,2.028647,0.05991355,-9.567804
IMU,651494104.0,0,0.00889006,-0.001354492,-7.186118e-05,2.019419,0.05632576,-9.564061
IMU,651534502.0,0,0.009246961,-0.001152137,-0.00133127,2.022288,0.06825237,-9.558922
IMU,651573808.0,0,0.0111494,-0.001141334,-0.001161135,2.025207,0.06449729,-9.590251
IMU,651614256.0,0,0.009270992,-0.00134453,-0.0006857213,2.02125,0.04960505,-9.569388
IMU,647710620.0,1,0.01229072,0.08971576,-0.0234184,-0.5733154,0.6362125,-9.692616
IMU,647750590.0,1,-0.004585984,0.1357556,-0.01546311,-0.1551679,0.7939068,-9.865417
IMU,647794113.0,1,-0.01461027,0.1426351,0.01077253,-0.4240787,1.172327,-9.381748
IMU,647834523.0,1,0.04311872,0.1521304,0.05410589,-0.35379,0.3774034,-9.897362
IMU,647876115.0,1,0.04777253,0.1450518,-0.08248237,-0.6961414,0.3135543,-9.896392
IMU,647916114.0,1,-0.0398633,0.07875054,-0.01979519,-1.224438,-0.1483938,-8.955234
IMU,647955383.0,1,0.006307671,0.04869903,0.02735381,-1.933227,-0.6547248,-9.546138
IMU,647995597.0,1,-0.05426004,0.1140523,-0.003757263,-1.275116,0.2133898,-9.408518
IMU,648036018.0,1,-0.0308544,0.1134894,-0.05225198,-0.2275349,0.04984486,-8.90516
IMU,648077508.0,1,0.002175245,0.1434307,-0.01658337,0.7966835,1.181192,-10.49779
IMU,648117657.0,1,-0.03753341,0.1350155,-0.024061,-0.9653241,0.2749199,-9.394107
IMU,648157556.0,1,0.009113918,0.08149596,-0.03826648,-1.142839,-0.7113339,-10.15803
IMU,648198588.0,1,0.01023896,0.0305044,0.04165484,-0.5411903,-0.01015879,-9.630794
IMU,648238569.0,1,0.004477566,0.005412332,0.05110729,-0.4769868,0.5831625,-9.218856
IMU,648281018.0,1,0.0377409,0.08390512,-0.07900825,-0.8000985,0.5887362,-9.935966
IMU,648320590.0,1,0.02484815,0.1849939,-0.07005164,-0.6420639,1.088893,-9.667576
IMU,648360505.0,1,0.07838666,0.08477951,-0.02123284,-0.9677996,-0.8554495,-9.448118
IMU,648400492.0,1,-0.03653434,0.04324613,-0.01459159,-1.632753,-0.09224212,-9.201958
IMU,648440487.0,1,-0.02235417,0.05942396,0.04269187,-0.8802413,0.4107947,-9.395447
IMU,648482623.0,1,0.06728883,0.165398,-0.1631161,-0.8194401,0.02675869,-10.31442
IMU,648522513.0,1,-0.00363511,0.1333664,-0.06850993,-0.4587233,1.205867,-10.6314
IMU,648563083.0,1,0.0642459,0.1344029,-0.07519205,-0.8881774,0.5317049,-9.813212
IMU,648603102.0,1,-0.001463771,0.05464296,-0.08659581,-0.9187734,-0.0496026,-10.09385
IMU,648643792.0,1,-0.06049504,0.06306309,-0.01644456,-0.9144368,-1.044907,-9.803018
IMU,648684292.0,1,0.06588788,0.07891961,-0.06690979,-0.4445001,-1.371143,-10.0608
IMU,648724793.0,1,-0.003935949,0.1056573,-0.1894376,-0.5511295,0.01681126,-10.78735
IMU,648764656.0,1,-0.04767467,0.1921527,-0.09938139,0.1692713,0.4771657,-10.58474
IMU,648804756.0,1,0.02022603,0.1445661,-0.0580424,0.5231017,-1.617225,-3.914775
IMU,648845332.0,1,0.0746054,0.1670134,-0.16216,-0.8126589,0.1489563,-0.5135817
IMU,648885824.0,1,0.05491143,0.3496868,-0.2188383,-0.5879213,0.3160368,-1.627013
IMU,648925646.0,1,0.01473832,0.3860073,-0.2720887,-0.3044114,0.1307155,-0.1162616
IMU,648965491.0,1,-0.00373609,0.415667,-0.331201,-0.1069014,0.1679653,-0.5783582
IMU,649006130.0,1,-0.003947661,0.4065057,-0.3438935,-0.1853042,0.07905021,-0.6626766
IMU,649047303.0,1,-0.04951984,0.4351773,-0.3383583,-0.1591405,0.1563746,-0.6163456
IMU,649087034.0,1,-0.04879925,0.4483317,-0.3307756,-0.2066923,0.136165,-0.703817
IMU,649126837.0,1,-0.05526533,0.4683096,-0.3311896,-0.2127165,0.1013447,-0.8170548
IMU,649166808.0,1,-0.06431554,0.5418965,-0.3383873,-0.2857193,0.1490095,-0.9578585
IMU,649206787.0,1,-0.05789419,0.5788638,-0.3360333,-0.1296268,0.128733,-1.118871
IMU,649247743.0,1,-0.03624781,0.5877923,-0.3339647,-0.2403594,0.1356024,-1.048315
IMU,649288077.0,1,-0.01399446,0.5933121,-0.3407124,-0.06882516,0.1048788,-1.268941
IMU,649327804.0,1,-0.005916781,0.6052268,-0.3426926,-0.1402028,0.1275229,-1.265387
IMU,649367652.0,1,-0.003125683,0.5913928,-0.3409466,-0.08065747,0.05462437,-1.357248
IMU,649408793.0,1,0.0002192323,0.5642692,-0.329882,-0.05138911,0.1097277,-1.355508
IMU,649448221.0,1,0.001553902,0.5268479,-0.3218418,-0.06751897,0.1019094,-1.328237
IMU,649489161.0,1,0.009548365,0.4849951,-0.3094958,-0.1061197,0.1871492,-1.437042
IMU,649529771.0,1,-0.0923039,0.2894607,-0.3514374,0.7874054,0.2687996,-3.023414
IMU,649569278.0,1,-0.2738754,-0.1631637,-0.4194725,0.7071025,-0.1163891,-3.003566
IMU,649610083.0,1,0.08776878,-0.2645805,-0.3299761,0.284055,-0.3953135,-4.215818
IMU,649650684.0,1,3.465088,-5.990709,0.3904036,74.48377,10.70132,-94.62504
IMU,649691123.0,1,3.488104,-5.207074,0.8177867,-20.07577,1.212517,10.64938
IMU,649731095.0,1,1.740598,-5.228644,0.3487776,-0.1219267,-1.330414,5.560068
IMU,649770871.0,1,0.8905469,-5.660725,-0.1081251,-0.6006977,-1.356192,1.568048
IMU,649810592.0,1,0.2502308,-5.013257,-0.2582573,-1.365011,-0.3400366,0.6926318
IMU,649850776.0,1,-0.07083894,-3.490616,-0.5425104,-2.434121,-0.4995677,-1.48897
IMU,649890579.0,1,-0.4224388,-1.574328,-0.8417572,-4.684587,-1.302327,-1.143219
IMU,649931123.0,1,0.2170079,-0.9216469,0.01046442,-16.9073,-6.096954,-0.6926104
IMU,649970621.0,1,0.3829048,-0.03220958,0.3865408,-4.114156,-2.896945,-0.6397803
IMU,650010996.0,1,0.1172178,0.3925614,0.5196986,-10.91404,-5.19172,-0.9359438
IMU,650050790.0,1,0.006258016,1.008539,0.5622423,-8.487648,-2.692568,-1.046793
IMU,650091524.0,1,-0.03578764,1.459957,0.6221921,-9.409034,-3.017538,-1.874904
IMU,650131310.0,1,-0.1895486,2.046275,0.5359818,-8.654111,-2.21985,-1.996631
IMU,650170757.0,1,-0.2338466,2.649261,0.4928652,-7.912839,-2.225872,-2.6368
IMU,650211078.0,1,-0.3132305,3.40369,0.4098205,-6.607842,-1.563529,-2.706982
IMU,650250834.0,1,-0.3982481,4.206223,0.3656265,-4.658724,-1.093395,-3.52968
IMU,650291477.0,1,-0.620752,5.293221,0.1016847,-2.173912,0.5537954,-4.257072
IMU,650331481.0,1,-0.9001834,6.385243,-0.2739091,0.08915924,1.195789,-5.537664
IMU,650370876.0,1,-1.321294,6.875159,-0.4771809,1.89685,1.442364,-10.2246
IMU,650411070.0,1,-2.767191,-1.375933,-0.08980695,19.4776,1.276255,-23.97868
IMU,650450824.0,1,0.3866801,-0.6132005,0.1766175,0.06560133,0.06402726,-4.456947
IMU,650491274.0,1,0.5466381,0.2661892,-0.08274566,-1.039994,1.065376,-7.158347
IMU,650531523.0,1,0.08953142,0.8495665,-0.257843,1.002843,-2.054307,-10.73929
IMU,650570848.0,1,-0.3158124,-0.09639911,0.04121505,4.054784,0.6609696,-11.16342
IMU,650610794.0,1,0.008073126,0.03114581,0.01412332,1.511034,0.7533889,-7.949054
IMU,650650775.0,1,0.008667306,-0.06347987,-0.004053046,2.060841,-0.5751056,-10.54899
IMU,650691270.0,1,-0.009922707,-0.0003265166,-0.01174916,2.283333,0.4161099,-9.340898
IMU,650731488.0,1,-0.009557405,-0.03492977,0.005554123,1.815621,-0.06801831,-9.577776
IMU,650771861.0,1,-0.005239508,-0.02264006,-0.002140415,2.170938,0.07376806,-9.491118
IMU,650811529.0,1,-0.00485914,-0.02105586,-0.008211087,1.960448,-0.0182441,-9.653064
IMU,650851563.0,1,-0.002628148,-0.03004572,-0.006788152,1.901399,-0.02545971,-9.502261
IMU,650891845.0,1,-0.003698068,-0.02527941,-0.005656306,2.015719,0.1673231,-9.5491
IMU,650932062.0,1,-0.001513572,-0.02884299,-0.002926745,2.036704,0.05025215,-9.569908
IMU,650971538.0,1,-0.005619944,-0.02530941,-0.008361458,1.971503,-0.02013833,-9.568098
IMU,651011489.0,1,-0.005716202,-0.02348361,-0.007401346,1.966805,0.04531509,-9.605461
IMU,651051429.0,1,-0.004223449,-0.02712472,-0.004930457,2.045097,0.02417646,-9.529172
IMU,651091867.0,1,-0.004248163,-0.02587906,-0.005405687,1.989919,0.155021,-9.632541
IMU,651131801.0,1,-0.00247347,-0.02832102,-0.003851396,2.099346,-0.005981235,-9.555607
IMU,651171288.0,1,-0.004794113,-0.02298865,-0.005673501,2.072062,0.04461884,-9.558488
IMU,651211479.0,1,-0.003457653,-0.03087822,-0.008278226,1.976982,0.1414768,-9.613076
IMU,651252296.0,1,-0.004615492,-0.02270217,-0.006603843,1.994616,0.03606772,-9.564709
IMU,651292767.0,1,-0.00201039,-0.02511642,-0.007596515,1.992313,0.08300982,-9.700479
IMU,651333240.0,1,-0.004649746,-0.01864083,-0.005698674,1.986182,0.178094,-9.6355
IMU,651373135.0,1,-0.00589469,-0.02408765,-0.006964599,1.994836,-0.02321767,-9.580664
IMU,651414087.0,1,-0.004201807,-0.02971083,-0.003533403,2.020002,0.04454427,-9.554266
IMU,651453506.0,1,-0.004596542,-0.02438828,-0.006356648,2.007901,0.1794537,-9.362854
IMU,651494104.0,1,-0.005230875,-0.02475315,-0.002710454,1.953374,0.03833492,-9.639977
IMU,651534502.0,1,-0.002926771,-0.02063741,-0.003399963,2.084529,0.01806187,-9.563027
IMU,651573808.0,1,-0.003630735,-0.02996555,-0.0008922807,2.009365,0.02829921,-9.488196
IMU,651614256.0,1,-0.003690972,-0.02672563,-0.004157277,2.03687,0.1320672,-9.507434
IMU,647710620.0,2,0.02238152,0.06970634,0.0229038,-0.8832273,-0.01528321,-10.50556
IMU,647750590.0,2,-0.02547399,0.1221995,0.005692816,-0.6534849,0.5997668,-9.38355
IMU,647794113.0,2,-0.009446106,0.1713946,-0.03766157,-0.8033454,-0.1533082,-9.603831
IMU,647834523.0,2,0.09012367,0.1836604,-0.002077274,-0.7374133,0.2554726,-9.53981
IMU,647876115.0,2,0.02465266,0.1568693,0.01275057,-0.8464656,1.249809,-8.932433
IMU,647916114.0,2,-0.04201799,0.1272389,0.03392707,-1.198578,0.4423599,-8.566484
IMU,647955383.0,2,-0.04821593,0.105828,0.08364912,-0.7615618,-0.4060701,-10.22933
IMU,647995597.0,2,-0.03194179,0.1301097,0.03994855,-0.4018269,-0.1433498,-10.07158
IMU,648036018.0,2,-0.02817718,0.1241487,-0.008157562,-0.891344,0.0701239,-10.04358
IMU,648077508.0,2,0.03116211,0.1496975,0.003947041,-1.156319,0.9898736,-9.072801
IMU,648117657.0,2,0.02772906,0.1637466,-0.01302937,-1.018851,1.427242,-9.058928
IMU,648157556.0,2,-0.005953025,0.1130773,0.03422298,-0.6616148,0.410062,-10.08369
IMU,648198588.0,2,-0.01301277,0.08216358,0.05863913,-0.2087276,-0.6234649,-10.78816
IMU,648238569.0,2,0.04999344,0.05983426,0.0345442,-0.5641521,-1.227273,-9.595207
IMU,648281018.0,2,0.05135005,0.117946,-0.03729708,-0.4320576,-0.8500664,-10.45862
IMU,648320590.0,2,0.05984079,0.1552432,0.02197635,-1.273907,0.9080248,-10.14833
IMU,648360505.0,2,0.09701843,0.1264623,-0.0003990428,-0.6794943,1.086477,-8.892845
IMU,648400492.0,2,-0.03096235,0.123298,0.02167297,-0.561825,1.060892,-9.702444
IMU,648440487.0,2,4.578249e-05,0.1271843,0.01986776,-0.6354028,-0.4113472,-10.12953
IMU,648482623.0,2,0.1051382,0.1437465,-0.05182018,-1.031603,-0.2092324,-9.884628
IMU,648522513.0,2,0.04893146,0.1674714,-0.04208207,-0.9799511,0.3239975,-9.763625
IMU,648563083.0,2,0.1001265,0.1586449,-0.04024329,-0.822379,-0.08861388,-9.927443
IMU,648603102.0,2,0.005700457,0.101713,-0.03256316,-0.215384,0.08437679,-10.74544
IMU,648643792.0,2,-0.07794258,0.1311685,-0.06199814,-0.6710921,0.7867345,-9.340366
IMU,648684292.0,2,0.04777481,0.1378327,-0.09403796,-0.8943874,-0.3563307,-8.943574
IMU,648724793.0,2,0.05489546,0.148586,-0.1323422,-0.8083233,-0.430017,-9.955691
IMU,648764656.0,2,-0.01462957,0.1899637,-0.08224939,-0.6601034,-0.153903,-10.94314
IMU,648804756.0,2,-0.00906829,0.1336775,-0.06430637,-0.3546858,0.1549443,-3.789049
IMU,648845332.0,2,0.1381774,0.2517866,-0.176944,-0.5030379,-0.3056301,-1.256889
IMU,648885824.0,2,0.08317767,0.403418,-0.2372904,-0.417861,0.4028407,-1.218885
IMU,648925646.0,2,0.0563127,0.4616875,-0.2976456,-0.1932354,-0.1056322,-0.465128
IMU,648965491.0,2,0.02936156,0.4849966,-0.3539359,-0.09737325,0.04265625,-0.5613549
IMU,649006130.0,2,0.02059705,0.4743912,-0.365431,-0.1553138,-0.01942672,-0.6802948
IMU,649047303.0,2,-0.02639394,0.5055836,-0.3612011,-0.1948596,0.006161476,-0.6889516
IMU,649087034.0,2,-0.02576209,0.5223511,-0.3536844,-0.1527691,0.0613885,-0.7664334
IMU,649126837.0,2,-0.03065167,0.5394489,-0.3539098,-0.1592591,0.03416185,-0.8726732
IMU,649166808.0,2,-0.03907846,0.6173529,-0.3583848,-0.1634957,0.05354829,-0.9710344
IMU,649206787.0,2,-0.03220552,0.6530604,-0.3571189,-0.1359598,0.05825923,-1.03315
IMU,649247743.0,2,-0.01283491,0.6601775,-0.3613734,-0.1079729,0.06624454,-1.107558
IMU,649288077.0,2,0.01266754,0.6678169,-0.3594008,-0.09083749,0.02606164,-1.233456
IMU,649327804.0,2,0.01953578,0.6754334,-0.3622965,-0.05041781,0.02306536,-1.341504
IMU,649367652.0,2,0.02044062,0.6646889,-0.3568893,-0.03762203,0.03663618,-1.411055
IMU,649408793.0,2,0.02367171,0.6409448,-0.348329,-0.02231363,0.01100409,-1.517054
IMU,649448221.0,2,0.02821471,0.5954186,-0.3364679,-0.02253688,0.02849762,-1.539798
IMU,649489161.0,2,0.04448661,0.5574394,-0.3297425,0.01925253,0.04173274,-1.532256
IMU,649529771.0,2,-0.07253329,0.3272079,-0.3808303,0.7348158,-0.07456787,-2.710165
IMU,649569278.0,2,-0.2634147,-0.1668523,-0.4348937,0.3234278,-0.0439281,-2.744752
IMU,649610083.0,2,0.1128507,-0.2518824,-0.3478976,0.3719249,-0.4109028,-3.929499
IMU,649650684.0,2,5.752405,-9.93853,0.294726,36.55674,10.05985,-46.78165
IMU,649691123.0,2,4.224794,-6.934607,-0.3870831,-30.23261,-13.7055,-2.910957
IMU,649731095.0,2,1.677865,-5.45869,0.2952327,-0.8999858,-1.641131,4.89606
IMU,649770871.0,2,0.7610505,-5.82191,-0.1364035,-0.7573338,-1.259713,1.365352
IMU,649810592.0,2,0.1998414,-5.085645,-0.2788091,-1.449916,-0.4290821,-0.1317718
IMU,649850776.0,2,-0.1125621,-3.518373,-0.5772354,-2.121642,-0.6376852,-2.259986
IMU,649890579.0,2,-0.4168819,-1.501931,-0.8821944,-4.231476,-1.450128,-1.850344
IMU,649931123.0,2,0.3864995,-0.8336025,0.05925624,-16.48036,-7.835967,-1.558478
IMU,649970621.0,2,0.3575664,0.01855407,0.4086404,-4.154675,-2.791347,-0.9193228
IMU,650010996.0,2,0.1325821,0.4648078,0.5779871,-11.09052,-5.071651,-0.6497455
IMU,650050790.0,2,0.008728709,1.11441,0.6294635,-8.395308,-2.509835,-1.38198
IMU,650091524.0,2,-0.03290144,1.57258,0.6925598,-9.497521,-3.040271,-1.926194
IMU,650131310.0,2,-0.1770144,2.181893,0.5986416,-8.64477,-2.138742,-2.206351
IMU,650170757.0,2,-0.2117347,2.80031,0.5574465,-8.039091,-2.166393,-2.760006
IMU,650211078.0,2,-0.2762187,3.595093,0.4702751,-6.68018,-1.607673,-3.164468
IMU,650250834.0,2,-0.3549689,4.453801,0.4150581,-4.9399,-1.196692,-4.025889
IMU,650291477.0,2,-0.5478232,5.575721,0.1074334,-2.529132,0.2466905,-4.998735
IMU,650331481.0,2,-0.8053131,6.684351,-0.2912344,-0.4456548,0.7706027,-6.269326
IMU,650370876.0,2,-1.214475,7.157951,-0.4696757,1.018835,1.264655,-10.64292
IMU,650411070.0,2,-2.539243,-1.510079,0.1661386,18.62557,1.088622,-24.70488
IMU,650450824.0,2,0.3876942,-0.555535,0.1869277,1.043608,0.2754182,-4.977824
IMU,650491274.0,2,0.5784807,0.339481,-0.1214121,-0.936877,0.8489166,-7.34834
IMU,650531523.0,2,0.1094889,0.9385451,-0.2760352,0.9187669,-1.932751,-10.64073
IMU,650570848.0,2,-0.2824605,-0.07794493,0.06235331,4.098764,0.2087365,-11.53642
IMU,650610794.0,2,0.02356812,0.06365663,0.01168849,1.455376,0.5990718,-7.767531
IMU,650650775.0,2,0.01760426,-0.03713933,-0.006559171,2.050619,-0.6729615,-10.59302
IMU,650691270.0,2,-0.001810042,0.02269244,-0.01257057,2.217021,0.2520235,-9.266642
IMU,650731488.0,2,-0.007853684,-0.005955538,0.008592749,1.832706,-0.2431618,-9.812837
IMU,650771861.0,2,-0.001907931,-0.001356185,0.0003776033,2.114138,-0.05035549,-9.521045
IMU,650811529.0,2,-0.001565706,0.00408173,-0.002880824,2.000274,-0.1302539,-9.639866
IMU,650851563.0,2,-0.0002744816,0.0004483178,-0.001399306,1.972968,-0.1216042,-9.621463
IMU,650891845.0,2,-0.001663708,0.00127806,-0.00146405,2.01035,-0.0599454,-9.573479
IMU,650932062.0,2,-0.001718391,0.0008571223,-0.001646558,1.994938,-0.1188776,-9.583007
IMU,650971538.0,2,-0.001359072,0.0009263426,-0.00104488,2.004183,-0.09025559,-9.587934
IMU,651011489.0,2,-0.0007440746,0.00124204,-0.001296014,2.004494,-0.09470147,-9.591002
IMU,651051429.0,2,0.0005882996,0.002100872,-0.001205961,1.996713,-0.09454404,-9.601426
IMU,651091867.0,2,-0.001014183,0.001853902,-0.001821181,2.012708,-0.09681231,-9.585008
IMU,651131801.0,2,-0.001289495,-9.584564e-05,-0.0008649764,2.003594,-0.09055244,-9.585779
IMU,651171288.0,2,-0.002729229,0.0001302769,-0.0002460475,1.993459,-0.1161544,-9.620148
IMU,651211479.0,2,-0.0007798091,0.0008600126,-0.001407581,1.997529,-0.09472605,-9.590151
IMU,651252296.0,2,-0.001391526,0.001571532,-0.000433333,2.016613,-0.1003404,-9.594242
IMU,651292767.0,2,-0.001649619,0.001783084,-0.001224424,1.997707,-0.1066591,-9.597981
IMU,651333240.0,2,-0.0008702121,0.0004682996,-0.0009982954,2.003607,-0.1056421,-9.599251
IMU,651373135.0,2,-0.001107127,0.0006910975,-0.001387002,1.992895,-0.1095856,-9.597285
IMU,651414087.0,2,-0.001766981,0.001203824,-0.001387802,2.008445,-0.1013912,-9.582958
IMU,651453506.0,2,-1.989153e-05,0.001165785,-0.000380211,2.002824,-0.1092978,-9.601222
IMU,651494104.0,2,0.0003319724,0.0001153475,-0.001930654,1.99277,-0.1063742,-9.600266
IMU,651534502.0,2,-0.000522898,0.001288991,-0.001775468,2.013326,-0.1011688,-9.600614
IMU,651573808.0,2,-0.0007259512,0.0006615071,-0.001104565,1.997954,-0.09474023,-9.571792
IMU,651614256.0,2,-0.001184309,0.001899508,-0.0005654703,1.993014,-0.0931285,-9.604345
