ARM,110744650.0,0.0
AHR2,110015421.0,4.45,-17.17,214.22,476.75,43.2374924,-7.6815934
AHR2,110120211.0,5.02,-17.78,214.24,476.65,43.2374865,-7.6816009
AHR2,110223725.0,5.76,-17.36,214.11,476.74,43.2374808,-7.6816082
AHR2,110328148.0,5.95,-17.13,214.02,476.82,43.2374763,-7.6816141
AHR2,110433457.0,5.78,-17.3,213.54,476.63,43.2374684,-7.6816253
AHR2,110537056.0,5.38,-17.8,213.35,476.58,43.2374625,-7.6816333
AHR2,110644501.0,3.74,-17.57,213.08,476.74,43.2374558,-7.6816411
AHR2,110747415.0,4.0,-16.89,213.02,477.13,43.2374495,-7.6816492
AHR2,110847816.0,6.17,-16.81,213.12,476.89,43.2374425,-7.6816586
AHR2,110947840.0,8.95,-16.97,213.0,476.54,43.2374364,-7.6816666
AHR2,111047907.0,11.24,-17.37,212.78,476.09,43.2374311,-7.6816724
AHR2,111147903.0,13.3,-18.21,212.59,475.49,43.2374248,-7.6816802
AHR2,111248047.0,15.16,-18.21,212.64,475.33,43.2374201,-7.6816859
AHR2,111348717.0,17.51,-17.13,212.9,474.98,43.2374141,-7.6816935
AHR2,111449457.0,20.33,-14.39,213.67,474.88,43.237407,-7.681702
AHR2,111549470.0,23.01,-10.2,215.17,474.42,43.237401,-7.6817095
AHR2,111649460.0,23.69,-3.27,217.66,474.26,43.2373943,-7.6817182
AHR2,111749421.0,23.48,5.7,221.08,474.05,43.2373885,-7.6817256
AHR2,111849423.0,12.84,-4.42,228.14,473.54,43.2373827,-7.6817327
AHR2,111949407.0,3.11,-31.54,227.33,469.93,43.2373769,-7.68174
AHR2,112050016.0,4.56,-42.59,227.42,469.95,43.2373698,-7.6817555
AHR2,112149509.0,9.27,-29.74,228.84,470.0,43.2373636,-7.6817659
AHR2,112249448.0,4.27,-0.95,230.85,470.14,43.2373729,-7.6817524
AHR2,112349436.0,-6.74,9.92,230.55,469.85,43.2373723,-7.6817543
AHR2,112449377.0,-5.1,1.0,231.6,470.02,43.2373729,-7.6817517
AHR2,112549707.0,-1.62,-2.04,231.23,470.05,43.2373727,-7.6817521
AHR2,112649412.0,-2.84,-0.57,230.64,469.84,43.2373735,-7.6817515
AHR2,112749485.0,-2.62,-0.9,230.43,469.78,43.2373736,-7.6817516
AHR2,112849410.0,-2.65,-0.98,230.34,470.0,43.2373735,-7.6817515
AHR2,112949478.0,-2.67,-1.04,230.24,469.66,43.2373735,-7.6817515
AHR2,113049609.0,-2.67,-1.1,230.13,469.82,43.2373738,-7.681751
AHR2,113149665.0,-2.64,-1.17,230.01,469.97,43.2373739,-7.6817509
AHR2,113249484.0,-2.62,-1.24,229.9,469.93,43.2373742,-7.6817505
AHR2,113349367.0,-2.61,-1.31,229.79,469.91,43.2373742,-7.6817506
AHR2,113449368.0,-2.59,-1.37,229.68,469.8,43.2373743,-7.6817502
AHR2,113549782.0,-2.57,-1.43,229.57,470.01,43.2373743,-7.6817503
AHR2,113649447.0,-2.55,-1.5,229.45,469.99,43.2373745,-7.6817496
AHR2,113749429.0,-2.53,-1.56,229.34,469.96,43.2373745,-7.6817495
ATT,110014893.0,3.55,3.12,-18.97,-16.76,222.6,224.4
ATT,110119687.0,3.89,3.71,-18.69,-17.39,222.55,224.35
ATT,110223250.0,4.04,4.47,-18.67,-16.98,222.53,224.14
ATT,110327724.0,3.87,4.62,-18.6,-16.82,222.56,224.06
ATT,110432944.0,3.52,4.36,-18.56,-17.07,222.62,223.69
ATT,110536674.0,2.94,3.79,-18.4,-17.55,222.72,223.83
ATT,110644000.0,3.18,2.06,-17.99,-17.3,222.69,223.72
ATT,110746868.0,4.05,2.47,-17.16,-16.58,223.53,223.57
ATT,110847296.0,2.74,4.68,-13.0,-16.51,223.59,223.64
ATT,110947368.0,1.39,7.4,-6.69,-16.78,223.5,223.58
ATT,111047402.0,0.71,9.58,-3.41,-17.02,223.29,223.39
ATT,111147424.0,0.36,11.35,-1.74,-16.93,223.13,223.24
ATT,111247587.0,0.18,12.94,-0.88,-15.98,223.22,223.34
ATT,111348263.0,0.09,15.25,-0.45,-14.05,223.41,223.55
ATT,111449015.0,0.04,18.12,-0.22,-10.53,224.05,224.22
ATT,111549030.0,0.02,21.02,-0.11,-5.84,225.34,225.53
ATT,111648987.0,0.01,22.1,-0.05,1.61,227.55,227.74
ATT,111748917.0,0.0,22.5,-0.03,11.15,230.72,230.91
ATT,111848906.0,0.0,12.81,-0.01,1.96,237.74,237.85
ATT,111948903.0,0.0,3.14,0.0,-23.72,236.74,236.78
ATT,112049688.0,0.0,5.04,0.0,-33.42,236.5,236.56
ATT,112149053.0,0.0,10.45,0.0,-19.3,237.94,238.04
ATT,112249024.0,0.0,5.92,0.0,11.34,240.62,240.68
ATT,112348994.0,0.0,-6.78,0.0,25.89,240.09,240.04
ATT,112448880.0,0.0,-5.82,0.0,18.83,241.07,241.03
ATT,112549218.0,0.0,-2.52,0.0,15.45,241.1,241.08
ATT,112648899.0,0.0,-3.98,0.0,16.8,240.6,240.57
ATT,112749057.0,0.0,-3.8,0.0,16.67,240.53,240.5
ATT,112848921.0,0.0,-3.79,0.0,16.75,240.56,240.53
ATT,112949054.0,0.0,-3.73,0.0,16.81,240.53,240.51
ATT,113049213.0,0.0,-3.67,0.0,16.87,240.47,240.45
ATT,113149068.0,0.0,-3.57,0.0,16.94,240.33,240.31
ATT,113249064.0,0.0,-3.52,0.0,16.97,240.28,240.26
ATT,113348875.0,0.0,-3.37,0.0,17.05,239.98,239.96
ATT,113448871.0,0.0,-3.17,0.0,17.14,239.53,239.51
ATT,113549394.0,0.0,-2.88,0.0,17.25,238.81,238.8
ATT,113648944.0,0.0,-2.65,0.0,17.35,238.23,238.21
ATT,113748995.0,0.0,-2.39,0.0,17.47,237.56,237.55
BARO,110014723.0,0,4.072778,96741.55,41.85
BARO,110119428.0,0,3.971052,96742.63,41.85
BARO,110222996.0,0,4.064301,96741.64,41.85
BARO,110327409.0,0,4.143421,96740.78,41.85
BARO,110432796.0,0,3.959749,96742.76,41.85
BARO,110536429.0,0,3.903235,96743.35,41.84
BARO,110641855.0,0,4.061475,96741.66,41.85
BARO,110744824.0,0,4.45425,96737.41,41.84
BARO,110844701.0,0,4.211238,96740.02,41.84
BARO,110944844.0,0,3.863675,96743.8,41.84
BARO,111044714.0,0,3.417211,96748.63,41.85
BARO,111144707.0,0,2.818158,96755.12,41.85
BARO,111245057.0,0,2.654267,96756.9,41.84
BARO,111345661.0,0,2.306703,96760.67,41.84
BARO,111446017.0,0,2.202152,96761.79,41.84
BARO,111546488.0,0,1.741559,96766.8,41.84
BARO,111646498.0,0,1.583319,96768.5,41.84
BARO,111746448.0,0,1.379867,96770.71,41.84
BARO,111846683.0,0,0.8655862,96776.29,41.85
BARO,111946458.0,0,-2.740032,96815.37,41.84
BARO,112046628.0,0,-2.725903,96815.22,41.84
BARO,112146472.0,0,-2.67504,96814.66,41.84
BARO,112246531.0,0,-2.530929,96813.09,41.84
BARO,112346679.0,0,-2.824804,96816.3,41.84
BARO,112446462.0,0,-2.65526,96814.45,41.84
BARO,112546454.0,0,-2.624177,96814.11,41.85
BARO,112646454.0,0,-2.833281,96816.37,41.85
BARO,112746513.0,0,-2.895447,96817.05,41.85
BARO,112846459.0,0,-2.67504,96814.68,41.85
BARO,112946691.0,0,-3.019778,96818.4,41.86
BARO,113046448.0,0,-2.850235,96816.58,41.86
BARO,113146455.0,0,-2.700472,96814.93,41.87
BARO,113246450.0,0,-2.748509,96815.46,41.87
BARO,113346456.0,0,-2.768289,96815.69,41.87
BARO,113446665.0,0,-2.872841,96816.8,41.88
BARO,113546418.0,0,-2.666563,96814.56,41.88
BARO,113646482.0,0,-2.683517,96814.76,41.88
BARO,113746482.0,0,-2.711775,96815.06,41.88
BARO,110014723.0,1,4.465553,96855.05,39.57
BARO,110119428.0,1,4.092558,96859.11,39.57
BARO,110222996.0,1,4.27623,96857.1,39.57
BARO,110327409.0,1,4.120815,96858.81,39.57
BARO,110432796.0,1,4.225367,96857.66,39.56
BARO,110536429.0,1,4.174504,96858.2,39.56
BARO,110641855.0,1,4.281881,96857.05,39.56
BARO,110744824.0,1,4.685959,96852.67,39.56
BARO,110844701.0,1,4.420341,96855.55,39.56
BARO,110944844.0,1,4.086906,96859.18,39.56
BARO,111044714.0,1,3.829766,96861.97,39.56
BARO,111144707.0,1,3.264622,96868.09,39.55
BARO,111245057.0,1,2.880324,96872.25,39.55
BARO,111345661.0,1,2.626009,96875.0,39.55
BARO,111446017.0,1,2.685349,96874.38,39.55
BARO,111546488.0,1,2.083471,96880.91,39.55
BARO,111646498.0,1,1.865891,96883.26,39.54
BARO,111746448.0,1,1.648311,96885.63,39.54
BARO,111846683.0,1,-0.7959369,96912.13,39.54
BARO,111946458.0,1,-2.039253,96925.64,39.54
BARO,112046628.0,1,-2.350083,96929.02,39.53
BARO,112146472.0,1,-2.245531,96927.88,39.53
BARO,112246531.0,1,-2.474414,96930.35,39.53
BARO,112346679.0,1,-2.638306,96932.14,39.52
BARO,112446462.0,1,-2.480066,96930.43,39.52
BARO,112546454.0,1,-2.587443,96931.59,39.52
BARO,112646454.0,1,-2.581792,96931.53,39.52
BARO,112746513.0,1,-2.519626,96930.85,39.52
BARO,112846459.0,1,-2.502671,96930.66,39.51
BARO,112946691.0,1,-2.57614,96931.48,39.51
BARO,113046448.0,1,-2.511149,96930.75,39.51
BARO,113146455.0,1,-2.53658,96931.05,39.51
BARO,113246450.0,1,-2.539406,96931.07,39.51
BARO,113346456.0,1,-2.646783,96932.22,39.51
BARO,113446665.0,1,-2.607223,96931.81,39.5
BARO,113546418.0,1,-2.57614,96931.48,39.5
BARO,113646482.0,1,-2.494194,96930.56,39.5
BARO,113746482.0,1,-2.598746,96931.7,39.5
GPS,110009867.0,3,18,43.2374992,-7.6815846,472.05,8.473001,-0.067,0.0
GPS,110238652.0,3,18,43.237488,-7.6815989,472.04,8.616,0.048,0.0
GPS,110405982.0,3,18,43.2374766,-7.681614,472.05,8.897,0.009000001,0.0
GPS,110615292.0,3,18,43.2374648,-7.6816295,472.07,9.341001,-0.081,0.0
GPS,110799244.0,3,18,43.2374526,-7.6816453,472.04,9.385,0.163,0.0
GPS,111019686.0,3,18,43.2374402,-7.681661,471.88,9.449,1.619,0.0
GPS,111240427.0,3,18,43.2374278,-7.6816763,471.36,9.143001,3.633,0.0
GPS,111420490.0,3,18,43.2374158,-7.6816912,470.39,8.983001,5.707,0.0
GPS,111601996.0,3,18,43.2374039,-7.6817059,469.12,8.815001,7.150001,0.0
GPS,111802249.0,3,18,43.2373923,-7.6817206,467.56,8.783,8.544001,0.0
GPS,112002226.0,3,18,43.2373802,-7.6817382,465.86,10.94,8.33,0.0
GPS,112221741.0,3,18,43.2373738,-7.6817496,464.84,1.697,2.393,0.0
GPS,112402254.0,3,17,43.2373733,-7.6817512,464.67,0.398,-0.295,0.0
GPS,112602052.0,3,18,43.2373733,-7.6817514,464.69,0.16,0.241,0.0
GPS,112802274.0,3,18,43.2373735,-7.6817515,464.69,0.015,0.036,0.0
GPS,113002291.0,3,18,43.2373737,-7.6817511,464.7,0.126,-0.01,0.0
GPS,113242064.0,3,18,43.2373741,-7.6817505,464.76,0.103,-0.071,0.0
GPS,113402298.0,3,18,43.2373743,-7.6817502,464.81,0.06,-0.053,0.0
GPS,113602323.0,3,18,43.2373745,-7.6817496,464.82,0.041,-0.062,0.0
IMU,109982750.0,0,0.00599665,0.1810793,-0.1084898,-0.2562149,-0.2045404,-10.55651
IMU,110023451.0,0,0.04365174,-0.01136922,0.03117165,-1.840888,0.02200763,-9.619967
IMU,110066466.0,0,0.2094627,-0.07336078,0.02682177,-1.287745,-0.2708241,-9.773167
IMU,110106804.0,0,0.08156388,-0.06765232,-0.1049761,-0.5297481,-0.3153067,-9.900743
IMU,110147010.0,0,0.122521,-0.0407427,0.09494049,-2.236499,0.1338241,-9.072781
IMU,110190151.0,0,0.2104259,0.1023483,-0.04751504,-1.1939,-0.04168144,-9.594186
IMU,110230912.0,0,-0.01331495,0.07118645,0.001460319,-1.45491,0.3203627,-8.796086
IMU,110274475.0,0,0.05764063,0.07765414,-0.02957132,-2.07007,0.09612872,-9.778662
IMU,110314797.0,0,-0.07158196,0.01101851,-0.08387764,-0.5824063,0.05217007,-9.818965
IMU,110355482.0,0,0.01203218,-0.1926169,0.04685064,-1.743945,0.1089777,-9.12193
IMU,110398758.0,0,-0.08897106,-0.01232093,-0.1465988,-1.106216,0.03594085,-9.692696
IMU,110440393.0,0,-0.060304,-0.1062047,0.04867432,-1.994588,0.04355675,-8.580132
IMU,110486545.0,0,0.117302,-0.1775738,-0.04121963,-1.053758,0.2415195,-9.422418
IMU,110526016.0,0,-0.3503204,-0.07681959,-0.02889629,-1.846226,-0.2990639,-8.501637
IMU,110566897.0,0,-0.3739991,0.03361584,-0.07370298,-1.925661,-0.6870282,-8.85724
IMU,110610247.0,0,-0.3416688,0.04481484,-0.01711071,-2.218448,-0.2173673,-9.245763
IMU,110651372.0,0,-0.1328051,0.2845871,-0.05542241,-1.793513,-0.469967,-10.12664
IMU,110694753.0,0,0.2031567,0.1234513,0.04733594,-1.191383,-0.4645395,-10.28971
IMU,110734197.0,0,0.007701554,0.03601705,-0.004816956,-2.353539,-0.510489,-10.22886
IMU,110773896.0,0,0.2228915,0.1533957,0.03447689,-2.61502,-0.3160456,-6.478059
IMU,110814665.0,0,0.5515915,-0.07037579,0.106263,-0.840067,-0.1332646,-0.7717869
IMU,110855032.0,0,0.4635855,0.0155796,0.0260189,-0.5821729,-0.1799719,-0.2481219
IMU,110894744.0,0,0.49584,-0.03232438,-0.01043566,-0.7079783,-0.1748088,0.1170887
IMU,110934656.0,0,0.4404213,-0.04534563,-0.01277132,-0.7497882,-0.1944177,0.1524998
IMU,110974851.0,0,0.4158885,-0.06319629,-0.02388754,-0.7376938,-0.4807668,0.1053532
IMU,111014799.0,0,0.3329526,-0.03678653,-0.01719639,-0.7442059,-0.2671666,0.1307682
IMU,111055235.0,0,0.3762998,-0.01070665,-0.0344087,-0.7477032,-0.3044198,-0.0376411
IMU,111094686.0,0,0.3329874,0.008491423,-0.02518192,-0.7558736,-0.3500143,-0.04626342
IMU,111134658.0,0,0.2532311,0.03442106,0.01051904,-0.7640045,-0.2331925,-0.251893
IMU,111175136.0,0,0.2327204,0.1146316,0.0164318,-0.7581515,-0.233406,-0.2206358
IMU,111214790.0,0,0.2803667,0.1892098,-0.001178931,-0.8388909,-0.1665907,-0.2754921
IMU,111255504.0,0,0.3710092,0.2273876,-0.01522493,-0.7898545,-0.1648289,-0.5490059
IMU,111295462.0,0,0.4187973,0.2915606,-0.01741878,-0.8556553,-0.2108493,-0.6853095
IMU,111335467.0,0,0.4263823,0.4239569,-0.02837209,-0.9353118,-0.2188358,-0.8544185
IMU,111375855.0,0,0.4674367,0.5626865,-0.02930116,-0.9958808,-0.1740657,-1.28193
IMU,111416008.0,0,0.5583513,0.6539509,-0.02445279,-0.9620493,-0.0867191,-1.477048
IMU,111456137.0,0,0.5818492,0.6983984,-0.009102928,-0.8974042,-0.1768487,-1.540557
IMU,111496013.0,0,0.6131961,0.7640082,0.005361944,-0.9718823,-0.3543312,-1.517019
IMU,111536046.0,0,0.4394765,0.9597833,-0.02047181,-1.131153,-0.6002751,-1.825411
IMU,111576277.0,0,0.2663442,1.211079,-0.04752692,-1.06808,-0.3833401,-2.285252
IMU,111619376.0,0,0.1590929,1.424638,-0.04148876,-0.8526067,-0.4686229,-2.181573
IMU,111658921.0,0,0.1152615,1.526289,-0.009623123,-0.826753,-0.4501416,-2.675439
IMU,111699032.0,0,0.06027338,1.71899,-0.02682328,-0.8421823,-0.3857613,-2.967865
IMU,111739678.0,0,-0.1068364,1.897692,-0.02637271,-0.7814978,-0.5952669,-3.085931
IMU,111779432.0,0,-0.2871616,1.920298,0.06331041,-1.060364,-0.8814706,-4.963302
IMU,111818908.0,0,-14.90054,-9.807023,3.718451,-34.43498,-18.78737,-80.28832
IMU,111858896.0,0,0.02584757,-0.215183,0.280761,-8.164565,-5.615037,-7.157422
IMU,111898990.0,0,-2.305842,-4.921616,-0.1061563,-4.256979,0.8166922,-1.559264
IMU,111939674.0,0,-1.268215,-4.830222,-0.07992427,0.8566667,-2.177631,1.347649
IMU,111979439.0,0,-0.6559811,-3.214855,-0.08500195,1.339584,-1.092579,-1.692763
IMU,112018857.0,0,0.9040325,-1.007406,-0.08342755,-2.161071,-0.08589513,-2.88647
IMU,112059005.0,0,1.549607,0.7027724,-0.08501583,-2.685066,-1.149988,-1.811111
IMU,112099001.0,0,1.733755,1.94989,-0.08407284,-6.280539,-1.666628,-1.567682
IMU,112139657.0,0,0.1700042,3.802383,-0.08534742,-10.66037,-3.785836,-0.2669638
IMU,112179400.0,0,0.4963836,4.253671,-0.08399285,-18.23968,-1.992363,-2.779448
IMU,112218839.0,0,-1.148334,5.839141,-0.08316472,0.8166864,-3.731245,-10.55852
IMU,112259070.0,0,-2.513536,6.195292,-0.08380981,4.36103,-3.154174,-15.4965
IMU,112298824.0,0,-2.840629,3.377694,-0.08630749,7.069403,-1.116077,-15.41318
IMU,112339700.0,0,-1.456975,-0.2671341,-0.0839031,3.381169,4.777043,-6.721943
IMU,112379421.0,0,-0.3790667,-1.133309,-0.08241402,0.8697211,0.4664899,-2.721391
IMU,112418864.0,0,0.2806557,-1.402472,-0.08413061,0.9552369,3.232749,-9.156719
IMU,112458883.0,0,0.7024586,-1.204868,-0.08199511,-0.5735412,3.498687,-15.21848
IMU,112498902.0,0,0.9672905,-0.7707375,-0.08312381,-3.912174,1.063152,-9.007466
IMU,112539740.0,0,0.1725197,-0.1149645,-0.084244,-2.014835,-0.695809,-8.987152
IMU,112579298.0,0,-0.25903,0.3146834,-0.08404285,-0.948647,-0.751143,-9.600065
IMU,112618870.0,0,-0.2699953,0.2441869,-0.08464799,-0.7499641,1.088057,-9.9093
IMU,112658920.0,0,-0.07873311,0.1035123,0.03482432,-0.2975577,1.840271,-9.605401
IMU,112699137.0,0,0.0689298,-0.08207132,-0.04793474,-0.4525405,0.9683886,-9.71163
IMU,112739711.0,0,0.04340519,-0.03247829,-0.0027261,-0.9939908,0.600652,-9.61161
IMU,112779258.0,0,-0.03569159,0.02845684,0.01812715,-0.7665366,0.8802962,-9.575152
IMU,112818912.0,0,0.0001028799,-0.006877423,-0.0006768128,-0.6131004,1.001904,-9.673369
IMU,112859153.0,0,0.008216932,-0.00106229,0.00136616,-0.7793445,0.776726,-9.623974
IMU,112898847.0,0,-0.005833769,0.007388368,0.00932124,-0.7194414,0.9179645,-9.646286
IMU,112939580.0,0,0.005265538,-0.003463232,-0.001084736,-0.7296997,0.906094,-9.64784
IMU,112979358.0,0,-0.004392564,0.005614999,0.005512432,-0.7508026,0.844654,-9.649131
IMU,113018880.0,0,0.000578588,0.003637424,0.004034461,-0.7108418,0.9186805,-9.646553
IMU,113059056.0,0,0.0004831802,0.002438732,0.002725877,-0.7390235,0.8543535,-9.64977
IMU,113098880.0,0,-0.001924576,0.003455509,0.004744759,-0.7270551,0.8941036,-9.668952
IMU,113139801.0,0,0.0009266546,0.001677157,0.002581338,-0.726344,0.8838671,-9.633598
IMU,113179303.0,0,-0.001741029,0.002410449,0.004842284,-0.7323175,0.892673,-9.638663
IMU,113219222.0,0,-0.000267475,0.001987457,0.003726425,-0.7348223,0.8905833,-9.633665
IMU,113259041.0,0,-0.001670056,0.002776422,0.002711306,-0.7279894,0.8806065,-9.653626
IMU,113298988.0,0,-0.0001066144,0.002587949,0.003890233,-0.7224397,0.8626273,-9.644212
IMU,113339682.0,0,-0.001372484,0.00247857,0.003034393,-0.7298333,0.8870882,-9.654197
IMU,113379370.0,0,-0.0006285028,0.001445299,0.004086323,-0.729317,0.8853982,-9.62741
IMU,113419014.0,0,-0.001129784,0.004544102,0.002569987,-0.7143354,0.8945264,-9.633759
IMU,113458879.0,0,0.0001047243,0.002848316,0.003314863,-0.7282588,0.8896365,-9.646436
IMU,113498904.0,0,-0.001452342,0.00339067,0.003412804,-0.7233114,0.8927577,-9.632726
IMU,113539705.0,0,-0.001676524,0.002363235,0.004925874,-0.7098911,0.8872229,-9.645047
IMU,113579694.0,0,0.0007738206,0.0005627568,0.002500556,-0.7187701,0.8817137,-9.640498
IMU,113618889.0,0,-0.002280646,0.002055145,0.004168755,-0.7296119,0.8939409,-9.635037
IMU,113658909.0,0,0.0005216231,0.002377541,0.003252842,-0.7315542,0.8879273,-9.644771
IMU,113699045.0,0,0.0005597632,0.001313729,0.00267505,-0.7258586,0.8714319,-9.638733
IMU,113739730.0,0,-0.0007156311,0.002219196,0.002537906,-0.7239344,0.8927339,-9.65345
IMU,113779375.0,0,0.0006928376,0.002536841,0.002455117,-0.7156957,0.898947,-9.64642
IMU,113818900.0,0,-0.001450406,0.001919905,0.002363658,-0.7284278,0.882215,-9.661101
IMU,113858891.0,0,-0.0001290303,0.002109664,0.003462796,-0.7229323,0.8932481,-9.643561
IMU,109982750.0,1,-0.03988428,0.1662582,-0.07364544,-0.3492451,-0.254149,-10.54084
IMU,110023451.0,1,0.02818683,-0.0278148,0.02602785,-2.060939,-0.06548497,-9.827134
IMU,110066466.0,1,0.1627672,-0.08013061,0.01834474,-0.8992083,-0.06747449,-9.742756
IMU,110106804.0,1,0.07471661,-0.07389172,-0.07539681,-0.02092701,-0.0517534,-10.30425
IMU,110147010.0,1,0.1226508,-0.06967097,0.03815624,-2.262146,0.04110205,-9.181043
IMU,110190151.0,1,0.2026523,0.08933172,-0.03081912,-1.24157,-0.08184727,-9.617688
IMU,110230912.0,1,0.04554287,0.08759447,0.008786058,-1.639173,0.2154345,-9.204157
IMU,110274475.0,1,0.0898983,0.07385518,-0.02331906,-1.522557,0.1028574,-10.13153
IMU,110314797.0,1,-0.02972916,0.02148102,-0.05443695,-0.4693857,-0.01019285,-10.26633
IMU,110355482.0,1,-0.01339672,-0.1498963,-6.517242e-05,-2.077723,0.01458857,-9.515411
IMU,110398758.0,1,-0.1109228,-0.02131282,-0.1102186,-0.2740824,0.2954744,-9.823148
IMU,110440393.0,1,-0.08541667,-0.08150533,0.006295803,-2.067771,0.1501658,-9.230845
IMU,110486545.0,1,0.1143189,-0.1449435,-0.04378493,-1.394282,0.2086891,-9.560242
IMU,110526016.0,1,-0.3154618,-0.09361006,-0.02519139,-1.278903,-0.4657804,-8.634775
IMU,110566897.0,1,-0.2894778,0.006140488,-0.03544781,-1.991074,-0.635313,-9.651465
IMU,110610247.0,1,-0.4010054,0.05492408,-0.07691449,-2.589669,-0.4500377,-9.066045
IMU,110651372.0,1,-0.1497257,0.2273223,-0.02080401,-1.124941,-0.5545131,-9.430357
IMU,110694753.0,1,0.1704004,0.1103602,0.03209096,-1.539182,-0.4054117,-10.50813
IMU,110734197.0,1,-0.03117436,0.006804735,-0.02344153,-2.393036,-0.7456156,-10.09058
IMU,110773896.0,1,0.2208145,0.1055078,0.0478469,-1.663267,-0.2119948,-6.184135
IMU,110814665.0,1,0.4411305,-0.06543025,0.07559992,-1.008485,-0.1063506,-0.7657001
IMU,110855032.0,1,0.4409083,0.01972221,0.04581065,-0.5547064,-0.03247096,-0.3982093
IMU,110894744.0,1,0.4699017,-0.03062316,0.003796673,-0.830731,-0.07142221,0.0930381
IMU,110934656.0,1,0.426641,-0.04376921,-0.001998544,-0.742783,-0.1807859,-0.01785945
IMU,110974851.0,1,0.4101378,-0.06622953,-0.01277044,-0.7968948,-0.3475038,-0.0797705
IMU,111014799.0,1,0.3315804,-0.04603247,-0.006533155,-0.7402962,-0.1468766,0.003410677
IMU,111055235.0,1,0.3663076,-0.018375,-0.02182663,-0.7688406,-0.1006442,-0.2940246
IMU,111094686.0,1,0.3346648,-0.0003045881,-0.01599716,-0.7109702,-0.1867899,-0.3044228
IMU,111134658.0,1,0.2522933,0.02689757,0.01577023,-0.7681029,-0.07059783,-0.4933807
IMU,111175136.0,1,0.2304905,0.1091165,0.02612022,-0.8106943,-0.01912969,-0.3950793
IMU,111214790.0,1,0.2692806,0.1807832,0.01250837,-0.7775181,-0.0531549,-0.2549488
IMU,111255504.0,1,0.3561265,0.2227096,-0.001437761,-0.8592052,-0.00312478,-0.5938177
IMU,111295462.0,1,0.4090396,0.2828857,0.004164625,-0.9099796,-0.1077908,-0.9212334
IMU,111335467.0,1,0.4167173,0.4117005,-0.001879591,-0.9266692,-0.04622235,-0.9069891
IMU,111375855.0,1,0.4631911,0.5518852,0.0005929586,-0.9759418,-0.09347304,-1.343452
IMU,111416008.0,1,0.5443524,0.6411092,0.01854049,-0.8757047,-0.09753069,-1.622581
IMU,111456137.0,1,0.5751939,0.6832469,0.02724495,-0.9163051,-0.1801521,-1.596011
IMU,111496013.0,1,0.6077977,0.7494174,0.04307317,-0.9376506,-0.1774201,-1.787014
IMU,111536046.0,1,0.4366049,0.941413,0.01896799,-1.125827,-0.5547737,-2.021183
IMU,111576277.0,1,0.2653714,1.192237,-0.007052887,-1.080239,-0.2673527,-2.394866
IMU,111619376.0,1,0.1560568,1.407361,0.003179653,-0.8588424,-0.3644301,-2.439101
IMU,111658921.0,1,0.1137753,1.514332,0.03644152,-0.8052957,-0.4618139,-2.991807
IMU,111699032.0,1,0.05369687,1.698278,0.01869671,-0.8083511,-0.216055,-3.053427
IMU,111739678.0,1,-0.1089237,1.87576,0.01940402,-0.8030297,-0.5193563,-3.277364
IMU,111779432.0,1,-0.2711216,1.903232,0.0969402,-1.12376,-0.8706506,-5.298965
IMU,111818908.0,1,-12.83588,-7.830805,2.86383,-32.25831,-23.80212,-111.2237
IMU,111858896.0,1,-3.821671,-3.754145,-2.931126,-25.09967,-4.872642,24.6228
IMU,111898990.0,1,-2.235692,-4.792659,-1.677337,-2.084541,0.5633382,-2.642737
IMU,111939674.0,1,-1.232282,-4.807975,-1.015523,-0.1709539,-1.57951,1.983093
IMU,111979439.0,1,-0.6632437,-3.229261,-0.2849235,1.269166,-0.9998152,-1.269212
IMU,112018857.0,1,0.8414764,-1.086309,-0.1634307,-2.152223,-0.007094026,-2.686888
IMU,112059005.0,1,1.518702,0.6417283,-0.6743721,-2.598209,-1.015636,-1.795157
IMU,112099001.0,1,1.708732,1.835491,-1.30814,-6.181046,-1.54481,-1.564631
IMU,112139657.0,1,0.1867949,3.714083,-0.7445477,-10.88502,-3.860581,-1.157007
IMU,112179400.0,1,0.430514,4.192498,-0.3765086,-17.3459,-1.893692,-2.900018
IMU,112218839.0,1,-1.125529,5.750871,-0.3738727,0.8478591,-3.447057,-11.12041
IMU,112259070.0,1,-2.365265,6.155343,-0.6134459,4.351937,-3.108679,-16.48717
IMU,112298824.0,1,-2.821393,3.469846,-0.5211006,6.956229,-1.027129,-15.84064
IMU,112339700.0,1,-1.484307,-0.2531985,-0.4252078,3.483335,4.663432,-6.21581
IMU,112379421.0,1,-0.3159232,-1.134444,-0.5373756,0.8177719,0.4469057,-3.37704
IMU,112418864.0,1,0.267677,-1.4043,-0.420866,0.7642691,3.033609,-9.086298
IMU,112458883.0,1,0.6847641,-1.263066,-0.2048504,-0.4349384,3.502316,-15.14568
IMU,112498902.0,1,0.9961183,-0.7891913,-0.06814636,-3.920952,0.8341215,-9.234271
IMU,112539740.0,1,0.1745982,-0.1363206,-0.1133055,-1.993103,-0.5680764,-9.113194
IMU,112579298.0,1,-0.2520576,0.3058088,0.03321211,-0.9661366,-0.6765407,-9.970526
IMU,112618870.0,1,-0.2639612,0.2300646,0.1411608,-0.6576445,1.165606,-10.01993
IMU,112658920.0,1,-0.08039505,0.1073404,0.02915267,-0.3046163,1.801248,-9.736616
IMU,112699137.0,1,0.07161252,-0.08530513,-0.04990522,-0.4705474,0.9940069,-9.851954
IMU,112739711.0,1,0.04698452,-0.02930601,-0.008987113,-1.025975,0.595446,-9.681178
IMU,112779258.0,1,-0.03643461,0.02807577,0.01303612,-0.7208719,0.9418666,-9.842471
IMU,112818912.0,1,0.001887251,-0.01072368,-0.007623784,-0.5967657,0.9716946,-9.855728
IMU,112859153.0,1,0.009423208,-0.002365954,-0.005670788,-0.8294403,0.7456331,-9.823958
IMU,112898847.0,1,-0.001149113,0.004762833,0.006356739,-0.7142622,0.9065295,-9.780776
IMU,112939580.0,1,0.005625155,-0.007965053,-0.005132455,-0.7244405,0.873054,-10.0272
IMU,112979358.0,1,-0.001888281,0.004005095,0.005089334,-0.7176393,0.8420567,-9.744165
IMU,113018880.0,1,0.005047617,-0.002547563,-0.003720047,-0.6746662,0.8980218,-9.873569
IMU,113059056.0,1,0.003539029,0.0002975807,-0.0005364701,-0.6666533,0.7585949,-9.872934
IMU,113098880.0,1,0.0047209,0.002376767,0.003954452,-0.6411448,0.8785068,-9.778148
IMU,113139801.0,1,0.003261377,-0.0001085468,-0.0002905909,-0.7361826,0.8310651,-9.809193
IMU,113179303.0,1,0.004708588,-0.000563331,-0.002414507,-0.7056093,0.9464905,-9.786097
IMU,113219222.0,1,0.003303488,-0.003397765,-0.001892377,-0.7233353,0.9747034,-9.984553
IMU,113259041.0,1,0.002643972,-0.001470907,-0.003108379,-0.6526321,0.8511328,-9.835858
IMU,113298988.0,1,-0.0003803303,0.001289189,-0.004561297,-0.686419,0.9708427,-9.794477
IMU,113339682.0,1,0.0007009306,0.003713015,-0.0009823451,-0.7483796,0.8588486,-9.712745
IMU,113379370.0,1,3.168673e-05,0.005048088,0.002349933,-0.6740208,0.9288695,-9.807887
IMU,113419014.0,1,0.001540348,-0.006893904,-0.0004078534,-0.6919078,0.7940369,-9.761688
IMU,113458879.0,1,0.00398435,-0.002454683,-0.002669389,-0.670831,0.8977689,-9.832886
IMU,113498904.0,1,0.003962607,0.0009980802,-0.007357298,-0.6593567,0.9682375,-9.812107
IMU,113539705.0,1,0.0051588,-0.007117985,0.000634864,-0.6952635,0.8447285,-9.756554
IMU,113579694.0,1,0.001381441,-0.004180335,0.002490141,-0.6883951,0.9004631,-9.988377
IMU,113618889.0,1,-0.0003469996,0.003440266,-0.0005191106,-0.6789081,0.9018009,-9.817034
IMU,113658909.0,1,0.00292726,-0.00186736,-0.002445997,-0.7455437,0.8458976,-9.856206
IMU,113699045.0,1,0.004082743,0.003184829,-0.00442904,-0.7541401,0.9306618,-9.764369
IMU,113739730.0,1,0.001709563,-0.006914381,-0.001942219,-0.7498919,0.7655951,-9.823564
IMU,113779375.0,1,0.004731858,-0.002424086,-0.003256091,-0.6525239,0.8568293,-9.903781
IMU,113818900.0,1,0.006591177,-0.003483643,0.0003467488,-0.6597185,0.7873792,-9.745038
IMU,113858891.0,1,0.0009536677,-0.003124257,-0.004215755,-0.7401504,0.8961695,-9.868743
IMU,109982750.0,2,-0.03884389,0.1264021,0.004905775,-1.87987,-0.4018262,-9.965606
IMU,110023451.0,2,-0.004352277,0.009352862,0.008920453,-1.635836,-0.3314149,-10.05685
IMU,110066466.0,2,0.161197,-0.1414096,-0.00458012,-1.449909,-0.1026789,-9.630819
IMU,110106804.0,2,0.1083398,-0.1543604,0.01190377,-1.92299,-0.3575474,-9.45413
IMU,110147010.0,2,0.1117384,0.04685894,-0.008208022,-1.547192,-0.2395045,-9.266417
IMU,110190151.0,2,0.2388655,0.04411153,0.001396033,-1.669916,-0.3808888,-9.451481
IMU,110230912.0,2,-0.05043742,0.1336561,-0.006227222,-1.873277,0.2881764,-10.23689
IMU,110274475.0,2,0.09030264,0.05949781,-0.04034913,-1.391881,-0.1564601,-9.820545
IMU,110314797.0,2,-0.05982911,-0.06078603,-0.02456086,-1.533978,-0.05452588,-10.00356
IMU,110355482.0,2,-0.07531866,-0.03995285,-0.02824859,-2.000835,0.05370051,-10.01116
IMU,110398758.0,2,-0.09030011,-0.1225243,-0.06594083,-1.173492,0.051883,-9.556651
IMU,110440393.0,2,-0.1278154,0.009697665,-0.03105794,-1.823822,0.2689015,-9.580088
IMU,110486545.0,2,0.1263824,-0.103239,-0.02113189,-1.674286,0.3165137,-9.293324
IMU,110526016.0,2,-0.3299502,-0.0854357,-0.0662409,-1.356708,-0.7364324,-9.302743
IMU,110566897.0,2,-0.3754603,0.008412232,-0.07929076,-1.721783,-0.6549227,-9.137901
IMU,110610247.0,2,-0.3595759,0.1572774,-0.05119149,-1.990324,-0.5180279,-9.700817
IMU,110651372.0,2,-0.03562594,0.1266126,-0.04811472,-1.292645,-0.7546054,-9.438159
IMU,110694753.0,2,0.1617062,0.1018145,0.01761759,-1.864681,-0.563387,-10.47656
IMU,110734197.0,2,0.01222764,0.08437226,-0.0239334,-2.024898,-0.9527723,-9.973049
IMU,110773896.0,2,0.219769,0.07862326,0.00987114,-1.513854,-0.1848829,-6.957141
IMU,110814665.0,2,0.490095,-0.0242018,0.09971461,-1.100164,-0.3036041,-0.9134302
IMU,110855032.0,2,0.4704268,-0.01419384,0.03443873,-0.9462516,-0.2661695,-0.2906662
IMU,110894744.0,2,0.490784,-0.04903297,-0.00620667,-0.9092823,-0.2587537,0.07654326
IMU,110934656.0,2,0.4346029,-0.05473528,-0.0106043,-0.898569,-0.2472026,-0.008042673
IMU,110974851.0,2,0.4036159,-0.0782972,-0.0224131,-0.8828665,-0.4220029,-0.115099
IMU,111014799.0,2,0.3272212,-0.04967261,-0.01483244,-0.8259118,-0.2372774,-0.08474977
IMU,111055235.0,2,0.3745705,-0.01656228,-0.0328922,-0.8361119,-0.2877435,-0.1883173
IMU,111094686.0,2,0.3259673,0.002315089,-0.02437667,-0.870091,-0.2982214,-0.2899117
IMU,111134658.0,2,0.2506082,0.03081997,0.01326588,-0.8787692,-0.2290358,-0.4392061
IMU,111175136.0,2,0.2336768,0.1126735,0.01761715,-0.8802985,-0.2117265,-0.407687
IMU,111214790.0,2,0.2826269,0.1832301,-0.001066282,-0.8886213,-0.1638077,-0.4806007
IMU,111255504.0,2,0.3723264,0.2247404,-0.01781719,-0.8928097,-0.1696,-0.7106373
IMU,111295462.0,2,0.417624,0.2864431,-0.02044841,-0.9587548,-0.2166701,-0.8686809
IMU,111335467.0,2,0.4310806,0.4165172,-0.03314867,-1.007685,-0.2564786,-1.079134
IMU,111375855.0,2,0.478743,0.5588974,-0.03550878,-1.06488,-0.186856,-1.508384
IMU,111416008.0,2,0.56543,0.6429261,-0.03148982,-1.009634,-0.1268225,-1.684853
IMU,111456137.0,2,0.593013,0.6874954,-0.01637186,-1.028489,-0.1802045,-1.724556
IMU,111496013.0,2,0.622821,0.754482,-0.001830568,-1.049967,-0.3529358,-1.731852
IMU,111536046.0,2,0.4564845,0.953145,-0.03081871,-1.180581,-0.5291374,-2.161821
IMU,111576277.0,2,0.2887228,1.214184,-0.06220568,-1.153558,-0.3680398,-2.574496
IMU,111619376.0,2,0.183413,1.426439,-0.06140262,-0.9714735,-0.4438411,-2.447207
IMU,111658921.0,2,0.1410478,1.528133,-0.02958379,-0.9845983,-0.4557324,-2.881252
IMU,111699032.0,2,0.09003548,1.720516,-0.05244728,-0.8925543,-0.426504,-3.299738
IMU,111739678.0,2,-0.06725992,1.906532,-0.05295214,-0.9521009,-0.5577438,-3.400789
IMU,111779432.0,2,-0.2731313,1.904942,0.04000881,-1.435778,-0.6814058,-5.479521
IMU,111818908.0,2,-14.58976,-10.91781,3.890331,-37.74659,-23.86396,-91.29367
IMU,111858896.0,2,-2.334075,-6.170717,-1.175356,-25.90842,7.493322,35.60879
IMU,111898990.0,2,-2.293221,-4.878056,-1.374517,-2.749732,1.167313,-3.647032
IMU,111939674.0,2,-1.370049,-4.883607,-0.7873235,-0.1891036,-1.448354,1.000248
IMU,111979439.0,2,-0.6783594,-3.236629,-0.1225086,1.486282,-1.189336,-2.168465
IMU,112018857.0,2,0.8621411,-1.057873,-0.1640062,-1.627728,-0.6790239,-2.989791
IMU,112059005.0,2,1.543972,0.6848326,-0.7647471,-2.374807,-1.405213,-2.165328
IMU,112099001.0,2,1.747665,1.939616,-1.479983,-6.011779,-1.740907,-2.500285
IMU,112139657.0,2,0.1214455,3.896443,-0.8925272,-10.94422,-2.776237,-2.277112
IMU,112179400.0,2,0.5925237,4.118262,-0.4323386,-18.38641,-2.874085,-3.118321
IMU,112218839.0,2,-1.024909,5.953804,-0.5784577,0.4891797,-3.215568,-12.13939
IMU,112259070.0,2,-2.426963,6.234869,-0.7888974,3.484979,-3.210097,-16.6755
IMU,112298824.0,2,-2.746346,3.343442,-0.5603635,5.651106,-1.637729,-14.88357
IMU,112339700.0,2,-1.430736,-0.2393071,-0.4278959,3.243286,3.75499,-5.180756
IMU,112379421.0,2,-0.4094726,-1.138406,-0.4942921,0.737623,0.883376,-3.714272
IMU,112418864.0,2,0.2496379,-1.417054,-0.3717293,0.7046978,2.905508,-9.010965
IMU,112458883.0,2,0.722503,-1.149801,-0.1593436,-0.7251787,3.220139,-15.21566
IMU,112498902.0,2,0.941533,-0.7921991,-0.06725368,-3.951857,1.225949,-9.677751
IMU,112539740.0,2,0.1630132,-0.1223655,-0.1136507,-2.02517,-0.7204008,-9.48042
IMU,112579298.0,2,-0.2584527,0.3162156,0.03167669,-1.134394,-0.7303957,-9.905579
IMU,112618870.0,2,-0.2545007,0.243691,0.1387145,-0.9199177,0.913427,-10.05556
IMU,112658920.0,2,-0.08127796,0.1014892,0.02399198,-0.4104604,1.627874,-9.69692
IMU,112699137.0,2,0.06375097,-0.08328566,-0.04959176,-0.58509,0.8559127,-9.889489
IMU,112739711.0,2,0.0403359,-0.03255119,-0.006420796,-1.144179,0.5324368,-9.870939
IMU,112779258.0,2,-0.03373449,0.0256147,0.01437562,-0.9159959,0.7460429,-9.773572
IMU,112818912.0,2,-0.0006795535,-0.006676939,-0.005245892,-0.7530435,0.8793201,-9.863338
IMU,112859153.0,2,0.005976885,-0.00296533,-0.001138896,-0.9274175,0.6794118,-9.849816
IMU,112898847.0,2,-0.007133125,0.006926734,0.005148349,-0.8528478,0.8058932,-9.819946
IMU,112939580.0,2,0.00400355,-0.004973357,-0.004270569,-0.8500639,0.7816358,-9.828895
IMU,112979358.0,2,-0.005803614,0.001852703,0.00279729,-0.8848949,0.7433985,-9.837921
IMU,113018880.0,2,-0.003013085,-0.0009336695,0.0003990205,-0.8435221,0.7933902,-9.857185
IMU,113059056.0,2,-0.0003102852,0.0010071,-0.001397328,-0.8638635,0.7575526,-9.842439
IMU,113098880.0,2,-0.003112807,0.001028875,0.0007903474,-0.8599115,0.775809,-9.849315
IMU,113139801.0,2,0.0001698409,-0.001569403,-0.0009713281,-0.8535883,0.7714834,-9.837712
IMU,113179303.0,2,-0.002017737,0.001495804,0.001274162,-0.8586743,0.7727218,-9.848556
IMU,113219222.0,2,-0.002191891,0.00127562,-0.0004636435,-0.8505877,0.7862937,-9.840158
IMU,113259041.0,2,-0.0005252797,-0.001244206,-6.102481e-05,-0.8684992,0.7698757,-9.831377
IMU,113298988.0,2,-0.00231323,0.001301304,-7.249686e-05,-0.8628089,0.7798476,-9.836196
IMU,113339682.0,2,-0.002078613,-0.0005259297,-0.0003965218,-0.8585809,0.7829207,-9.847303
IMU,113379370.0,2,-0.001814678,0.001202159,-0.000983941,-0.8708174,0.7660829,-9.830408
IMU,113419014.0,2,-0.001930529,0.001152724,-0.0002628352,-0.8621768,0.7827113,-9.845274
IMU,113458879.0,2,-0.00301984,-0.0003009663,0.0002842922,-0.852492,0.7831276,-9.836425
IMU,113498904.0,2,-0.001268676,6.319203e-05,0.0007080515,-0.8661547,0.7731745,-9.842691
IMU,113539705.0,2,-0.001569571,-0.0002402691,0.0002982983,-0.8587397,0.7746111,-9.856999
IMU,113579694.0,2,-0.001982257,0.0008064537,0.0004203586,-0.8542833,0.7821473,-9.83171
IMU,113618889.0,2,-0.001286469,0.001564478,-0.001470914,-0.8498373,0.778773,-9.849539
IMU,113658909.0,2,-0.001463274,0.001669773,-0.0001940348,-0.8554255,0.7805184,-9.824607
IMU,113699045.0,2,-0.001723418,0.0004553373,0.000960902,-0.8539043,0.7758869,-9.839714
IMU,113739730.0,2,-0.001949687,0.001546954,-1.010563e-06,-0.8567492,0.7774827,-9.826241
IMU,113779375.0,2,-0.001296249,0.0003506498,-0.002438973,-0.8495018,0.7799725,-9.834738
IMU,113818900.0,2,-0.001614159,-0.0005461505,-0.0002888775,-0.855652,0.7802513,-9.840556
IMU,113858891.0,2,-0.001940313,0.0004966281,0.0006276986,-0.860887,0.7748557,-9.836086
