ARM,1404486827.0,0.0
AHR2,1403868442.0,9.41,-12.16,214.63,471.0,43.2375221,-7.681556
AHR2,1403971982.0,9.17,-11.09,214.35,470.93,43.2375177,-7.6815615
AHR2,1404076646.0,9.0,-10.36,213.71,471.0,43.2375126,-7.6815672
AHR2,1404179806.0,9.42,-10.06,213.54,471.01,43.2375078,-7.681573
AHR2,1404284385.0,9.37,-9.25,213.48,470.89,43.2375038,-7.6815787
AHR2,1404387207.0,9.53,-8.35,213.6,470.96,43.2374992,-7.6815846
AHR2,1404492797.0,9.51,-7.51,213.93,471.28,43.2374937,-7.6815916
AHR2,1404592959.0,10.72,-6.86,214.77,470.79,43.2374892,-7.6815974
AHR2,1404693356.0,12.59,-6.3,215.79,470.47,43.2374859,-7.6816019
AHR2,1404793373.0,14.22,-5.11,216.67,470.33,43.2374814,-7.6816078
AHR2,1404894653.0,15.7,-3.6,217.67,470.04,43.2374755,-7.6816139
AHR2,1404994735.0,16.91,-1.13,218.95,469.99,43.2374709,-7.6816195
AHR2,1405096089.0,16.98,3.12,220.75,469.58,43.2374672,-7.6816246
AHR2,1405196216.0,15.18,9.21,222.76,469.28,43.2374629,-7.6816301
AHR2,1405297785.0,12.01,17.47,224.89,469.01,43.2374583,-7.681635
AHR2,1405397799.0,7.35,26.94,226.72,468.65,43.2374539,-7.6816404
AHR2,1405500389.0,13.91,-8.37,221.24,467.69,43.2374498,-7.6816452
AHR2,1405723688.0,88.8,-65.29,205.08,465.27,43.2374497,-7.6816626
AHR2,1405824082.0,155.49,-74.81,154.07,465.33,43.2374513,-7.681658
AHR2,1405924094.0,61.22,-76.99,228.34,465.35,43.2374513,-7.6816593
AHR2,1406024104.0,53.78,-69.74,239.51,465.23,43.237449,-7.6816551
AHR2,1406124092.0,46.25,-66.76,245.87,465.38,43.2374481,-7.6816542
AHR2,1406224290.0,42.35,-64.22,249.45,465.15,43.2374495,-7.6816553
AHR2,1406323711.0,41.14,-63.39,250.54,465.08,43.2374495,-7.6816553
AHR2,1406424348.0,39.96,-62.55,251.57,465.46,43.2374495,-7.6816551
AHR2,1406524690.0,38.73,-61.72,252.66,465.16,43.2374495,-7.6816551
AHR2,1406624717.0,37.57,-60.88,253.66,465.23,43.2374494,-7.6816551
AHR2,1406724410.0,36.5,-60.05,254.58,465.35,43.2374493,-7.6816546
AHR2,1406824409.0,35.48,-59.22,255.46,465.4,43.2374492,-7.6816542
AHR2,1406924400.0,34.52,-58.4,256.26,465.33,43.2374492,-7.6816541
AHR2,1407024429.0,33.61,-57.57,257.03,465.31,43.2374489,-7.681654
AHR2,1407124725.0,32.76,-56.75,257.73,465.33,43.2374488,-7.681654
AHR2,1407224438.0,31.95,-55.93,258.39,465.21,43.2374487,-7.6816538
AHR2,1407324610.0,31.18,-55.12,259.01,465.24,43.2374487,-7.6816537
AHR2,1407424671.0,30.45,-54.31,259.6,465.16,43.2374484,-7.6816537
AHR2,1407525366.0,29.77,-53.51,260.14,465.59,43.2374483,-7.6816538
AHR2,1407625299.0,29.1,-52.69,260.66,465.38,43.2374483,-7.681654
AHR2,1407726089.0,28.48,-51.91,261.15,465.3,43.2374482,-7.6816535
ATT,1403867973.0,8.53,8.8,-11.73,-11.77,222.32,225.13
ATT,1403971344.0,8.35,8.74,-11.31,-10.78,222.36,224.74
ATT,1404076151.0,8.35,8.68,-10.86,-10.08,222.4,223.91
ATT,1404179409.0,8.62,9.15,-10.29,-9.76,222.42,223.53
ATT,1404283813.0,8.7,9.07,-9.73,-9.01,222.45,223.36
ATT,1404386758.0,8.63,9.16,-9.33,-8.21,222.49,223.48
ATT,1404492321.0,8.52,9.13,-9.1,-7.38,223.72,223.81
ATT,1404592594.0,5.56,10.36,-5.97,-6.69,224.54,224.63
ATT,1404692853.0,2.82,12.26,-3.03,-6.07,225.46,225.58
ATT,1404792856.0,1.44,13.91,-1.54,-4.79,226.26,226.39
ATT,1404894217.0,0.73,15.23,-0.78,-2.7,227.16,227.29
ATT,1404994189.0,0.37,16.22,-0.4,0.53,228.33,228.47
ATT,1405095640.0,0.18,16.28,-0.2,5.44,229.99,230.13
ATT,1405195676.0,0.09,14.54,-0.1,12.14,231.84,231.97
ATT,1405297417.0,0.04,11.48,-0.05,21.25,233.76,233.87
ATT,1405397450.0,0.02,6.86,-0.02,31.63,235.31,235.38
ATT,1405499609.0,0.01,12.56,-0.01,-3.03,230.06,230.17
ATT,1405723301.0,0.0,83.32,0.0,-58.44,228.26,219.83
ATT,1405823687.0,0.0,131.08,0.0,-71.14,221.87,188.34
ATT,1405923705.0,0.0,66.19,0.0,-72.6,232.75,234.19
ATT,1406023687.0,0.0,60.47,0.0,-69.29,252.84,244.57
ATT,1406123714.0,0.0,58.04,0.0,-69.03,253.16,246.1
ATT,1406223793.0,0.0,58.11,0.0,-69.0,253.17,246.1
ATT,1406323358.0,0.0,58.14,0.0,-68.89,253.61,246.56
ATT,1406423899.0,0.0,58.11,0.0,-68.82,254.0,246.99
ATT,1406524217.0,0.0,57.84,0.0,-68.66,255.3,248.44
ATT,1406624330.0,0.0,57.63,0.0,-68.55,256.23,249.49
ATT,1406723984.0,0.0,57.54,0.0,-68.51,256.61,249.92
ATT,1406823976.0,0.0,57.5,0.0,-68.49,256.71,250.04
ATT,1406923972.0,0.0,57.47,0.0,-68.48,256.77,250.11
ATT,1407023978.0,0.0,57.41,0.0,-68.46,256.88,250.25
ATT,1407124331.0,0.0,57.34,0.0,-68.43,257.05,250.46
ATT,1407224064.0,0.0,57.25,0.0,-68.4,257.3,250.75
ATT,1407324208.0,0.0,57.12,0.0,-68.35,257.6,251.12
ATT,1407424295.0,0.0,56.64,0.0,-68.16,258.8,252.52
ATT,1407524833.0,0.0,54.13,0.0,-66.91,265.34,260.4
ATT,1407624801.0,0.0,52.69,0.0,-65.98,269.67,265.54
ATT,1407725653.0,0.0,50.98,0.0,-64.75,272.18,269.02
BARO,1403863421.0,0,0.9315965,96728.1,43.93
BARO,1403966196.0,0,0.866605,96728.8,43.94
BARO,1404071546.0,0,0.9372479,96728.02,43.94
BARO,1404174264.0,0,0.9428994,96727.97,43.94
BARO,1404279315.0,0,0.8242192,96729.27,43.94
BARO,1404381681.0,0,0.8976879,96728.45,43.94
BARO,1404487166.0,0,1.21982,96724.96,43.94
BARO,1404587192.0,0,0.7224933,96730.34,43.94
BARO,1404688087.0,0,0.4060127,96733.8,43.94
BARO,1404787960.0,0,0.2647267,96735.3,43.94
BARO,1404889333.0,0,-0.02914814,96738.52,43.94
BARO,1404989188.0,0,-0.07435965,96738.98,43.94
BARO,1405090837.0,0,-0.4812633,96743.39,43.94
BARO,1405190796.0,0,-0.7892667,96746.73,43.94
BARO,1405291945.0,0,-1.052059,96749.57,43.94
BARO,1405392222.0,0,-1.413751,96753.51,43.94
BARO,1405494211.0,0,-2.374495,96763.91,43.94
BARO,1405717809.0,0,-4.796137,96790.15,43.94
BARO,1405818481.0,0,-4.739623,96789.55,43.93
BARO,1405918321.0,0,-4.711365,96789.22,43.92
BARO,1406018657.0,0,-4.832871,96790.54,43.92
BARO,1406118357.0,0,-4.680283,96788.9,43.92
BARO,1406218373.0,0,-4.911992,96791.41,43.92
BARO,1406318427.0,0,-4.988286,96792.23,43.92
BARO,1406418371.0,0,-4.601162,96788.05,43.92
BARO,1406518665.0,0,-4.900689,96791.29,43.92
BARO,1406618708.0,0,-4.832871,96790.56,43.93
BARO,1406718741.0,0,-4.717017,96789.29,43.92
BARO,1406818731.0,0,-4.666154,96788.75,43.93
BARO,1406918783.0,0,-4.739623,96789.53,43.93
BARO,1407018987.0,0,-4.753751,96789.7,43.93
BARO,1407119146.0,0,-4.739623,96789.53,43.93
BARO,1407218714.0,0,-4.858303,96790.83,43.94
BARO,1407318981.0,0,-4.82722,96790.5,43.93
BARO,1407419366.0,0,-4.900689,96791.28,43.94
BARO,1407519370.0,0,-4.474005,96786.67,43.94
BARO,1407619609.0,0,-4.680283,96788.91,43.94
BARO,1407720416.0,0,-4.76788,96789.84,43.94
BARO,1403863421.0,1,1.233948,96845.17,39.67
BARO,1403966196.0,1,1.211343,96845.43,39.68
BARO,1404071546.0,1,1.567383,96841.55,39.67
BARO,1404174264.0,1,1.561732,96841.63,39.68
BARO,1404279315.0,1,1.510869,96842.18,39.67
BARO,1404381681.0,1,1.666284,96840.49,39.67
BARO,1404487166.0,1,1.719972,96839.92,39.67
BARO,1404587192.0,1,1.485438,96842.46,39.67
BARO,1404688087.0,1,1.118094,96846.45,39.67
BARO,1404787960.0,1,0.6857589,96851.13,39.67
BARO,1404889333.0,1,0.634896,96851.67,39.67
BARO,1404989188.0,1,0.4314441,96853.9,39.67
BARO,1405090837.0,1,0.1827808,96856.58,39.67
BARO,1405190796.0,1,-0.01784526,96858.77,39.67
BARO,1405291945.0,1,-0.4982176,96863.96,39.67
BARO,1405392222.0,1,-0.9446813,96868.83,39.67
BARO,1405494211.0,1,-2.317981,96883.73,39.67
BARO,1405717809.0,1,-4.154699,96903.64,39.66
BARO,1405818481.0,1,-4.109487,96903.16,39.66
BARO,1405918321.0,1,-4.392059,96906.23,39.66
BARO,1406018657.0,1,-4.355325,96905.84,39.66
BARO,1406118357.0,1,-4.451399,96906.85,39.65
BARO,1406218373.0,1,-4.31859,96905.41,39.66
BARO,1406318427.0,1,-4.321416,96905.44,39.65
BARO,1406418371.0,1,-4.301636,96905.24,39.65
BARO,1406518665.0,1,-4.321416,96905.46,39.65
BARO,1406618708.0,1,-4.33837,96905.63,39.65
BARO,1406718741.0,1,-4.236645,96904.53,39.65
BARO,1406818731.0,1,-4.445748,96906.8,39.65
BARO,1406918783.0,1,-4.25925,96904.78,39.65
BARO,1407018987.0,1,-4.505088,96907.46,39.65
BARO,1407119146.0,1,-4.270553,96904.9,39.65
BARO,1407218714.0,1,-4.411839,96906.43,39.65
BARO,1407318981.0,1,-4.329893,96905.55,39.64
BARO,1407419366.0,1,-4.182956,96903.96,39.64
BARO,1407519370.0,1,-4.440096,96906.73,39.65
BARO,1407619609.0,1,-4.468354,96907.03,39.64
BARO,1407720416.0,1,-4.533345,96907.77,39.64
GPS,1404019745.0,3,15,43.2375207,-7.6815575,472.84,6.86,-0.053,0.0
GPS,1404227210.0,3,15,43.2375117,-7.6815687,472.85,6.821,0.006,0.0
GPS,1404412164.0,3,15,43.2375026,-7.6815801,472.84,6.888,0.054,0.0
GPS,1404637363.0,3,15,43.2374936,-7.6815917,472.81,6.883,0.11,0.0
GPS,1404817961.0,3,15,43.2374844,-7.681603,472.55,6.828001,2.345,0.0
GPS,1405019395.0,3,15,43.2374756,-7.681614,471.94,6.51,4.048,0.0
GPS,1405220975.0,3,15,43.2374669,-7.6816247,470.97,6.55,5.761,0.0
GPS,1405422858.0,3,15,43.2374582,-7.6816351,469.66,6.313,7.43,0.0
GPS,1405648101.0,3,15,43.2374525,-7.6816478,468.14,6.423,7.553,0.0
GPS,1405807869.0,3,15,43.2374513,-7.6816564,467.26,1.007,1.461,0.0
GPS,1406008765.0,3,14,43.2374502,-7.6816563,467.06,1.267,0.845,0.0
GPS,1406208786.0,3,15,43.2374495,-7.6816553,466.95,0.014,0.06900001,0.0
GPS,1406408800.0,3,14,43.2374495,-7.6816551,466.95,0.039,0.058,0.0
GPS,1406649096.0,3,14,43.2374493,-7.6816547,466.96,0.066,0.154,0.0
GPS,1406808948.0,3,14,43.2374492,-7.6816543,466.97,0.07300001,0.145,0.0
GPS,1407008973.0,3,14,43.2374489,-7.681654,467.01,0.07,0.066,0.0
GPS,1407208728.0,3,14,43.2374487,-7.6816538,467.04,0.04,0.158,0.0
GPS,1407408713.0,3,14,43.2374485,-7.6816535,467.0,0.169,0.181,0.0
GPS,1407629640.0,3,14,43.2374483,-7.6816535,467.07,0.104,0.106,0.0
IMU,1403853298.0,0,0.08303627,0.1170253,-0.06751391,-0.8287418,-0.8076534,-9.822483
IMU,1403893169.0,0,-0.05608179,0.2051086,-0.1086006,-0.2640953,-0.5508822,-9.154828
IMU,1403936400.0,0,0.05998744,0.1198617,0.06206931,-1.718068,-0.1348874,-9.823215
IMU,1403976675.0,0,-0.07141479,0.1883137,-0.1050543,-1.59479,-1.003198,-9.66086
IMU,1404019940.0,0,0.02149864,0.08154733,-0.1412748,-0.1978704,-0.5362078,-9.593697
IMU,1404061219.0,0,0.1085132,0.08706626,0.03253346,-1.782895,-0.7599512,-10.23123
IMU,1404101215.0,0,-0.05400318,0.2194432,-0.1728298,-1.178435,-0.6618772,-9.512874
IMU,1404144462.0,0,-0.09945545,0.04104549,-0.02111518,-0.4040408,-0.4470775,-9.481323
IMU,1404184204.0,0,0.03849762,0.008425679,0.02005071,-1.15954,-0.9900675,-9.702155
IMU,1404227394.0,0,0.1051473,0.1867799,-0.01933957,-1.352857,-0.7133946,-9.2803
IMU,1404269335.0,0,0.1495496,0.0901287,0.02284718,-0.9602516,-1.054684,-10.1548
IMU,1404309406.0,0,-0.2410277,0.1782674,-0.003635714,-1.345831,-0.5715085,-9.416668
IMU,1404351829.0,0,0.09102818,0.2096741,-0.01226099,-1.752722,-0.6039166,-9.273011
IMU,1404392202.0,0,-0.03738817,0.1869569,-0.1051535,-0.1060718,-0.7228302,-9.383256
IMU,1404436845.0,0,0.009121549,0.1544925,0.09551314,-2.319637,-0.9334904,-9.627782
IMU,1404476818.0,0,-0.114436,0.3062442,-0.0420048,-1.202822,-0.8515382,-10.2475
IMU,1404517608.0,0,0.174209,0.3070112,0.1023183,-2.184923,-0.4850587,-8.083963
IMU,1404557480.0,0,0.6007886,0.03040355,0.2008224,-0.9549894,-0.1765272,-2.352474
IMU,1404597195.0,0,0.2239695,0.1040161,0.1435059,-0.2013213,-0.8076099,-1.126749
IMU,1404637502.0,0,0.3264504,0.1151342,0.1671012,-0.7073112,0.02141993,-0.3155237
IMU,1404678447.0,0,0.3441886,0.2076456,0.1541133,-0.6572832,-0.2398528,-0.1933466
IMU,1404717794.0,0,0.3792586,0.2073843,0.1300011,-0.6514266,-0.3586178,-0.2145421
IMU,1404758371.0,0,0.2580757,0.286513,0.1036376,-0.6714654,-0.3815499,-0.5787392
IMU,1404798025.0,0,0.239377,0.3140726,0.1040613,-0.5599694,-0.3388691,-0.3952282
IMU,1404839341.0,0,0.2550332,0.3863091,0.1039436,-0.6557405,-0.3373939,-0.8197693
IMU,1404879705.0,0,0.2144603,0.450184,0.09921873,-0.6132022,-0.4083962,-0.9113073
IMU,1404919339.0,0,0.2084153,0.5304646,0.09664588,-0.6950837,-0.3743304,-0.9806944
IMU,1404959379.0,0,0.1717295,0.6266268,0.09974369,-0.6685722,-0.3967769,-0.924624
IMU,1404999839.0,0,0.1238338,0.7377818,0.1049215,-0.6143044,-0.4631577,-1.045803
IMU,1405040833.0,0,0.033733,0.8627869,0.1078935,-0.6457856,-0.4951148,-1.092718
IMU,1405080775.0,0,-0.0900122,0.9773853,0.09551065,-0.5776493,-0.5044818,-1.172483
IMU,1405120959.0,0,-0.2390894,1.107213,0.08944022,-0.5318868,-0.4801925,-1.452821
IMU,1405161666.0,0,-0.399844,1.234918,0.07472409,-0.522611,-0.4945362,-1.654325
IMU,1405201179.0,0,-0.4868322,1.404299,0.0535786,-0.5444062,-0.4331009,-1.80055
IMU,1405241812.0,0,-0.5681685,1.580382,0.055704,-0.4248374,-0.4232991,-1.942783
IMU,1405281702.0,0,-0.7260349,1.72246,0.05448939,-0.2899866,-0.491236,-2.343544
IMU,1405322666.0,0,-0.8624191,1.797309,0.05874122,-0.2155904,-0.3666538,-2.387904
IMU,1405362300.0,0,-0.9512524,1.861055,0.05312653,-0.04682403,-0.2143698,-2.465353
IMU,1405402656.0,0,-1.017501,1.876671,0.0697298,0.02519354,-0.2632555,-2.727937
IMU,1405444087.0,0,-1.120297,1.879435,0.07685718,0.1481825,-0.09395526,-2.580076
IMU,1405483796.0,0,-1.591391,-15.56465,-4.001245,56.60268,54.80977,-73.39414
IMU,1405648230.0,0,7.448813,-6.06986,3.104516,0.7912961,0.9289895,-3.294916
IMU,1405688459.0,0,12.16007,-9.491137,7.151752,-2.199206,-2.597516,-0.5984616
IMU,1405727957.0,0,11.2877,-9.173861,6.834908,-1.896069,-4.767575,-2.765565
IMU,1405767767.0,0,10.17437,-3.711328,4.440332,-21.8238,-29.53753,-23.30812
IMU,1405808381.0,0,-2.368201,2.178173,-0.5017224,-79.0581,-104.5985,-28.7704
IMU,1405848721.0,0,-1.993862,1.162387,0.06351023,-6.320062,-5.571151,0.4234231
IMU,1405888384.0,0,-4.265503,2.809434,-0.1223921,0.2231066,-1.333082,-3.234811
IMU,1405928420.0,0,-5.213926,4.764305,0.2479808,-1.547075,2.953382,-16.7317
IMU,1405968387.0,0,2.6967,0.1379734,-0.1686679,9.623302,18.50164,-28.87741
IMU,1406009218.0,0,2.879352,-1.051402,-0.3250386,0.0648418,-3.047027,-6.52808
IMU,1406048681.0,0,-0.07765413,0.194599,0.0796119,-3.494075,-3.323327,-7.691957
IMU,1406088416.0,0,-0.08022211,0.1849152,-0.02467547,-2.37345,-3.159683,-11.58361
IMU,1406128491.0,0,-0.1180914,-0.01256973,0.005898703,-1.326054,0.472458,-9.725368
IMU,1406168653.0,0,0.0780565,0.01594902,-0.006078461,-0.3242429,-1.116389,-9.484494
IMU,1406209293.0,0,-0.03544669,0.01719225,0.01187725,-1.266303,-0.7531796,-9.863619
IMU,1406248852.0,0,0.01027741,0.01278003,0.0004587925,-0.8179843,-1.181541,-9.565094
IMU,1406288400.0,0,-0.008356116,0.01248382,0.0006279363,-1.03318,-0.7442911,-9.617701
IMU,1406328358.0,0,-0.004501726,0.01376899,0.002929819,-0.909161,-1.100271,-9.636768
IMU,1406368341.0,0,-0.002940148,0.01306357,0.003954235,-1.003602,-0.8659209,-9.637232
IMU,1406408946.0,0,-0.004533688,0.01156016,0.001032294,-0.9192803,-0.992402,-9.637212
IMU,1406449088.0,0,-0.002137189,0.01385396,0.00174936,-0.9779865,-0.9422844,-9.65772
IMU,1406489081.0,0,-0.004852815,0.01287191,0.003844996,-0.9378064,-0.9503598,-9.623233
IMU,1406528746.0,0,-0.001778492,0.01390134,0.002390261,-0.9647056,-0.9521815,-9.632006
IMU,1406568762.0,0,-0.002426608,0.01221003,0.002211422,-0.9393985,-0.9386627,-9.63212
IMU,1406608950.0,0,-0.002353972,0.01348772,0.001278993,-0.9615524,-0.9504995,-9.640249
IMU,1406649343.0,0,-0.003317104,0.01358974,0.002227509,-0.9618942,-0.9552572,-9.638633
IMU,1406689374.0,0,-0.002158944,0.01262815,0.002033554,-0.9562255,-0.949018,-9.649427
IMU,1406728659.0,0,-0.002470339,0.01351041,0.0009978067,-0.9505374,-0.9454497,-9.618268
IMU,1406768755.0,0,-0.002765133,0.01135539,0.001882669,-0.9477555,-0.951581,-9.631998
IMU,1406809546.0,0,-0.002209817,0.01320061,0.003598977,-0.9516103,-0.940456,-9.62926
IMU,1406848963.0,0,-0.002818236,0.01255067,0.003171952,-0.9563041,-0.9512323,-9.633704
IMU,1406889003.0,0,-0.002621271,0.01374212,0.0028823,-0.9598995,-0.9462785,-9.647313
IMU,1406928667.0,0,-0.003100628,0.01319075,0.002329649,-0.9608195,-0.9521663,-9.630573
IMU,1406968681.0,0,-0.003343012,0.0127145,0.002777433,-0.9667166,-0.9505253,-9.637032
IMU,1407009437.0,0,-0.001868617,0.01286543,0.004193508,-0.9591226,-0.9500332,-9.618069
IMU,1407048975.0,0,-0.002509898,0.01297947,0.001573357,-0.9606039,-0.9424369,-9.638262
IMU,1407088991.0,0,-0.001767129,0.01312849,0.001455831,-0.9581951,-0.9488273,-9.626124
IMU,1407128825.0,0,-0.003908527,0.01298033,0.001406178,-0.958784,-0.9540235,-9.631721
IMU,1407169078.0,0,-0.002932097,0.01221394,0.001698841,-0.9557757,-0.9381418,-9.633629
IMU,1407209193.0,0,-0.002356054,0.01159838,0.003548064,-0.9597354,-0.9496077,-9.623709
IMU,1407249095.0,0,-0.002167868,0.01306106,0.002186377,-0.9452383,-0.9430521,-9.641767
IMU,1407288695.0,0,-0.002596259,0.01292266,0.002097348,-0.9602697,-0.9488153,-9.621683
IMU,1407329094.0,0,-0.003907748,0.01227114,0.002455459,-0.9633105,-0.9466885,-9.631488
IMU,1407368816.0,0,-0.002620326,0.01167066,0.002746361,-0.9509889,-0.9503726,-9.648687
IMU,1407409196.0,0,-0.001596492,0.01247448,0.002973354,-0.9663516,-0.9468159,-9.635654
IMU,1407449682.0,0,-0.003195707,0.01316111,0.003301032,-0.9487265,-0.9394171,-9.617198
IMU,1407489369.0,0,-0.001261578,0.01254104,0.0004441316,-0.9466558,-0.946076,-9.631591
IMU,1407529661.0,0,-0.002673219,0.01392929,0.001401441,-0.9445729,-0.9533106,-9.619966
IMU,1407569737.0,0,-0.002776794,0.01371307,0.001554378,-0.9501566,-0.9538336,-9.610068
IMU,1407610207.0,0,-0.003948152,0.01247433,0.001075016,-0.9435611,-0.9303115,-9.647928
IMU,1407650429.0,0,-0.003076907,0.01315228,0.002048058,-0.9432114,-0.9566606,-9.65077
IMU,1407690646.0,0,-0.001832249,0.01241073,0.002110004,-0.9514785,-0.933822,-9.646037
IMU,1407730480.0,0,-0.002942919,0.01222085,0.002618745,-0.959039,-0.9523295,-9.650996
IMU,1407770405.0,0,-0.002486647,0.01241418,0.002278978,-0.9383901,-0.949348,-9.629416
IMU,1403853298.0,1,0.03444588,0.1011474,-0.07415818,-0.8429461,-1.036984,-10.25559
IMU,1403893169.0,1,-0.03748322,0.1750572,-0.09684257,0.09479358,-0.6249815,-9.641186
IMU,1403936400.0,1,0.1485216,0.07216276,-0.01431145,-1.073892,0.03541286,-9.806104
IMU,1403976675.0,1,-0.02282732,0.1329924,-0.09601586,-1.513676,-0.8745328,-9.270275
IMU,1404019940.0,1,0.05102142,0.07637337,-0.1311094,-0.8751167,-0.6922733,-10.11619
IMU,1404061219.0,1,0.1441469,0.04061164,-0.01910775,-2.236665,-0.7981982,-10.37052
IMU,1404101215.0,1,-0.07946381,0.1979838,-0.1082861,-0.7591882,-0.7319414,-9.229304
IMU,1404144462.0,1,-0.06893422,0.01781079,-0.03758493,-0.428977,-0.5174874,-9.755612
IMU,1404184204.0,1,0.0639437,-0.01291297,0.0004526087,-2.013009,-1.144748,-10.0206
IMU,1404227394.0,1,0.1476758,0.1183346,0.01161824,-0.6324577,-0.6025046,-9.033986
IMU,1404269335.0,1,0.1477414,0.09562789,-0.0680777,-1.176991,-1.074227,-10.31325
IMU,1404309406.0,1,-0.1659459,0.1592184,5.689969e-05,-0.9898539,-0.701819,-10.00728
IMU,1404351829.0,1,0.1016148,0.1407306,0.006863677,-1.469166,-0.481588,-9.181585
IMU,1404392202.0,1,-0.0152545,0.1776554,-0.04456562,0.4353493,-0.7168238,-9.442121
IMU,1404436845.0,1,0.1882054,0.0223814,0.08520041,-2.233239,-0.9905502,-10.00524
IMU,1404476818.0,1,-0.1154241,0.2589396,0.003238997,-1.319886,-0.8021247,-9.914323
IMU,1404517608.0,1,0.1748127,0.2439712,0.1040292,-1.624908,-0.3670155,-7.199516
IMU,1404557480.0,1,0.5611993,-0.03356889,0.181269,-1.509984,-0.173632,-1.904765
IMU,1404597195.0,1,0.2804802,0.07958048,0.1504933,-0.2316243,-0.6213233,-1.231737
IMU,1404637502.0,1,0.3498568,0.07430904,0.1667647,-0.7616838,0.1836162,-0.2001302
IMU,1404678447.0,1,0.3695085,0.1650907,0.1578095,-0.6934281,-0.1547231,-0.1004574
IMU,1404717794.0,1,0.4032177,0.1655181,0.1373927,-0.6443465,-0.2797379,-0.3219222
IMU,1404758371.0,1,0.2916678,0.2526334,0.1070736,-0.7251822,-0.2941789,-0.5794089
IMU,1404798025.0,1,0.2670557,0.2821725,0.110899,-0.606451,-0.2123437,-0.4639628
IMU,1404839341.0,1,0.2810775,0.3360129,0.1132884,-0.6520141,-0.1517946,-0.8411266
IMU,1404879705.0,1,0.2475654,0.4133216,0.1051003,-0.6110829,-0.2727248,-1.074369
IMU,1404919339.0,1,0.2345355,0.484669,0.1073194,-0.7164865,-0.2607093,-1.174286
IMU,1404959379.0,1,0.2023847,0.5849974,0.1096151,-0.6373571,-0.2223896,-0.9654379
IMU,1404999839.0,1,0.150311,0.699297,0.1163388,-0.6373963,-0.2617006,-1.153309
IMU,1405040833.0,1,0.07583751,0.8186767,0.119856,-0.5965375,-0.3840881,-1.019804
IMU,1405080775.0,1,-0.05126422,0.9259235,0.1117892,-0.6176085,-0.3482647,-1.315269
IMU,1405120959.0,1,-0.2032753,1.057488,0.1017747,-0.5301564,-0.4071641,-1.516511
IMU,1405161666.0,1,-0.3558337,1.183623,0.08907002,-0.5027823,-0.3776824,-1.638165
IMU,1405201179.0,1,-0.4461478,1.36004,0.06482332,-0.5850151,-0.2329714,-1.927856
IMU,1405241812.0,1,-0.5248157,1.527494,0.07338832,-0.3729164,-0.2480553,-2.016328
IMU,1405281702.0,1,-0.684593,1.67447,0.06738089,-0.4066265,-0.2784747,-2.369846
IMU,1405322666.0,1,-0.8254402,1.747059,0.07087173,-0.1998874,-0.2224736,-2.504769
IMU,1405362300.0,1,-0.9101103,1.821466,0.06480125,-0.08740616,-0.1071127,-2.447254
IMU,1405402656.0,1,-0.9747412,1.832136,0.07889353,-0.0006539366,-0.1871976,-2.769141
IMU,1405444087.0,1,-1.07636,1.837162,0.08178497,0.04990217,-0.04776388,-2.651266
IMU,1405483796.0,1,-4.247951,-12.89776,-2.538066,85.06776,81.17227,-106.7309
IMU,1405648230.0,1,-0.4165601,-7.780894,2.583966,-1.983869,3.633317,3.172094
IMU,1405688459.0,1,-1.156429,0.675913,-0.1635121,-0.1464712,-0.2005742,-0.08187338
IMU,1405727957.0,1,1.546751,-1.239166,0.8917471,-0.03773177,-0.4964115,-0.2255742
IMU,1405767767.0,1,1.366369,-0.593283,0.6293999,-2.453948,-3.48956,-2.707279
IMU,1405808381.0,1,-2.244066,2.171103,-0.4061519,-9.453385,-13.14141,-3.553921
IMU,1405848721.0,1,-1.950122,1.144057,0.006651274,-8.705807,-8.842892,-1.145747
IMU,1405888384.0,1,-4.150067,2.747355,-0.1764425,0.3929816,-1.015668,-3.41029
IMU,1405928420.0,1,-4.834497,4.473305,0.1737551,-2.670456,4.475539,-17.09541
IMU,1405968387.0,1,2.579685,0.251056,0.0112755,10.23355,17.97136,-27.94738
IMU,1406009218.0,1,3.015226,-1.125709,-0.3096471,-0.4070255,-3.568885,-7.588816
IMU,1406048681.0,1,-0.05070054,0.1427031,0.0679559,-3.458849,-3.300809,-7.71438
IMU,1406088416.0,1,-0.06640383,0.1635225,-0.03289256,-2.143988,-3.120119,-11.77081
IMU,1406128491.0,1,-0.1079788,-0.04211691,-0.01108364,-1.315732,0.5953778,-9.64629
IMU,1406168653.0,1,0.1036666,-0.009501021,-0.013922,-0.2951167,-1.067367,-9.588838
IMU,1406209293.0,1,-0.01045119,-0.004998771,-0.005458758,-1.27061,-0.6478111,-9.862282
IMU,1406248852.0,1,0.04057845,-0.01710425,-0.01608248,-0.7863183,-1.151339,-9.77987
IMU,1406288400.0,1,0.02740254,-0.01361244,-0.00724826,-0.968257,-0.7102337,-9.759333
IMU,1406328358.0,1,0.02309018,-0.0138808,-0.005727745,-0.9120104,-1.043044,-9.730084
IMU,1406368341.0,1,0.03001638,-0.0126279,-0.004674708,-0.9723247,-0.7247397,-9.751462
IMU,1406408946.0,1,0.0269098,-0.01686003,-0.008159501,-0.8802843,-0.8947122,-9.760915
IMU,1406449088.0,1,0.03040054,-0.01351216,-0.006709252,-0.9241551,-0.8336712,-9.757686
IMU,1406489081.0,1,0.02716469,-0.0177106,-0.009212736,-0.9378433,-0.8439721,-9.762843
IMU,1406528746.0,1,0.03114367,-0.007354681,-0.007705715,-0.9259904,-0.9217332,-9.723645
IMU,1406568762.0,1,0.02646683,-0.02101991,-0.01116022,-0.9741254,-0.8276588,-9.727322
IMU,1406608950.0,1,0.02591134,-0.01513355,-0.01341224,-0.8671295,-0.8699929,-9.687342
IMU,1406649343.0,1,0.03074114,-0.009730888,-0.01006362,-0.9272287,-0.854292,-9.812662
IMU,1406689374.0,1,0.02499578,-0.01438089,-0.008719063,-0.9140902,-0.8989914,-9.688953
IMU,1406728659.0,1,0.02929737,-0.004401207,-0.002649315,-0.8031296,-0.7857969,-9.838969
IMU,1406768755.0,1,0.03161405,-0.01564558,-0.007819965,-1.025842,-0.9541159,-9.72003
IMU,1406809546.0,1,0.02484994,-0.01120166,-0.007798441,-0.8977401,-0.9008009,-9.858732
IMU,1406848963.0,1,0.02449812,-0.01415554,-0.01281334,-0.9321508,-0.8586912,-9.823548
IMU,1406889003.0,1,0.0306734,-0.01761807,-0.01182597,-0.8906172,-1.01869,-9.796617
IMU,1406928667.0,1,0.02656,-0.01696371,-0.01142219,-0.9555338,-1.017802,-9.720663
IMU,1406968681.0,1,0.02699989,-0.01293046,-0.008548761,-0.9951122,-0.8933747,-9.787079
IMU,1407009437.0,1,0.03018941,-0.007039198,-0.007311366,-0.9604053,-0.880717,-9.62498
IMU,1407048975.0,1,0.02671517,-0.01801176,-0.0103407,-0.9300336,-0.9041252,-9.732874
IMU,1407088991.0,1,0.02894223,-0.0125485,-0.009085092,-0.9358334,-0.866489,-9.671752
IMU,1407128825.0,1,0.02179385,-0.01134361,-0.01075956,-0.8991036,-0.8518475,-9.858884
IMU,1407169078.0,1,0.02775975,-0.01145634,-0.00899912,-0.9773429,-0.9616503,-9.570812
IMU,1407209193.0,1,0.03178586,-0.01208521,-0.003687931,-0.8780357,-0.8865718,-9.714937
IMU,1407249095.0,1,0.0319971,-0.01419942,-0.01133442,-0.9584827,-0.8528433,-9.802447
IMU,1407288695.0,1,0.03186988,-0.007948782,-0.008868747,-0.9719794,-0.8832966,-9.586234
IMU,1407329094.0,1,0.03007732,-0.01671907,-0.008576512,-0.9838587,-0.8676388,-9.715826
IMU,1407368816.0,1,0.0312017,-0.01304994,-0.006650279,-0.8733041,-0.9083079,-9.797843
IMU,1407409196.0,1,0.02951535,-0.01463667,-0.006280523,-0.8758904,-0.771752,-9.658859
IMU,1407449682.0,1,0.02617683,-0.01290031,-0.01050007,-0.9815155,-0.8499983,-9.79115
IMU,1407489369.0,1,0.02678731,-0.01703031,-0.009584329,-0.8107271,-0.9112591,-9.823156
IMU,1407529661.0,1,0.02982251,-0.01670418,-0.01250519,-0.8520465,-0.9236205,-9.719839
IMU,1407569737.0,1,0.02972795,-0.01122384,-0.009157231,-0.8646549,-0.9433352,-9.680665
IMU,1407610207.0,1,0.0320421,-0.02107213,-0.009349243,-0.8643213,-0.9152175,-9.664703
IMU,1407650429.0,1,0.02562493,-0.009665756,-0.00554075,-0.9701479,-0.9044759,-9.724943
IMU,1407690646.0,1,0.02718037,-0.005868356,-0.007123361,-0.9106246,-0.9181955,-9.610231
IMU,1407730480.0,1,0.02486313,-0.00760056,-0.004899791,-0.8685172,-0.8679838,-9.715037
IMU,1407770405.0,1,0.02597645,-0.01674856,-0.009126724,-0.9101334,-0.8841637,-9.748794
IMU,1403853298.0,2,0.01162264,0.1101789,-0.07039689,-1.233333,-0.8477467,-9.178804
IMU,1403893169.0,2,-0.03016872,0.0906601,-0.05227946,-1.114077,-0.8292449,-9.898542
IMU,1403936400.0,2,0.08005457,0.1885427,-0.06213064,-1.104473,-0.5778907,-9.74902
IMU,1403976675.0,2,-0.02905012,0.180444,-0.1108708,-1.221682,-0.9267935,-9.64684
IMU,1404019940.0,2,-0.05299092,0.09138503,-0.1060554,-1.574956,-0.6094011,-9.792563
IMU,1404061219.0,2,0.01425887,0.1702182,-0.07984785,-1.362036,-0.5275747,-9.132133
IMU,1404101215.0,2,0.05543638,0.1031801,-0.1104701,-1.250421,-1.190577,-9.658811
IMU,1404144462.0,2,-0.08099777,-0.0004664639,-0.01773267,-1.236658,-0.8176865,-9.954255
IMU,1404184204.0,2,-0.002158388,0.1217777,-0.04142785,-1.793367,-0.7404813,-10.06242
IMU,1404227394.0,2,0.1792364,0.04650805,-0.04888187,-0.828905,-0.864684,-9.513083
IMU,1404269335.0,2,0.06517171,0.1633728,0.02361489,-1.488927,-0.8766602,-10.09239
IMU,1404309406.0,2,-0.1377893,0.1424538,-0.03743556,-1.085907,-0.8881155,-9.623176
IMU,1404351829.0,2,0.1079006,0.06080389,0.01930829,-0.8113165,-1.010066,-9.896729
IMU,1404392202.0,2,0.02363404,0.07050341,0.01591341,-1.327668,-0.8943602,-9.74999
IMU,1404436845.0,2,0.04500463,0.1212872,0.01460884,-1.309328,-1.209552,-9.722976
IMU,1404476818.0,2,-0.08736162,0.2585978,0.01775557,-1.606615,-1.110826,-10.19022
IMU,1404517608.0,2,0.1988321,0.2345003,0.08005268,-1.843326,-0.6860813,-7.562127
IMU,1404557480.0,2,0.5150539,0.07001624,0.2065341,-1.254403,-0.2786067,-2.002232
IMU,1404597195.0,2,0.2580345,0.09018986,0.1503796,-0.569557,-0.5285614,-1.133435
IMU,1404637502.0,2,0.3341006,0.1197173,0.1663532,-0.7125749,-0.08256467,-0.4040892
IMU,1404678447.0,2,0.3430573,0.1810842,0.1439671,-0.7143003,-0.2211432,-0.4154832
IMU,1404717794.0,2,0.3764444,0.1908493,0.1248454,-0.7117891,-0.3235601,-0.4463954
IMU,1404758371.0,2,0.2704925,0.2823713,0.1004699,-0.7250088,-0.3534087,-0.7341241
IMU,1404798025.0,2,0.2448212,0.3054516,0.09818961,-0.6833774,-0.3010912,-0.5792301
IMU,1404839341.0,2,0.2629248,0.3723553,0.09602007,-0.7536206,-0.3047644,-0.960514
IMU,1404879705.0,2,0.2268757,0.4401579,0.08855868,-0.7641038,-0.3545928,-1.120264
IMU,1404919339.0,2,0.2201201,0.5224332,0.0869387,-0.7672743,-0.355552,-1.146466
IMU,1404959379.0,2,0.1861937,0.6164937,0.08862299,-0.7503076,-0.3725093,-1.128664
IMU,1404999839.0,2,0.1384114,0.7350445,0.09135813,-0.7350883,-0.4132695,-1.268816
IMU,1405040833.0,2,0.05615968,0.8594388,0.09171371,-0.7524635,-0.4400449,-1.292599
IMU,1405080775.0,2,-0.06560581,0.9760405,0.07589815,-0.6869143,-0.4623994,-1.400164
IMU,1405120959.0,2,-0.2128999,1.108775,0.06747286,-0.6549923,-0.4446461,-1.679154
IMU,1405161666.0,2,-0.3662374,1.238066,0.05189718,-0.6210629,-0.4582965,-1.927922
IMU,1405201179.0,2,-0.4518824,1.413661,0.02671815,-0.6211002,-0.4133614,-2.045665
IMU,1405241812.0,2,-0.5302014,1.590862,0.02796249,-0.5544683,-0.4133178,-2.211313
IMU,1405281702.0,2,-0.6848453,1.73585,0.02134146,-0.4253252,-0.468497,-2.595926
IMU,1405322666.0,2,-0.8175221,1.814503,0.02400212,-0.3854442,-0.3848543,-2.628439
IMU,1405362300.0,2,-0.9009867,1.880568,0.0179053,-0.2525065,-0.2234369,-2.659253
IMU,1405402656.0,2,-0.966256,1.896256,0.03412626,-0.1505014,-0.2745587,-2.947937
IMU,1405444087.0,2,-1.080727,1.902801,0.04217729,-0.0188904,-0.2199397,-2.93312
IMU,1405483796.0,2,0.8915282,-17.37667,-1.936996,40.0477,37.99881,-29.2887
IMU,1405648230.0,2,10.93425,-33.08674,-1.436541,-6.020918,8.836279,-54.14658
IMU,1405688459.0,2,10.69542,-28.91538,0.6714687,-35.53997,-18.08348,-39.97274
IMU,1405727957.0,2,10.87758,-9.357439,7.028234,1.487679,0.4399892,0.9490156
IMU,1405767767.0,2,9.448197,-3.390778,4.544403,-1.914121,-3.281995,-3.245041
IMU,1405808381.0,2,-19.01991,19.16689,-4.209315,-9.591731,-13.10844,-4.209541
IMU,1405848721.0,2,-1.047973,0.4137249,0.2407594,-10.74369,-9.679893,-0.4348158
IMU,1405888384.0,2,-4.154527,2.909291,-0.1770232,0.3126922,-1.289368,-4.388122
IMU,1405928420.0,2,-5.073276,5.011549,0.1722222,-1.337406,4.109674,-17.81476
IMU,1405968387.0,2,2.565156,0.1055437,-0.2338007,9.567615,15.24115,-24.9174
IMU,1406009218.0,2,2.712246,-1.146166,-0.2894638,-0.3637329,-1.893282,-8.794163
IMU,1406048681.0,2,-0.09664001,0.1973686,0.07182514,-3.488441,-3.256278,-7.847183
IMU,1406088416.0,2,-0.0711635,0.1689737,-0.03261916,-2.608557,-3.388017,-11.38059
IMU,1406128491.0,2,-0.09949982,-0.01858282,0.001121632,-1.517712,0.2945665,-9.773883
IMU,1406168653.0,2,0.07620259,0.00939342,-0.01132929,-0.4710262,-1.187687,-9.422636
IMU,1406209293.0,2,-0.0287005,0.01037146,0.007145857,-1.445685,-0.8569697,-9.93722
IMU,1406248852.0,2,0.007928288,0.004217585,-0.002587629,-0.9859608,-1.214483,-9.639512
IMU,1406288400.0,2,-0.004549446,0.006841536,-0.005292814,-1.186239,-0.8245658,-9.679863
IMU,1406328358.0,2,-0.004621143,0.006043797,-0.003783065,-1.092846,-1.169486,-9.713803
IMU,1406368341.0,2,-0.002488781,0.00697434,-0.001716771,-1.157365,-0.9308015,-9.705183
IMU,1406408946.0,2,-0.004637846,0.00494212,-0.002592254,-1.104361,-1.052345,-9.682733
IMU,1406449088.0,2,-0.001656256,0.00545531,-0.003665618,-1.150996,-1.005779,-9.726279
IMU,1406489081.0,2,-0.002253392,0.005053387,-0.002363889,-1.109393,-1.028582,-9.690639
IMU,1406528746.0,2,-0.001224432,0.004394485,-0.003406113,-1.145158,-1.014144,-9.70968
IMU,1406568762.0,2,-0.002646149,0.004201822,-0.004324344,-1.114868,-1.014288,-9.7041
IMU,1406608950.0,2,-0.001324293,0.005984999,-0.002382119,-1.128582,-1.016076,-9.690279
IMU,1406649343.0,2,-0.002291779,0.004438358,-0.002174589,-1.127767,-1.011977,-9.701494
IMU,1406689374.0,2,-0.003375275,0.004767157,-0.00255463,-1.127934,-1.004984,-9.707043
IMU,1406728659.0,2,-0.002849621,0.004659757,-0.004463311,-1.12278,-1.01476,-9.693113
IMU,1406768755.0,2,-0.001075551,0.005060198,-0.002936495,-1.13039,-1.01298,-9.697204
IMU,1406809546.0,2,-0.0009713129,0.005734243,-0.002547052,-1.120769,-1.021077,-9.70535
IMU,1406848963.0,2,-0.002517657,0.004088397,-0.00119379,-1.117918,-1.013628,-9.694045
IMU,1406889003.0,2,-0.001279644,0.005848324,-0.001705575,-1.123616,-1.017452,-9.712071
IMU,1406928667.0,2,-0.0008999602,0.004661157,-0.003378426,-1.121747,-1.000989,-9.700884
IMU,1406968681.0,2,-0.002348827,0.005075189,-0.003052967,-1.130912,-1.018293,-9.705657
IMU,1407009437.0,2,-0.002306892,0.005832818,-0.00231086,-1.113451,-1.028548,-9.697093
IMU,1407048975.0,2,-0.001616989,0.004020293,-0.002973889,-1.112107,-1.00972,-9.681311
IMU,1407088991.0,2,-0.002095948,0.004569952,-0.002357517,-1.120845,-1.021186,-9.694359
IMU,1407128825.0,2,-0.002557124,0.004589116,-0.002226006,-1.126576,-1.00191,-9.696745
IMU,1407169078.0,2,-0.001956004,0.004218127,-0.002604437,-1.120719,-1.012778,-9.688291
IMU,1407209193.0,2,-0.00151946,0.004781717,-0.001577041,-1.113529,-1.011308,-9.696019
IMU,1407249095.0,2,-0.001027185,0.005713294,-0.001831114,-1.11516,-1.011254,-9.685165
IMU,1407288695.0,2,-0.000901041,0.006696254,-0.003623123,-1.123959,-1.006125,-9.696428
IMU,1407329094.0,2,-0.001682093,0.00610938,-0.002567385,-1.128024,-1.015786,-9.708032
IMU,1407368816.0,2,-0.001262282,0.004082737,-0.00302202,-1.120535,-1.014713,-9.71578
IMU,1407409196.0,2,-0.0005637986,0.006223588,-0.002196882,-1.123994,-1.027201,-9.704855
IMU,1407449682.0,2,-0.0006297299,0.005677294,-0.001096567,-1.125146,-1.012125,-9.700525
IMU,1407489369.0,2,-0.001131113,0.005150898,-0.003662651,-1.113906,-1.007369,-9.687424
IMU,1407529661.0,2,-0.00162775,0.005677411,-0.00107048,-1.133311,-1.022413,-9.708891
IMU,1407569737.0,2,-0.002286439,0.004862098,-0.004043475,-1.115803,-1.00521,-9.690873
IMU,1407610207.0,2,-0.001434123,0.00460351,-0.001487933,-1.12058,-1.010729,-9.71768
IMU,1407650429.0,2,-0.001805698,0.005082773,-0.003452114,-1.110846,-1.01669,-9.676306
IMU,1407690646.0,2,-0.001068291,0.004869231,-0.002138927,-1.117691,-1.01865,-9.693355
IMU,1407730480.0,2,-0.00217072,0.004462066,-0.002372657,-1.128556,-1.008427,-9.68431
IMU,1407770405.0,2,-0.001267787,0.004075,-0.002027446,-1.120154,-1.021778,-9.698959
