ARM,912066147.0,0.0
AHR2,911993828.0,9.53,0.95,217.63,477.69,43.2376833,-7.6813532
AHR2,912098351.0,10.13,-0.24,215.38,477.69,43.237683,-7.6813522
AHR2,912198833.0,9.6,-2.64,213.25,477.82,43.2376836,-7.6813525
AHR2,912298787.0,9.4,-5.61,211.02,477.76,43.2376839,-7.6813524
AHR2,912400455.0,9.7,-8.64,208.61,477.58,43.2376838,-7.6813521
AHR2,912500175.0,11.02,-11.56,206.06,477.62,43.2376839,-7.6813519
AHR2,912600237.0,12.4,-14.58,203.42,477.35,43.2376839,-7.6813517
AHR2,912700192.0,13.53,-18.07,200.49,477.16,43.237684,-7.6813522
AHR2,912800826.0,14.66,-21.71,197.43,476.99,43.2376841,-7.6813517
AHR2,912900743.0,14.94,-25.29,194.2,476.81,43.237684,-7.6813514
AHR2,913002168.0,14.31,-29.34,190.6,476.6,43.2376839,-7.6813512
AHR2,913101389.0,12.44,-33.68,186.81,476.04,43.2376838,-7.6813509
AHR2,913201976.0,9.24,-38.11,183.04,475.53,43.2376832,-7.6813504
AHR2,913301808.0,5.12,-41.49,179.46,475.39,43.2376828,-7.68135
AHR2,913401959.0,2.14,-43.15,175.62,474.89,43.2376823,-7.6813495
AHR2,913501825.0,0.91,-42.77,171.83,473.92,43.2376818,-7.681349
AHR2,913602147.0,-7.48,-20.83,167.87,473.72,43.2376813,-7.6813485
AHR2,913702394.0,-26.75,22.84,151.83,469.73,43.2376804,-7.6813487
AHR2,913802317.0,-39.45,50.68,126.25,469.16,43.237686,-7.6813509
AHR2,913902330.0,-85.21,56.73,70.34,469.21,43.2376881,-7.6813516
AHR2,914002347.0,-114.06,38.62,27.8,469.25,43.2376962,-7.6813466
AHR2,914102314.0,-146.94,20.07,4.69,469.34,43.2377004,-7.6813452
AHR2,914202329.0,-171.36,15.05,9.41,469.07,43.2376939,-7.6813469
AHR2,914302361.0,-167.36,10.51,9.1,469.5,43.2376945,-7.6813463
AHR2,914402346.0,-166.79,16.56,14.22,469.34,43.2376939,-7.6813485
AHR2,914502400.0,-175.92,12.3,14.01,469.18,43.2376942,-7.681349
AHR2,914602235.0,-177.69,8.9,12.06,469.36,43.2376945,-7.6813494
AHR2,914703306.0,-175.59,7.13,11.17,469.31,43.2376917,-7.6813505
AHR2,914804400.0,-176.69,7.6,11.24,469.31,43.2376916,-7.6813506
AHR2,914905178.0,-176.75,7.17,11.08,469.51,43.2376913,-7.6813508
AHR2,915005825.0,-177.02,6.92,11.0,469.29,43.2376917,-7.6813503
AHR2,915105784.0,-177.27,6.68,10.92,469.24,43.2376919,-7.68135
AHR2,915206291.0,-177.52,6.45,10.84,469.35,43.2376905,-7.6813506
AHR2,915306158.0,-177.76,6.22,10.76,469.43,43.2376901,-7.6813505
AHR2,915407415.0,-178.0,5.98,10.67,469.46,43.2376902,-7.6813504
AHR2,915507449.0,-178.23,5.76,10.58,469.31,43.2376902,-7.6813501
AHR2,915606838.0,-178.46,5.54,10.5,469.47,43.2376902,-7.6813497
AHR2,915708713.0,-178.68,5.32,10.41,469.16,43.2376891,-7.6813529
AHR2,915809663.0,-178.9,5.09,10.33,469.38,43.2376883,-7.6813535
ATT,911993407.0,12.01,9.49,-2.75,1.14,213.39,220.1
ATT,912097814.0,11.85,10.2,-3.78,-0.05,217.83,217.92
ATT,912198419.0,7.44,9.77,-2.04,-2.42,215.66,215.75
ATT,912298432.0,3.8,9.5,-1.04,-5.38,213.21,213.3
ATT,912399984.0,1.92,9.57,-0.52,-8.41,210.76,210.85
ATT,912499738.0,0.98,9.81,-0.27,-11.45,208.42,208.52
ATT,912599779.0,0.5,10.1,-0.13,-14.64,206.11,206.2
ATT,912699738.0,0.25,10.11,-0.07,-18.31,203.61,203.71
ATT,912800440.0,0.13,10.14,-0.03,-22.22,201.09,201.19
ATT,912900349.0,0.06,9.68,-0.01,-26.39,198.48,198.58
ATT,913001741.0,0.03,8.26,0.0,-31.11,195.65,195.74
ATT,913100955.0,0.01,5.72,0.0,-36.31,192.75,192.82
ATT,913201495.0,0.0,1.81,0.0,-41.65,189.95,189.98
ATT,913301419.0,0.0,-2.66,0.0,-46.26,187.22,187.2
ATT,913401640.0,0.0,-5.68,0.0,-49.16,183.8,183.74
ATT,913501430.0,0.0,-6.16,0.0,-49.87,179.52,179.44
ATT,913601701.0,0.0,-11.88,0.0,-28.9,172.27,172.15
ATT,913701860.0,0.0,-28.87,0.0,12.88,153.88,153.64
ATT,913801812.0,0.0,-35.94,0.0,40.08,132.19,131.82
ATT,913901828.0,0.0,-64.77,0.0,56.83,94.4,89.32
ATT,914001853.0,0.0,-104.41,0.0,52.24,49.99,33.96
ATT,914101812.0,0.0,-144.46,0.0,41.71,33.91,4.87
ATT,914201806.0,0.0,-166.06,0.0,41.2,54.43,7.38
ATT,914301866.0,0.0,-161.89,0.0,37.72,48.42,6.89
ATT,914401837.0,0.0,-155.9,0.0,44.08,54.37,15.36
ATT,914501970.0,0.0,-160.44,0.0,41.76,57.65,15.55
ATT,914601808.0,0.0,-158.83,0.0,40.87,53.78,13.55
ATT,914702801.0,0.0,-157.0,0.0,39.71,50.19,12.05
ATT,914803992.0,0.0,-157.33,0.0,40.28,51.41,12.69
ATT,914904724.0,0.0,-157.3,0.0,40.09,51.05,12.5
ATT,915005417.0,0.0,-157.37,0.0,40.06,51.07,12.46
ATT,915105375.0,0.0,-157.45,0.0,39.99,50.84,12.19
ATT,915205774.0,0.0,-157.52,0.0,39.93,50.66,11.98
ATT,915305681.0,0.0,-157.63,0.0,39.83,50.46,11.72
ATT,915406984.0,0.0,-157.72,0.0,39.76,50.34,11.54
ATT,915507077.0,0.0,-157.84,0.0,39.64,50.05,11.2
ATT,915606444.0,0.0,-157.93,0.0,39.56,49.89,10.99
ATT,915708237.0,0.0,-158.07,0.0,39.44,49.82,10.84
ATT,915809228.0,0.0,-158.18,0.0,39.34,49.8,10.76
BARO,911960985.0,0,5.964203,96673.58,45.57
BARO,912066358.0,0,5.961377,96673.63,45.57
BARO,912165931.0,0,6.094186,96672.18,45.56
BARO,912266472.0,0,6.037672,96672.79,45.57
BARO,912366470.0,0,5.859652,96674.73,45.57
BARO,912466987.0,0,5.896386,96674.32,45.57
BARO,912567070.0,0,5.625117,96677.27,45.56
BARO,912667325.0,0,5.430142,96679.36,45.57
BARO,912767441.0,0,5.263424,96681.17,45.57
BARO,912867737.0,0,5.082579,96683.13,45.56
BARO,912967787.0,0,4.876301,96685.37,45.56
BARO,913068460.0,0,4.313983,96691.45,45.56
BARO,913168500.0,0,3.802528,96696.99,45.56
BARO,913268831.0,0,3.669719,96698.43,45.57
BARO,913368969.0,0,3.163915,96703.9,45.56
BARO,913468998.0,0,2.194693,96714.4,45.56
BARO,913568843.0,0,1.991241,96716.63,45.56
BARO,913669640.0,0,-1.995849,96759.8,45.56
BARO,913769398.0,0,-2.560993,96765.93,45.56
BARO,913869393.0,0,-2.515781,96765.45,45.56
BARO,913969450.0,0,-2.479047,96765.02,45.56
BARO,914069405.0,0,-2.380147,96763.96,45.55
BARO,914169410.0,0,-2.657067,96766.96,45.55
BARO,914269431.0,0,-2.224732,96762.28,45.55
BARO,914369447.0,0,-2.382972,96764.0,45.55
BARO,914469419.0,0,-2.541213,96765.72,45.55
BARO,914569461.0,0,-2.368844,96763.84,45.54
BARO,914670799.0,0,-2.414055,96764.35,45.55
BARO,914770750.0,0,-2.414055,96764.34,45.55
BARO,914871712.0,0,-2.210604,96762.13,45.55
BARO,914971995.0,0,-2.43101,96764.53,45.56
BARO,915072979.0,0,-2.487524,96765.13,45.56
BARO,915173177.0,0,-2.377321,96763.94,45.56
BARO,915273399.0,0,-2.295375,96763.05,45.57
BARO,915372981.0,0,-2.261467,96762.68,45.57
BARO,915474315.0,0,-2.41123,96764.3,45.59
BARO,915574227.0,0,-2.258641,96762.66,45.58
BARO,915675971.0,0,-2.566644,96765.98,45.6
BARO,915776144.0,0,-2.346238,96763.62,45.61
BARO,911960985.0,1,6.614119,96786.86,41.46
BARO,912066358.0,1,6.727147,96785.63,41.46
BARO,912165931.0,1,7.159482,96780.95,41.46
BARO,912266472.0,1,6.961682,96783.09,41.46
BARO,912366470.0,1,6.958856,96783.12,41.46
BARO,912466987.0,1,6.964508,96783.05,41.46
BARO,912567070.0,1,6.529347,96787.76,41.45
BARO,912667325.0,1,6.470007,96788.42,41.45
BARO,912767441.0,1,6.198738,96791.34,41.45
BARO,912867737.0,1,5.93312,96794.24,41.45
BARO,912967787.0,1,5.574254,96798.13,41.45
BARO,913068460.0,1,5.260599,96801.53,41.45
BARO,913168500.0,1,4.65872,96808.04,41.45
BARO,913268831.0,1,4.808484,96806.42,41.45
BARO,913368969.0,1,4.070971,96814.41,41.45
BARO,913468998.0,1,3.175218,96824.14,41.45
BARO,913568843.0,1,2.270988,96833.92,41.45
BARO,913669640.0,1,-1.939335,96879.6,41.44
BARO,913769398.0,1,-1.58612,96875.77,41.44
BARO,913869393.0,1,-1.317676,96872.87,41.44
BARO,913969450.0,1,-1.162262,96871.19,41.44
BARO,914069405.0,1,-1.580468,96875.73,41.43
BARO,914169410.0,1,-1.571991,96875.63,41.44
BARO,914269431.0,1,-1.354411,96873.27,41.44
BARO,914369447.0,1,-1.283768,96872.5,41.44
BARO,914469419.0,1,-1.13683,96870.91,41.43
BARO,914569461.0,1,-1.470265,96874.51,41.44
BARO,914670799.0,1,-1.402448,96873.79,41.43
BARO,914770750.0,1,-1.512651,96874.99,41.43
BARO,914871712.0,1,-1.433531,96874.11,41.43
BARO,914971995.0,1,-1.433531,96874.11,41.43
BARO,915072979.0,1,-1.506999,96874.91,41.43
BARO,915173177.0,1,-1.425054,96874.02,41.43
BARO,915273399.0,1,-1.571991,96875.62,41.43
BARO,915372981.0,1,-1.481568,96874.63,41.43
BARO,915474315.0,1,-1.334631,96873.05,41.43
BARO,915574227.0,1,-1.21595,96871.77,41.43
BARO,915675971.0,1,-1.430705,96874.09,41.43
BARO,915776144.0,1,-1.569165,96875.59,41.43
GPS,911996160.0,3,12,43.237683,-7.681353,474.9,0.323,-1.919,0.0
GPS,912180710.0,3,12,43.2376833,-7.6813526,475.26,0.308,-1.865,0.0
GPS,912381479.0,3,12,43.2376838,-7.6813523,475.42,0.167,0.606,0.0
GPS,912621809.0,3,12,43.237684,-7.6813522,475.25,0.066,2.315,0.0
GPS,912782385.0,3,12,43.2376841,-7.6813521,474.53,0.247,4.36,0.0
GPS,912982816.0,3,12,43.237684,-7.6813516,473.45,0.291,6.129,0.0
GPS,913183960.0,3,12,43.2376836,-7.6813509,472.0,0.507,7.884,0.0
GPS,913384464.0,3,12,43.2376829,-7.6813501,470.32,0.6620001,9.342,0.0
GPS,913624470.0,3,12,43.2376817,-7.6813494,468.3,0.8280001,10.948,0.0
GPS,913784948.0,3,12,43.2376832,-7.6813499,466.48,2.388,7.212,0.0
GPS,913984962.0,3,12,43.2376904,-7.6813485,465.66,4.898,1.953,0.0
GPS,914184816.0,3,12,43.2376931,-7.6813476,465.33,0.814,1.416,0.0
GPS,914385002.0,3,12,43.2376936,-7.681348,465.17,0.461,0.311,0.0
GPS,914604603.0,3,12,43.2376928,-7.6813493,465.06,0.762,0.6720001,0.0
GPS,914785321.0,3,12,43.2376919,-7.6813504,464.99,0.324,0.337,0.0
GPS,914986773.0,3,12,43.2376916,-7.6813506,464.96,0.255,0.184,0.0
GPS,915187691.0,3,12,43.2376909,-7.6813508,464.99,0.399,0.041,0.0
GPS,915387997.0,3,12,43.2376902,-7.6813509,465.04,0.297,0.234,0.0
GPS,915609696.0,3,12,43.2376896,-7.681352,465.09,0.467,0.23,0.0
IMU,911970850.0,0,-0.03769549,-0.003859106,-0.2510012,0.7560844,-1.171374,-11.04886
IMU,912020780.0,0,0.1531588,-0.2464988,-0.3351479,-0.014421,-1.257001,-10.96397
IMU,912060718.0,0,0.1393968,-0.2571882,-0.2958265,0.2152334,-0.7869838,-10.44097
IMU,912100963.0,0,0.03324584,-0.3325277,-0.36171,1.624924,-0.9893492,-5.573631
IMU,912141186.0,0,0.03490655,-0.2299263,-0.3809103,-0.6240938,-0.8027616,0.7585303
IMU,912180850.0,0,-0.2104715,-0.5583563,-0.3195166,0.1749711,-0.7808819,0.04328614
IMU,912221069.0,0,-0.05816471,-0.5164341,-0.3391714,0.07781105,-0.5556055,0.8042812
IMU,912261159.0,0,-0.08483361,-0.5293075,-0.334682,0.1193779,-0.3880452,0.2841234
IMU,912301639.0,0,-0.0488138,-0.5598707,-0.3466421,0.1549832,-0.3552416,0.4586706
IMU,912341796.0,0,-0.04421174,-0.552912,-0.3624408,0.08348434,-0.3436087,0.3196775
IMU,912381954.0,0,-0.0322566,-0.5522235,-0.3580465,0.08200721,-0.3414767,0.3012175
IMU,912421831.0,0,-0.04041518,-0.5509073,-0.3545462,0.07518273,-0.3145923,0.201078
IMU,912462221.0,0,-0.02908758,-0.5567731,-0.3513577,0.06602195,-0.3208822,0.1663006
IMU,912502541.0,0,-0.02068174,-0.5754945,-0.3435582,0.09631589,-0.3233595,0.01702144
IMU,912541982.0,0,-0.0237294,-0.5845712,-0.341942,0.08420235,-0.3298255,0.06989312
IMU,912581784.0,0,-0.06926425,-0.5918986,-0.3459759,0.09107299,-0.3639068,0.0529493
IMU,912622098.0,0,-0.09678286,-0.6319538,-0.3427846,0.1081205,-0.3298322,-0.1197791
IMU,912662323.0,0,-0.1333402,-0.6706643,-0.3358745,0.1006412,-0.3592176,-0.182821
IMU,912702956.0,0,-0.148927,-0.6966408,-0.3246613,0.08331013,-0.3548833,-0.2483575
IMU,912742424.0,0,-0.1487647,-0.7083589,-0.3242404,0.06496627,-0.3601447,-0.2582575
IMU,912782622.0,0,-0.1472064,-0.7222385,-0.3195859,0.08258216,-0.3671278,-0.3305398
IMU,912823294.0,0,-0.2039416,-0.7410263,-0.3214217,0.07664522,-0.4601381,-0.460026
IMU,912862819.0,0,-0.2782611,-0.7551318,-0.3304453,0.05711588,-0.4952551,-0.5929213
IMU,912903465.0,0,-0.3680689,-0.7936913,-0.3369623,0.07440867,-0.5254287,-0.7472135
IMU,912942950.0,0,-0.4518938,-0.8352433,-0.3468398,0.04944324,-0.4735442,-0.8551317
IMU,912983084.0,0,-0.5306718,-0.8588625,-0.3596578,0.04744811,-0.4462484,-0.8458129
IMU,913023852.0,0,-0.634276,-0.8902481,-0.3636695,0.04276697,-0.4043393,-0.9418529
IMU,913063816.0,0,-0.7408005,-0.9290564,-0.3703234,0.02929532,-0.4130347,-1.009895
IMU,913103682.0,0,-0.8411927,-0.9486235,-0.3756016,-0.002749053,-0.3490407,-1.224199
IMU,913143687.0,0,-0.9597033,-0.9455531,-0.3754963,-0.02224851,-0.2934019,-1.436331
IMU,913184202.0,0,-1.060526,-0.912084,-0.3796461,-0.09594855,-0.2493442,-1.876124
IMU,913224342.0,0,-1.141233,-0.8365608,-0.3888761,-0.1095461,-0.1556281,-2.324672
IMU,913264225.0,0,-1.136526,-0.7649292,-0.4110079,-0.1456338,0.01679051,-2.493939
IMU,913303974.0,0,-1.098204,-0.6699613,-0.443765,-0.467023,0.1278246,-2.656414
IMU,913344032.0,0,-1.049963,-0.5044276,-0.4584548,-0.5527815,0.2883033,-2.700606
IMU,913384705.0,0,-0.9045856,-0.3217458,-0.4848735,-0.6712941,0.4467018,-2.633879
IMU,913424492.0,0,-0.7512122,-0.1784161,-0.4894816,-0.5107836,0.4389926,-2.478338
IMU,913463980.0,0,-0.7062374,-0.03408993,-0.4945376,-0.710362,0.5915132,-3.015124
IMU,913504147.0,0,-0.3888033,0.1989106,-0.4831854,-0.8035921,0.717051,-2.63896
IMU,913544004.0,0,-0.3023486,0.3904284,-0.4757942,-1.077989,0.4339567,-2.681785
IMU,913584355.0,0,0.4553986,11.27135,-0.03010217,-71.81979,25.74161,-39.62836
IMU,913624708.0,0,-3.840288,6.495004,-0.1241027,7.43394,-6.208888,40.48009
IMU,913664396.0,0,-2.625269,8.381488,-0.0830537,4.541957,1.267733,-1.358336
IMU,913704358.0,0,-2.468684,6.965294,-0.08257619,2.672471,4.662947,1.156689
IMU,913744434.0,0,1.621307,5.706719,-0.08369625,0.04770321,-0.5865895,1.59518
IMU,913785154.0,0,0.04002868,5.756835,-0.08580035,0.09556508,0.0264535,1.250533
IMU,913824745.0,0,0.6051128,5.609119,-0.2652306,-0.05761823,0.4653937,1.172836
IMU,913864399.0,0,0.8170689,5.528595,-0.7505178,0.04289654,0.3614914,1.141121
IMU,913904457.0,0,0.953118,5.474575,-0.8378335,0.0249343,0.3740822,1.069401
IMU,913944455.0,0,1.146111,5.400709,-0.8957474,-0.01193206,0.3803307,1.179493
IMU,913985170.0,0,1.323401,5.35753,-0.9137638,-0.08035404,0.3624061,1.167656
IMU,914024790.0,0,1.361045,5.596177,-0.9480157,-0.7248654,0.07934354,1.930265
IMU,914064472.0,0,-0.3010159,6.828901,-0.8767778,-1.214121,0.6837045,4.041593
IMU,914104471.0,0,-14.61639,-3.169806,0.484663,-15.60675,4.734663,9.950264
IMU,914144501.0,0,-8.443975,0.7888727,-1.19439,-38.69687,-11.21508,41.73809
IMU,914185063.0,0,1.067252,0.7504326,-0.06991678,3.303901,-3.07843,0.4482639
IMU,914224769.0,0,0.8690825,0.5477927,-0.04868235,0.3787517,-1.097968,1.49411
IMU,914264402.0,0,0.7575462,0.6352,-0.08009518,0.1168938,0.4867545,-0.3563076
IMU,914304448.0,0,0.7964261,0.5874926,-0.04943469,0.0784574,-0.2028549,0.04746487
IMU,914344647.0,0,0.872816,0.4581218,-0.07590262,0.05121402,-0.6572147,0.9741637
IMU,914385213.0,0,1.459038,-4.644713,-1.427951,-9.609891,-21.51678,46.09038
IMU,914424804.0,0,-0.2108665,0.1238123,-0.3870274,-1.406401,-4.940568,22.58554
IMU,914464453.0,0,-2.025235,0.7538948,0.00569952,0.5668543,-2.198267,0.2607706
IMU,914504627.0,0,0.2485711,0.3999104,0.005923431,1.418674,0.2939135,1.014346
IMU,914544448.0,0,3.773086,0.1934449,0.2512203,3.420837,-6.383169,18.095
IMU,914584762.0,0,-3.5769,0.2311707,0.1552783,1.224496,-3.536144,9.352804
IMU,914625736.0,0,2.023056,0.6355333,0.251315,-1.063237,1.291162,7.309091
IMU,914665303.0,0,-1.022256,0.1825124,0.1451143,-3.023269,-1.992345,11.66829
IMU,914705377.0,0,0.2534564,-0.234483,-0.01207928,-0.5655594,-3.387208,8.613095
IMU,914745836.0,0,-0.156572,-0.2206204,-0.05445703,-0.9061104,-1.504229,10.19055
IMU,914785458.0,0,-0.1092649,0.03009062,-0.006271638,-0.4464695,-2.462608,9.212107
IMU,914826864.0,0,0.05865026,0.06762469,0.04267997,-0.8551089,-2.501027,9.693358
IMU,914867087.0,0,0.05031864,0.03725302,0.0061826,-0.887299,-2.129095,9.581108
IMU,914907233.0,0,-0.02676508,0.001207778,0.007791048,-0.9104601,-2.156824,9.616257
IMU,914946948.0,0,-0.004020826,-0.006273999,-0.002080886,-0.8166146,-2.301423,9.59086
IMU,914986962.0,0,0.001649142,0.0255011,0.01419951,-0.818558,-2.230347,9.564374
IMU,915027424.0,0,-0.003490797,0.005070297,0.003760366,-0.8759417,-2.251552,9.612185
IMU,915067960.0,0,-0.003757941,0.0143007,0.007141933,-0.8076249,-2.255717,9.597419
IMU,915107431.0,0,-0.001235769,0.01074151,0.005568026,-0.8612206,-2.272552,9.586327
IMU,915147835.0,0,-0.00371129,0.01122059,0.00610862,-0.8113863,-2.26041,9.608841
IMU,915187829.0,0,-0.002772712,0.01092568,0.007134403,-0.8437597,-2.263981,9.592731
IMU,915227835.0,0,-0.003604102,0.01186912,0.006237096,-0.8428289,-2.252001,9.609871
IMU,915268323.0,0,-0.002773931,0.01093332,0.006356175,-0.8411343,-2.257561,9.604872
IMU,915308495.0,0,-0.004444357,0.0100243,0.005385876,-0.8266679,-2.256849,9.578669
IMU,915347799.0,0,-0.002927459,0.01255976,0.004708198,-0.8409958,-2.263921,9.593443
IMU,915388660.0,0,-0.004235579,0.01089892,0.006581323,-0.8337873,-2.265415,9.598091
IMU,915429773.0,0,-0.002642839,0.01029309,0.00517264,-0.8379986,-2.263176,9.594562
IMU,915469663.0,0,-0.00232907,0.01036546,0.005978132,-0.8383726,-2.263566,9.607546
IMU,915509215.0,0,-0.001895177,0.01003109,0.004956004,-0.8319901,-2.262448,9.592143
IMU,915549165.0,0,-0.003325185,0.01058525,0.006294939,-0.8318563,-2.273184,9.589195
IMU,915589208.0,0,-0.003444526,0.01020626,0.005520645,-0.8328379,-2.247902,9.589628
IMU,915630975.0,0,-0.001663048,0.01135016,0.006137951,-0.8361028,-2.283115,9.605484
IMU,915670975.0,0,-0.003507724,0.01215717,0.005830671,-0.8304605,-2.262186,9.610294
IMU,915710813.0,0,-0.003596755,0.01172108,0.006783117,-0.8454599,-2.266124,9.622223
IMU,915750988.0,0,-0.003150088,0.01252183,0.005945271,-0.8464082,-2.264393,9.581607
IMU,915791771.0,0,-0.003191937,0.01035951,0.005753201,-0.8307235,-2.269106,9.593498
IMU,915832141.0,0,-0.001942467,0.01104639,0.005076113,-0.8404059,-2.257918,9.59645
IMU,915871738.0,0,-0.002158724,0.0124021,0.005298221,-0.8325222,-2.261791,9.602115
IMU,911970850.0,1,-0.085028,-0.02940121,-0.2344649,1.057161,-1.218531,-11.12762
IMU,912020780.0,1,0.1410321,-0.2458067,-0.3223546,-0.1723792,-1.171045,-10.8803
IMU,912060718.0,1,0.1721117,-0.2773234,-0.3195277,-0.1115411,-0.7558199,-10.6125
IMU,912100963.0,1,0.03169867,-0.3165733,-0.3539271,1.762126,-0.824994,-5.053032
IMU,912141186.0,1,0.04604033,-0.3247603,-0.365931,0.1829669,-0.8326558,0.5989608
IMU,912180850.0,1,-0.1664701,-0.5721725,-0.3464106,0.04392195,-0.626317,0.1731206
IMU,912221069.0,1,-0.02686637,-0.5444499,-0.363265,-0.01576185,-0.4662012,0.6283097
IMU,912261159.0,1,-0.05664649,-0.5592605,-0.3564994,0.09781502,-0.3065892,0.2391742
IMU,912301639.0,1,-0.0197908,-0.5828759,-0.367929,0.1360641,-0.2436424,0.5150279
IMU,912341796.0,1,-0.007783253,-0.5847873,-0.3869361,0.02306101,-0.2318748,0.1919591
IMU,912381954.0,1,-0.001242838,-0.5777999,-0.3850496,-0.0293366,-0.290949,0.2553802
IMU,912421831.0,1,-0.01124161,-0.5772216,-0.3847042,0.06793983,-0.1847917,0.1205188
IMU,912462221.0,1,0.006169845,-0.5872512,-0.3736065,-0.02559559,-0.1131514,0.2080945
IMU,912502541.0,1,0.009681474,-0.6058085,-0.3657839,0.03026708,-0.156339,0.02850502
IMU,912541982.0,1,0.005130217,-0.611087,-0.3668492,0.02205946,-0.2615961,0.008549841
IMU,912581784.0,1,-0.03821363,-0.6197628,-0.3677483,0.04695588,-0.2741653,0.01583041
IMU,912622098.0,1,-0.06136089,-0.6551871,-0.3683897,0.06597112,-0.2707466,-0.208407
IMU,912662323.0,1,-0.09908663,-0.6925424,-0.364191,0.01894031,-0.1929953,-0.2643695
IMU,912702956.0,1,-0.1178407,-0.7190725,-0.3551239,0.01893427,-0.2701155,-0.3256626
IMU,912742424.0,1,-0.1147147,-0.7312395,-0.348101,-0.001300645,-0.2591016,-0.1826222
IMU,912782622.0,1,-0.1153653,-0.7469584,-0.348675,0.04993201,-0.2906305,-0.2741094
IMU,912823294.0,1,-0.1646007,-0.7627224,-0.3548314,0.04519944,-0.2929507,-0.5649646
IMU,912862819.0,1,-0.2336404,-0.781541,-0.3600544,0.03573312,-0.3303606,-0.6879455
IMU,912903465.0,1,-0.3242842,-0.8147531,-0.3758315,0.02082649,-0.4090806,-0.9648106
IMU,912942950.0,1,-0.412971,-0.8566647,-0.3841043,0.04925747,-0.3758753,-0.9560165
IMU,912983084.0,1,-0.4922908,-0.885236,-0.4011722,-0.01831257,-0.3950386,-0.7494063
IMU,913023852.0,1,-0.5928405,-0.9067365,-0.4109227,0.03730033,-0.3554085,-1.058401
IMU,913063816.0,1,-0.699716,-0.9499386,-0.4200698,0.004354536,-0.3552438,-1.128037
IMU,913103682.0,1,-0.800801,-0.9638952,-0.4302266,-0.0705177,-0.2889134,-1.353284
IMU,913143687.0,1,-0.9118317,-0.9629905,-0.4300256,0.01567384,-0.1344363,-1.54879
IMU,913184202.0,1,-1.016332,-0.9297878,-0.4426292,-0.02858505,-0.1710963,-1.896746
IMU,913224342.0,1,-1.096715,-0.8569514,-0.4475419,-0.1726792,-0.03160752,-2.404489
IMU,913264225.0,1,-1.094883,-0.7808339,-0.4639863,-0.08520942,0.05765032,-2.419624
IMU,913303974.0,1,-1.059554,-0.690604,-0.4981166,-0.5377706,0.2864501,-2.699416
IMU,913344032.0,1,-1.010847,-0.529407,-0.5067528,-0.5562455,0.3300605,-2.717293
IMU,913384705.0,1,-0.8743439,-0.3575814,-0.5289718,-0.641425,0.4810452,-2.503942
IMU,913424492.0,1,-0.7180035,-0.2115609,-0.5197488,-0.4892569,0.6090409,-2.432861
IMU,913463980.0,1,-0.6733659,-0.06895092,-0.5210845,-0.7359893,0.6680407,-2.946498
IMU,913504147.0,1,-0.3584726,0.1582262,-0.4915116,-0.841113,0.7803589,-2.660839
IMU,913544004.0,1,-0.2791269,0.3493528,-0.480512,-1.092493,0.4964343,-2.735612
IMU,913584355.0,1,-3.232081,24.10935,-9.344325,-135.0465,32.604,-54.12773
IMU,913624708.0,1,-3.297738,5.686035,-1.872255,20.59526,-7.009847,32.16936
IMU,913664396.0,1,-2.402961,8.326697,-0.8882927,1.864643,1.342586,0.9991098
IMU,913704358.0,1,-2.543788,6.925121,-0.6014658,2.744912,4.703735,1.914574
IMU,913744434.0,1,1.726926,5.569232,-0.6770304,0.4573955,-0.5626558,0.7364036
IMU,913785154.0,1,0.07811414,5.623504,-0.861219,0.1578884,0.2631207,1.211895
IMU,913824745.0,1,0.6093509,5.47625,-0.7828227,0.1671124,0.5007353,1.123003
IMU,913864399.0,1,0.8181945,5.396217,-0.7739373,0.1680691,0.513856,1.038483
IMU,913904457.0,1,0.9608755,5.339619,-0.7667773,0.2115332,0.492613,0.9782529
IMU,913944455.0,1,1.146729,5.262809,-0.7583768,0.1724558,0.3866198,1.110875
IMU,913985170.0,1,1.324439,5.224238,-0.7533044,0.04033884,0.3116735,1.011072
IMU,914024790.0,1,1.377524,5.43011,-0.7744392,-0.5021998,0.1529771,1.897926
IMU,914064472.0,1,-0.04763581,6.634093,-0.7714359,-1.052106,0.9050608,2.902888
IMU,914104471.0,1,-13.82483,-2.909273,0.121969,-14.88296,3.115232,4.479286
IMU,914144501.0,1,-8.147013,0.9879034,-0.478077,-41.67906,-2.158046,61.67756
IMU,914185063.0,1,1.143407,0.6952216,-0.04264698,2.250764,-1.769073,3.27173
IMU,914224769.0,1,0.9780971,0.5136051,-0.01083669,0.3989592,-1.061262,0.8616987
IMU,914264402.0,1,0.7269,0.5821666,-0.05596272,0.1212852,0.5703444,-0.06693134
IMU,914304448.0,1,0.8186685,0.5396419,-0.02345756,0.1256154,-0.1132324,-0.003806516
IMU,914344647.0,1,0.9052899,0.4248163,-0.04763935,-0.01732175,-0.5201489,0.91285
IMU,914385213.0,1,1.700147,-4.502864,-1.423174,-10.03254,-21.44765,43.42062
IMU,914424804.0,1,-0.679799,-0.1492127,-0.5100643,-1.477085,-4.865964,24.61201
IMU,914464453.0,1,-1.872298,0.7126205,-0.04902317,0.6266265,-1.946445,-0.2786433
IMU,914504627.0,1,0.2251141,0.3671542,0.008038432,1.333554,0.3111501,1.300462
IMU,914544448.0,1,3.412481,0.1194866,0.332327,3.579121,-6.824552,20.5096
IMU,914584762.0,1,-3.33805,0.2211797,0.05738785,1.060309,-2.864501,7.531565
IMU,914625736.0,1,1.942583,0.5716608,0.3093059,-1.049343,1.301229,8.417303
IMU,914665303.0,1,-0.9646361,0.1790357,0.1079663,-3.100006,-1.588833,11.22426
IMU,914705377.0,1,0.311705,-0.2594134,-0.02226099,-0.5508111,-3.157986,8.332835
IMU,914745836.0,1,-0.1335308,-0.2663085,-0.07429586,-0.953857,-1.342156,10.24443
IMU,914785458.0,1,-0.07330588,-0.009540438,-0.02004334,-0.4831975,-2.307296,9.105168
IMU,914826864.0,1,0.09288201,0.03452461,0.0332776,-0.8024624,-2.349559,9.728979
IMU,914867087.0,1,0.08987154,-0.0006332935,-0.001467739,-0.9285138,-1.914523,9.522254
IMU,914907233.0,1,0.01008001,-0.03143023,-0.008283181,-0.9658769,-1.985773,9.636211
IMU,914946948.0,1,0.03070887,-0.05131362,-0.02641632,-0.8635798,-2.231152,9.509986
IMU,914986962.0,1,0.04292161,-0.01093293,7.74177e-05,-0.7905818,-1.940771,9.367732
IMU,915027424.0,1,0.03456957,-0.03893827,-0.01367768,-0.8774327,-2.06932,9.641849
IMU,915067960.0,1,0.03360822,-0.02603723,-0.007608983,-0.851397,-1.98325,9.516203
IMU,915107431.0,1,0.03609175,-0.02427268,-0.01030343,-0.8268437,-2.032027,9.624045
IMU,915147835.0,1,0.03513648,-0.02647502,-0.006965385,-0.7772102,-2.177546,9.614485
IMU,915187829.0,1,0.03273393,-0.01998474,-0.007253266,-0.8903803,-2.036962,9.512973
IMU,915227835.0,1,0.03308711,-0.02407812,-0.007956943,-0.8544758,-1.978556,9.527755
IMU,915268323.0,1,0.03281258,-0.02231219,-0.01022448,-0.8109356,-2.187076,9.518134
IMU,915308495.0,1,0.03443421,-0.02126241,-0.01093464,-0.9009612,-2.029598,9.530884
IMU,915347799.0,1,0.03333171,-0.02337152,-0.007540858,-0.8542588,-2.053671,9.495233
IMU,915388660.0,1,0.03461018,-0.02768553,-0.009961325,-0.9209577,-2.003021,9.523069
IMU,915429773.0,1,0.03505845,-0.02891277,-0.01119485,-0.8514132,-1.997416,9.566903
IMU,915469663.0,1,0.03226592,-0.02780875,-0.01343251,-0.9154592,-2.087874,9.56037
IMU,915509215.0,1,0.0378868,-0.02655218,-0.01190867,-0.8658754,-2.014212,9.592204
IMU,915549165.0,1,0.03900055,-0.02778685,-0.0121686,-0.9125449,-2.101534,9.451752
IMU,915589208.0,1,0.03323209,-0.02781561,-0.009275831,-0.9673605,-2.067923,9.49129
IMU,915630975.0,1,0.03542972,-0.02680851,-0.01095433,-0.9012216,-2.043649,9.515588
IMU,915670975.0,1,0.03152243,-0.03114276,-0.00827367,-0.9040627,-2.177602,9.596398
IMU,915710813.0,1,0.03122154,-0.02632836,-0.01103022,-0.9083478,-2.050693,9.499623
IMU,915750988.0,1,0.03429301,-0.0264102,-0.01226818,-0.9649573,-2.050642,9.54862
IMU,915791771.0,1,0.03618355,-0.02476149,-0.01071646,-0.9130228,-2.109666,9.594721
IMU,915832141.0,1,0.03412135,-0.02549465,-0.01110934,-0.943149,-1.918116,9.641476
IMU,915871738.0,1,0.0305962,-0.01949236,-0.006551056,-0.8504981,-2.040656,9.478448
IMU,911970850.0,2,-0.07161915,-0.05362093,-0.235409,-0.04473147,-1.293139,-10.84899
IMU,912020780.0,2,0.0982471,-0.2208529,-0.2963787,-0.1884581,-1.375816,-11.05793
IMU,912060718.0,2,0.1264575,-0.245749,-0.3396257,-0.4034857,-1.210308,-10.47774
IMU,912100963.0,2,0.07749096,-0.4154746,-0.3317154,0.01574459,-0.8478373,-5.245162
IMU,912141186.0,2,-0.03510799,-0.4235541,-0.3298086,-0.00929014,-1.156861,-0.01325827
IMU,912180850.0,2,-0.2024162,-0.5243592,-0.3144238,-0.04077952,-0.669053,-0.009193617
IMU,912221069.0,2,-0.07903107,-0.536561,-0.3350874,0.00359824,-0.4826007,0.576252
IMU,912261159.0,2,-0.09561571,-0.547665,-0.3293216,0.01171942,-0.3983673,0.1874612
IMU,912301639.0,2,-0.0593462,-0.5717748,-0.340644,0.05741395,-0.3610645,0.3189908
IMU,912341796.0,2,-0.05489601,-0.5675673,-0.3560419,0.06178569,-0.3472227,0.1540364
IMU,912381954.0,2,-0.04430674,-0.5638736,-0.3527031,-0.01628399,-0.3225788,0.1269104
IMU,912421831.0,2,-0.05076034,-0.5656512,-0.3476086,-0.0431985,-0.2885408,0.05800773
IMU,912462221.0,2,-0.04176542,-0.570578,-0.3432409,-0.05686725,-0.2982289,0.01241652
IMU,912502541.0,2,-0.0351973,-0.590221,-0.3371543,-0.04931827,-0.2998089,-0.1063863
IMU,912541982.0,2,-0.03806905,-0.5968291,-0.3355101,-0.04379922,-0.3043775,-0.1282771
IMU,912581784.0,2,-0.079358,-0.6053334,-0.3398097,-0.03913315,-0.3260472,-0.1497371
IMU,912622098.0,2,-0.1082074,-0.6443809,-0.3354973,-0.01419466,-0.2947698,-0.2578419
IMU,912662323.0,2,-0.1439522,-0.6810725,-0.3285418,0.025162,-0.3183142,-0.3271387
IMU,912702956.0,2,-0.1606621,-0.7077897,-0.3168026,-0.009169026,-0.3435574,-0.3962686
IMU,912742424.0,2,-0.1617415,-0.7180352,-0.3156309,-0.00847694,-0.3574167,-0.4200557
IMU,912782622.0,2,-0.1622318,-0.7324955,-0.3126292,0.03574734,-0.3659409,-0.4604622
IMU,912823294.0,2,-0.2171062,-0.7496862,-0.3131781,0.03056013,-0.4505447,-0.5818034
IMU,912862819.0,2,-0.2915671,-0.7642929,-0.3201624,0.005693987,-0.4818055,-0.7763318
IMU,912903465.0,2,-0.3803772,-0.8006651,-0.3275738,-0.04426815,-0.4935471,-0.9333594
IMU,912942950.0,2,-0.4643036,-0.8431234,-0.3365961,-0.06478592,-0.45748,-1.030332
IMU,912983084.0,2,-0.5437101,-0.8660285,-0.3499363,-0.08657058,-0.4370151,-1.038061
IMU,913023852.0,2,-0.6487194,-0.895149,-0.353837,-0.07820599,-0.3753958,-1.125262
IMU,913063816.0,2,-0.7572196,-0.9325681,-0.3618363,-0.0809246,-0.3851299,-1.235465
IMU,913103682.0,2,-0.8596054,-0.9501126,-0.364691,-0.1144336,-0.3359065,-1.415153
IMU,913143687.0,2,-0.9732546,-0.9465688,-0.365697,-0.1366224,-0.2779259,-1.667871
IMU,913184202.0,2,-1.071883,-0.9080504,-0.3723034,-0.1845437,-0.2451259,-2.109812
IMU,913224342.0,2,-1.15062,-0.8329962,-0.3817365,-0.2171997,-0.1765474,-2.523887
IMU,913264225.0,2,-1.1445,-0.7608941,-0.4041998,-0.2402553,-0.02331158,-2.686397
IMU,913303974.0,2,-1.108037,-0.6648189,-0.4390425,-0.5533355,0.09139053,-2.814895
IMU,913344032.0,2,-1.054027,-0.5042041,-0.4554004,-0.6196783,0.2309483,-2.90144
IMU,913384705.0,2,-0.9069681,-0.322585,-0.4860125,-0.7358655,0.3862627,-2.823141
IMU,913424492.0,2,-0.753562,-0.1809221,-0.4909957,-0.6001064,0.3821591,-2.650317
IMU,913463980.0,2,-0.704643,-0.03864481,-0.4990981,-0.7826737,0.5309149,-3.181287
IMU,913504147.0,2,-0.3925297,0.192402,-0.489946,-0.8826799,0.6696948,-2.733805
IMU,913544004.0,2,-0.2973102,0.3809853,-0.4863764,-1.166323,0.4045398,-2.892625
IMU,913584355.0,2,2.580578,29.71933,-4.089008,-128.0585,-6.219018,8.963666
IMU,913624708.0,2,-4.266778,6.981291,0.2871456,7.950207,0.5518773,22.22372
IMU,913664396.0,2,-1.492481,8.983979,0.1753729,-1.847075,3.312715,14.15673
IMU,913704358.0,2,-2.004683,6.755907,0.1762239,1.149642,2.949983,1.989652
IMU,913744434.0,2,1.582473,5.664835,0.1759324,-0.1536858,-0.3318775,0.2424203
IMU,913785154.0,2,0.1368064,5.746209,0.1770809,-0.3435369,-0.0630923,0.0179626
IMU,913824745.0,2,0.7140895,5.591188,-0.7705857,-0.460162,0.3959317,0.9479713
IMU,913864399.0,2,0.9222592,5.505809,-1.028318,-0.3324038,0.3499758,0.7594523
IMU,913904457.0,2,1.063682,5.448347,-1.025843,-0.3288298,0.3586835,0.7022603
IMU,913944455.0,2,1.250123,5.376721,-1.023776,-0.3295722,0.3783883,0.8091544
IMU,913985170.0,2,1.418706,5.330789,-1.023554,-0.3773353,0.3548878,0.753581
IMU,914024790.0,2,1.456344,5.584368,-1.051358,-0.8738238,0.1500939,1.172956
IMU,914064472.0,2,-0.3090122,6.856979,-0.9602314,-1.830043,2.149003,1.618908
IMU,914104471.0,2,-15.12727,-2.882665,0.2508345,-14.79687,5.234572,4.789112
IMU,914144501.0,2,-1.901458,2.23209,-3.899334,-35.09539,0.4142221,54.50529
IMU,914185063.0,2,1.086879,0.7130071,0.03984214,1.43828,-0.9672191,4.226929
IMU,914224769.0,2,0.8145133,0.4859203,-0.06530584,0.362348,-0.8648666,0.2299261
IMU,914264402.0,2,0.7874372,0.6333764,-0.06695933,0.1605411,0.2598638,-0.3110329
IMU,914304448.0,2,0.8104922,0.5614694,-0.06037532,-0.1286121,-0.1741316,-0.1289348
IMU,914344647.0,2,0.8754502,0.4255292,-0.0878302,-0.07518715,-0.6153145,0.8491617
IMU,914385213.0,2,1.017636,-4.812688,-1.403503,-11.07933,-19.26318,43.61001
IMU,914424804.0,2,0.08573212,0.2003883,-0.3350176,-1.140121,-6.557159,25.2982
IMU,914464453.0,2,-1.988261,0.7767959,-0.00574969,0.4082071,-1.696292,-0.8966583
IMU,914504627.0,2,0.2724429,0.380107,0.0002484576,1.227356,-0.1008333,1.742277
IMU,914544448.0,2,3.913533,0.1183112,0.2934588,3.627759,-8.064906,20.78813
IMU,914584762.0,2,-3.636275,0.3044752,0.1234197,1.311614,-2.561524,6.764991
IMU,914625736.0,2,1.971422,0.592217,0.2390342,-1.069996,0.8874854,8.056332
IMU,914665303.0,2,-1.011615,0.2163451,0.1341988,-3.059807,-1.737428,11.39584
IMU,914705377.0,2,0.2548031,-0.2489177,-0.01327671,-0.7803234,-3.049807,8.33221
IMU,914745836.0,2,-0.1566872,-0.2239323,-0.05510687,-0.9102402,-1.374583,10.07977
IMU,914785458.0,2,-0.1086155,0.02273688,-0.01317299,-0.5394821,-2.264436,9.102301
IMU,914826864.0,2,0.06168516,0.06052769,0.03873076,-0.9538465,-2.339772,9.636575
IMU,914867087.0,2,0.05413218,0.03075512,0.001233159,-0.9620909,-1.937966,9.419307
IMU,914907233.0,2,-0.02466558,-0.002821718,0.002930701,-1.022797,-1.962056,9.536443
IMU,914946948.0,2,-0.002926957,-0.01268187,-0.007199408,-0.888943,-2.140789,9.469778
IMU,914986962.0,2,0.004829852,0.02097478,0.009304384,-0.9095168,-2.057893,9.440373
IMU,915027424.0,2,-3.523632e-05,-0.001812589,-0.001470252,-0.9750423,-2.058787,9.479492
IMU,915067960.0,2,0.0006626523,0.007218882,0.003107337,-0.8908759,-2.070799,9.454761
IMU,915107431.0,2,0.002543133,0.005433729,0.001536636,-0.9490576,-2.079284,9.486726
IMU,915147835.0,2,-0.0008232121,0.005135325,0.0003317274,-0.9132586,-2.072001,9.460605
IMU,915187829.0,2,0.001790153,0.005260486,0.002619678,-0.9393072,-2.077728,9.466778
IMU,915227835.0,2,0.0003441737,0.006234307,0.001576574,-0.9093152,-2.069821,9.448957
IMU,915268323.0,2,0.001472077,0.004851767,0.001378822,-0.9228427,-2.078845,9.475163
IMU,915308495.0,2,-0.0002525976,0.006131955,0.001100745,-0.9234349,-2.078072,9.473739
IMU,915347799.0,2,0.00112423,0.005023659,0.00200903,-0.9313562,-2.086322,9.462684
IMU,915388660.0,2,-0.0001998785,0.005179668,0.002823738,-0.9314393,-2.07097,9.470124
IMU,915429773.0,2,0.001032014,0.004144095,0.002802454,-0.9314131,-2.08891,9.457043
IMU,915469663.0,2,2.561882e-05,0.004788632,0.002158203,-0.930675,-2.074818,9.465178
IMU,915509215.0,2,0.001662513,0.005630846,0.001811391,-0.9252964,-2.079664,9.464979
IMU,915549165.0,2,-0.0005773289,0.005626249,0.001840258,-0.9248491,-2.084558,9.481199
IMU,915589208.0,2,0.0008148623,0.005043096,0.00183698,-0.9376804,-2.072567,9.458898
IMU,915630975.0,2,0.0009731761,0.004852065,0.002329714,-0.9259113,-2.08526,9.458756
IMU,915670975.0,2,3.261667e-05,0.005794132,0.001585199,-0.9342963,-2.090591,9.47275
IMU,915710813.0,2,0.0002144687,0.00511286,0.001458025,-0.9231103,-2.085444,9.458759
IMU,915750988.0,2,-0.000304854,0.005879084,0.001632888,-0.918367,-2.085986,9.471622
IMU,915791771.0,2,0.0002585177,0.005785804,0.0016741,-0.9205194,-2.075848,9.457858
IMU,915832141.0,2,0.0004082789,0.005062578,0.001296747,-0.930782,-2.081527,9.459545
IMU,915871738.0,2,0.001027006,0.004465108,0.001202489,-0.9340746,-2.07502,9.468772
