ARM,376076008.0,0.0
AHR2,375763506.0,3.45,-18.7,215.14,475.71,43.2375259,-7.6815537
AHR2,375869498.0,3.03,-18.54,214.73,475.43,43.237519,-7.6815615
AHR2,375974766.0,2.68,-17.88,214.42,475.39,43.2375138,-7.6815682
AHR2,376079035.0,3.28,-17.55,213.82,475.55,43.2375082,-7.6815756
AHR2,376179248.0,3.18,-16.45,213.26,475.29,43.2375029,-7.6815824
AHR2,376279584.0,2.83,-14.45,212.61,474.58,43.2374983,-7.6815882
AHR2,376379420.0,2.45,-12.2,211.84,474.63,43.2374929,-7.6815952
AHR2,376480430.0,1.94,-9.92,210.91,474.45,43.2374869,-7.6816029
AHR2,376580301.0,1.47,-7.08,209.98,474.26,43.2374816,-7.6816097
AHR2,376680872.0,1.25,-3.17,208.9,474.12,43.2374761,-7.6816164
AHR2,376780828.0,1.27,2.13,207.73,473.72,43.2374708,-7.6816232
AHR2,376881211.0,1.09,9.13,206.3,473.79,43.2374654,-7.6816294
AHR2,376981393.0,0.61,17.26,204.54,473.25,43.2374601,-7.6816359
AHR2,377082544.0,-0.07,24.97,202.68,472.53,43.2374549,-7.6816425
AHR2,377254413.0,51.82,-51.17,168.23,470.47,43.2374461,-7.6816529
AHR2,377354985.0,-114.25,27.19,113.4,469.28,43.2374408,-7.6816594
AHR2,377454869.0,-100.2,32.64,142.3,469.47,43.2374376,-7.6816728
AHR2,377555021.0,-106.99,35.29,140.15,469.65,43.2374335,-7.6816815
AHR2,377655460.0,-112.39,45.32,136.63,469.56,43.2374397,-7.6816779
AHR2,377755274.0,-134.49,36.69,124.12,469.62,43.2374394,-7.6816822
AHR2,377855221.0,-154.56,18.61,106.41,469.7,43.2374413,-7.6816725
AHR2,377955023.0,-156.27,-6.34,94.08,469.27,43.2374417,-7.6816723
AHR2,378055783.0,-158.69,-4.97,91.38,469.53,43.237442,-7.6816731
AHR2,378155811.0,-155.37,4.39,93.27,469.42,43.2374424,-7.6816733
AHR2,378255793.0,-154.91,3.87,93.31,469.42,43.2374428,-7.6816736
AHR2,378356366.0,-154.87,3.7,93.26,469.33,43.2374413,-7.6816728
AHR2,378456882.0,-154.71,3.55,93.29,469.3,43.2374414,-7.6816724
AHR2,378557228.0,-154.56,3.44,93.31,469.37,43.2374415,-7.6816723
AHR2,378657871.0,-154.4,3.32,93.34,469.44,43.2374414,-7.6816716
AHR2,378757778.0,-154.24,3.2,93.36,469.37,43.2374415,-7.6816716
AHR2,378857400.0,-154.08,3.08,93.38,469.31,43.2374412,-7.6816707
AHR2,378957440.0,-153.91,2.96,93.4,469.27,43.2374412,-7.6816707
AHR2,379057405.0,-153.75,2.83,93.42,469.3,43.2374411,-7.6816699
AHR2,379157445.0,-153.57,2.7,93.44,469.24,43.2374411,-7.6816699
AHR2,379257403.0,-153.39,2.57,93.47,469.34,43.2374411,-7.6816699
AHR2,379358704.0,-153.21,2.44,93.49,469.15,43.2374411,-7.6816687
AHR2,379459446.0,-153.01,2.3,93.51,469.3,43.2374407,-7.6816675
AHR2,379559480.0,-152.82,2.16,93.53,469.09,43.2374408,-7.6816675
ATT,375763035.0,1.51,2.14,-21.31,-18.31,222.91,226.46
ATT,375869048.0,1.36,1.74,-20.74,-18.15,222.94,226.08
ATT,375974246.0,1.66,1.5,-19.81,-17.48,222.9,225.56
ATT,376078651.0,1.97,2.07,-19.03,-17.19,224.87,224.9
ATT,376178820.0,1.12,1.87,-15.11,-16.16,224.34,224.37
ATT,376279195.0,0.57,1.46,-7.91,-14.25,223.62,223.64
ATT,376379010.0,0.29,1.06,-4.03,-12.16,222.83,222.85
ATT,376479913.0,0.14,0.55,-2.05,-9.62,221.83,221.84
ATT,376579855.0,0.07,0.09,-1.04,-6.17,220.77,220.78
ATT,376680486.0,0.03,-0.17,-0.53,-1.81,219.54,219.55
ATT,376780432.0,0.01,-0.24,-0.27,3.79,218.19,218.2
ATT,376880785.0,0.01,-0.55,-0.13,11.14,216.45,216.45
ATT,376980841.0,0.0,-1.27,-0.07,19.65,214.24,214.24
ATT,377081917.0,0.0,-2.34,-0.03,27.81,211.87,211.86
ATT,377254151.0,0.0,43.23,0.0,-50.14,184.24,184.76
ATT,377354668.0,0.0,-122.73,0.0,21.23,130.61,123.25
ATT,377454492.0,0.0,-111.45,0.0,24.74,152.15,146.16
ATT,377554656.0,0.0,-117.42,0.0,27.39,152.78,143.67
ATT,377655018.0,0.0,-122.85,0.0,37.28,154.68,138.22
ATT,377754822.0,0.0,-141.46,0.0,27.92,149.96,127.97
ATT,377854784.0,0.0,-157.39,0.0,9.4,125.1,112.69
ATT,377954685.0,0.0,-156.0,0.0,-14.77,88.43,101.05
ATT,378055360.0,0.0,-157.6,0.0,-12.76,89.31,98.77
ATT,378155398.0,0.0,-154.94,0.0,-3.85,101.63,101.43
ATT,378255399.0,0.0,-154.88,0.0,-4.76,102.15,101.95
ATT,378355869.0,0.0,-155.08,0.0,-4.94,102.54,102.34
ATT,378456490.0,0.0,-155.16,0.0,-5.04,102.89,102.69
ATT,378556639.0,0.0,-155.24,0.0,-5.11,103.23,103.03
ATT,378657388.0,0.0,-155.33,0.0,-5.14,103.45,103.25
ATT,378757271.0,0.0,-155.47,0.0,-5.14,103.68,103.48
ATT,378856885.0,0.0,-155.58,0.0,-5.11,103.82,103.62
ATT,378957001.0,0.0,-155.77,0.0,-5.03,103.97,103.78
ATT,379056876.0,0.0,-155.93,0.0,-4.95,104.07,103.87
ATT,379157004.0,0.0,-156.15,0.0,-4.8,104.16,103.97
ATT,379256900.0,0.0,-156.28,0.0,-4.71,104.2,104.01
ATT,379358283.0,0.0,-156.48,0.0,-4.53,104.25,104.06
ATT,379459011.0,0.0,-156.68,0.0,-4.33,104.29,104.1
ATT,379559035.0,0.0,-156.89,0.0,-4.11,104.32,104.13
BARO,375762829.0,0,3.88628,96743.55,42.79
BARO,375868806.0,0,3.603709,96746.61,42.79
BARO,375972404.0,0,3.566974,96747.0,42.8
BARO,376076275.0,0,3.722389,96745.32,42.79
BARO,376175900.0,0,3.465248,96748.13,42.79
BARO,376276988.0,0,2.758818,96755.76,42.8
BARO,376376868.0,0,2.806855,96755.24,42.8
BARO,376477236.0,0,2.628835,96757.18,42.79
BARO,376577400.0,0,2.431035,96759.33,42.8
BARO,376677590.0,0,2.292575,96760.8,42.79
BARO,376777592.0,0,1.899799,96765.06,42.8
BARO,376878828.0,0,1.967617,96764.36,42.79
BARO,376978865.0,0,1.422253,96770.26,42.79
BARO,377078884.0,0,0.7073459,96777.99,42.8
BARO,377252757.0,0,-1.358255,96800.4,42.8
BARO,377352011.0,0,-2.547883,96813.29,42.8
BARO,377452130.0,0,-2.350083,96811.13,42.79
BARO,377552732.0,0,-2.174888,96809.25,42.78
BARO,377652851.0,0,-2.268137,96810.27,42.78
BARO,377752797.0,0,-2.203145,96809.55,42.78
BARO,377852907.0,0,-2.126851,96808.71,42.78
BARO,377952849.0,0,-2.550709,96813.3,42.78
BARO,378052904.0,0,-2.29922,96810.58,42.78
BARO,378152990.0,0,-2.400946,96811.68,42.78
BARO,378252915.0,0,-2.409423,96811.8,42.78
BARO,378353806.0,0,-2.491369,96812.66,42.79
BARO,378454656.0,0,-2.525277,96813.03,42.8
BARO,378554502.0,0,-2.45746,96812.32,42.8
BARO,378654846.0,0,-2.381166,96811.48,42.8
BARO,378755221.0,0,-2.45746,96812.32,42.81
BARO,378854737.0,0,-2.513974,96812.93,42.82
BARO,378954464.0,0,-2.553535,96813.34,42.82
BARO,379054487.0,0,-2.525277,96813.05,42.83
BARO,379154463.0,0,-2.581792,96813.65,42.84
BARO,379254469.0,0,-2.488543,96812.66,42.84
BARO,379355392.0,0,-2.677866,96814.7,42.84
BARO,379456745.0,0,-2.528103,96813.08,42.84
BARO,379556676.0,0,-2.731555,96815.27,42.85
BARO,379657854.0,0,-2.49702,96812.72,42.85
BARO,375762829.0,1,4.166027,96858.3,38.93
BARO,375868806.0,1,4.120815,96858.8,38.93
BARO,375972404.0,1,3.990832,96860.2,38.93
BARO,376076275.0,1,4.101035,96859.0,38.93
BARO,376175900.0,1,3.776077,96862.54,38.93
BARO,376276988.0,1,3.346568,96867.2,38.93
BARO,376376868.0,1,3.270273,96868.04,38.93
BARO,376477236.0,1,3.02161,96870.71,38.93
BARO,376577400.0,1,2.894453,96872.12,38.92
BARO,376677590.0,1,2.812507,96872.98,38.92
BARO,376777592.0,1,2.606229,96875.23,38.92
BARO,376878828.0,1,2.544064,96875.9,38.92
BARO,376978865.0,1,2.103251,96880.69,38.92
BARO,377078884.0,1,1.224453,96890.21,38.92
BARO,377252757.0,1,-2.737206,96933.22,38.91
BARO,377352011.0,1,-1.694516,96921.89,38.91
BARO,377452130.0,1,-1.799067,96923.04,38.92
BARO,377552732.0,1,-1.767984,96922.7,38.91
BARO,377652851.0,1,-1.881013,96923.94,38.91
BARO,377752797.0,1,-1.883839,96923.95,38.91
BARO,377852907.0,1,-2.101419,96926.3,38.91
BARO,377952849.0,1,-2.254008,96927.98,38.91
BARO,378052904.0,1,-2.138154,96926.73,38.9
BARO,378152990.0,1,-2.211622,96927.52,38.9
BARO,378252915.0,1,-2.124025,96926.55,38.9
BARO,378353806.0,1,-2.386817,96929.41,38.9
BARO,378454656.0,1,-2.081639,96926.12,38.9
BARO,378554502.0,1,-2.327477,96928.76,38.89
BARO,378654846.0,1,-2.121199,96926.54,38.89
BARO,378755221.0,1,-2.316174,96928.63,38.9
BARO,378854737.0,1,-2.262485,96928.06,38.89
BARO,378954464.0,1,-2.208797,96927.48,38.89
BARO,379054487.0,1,-2.265311,96928.09,38.89
BARO,379154463.0,1,-2.143805,96926.77,38.89
BARO,379254469.0,1,-2.420726,96929.77,38.89
BARO,379355392.0,1,-2.237054,96927.79,38.89
BARO,379456745.0,1,-2.335954,96928.87,38.89
BARO,379556676.0,1,-2.265311,96928.08,38.88
BARO,379657854.0,1,-2.23988,96927.83,38.88
GPS,375814381.0,3,20,43.2375277,-7.6815505,472.05,7.606,0.041,0.0
GPS,376022751.0,3,20,43.2375173,-7.6815637,472.09,8.015,0.071,0.0
GPS,376243650.0,3,20,43.2375066,-7.6815774,472.04,8.251,0.347,0.0
GPS,376424026.0,3,20,43.237496,-7.6815911,471.72,8.015,2.672,0.0
GPS,376625413.0,3,20,43.2374853,-7.6816046,471.04,8.070001,4.337,0.0
GPS,376825915.0,3,20,43.2374746,-7.6816179,470.01,7.95,5.99,0.0
GPS,377025869.0,3,20,43.237464,-7.681631,468.67,7.898,7.54,0.0
GPS,377239285.0,3,20,43.2374532,-7.6816441,467.06,7.964,8.844001,0.0
GPS,377419265.0,3,19,43.2374438,-7.6816594,465.39,8.392,8.059,0.0
GPS,377619730.0,3,20,43.23744,-7.6816714,464.27,3.477,4.208,0.0
GPS,377820262.0,3,20,43.2374407,-7.6816728,464.04,0.484,0.531,0.0
GPS,378020055.0,3,20,43.2374415,-7.6816727,464.0,0.482,0.305,0.0
GPS,378260742.0,3,19,43.2374417,-7.6816726,464.0,0.265,0.459,0.0
GPS,378421003.0,3,19,43.2374413,-7.6816724,464.03,0.116,0.188,0.0
GPS,378621785.0,3,19,43.2374413,-7.6816716,464.19,0.09500001,0.061,0.0
GPS,378822887.0,3,19,43.2374412,-7.6816707,464.33,0.033,0.053,0.0
GPS,379022657.0,3,19,43.2374411,-7.6816699,464.46,0.028,0.083,0.0
GPS,379262761.0,3,19,43.2374409,-7.6816687,464.67,0.117,0.072,0.0
GPS,379423021.0,3,19,43.2374407,-7.6816675,464.87,0.057,0.037,0.0
IMU,375790768.0,0,0.04117024,-0.01242636,-0.01562395,-0.4584687,0.007114393,-10.13296
IMU,375836377.0,0,0.02275558,-0.02035975,-0.08746304,-0.4579647,-0.03058568,-9.896399
IMU,375875998.0,0,-0.06579834,-0.02998152,-0.04374588,-0.7433584,-0.06995571,-9.529163
IMU,375919380.0,0,-0.08085471,0.1742729,-0.0489222,-0.6564925,-0.1302448,-9.715594
IMU,375959804.0,0,0.04768313,0.1103724,-0.07189672,-0.1280408,0.2371385,-9.95911
IMU,375999651.0,0,0.1005208,0.1241772,-0.04675451,-1.164785,0.2450454,-9.58392
IMU,376043895.0,0,0.04456312,0.06918124,-0.09173959,-0.1051219,-0.06208166,-9.965989
IMU,376083512.0,0,-0.1375909,0.01561009,-0.06886999,-1.259983,-0.07988059,-9.336946
IMU,376124231.0,0,0.06551317,0.1809971,-0.07539639,-1.911484,0.01553502,-3.057213
IMU,376163692.0,0,-0.2041255,0.2479697,-0.09573677,-0.08150426,-0.4116561,-1.119393
IMU,376203914.0,0,-0.1128798,0.3410275,-0.08963337,-0.1286998,-0.04597255,0.06802433
IMU,376243789.0,0,-0.08895738,0.3200037,-0.1126599,-0.3110996,-0.2279083,-0.09990086
IMU,376284405.0,0,-0.08301614,0.3447074,-0.1239712,-0.281973,-0.06467321,-0.1519098
IMU,376324228.0,0,-0.1229482,0.346127,-0.1262738,-0.2889042,-0.2208155,-0.08339777
IMU,376364446.0,0,-0.1124121,0.3985907,-0.1342271,-0.3367676,-0.1114528,-0.1905629
IMU,376404224.0,0,-0.0773534,0.4133044,-0.15059,-0.3258731,-0.1223136,-0.3617897
IMU,376444768.0,0,-0.1440991,0.450884,-0.1578859,-0.312334,-0.1804235,-0.5625355
IMU,376484711.0,0,-0.1341042,0.4901897,-0.1531302,-0.3923334,-0.09359226,-0.5619641
IMU,376525396.0,0,-0.1117693,0.5916741,-0.1507799,-0.3993245,-0.1136515,-0.6649634
IMU,376564695.0,0,-0.09376892,0.6581824,-0.1503909,-0.360245,-0.106633,-0.7898174
IMU,376605249.0,0,-0.07808528,0.7106896,-0.1569244,-0.3849992,-0.1138481,-0.8204589
IMU,376645224.0,0,-0.06162329,0.7785936,-0.1647429,-0.4683103,-0.06646822,-0.991891
IMU,376685395.0,0,-0.02797324,0.8606923,-0.1675938,-0.5024093,-0.07188648,-1.213988
IMU,376725861.0,0,-0.0009914703,0.963621,-0.1739251,-0.425117,-0.1105485,-1.453382
IMU,376765250.0,0,-0.008710196,1.046958,-0.1641401,-0.4185099,-0.1039459,-1.590638
IMU,376805731.0,0,-0.00785885,1.159896,-0.1740932,-0.4694328,-0.1003532,-1.812593
IMU,376845785.0,0,-0.01444284,1.313101,-0.2010168,-0.3828394,-0.09822953,-2.138259
IMU,376886472.0,0,-0.04116749,1.452645,-0.2390866,-0.2601237,-0.1306774,-2.007245
IMU,376925838.0,0,-0.04381894,1.51474,-0.2441596,-0.2190977,-0.1035172,-2.69279
IMU,376966267.0,0,0.003222037,1.512185,-0.2343116,-0.1455205,-0.07643329,-3.09818
IMU,377006513.0,0,0.03950992,1.46539,-0.2251055,-0.05712695,-0.113468,-3.314159
IMU,377046655.0,0,-0.04662624,1.473045,-0.2448544,-0.008897627,-0.2155269,-3.182584
IMU,377086671.0,0,-0.06974247,1.378263,-0.2321114,0.0575367,-0.03385579,-3.320302
IMU,377127416.0,0,-0.2931327,-0.1860025,0.000992072,-1.268861,-1.966038,-16.08547
IMU,377239443.0,0,-0.1335989,0.3285053,0.3257963,-4.174042,-6.760511,-15.61381
IMU,377279666.0,0,19.89374,-19.25986,1.157149,-2.011624,3.045437,11.40833
IMU,377319189.0,0,25.78166,-27.51795,1.775905,0.5857302,-2.318236,-1.312277
IMU,377359479.0,0,9.54607,-13.52483,0.4375597,-28.46015,-34.23899,-11.85948
IMU,377399381.0,0,-1.998595,-5.762924,-2.43546,-83.10692,-95.95785,16.98162
IMU,377439616.0,0,-0.7034586,0.1927736,-0.258785,-29.25519,-27.07925,1.49021
IMU,377480238.0,0,-0.8412451,0.03323791,-0.1312252,-3.64454,-3.129901,0.893751
IMU,377520023.0,0,-0.9003645,0.1277141,0.5333996,-6.657369,-4.73226,0.2307355
IMU,377559691.0,0,-1.01226,-0.1012982,1.860871,-2.846812,-1.634217,0.7410344
IMU,377600010.0,0,-0.1418919,-0.5806065,1.817897,0.4313239,0.0183691,2.09615
IMU,377640029.0,0,-0.2337893,-0.3743966,1.682249,-1.457807,-1.866249,-0.1044414
IMU,377679748.0,0,-5.405516,3.174124,0.3846004,-9.692537,-13.28835,21.46318
IMU,377719800.0,0,-1.295521,1.956096,1.48211,0.9249866,-13.75018,-38.7382
IMU,377759718.0,0,-0.6750008,2.077269,-0.02352126,-0.5035128,0.5642177,1.478305
IMU,377799827.0,0,-3.753275,3.479182,1.050801,-2.19539,-3.052512,-1.802462
IMU,377840055.0,0,-1.237022,4.923113,1.02528,-7.041805,-0.2236746,-5.009333
IMU,377879747.0,0,-0.05768309,6.2545,0.463248,-4.099609,-0.1387047,-9.142843
IMU,377920149.0,0,1.104896,4.932557,0.4764141,12.6866,2.107587,-34.74844
IMU,377959752.0,0,-0.3561663,1.527484,0.3920892,2.993834,-3.10512,-3.741499
IMU,377999834.0,0,-0.5647932,0.4817568,0.4742703,2.455298,-2.512066,-3.631156
IMU,378040653.0,0,-0.2733928,-1.263821,0.5471769,2.430242,-1.713876,-8.558066
IMU,378080478.0,0,0.6834309,-2.516073,0.3623805,1.071285,-1.122483,-10.76915
IMU,378120802.0,0,1.640666,-2.483656,0.2428984,-1.621698,-1.22746,-10.10669
IMU,378160422.0,0,-1.381526,0.292169,-0.06494102,-2.267862,-4.072498,-3.021796
IMU,378201042.0,0,0.1460716,0.09008502,-0.1085227,-1.499974,-0.7732036,-11.65966
IMU,378240761.0,0,0.209339,-0.08423828,-0.05125136,-0.5756593,-1.537372,-9.288758
IMU,378281601.0,0,-0.02970288,0.05895836,-0.02510935,-0.67825,-2.664293,-9.090661
IMU,378320900.0,0,-0.03656719,-0.04263195,0.04232713,-1.291112,-2.163228,-9.521695
IMU,378360918.0,0,0.0125786,0.006887797,-0.005481474,-1.490939,-1.931239,-9.600088
IMU,378401746.0,0,-0.002925738,0.01038846,-0.006743625,-1.097835,-2.33491,-9.242895
IMU,378442020.0,0,-0.009846797,-0.002858103,0.008412045,-1.321282,-2.106282,-9.414137
IMU,378481706.0,0,0.008872542,0.000297587,-0.002930338,-1.252486,-2.190367,-9.394333
IMU,378521503.0,0,-0.009022117,-2.754118e-07,0.005576408,-1.254569,-2.207815,-9.392643
IMU,378561688.0,0,0.0002975956,0.002044359,-0.002183449,-1.289497,-2.15737,-9.402009
IMU,378602365.0,0,-0.004026193,0.0008206841,0.002109046,-1.239155,-2.217721,-9.365323
IMU,378642680.0,0,-0.0005383116,-6.477823e-05,0.00108943,-1.291705,-2.169977,-9.397167
IMU,378682045.0,0,-0.000404733,0.0006526718,0.00118051,-1.257049,-2.184077,-9.390196
IMU,378722739.0,0,-0.003610853,0.0002041106,0.001086112,-1.263166,-2.175004,-9.373718
IMU,378762027.0,0,-0.002152083,0.0005307494,0.001799047,-1.258897,-2.183241,-9.404553
IMU,378802367.0,0,-0.002597541,0.0008077271,0.002777049,-1.25264,-2.171098,-9.383789
IMU,378841997.0,0,-0.001127239,0.0005834786,0.001917064,-1.264019,-2.177738,-9.374799
IMU,378882010.0,0,-0.0008837183,-1.926526e-05,0.00167967,-1.268353,-2.171976,-9.402451
IMU,378922617.0,0,-0.002148405,-0.0001333581,0.001843106,-1.266408,-2.176195,-9.385504
IMU,378962488.0,0,-0.002174815,-8.258894e-05,0.002244799,-1.260355,-2.160952,-9.388463
IMU,379002279.0,0,-0.002571913,0.0001678894,0.001397768,-1.259692,-2.182806,-9.372309
IMU,379042234.0,0,-0.002509585,0.001071995,0.0006665797,-1.251426,-2.171661,-9.386168
IMU,379082009.0,0,-0.0004636032,0.000310397,0.002211613,-1.249196,-2.17027,-9.388696
IMU,379122512.0,0,-0.001160086,0.001830636,0.0006367607,-1.259444,-2.176213,-9.38759
IMU,379162763.0,0,-0.001452469,-0.0002389844,0.001585537,-1.255653,-2.162727,-9.382884
IMU,379202235.0,0,-0.000706203,0.0002450972,0.0008842619,-1.256661,-2.165486,-9.395291
IMU,379242449.0,0,-0.0007380035,0.003081623,0.0006178461,-1.263644,-2.167895,-9.382385
IMU,379283642.0,0,-0.001029401,0.0002935138,0.00102175,-1.2623,-2.170764,-9.374553
IMU,379322883.0,0,5.90961e-05,0.0004886795,0.0005928644,-1.264337,-2.178634,-9.371282
IMU,379363504.0,0,0.0003053701,0.00119968,-0.0008083795,-1.267178,-2.165705,-9.401556
IMU,379403047.0,0,-0.0003621903,0.0002926855,0.0003888838,-1.269748,-2.174536,-9.379958
IMU,379444232.0,0,-9.288224e-06,0.0008943713,0.00168441,-1.264455,-2.171388,-9.405236
IMU,379483855.0,0,-0.001362445,0.0007478247,0.0006486077,-1.25429,-2.163153,-9.398245
IMU,379523824.0,0,-0.0001839332,0.001182878,0.00167745,-1.25683,-2.161325,-9.390019
IMU,379564256.0,0,0.0003984501,0.001724645,0.00170596,-1.258408,-2.16436,-9.392476
IMU,379604217.0,0,-0.0006413868,0.0006321969,0.002226355,-1.26475,-2.16922,-9.383287
IMU,379645217.0,0,-0.001713975,0.0009883506,0.002269353,-1.243762,-2.16503,-9.378468
IMU,379685134.0,0,-0.001441043,0.002210841,0.002567888,-1.263056,-2.171041,-9.376534
IMU,375790768.0,1,0.006181996,0.012238,-0.02843833,-0.9682714,0.2078666,-9.971451
IMU,375836377.0,1,-0.007174884,-0.009906462,-0.0824194,-0.7683607,0.0648637,-9.875447
IMU,375875998.0,1,-0.09199825,-0.0248912,-0.05609859,-1.35459,-0.06448361,-9.506321
IMU,375919380.0,1,-0.07565982,0.1441573,-0.05002907,-0.2603063,0.05021489,-9.755382
IMU,375959804.0,1,0.06250891,0.1292658,-0.0886213,-0.8741487,0.1434621,-10.11318
IMU,375999651.0,1,0.1258981,0.1206313,-0.05164331,-0.5709954,0.1049352,-9.704545
IMU,376043895.0,1,0.05545015,0.05609933,-0.07528409,0.1502165,0.003306046,-10.30371
IMU,376083512.0,1,-0.1104234,0.01894922,-0.100919,-1.901584,-0.2490208,-9.359822
IMU,376124231.0,1,0.04942119,0.1469499,-0.07461131,-1.486917,0.02385866,-3.266275
IMU,376163692.0,1,-0.1890009,0.2463059,-0.08398266,-0.1066298,-0.2528435,-1.133886
IMU,376203914.0,1,-0.1093422,0.3205649,-0.0896036,0.02370263,-0.1170384,-0.1887538
IMU,376243789.0,1,-0.0829982,0.3065429,-0.1052693,-0.3737752,-0.260364,-0.3305703
IMU,376284405.0,1,-0.0869363,0.3389077,-0.1136278,-0.3249722,0.167471,-0.2072292
IMU,376324228.0,1,-0.1182077,0.3338216,-0.1165313,-0.3606101,-0.1165566,-0.2331198
IMU,376364446.0,1,-0.1136673,0.3831908,-0.1211375,-0.3454766,0.09392471,-0.3585875
IMU,376404224.0,1,-0.07877782,0.3972737,-0.1377623,-0.3626086,-0.1376843,-0.5766098
IMU,376444768.0,1,-0.1408421,0.4427508,-0.1488926,-0.4499277,-0.02592597,-0.7708027
IMU,376484711.0,1,-0.1365286,0.4721184,-0.1435738,-0.3813286,-0.00770513,-0.7104849
IMU,376525396.0,1,-0.1098561,0.5756397,-0.1357681,-0.4150494,0.04107194,-0.827444
IMU,376564695.0,1,-0.09311034,0.6396021,-0.1289907,-0.4292626,-0.03263611,-0.902087
IMU,376605249.0,1,-0.07772116,0.6913023,-0.1433404,-0.4365368,0.02739675,-0.8548152
IMU,376645224.0,1,-0.06210933,0.7610811,-0.1500195,-0.5459986,-0.08863928,-1.265956
IMU,376685395.0,1,-0.02860899,0.8435376,-0.1502509,-0.4632677,-0.006368997,-1.382335
IMU,376725861.0,1,-0.003696715,0.9415269,-0.1415156,-0.4043259,0.003257685,-1.567233
IMU,376765250.0,1,-0.00870456,1.021614,-0.1343819,-0.4336129,0.05084164,-1.817164
IMU,376805731.0,1,-0.00997639,1.136884,-0.1481561,-0.4617175,0.03995967,-1.840201
IMU,376845785.0,1,-0.01829751,1.293597,-0.1653563,-0.4132063,-0.03061324,-2.282403
IMU,376886472.0,1,-0.04146203,1.423571,-0.2050558,-0.3447082,-0.06861622,-2.210742
IMU,376925838.0,1,-0.04446175,1.487892,-0.20459,-0.239157,0.08678742,-2.829904
IMU,376966267.0,1,-0.003547844,1.491312,-0.1936109,-0.1587225,-0.01813257,-3.224573
IMU,377006513.0,1,0.03393282,1.445549,-0.1861238,-0.1458343,0.002202972,-3.409193
IMU,377046655.0,1,-0.04546604,1.447808,-0.2061431,-0.03649186,-0.123764,-3.27817
IMU,377086671.0,1,-0.06908102,1.36069,-0.201446,-0.06458202,0.01793961,-3.283386
IMU,377127416.0,1,-0.2502974,-0.005279739,-0.05652662,-1.270037,-2.406116,-20.80164
IMU,377239443.0,1,27.99906,-32.90616,2.096634,-70.06895,14.89686,-106.3346
IMU,377279666.0,1,2.929564,-2.644661,0.196012,3.680876,4.452963,8.159638
IMU,377319189.0,1,3.21472,-3.418516,0.2506769,-0.04640296,-0.221627,-0.1488796
IMU,377359479.0,1,1.269487,-1.738141,0.08271126,-3.13083,-4.290549,-1.748708
IMU,377399381.0,1,-0.2410691,-0.7132464,-0.3039552,-9.881466,-11.35188,1.555573
IMU,377439616.0,1,-0.8840355,0.07310919,-0.3558826,-3.574325,-3.467828,0.3915156
IMU,377480238.0,1,-0.8503971,0.03929243,-0.1784788,-4.835091,-4.247395,0.7712252
IMU,377520023.0,1,-0.8683046,0.1225208,0.4624207,-6.846681,-4.647554,-0.07877808
IMU,377559691.0,1,-0.9045298,-0.0172749,1.757116,-2.917384,-1.646147,0.1254624
IMU,377600010.0,1,-0.09848546,-0.569897,1.781606,0.02810796,0.06535367,1.94571
IMU,377640029.0,1,-0.1870349,-0.382203,1.629009,-1.227133,-1.802582,-0.1782518
IMU,377679748.0,1,-5.08533,3.013195,0.5931264,-26.6451,-22.84208,17.94216
IMU,377719800.0,1,-1.366441,1.704945,-0.03774669,4.095983,-0.08107392,-30.29029
IMU,377759718.0,1,-0.7159302,2.075146,-0.01557751,-0.5063915,1.093592,0.9031544
IMU,377799827.0,1,-3.544913,3.542725,1.007079,-2.395119,-2.6191,-2.885289
IMU,377840055.0,1,-1.325455,4.735233,1.079124,-6.887523,-0.08966534,-4.143437
IMU,377879747.0,1,0.2435069,6.126976,0.6812941,-3.697046,-0.05862065,-10.32111
IMU,377920149.0,1,1.040775,4.981997,0.6409602,13.38304,1.892708,-34.02156
IMU,377959752.0,1,-0.1938978,1.632452,0.4262552,2.768406,-2.890637,-4.537377
IMU,377999834.0,1,-0.5361664,0.5450438,0.4626549,2.357439,-2.543174,-3.935913
IMU,378040653.0,1,-0.2795695,-1.216746,0.4977795,2.426241,-1.571743,-8.857377
IMU,378080478.0,1,0.6603774,-2.463604,0.3160492,1.107605,-1.06659,-10.93483
IMU,378120802.0,1,1.622899,-2.461761,0.2331015,-2.221649,-1.864535,-10.64586
IMU,378160422.0,1,-1.00026,0.2856836,-0.09072164,-2.005337,-3.446816,-4.501479
IMU,378201042.0,1,0.1264617,0.08650161,-0.1020466,-1.8372,-0.9182615,-12.04641
IMU,378240761.0,1,0.1807232,-0.07840645,-0.04851731,-0.7174323,-1.442682,-9.434527
IMU,378281601.0,1,-0.02586012,0.05411071,-0.02902241,-0.7018116,-2.725406,-9.398351
IMU,378320900.0,1,-0.02788545,-0.04625863,0.04141131,-1.223015,-2.091857,-9.600498
IMU,378360918.0,1,0.01224376,0.0009165503,-0.00643949,-1.45073,-1.884434,-9.818254
IMU,378401746.0,1,0.002936245,-0.0009379388,-0.008148571,-1.045203,-2.263237,-9.436914
IMU,378442020.0,1,-0.01137406,0.001343286,0.005550767,-1.382271,-2.068439,-9.626766
IMU,378481706.0,1,0.0121129,-0.001562025,-0.007626734,-1.264002,-2.081482,-9.588302
IMU,378521503.0,1,-0.007857423,-0.003355057,0.004210379,-1.213022,-2.2246,-9.389868
IMU,378561688.0,1,0.001484027,0.005986285,-0.002526158,-1.246769,-2.158598,-9.443772
IMU,378602365.0,1,0.00265444,-0.0009988077,0.0007994233,-1.236934,-2.15074,-9.54656
IMU,378642680.0,1,0.00067563,0.002181953,0.001366759,-1.265679,-2.068915,-9.571353
IMU,378682045.0,1,0.004577138,-0.0002038534,0.0008400735,-1.212678,-2.080049,-9.390948
IMU,378722739.0,1,-0.0007183611,-0.0008599636,-0.001185294,-1.240218,-2.055032,-9.636299
IMU,378762027.0,1,0.002298598,-0.001479253,-0.000299055,-1.278614,-2.136392,-9.539
IMU,378802367.0,1,0.003323422,0.0001349164,0.0006228246,-1.145796,-2.142161,-9.669695
IMU,378841997.0,1,0.001782996,-0.002167176,-0.005873068,-1.227579,-2.121788,-9.580619
IMU,378882010.0,1,0.00360308,-0.004046227,-0.004381815,-1.271729,-2.04858,-9.565639
IMU,378922617.0,1,0.003073459,-0.01046116,-0.005752448,-1.272071,-2.082776,-9.455075
IMU,378962488.0,1,-0.00479305,0.002748318,-0.006785891,-1.189182,-2.131468,-9.584368
IMU,379002279.0,1,0.005108422,0.003530275,-0.002654281,-1.215193,-2.143638,-9.664857
IMU,379042234.0,1,0.00212136,-0.0009079752,-0.003205176,-1.237626,-2.235812,-9.570388
IMU,379082009.0,1,0.003955667,0.003230595,0.00130898,-1.236229,-2.149156,-9.602151
IMU,379122512.0,1,0.001698367,0.0042086,0.0009404161,-1.263011,-2.069845,-9.534448
IMU,379162763.0,1,0.001370357,0.001577126,-0.002172393,-1.296149,-2.146386,-9.512006
IMU,379202235.0,1,0.001375817,-0.003908253,-0.004127341,-1.180513,-2.158823,-9.484068
IMU,379242449.0,1,0.00401695,-0.002367279,0.001482837,-1.168248,-2.07921,-9.519254
IMU,379283642.0,1,0.005134332,0.002833103,-0.0007556123,-1.164366,-2.169436,-9.416444
IMU,379322883.0,1,0.004025897,-0.001362333,-0.002317033,-1.252212,-2.074667,-9.607893
IMU,379363504.0,1,0.00303844,0.002936112,-0.004174716,-1.183097,-2.142729,-9.467463
IMU,379403047.0,1,0.005089566,-0.0009582065,-0.005442227,-1.286949,-2.184944,-9.654126
IMU,379444232.0,1,-0.001086755,-0.003127631,-0.004234581,-1.188894,-2.187836,-9.571107
IMU,379483855.0,1,-0.001056083,3.018339e-05,-0.007049005,-1.255531,-2.000312,-9.509151
IMU,379523824.0,1,0.006143419,-0.005777335,-0.004038985,-1.265695,-2.098484,-9.480821
IMU,379564256.0,1,0.003527357,0.001354956,-0.0004126719,-1.169778,-2.206961,-9.552022
IMU,379604217.0,1,0.002037247,-0.00204487,-0.002544459,-1.267912,-2.156096,-9.593338
IMU,379645217.0,1,0.00143397,0.001347986,-0.001794637,-1.278695,-2.150811,-9.418936
IMU,379685134.0,1,0.003168977,-0.003591801,-0.005207728,-1.245494,-2.14451,-9.477587
IMU,375790768.0,2,-0.04513018,0.08777328,-0.02757089,-1.343753,0.0634345,-10.18818
IMU,375836377.0,2,-0.06589428,0.02285559,-0.06585962,-1.150253,0.3387343,-9.999423
IMU,375875998.0,2,-0.05864555,0.006829267,-0.06357367,-1.350447,-0.3100397,-9.843487
IMU,375919380.0,2,-0.04376157,0.04853087,-0.06093724,-0.5903107,-0.232574,-9.932141
IMU,375959804.0,2,0.04545207,0.2101429,-0.04151191,-1.624127,0.252879,-10.10696
IMU,375999651.0,2,0.1042793,0.1362432,-0.0863975,-0.7351593,-0.2595768,-9.799958
IMU,376043895.0,2,0.03499647,-0.04161796,-0.05002861,-0.9248041,-0.1163862,-9.888903
IMU,376083512.0,2,-0.09888481,0.1429232,-0.1035464,-1.227274,-0.6444524,-9.576717
IMU,376124231.0,2,0.01023631,0.1851335,-0.1113917,-1.073233,-0.1384464,-3.595109
IMU,376163692.0,2,-0.1831465,0.2399945,-0.09768945,-0.5710457,-0.3897491,-1.20473
IMU,376203914.0,2,-0.1054879,0.3006147,-0.1094264,-0.2434587,-0.1488541,-0.1350134
IMU,376243789.0,2,-0.09250879,0.3095369,-0.1209367,-0.439969,-0.2200472,-0.2951019
IMU,376284405.0,2,-0.08075228,0.3513824,-0.1316178,-0.4058186,-0.06604945,-0.3121596
IMU,376324228.0,2,-0.1172874,0.3488018,-0.1324578,-0.4183217,-0.1532251,-0.3235547
IMU,376364446.0,2,-0.1080315,0.3974062,-0.1400022,-0.4243653,-0.09880272,-0.3962344
IMU,376404224.0,2,-0.07668155,0.4119199,-0.1573737,-0.416577,-0.1371303,-0.5465299
IMU,376444768.0,2,-0.1378241,0.4547725,-0.1659012,-0.4401024,-0.1551096,-0.7668657
IMU,376484711.0,2,-0.1297105,0.4928274,-0.1614443,-0.4668907,-0.1183916,-0.8014151
IMU,376525396.0,2,-0.105717,0.5920883,-0.1586968,-0.4834917,-0.1078158,-0.8767908
IMU,376564695.0,2,-0.08843712,0.6568912,-0.1608701,-0.4616849,-0.1129777,-0.9793049
IMU,376605249.0,2,-0.07202998,0.7112625,-0.1692368,-0.4719216,-0.1187793,-1.026095
IMU,376645224.0,2,-0.0547188,0.7795814,-0.1767587,-0.5589471,-0.06328016,-1.209782
IMU,376685395.0,2,-0.01699881,0.862154,-0.1808399,-0.5996825,-0.07811026,-1.437626
IMU,376725861.0,2,0.008414754,0.9656773,-0.185175,-0.5317178,-0.1053284,-1.648972
IMU,376765250.0,2,0.001997571,1.049735,-0.1809448,-0.5382596,-0.0892487,-1.819642
IMU,376805731.0,2,0.005188198,1.161672,-0.1906278,-0.5484376,-0.121238,-2.068277
IMU,376845785.0,2,-0.0002781072,1.315782,-0.2217213,-0.4663139,-0.1145714,-2.380336
IMU,376886472.0,2,-0.02553974,1.454962,-0.2640121,-0.3375756,-0.1668708,-2.291813
IMU,376925838.0,2,-0.02668684,1.516417,-0.2652306,-0.3347444,-0.1134574,-2.918962
IMU,376966267.0,2,0.02182889,1.515598,-0.2570065,-0.2818829,-0.1237533,-3.281011
IMU,377006513.0,2,0.05380114,1.463871,-0.2468198,-0.2090463,-0.1624733,-3.491709
IMU,377046655.0,2,-0.02944817,1.469577,-0.2673436,-0.1648967,-0.1895445,-3.409846
IMU,377086671.0,2,-0.0460473,1.376974,-0.2511996,-0.1111788,-0.09025192,-3.480502
IMU,377127416.0,2,-0.5764385,-0.3927043,-0.005819359,-0.909995,-1.619417,-18.57713
IMU,377239443.0,2,7.641886,-17.08476,1.02799,-30.89353,-40.44176,-68.15404
IMU,377279666.0,2,10.37272,-14.5854,1.048243,-22.42348,-27.33521,-35.02963
IMU,377319189.0,2,25.1645,-28.09949,2.322949,-1.977275,-4.910435,0.2563806
IMU,377359479.0,2,8.937165,-13.63054,0.6962177,-23.3732,-32.36771,-21.51265
IMU,377399381.0,2,-2.634864,-5.662084,-2.394546,-83.71837,-93.77398,15.47103
IMU,377439616.0,2,-0.6673661,0.2499955,-0.2531898,-29.4994,-27.57711,2.567267
IMU,377480238.0,2,-0.8328319,0.03901501,-0.1265858,-5.01708,-3.954704,0.9646434
IMU,377520023.0,2,-0.895149,0.1570576,0.5482053,-7.094676,-4.352464,0.06343417
IMU,377559691.0,2,-1.00609,-0.1135656,1.853516,-3.671875,-1.333357,0.6754436
IMU,377600010.0,2,-0.1455835,-0.5217412,1.849854,0.3378121,-0.06065272,2.095479
IMU,377640029.0,2,-0.2509339,-0.2993973,1.661564,-1.466336,-1.867204,-0.6208858
IMU,377679748.0,2,-4.578507,2.377425,0.4939148,-22.34925,-25.35819,14.65227
IMU,377719800.0,2,-2.551188,2.064442,0.147822,-0.5878906,-0.69121,3.350449
IMU,377759718.0,2,-0.7509873,1.930109,0.04787292,-0.6817842,-0.07220235,0.8605044
IMU,377799827.0,2,-3.737592,3.470856,1.01818,-3.149296,-2.939415,-3.444166
IMU,377840055.0,2,-1.081287,4.914656,0.9499392,-6.943367,-0.6675801,-5.166509
IMU,377879747.0,2,-0.05264363,6.304502,0.3549595,-4.2731,0.2758546,-10.86296
IMU,377920149.0,2,1.333696,4.822365,0.3563161,10.81315,1.137013,-33.53506
IMU,377959752.0,2,-0.3286784,1.578171,0.3701092,2.517518,-2.643939,-4.352885
IMU,377999834.0,2,-0.547008,0.4530793,0.4675213,1.892807,-2.45489,-3.355065
IMU,378040653.0,2,-0.2711383,-1.277395,0.5610654,2.039039,-2.06983,-8.006636
IMU,378080478.0,2,0.6547318,-2.527881,0.400142,0.7830905,-1.521118,-10.57813
IMU,378120802.0,2,1.509087,-2.403687,0.260019,-2.849416,-3.041886,-12.21912
IMU,378160422.0,2,-1.384464,0.261356,-0.04861896,-2.343617,-2.921071,-5.075787
IMU,378201042.0,2,0.1291118,0.1213894,-0.09847615,-1.982758,-1.127569,-11.89315
IMU,378240761.0,2,0.2254517,-0.06951577,-0.04650245,-0.9299979,-2.080154,-9.025895
IMU,378281601.0,2,-0.03281438,0.05906623,-0.02367419,-0.8966101,-2.7243,-9.169648
IMU,378320900.0,2,-0.03903596,-0.03754488,0.03965499,-1.422609,-2.264788,-9.610052
IMU,378360918.0,2,0.01168524,0.00364822,-0.007996477,-1.663199,-2.071323,-9.613654
IMU,378401746.0,2,-0.006391168,0.008928079,-0.007152395,-1.303365,-2.41779,-9.324915
IMU,378442020.0,2,-0.01163358,-0.003347649,0.003636299,-1.502341,-2.210479,-9.459473
IMU,378481706.0,2,0.006270686,4.833697e-05,-0.004819341,-1.425886,-2.299674,-9.45025
IMU,378521503.0,2,-0.008309918,-0.0008533095,0.004059216,-1.440979,-2.300614,-9.461897
IMU,378561688.0,2,-0.0007924624,0.00304471,-0.004975357,-1.477904,-2.25567,-9.446445
IMU,378602365.0,2,-0.004374946,-0.0001053641,-0.0007555806,-1.424102,-2.28308,-9.438627
IMU,378642680.0,2,-0.002752971,0.001559024,-0.0001350084,-1.469626,-2.25768,-9.426317
IMU,378682045.0,2,-0.003632215,0.0002988504,-0.001626858,-1.444882,-2.295778,-9.423191
IMU,378722739.0,2,-0.003273949,0.0002059677,-0.0002224591,-1.466807,-2.265189,-9.451681
IMU,378762027.0,2,-0.002893202,0.001130751,-0.001126059,-1.43583,-2.274875,-9.444835
IMU,378802367.0,2,-0.002894078,4.487481e-05,0.0003637474,-1.444218,-2.271207,-9.439013
IMU,378841997.0,2,-0.003367191,-4.924283e-05,-0.0002485041,-1.456609,-2.267143,-9.43918
IMU,378882010.0,2,-0.003292779,0.0006645646,-0.0008728622,-1.446019,-2.272288,-9.450079
IMU,378922617.0,2,-0.00415655,-0.0003988432,-0.0009879759,-1.446285,-2.274443,-9.448759
IMU,378962488.0,2,-0.002937038,-3.279118e-05,-0.002060613,-1.447536,-2.286102,-9.432047
IMU,379002279.0,2,-0.002733389,8.479043e-05,-0.001023547,-1.444157,-2.275841,-9.450162
IMU,379042234.0,2,-0.003292637,-0.0003743306,-0.0007069724,-1.447109,-2.267797,-9.44319
IMU,379082009.0,2,-0.001581625,-0.0002422639,-0.0005074173,-1.431738,-2.276618,-9.453674
IMU,379122512.0,2,-0.002666976,0.002246698,-0.001556821,-1.42704,-2.265875,-9.436609
IMU,379162763.0,2,-0.003267157,0.001381488,-0.001933155,-1.446537,-2.264351,-9.469753
IMU,379202235.0,2,-0.002065544,4.552874e-05,-0.001491558,-1.4506,-2.2699,-9.430524
IMU,379242449.0,2,-0.003575684,0.001835908,-0.001798529,-1.441653,-2.274674,-9.449892
IMU,379283642.0,2,-0.001269244,0.001126915,-0.0008629662,-1.452479,-2.269459,-9.434937
IMU,379322883.0,2,-0.001856348,0.0009543436,-0.0009274933,-1.453483,-2.268012,-9.439082
IMU,379363504.0,2,-0.003023837,0.000175311,2.271465e-05,-1.442359,-2.269412,-9.438629
IMU,379403047.0,2,-0.001689058,4.318955e-06,-0.0003476568,-1.436422,-2.254051,-9.448793
IMU,379444232.0,2,-0.002199703,0.0007323821,-0.0008746428,-1.433969,-2.273782,-9.442822
IMU,379483855.0,2,-0.002646446,0.001249064,-0.0009483423,-1.452063,-2.263039,-9.451001
IMU,379523824.0,2,-0.001018265,0.0001285187,-0.001385969,-1.449356,-2.274823,-9.459434
IMU,379564256.0,2,-0.0023275,-0.0003898899,-0.0003080512,-1.435854,-2.269291,-9.444374
IMU,379604217.0,2,-0.002610289,0.001118087,-0.001054286,-1.439713,-2.272265,-9.447493
IMU,379645217.0,2,-0.003195707,0.0007327368,-0.001067125,-1.450295,-2.263163,-9.453233
IMU,379685134.0,2,-0.002741857,0.0003492026,-0.0006885561,-1.442438,-2.263108,-9.453779
