ARM,1204835865.0,0.0
AHR2,1204130468.0,6.43,-11.03,213.93,472.16,43.23752,-7.6815554
AHR2,1204234311.0,5.88,-10.22,214.26,472.43,43.2375151,-7.6815625
AHR2,1204337414.0,6.07,-10.04,214.25,472.24,43.237511,-7.6815684
AHR2,1204442161.0,5.04,-9.19,214.13,472.47,43.2375068,-7.6815739
AHR2,1204545208.0,4.82,-7.92,213.72,472.7,43.2375024,-7.6815799
AHR2,1204649359.0,3.32,-6.87,213.06,473.22,43.2374994,-7.6815847
AHR2,1204752605.0,2.8,-8.39,212.05,473.07,43.2374953,-7.6815909
AHR2,1204856312.0,2.03,-8.69,211.01,472.71,43.2374892,-7.6815986
AHR2,1204956426.0,1.87,-8.13,210.13,472.24,43.237485,-7.6816044
AHR2,1205056999.0,2.34,-6.57,208.84,471.7,43.2374803,-7.6816108
AHR2,1205156684.0,3.02,-4.55,207.35,471.5,43.2374759,-7.6816168
AHR2,1205256767.0,3.67,-2.03,205.85,471.5,43.237472,-7.6816224
AHR2,1205356761.0,4.24,0.8,204.47,471.48,43.2374678,-7.6816283
AHR2,1205457225.0,3.75,4.8,203.34,471.23,43.2374634,-7.6816335
AHR2,1205556815.0,1.63,10.14,202.31,470.86,43.2374592,-7.681639
AHR2,1205658203.0,-1.71,16.22,200.93,470.59,43.2374554,-7.6816434
AHR2,1205758194.0,-6.41,21.47,199.14,470.1,43.2374511,-7.6816489
AHR2,1205858479.0,-11.85,25.33,196.93,469.64,43.2374466,-7.6816546
AHR2,1205958713.0,23.84,-18.8,191.43,467.45,43.2374426,-7.6816598
AHR2,1206059515.0,32.17,-24.69,188.2,465.5,43.2374403,-7.6816635
AHR2,1206159640.0,27.42,-16.97,192.08,466.49,43.2374369,-7.6816682
AHR2,1206259609.0,4.76,-6.89,194.49,466.45,43.2374454,-7.6816653
AHR2,1206359626.0,13.14,-13.08,193.54,466.49,43.2374464,-7.6816672
AHR2,1206459499.0,13.29,-12.81,193.03,466.45,43.2374452,-7.6816623
AHR2,1206559653.0,13.29,-12.28,192.59,466.67,43.2374453,-7.6816619
AHR2,1206659464.0,13.26,-11.99,192.58,466.39,43.2374451,-7.6816615
AHR2,1206759468.0,13.28,-11.74,192.56,466.5,43.237445,-7.6816612
AHR2,1206859472.0,13.33,-11.53,192.53,466.49,43.2374452,-7.6816611
AHR2,1206959607.0,13.39,-11.36,192.51,466.63,43.2374451,-7.6816609
AHR2,1207059471.0,13.44,-11.17,192.47,466.4,43.2374457,-7.6816602
AHR2,1207159535.0,13.49,-10.99,192.44,466.58,43.2374459,-7.6816599
AHR2,1207259761.0,13.54,-10.82,192.41,466.31,43.2374458,-7.6816601
AHR2,1207359740.0,13.59,-10.64,192.38,466.61,43.2374458,-7.6816601
AHR2,1207460594.0,13.64,-10.48,192.35,466.53,43.2374459,-7.6816595
AHR2,1207560409.0,13.69,-10.31,192.31,466.5,43.2374459,-7.6816594
AHR2,1207660398.0,13.74,-10.14,192.28,466.32,43.2374459,-7.6816595
AHR2,1207760463.0,13.79,-9.99,192.25,466.53,43.2374459,-7.6816594
AHR2,1207860738.0,13.83,-9.83,192.22,466.37,43.2374458,-7.681659
ATT,1204129935.0,5.38,5.63,-11.62,-10.71,222.64,224.43
ATT,1204233780.0,4.89,5.06,-10.95,-9.91,222.72,224.93
ATT,1204336943.0,3.89,5.21,-10.21,-9.75,222.85,225.23
ATT,1204441643.0,2.91,4.19,-9.58,-8.92,222.95,225.27
ATT,1204544696.0,2.04,4.06,-9.11,-7.63,223.03,224.94
ATT,1204648825.0,1.55,2.63,-9.01,-6.6,223.07,224.31
ATT,1204752135.0,1.31,2.03,-9.14,-8.21,223.09,223.57
ATT,1204855800.0,1.35,1.28,-8.84,-8.53,222.71,222.73
ATT,1204955980.0,0.69,1.26,-5.17,-7.9,221.76,221.78
ATT,1205056673.0,0.35,1.8,-2.63,-6.3,220.24,220.27
ATT,1205156304.0,0.17,2.47,-1.34,-4.27,218.52,218.55
ATT,1205256300.0,0.09,3.01,-0.68,-1.51,216.88,216.91
ATT,1205356301.0,0.04,3.36,-0.35,1.79,215.4,215.44
ATT,1205456776.0,0.02,2.6,-0.17,6.24,214.13,214.16
ATT,1205556413.0,0.01,0.16,-0.09,12.0,212.83,212.84
ATT,1205657756.0,0.0,-3.61,-0.04,18.5,211.02,211.0
ATT,1205757741.0,0.0,-8.88,-0.02,24.21,208.7,208.63
ATT,1205858096.0,0.0,-14.94,-0.01,28.44,205.93,205.8
ATT,1205958341.0,0.0,20.23,0.0,-15.76,202.78,202.97
ATT,1206059076.0,0.0,27.81,0.0,-21.11,199.88,200.13
ATT,1206159292.0,0.0,22.95,0.0,-12.28,202.19,202.39
ATT,1206259209.0,0.0,-1.22,0.0,-0.78,203.19,203.19
ATT,1206359199.0,0.0,4.01,0.0,-5.01,202.78,202.83
ATT,1206459092.0,0.0,2.59,0.0,-3.8,202.36,202.39
ATT,1206559302.0,0.0,2.59,0.0,-3.55,201.95,201.98
ATT,1206659149.0,0.0,2.59,0.0,-3.45,201.98,202.01
ATT,1206759151.0,0.0,2.57,0.0,-3.33,201.86,201.89
ATT,1206859156.0,0.0,2.58,0.0,-3.24,201.67,201.7
ATT,1206959168.0,0.0,2.62,0.0,-3.15,201.33,201.36
ATT,1207059090.0,0.0,2.65,0.0,-3.05,200.94,200.98
ATT,1207159089.0,0.0,2.71,0.0,-2.92,200.33,200.37
ATT,1207259354.0,0.0,2.8,0.0,-2.77,199.37,199.4
ATT,1207359329.0,0.0,2.95,0.0,-2.53,197.59,197.63
ATT,1207459998.0,0.0,3.08,0.0,-2.3,195.92,195.95
ATT,1207559865.0,0.0,3.24,0.0,-2.02,193.86,193.89
ATT,1207659851.0,0.0,3.34,0.0,-1.81,192.41,192.45
ATT,1207759968.0,0.0,3.48,0.0,-1.53,190.42,190.46
ATT,1207860358.0,0.0,3.58,0.0,-1.29,188.84,188.88
BARO,1204104936.0,0,1.346977,96723.59,43.67
BARO,1204208646.0,0,1.612595,96720.72,43.67
BARO,1204312295.0,0,1.426097,96722.73,43.67
BARO,1204421350.0,0,1.657806,96720.23,43.67
BARO,1204524688.0,0,1.881038,96717.79,43.67
BARO,1204628131.0,0,2.409448,96712.08,43.67
BARO,1204732387.0,0,2.256859,96713.73,43.67
BARO,1204836192.0,0,1.895167,96717.65,43.67
BARO,1204936091.0,0,1.426097,96722.73,43.67
BARO,1205036368.0,0,0.8892107,96728.56,43.67
BARO,1205136416.0,0,0.6885846,96730.72,43.67
BARO,1205236340.0,0,0.6801075,96730.8,43.67
BARO,1205336382.0,0,0.6688046,96730.93,43.67
BARO,1205436432.0,0,0.4116641,96733.73,43.67
BARO,1205536457.0,0,0.04714629,96737.67,43.67
BARO,1205637418.0,0,-0.2297742,96740.66,43.67
BARO,1205737319.0,0,-0.7129723,96745.91,43.67
BARO,1205837835.0,0,-1.173565,96750.89,43.67
BARO,1205937723.0,0,-3.369149,96774.67,43.67
BARO,1206038838.0,0,-5.31607,96795.78,43.67
BARO,1206139149.0,0,-4.324242,96785.03,43.66
BARO,1206239091.0,0,-4.366628,96785.49,43.67
BARO,1206339159.0,0,-4.329893,96785.09,43.66
BARO,1206439078.0,0,-4.363802,96785.46,43.66
BARO,1206539308.0,0,-4.149047,96783.13,43.66
BARO,1206639658.0,0,-4.425968,96786.13,43.66
BARO,1206739186.0,0,-4.315765,96784.95,43.66
BARO,1206839184.0,0,-4.324242,96785.03,43.66
BARO,1206939179.0,0,-4.188607,96783.57,43.67
BARO,1207039362.0,0,-4.41749,96786.03,43.67
BARO,1207139331.0,0,-4.233819,96784.07,43.67
BARO,1207239174.0,0,-4.502262,96786.98,43.67
BARO,1207339310.0,0,-4.202736,96783.71,43.67
BARO,1207439661.0,0,-4.284682,96784.61,43.68
BARO,1207539987.0,0,-4.31859,96784.96,43.68
BARO,1207642342.0,0,-4.490959,96786.84,43.68
BARO,1207742283.0,0,-4.281856,96784.59,43.68
BARO,1207842670.0,0,-4.442922,96786.32,43.69
BARO,1204104936.0,1,1.878213,96838.2,40.42
BARO,1204208646.0,1,2.027976,96836.57,40.42
BARO,1204312295.0,1,2.019499,96836.66,40.42
BARO,1204421350.0,1,2.107096,96835.71,40.42
BARO,1204524688.0,1,2.290768,96833.71,40.42
BARO,1204628131.0,1,2.819177,96828.01,40.42
BARO,1204732387.0,1,2.525302,96831.16,40.42
BARO,1204836192.0,1,2.437705,96832.12,40.42
BARO,1204936091.0,1,2.217299,96834.52,40.41
BARO,1205036368.0,1,1.643678,96840.73,40.42
BARO,1205136416.0,1,1.488263,96842.43,40.42
BARO,1205236340.0,1,1.533475,96841.95,40.41
BARO,1205336382.0,1,1.502392,96842.28,40.41
BARO,1205436432.0,1,0.9994138,96847.71,40.42
BARO,1205536457.0,1,0.6264188,96851.77,40.42
BARO,1205637418.0,1,0.4597014,96853.57,40.41
BARO,1205737319.0,1,0.01041194,96858.46,40.41
BARO,1205837835.0,1,-0.7412295,96866.6,40.42
BARO,1205937723.0,1,-4.10101,96903.05,40.41
BARO,1206038838.0,1,-4.109487,96903.16,40.41
BARO,1206139149.0,1,-3.609335,96897.74,40.41
BARO,1206239091.0,1,-3.812787,96899.95,40.41
BARO,1206339159.0,1,-3.891907,96900.77,40.41
BARO,1206439078.0,1,-3.971027,96901.63,40.41
BARO,1206539308.0,1,-3.968201,96901.6,40.41
BARO,1206639658.0,1,-3.855172,96900.4,40.4
BARO,1206739186.0,1,-3.869301,96900.55,40.4
BARO,1206839184.0,1,-3.894732,96900.82,40.4
BARO,1206939179.0,1,-3.784529,96899.63,40.4
BARO,1207039362.0,1,-3.679978,96898.48,40.4
BARO,1207139331.0,1,-3.877778,96900.63,40.4
BARO,1207239174.0,1,-3.835392,96900.18,40.4
BARO,1207339310.0,1,-4.04167,96902.42,40.4
BARO,1207439661.0,1,-3.90321,96900.91,40.4
BARO,1207539987.0,1,-3.82409,96900.06,40.4
BARO,1207642342.0,1,-3.917338,96901.06,40.4
BARO,1207742283.0,1,-3.682803,96898.52,40.4
BARO,1207842670.0,1,-3.897558,96900.84,40.4
GPS,1204200713.0,3,14,43.2375213,-7.6815538,472.74,6.484,0.103,0.0
GPS,1204407727.0,3,15,43.2375131,-7.6815652,472.71,6.589,0.117,0.0
GPS,1204635198.0,3,15,43.2375048,-7.6815769,472.66,6.607,0.208,0.0
GPS,1204804802.0,3,15,43.2374964,-7.6815887,472.67,6.689,0.07300001,0.0
GPS,1205006084.0,3,15,43.2374877,-7.6816007,472.64,6.905,0.498,0.0
GPS,1205206435.0,3,15,43.237479,-7.6816125,472.31,6.678,2.63,0.0
GPS,1205406660.0,3,15,43.2374706,-7.681624,471.55,6.572001,4.556,0.0
GPS,1205626652.0,3,15,43.2374619,-7.6816351,470.46,6.567,6.249,0.0
GPS,1205807808.0,3,15,43.2374535,-7.6816458,469.04,6.186,7.777,0.0
GPS,1206008295.0,3,15,43.237446,-7.6816555,467.13,5.361,9.142,0.0
GPS,1206209157.0,3,15,43.2374437,-7.6816621,465.81,1.925,4.037,0.0
GPS,1206409217.0,3,15,43.2374449,-7.681663,465.41,0.408,0.734,0.0
GPS,1206628842.0,3,15,43.2374452,-7.681662,465.31,0.303,0.85,0.0
GPS,1206809388.0,3,15,43.2374452,-7.6816614,465.28,0.167,0.627,0.0
GPS,1207009334.0,3,15,43.2374455,-7.6816607,465.32,0.301,0.554,0.0
GPS,1207209193.0,3,15,43.2374458,-7.6816602,465.36,0.057,0.337,0.0
GPS,1207409198.0,3,15,43.2374459,-7.6816596,465.29,0.079,0.327,0.0
GPS,1207629682.0,3,15,43.2374459,-7.6816595,465.42,0.06,0.195,0.0
GPS,1207810187.0,3,15,43.2374458,-7.6816591,465.5,0.086,0.019,0.0
IMU,1204031868.0,0,-0.35995,0.04545654,0.1558155,-0.9638797,-0.262306,-8.695067
IMU,1204074866.0,0,-0.2429911,0.03310396,0.2504483,-1.571063,0.05677549,-9.066751
IMU,1204115363.0,0,-0.01230396,0.2089239,0.05701256,-0.4973919,-0.1783601,-9.747922
IMU,1204158443.0,0,-0.1937634,0.1461785,0.03102438,-0.7810011,-0.2009195,-9.946136
IMU,1204197831.0,0,-0.3597417,0.1840993,0.05947196,-1.125819,-0.07898832,-10.0303
IMU,1204239161.0,0,-0.02600135,-0.06386919,0.02958987,-0.02679056,0.6580768,-10.19487
IMU,1204281805.0,0,0.1491977,0.001549827,-0.01998919,-0.8006355,-0.08386031,-9.312982
IMU,1204321996.0,0,0.07526894,0.06823976,0.06825224,-1.029211,0.2556035,-9.6792
IMU,1204365800.0,0,0.1508903,0.3306793,0.009637904,-0.4225165,0.02381602,-9.987283
IMU,1204405470.0,0,-0.3344027,0.1174921,-0.02744344,-0.7401332,-0.06171629,-9.657803
IMU,1204446940.0,0,-0.2070001,0.1540141,-0.06175525,-1.115565,0.1205861,-9.943745
IMU,1204489728.0,0,-0.2522421,0.2225631,-0.1084509,-1.440054,0.4788494,-10.51457
IMU,1204529973.0,0,0.009035408,0.313355,-0.06212027,-1.530778,0.2801878,-9.81498
IMU,1204575437.0,0,-0.2892953,0.2927852,-0.04614256,-1.969316,-0.271933,-10.44554
IMU,1204615852.0,0,-0.4634159,0.2610091,-0.1404406,-0.5125286,0.05815603,-9.914704
IMU,1204656689.0,0,-0.1381049,-0.2160449,-0.1877123,0.02808796,0.1492904,-10.03821
IMU,1204699771.0,0,-0.3733461,-0.1685887,-0.1672154,-1.400022,0.1764926,-9.234786
IMU,1204739479.0,0,0.1708243,-0.1843374,-0.2115378,-0.5650114,-0.5530711,-8.960876
IMU,1204785338.0,0,-0.1501795,-0.0496133,-0.1610726,-1.071069,-0.1627313,-8.995994
IMU,1204826158.0,0,-0.07022634,-0.09888587,-0.210659,-0.04726673,-0.1285069,-9.998811
IMU,1204866405.0,0,-0.08133201,-0.03013892,-0.09496775,-1.476266,0.1380942,-7.365889
IMU,1204905866.0,0,-0.03332705,0.04267165,-0.1431075,-0.9353528,0.02537998,-1.151566
IMU,1204946659.0,0,0.002441764,0.293922,-0.1700643,-0.1773113,-0.4843358,-1.823717
IMU,1204985975.0,0,0.05802353,0.2898172,-0.2214631,-0.4185871,0.1002795,0.3370703
IMU,1205026639.0,0,0.02996681,0.3281979,-0.2202224,-0.2130238,-0.3279382,-0.4270166
IMU,1205066701.0,0,0.0916623,0.3196196,-0.2417852,-0.4234439,-0.2213266,-0.4178535
IMU,1205106341.0,0,0.08126803,0.3901225,-0.2633598,-0.346668,-0.1921304,-0.2522932
IMU,1205146762.0,0,0.09690556,0.3738433,-0.2694341,-0.2490558,-0.2095452,-0.5877578
IMU,1205186447.0,0,0.1035788,0.4295573,-0.272053,-0.3474646,-0.2665797,-0.5708914
IMU,1205226325.0,0,0.04734239,0.5308321,-0.2636177,-0.3869217,-0.2864026,-0.6566603
IMU,1205266714.0,0,0.05652163,0.571462,-0.2645344,-0.3111595,-0.3078286,-0.7135633
IMU,1205306431.0,0,0.07361476,0.5749164,-0.2541145,-0.325313,-0.3341432,-0.8530102
IMU,1205346682.0,0,0.02538137,0.6062418,-0.2435644,-0.3497358,-0.3969656,-0.9948714
IMU,1205386386.0,0,-0.03728401,0.7098367,-0.2274888,-0.4125618,-0.3767866,-0.952315
IMU,1205426455.0,0,-0.131053,0.8159645,-0.2029351,-0.3975447,-0.4327966,-1.155437
IMU,1205466947.0,0,-0.262594,0.939662,-0.1927127,-0.4012401,-0.4435806,-1.470892
IMU,1205506461.0,0,-0.3887281,1.01958,-0.1848364,-0.3875179,-0.4560056,-1.774629
IMU,1205547096.0,0,-0.4631518,1.054905,-0.1732938,-0.2964249,-0.398755,-1.887489
IMU,1205586554.0,0,-0.5006586,1.143377,-0.1890808,-0.1732817,-0.3451283,-1.977867
IMU,1205626781.0,0,-0.5870937,1.18318,-0.1947265,-0.1258705,-0.3121331,-2.170912
IMU,1205667657.0,0,-0.6793095,1.138391,-0.2076029,-0.00943078,-0.2264027,-2.282678
IMU,1205707783.0,0,-0.732228,1.111459,-0.2014946,0.0187124,-0.05419815,-2.273578
IMU,1205747385.0,0,-0.8109958,0.9676678,-0.2074154,0.1319726,-0.01346358,-2.516188
IMU,1205787339.0,0,-0.8386196,0.8553354,-0.213164,0.1571507,0.1790975,-2.825156
IMU,1205827739.0,0,-0.8415111,0.8171157,-0.2166743,0.02009478,0.1270211,-3.14654
IMU,1205868128.0,0,-0.8627025,0.7900798,-0.2307284,0.001043568,0.2074755,-3.397258
IMU,1205908209.0,0,11.29706,-12.94374,0.3806991,-67.07405,-49.14249,-36.10833
IMU,1205948128.0,0,5.731065,-4.441632,-0.1145876,13.64198,27.35339,-17.50563
IMU,1205987751.0,0,1.153549,-2.863237,-0.08220262,-5.331661,-2.080265,0.6866094
IMU,1206028744.0,0,1.48752,-1.363975,-0.08066238,-2.944944,-2.897607,4.859478
IMU,1206068706.0,0,0.1489874,0.7784742,-0.08213998,-3.742433,-4.125637,3.258764
IMU,1206109156.0,0,-1.192189,1.701924,-0.08198406,-3.917441,-5.611705,0.8434982
IMU,1206149085.0,0,-2.065245,2.189939,-0.08184594,-3.121696,-4.701375,-1.459904
IMU,1206189484.0,0,-2.817234,2.493722,-0.08019188,-1.95079,-4.482949,-2.813372
IMU,1206228715.0,0,-5.17869,1.064592,-0.08255719,3.694774,-5.598952,-6.71977
IMU,1206268841.0,0,-2.05219,0.9956955,-0.08108074,6.091566,10.97627,-67.03851
IMU,1206309083.0,0,1.690451,-1.316076,-0.08363155,0.5571274,0.7353525,-4.368844
IMU,1206348941.0,0,-0.1803566,0.0289983,-0.08456248,-4.322956,-5.274035,-3.479404
IMU,1206389770.0,0,-1.194573,0.736795,-0.0812305,-2.174384,-0.782501,-9.86674
IMU,1206428710.0,0,-0.13978,0.01114536,-0.08153448,2.284268,-3.475411,-13.52735
IMU,1206468761.0,0,0.3878209,-0.2331131,-0.08276719,-1.756391,-2.137589,-7.932329
IMU,1206509173.0,0,-0.2216955,0.2366768,-0.08531982,-0.4516822,-1.628641,-9.538682
IMU,1206548946.0,0,0.08272043,-0.08927969,-0.08387555,0.111302,-1.79586,-10.30108
IMU,1206589430.0,0,-0.03988674,0.06630408,0.004276015,-0.845001,-2.101818,-8.615178
IMU,1206629089.0,0,0.001506943,0.002861234,0.005310119,-0.1373599,-1.88319,-10.23828
IMU,1206668681.0,0,-0.001672794,0.0213678,0.003257756,-0.6901714,-2.011238,-9.06034
IMU,1206709339.0,0,0.002041961,0.01651939,0.005220961,-0.3077277,-1.938788,-9.88836
IMU,1206748850.0,0,-0.01094363,0.02025625,0.004694514,-0.5966181,-2.009829,-9.27232
IMU,1206789424.0,0,0.006141478,0.01317294,0.00462044,-0.3968594,-1.968559,-9.73463
IMU,1206828790.0,0,-0.01000705,0.0225126,0.004231633,-0.5270978,-1.987984,-9.40325
IMU,1206868661.0,0,0.002944828,0.01045123,0.005536491,-0.4374315,-1.972915,-9.633103
IMU,1206909080.0,0,-0.006883731,0.02056046,0.005385089,-0.4936202,-1.988925,-9.497474
IMU,1206949066.0,0,0.001880266,0.01334349,0.005045025,-0.4554552,-1.97341,-9.557905
IMU,1206989445.0,0,-0.007585612,0.01922589,0.00339001,-0.4868749,-1.975448,-9.529169
IMU,1207028835.0,0,-0.0001723033,0.01519924,0.003362366,-0.4727191,-1.981769,-9.544097
IMU,1207068693.0,0,-0.004039215,0.01715155,0.003817294,-0.4738754,-1.96566,-9.55796
IMU,1207109153.0,0,-0.001880656,0.01583334,0.003521573,-0.4737538,-1.973494,-9.517133
IMU,1207149067.0,0,-0.00133818,0.01584684,0.004299297,-0.4708501,-1.966641,-9.5428
IMU,1207189428.0,0,-0.002032793,0.01545317,0.00481793,-0.4788983,-1.982571,-9.529983
IMU,1207228780.0,0,-0.001517677,0.01592183,0.004624293,-0.4679575,-1.969872,-9.532926
IMU,1207268669.0,0,-0.003915728,0.01531579,0.005412605,-0.4718148,-1.982577,-9.549874
IMU,1207309079.0,0,-0.001840571,0.01754381,0.003782626,-0.4750417,-1.986019,-9.535009
IMU,1207349359.0,0,-0.001603996,0.01579518,0.005421125,-0.4716316,-1.972671,-9.52918
IMU,1207388761.0,0,-0.002178023,0.01531934,0.00385785,-0.4763471,-1.96538,-9.53243
IMU,1207429484.0,0,-0.001061548,0.01591036,0.004190256,-0.476264,-1.974302,-9.521161
IMU,1207469635.0,0,-0.002094002,0.01640919,0.005002333,-0.4747888,-1.984473,-9.554831
IMU,1207510001.0,0,-0.002451866,0.01606492,0.003774194,-0.4818588,-1.952432,-9.518676
IMU,1207549967.0,0,-0.001753899,0.01661422,0.003728092,-0.4649794,-1.964421,-9.543012
IMU,1207590432.0,0,-0.002575989,0.01680456,0.004813965,-0.4724912,-1.973393,-9.534624
IMU,1207629822.0,0,-0.002877893,0.01627239,0.004739192,-0.4721563,-1.962099,-9.512632
IMU,1207669481.0,0,-0.001706522,0.01519903,0.005560589,-0.4687072,-1.966236,-9.548838
IMU,1207710171.0,0,-0.001278925,0.01415626,0.004794324,-0.4710414,-1.967411,-9.556358
IMU,1207749755.0,0,-0.002702351,0.01633529,0.005677377,-0.4699492,-1.963583,-9.530354
IMU,1207790400.0,0,-0.001191571,0.01594955,0.004286673,-0.4813046,-1.976671,-9.545259
IMU,1207829837.0,0,-0.002097516,0.01547817,0.00421723,-0.4777302,-1.97605,-9.528648
IMU,1207869795.0,0,-0.002241777,0.0157667,0.003864815,-0.4727343,-1.973641,-9.519706
IMU,1207910496.0,0,-0.002283084,0.01523332,0.004823933,-0.479487,-1.968117,-9.520158
IMU,1207950188.0,0,-0.001594433,0.01526459,0.003371307,-0.4652953,-1.966629,-9.556068
IMU,1204031868.0,1,-0.314737,-0.02135211,0.1714421,-0.2650418,-0.2106427,-8.837149
IMU,1204074866.0,1,-0.1164539,-0.002097565,0.1619855,-1.316736,0.01299568,-8.835345
IMU,1204115363.0,1,-0.1029543,0.1642416,0.05031811,-0.629424,-0.0810869,-9.341596
IMU,1204158443.0,1,-0.1303343,0.1326065,0.04622752,-0.693055,-0.1476644,-9.912019
IMU,1204197831.0,1,-0.2862628,0.115393,0.04722105,-1.074314,-0.1380939,-9.922925
IMU,1204239161.0,1,0.08287029,-0.02235159,0.02324421,0.1668387,0.6258063,-10.62733
IMU,1204281805.0,1,0.19029,-0.0357703,-0.01031649,-0.5580478,0.001774373,-9.328337
IMU,1204321996.0,1,0.1020354,0.06502484,0.0410356,-1.208828,0.2976418,-10.28265
IMU,1204365800.0,1,0.09484079,0.2953499,-0.0009865412,-0.656449,0.1497388,-10.19778
IMU,1204405470.0,1,-0.2745359,0.06690559,-0.04426872,-0.8187347,-0.04217172,-9.246879
IMU,1204446940.0,1,-0.2098644,0.09152794,-0.07912642,-0.6262048,0.02010297,-9.806305
IMU,1204489728.0,1,-0.2983477,0.1641172,-0.1213816,-1.538953,0.3697284,-10.01906
IMU,1204529973.0,1,0.1289259,0.211976,-0.03482193,-1.113545,0.4291704,-9.994446
IMU,1204575437.0,1,-0.2501244,0.2297616,-0.06812383,-1.384826,-0.1656739,-9.966287
IMU,1204615852.0,1,-0.39424,0.2171075,-0.1460951,-0.09829421,0.09062317,-10.43387
IMU,1204656689.0,1,-0.1119585,-0.2130765,-0.2204184,-0.8477425,-0.07325681,-9.973888
IMU,1204699771.0,1,-0.2917508,-0.2246739,-0.1764016,-0.5111884,0.1020022,-9.065608
IMU,1204739479.0,1,0.138587,-0.223939,-0.1998599,-0.6412547,-0.2447788,-9.912214
IMU,1204785338.0,1,-0.08833295,-0.1044629,-0.1588734,-1.133168,-0.006105157,-9.141191
IMU,1204826158.0,1,-0.03817834,-0.03755001,-0.2478676,-0.6300758,-0.2254551,-10.69482
IMU,1204866405.0,1,-0.05838374,-0.05386252,-0.1225623,-1.540655,0.2183945,-7.089606
IMU,1204905866.0,1,-0.01914328,0.03484064,-0.1450369,-0.9498138,0.01588058,-1.046015
IMU,1204946659.0,1,0.06965385,0.2818489,-0.1655768,-0.1342481,-0.4513902,-1.974394
IMU,1204985975.0,1,0.06000724,0.2463188,-0.2237168,-0.4710958,0.1427968,0.2450807
IMU,1205026639.0,1,0.05925058,0.2905305,-0.2194361,-0.1681939,-0.2911478,-0.4843287
IMU,1205066701.0,1,0.1215886,0.2806524,-0.2367163,-0.4314256,-0.166113,-0.3780117
IMU,1205106341.0,1,0.1079543,0.3524614,-0.2579712,-0.3507175,-0.002123209,-0.5077108
IMU,1205146762.0,1,0.1225071,0.3425796,-0.2639381,-0.2652629,-0.1707586,-0.7087362
IMU,1205186447.0,1,0.1261438,0.3950776,-0.2692669,-0.34437,-0.1242425,-0.5969893
IMU,1205226325.0,1,0.07624905,0.4866967,-0.2531482,-0.3903726,-0.1812379,-0.7365842
IMU,1205266714.0,1,0.08042465,0.5322533,-0.2538581,-0.3861828,-0.2309483,-0.8414279
IMU,1205306431.0,1,0.09812459,0.5359786,-0.2441207,-0.4057712,-0.1625561,-0.952149
IMU,1205346682.0,1,0.04777094,0.5716475,-0.2334394,-0.4692608,-0.2654142,-1.041164
IMU,1205386386.0,1,-0.01122212,0.6635132,-0.219507,-0.4114873,-0.3015447,-1.072625
IMU,1205426455.0,1,-0.1017096,0.7732947,-0.1981395,-0.449017,-0.3735111,-1.357556
IMU,1205466947.0,1,-0.2340409,0.8990793,-0.1832174,-0.4639918,-0.2770531,-1.69336
IMU,1205506461.0,1,-0.3582804,0.9708833,-0.177863,-0.4415553,-0.3459144,-1.887706
IMU,1205547096.0,1,-0.4313629,1.012096,-0.1699814,-0.3543109,-0.3329493,-1.936869
IMU,1205586554.0,1,-0.4659893,1.099806,-0.1831714,-0.1818327,-0.2777043,-2.082815
IMU,1205626781.0,1,-0.5520537,1.149603,-0.1877117,-0.1726291,-0.1940895,-2.254147
IMU,1205667657.0,1,-0.6440223,1.09674,-0.2065211,-0.04456709,-0.05077865,-2.370779
IMU,1205707783.0,1,-0.6959007,1.070914,-0.2023534,-0.007706759,0.03314695,-2.344593
IMU,1205747385.0,1,-0.7754212,0.9368044,-0.2121256,0.05643942,0.04362364,-2.53124
IMU,1205787339.0,1,-0.8070864,0.8167363,-0.2250554,0.0942453,0.3064969,-2.840766
IMU,1205827739.0,1,-0.804045,0.7817287,-0.2246575,-0.04761482,0.2467965,-3.267514
IMU,1205868128.0,1,-0.8247573,0.7578483,-0.2440834,-0.01618456,0.2600135,-3.281097
IMU,1205908209.0,1,21.49117,-21.94015,-3.994131,-116.0139,-103.62,-56.60166
IMU,1205948128.0,1,3.217707,-4.791839,-2.124984,22.65856,41.72988,-3.907074
IMU,1205987751.0,1,1.182288,-3.178851,-0.7629431,-5.085567,-2.029571,0.4591036
IMU,1206028744.0,1,1.257748,-1.345214,-0.5740119,-3.117448,-2.77747,5.017396
IMU,1206068706.0,1,0.04229164,0.7415169,-0.5543951,-3.551022,-3.950156,3.677121
IMU,1206109156.0,1,-1.148357,1.657279,-0.6253565,-3.906543,-5.321687,0.5340893
IMU,1206149085.0,1,-1.955688,2.112559,-0.8367679,-3.050993,-4.412771,-1.843268
IMU,1206189484.0,1,-2.673958,2.381313,-1.101805,-1.84762,-4.376533,-3.331468
IMU,1206228715.0,1,-4.756148,1.238939,-1.2437,3.552448,-5.786089,-8.786773
IMU,1206268841.0,1,-2.685085,1.014716,0.1266344,3.467269,30.13928,-47.94148
IMU,1206309083.0,1,1.514772,-1.416175,0.1935392,0.4400917,-0.08451726,-4.329797
IMU,1206348941.0,1,0.02741862,-0.07647372,0.2180039,-4.3106,-5.169727,-4.152808
IMU,1206389770.0,1,-1.135033,0.678777,-0.1433938,-2.075112,-0.6440511,-10.07434
IMU,1206428710.0,1,-0.04322306,0.01934632,-0.02803274,2.233638,-3.355374,-13.62073
IMU,1206468761.0,1,0.4322997,-0.2800646,0.007205953,-1.770745,-2.039414,-7.962501
IMU,1206509173.0,1,-0.2179086,0.2081024,-0.02749163,-0.3956885,-1.523389,-9.680508
IMU,1206548946.0,1,0.09464123,-0.1090952,0.003035264,0.09709489,-1.732911,-10.20248
IMU,1206589430.0,1,-0.005457082,0.0247516,-0.01719444,-0.8994169,-2.012741,-8.728331
IMU,1206629089.0,1,0.02057589,-0.01302902,-0.007044682,-0.1726668,-1.822914,-10.1342
IMU,1206668681.0,1,0.02868077,-0.006213579,-0.004031365,-0.6242554,-1.847079,-9.152797
IMU,1206709339.0,1,0.0276315,-0.01085196,-0.01114762,-0.4789981,-1.814731,-9.944389
IMU,1206748850.0,1,0.01664307,-0.006895639,-0.003108984,-0.6200333,-1.900188,-9.412274
IMU,1206789424.0,1,0.03284975,-0.01373099,-0.01089189,-0.4186189,-1.869264,-9.93536
IMU,1206828790.0,1,0.01503591,-0.00995369,-0.009323413,-0.507779,-1.984632,-9.397106
IMU,1206868661.0,1,0.03364196,-0.01046741,-0.004973068,-0.4575082,-1.932134,-9.613182
IMU,1206909080.0,1,0.01729001,-0.01045603,-0.009494615,-0.4604279,-1.933192,-9.491604
IMU,1206949066.0,1,0.02980266,-0.005751255,-0.006485861,-0.4886364,-1.852252,-9.627735
IMU,1206989445.0,1,0.02118654,-0.01267265,-0.01130875,-0.4093158,-1.859888,-9.604866
IMU,1207028835.0,1,0.0290813,-0.01318521,-0.01366869,-0.4801941,-1.860923,-9.572806
IMU,1207068693.0,1,0.02162638,-0.006771158,-0.008036548,-0.4527768,-1.906718,-9.585292
IMU,1207109153.0,1,0.02129518,-0.01333465,-0.01205876,-0.4190998,-1.940371,-9.644883
IMU,1207149067.0,1,0.02288346,-0.00961057,-0.00875957,-0.450401,-1.921151,-9.662858
IMU,1207189428.0,1,0.02442761,-0.01098191,-0.009086785,-0.4147302,-1.966964,-9.440304
IMU,1207228780.0,1,0.02456615,-0.0069701,-0.004998726,-0.4911136,-1.754499,-9.693223
IMU,1207268669.0,1,0.02399989,-0.007806711,-0.006150671,-0.4750429,-1.83408,-9.475595
IMU,1207309079.0,1,0.02170264,-0.007603573,-0.009613317,-0.4214723,-1.878375,-9.663881
IMU,1207349359.0,1,0.02125665,-0.005419396,-0.008185097,-0.4550766,-1.798891,-9.6202
IMU,1207388761.0,1,0.02294329,-0.006875404,-0.005303998,-0.5208334,-1.804008,-9.613274
IMU,1207429484.0,1,0.02643214,-0.01011993,-0.008096212,-0.4800963,-1.833907,-9.547114
IMU,1207469635.0,1,0.02221962,-0.01283998,-0.005653516,-0.5213315,-1.924055,-9.595274
IMU,1207510001.0,1,0.0264345,-0.01118299,-0.008569855,-0.4105777,-1.952921,-9.599499
IMU,1207549967.0,1,0.02043164,-0.0118653,-0.0112326,-0.4722729,-1.939179,-9.533276
IMU,1207590432.0,1,0.02448699,-0.007746421,-0.005617165,-0.4019738,-1.925361,-9.596226
IMU,1207629822.0,1,0.0211979,-0.01205119,-0.01054826,-0.4773748,-1.911456,-9.556417
IMU,1207669481.0,1,0.02460602,-0.01049813,-0.009951602,-0.4950832,-1.907264,-9.487648
IMU,1207710171.0,1,0.02196068,-0.006973445,-0.009218174,-0.4664365,-1.902195,-9.617357
IMU,1207749755.0,1,0.02696222,-0.005735608,-0.002897796,-0.4402779,-1.987839,-9.608114
IMU,1207790400.0,1,0.02668994,-0.009256958,-0.005619612,-0.4874748,-1.876821,-9.408581
IMU,1207829837.0,1,0.02387748,-0.006328473,-0.01054825,-0.4129738,-1.921904,-9.505364
IMU,1207869795.0,1,0.01898338,-0.007081534,-0.009114455,-0.4803528,-1.760679,-9.729001
IMU,1207910496.0,1,0.02750693,-0.009837667,-0.01025397,-0.4923848,-1.780095,-9.662321
IMU,1207950188.0,1,0.02422388,-0.00781793,-0.0134794,-0.4315898,-1.931798,-9.546938
IMU,1204031868.0,2,-0.3098743,-0.08371625,0.1721169,-0.2516154,-0.5314016,-9.502454
IMU,1204074866.0,2,-0.1784779,0.1524255,0.1356832,-0.8766165,-0.05880472,-9.457956
IMU,1204115363.0,2,-0.002024981,0.1358843,0.07479032,-1.052102,-0.2310856,-9.303702
IMU,1204158443.0,2,-0.07290475,0.2061028,0.05355214,-1.207454,-0.5276979,-9.74909
IMU,1204197831.0,2,-0.2752782,0.1421142,0.06187984,-0.5459529,-0.1293303,-9.942825
IMU,1204239161.0,2,-0.01902896,-0.03660745,0.05601338,-1.365711,0.621089,-10.53439
IMU,1204281805.0,2,0.1707034,-0.05570353,0.0006235407,-0.9856088,-0.06911934,-9.650205
IMU,1204321996.0,2,-0.02881991,0.1392211,0.02784581,-1.150321,0.2026365,-10.1363
IMU,1204365800.0,2,0.04431155,0.2612436,0.02396723,-1.136234,0.2541402,-10.0571
IMU,1204405470.0,2,-0.2583088,0.1060847,-0.03544648,-0.8334745,-0.3621485,-9.649052
IMU,1204446940.0,2,-0.1333162,0.09571297,-0.04055251,-0.8510818,0.05965133,-9.733032
IMU,1204489728.0,2,-0.2065326,0.2813291,-0.1014867,-1.326705,0.255381,-10.14146
IMU,1204529973.0,2,0.04555803,0.221743,-0.08567116,-0.6812958,0.06113999,-10.4851
IMU,1204575437.0,2,-0.1832998,0.3200083,-0.1137512,-0.7592987,-0.3741779,-10.21349
IMU,1204615852.0,2,-0.4215705,0.1418755,-0.1412045,-0.5824241,-0.2460208,-10.40586
IMU,1204656689.0,2,-0.1495266,-0.181864,-0.1379506,-2.051783,0.1868368,-9.93257
IMU,1204699771.0,2,-0.2956946,-0.2711848,-0.1784587,-0.7476319,-0.4037251,-8.986782
IMU,1204739479.0,2,0.04617813,-0.284596,-0.1485796,-1.154771,-0.2775723,-9.434766
IMU,1204785338.0,2,-0.1326084,-0.112945,-0.1790524,-0.9275807,-0.2759163,-9.248696
IMU,1204826158.0,2,-0.1482463,-0.07843594,-0.1437351,-1.675932,-0.1347821,-9.837399
IMU,1204866405.0,2,-0.05740106,0.02961287,-0.1310612,-0.9913198,-0.1015961,-7.182298
IMU,1204905866.0,2,-0.00367984,0.08817768,-0.1521615,-0.6860271,-0.1090706,-1.492953
IMU,1204946659.0,2,0.01419231,0.2805908,-0.1783383,-0.2650277,-0.3023885,-1.827783
IMU,1204985975.0,2,0.0639011,0.2850845,-0.2262882,-0.4250667,-0.02185664,0.1015831
IMU,1205026639.0,2,0.03810069,0.2969517,-0.2304013,-0.3280824,-0.2691823,-0.6272532
IMU,1205066701.0,2,0.09929952,0.3052346,-0.2520595,-0.4576594,-0.1975861,-0.6298679
IMU,1205106341.0,2,0.0920049,0.379726,-0.2713958,-0.4379568,-0.1774597,-0.4461206
IMU,1205146762.0,2,0.1067534,0.3633387,-0.2800742,-0.3733837,-0.2002835,-0.7494305
IMU,1205186447.0,2,0.1141495,0.4182026,-0.2831441,-0.4408361,-0.2440171,-0.7745252
IMU,1205226325.0,2,0.05926999,0.5259805,-0.2756739,-0.4680149,-0.2641131,-0.8579771
IMU,1205266714.0,2,0.07119162,0.563583,-0.2767034,-0.4404743,-0.2930768,-0.8505908
IMU,1205306431.0,2,0.08735847,0.5650825,-0.2683428,-0.4338125,-0.3206352,-1.031313
IMU,1205346682.0,2,0.03858526,0.5988832,-0.2572176,-0.4534196,-0.388607,-1.157674
IMU,1205386386.0,2,-0.02169945,0.7039967,-0.2433431,-0.4978714,-0.3701937,-1.195888
IMU,1205426455.0,2,-0.1136393,0.815549,-0.2213588,-0.4815263,-0.4066449,-1.394392
IMU,1205466947.0,2,-0.2414865,0.9425715,-0.2127663,-0.503165,-0.4331799,-1.723914
IMU,1205506461.0,2,-0.3649993,1.023793,-0.2078295,-0.5049247,-0.4413087,-1.968416
IMU,1205547096.0,2,-0.4372239,1.063195,-0.1970592,-0.4062999,-0.3872077,-2.107927
IMU,1205586554.0,2,-0.4771232,1.147989,-0.2142497,-0.3036935,-0.3460522,-2.211103
IMU,1205626781.0,2,-0.5595001,1.189506,-0.2220319,-0.254116,-0.3230459,-2.36938
IMU,1205667657.0,2,-0.6491789,1.14724,-0.2328609,-0.1267292,-0.2437036,-2.466637
IMU,1205707783.0,2,-0.7029757,1.120325,-0.2277042,-0.09382243,-0.1168112,-2.435121
IMU,1205747385.0,2,-0.784179,0.9779625,-0.2315791,-0.02671969,-0.0360377,-2.670681
IMU,1205787339.0,2,-0.8145095,0.8647969,-0.2361683,-0.05059187,0.09494425,-2.880955
IMU,1205827739.0,2,-0.8148521,0.8282816,-0.2394991,-0.09299564,0.07088051,-3.340595
IMU,1205868128.0,2,-0.8339087,0.7895957,-0.2530619,-0.120996,0.09643973,-3.508054
IMU,1205908209.0,2,9.271676,-15.69635,-0.6834114,-39.25727,-16.05552,13.10076
IMU,1205948128.0,2,-0.7332541,-0.7159348,0.1385902,11.06672,19.56398,0.1644374
IMU,1205987751.0,2,-0.7579968,-0.7050697,0.1493376,-5.288536,-3.332845,-2.286146
IMU,1206028744.0,2,-0.7545674,-1.181288,0.1485625,-3.64264,-3.44718,5.674194
IMU,1206068706.0,2,-0.7558702,0.7251691,-0.5695607,-4.169765,-4.598751,3.609301
IMU,1206109156.0,2,-0.7562352,1.693108,-0.6780263,-4.160831,-5.41932,0.2027198
IMU,1206149085.0,2,-0.7547953,2.186777,-0.9031287,-3.234955,-4.492865,-2.269047
IMU,1206189484.0,2,-0.7554821,2.513702,-1.166919,-1.987128,-4.199567,-3.886501
IMU,1206228715.0,2,-0.7523023,1.26298,-1.128238,2.905375,-5.252311,-8.569354
IMU,1206268841.0,2,-0.7506685,1.554167,0.1808292,2.2074,9.614353,-41.3924
IMU,1206309083.0,2,-0.7535085,-1.368836,0.2405097,0.8333306,-0.1276172,-4.316018
IMU,1206348941.0,2,-0.7530331,0.04314402,0.2180244,-4.233994,-4.625351,-5.117664
IMU,1206389770.0,2,-0.7520308,0.7322667,-0.1442004,-2.221716,-0.9623758,-10.0187
IMU,1206428710.0,2,-0.7515581,-0.002300495,-0.01681367,1.804372,-3.346526,-13.61839
IMU,1206468761.0,2,-0.7509463,-0.2409166,0.007533464,-1.735682,-2.085855,-8.389909
IMU,1206509173.0,2,-0.1713942,0.2239556,-0.02889216,-0.6469181,-1.815163,-9.567527
IMU,1206548946.0,2,0.0798298,-0.09442651,0.01208828,-0.121254,-1.970728,-10.33879
IMU,1206589430.0,2,-0.03833563,0.05129275,-0.007221468,-0.9974817,-2.126935,-8.897416
IMU,1206629089.0,2,0.005691427,-0.007195171,-0.001767505,-0.3857224,-2.023632,-10.20253
IMU,1206668681.0,2,-0.001884124,0.01208249,-0.003545579,-0.8584224,-2.074071,-9.249421
IMU,1206709339.0,2,0.003570905,0.002643985,-0.003172607,-0.5471108,-2.051697,-9.944151
IMU,1206748850.0,2,-0.009658507,0.009458699,-0.002188237,-0.7624294,-2.074291,-9.454741
IMU,1206789424.0,2,0.006881015,0.002062153,-0.002621009,-0.6088751,-2.058449,-9.803531
IMU,1206828790.0,2,-0.008061029,0.01136435,-0.00235724,-0.721176,-2.077258,-9.561783
IMU,1206868661.0,2,0.004998206,-0.001054053,-0.002447421,-0.6362036,-2.066427,-9.733471
IMU,1206909080.0,2,-0.005010719,0.01017763,-0.002417911,-0.6774977,-2.073732,-9.597116
IMU,1206949066.0,2,0.004986372,0.001462157,-0.002783803,-0.6620252,-2.073944,-9.669895
IMU,1206989445.0,2,-0.004342176,0.009252395,-0.002512804,-0.6803929,-2.077764,-9.659503
IMU,1207028835.0,2,0.0002166355,0.003743283,-0.002079426,-0.6746043,-2.076501,-9.65666
IMU,1207068693.0,2,-0.00329545,0.006688358,-0.002973722,-0.6737754,-2.069255,-9.667563
IMU,1207109153.0,2,-0.001702945,0.006191073,-0.003103388,-0.6795862,-2.069243,-9.647253
IMU,1207149067.0,2,-0.000684454,0.006751732,-0.002588369,-0.671421,-2.058949,-9.665179
IMU,1207189428.0,2,-0.001719553,0.007358116,-0.004556414,-0.6670494,-2.06855,-9.635578
IMU,1207228780.0,2,-0.0002152019,0.005802925,-0.002528012,-0.6696536,-2.068307,-9.645339
IMU,1207268669.0,2,-0.0004071743,0.005165351,-0.003109551,-0.6639913,-2.071913,-9.631639
IMU,1207309079.0,2,-0.000728206,0.005712843,-0.003362017,-0.6562909,-2.075176,-9.649657
IMU,1207349359.0,2,-0.001305719,0.006229752,-0.003325896,-0.6747638,-2.068476,-9.673618
IMU,1207388761.0,2,0.0007636296,0.006773202,-0.003109602,-0.6687979,-2.069466,-9.650664
IMU,1207429484.0,2,-0.0009046303,0.005978046,-0.002743131,-0.673802,-2.073005,-9.646431
IMU,1207469635.0,2,-0.001301472,0.005823369,-0.002996155,-0.6663846,-2.077839,-9.676699
IMU,1207510001.0,2,-0.000635637,0.004912158,-0.00159159,-0.6821984,-2.055736,-9.666411
IMU,1207549967.0,2,-0.001036576,0.006598385,-0.002429514,-0.6779836,-2.053968,-9.673109
IMU,1207590432.0,2,-0.000226712,0.006380431,-0.003750478,-0.674341,-2.061976,-9.658892
IMU,1207629822.0,2,-0.0002431397,0.00600615,-0.00433753,-0.6640286,-2.069093,-9.651645
IMU,1207669481.0,2,-0.000752409,0.005003124,-0.001257025,-0.6665372,-2.049534,-9.659279
IMU,1207710171.0,2,-0.0003739888,0.005085147,-0.002975872,-0.6702679,-2.071041,-9.650601
IMU,1207749755.0,2,-0.0005109907,0.006011164,-0.00244905,-0.6650321,-2.063321,-9.657541
IMU,1207790400.0,2,-0.00114482,0.005571085,-0.001637465,-0.6785004,-2.056853,-9.661608
IMU,1207829837.0,2,0.000108893,0.005598945,-0.001972737,-0.6711178,-2.065799,-9.658066
IMU,1207869795.0,2,-0.000237106,0.005555372,-0.002465155,-0.6711183,-2.06496,-9.673124
IMU,1207910496.0,2,0.0004672205,0.006741791,-0.004016839,-0.6731747,-2.074179,-9.66408
IMU,1207950188.0,2,-0.001282715,0.006101273,-0.00465197,-0.6646337,-2.066221,-9.65079
