ARM,67871218.0,0.0
AHR2,67564111.0,6.92,-22.11,217.4,472.31,43.2375094,-7.6815739
AHR2,67667276.0,7.58,-20.84,217.26,472.26,43.2375044,-7.6815805
AHR2,67771197.0,7.72,-21.07,217.23,472.12,43.2374977,-7.6815894
AHR2,67874806.0,6.96,-21.17,217.26,472.23,43.2374923,-7.6815966
AHR2,67975099.0,7.9,-21.34,217.45,472.07,43.2374856,-7.6816052
AHR2,68075537.0,9.77,-22.22,217.04,471.51,43.2374801,-7.6816124
AHR2,68175588.0,11.74,-23.73,216.4,471.44,43.2374744,-7.681619
AHR2,68275602.0,13.71,-25.76,215.73,471.02,43.2374688,-7.681626
AHR2,68375510.0,15.59,-27.67,215.01,470.5,43.2374635,-7.6816325
AHR2,68475624.0,16.91,-29.21,214.74,470.22,43.237458,-7.6816393
AHR2,68575909.0,16.94,-29.56,214.97,469.74,43.2374537,-7.6816442
AHR2,68676064.0,15.23,-28.26,215.67,469.13,43.2374482,-7.6816508
AHR2,68776533.0,12.59,-24.84,216.71,468.54,43.237442,-7.6816583
AHR2,68876461.0,9.56,-18.63,217.63,468.38,43.2374366,-7.6816647
AHR2,68976494.0,6.07,-11.75,219.21,467.56,43.2374309,-7.6816715
AHR2,69076337.0,6.07,-15.05,218.6,463.97,43.2374255,-7.681678
AHR2,69176490.0,6.28,-18.64,217.96,464.7,43.2374227,-7.6816951
AHR2,69276496.0,6.57,-22.57,217.7,464.63,43.2374183,-7.6817055
AHR2,69376500.0,6.85,-26.45,217.42,464.45,43.2374139,-7.6817138
AHR2,69476474.0,9.02,-29.96,213.19,464.19,43.2374091,-7.6817241
AHR2,69576330.0,12.12,-33.14,207.51,464.26,43.2374169,-7.6817103
AHR2,69676526.0,14.69,-36.31,203.6,464.26,43.2374164,-7.6817125
AHR2,69776578.0,16.27,-39.8,202.54,464.22,43.2374148,-7.6817171
AHR2,69876585.0,18.21,-43.27,201.79,464.22,43.2374139,-7.68172
AHR2,69976538.0,19.08,-46.37,200.45,464.48,43.2374141,-7.6817194
AHR2,70076554.0,19.84,-47.59,199.82,464.47,43.2374136,-7.6817211
AHR2,70176554.0,20.5,-48.37,199.34,464.65,43.2374141,-7.6817184
AHR2,70276640.0,21.12,-49.14,198.89,464.5,43.2374139,-7.6817187
AHR2,70377093.0,21.79,-49.91,198.41,464.5,43.2374142,-7.6817181
AHR2,70477108.0,22.48,-50.69,197.9,464.34,43.2374141,-7.6817183
AHR2,70578513.0,23.2,-51.47,197.37,464.52,43.2374144,-7.681717
AHR2,70678581.0,23.95,-52.25,196.8,464.51,43.2374145,-7.6817169
AHR2,70779109.0,24.74,-53.04,196.19,464.36,43.2374148,-7.6817166
AHR2,70879082.0,25.57,-53.83,195.54,464.56,43.2374148,-7.6817167
AHR2,70979575.0,26.45,-54.63,194.85,464.55,43.2374147,-7.6817166
AHR2,71079692.0,27.36,-55.42,194.12,464.64,43.2374146,-7.6817167
AHR2,71180092.0,28.32,-56.22,193.34,464.38,43.237415,-7.6817164
AHR2,71280095.0,29.33,-57.02,192.51,464.34,43.2374149,-7.6817164
AHR2,71380138.0,30.41,-57.82,191.62,464.48,43.2374151,-7.6817158
ATT,67563624.0,6.86,6.62,-22.91,-21.74,221.8,223.81
ATT,67666720.0,6.93,7.22,-22.98,-20.56,221.78,223.84
ATT,67770637.0,6.88,7.28,-22.95,-20.83,221.79,224.0
ATT,67874331.0,6.68,6.44,-22.74,-20.81,224.31,224.37
ATT,67974662.0,4.05,7.33,-19.26,-21.02,224.75,224.83
ATT,68075129.0,2.07,9.17,-10.86,-22.1,224.5,224.59
ATT,68175235.0,1.05,10.87,-5.54,-23.28,223.99,224.1
ATT,68275182.0,0.54,12.29,-2.83,-24.44,223.51,223.63
ATT,68375116.0,0.27,13.52,-1.44,-25.52,223.07,223.2
ATT,68475271.0,0.14,14.14,-0.73,-26.25,223.18,223.32
ATT,68575592.0,0.07,13.59,-0.37,-25.83,223.7,223.83
ATT,68675647.0,0.03,11.55,-0.19,-23.9,224.46,224.58
ATT,68776033.0,0.01,8.83,-0.09,-20.01,225.32,225.41
ATT,68876061.0,0.0,5.89,-0.04,-13.52,225.84,225.9
ATT,68976094.0,0.0,2.64,-0.02,-6.32,226.95,226.98
ATT,69076031.0,0.0,2.68,-0.01,-9.37,226.55,226.59
ATT,69176089.0,0.0,2.72,0.0,-12.42,226.2,226.24
ATT,69276074.0,0.0,2.77,0.0,-15.48,225.95,225.98
ATT,69376091.0,0.0,2.83,0.0,-18.54,225.73,225.77
ATT,69476058.0,0.0,4.13,0.0,-21.61,222.26,222.31
ATT,69576024.0,0.0,5.95,0.0,-24.55,217.59,217.66
ATT,69676091.0,0.0,7.29,0.0,-27.46,214.6,214.67
ATT,69776100.0,0.0,8.05,0.0,-30.49,214.45,214.53
ATT,69876129.0,0.0,9.31,0.0,-33.53,214.53,214.63
ATT,69976080.0,0.0,9.24,0.0,-36.17,214.13,214.23
ATT,70076103.0,0.0,9.32,0.0,-36.74,213.99,214.1
ATT,70176114.0,0.0,9.39,0.0,-36.81,213.79,213.89
ATT,70276237.0,0.0,9.5,0.0,-36.81,213.36,213.47
ATT,70376675.0,0.0,9.63,0.0,-36.8,212.85,212.96
ATT,70476683.0,0.0,9.78,0.0,-36.79,212.19,212.3
ATT,70578112.0,0.0,9.87,0.0,-36.77,211.78,211.89
ATT,70678219.0,0.0,10.02,0.0,-36.73,210.95,211.06
ATT,70778659.0,0.0,10.17,0.0,-36.68,210.06,210.17
ATT,70878640.0,0.0,10.32,0.0,-36.62,209.15,209.26
ATT,70979100.0,0.0,10.44,0.0,-36.57,208.35,208.47
ATT,71079313.0,0.0,10.56,0.0,-36.51,207.52,207.64
ATT,71179655.0,0.0,10.64,0.0,-36.46,206.88,207.0
ATT,71279626.0,0.0,10.73,0.0,-36.39,206.14,206.26
ATT,71379695.0,0.0,10.78,0.0,-36.33,205.59,205.71
BARO,67561180.0,0,5.694384,96726.61,45.08
BARO,67664669.0,0,5.649173,96727.09,45.08
BARO,67768336.0,0,5.507887,96728.61,45.08
BARO,67871484.0,0,5.612438,96727.48,45.07
BARO,67972894.0,0,5.454198,96729.2,45.08
BARO,68072855.0,0,4.89188,96735.3,45.08
BARO,68172695.0,0,4.824063,96736.03,45.07
BARO,68272723.0,0,4.408682,96740.52,45.07
BARO,68372683.0,0,3.883098,96746.2,45.07
BARO,68472723.0,0,3.606178,96749.23,45.07
BARO,68572887.0,0,3.122979,96754.44,45.07
BARO,68672836.0,0,2.512624,96761.08,45.07
BARO,68773453.0,0,1.924874,96767.42,45.07
BARO,68873330.0,0,1.766634,96769.16,45.07
BARO,68973576.0,0,0.941524,96778.09,45.07
BARO,69073296.0,0,-2.644314,96816.95,45.07
BARO,69173571.0,0,-1.915278,96809.04,45.07
BARO,69273458.0,0,-1.985921,96809.83,45.06
BARO,69373329.0,0,-2.163942,96811.75,45.06
BARO,69473452.0,0,-2.426734,96814.59,45.06
BARO,69573409.0,0,-2.358917,96813.84,45.06
BARO,69673314.0,0,-2.356091,96813.82,45.06
BARO,69773322.0,0,-2.392825,96814.21,45.06
BARO,69873501.0,0,-2.398477,96814.29,45.05
BARO,69973464.0,0,-2.13851,96811.45,45.05
BARO,70073558.0,0,-2.149813,96811.6,45.06
BARO,70174076.0,0,-1.968967,96809.64,45.06
BARO,70274073.0,0,-2.113079,96811.2,45.06
BARO,70374329.0,0,-2.11873,96811.24,45.07
BARO,70474482.0,0,-2.276971,96812.98,45.07
BARO,70575236.0,0,-2.09895,96811.05,45.07
BARO,70675342.0,0,-2.107427,96811.13,45.08
BARO,70775695.0,0,-2.254365,96812.73,45.09
BARO,70875704.0,0,-2.056564,96810.58,45.09
BARO,70977032.0,0,-2.065042,96810.66,45.1
BARO,71076860.0,0,-1.971793,96809.67,45.1
BARO,71176893.0,0,-2.234585,96812.52,45.11
BARO,71276833.0,0,-2.276971,96812.95,45.12
BARO,71377682.0,0,-2.13851,96811.46,45.12
BARO,67561180.0,1,6.044774,96836.74,40.92
BARO,67664669.0,1,5.832845,96839.02,40.92
BARO,67768336.0,1,5.688733,96840.6,40.92
BARO,67871484.0,1,5.570053,96841.88,40.92
BARO,67972894.0,1,5.671779,96840.78,40.92
BARO,68072855.0,1,5.496584,96842.69,40.91
BARO,68172695.0,1,5.256398,96845.27,40.91
BARO,68272723.0,1,4.89188,96849.23,40.91
BARO,68372683.0,1,4.357819,96855.02,40.91
BARO,68472723.0,1,3.973521,96859.19,40.91
BARO,68572887.0,1,3.481846,96864.52,40.91
BARO,68672836.0,1,2.837582,96871.51,40.91
BARO,68773453.0,1,2.215924,96878.25,40.91
BARO,68873330.0,1,1.930526,96881.36,40.91
BARO,68973576.0,1,1.820323,96882.54,40.9
BARO,69073296.0,1,-1.488595,96918.44,40.9
BARO,69173571.0,1,-1.381217,96917.29,40.9
BARO,69273458.0,1,-1.381217,96917.28,40.9
BARO,69373329.0,1,-1.29362,96916.34,40.89
BARO,69473452.0,1,-1.497072,96918.55,40.89
BARO,69573409.0,1,-1.737258,96921.16,40.89
BARO,69673314.0,1,-1.595972,96919.63,40.89
BARO,69773322.0,1,-1.610101,96919.77,40.89
BARO,69873501.0,1,-1.607275,96919.73,40.89
BARO,69973464.0,1,-1.491421,96918.47,40.89
BARO,70073558.0,1,-1.709001,96920.85,40.89
BARO,70174076.0,1,-1.525329,96918.86,40.89
BARO,70274073.0,1,-1.533806,96918.94,40.89
BARO,70374329.0,1,-1.384043,96917.31,40.88
BARO,70474482.0,1,-1.598798,96919.64,40.89
BARO,70575236.0,1,-1.731607,96921.09,40.89
BARO,70675342.0,1,-1.434906,96917.86,40.88
BARO,70775695.0,1,-1.567715,96919.3,40.89
BARO,70875704.0,1,-1.480118,96918.37,40.88
BARO,70977032.0,1,-1.502723,96918.59,40.88
BARO,71076860.0,1,-1.666615,96920.38,40.88
BARO,71176893.0,1,-1.508375,96918.66,40.88
BARO,71276833.0,1,-1.519678,96918.78,40.88
BARO,71377682.0,1,-1.579018,96919.45,40.88
GPS,67547901.0,3,16,43.2375159,-7.6815652,472.09,7.526,0.235,0.0
GPS,67737595.0,3,16,43.2375057,-7.6815787,472.1,8.145,0.093,0.0
GPS,67921630.0,3,16,43.2374949,-7.6815928,472.08,8.438001,0.081,0.0
GPS,68123291.0,3,16,43.2374839,-7.681607,471.89,8.385,1.748,0.0
GPS,68323113.0,3,16,43.2374728,-7.6816208,471.4,8.224,3.624,0.0
GPS,68542666.0,3,16,43.2374619,-7.6816342,470.45,8.08,5.641,0.0
GPS,68723100.0,3,16,43.2374511,-7.6816472,469.17,7.929,7.318,0.0
GPS,68923566.0,3,16,43.2374403,-7.6816602,467.56,8.091001,8.824,0.0
GPS,69123499.0,3,16,43.2374303,-7.6816772,465.62,9.796,10.749,0.0
GPS,69343528.0,3,15,43.2374211,-7.681698,463.61,9.959001,9.336,0.0
GPS,69543534.0,3,16,43.2374177,-7.681707,462.65,1.886,2.38,0.0
GPS,69723510.0,3,16,43.2374162,-7.6817123,462.17,2.493,2.676,0.0
GPS,69923516.0,3,16,43.2374149,-7.6817165,461.75,1.498,2.292,0.0
GPS,70123474.0,3,16,43.2374144,-7.681718,461.58,0.329,0.046,0.0
GPS,70324544.0,3,16,43.2374143,-7.6817179,461.67,0.176,-0.204,0.0
GPS,70544835.0,3,16,43.2374144,-7.6817172,461.69,0.135,-0.064,0.0
GPS,70725308.0,3,16,43.2374148,-7.6817166,461.68,0.05,-0.031,0.0
GPS,70925662.0,3,16,43.2374149,-7.6817165,461.62,0.184,0.15,0.0
GPS,71126599.0,3,16,43.237415,-7.6817164,461.56,0.058,0.134,0.0
IMU,67508489.0,0,-0.0682577,-0.1263917,0.006844904,-1.390698,-0.6551807,-9.106455
IMU,67548208.0,0,-0.007138507,0.07383329,-0.01807369,-2.248832,-0.8117168,-9.075617
IMU,67588675.0,0,-0.0992268,0.1936334,-0.02365086,-1.398091,-0.4942024,-9.945108
IMU,67632044.0,0,0.3419926,0.2249695,0.03382709,-1.739482,-0.93471,-9.400764
IMU,67671504.0,0,0.2453949,0.1257017,-0.008754636,-0.7811366,-0.8089345,-10.60952
IMU,67717656.0,0,-0.04051638,-0.06309248,-0.04593375,-1.46359,-0.7435116,-9.980012
IMU,67758467.0,0,-0.08136806,0.02352249,0.02280492,-2.315267,-1.242419,-9.330929
IMU,67798816.0,0,-0.2060272,-0.05518782,-0.01640118,-1.313167,-0.7847947,-10.22214
IMU,67842043.0,0,-0.2297026,0.06967484,0.01529937,-2.055146,-0.9054621,-9.374806
IMU,67881626.0,0,0.2364192,-0.0303454,0.1095392,-1.887843,-0.7859679,-9.639921
IMU,67921819.0,0,0.1534715,-0.2030898,0.1679098,-1.545169,-0.4929721,-2.805328
IMU,67962512.0,0,0.1488382,-0.0207121,0.01697513,-0.5460472,-0.6037859,-0.3917739
IMU,68002878.0,0,0.1821687,-0.08471403,-0.04097044,-1.09531,-0.8186225,-0.5217837
IMU,68042599.0,0,0.3182295,-0.1433071,-0.0456727,-0.7270595,-0.7182699,0.1997694
IMU,68082552.0,0,0.2915162,-0.2223535,-0.05900885,-0.6505679,-0.5915532,0.1634402
IMU,68127569.0,0,0.2648534,-0.2038602,-0.06182632,-0.6268314,-0.4566997,0.228662
IMU,68167256.0,0,0.2531268,-0.2388652,-0.05800554,-0.625858,-0.5322829,0.2757816
IMU,68207499.0,0,0.217256,-0.229368,-0.04037484,-0.7326399,-0.5297906,0.03026542
IMU,68247817.0,0,0.2061721,-0.1973059,-0.02996632,-0.6483903,-0.537993,0.1171154
IMU,68287670.0,0,0.2214006,-0.1757181,-0.03402214,-0.6831607,-0.5010467,0.09798553
IMU,68327502.0,0,0.1885646,-0.1955306,-0.03759858,-0.5989316,-0.5561772,0.05662096
IMU,68367210.0,0,0.1656733,-0.2124817,-0.01282139,-0.749549,-0.5505115,-0.07089791
IMU,68407529.0,0,0.1468413,-0.1708965,0.02354487,-0.7970644,-0.5242476,-0.1872618
IMU,68447802.0,0,0.1040556,-0.1062109,0.05389798,-0.8411549,-0.544838,-0.2663525
IMU,68487732.0,0,0.03089221,-0.01255562,0.06551304,-0.8090252,-0.5790479,-0.2407306
IMU,68527307.0,0,-0.04323592,0.06572083,0.06729724,-0.8378274,-0.5919834,-0.3121383
IMU,68567869.0,0,-0.1156421,0.1616183,0.06563272,-0.8370214,-0.5597623,-0.4905363
IMU,68608539.0,0,-0.2308347,0.2611261,0.06671868,-0.9229276,-0.5966463,-0.6486493
IMU,68647888.0,0,-0.3523187,0.3857232,0.06287687,-1.021733,-0.6253837,-1.045404
IMU,68688322.0,0,-0.4128079,0.5413331,0.06101976,-1.084544,-0.462757,-1.537169
IMU,68728046.0,0,-0.4042273,0.6569359,0.06532876,-0.9913281,-0.4485709,-1.615448
IMU,68768447.0,0,-0.4387987,0.7912636,0.04478191,-0.9981961,-0.4011255,-1.821676
IMU,68808834.0,0,-0.4632366,0.990017,0.01502716,-1.195278,-0.1906365,-2.075336
IMU,68848287.0,0,-0.5118504,1.176078,-0.01621913,-1.304907,-0.2232442,-2.151422
IMU,68889063.0,0,-0.5313452,1.555652,0.02207772,-1.543836,-0.2365451,-2.978431
IMU,68928541.0,0,-0.5313118,1.795642,0.03402357,-1.05999,0.06714009,-3.056866
IMU,68968307.0,0,-0.9955313,0.2125631,1.257066,-82.35848,-27.03209,-73.26674
IMU,69009058.0,0,0.006157795,-0.5286287,-0.09725251,8.585103,-7.297542,-6.821536
IMU,69048266.0,0,-0.006481575,-0.5329601,-0.08658537,0.9342476,5.618129,3.011475
IMU,69088686.0,0,-0.005426082,-0.5309014,-0.08522518,0.9881689,-4.356227,2.65205
IMU,69128446.0,0,-0.002901219,-0.5281593,-0.08293348,1.225747,0.1655906,2.118362
IMU,69168317.0,0,-0.004074625,-0.529493,-0.08573689,0.1328519,-0.5475477,0.5810396
IMU,69209037.0,0,-0.005911865,-0.5302704,-0.08646705,0.5396857,-0.08997143,0.3448153
IMU,69248384.0,0,-0.005410703,-0.5308073,-0.0868514,-0.2415258,0.06590499,-0.2593774
IMU,69288834.0,0,-0.004324537,-0.5297745,-0.08375531,-0.5238816,-0.05233835,-0.50475
IMU,69328312.0,0,-0.005037671,-0.532708,-0.08575524,-2.925794,-1.091415,-0.4866045
IMU,69368281.0,0,-0.006938005,-0.5281301,-0.08439571,-5.690547,1.59357,0.5178177
IMU,69409025.0,0,-0.006941111,-0.5323257,1.056993,-4.330004,-8.713369,12.46955
IMU,69448318.0,0,-0.004274303,-0.5317891,-1.969267,-7.170234,-14.60087,26.26187
IMU,69488879.0,0,-0.006205316,-0.5301195,-1.13212,14.06406,-1.854773,44.12662
IMU,69528297.0,0,-0.00668609,-0.528883,-0.747483,-0.3247279,-0.2985088,-2.7004
IMU,69568266.0,0,-0.008003274,-0.531031,-0.6222391,0.8932327,0.5165128,-0.8890984
IMU,69609018.0,0,-0.006974627,-0.531442,-0.5739632,1.21125,0.5862182,0.1753015
IMU,69648421.0,0,-0.007052425,-0.5295342,-0.4607606,2.106241,-1.265601,6.370609
IMU,69688797.0,0,-0.009109507,-0.5318832,-0.05620337,2.146496,2.076442,35.99081
IMU,69728307.0,0,-0.4151835,-0.5289298,-0.04024142,-0.02631859,-2.799152,2.908966
IMU,69768297.0,0,0.4042626,-0.5258039,0.006873913,1.504586,-2.464202,3.620115
IMU,69809041.0,0,0.3437555,-0.5273878,0.1067222,-0.3606106,-4.009013,17.79488
IMU,69848341.0,0,0.2931802,-0.5231581,0.06113826,0.2787746,0.4968085,6.966769
IMU,69889048.0,0,-0.1673628,-0.5302342,-0.03956955,-0.269109,-0.5983222,11.20583
IMU,69928303.0,0,-0.1127639,-0.5809276,0.02004175,0.02426304,-1.543658,9.051582
IMU,69968315.0,0,0.08965569,-0.2534393,-0.03307948,0.4586814,-1.187121,10.46524
IMU,70008899.0,0,-0.02853939,-0.09910351,0.03707222,0.05467446,-0.9190634,9.429058
IMU,70048295.0,0,0.005086405,-0.1112833,-0.02154664,0.02417781,-1.311597,9.954919
IMU,70088669.0,0,-0.0004433491,-0.02517017,0.00198126,0.3229365,-1.030825,9.885384
IMU,70128496.0,0,-0.001002526,-0.00797905,0.005500751,0.05412679,-1.187912,9.713683
IMU,70169158.0,0,-0.00231398,-0.01482932,-0.005808477,0.2084297,-1.097723,9.870719
IMU,70208842.0,0,0.001907893,0.005642642,0.003487303,0.1429997,-1.162856,9.841046
IMU,70249160.0,0,-0.002338726,-0.007819214,-0.001918157,0.1473175,-1.097989,9.827594
IMU,70288670.0,0,0.0006288085,0.002801991,0.001068534,0.168991,-1.161962,9.832288
IMU,70328667.0,0,0.001092363,-0.00117795,-0.001670923,0.144784,-1.109914,9.831637
IMU,70369888.0,0,-0.001427625,-0.001535953,0.0008578366,0.1675325,-1.146461,9.831132
IMU,70409299.0,0,-0.00022745,0.00221568,0.0004809206,0.1350043,-1.122186,9.836075
IMU,70449252.0,0,-0.0001165743,-0.001568028,-0.0007844191,0.1565181,-1.135966,9.834906
IMU,70489268.0,0,-0.0007424709,0.001322332,0.0009795885,0.1587277,-1.116898,9.840207
IMU,70529606.0,0,-5.930232e-05,0.0001182416,-0.002402197,0.1491396,-1.121164,9.830296
IMU,70570793.0,0,0.0003791536,0.0015161,0.001113143,0.1478569,-1.132747,9.8452
IMU,70610283.0,0,-0.0009799508,0.0006716485,-0.0008115092,0.1515944,-1.129874,9.823198
IMU,70650229.0,0,-0.001039779,0.002046666,0.0003324244,0.1576172,-1.123639,9.849472
IMU,70690610.0,0,-0.0008989819,-0.000424879,0.0008542287,0.1608354,-1.134084,9.813618
IMU,70733518.0,0,-0.0003735431,0.0008590956,-0.0007534848,0.1704785,-1.127339,9.83319
IMU,70773529.0,0,-0.001080218,0.001749823,0.0005356173,0.1477829,-1.124494,9.833451
IMU,70813324.0,0,-0.0008951098,0.0009808928,-2.553659e-05,0.1552841,-1.120526,9.845513
IMU,70853798.0,0,-0.0007513606,-0.0001927233,0.000968427,0.1506581,-1.139597,9.804485
IMU,70893587.0,0,-0.001307222,-0.001132654,-0.0005083676,0.1475494,-1.122898,9.853803
IMU,70933704.0,0,-0.0007599223,0.0009248084,0.0007173665,0.1562552,-1.137043,9.827028
IMU,70974456.0,0,-0.000607062,0.002478993,-0.0002076172,0.1465259,-1.133764,9.84106
IMU,71014647.0,0,-0.001332862,0.001053092,-0.0004707949,0.1496783,-1.128876,9.821779
IMU,71054510.0,0,-0.0007336728,0.0009898889,0.000981797,0.1679945,-1.128616,9.832129
IMU,71093901.0,0,-0.0009893627,0.000996068,0.0007227889,0.1627517,-1.130686,9.821528
IMU,71134330.0,0,-0.0009612656,0.001150245,4.20699e-05,0.1571645,-1.131628,9.856205
IMU,71174666.0,0,0.000211247,0.00224305,0.0006442344,0.1535791,-1.121603,9.855919
IMU,71214314.0,0,-0.0001261,-0.0005298295,0.0002946579,0.1668831,-1.128843,9.830888
IMU,71254725.0,0,-9.361794e-07,0.0009292306,0.0006122677,0.1559777,-1.131429,9.844724
IMU,71294497.0,0,-0.0009828545,0.0002869519,-0.0003097648,0.1633984,-1.12957,9.82707
IMU,71334334.0,0,-0.001977308,0.001342104,0.001346656,0.1467659,-1.128853,9.826127
IMU,71375233.0,0,-0.0001600251,0.0003254815,-0.0004636884,0.1559565,-1.133715,9.825309
IMU,71415629.0,0,-0.0005552705,0.001581547,4.114109e-05,0.1575521,-1.135697,9.827596
IMU,67508489.0,1,0.001516397,-0.1068327,0.02065959,-1.791172,-0.68238,-9.615326
IMU,67548208.0,1,-0.01423729,0.03721321,0.009040328,-2.271375,-0.8422512,-8.759971
IMU,67588675.0,1,-0.02107001,0.2225198,-0.004637943,-1.517577,-0.599999,-10.10924
IMU,67632044.0,1,0.2280611,0.1940161,0.01881444,-1.557784,-0.8579266,-9.397161
IMU,67671504.0,1,0.2074329,0.1133372,-0.01227921,-1.13664,-0.7531359,-10.25476
IMU,67717656.0,1,-0.01701299,-0.04704843,-0.04223701,-2.493287,-0.9793435,-9.908639
IMU,67758467.0,1,-0.1021611,-0.02593088,0.02190165,-2.106198,-1.244342,-9.293899
IMU,67798816.0,1,-0.1867386,-0.05569626,-0.02174721,-1.334606,-0.7745356,-9.948818
IMU,67842043.0,1,-0.2521954,0.03810344,0.03442416,-1.146268,-0.7747135,-9.724466
IMU,67881626.0,1,0.2191075,0.03390001,-0.004852243,-1.870284,-0.8830693,-9.893817
IMU,67921819.0,1,0.1405699,-0.2027918,0.06765578,-2.175537,-0.6294459,-2.927952
IMU,67962512.0,1,0.1683894,-0.02606376,0.02402339,-0.4172992,-0.4412774,-0.5888247
IMU,68002878.0,1,0.224394,-0.1146994,-0.02837318,-0.9532184,-0.7320749,-0.6060205
IMU,68042599.0,1,0.3283778,-0.1528923,-0.04008607,-0.697698,-0.6547126,0.1012933
IMU,68082552.0,1,0.2942942,-0.2343458,-0.05714179,-0.7051533,-0.5234554,-0.02158747
IMU,68127569.0,1,0.2624258,-0.2034885,-0.06082238,-0.6603683,-0.3197987,0.2523311
IMU,68167256.0,1,0.2573879,-0.2511092,-0.05630036,-0.6085097,-0.4080577,0.1743991
IMU,68207499.0,1,0.2173744,-0.2356608,-0.03938182,-0.6968272,-0.4267758,-0.1475607
IMU,68247817.0,1,0.2049624,-0.198576,-0.03092814,-0.6900863,-0.5562741,0.09078705
IMU,68287670.0,1,0.2216986,-0.1839399,-0.03822246,-0.6118681,-0.3822494,-0.01308823
IMU,68327502.0,1,0.1914195,-0.188481,-0.03638875,-0.6708385,-0.3380761,-0.1620898
IMU,68367210.0,1,0.1696236,-0.2211781,-0.01901499,-0.7765321,-0.3413753,-0.2257127
IMU,68407529.0,1,0.1501416,-0.1766674,0.01804086,-0.7894847,-0.4175687,-0.3146138
IMU,68447802.0,1,0.1107484,-0.1101845,0.05733998,-0.9156176,-0.3860434,-0.2042876
IMU,68487732.0,1,0.03211523,-0.02191873,0.06486945,-0.8493719,-0.3617484,-0.2786307
IMU,68527307.0,1,-0.0345892,0.05659282,0.06559664,-0.8762661,-0.3986737,-0.3740245
IMU,68567869.0,1,-0.110403,0.1508841,0.06523009,-0.7974408,-0.4799103,-0.471726
IMU,68608539.0,1,-0.2220669,0.2526546,0.0666888,-0.94837,-0.5058281,-0.7123929
IMU,68647888.0,1,-0.3382139,0.3772487,0.0664428,-1.028162,-0.4243244,-1.189864
IMU,68688322.0,1,-0.4058979,0.5256507,0.06363956,-1.090805,-0.3595969,-1.687697
IMU,68728046.0,1,-0.3961319,0.6482084,0.07209215,-0.9063532,-0.2745904,-1.570746
IMU,68768447.0,1,-0.4289883,0.7746704,0.05359425,-0.9755418,-0.1928647,-1.894385
IMU,68808834.0,1,-0.4540798,0.9681366,0.03088547,-1.23868,-0.06468152,-2.168862
IMU,68848287.0,1,-0.5057531,1.147991,-0.0007391012,-1.338222,-0.1501731,-2.224012
IMU,68889063.0,1,-0.529058,1.520196,0.04259979,-1.422939,-0.09956862,-3.049088
IMU,68928541.0,1,-0.5329508,1.778774,0.0677045,-1.065592,0.2563592,-3.191467
IMU,68968307.0,1,7.761493,3.612626,-3.282925,-124.3206,-84.40533,-76.10132
IMU,69009058.0,1,-0.3153923,-3.032663,-0.5248885,8.643769,-9.615791,4.689763
IMU,69048266.0,1,0.7441671,-7.710275,-2.71023,-0.1140693,4.572129,5.854181
IMU,69088686.0,1,-1.256714,-6.739962,-1.297689,1.836086,-3.695854,2.167406
IMU,69128446.0,1,-0.3777929,-6.215857,-1.256164,1.314422,0.09684988,2.27206
IMU,69168317.0,1,-0.7194558,-6.161751,-1.049847,0.3856082,-0.4566398,0.5882294
IMU,69209037.0,1,-0.6710247,-5.793981,-0.8103814,0.5710892,0.01713926,0.240785
IMU,69248384.0,1,0.2145025,-4.779875,-0.4798321,-0.1545464,0.1505117,-0.2695248
IMU,69288834.0,1,0.7526891,-4.261869,-0.4376956,-0.4728796,0.006988061,-0.2590238
IMU,69328312.0,1,0.8962129,-3.246633,-0.2741151,-3.224256,-1.107095,-0.4275839
IMU,69368281.0,1,0.5362999,-1.851698,1.460216,-5.403546,1.364364,0.7329009
IMU,69409025.0,1,4.571638,-4.906706,1.0445,-4.633235,-9.07173,13.02118
IMU,69448318.0,1,-0.752722,-11.7717,-2.210972,-5.998066,-13.40452,24.2227
IMU,69488879.0,1,-1.169508,-1.425454,-1.216203,14.11205,-0.7905884,41.83644
IMU,69528297.0,1,0.7504545,1.333592,-0.6767913,-0.3691337,-0.2320648,-2.479283
IMU,69568266.0,1,0.3106684,1.221106,-0.5689638,0.7867914,0.6201888,-1.265601
IMU,69609018.0,1,1.248082,0.5355076,-0.5162461,1.111272,0.5276687,0.4108368
IMU,69648421.0,1,-0.1278809,0.473413,-0.4454705,2.283554,-1.236994,6.550778
IMU,69688797.0,1,-2.738306,-1.480083,-0.1977871,0.9154158,2.462826,35.40556
IMU,69728307.0,1,-0.3846047,0.003016443,-0.04539803,0.0325286,-2.579654,2.769269
IMU,69768297.0,1,0.3921698,0.4107731,0.02679289,1.455354,-2.463258,3.963058
IMU,69809041.0,1,0.3549088,0.2341297,0.1136991,-0.6433555,-3.619302,17.74173
IMU,69848341.0,1,0.2942066,0.1293858,0.07174853,0.2934783,0.5553547,6.780608
IMU,69889048.0,1,-0.1581163,-0.009600888,-0.04363991,-0.3089166,-0.4866845,11.25663
IMU,69928303.0,1,-0.1116007,-0.1242231,0.01892021,-0.01211071,-1.343012,8.89144
IMU,69968315.0,1,0.08963653,0.01416794,-0.0304885,0.3449304,-0.9758183,10.40621
IMU,70008899.0,1,-0.01987148,0.05343921,0.03628903,-0.01380012,-0.7591316,9.415744
IMU,70048295.0,1,0.009927153,-0.03836757,-0.02452397,-0.1378962,-1.111342,9.920387
IMU,70088669.0,1,0.003189128,0.001377934,0.001729251,0.1809332,-0.7487391,9.807781
IMU,70128496.0,1,0.003211772,0.007877494,0.004703451,-0.0440632,-1.032587,9.699913
IMU,70169158.0,1,0.002122963,-0.02157326,-0.009820881,0.1387133,-0.9235126,9.844489
IMU,70208842.0,1,0.004604255,0.007184929,0.007293487,0.06622872,-0.990558,9.76848
IMU,70249160.0,1,-0.0004360277,-0.009318249,0.002281734,0.1373276,-0.910964,9.810495
IMU,70288670.0,1,0.005624414,-0.001326126,-0.0002841238,0.07757365,-0.911536,9.969502
IMU,70328667.0,1,0.003962648,-0.006587994,-0.002641463,0.06499188,-0.9961379,9.758002
IMU,70369888.0,1,0.001367307,-0.005348017,-7.562888e-05,0.0965808,-0.9935032,9.719135
IMU,70409299.0,1,0.001225636,0.001423598,0.0004786913,0.09929552,-0.9104708,10.02076
IMU,70449252.0,1,0.00468331,-0.008378177,-0.001707075,0.129938,-1.007922,9.854251
IMU,70489268.0,1,0.005703053,0.001777978,-0.0004524089,0.06381812,-0.8625388,9.787869
IMU,70529606.0,1,0.002209409,-0.007986033,0.002697831,0.06954511,-0.8710827,9.808058
IMU,70570793.0,1,0.003899534,-0.004587831,-0.004107933,-0.02841147,-0.8739841,9.755653
IMU,70610283.0,1,-0.0005324723,-0.00567348,-0.002590046,0.09098952,-0.9220617,9.694184
IMU,70650229.0,1,0.004098381,-0.000687693,-0.001944765,-0.03722817,-0.976128,9.627691
IMU,70690610.0,1,0.003388461,-0.006636695,0.002624005,0.04414156,-0.9793781,9.694077
IMU,70733518.0,1,0.004178019,-0.004531088,0.0003342475,0.07834322,-0.8918396,9.781707
IMU,70773529.0,1,0.002311379,0.0004861706,0.001286102,0.09785219,-0.9757146,9.747347
IMU,70813324.0,1,0.003236619,-0.002883184,0.001987495,0.07371303,-0.8628897,9.607987
IMU,70853798.0,1,0.005267132,-0.00592196,-0.001103123,0.06355347,-0.9200979,9.829865
IMU,70893587.0,1,0.003514735,-0.00125901,-0.003694057,0.0764679,-0.9521355,9.843314
IMU,70933704.0,1,0.000926116,-0.001849566,0.002621624,-0.01624902,-0.8210136,9.773623
IMU,70974456.0,1,0.003335328,-0.007393819,0.0003006973,0.002358028,-1.021709,9.876445
IMU,71014647.0,1,0.004123532,-0.006542277,-0.0005768354,0.120635,-0.8863736,9.790533
IMU,71054510.0,1,0.001150644,-0.008624494,-0.003448205,0.02944324,-1.025393,9.634418
IMU,71093901.0,1,0.003860007,-0.007551615,0.001899854,0.08388384,-0.9021629,9.826736
IMU,71134330.0,1,0.001580601,-0.004611345,0.001411961,0.03589069,-0.8036425,9.864242
IMU,71174666.0,1,0.002747849,-0.005448818,-0.004725608,0.07391176,-0.9485092,9.829437
IMU,71214314.0,1,0.001832187,-0.006653602,-0.0001862411,0.01015617,-0.8813364,9.844433
IMU,71254725.0,1,0.002068285,-0.005590584,0.002139949,0.1064804,-1.02919,9.807429
IMU,71294497.0,1,0.00595193,-0.008376802,-0.002398447,0.06029167,-0.9488367,9.739491
IMU,71334334.0,1,0.006468318,-0.004535686,0.003786526,0.0416269,-0.793032,9.805834
IMU,71375233.0,1,0.006213134,-0.007578689,-0.001207738,0.0602829,-0.8887296,9.747793
IMU,71415629.0,1,0.004410929,-0.006798694,0.004088099,0.03773566,-0.9546337,9.785196
IMU,67508489.0,2,-0.03684901,-0.05795882,0.04291845,-2.027597,-1.028677,-8.899042
IMU,67548208.0,2,0.01513343,0.07356871,-0.007186582,-1.599288,-1.05494,-9.61536
IMU,67588675.0,2,0.0303189,0.2557827,-0.00358752,-2.273941,-0.5832547,-9.976397
IMU,67632044.0,2,0.2265653,0.1309881,0.001475982,-1.684793,-0.7482709,-10.12952
IMU,67671504.0,2,0.2203294,0.0961251,0.01599073,-2.339578,-0.7640505,-10.12333
IMU,67717656.0,2,0.008872077,0.009574699,-0.003484853,-2.695287,-0.4926702,-10.13038
IMU,67758467.0,2,-0.08610442,-0.03445164,-0.006406945,-1.861409,-1.169508,-9.796488
IMU,67798816.0,2,-0.1383851,-0.06527727,0.01777255,-2.294499,-0.6584333,-10.01065
IMU,67842043.0,2,-0.2332441,-0.01951208,-0.0007565944,-1.214793,-0.8320305,-10.25603
IMU,67881626.0,2,0.1816908,0.05433722,0.05207728,-2.43976,-0.4593938,-10.22506
IMU,67921819.0,2,0.115986,-0.04394595,0.04574708,-2.605349,-0.1296267,-2.953306
IMU,67962512.0,2,0.1440989,-0.0818487,0.009722461,-0.6624931,-0.5558245,-0.3633483
IMU,68002878.0,2,0.190647,-0.08457774,-0.03124317,-0.8915739,-0.6867653,-0.7120709
IMU,68042599.0,2,0.3195508,-0.1618399,-0.04841067,-0.9018267,-0.6191863,-0.0003071921
IMU,68082552.0,2,0.2782294,-0.2332204,-0.05615829,-0.7874344,-0.4833226,0.007515117
IMU,68127569.0,2,0.2631405,-0.2014622,-0.05791334,-0.6990398,-0.4361438,0.09278522
IMU,68167256.0,2,0.2441519,-0.2479252,-0.05448501,-0.7528437,-0.4788522,0.1209558
IMU,68207499.0,2,0.2099077,-0.2360337,-0.03661289,-0.850154,-0.4798108,-0.1628846
IMU,68247817.0,2,0.1975672,-0.2033914,-0.0271578,-0.7516325,-0.4990018,-0.08638662
IMU,68287670.0,2,0.2170028,-0.1779852,-0.03285308,-0.7776343,-0.4644955,-0.06528524
IMU,68327502.0,2,0.183327,-0.2002394,-0.03532749,-0.7514209,-0.4974686,-0.1493561
IMU,68367210.0,2,0.1553282,-0.2191516,-0.00806201,-0.8564671,-0.4851899,-0.2380605
IMU,68407529.0,2,0.1432372,-0.1734026,0.02642123,-0.9184921,-0.4793423,-0.3832323
IMU,68447802.0,2,0.1035253,-0.1075613,0.05778069,-0.9709494,-0.4855672,-0.4408355
IMU,68487732.0,2,0.02672141,-0.01079004,0.06566826,-0.9175278,-0.5096514,-0.4469669
IMU,68527307.0,2,-0.03860467,0.07004227,0.0675927,-0.9279515,-0.5296589,-0.5517435
IMU,68567869.0,2,-0.1088169,0.1653507,0.06406644,-0.9415419,-0.5325439,-0.6842344
IMU,68608539.0,2,-0.2221178,0.2705224,0.06373713,-1.029109,-0.5496107,-0.8984106
IMU,68647888.0,2,-0.3389217,0.3966781,0.05770358,-1.105715,-0.5551408,-1.269943
IMU,68688322.0,2,-0.3969001,0.5491335,0.05216445,-1.197194,-0.4466779,-1.736519
IMU,68728046.0,2,-0.3880908,0.6674411,0.05553853,-1.116438,-0.4063118,-1.828446
IMU,68768447.0,2,-0.413481,0.8025241,0.03403183,-1.092388,-0.3662735,-2.026903
IMU,68808834.0,2,-0.4348045,1.006093,0.002554509,-1.274358,-0.1733164,-2.307684
IMU,68848287.0,2,-0.4866737,1.183882,-0.03279164,-1.429816,-0.1742388,-2.388937
IMU,68889063.0,2,-0.4922439,1.565988,-0.0005826136,-1.587401,-0.2209222,-3.31554
IMU,68928541.0,2,-0.4857276,1.813516,0.01007424,-1.218356,0.06117622,-3.246668
IMU,68968307.0,2,7.604114,5.268009,2.030025,-83.99217,9.960522,-54.38472
IMU,69009058.0,2,3.406637,-10.70973,-1.469248,-4.055254,-5.258063,-2.037125
IMU,69048266.0,2,0.5376831,-8.474096,-2.287526,0.1245391,1.906445,6.971127
IMU,69088686.0,2,-1.417447,-6.774326,-1.008944,0.5975562,-2.927697,0.1441013
IMU,69128446.0,2,-0.5391501,-6.374395,-0.9779306,0.4278659,0.1694954,2.165569
IMU,69168317.0,2,-0.8615757,-6.252414,-0.7958315,-0.2145724,-0.3247244,0.07640427
IMU,69209037.0,2,-0.7807969,-5.881278,-0.5584809,0.1664315,0.01225762,-0.07949898
IMU,69248384.0,2,0.08671425,-4.875371,-0.298162,-0.4775393,0.0821602,-0.8460783
IMU,69288834.0,2,0.6776668,-4.297393,-0.2875729,-0.6702914,-0.1427624,-0.8307585
IMU,69328312.0,2,0.8093091,-3.262667,-0.1514565,-3.177204,-0.7854218,-1.221419
IMU,69368281.0,2,0.5027075,-1.928247,1.562727,-6.153079,1.825684,0.3830746
IMU,69409025.0,2,4.642314,-5.063891,1.110025,-5.851496,-9.763916,14.31041
IMU,69448318.0,2,-1.09082,-11.82546,-1.818626,-8.256244,-12.26144,22.81672
IMU,69488879.0,2,-1.121729,-1.369518,-0.970112,15.00232,-3.578101,47.74348
IMU,69528297.0,2,0.7631398,1.335815,-0.7690428,-0.5640915,-0.001231562,-3.587702
IMU,69568266.0,2,0.3741901,1.22864,-0.645411,0.6685389,0.5936521,-1.161509
IMU,69609018.0,2,1.280097,0.5213811,-0.5762585,1.002626,0.4338961,0.3422332
IMU,69648421.0,2,-0.1046645,0.5004573,-0.4749296,1.818705,-0.752474,5.298729
IMU,69688797.0,2,-2.643901,-1.479166,-0.05040683,2.229654,1.446407,37.66538
IMU,69728307.0,2,-0.4034213,0.03223603,-0.04730363,0.1771681,-2.424965,1.768419
IMU,69768297.0,2,0.4199476,0.4151389,0.004139249,1.304746,-2.529764,3.755534
IMU,69809041.0,2,0.3475657,0.2385236,0.09950302,-0.4954242,-3.707629,17.54284
IMU,69848341.0,2,0.2964234,0.1319209,0.06017573,0.2171499,0.5681651,6.895733
IMU,69889048.0,2,-0.1643323,-0.0095456,-0.03939157,-0.3641735,-0.3280979,10.92359
IMU,69928303.0,2,-0.1127735,-0.120029,0.01948377,-0.04819156,-1.44094,8.998157
IMU,69968315.0,2,0.08928075,0.02217391,-0.03412666,0.3848439,-1.030686,10.24866
IMU,70008899.0,2,-0.02489476,0.05392024,0.0365671,-0.03233375,-0.7216098,9.247457
IMU,70048295.0,2,0.005738564,-0.03271452,-0.02086994,-0.0721213,-1.155406,9.822575
IMU,70088669.0,2,0.001300444,0.009066241,0.001546468,0.2335289,-0.8565115,9.695718
IMU,70128496.0,2,-0.001521477,0.006390085,0.004396325,-0.03516142,-1.012341,9.587548
IMU,70169158.0,2,-0.001820643,-0.007517001,-0.005930034,0.1151538,-0.9238493,9.702558
IMU,70208842.0,2,0.002746238,0.009234536,0.002353676,0.07000965,-0.9952627,9.68659
IMU,70249160.0,2,-0.001125957,-0.005038551,-0.001286442,0.04996401,-0.9221122,9.656237
IMU,70288670.0,2,0.0002495312,0.004895634,0.0007120208,0.08895178,-0.9995675,9.655706
IMU,70328667.0,2,0.001744265,-0.001488251,-0.001463684,0.04477726,-0.9493523,9.698609
IMU,70369888.0,2,-0.001044708,0.001043754,0.0004282926,0.08136533,-0.9690036,9.679346
IMU,70409299.0,2,0.0008666867,-0.0001409056,0.0003348646,0.04680152,-0.9574662,9.65799
IMU,70449252.0,2,0.0009022524,0.0006121565,-0.0005328399,0.08138023,-0.9707326,9.663512
IMU,70489268.0,2,0.001125213,0.001793943,-0.0002931367,0.06236773,-0.9598636,9.655039
IMU,70529606.0,2,0.000230925,0.0007379462,-0.0008167714,0.07788628,-0.9659429,9.6668
IMU,70570793.0,2,0.0009275216,0.0008905468,0.000538389,0.07592972,-0.9709955,9.654228
IMU,70610283.0,2,-6.635328e-05,-0.0006338599,-0.0009514485,0.06877915,-0.9735327,9.659213
IMU,70650229.0,2,-6.399221e-06,0.0001366415,-0.0003296708,0.07492574,-0.9626011,9.669954
IMU,70690610.0,2,0.001065509,8.787767e-05,-0.0009352593,0.08037313,-0.9589696,9.662626
IMU,70733518.0,2,0.002199817,0.0006343903,-0.0003852339,0.06480144,-0.9620988,9.660865
IMU,70773529.0,2,0.0002391611,0.0007557385,-0.0005426003,0.07841161,-0.9704716,9.655363
IMU,70813324.0,2,0.001168591,0.0007965974,-0.001141759,0.07204933,-0.9578505,9.642632
IMU,70853798.0,2,0.0004233827,0.0007160741,-0.0007764107,0.07701799,-0.9680327,9.66297
IMU,70893587.0,2,0.001199432,-0.0004553016,-2.385107e-05,0.07895382,-0.9483077,9.668425
IMU,70933704.0,2,-0.0008222831,0.0009019659,0.000352839,0.07430436,-0.9634327,9.659804
IMU,70974456.0,2,0.0005058201,0.0001640377,-0.001106458,0.07718758,-0.9648303,9.649149
IMU,71014647.0,2,0.0002238685,0.0008540688,0.0001381428,0.06334918,-0.9546661,9.657382
IMU,71054510.0,2,0.00029123,-0.0007556073,0.0002826798,0.06931227,-0.9709532,9.681344
IMU,71093901.0,2,0.001855129,0.001091725,-0.000376858,0.07098859,-0.9649184,9.670607
IMU,71134330.0,2,0.002060492,0.000254664,0.0008372692,0.06854355,-0.9590299,9.654488
IMU,71174666.0,2,0.0003135627,0.0009941461,0.0006344432,0.0803094,-0.9578516,9.66516
IMU,71214314.0,2,0.001491439,0.0004770756,-0.0004627446,0.06617624,-0.9637744,9.662614
IMU,71254725.0,2,-0.0002066836,0.0003915687,-0.0001239432,0.06730215,-0.9525278,9.675529
IMU,71294497.0,2,0.0009531985,0.0006693359,-0.0008424743,0.06504706,-0.9691767,9.644994
IMU,71334334.0,2,0.002245162,0.00170766,0.0009254421,0.08569403,-0.9636564,9.675021
IMU,71375233.0,2,0.0008955838,-0.001191906,0.0005938681,0.05308731,-0.9597773,9.646368
IMU,71415629.0,2,5.390953e-05,0.001250783,-0.0003494607,0.06419946,-0.9653202,9.68182
